2024-04-18 13:58:04,527 - root - INFO - {'prefix': 'SR-HGN', 'gpu': 0, 'feat': 1, 'seed': 0, 'verbose': 1, 'train_split': 0.2, 'val_split': 0.3, 'num_type_heads': 4, 'num_node_heads': 4, 'hidden_dim': 32, 'clip': 1.0, 'num_layers': 3, 'alpha': 0.5, 'epochs': 100, 'dataset': 'imdb', 'input_dim': 256, 'aggregate': 'concat', 'iscuda': True, 'cluster': True, 'max_lr': 0.001, 'weight_decay': 1e-05, 'heads': 8, 'han_heads': [4], 'hh_heads': 3, 'dropout': 0.2}
2024-04-18 13:58:05,780 - root - INFO - Training SR-HGN with #param: 5058643
2024-04-18 13:58:07,908 - root - INFO - ARI: 0.0036 | NMI: 0.0041
2024-04-18 13:58:07,908 - root - INFO - Epoch: 1 | LR: 0.0000 | Loss 1.1128 | Val MaF1: 0.1402 (Best: 0.1402) | Test MaF1: 0.1397 (Best: 0.1397) | MiF1: 0.2652 (Best: 0.2652)
2024-04-18 13:58:08,642 - root - INFO - Epoch: 2 | LR: 0.0001 | Loss 1.1099 | Val MaF1: 0.1402 (Best: 0.1402) | Test MaF1: 0.1397 (Best: 0.1397) | MiF1: 0.2652 (Best: 0.2652)
2024-04-18 13:58:09,333 - root - INFO - Epoch: 3 | LR: 0.0001 | Loss 1.1104 | Val MaF1: 0.1402 (Best: 0.1402) | Test MaF1: 0.1397 (Best: 0.1397) | MiF1: 0.2652 (Best: 0.2652)
2024-04-18 13:58:10,023 - root - INFO - Epoch: 4 | LR: 0.0001 | Loss 1.1093 | Val MaF1: 0.1402 (Best: 0.1402) | Test MaF1: 0.1397 (Best: 0.1397) | MiF1: 0.2652 (Best: 0.2652)
2024-04-18 13:58:10,753 - root - INFO - Epoch: 5 | LR: 0.0001 | Loss 1.1062 | Val MaF1: 0.1402 (Best: 0.1402) | Test MaF1: 0.1397 (Best: 0.1397) | MiF1: 0.2652 (Best: 0.2652)
2024-04-18 13:58:11,443 - root - INFO - Epoch: 6 | LR: 0.0001 | Loss 1.1032 | Val MaF1: 0.1402 (Best: 0.1402) | Test MaF1: 0.1397 (Best: 0.1397) | MiF1: 0.2652 (Best: 0.2652)
2024-04-18 13:58:12,653 - root - INFO - ARI: 0.0028 | NMI: 0.0033
2024-04-18 13:58:12,653 - root - INFO - Epoch: 7 | LR: 0.0002 | Loss 1.1019 | Val MaF1: 0.1402 (Best: 0.1402) | Test MaF1: 0.1404 (Best: 0.1404) | MiF1: 0.2652 (Best: 0.2652)
2024-04-18 13:58:13,900 - root - INFO - ARI: 0.0028 | NMI: 0.0033
2024-04-18 13:58:13,900 - root - INFO - Epoch: 8 | LR: 0.0002 | Loss 1.0997 | Val MaF1: 0.1571 (Best: 0.1571) | Test MaF1: 0.1531 (Best: 0.1531) | MiF1: 0.2713 (Best: 0.2713)
2024-04-18 13:58:15,188 - root - INFO - ARI: 0.0028 | NMI: 0.0035
2024-04-18 13:58:15,188 - root - INFO - Epoch: 9 | LR: 0.0003 | Loss 1.0970 | Val MaF1: 0.2582 (Best: 0.2582) | Test MaF1: 0.2379 (Best: 0.2379) | MiF1: 0.3199 (Best: 0.3199)
2024-04-18 13:58:16,421 - root - INFO - ARI: 0.0050 | NMI: 0.0057
2024-04-18 13:58:16,422 - root - INFO - Epoch: 10 | LR: 0.0003 | Loss 1.0939 | Val MaF1: 0.4170 (Best: 0.4170) | Test MaF1: 0.4208 (Best: 0.4208) | MiF1: 0.4818 (Best: 0.4818)
2024-04-18 13:58:17,674 - root - INFO - ARI: 0.0064 | NMI: 0.0076
2024-04-18 13:58:17,674 - root - INFO - Epoch: 11 | LR: 0.0003 | Loss 1.0875 | Val MaF1: 0.4637 (Best: 0.4637) | Test MaF1: 0.4632 (Best: 0.4632) | MiF1: 0.5112 (Best: 0.5112)
2024-04-18 13:58:18,389 - root - INFO - Epoch: 12 | LR: 0.0004 | Loss 1.0823 | Val MaF1: 0.3551 (Best: 0.4637) | Test MaF1: 0.3494 (Best: 0.4632) | MiF1: 0.4570 (Best: 0.5112)
2024-04-18 13:58:19,078 - root - INFO - Epoch: 13 | LR: 0.0004 | Loss 1.0752 | Val MaF1: 0.3235 (Best: 0.4637) | Test MaF1: 0.3352 (Best: 0.4632) | MiF1: 0.4588 (Best: 0.5112)
2024-04-18 13:58:19,769 - root - INFO - Epoch: 14 | LR: 0.0005 | Loss 1.0727 | Val MaF1: 0.3331 (Best: 0.4637) | Test MaF1: 0.3414 (Best: 0.4632) | MiF1: 0.4668 (Best: 0.5112)
2024-04-18 13:58:20,463 - root - INFO - Epoch: 15 | LR: 0.0005 | Loss 1.0656 | Val MaF1: 0.3438 (Best: 0.4637) | Test MaF1: 0.3512 (Best: 0.4632) | MiF1: 0.4757 (Best: 0.5112)
2024-04-18 13:58:21,151 - root - INFO - Epoch: 16 | LR: 0.0006 | Loss 1.0582 | Val MaF1: 0.3641 (Best: 0.4637) | Test MaF1: 0.3610 (Best: 0.4632) | MiF1: 0.4836 (Best: 0.5112)
2024-04-18 13:58:21,887 - root - INFO - Epoch: 17 | LR: 0.0006 | Loss 1.0516 | Val MaF1: 0.3763 (Best: 0.4637) | Test MaF1: 0.3732 (Best: 0.4632) | MiF1: 0.4958 (Best: 0.5112)
2024-04-18 13:58:22,579 - root - INFO - Epoch: 18 | LR: 0.0007 | Loss 1.0401 | Val MaF1: 0.3817 (Best: 0.4637) | Test MaF1: 0.3870 (Best: 0.4632) | MiF1: 0.5094 (Best: 0.5112)
2024-04-18 13:58:23,272 - root - INFO - Epoch: 19 | LR: 0.0007 | Loss 1.0306 | Val MaF1: 0.4007 (Best: 0.4637) | Test MaF1: 0.3978 (Best: 0.4632) | MiF1: 0.5187 (Best: 0.5112)
2024-04-18 13:58:23,962 - root - INFO - Epoch: 20 | LR: 0.0008 | Loss 1.0186 | Val MaF1: 0.4030 (Best: 0.4637) | Test MaF1: 0.4034 (Best: 0.4632) | MiF1: 0.5229 (Best: 0.5112)
2024-04-18 13:58:24,652 - root - INFO - Epoch: 21 | LR: 0.0008 | Loss 1.0046 | Val MaF1: 0.4058 (Best: 0.4637) | Test MaF1: 0.4089 (Best: 0.4632) | MiF1: 0.5271 (Best: 0.5112)
2024-04-18 13:58:25,342 - root - INFO - Epoch: 22 | LR: 0.0009 | Loss 0.9913 | Val MaF1: 0.4200 (Best: 0.4637) | Test MaF1: 0.4186 (Best: 0.4632) | MiF1: 0.5337 (Best: 0.5112)
2024-04-18 13:58:26,032 - root - INFO - Epoch: 23 | LR: 0.0009 | Loss 0.9701 | Val MaF1: 0.4250 (Best: 0.4637) | Test MaF1: 0.4306 (Best: 0.4632) | MiF1: 0.5360 (Best: 0.5112)
2024-04-18 13:58:26,719 - root - INFO - Epoch: 24 | LR: 0.0009 | Loss 0.9456 | Val MaF1: 0.4624 (Best: 0.4637) | Test MaF1: 0.4613 (Best: 0.4632) | MiF1: 0.5486 (Best: 0.5112)
2024-04-18 13:58:27,964 - root - INFO - ARI: 0.3003 | NMI: 0.2764
2024-04-18 13:58:27,964 - root - INFO - Epoch: 25 | LR: 0.0010 | Loss 0.9173 | Val MaF1: 0.5283 (Best: 0.5283) | Test MaF1: 0.5213 (Best: 0.5213) | MiF1: 0.5767 (Best: 0.5767)
2024-04-18 13:58:29,194 - root - INFO - ARI: 0.3195 | NMI: 0.2908
2024-04-18 13:58:29,194 - root - INFO - Epoch: 26 | LR: 0.0010 | Loss 0.8849 | Val MaF1: 0.5870 (Best: 0.5870) | Test MaF1: 0.5843 (Best: 0.5843) | MiF1: 0.6094 (Best: 0.6094)
2024-04-18 13:58:30,423 - root - INFO - ARI: 0.3320 | NMI: 0.3002
2024-04-18 13:58:30,423 - root - INFO - Epoch: 27 | LR: 0.0010 | Loss 0.8516 | Val MaF1: 0.6534 (Best: 0.6534) | Test MaF1: 0.6291 (Best: 0.6291) | MiF1: 0.6338 (Best: 0.6338)
2024-04-18 13:58:31,691 - root - INFO - ARI: 0.3436 | NMI: 0.3082
2024-04-18 13:58:31,691 - root - INFO - Epoch: 28 | LR: 0.0010 | Loss 0.8173 | Val MaF1: 0.6701 (Best: 0.6701) | Test MaF1: 0.6555 (Best: 0.6555) | MiF1: 0.6525 (Best: 0.6525)
2024-04-18 13:58:32,406 - root - INFO - Epoch: 29 | LR: 0.0010 | Loss 0.7822 | Val MaF1: 0.6692 (Best: 0.6701) | Test MaF1: 0.6526 (Best: 0.6555) | MiF1: 0.6506 (Best: 0.6525)
2024-04-18 13:58:33,098 - root - INFO - Epoch: 30 | LR: 0.0010 | Loss 0.7484 | Val MaF1: 0.6634 (Best: 0.6701) | Test MaF1: 0.6521 (Best: 0.6555) | MiF1: 0.6506 (Best: 0.6525)
2024-04-18 13:58:33,790 - root - INFO - Epoch: 31 | LR: 0.0010 | Loss 0.7162 | Val MaF1: 0.6655 (Best: 0.6701) | Test MaF1: 0.6529 (Best: 0.6555) | MiF1: 0.6515 (Best: 0.6525)
2024-04-18 13:58:34,996 - root - INFO - ARI: 0.3841 | NMI: 0.3396
2024-04-18 13:58:34,997 - root - INFO - Epoch: 32 | LR: 0.0010 | Loss 0.6865 | Val MaF1: 0.6702 (Best: 0.6702) | Test MaF1: 0.6571 (Best: 0.6571) | MiF1: 0.6553 (Best: 0.6553)
2024-04-18 13:58:36,263 - root - INFO - ARI: 0.3966 | NMI: 0.3502
2024-04-18 13:58:36,263 - root - INFO - Epoch: 33 | LR: 0.0010 | Loss 0.6543 | Val MaF1: 0.6715 (Best: 0.6715) | Test MaF1: 0.6598 (Best: 0.6598) | MiF1: 0.6581 (Best: 0.6581)
2024-04-18 13:58:37,482 - root - INFO - ARI: 0.4088 | NMI: 0.3603
2024-04-18 13:58:37,482 - root - INFO - Epoch: 34 | LR: 0.0010 | Loss 0.6282 | Val MaF1: 0.6830 (Best: 0.6830) | Test MaF1: 0.6648 (Best: 0.6648) | MiF1: 0.6623 (Best: 0.6623)
2024-04-18 13:58:38,716 - root - INFO - ARI: 0.4111 | NMI: 0.3625
2024-04-18 13:58:38,716 - root - INFO - Epoch: 35 | LR: 0.0010 | Loss 0.6049 | Val MaF1: 0.6835 (Best: 0.6835) | Test MaF1: 0.6664 (Best: 0.6664) | MiF1: 0.6637 (Best: 0.6637)
2024-04-18 13:58:39,974 - root - INFO - ARI: 0.4169 | NMI: 0.3676
2024-04-18 13:58:39,974 - root - INFO - Epoch: 36 | LR: 0.0010 | Loss 0.5820 | Val MaF1: 0.6836 (Best: 0.6836) | Test MaF1: 0.6679 (Best: 0.6679) | MiF1: 0.6656 (Best: 0.6656)
2024-04-18 13:58:40,685 - root - INFO - Epoch: 37 | LR: 0.0010 | Loss 0.5641 | Val MaF1: 0.6831 (Best: 0.6836) | Test MaF1: 0.6671 (Best: 0.6679) | MiF1: 0.6651 (Best: 0.6656)
2024-04-18 13:58:41,375 - root - INFO - Epoch: 38 | LR: 0.0010 | Loss 0.5478 | Val MaF1: 0.6809 (Best: 0.6836) | Test MaF1: 0.6660 (Best: 0.6679) | MiF1: 0.6642 (Best: 0.6656)
2024-04-18 13:58:42,070 - root - INFO - Epoch: 39 | LR: 0.0010 | Loss 0.5290 | Val MaF1: 0.6778 (Best: 0.6836) | Test MaF1: 0.6641 (Best: 0.6679) | MiF1: 0.6623 (Best: 0.6656)
2024-04-18 13:58:42,760 - root - INFO - Epoch: 40 | LR: 0.0009 | Loss 0.5172 | Val MaF1: 0.6807 (Best: 0.6836) | Test MaF1: 0.6622 (Best: 0.6679) | MiF1: 0.6604 (Best: 0.6656)
2024-04-18 13:58:43,452 - root - INFO - Epoch: 41 | LR: 0.0009 | Loss 0.5020 | Val MaF1: 0.6781 (Best: 0.6836) | Test MaF1: 0.6638 (Best: 0.6679) | MiF1: 0.6623 (Best: 0.6656)
2024-04-18 13:58:44,136 - root - INFO - Epoch: 42 | LR: 0.0009 | Loss 0.4913 | Val MaF1: 0.6832 (Best: 0.6836) | Test MaF1: 0.6623 (Best: 0.6679) | MiF1: 0.6604 (Best: 0.6656)
2024-04-18 13:58:44,829 - root - INFO - Epoch: 43 | LR: 0.0009 | Loss 0.4803 | Val MaF1: 0.6814 (Best: 0.6836) | Test MaF1: 0.6646 (Best: 0.6679) | MiF1: 0.6628 (Best: 0.6656)
2024-04-18 13:58:45,564 - root - INFO - Epoch: 44 | LR: 0.0009 | Loss 0.4706 | Val MaF1: 0.6814 (Best: 0.6836) | Test MaF1: 0.6652 (Best: 0.6679) | MiF1: 0.6632 (Best: 0.6656)
2024-04-18 13:58:46,248 - root - INFO - Epoch: 45 | LR: 0.0009 | Loss 0.4616 | Val MaF1: 0.6789 (Best: 0.6836) | Test MaF1: 0.6658 (Best: 0.6679) | MiF1: 0.6642 (Best: 0.6656)
2024-04-18 13:58:46,937 - root - INFO - Epoch: 46 | LR: 0.0009 | Loss 0.4522 | Val MaF1: 0.6797 (Best: 0.6836) | Test MaF1: 0.6619 (Best: 0.6679) | MiF1: 0.6604 (Best: 0.6656)
2024-04-18 13:58:47,626 - root - INFO - Epoch: 47 | LR: 0.0008 | Loss 0.4471 | Val MaF1: 0.6799 (Best: 0.6836) | Test MaF1: 0.6638 (Best: 0.6679) | MiF1: 0.6623 (Best: 0.6656)
2024-04-18 13:58:48,318 - root - INFO - Epoch: 48 | LR: 0.0008 | Loss 0.4393 | Val MaF1: 0.6824 (Best: 0.6836) | Test MaF1: 0.6619 (Best: 0.6679) | MiF1: 0.6604 (Best: 0.6656)
2024-04-18 13:58:49,005 - root - INFO - Epoch: 49 | LR: 0.0008 | Loss 0.4338 | Val MaF1: 0.6798 (Best: 0.6836) | Test MaF1: 0.6632 (Best: 0.6679) | MiF1: 0.6614 (Best: 0.6656)
2024-04-18 13:58:49,695 - root - INFO - Epoch: 50 | LR: 0.0008 | Loss 0.4288 | Val MaF1: 0.6780 (Best: 0.6836) | Test MaF1: 0.6620 (Best: 0.6679) | MiF1: 0.6600 (Best: 0.6656)
2024-04-18 13:58:50,389 - root - INFO - Epoch: 51 | LR: 0.0008 | Loss 0.4233 | Val MaF1: 0.6754 (Best: 0.6836) | Test MaF1: 0.6586 (Best: 0.6679) | MiF1: 0.6567 (Best: 0.6656)
2024-04-18 13:58:51,077 - root - INFO - Epoch: 52 | LR: 0.0008 | Loss 0.4194 | Val MaF1: 0.6754 (Best: 0.6836) | Test MaF1: 0.6571 (Best: 0.6679) | MiF1: 0.6553 (Best: 0.6656)
2024-04-18 13:58:51,769 - root - INFO - Epoch: 53 | LR: 0.0007 | Loss 0.4162 | Val MaF1: 0.6780 (Best: 0.6836) | Test MaF1: 0.6569 (Best: 0.6679) | MiF1: 0.6553 (Best: 0.6656)
2024-04-18 13:58:52,504 - root - INFO - Epoch: 54 | LR: 0.0007 | Loss 0.4124 | Val MaF1: 0.6869 (Best: 0.6836) | Test MaF1: 0.6564 (Best: 0.6679) | MiF1: 0.6548 (Best: 0.6656)
2024-04-18 13:58:53,192 - root - INFO - Epoch: 55 | LR: 0.0007 | Loss 0.4095 | Val MaF1: 0.6893 (Best: 0.6836) | Test MaF1: 0.6580 (Best: 0.6679) | MiF1: 0.6562 (Best: 0.6656)
2024-04-18 13:58:53,901 - root - INFO - Epoch: 56 | LR: 0.0007 | Loss 0.4063 | Val MaF1: 0.6818 (Best: 0.6836) | Test MaF1: 0.6575 (Best: 0.6679) | MiF1: 0.6558 (Best: 0.6656)
2024-04-18 13:58:54,589 - root - INFO - Epoch: 57 | LR: 0.0007 | Loss 0.4036 | Val MaF1: 0.6815 (Best: 0.6836) | Test MaF1: 0.6569 (Best: 0.6679) | MiF1: 0.6553 (Best: 0.6656)
2024-04-18 13:58:55,276 - root - INFO - Epoch: 58 | LR: 0.0006 | Loss 0.4010 | Val MaF1: 0.6815 (Best: 0.6836) | Test MaF1: 0.6573 (Best: 0.6679) | MiF1: 0.6558 (Best: 0.6656)
2024-04-18 13:58:55,974 - root - INFO - Epoch: 59 | LR: 0.0006 | Loss 0.3991 | Val MaF1: 0.6840 (Best: 0.6836) | Test MaF1: 0.6571 (Best: 0.6679) | MiF1: 0.6558 (Best: 0.6656)
2024-04-18 13:58:56,673 - root - INFO - Epoch: 60 | LR: 0.0006 | Loss 0.3969 | Val MaF1: 0.6768 (Best: 0.6836) | Test MaF1: 0.6560 (Best: 0.6679) | MiF1: 0.6548 (Best: 0.6656)
2024-04-18 13:58:57,370 - root - INFO - Epoch: 61 | LR: 0.0006 | Loss 0.3955 | Val MaF1: 0.6768 (Best: 0.6836) | Test MaF1: 0.6538 (Best: 0.6679) | MiF1: 0.6529 (Best: 0.6656)
2024-04-18 13:58:58,060 - root - INFO - Epoch: 62 | LR: 0.0005 | Loss 0.3939 | Val MaF1: 0.6768 (Best: 0.6836) | Test MaF1: 0.6543 (Best: 0.6679) | MiF1: 0.6534 (Best: 0.6656)
2024-04-18 13:58:58,794 - root - INFO - Epoch: 63 | LR: 0.0005 | Loss 0.3919 | Val MaF1: 0.6768 (Best: 0.6836) | Test MaF1: 0.6550 (Best: 0.6679) | MiF1: 0.6539 (Best: 0.6656)
2024-04-18 13:58:59,484 - root - INFO - Epoch: 64 | LR: 0.0005 | Loss 0.3904 | Val MaF1: 0.6768 (Best: 0.6836) | Test MaF1: 0.6547 (Best: 0.6679) | MiF1: 0.6534 (Best: 0.6656)
2024-04-18 13:59:00,181 - root - INFO - Epoch: 65 | LR: 0.0005 | Loss 0.3886 | Val MaF1: 0.6721 (Best: 0.6836) | Test MaF1: 0.6549 (Best: 0.6679) | MiF1: 0.6539 (Best: 0.6656)
2024-04-18 13:59:00,872 - root - INFO - Epoch: 66 | LR: 0.0005 | Loss 0.3872 | Val MaF1: 0.6741 (Best: 0.6836) | Test MaF1: 0.6535 (Best: 0.6679) | MiF1: 0.6525 (Best: 0.6656)
2024-04-18 13:59:01,562 - root - INFO - Epoch: 67 | LR: 0.0004 | Loss 0.3865 | Val MaF1: 0.6741 (Best: 0.6836) | Test MaF1: 0.6539 (Best: 0.6679) | MiF1: 0.6529 (Best: 0.6656)
2024-04-18 13:59:02,268 - root - INFO - Epoch: 68 | LR: 0.0004 | Loss 0.3855 | Val MaF1: 0.6721 (Best: 0.6836) | Test MaF1: 0.6521 (Best: 0.6679) | MiF1: 0.6511 (Best: 0.6656)
2024-04-18 13:59:02,954 - root - INFO - Epoch: 69 | LR: 0.0004 | Loss 0.3843 | Val MaF1: 0.6697 (Best: 0.6836) | Test MaF1: 0.6510 (Best: 0.6679) | MiF1: 0.6501 (Best: 0.6656)
2024-04-18 13:59:03,642 - root - INFO - Epoch: 70 | LR: 0.0004 | Loss 0.3844 | Val MaF1: 0.6694 (Best: 0.6836) | Test MaF1: 0.6514 (Best: 0.6679) | MiF1: 0.6506 (Best: 0.6656)
2024-04-18 13:59:04,334 - root - INFO - Epoch: 71 | LR: 0.0003 | Loss 0.3836 | Val MaF1: 0.6694 (Best: 0.6836) | Test MaF1: 0.6525 (Best: 0.6679) | MiF1: 0.6515 (Best: 0.6656)
2024-04-18 13:59:05,021 - root - INFO - Epoch: 72 | LR: 0.0003 | Loss 0.3821 | Val MaF1: 0.6694 (Best: 0.6836) | Test MaF1: 0.6519 (Best: 0.6679) | MiF1: 0.6511 (Best: 0.6656)
2024-04-18 13:59:05,706 - root - INFO - Epoch: 73 | LR: 0.0003 | Loss 0.3808 | Val MaF1: 0.6694 (Best: 0.6836) | Test MaF1: 0.6520 (Best: 0.6679) | MiF1: 0.6511 (Best: 0.6656)
2024-04-18 13:59:06,438 - root - INFO - Epoch: 74 | LR: 0.0003 | Loss 0.3808 | Val MaF1: 0.6697 (Best: 0.6836) | Test MaF1: 0.6520 (Best: 0.6679) | MiF1: 0.6511 (Best: 0.6656)
2024-04-18 13:59:07,131 - root - INFO - Epoch: 75 | LR: 0.0003 | Loss 0.3806 | Val MaF1: 0.6697 (Best: 0.6836) | Test MaF1: 0.6524 (Best: 0.6679) | MiF1: 0.6515 (Best: 0.6656)
2024-04-18 13:59:07,820 - root - INFO - Epoch: 76 | LR: 0.0002 | Loss 0.3804 | Val MaF1: 0.6697 (Best: 0.6836) | Test MaF1: 0.6524 (Best: 0.6679) | MiF1: 0.6515 (Best: 0.6656)
2024-04-18 13:59:08,506 - root - INFO - Epoch: 77 | LR: 0.0002 | Loss 0.3797 | Val MaF1: 0.6697 (Best: 0.6836) | Test MaF1: 0.6532 (Best: 0.6679) | MiF1: 0.6525 (Best: 0.6656)
2024-04-18 13:59:09,197 - root - INFO - Epoch: 78 | LR: 0.0002 | Loss 0.3793 | Val MaF1: 0.6697 (Best: 0.6836) | Test MaF1: 0.6541 (Best: 0.6679) | MiF1: 0.6534 (Best: 0.6656)
2024-04-18 13:59:09,887 - root - INFO - Epoch: 79 | LR: 0.0002 | Loss 0.3786 | Val MaF1: 0.6697 (Best: 0.6836) | Test MaF1: 0.6532 (Best: 0.6679) | MiF1: 0.6525 (Best: 0.6656)
2024-04-18 13:59:10,576 - root - INFO - Epoch: 80 | LR: 0.0002 | Loss 0.3790 | Val MaF1: 0.6697 (Best: 0.6836) | Test MaF1: 0.6532 (Best: 0.6679) | MiF1: 0.6525 (Best: 0.6656)
2024-04-18 13:59:11,270 - root - INFO - Epoch: 81 | LR: 0.0002 | Loss 0.3778 | Val MaF1: 0.6697 (Best: 0.6836) | Test MaF1: 0.6531 (Best: 0.6679) | MiF1: 0.6525 (Best: 0.6656)
2024-04-18 13:59:11,964 - root - INFO - Epoch: 82 | LR: 0.0001 | Loss 0.3779 | Val MaF1: 0.6697 (Best: 0.6836) | Test MaF1: 0.6527 (Best: 0.6679) | MiF1: 0.6520 (Best: 0.6656)
2024-04-18 13:59:12,654 - root - INFO - Epoch: 83 | LR: 0.0001 | Loss 0.3778 | Val MaF1: 0.6697 (Best: 0.6836) | Test MaF1: 0.6523 (Best: 0.6679) | MiF1: 0.6515 (Best: 0.6656)
2024-04-18 13:59:13,397 - root - INFO - Epoch: 84 | LR: 0.0001 | Loss 0.3771 | Val MaF1: 0.6675 (Best: 0.6836) | Test MaF1: 0.6519 (Best: 0.6679) | MiF1: 0.6511 (Best: 0.6656)
2024-04-18 13:59:14,086 - root - INFO - Epoch: 85 | LR: 0.0001 | Loss 0.3780 | Val MaF1: 0.6675 (Best: 0.6836) | Test MaF1: 0.6514 (Best: 0.6679) | MiF1: 0.6506 (Best: 0.6656)
2024-04-18 13:59:14,772 - root - INFO - Epoch: 86 | LR: 0.0001 | Loss 0.3769 | Val MaF1: 0.6675 (Best: 0.6836) | Test MaF1: 0.6514 (Best: 0.6679) | MiF1: 0.6506 (Best: 0.6656)
2024-04-18 13:59:15,464 - root - INFO - Epoch: 87 | LR: 0.0001 | Loss 0.3769 | Val MaF1: 0.6675 (Best: 0.6836) | Test MaF1: 0.6514 (Best: 0.6679) | MiF1: 0.6506 (Best: 0.6656)
2024-04-18 13:59:16,151 - root - INFO - Epoch: 88 | LR: 0.0001 | Loss 0.3770 | Val MaF1: 0.6675 (Best: 0.6836) | Test MaF1: 0.6520 (Best: 0.6679) | MiF1: 0.6511 (Best: 0.6656)
2024-04-18 13:59:16,840 - root - INFO - Epoch: 89 | LR: 0.0000 | Loss 0.3768 | Val MaF1: 0.6675 (Best: 0.6836) | Test MaF1: 0.6520 (Best: 0.6679) | MiF1: 0.6511 (Best: 0.6656)
2024-04-18 13:59:17,530 - root - INFO - Epoch: 90 | LR: 0.0000 | Loss 0.3759 | Val MaF1: 0.6675 (Best: 0.6836) | Test MaF1: 0.6520 (Best: 0.6679) | MiF1: 0.6511 (Best: 0.6656)
2024-04-18 13:59:18,218 - root - INFO - Epoch: 91 | LR: 0.0000 | Loss 0.3766 | Val MaF1: 0.6675 (Best: 0.6836) | Test MaF1: 0.6520 (Best: 0.6679) | MiF1: 0.6511 (Best: 0.6656)
2024-04-18 13:59:18,905 - root - INFO - Epoch: 92 | LR: 0.0000 | Loss 0.3762 | Val MaF1: 0.6675 (Best: 0.6836) | Test MaF1: 0.6520 (Best: 0.6679) | MiF1: 0.6511 (Best: 0.6656)
2024-04-18 13:59:19,594 - root - INFO - Epoch: 93 | LR: 0.0000 | Loss 0.3768 | Val MaF1: 0.6675 (Best: 0.6836) | Test MaF1: 0.6520 (Best: 0.6679) | MiF1: 0.6511 (Best: 0.6656)
2024-04-18 13:59:20,330 - root - INFO - Epoch: 94 | LR: 0.0000 | Loss 0.3768 | Val MaF1: 0.6675 (Best: 0.6836) | Test MaF1: 0.6520 (Best: 0.6679) | MiF1: 0.6511 (Best: 0.6656)
2024-04-18 13:59:21,024 - root - INFO - Epoch: 95 | LR: 0.0000 | Loss 0.3762 | Val MaF1: 0.6675 (Best: 0.6836) | Test MaF1: 0.6520 (Best: 0.6679) | MiF1: 0.6511 (Best: 0.6656)
2024-04-18 13:59:21,714 - root - INFO - Epoch: 96 | LR: 0.0000 | Loss 0.3760 | Val MaF1: 0.6675 (Best: 0.6836) | Test MaF1: 0.6520 (Best: 0.6679) | MiF1: 0.6511 (Best: 0.6656)
2024-04-18 13:59:22,403 - root - INFO - Epoch: 97 | LR: 0.0000 | Loss 0.3759 | Val MaF1: 0.6675 (Best: 0.6836) | Test MaF1: 0.6520 (Best: 0.6679) | MiF1: 0.6511 (Best: 0.6656)
2024-04-18 13:59:23,090 - root - INFO - Epoch: 98 | LR: 0.0000 | Loss 0.3765 | Val MaF1: 0.6675 (Best: 0.6836) | Test MaF1: 0.6520 (Best: 0.6679) | MiF1: 0.6511 (Best: 0.6656)
2024-04-18 13:59:23,780 - root - INFO - Epoch: 99 | LR: 0.0000 | Loss 0.3763 | Val MaF1: 0.6675 (Best: 0.6836) | Test MaF1: 0.6520 (Best: 0.6679) | MiF1: 0.6511 (Best: 0.6656)
2024-04-18 13:59:24,471 - root - INFO - Epoch: 100 | LR: 0.0000 | Loss 0.3763 | Val MaF1: 0.6675 (Best: 0.6836) | Test MaF1: 0.6520 (Best: 0.6679) | MiF1: 0.6511 (Best: 0.6656)
2024-04-18 13:59:24,471 - root - INFO - Best Epoch: 36 | Train MiF1: 0.9527,  MaF1: 0.9516 | Val MiF1: 0.6822, MaF1: 0.6836 | Test MaF1: 0.6679, MiF1: 0.6656
2024-04-18 13:59:24,905 - root - INFO - ARI: 0.4169 | NMI: 0.3676
