2024-04-19 01:12:27,907 - root - INFO - {'prefix': 'SR-HGN', 'gpu': 0, 'feat': 1, 'seed': 0, 'verbose': 1, 'train_split': 0.2, 'val_split': 0.3, 'num_type_heads': 4, 'num_node_heads': 4, 'hidden_dim': 256, 'clip': 1.0, 'num_layers': 3, 'alpha': 0.5, 'epochs': 60, 'dataset': 'acm', 'input_dim': 256, 'aggregate': 'concat', 'iscuda': True, 'cluster': True, 'max_lr': 0.001, 'weight_decay': 1e-05, 'heads': 8, 'han_heads': [4], 'hh_heads': 3, 'dropout': 0.2}
2024-04-19 01:12:31,062 - root - INFO - Training SR-HGN with #param: 35601299
2024-04-19 01:12:34,954 - root - INFO - ARI: 0.0648 | NMI: 0.0656
2024-04-19 01:12:34,954 - root - INFO - Epoch: 1 | LR: 0.0000 | Loss 1.0978 | Val MaF1: 0.2204 (Best: 0.2204) | Test MaF1: 0.2220 (Best: 0.2220) | MiF1: 0.4961 (Best: 0.4961)
2024-04-19 01:12:35,971 - root - INFO - Epoch: 2 | LR: 0.0001 | Loss 1.0714 | Val MaF1: 0.2204 (Best: 0.2204) | Test MaF1: 0.2210 (Best: 0.2220) | MiF1: 0.4957 (Best: 0.4961)
2024-04-19 01:12:36,987 - root - INFO - Epoch: 3 | LR: 0.0001 | Loss 1.0504 | Val MaF1: 0.2204 (Best: 0.2204) | Test MaF1: 0.2210 (Best: 0.2220) | MiF1: 0.4957 (Best: 0.4961)
2024-04-19 01:12:37,938 - root - INFO - Epoch: 4 | LR: 0.0002 | Loss 1.0270 | Val MaF1: 0.2204 (Best: 0.2204) | Test MaF1: 0.2210 (Best: 0.2220) | MiF1: 0.4957 (Best: 0.4961)
2024-04-19 01:12:38,889 - root - INFO - Epoch: 5 | LR: 0.0002 | Loss 1.0050 | Val MaF1: 0.2204 (Best: 0.2204) | Test MaF1: 0.2210 (Best: 0.2220) | MiF1: 0.4957 (Best: 0.4961)
2024-04-19 01:12:39,844 - root - INFO - Epoch: 6 | LR: 0.0003 | Loss 0.9860 | Val MaF1: 0.2204 (Best: 0.2204) | Test MaF1: 0.2210 (Best: 0.2220) | MiF1: 0.4957 (Best: 0.4961)
2024-04-19 01:12:40,812 - root - INFO - Epoch: 7 | LR: 0.0004 | Loss 0.9576 | Val MaF1: 0.2204 (Best: 0.2204) | Test MaF1: 0.2210 (Best: 0.2220) | MiF1: 0.4957 (Best: 0.4961)
2024-04-19 01:12:42,497 - root - INFO - ARI: 0.6538 | NMI: 0.6561
2024-04-19 01:12:42,497 - root - INFO - Epoch: 8 | LR: 0.0005 | Loss 0.9052 | Val MaF1: 0.2204 (Best: 0.2204) | Test MaF1: 0.2220 (Best: 0.2220) | MiF1: 0.4961 (Best: 0.4961)
2024-04-19 01:12:44,290 - root - INFO - ARI: 0.6646 | NMI: 0.6586
2024-04-19 01:12:44,290 - root - INFO - Epoch: 9 | LR: 0.0006 | Loss 0.8628 | Val MaF1: 0.2615 (Best: 0.2615) | Test MaF1: 0.2659 (Best: 0.2659) | MiF1: 0.5121 (Best: 0.5121)
2024-04-19 01:12:46,017 - root - INFO - ARI: 0.7425 | NMI: 0.7054
2024-04-19 01:12:46,018 - root - INFO - Epoch: 10 | LR: 0.0007 | Loss 0.8100 | Val MaF1: 0.5756 (Best: 0.5756) | Test MaF1: 0.5332 (Best: 0.5332) | MiF1: 0.6410 (Best: 0.6410)
2024-04-19 01:12:47,796 - root - INFO - ARI: 0.7527 | NMI: 0.7122
2024-04-19 01:12:47,796 - root - INFO - Epoch: 11 | LR: 0.0007 | Loss 0.7393 | Val MaF1: 0.8465 (Best: 0.8465) | Test MaF1: 0.8432 (Best: 0.8432) | MiF1: 0.8509 (Best: 0.8509)
2024-04-19 01:12:49,512 - root - INFO - ARI: 0.7723 | NMI: 0.7277
2024-04-19 01:12:49,513 - root - INFO - Epoch: 12 | LR: 0.0008 | Loss 0.6820 | Val MaF1: 0.9290 (Best: 0.9290) | Test MaF1: 0.9199 (Best: 0.9199) | MiF1: 0.9190 (Best: 0.9190)
2024-04-19 01:12:50,509 - root - INFO - Epoch: 13 | LR: 0.0009 | Loss 0.6135 | Val MaF1: 0.9162 (Best: 0.9290) | Test MaF1: 0.9130 (Best: 0.9199) | MiF1: 0.9105 (Best: 0.9190)
2024-04-19 01:12:51,471 - root - INFO - Epoch: 14 | LR: 0.0009 | Loss 0.5993 | Val MaF1: 0.9094 (Best: 0.9290) | Test MaF1: 0.9137 (Best: 0.9199) | MiF1: 0.9155 (Best: 0.9190)
2024-04-19 01:12:52,457 - root - INFO - Epoch: 15 | LR: 0.0010 | Loss 0.5286 | Val MaF1: 0.8823 (Best: 0.9290) | Test MaF1: 0.8907 (Best: 0.9199) | MiF1: 0.8952 (Best: 0.9190)
2024-04-19 01:12:54,201 - root - INFO - ARI: 0.8044 | NMI: 0.7622
2024-04-19 01:12:54,201 - root - INFO - Epoch: 16 | LR: 0.0010 | Loss 0.5137 | Val MaF1: 0.9357 (Best: 0.9357) | Test MaF1: 0.9278 (Best: 0.9278) | MiF1: 0.9290 (Best: 0.9290)
2024-04-19 01:12:55,919 - root - INFO - ARI: 0.8035 | NMI: 0.7680
2024-04-19 01:12:55,920 - root - INFO - Epoch: 17 | LR: 0.0010 | Loss 0.4729 | Val MaF1: 0.9291 (Best: 0.9291) | Test MaF1: 0.9338 (Best: 0.9338) | MiF1: 0.9322 (Best: 0.9322)
2024-04-19 01:12:57,670 - root - INFO - ARI: 0.8163 | NMI: 0.7807
2024-04-19 01:12:57,670 - root - INFO - Epoch: 18 | LR: 0.0010 | Loss 0.4560 | Val MaF1: 0.9289 (Best: 0.9289) | Test MaF1: 0.9351 (Best: 0.9351) | MiF1: 0.9332 (Best: 0.9332)
2024-04-19 01:12:59,451 - root - INFO - ARI: 0.8383 | NMI: 0.7891
2024-04-19 01:12:59,451 - root - INFO - Epoch: 19 | LR: 0.0010 | Loss 0.4407 | Val MaF1: 0.9400 (Best: 0.9400) | Test MaF1: 0.9397 (Best: 0.9397) | MiF1: 0.9396 (Best: 0.9396)
2024-04-19 01:13:01,232 - root - INFO - ARI: 0.8471 | NMI: 0.7942
2024-04-19 01:13:01,232 - root - INFO - Epoch: 20 | LR: 0.0010 | Loss 0.4256 | Val MaF1: 0.9463 (Best: 0.9463) | Test MaF1: 0.9405 (Best: 0.9405) | MiF1: 0.9414 (Best: 0.9414)
2024-04-19 01:13:02,236 - root - INFO - Epoch: 21 | LR: 0.0010 | Loss 0.4166 | Val MaF1: 0.9362 (Best: 0.9463) | Test MaF1: 0.9385 (Best: 0.9405) | MiF1: 0.9389 (Best: 0.9414)
2024-04-19 01:13:03,241 - root - INFO - Epoch: 22 | LR: 0.0010 | Loss 0.4057 | Val MaF1: 0.9388 (Best: 0.9463) | Test MaF1: 0.9387 (Best: 0.9405) | MiF1: 0.9389 (Best: 0.9414)
2024-04-19 01:13:04,953 - root - INFO - ARI: 0.8513 | NMI: 0.8048
2024-04-19 01:13:04,953 - root - INFO - Epoch: 23 | LR: 0.0010 | Loss 0.3990 | Val MaF1: 0.9438 (Best: 0.9438) | Test MaF1: 0.9406 (Best: 0.9406) | MiF1: 0.9407 (Best: 0.9407)
2024-04-19 01:13:05,961 - root - INFO - Epoch: 24 | LR: 0.0009 | Loss 0.3931 | Val MaF1: 0.9368 (Best: 0.9438) | Test MaF1: 0.9406 (Best: 0.9406) | MiF1: 0.9407 (Best: 0.9407)
2024-04-19 01:13:07,664 - root - INFO - ARI: 0.8457 | NMI: 0.7974
2024-04-19 01:13:07,664 - root - INFO - Epoch: 25 | LR: 0.0009 | Loss 0.3870 | Val MaF1: 0.9386 (Best: 0.9386) | Test MaF1: 0.9419 (Best: 0.9419) | MiF1: 0.9421 (Best: 0.9421)
2024-04-19 01:13:08,706 - root - INFO - Epoch: 26 | LR: 0.0009 | Loss 0.3811 | Val MaF1: 0.9384 (Best: 0.9386) | Test MaF1: 0.9404 (Best: 0.9419) | MiF1: 0.9407 (Best: 0.9421)
2024-04-19 01:13:09,664 - root - INFO - Epoch: 27 | LR: 0.0009 | Loss 0.3764 | Val MaF1: 0.9382 (Best: 0.9386) | Test MaF1: 0.9400 (Best: 0.9419) | MiF1: 0.9403 (Best: 0.9421)
2024-04-19 01:13:10,627 - root - INFO - Epoch: 28 | LR: 0.0008 | Loss 0.3731 | Val MaF1: 0.9362 (Best: 0.9386) | Test MaF1: 0.9358 (Best: 0.9419) | MiF1: 0.9364 (Best: 0.9421)
2024-04-19 01:13:11,588 - root - INFO - Epoch: 29 | LR: 0.0008 | Loss 0.3716 | Val MaF1: 0.9337 (Best: 0.9386) | Test MaF1: 0.9346 (Best: 0.9419) | MiF1: 0.9354 (Best: 0.9421)
2024-04-19 01:13:12,565 - root - INFO - Epoch: 30 | LR: 0.0008 | Loss 0.3684 | Val MaF1: 0.9362 (Best: 0.9386) | Test MaF1: 0.9357 (Best: 0.9419) | MiF1: 0.9364 (Best: 0.9421)
2024-04-19 01:13:13,531 - root - INFO - Epoch: 31 | LR: 0.0008 | Loss 0.3661 | Val MaF1: 0.9413 (Best: 0.9386) | Test MaF1: 0.9388 (Best: 0.9419) | MiF1: 0.9393 (Best: 0.9421)
2024-04-19 01:13:14,487 - root - INFO - Epoch: 32 | LR: 0.0007 | Loss 0.3634 | Val MaF1: 0.9438 (Best: 0.9386) | Test MaF1: 0.9396 (Best: 0.9419) | MiF1: 0.9400 (Best: 0.9421)
2024-04-19 01:13:15,491 - root - INFO - Epoch: 33 | LR: 0.0007 | Loss 0.3619 | Val MaF1: 0.9439 (Best: 0.9386) | Test MaF1: 0.9405 (Best: 0.9419) | MiF1: 0.9407 (Best: 0.9421)
2024-04-19 01:13:16,463 - root - INFO - Epoch: 34 | LR: 0.0006 | Loss 0.3602 | Val MaF1: 0.9462 (Best: 0.9386) | Test MaF1: 0.9403 (Best: 0.9419) | MiF1: 0.9403 (Best: 0.9421)
2024-04-19 01:13:17,433 - root - INFO - Epoch: 35 | LR: 0.0006 | Loss 0.3593 | Val MaF1: 0.9465 (Best: 0.9386) | Test MaF1: 0.9410 (Best: 0.9419) | MiF1: 0.9411 (Best: 0.9421)
2024-04-19 01:13:18,384 - root - INFO - Epoch: 36 | LR: 0.0006 | Loss 0.3577 | Val MaF1: 0.9462 (Best: 0.9386) | Test MaF1: 0.9416 (Best: 0.9419) | MiF1: 0.9418 (Best: 0.9421)
2024-04-19 01:13:19,337 - root - INFO - Epoch: 37 | LR: 0.0005 | Loss 0.3571 | Val MaF1: 0.9462 (Best: 0.9386) | Test MaF1: 0.9406 (Best: 0.9419) | MiF1: 0.9407 (Best: 0.9421)
2024-04-19 01:13:20,301 - root - INFO - Epoch: 38 | LR: 0.0005 | Loss 0.3556 | Val MaF1: 0.9462 (Best: 0.9386) | Test MaF1: 0.9398 (Best: 0.9419) | MiF1: 0.9400 (Best: 0.9421)
2024-04-19 01:13:21,260 - root - INFO - Epoch: 39 | LR: 0.0005 | Loss 0.3551 | Val MaF1: 0.9411 (Best: 0.9386) | Test MaF1: 0.9383 (Best: 0.9419) | MiF1: 0.9386 (Best: 0.9421)
2024-04-19 01:13:22,263 - root - INFO - Epoch: 40 | LR: 0.0004 | Loss 0.3545 | Val MaF1: 0.9376 (Best: 0.9386) | Test MaF1: 0.9356 (Best: 0.9419) | MiF1: 0.9361 (Best: 0.9421)
2024-04-19 01:13:23,220 - root - INFO - Epoch: 41 | LR: 0.0004 | Loss 0.3539 | Val MaF1: 0.9325 (Best: 0.9386) | Test MaF1: 0.9353 (Best: 0.9419) | MiF1: 0.9361 (Best: 0.9421)
2024-04-19 01:13:24,172 - root - INFO - Epoch: 42 | LR: 0.0004 | Loss 0.3537 | Val MaF1: 0.9302 (Best: 0.9386) | Test MaF1: 0.9347 (Best: 0.9419) | MiF1: 0.9354 (Best: 0.9421)
2024-04-19 01:13:25,132 - root - INFO - Epoch: 43 | LR: 0.0003 | Loss 0.3529 | Val MaF1: 0.9276 (Best: 0.9386) | Test MaF1: 0.9347 (Best: 0.9419) | MiF1: 0.9354 (Best: 0.9421)
2024-04-19 01:13:26,089 - root - INFO - Epoch: 44 | LR: 0.0003 | Loss 0.3528 | Val MaF1: 0.9276 (Best: 0.9386) | Test MaF1: 0.9354 (Best: 0.9419) | MiF1: 0.9361 (Best: 0.9421)
2024-04-19 01:13:27,041 - root - INFO - Epoch: 45 | LR: 0.0003 | Loss 0.3526 | Val MaF1: 0.9276 (Best: 0.9386) | Test MaF1: 0.9351 (Best: 0.9419) | MiF1: 0.9357 (Best: 0.9421)
2024-04-19 01:13:28,000 - root - INFO - Epoch: 46 | LR: 0.0002 | Loss 0.3521 | Val MaF1: 0.9302 (Best: 0.9386) | Test MaF1: 0.9351 (Best: 0.9419) | MiF1: 0.9357 (Best: 0.9421)
2024-04-19 01:13:29,014 - root - INFO - Epoch: 47 | LR: 0.0002 | Loss 0.3515 | Val MaF1: 0.9328 (Best: 0.9386) | Test MaF1: 0.9362 (Best: 0.9419) | MiF1: 0.9368 (Best: 0.9421)
2024-04-19 01:13:29,983 - root - INFO - Epoch: 48 | LR: 0.0002 | Loss 0.3516 | Val MaF1: 0.9353 (Best: 0.9386) | Test MaF1: 0.9363 (Best: 0.9419) | MiF1: 0.9368 (Best: 0.9421)
2024-04-19 01:13:30,947 - root - INFO - Epoch: 49 | LR: 0.0001 | Loss 0.3512 | Val MaF1: 0.9353 (Best: 0.9386) | Test MaF1: 0.9367 (Best: 0.9419) | MiF1: 0.9371 (Best: 0.9421)
2024-04-19 01:13:31,903 - root - INFO - Epoch: 50 | LR: 0.0001 | Loss 0.3514 | Val MaF1: 0.9353 (Best: 0.9386) | Test MaF1: 0.9367 (Best: 0.9419) | MiF1: 0.9371 (Best: 0.9421)
2024-04-19 01:13:32,881 - root - INFO - Epoch: 51 | LR: 0.0001 | Loss 0.3508 | Val MaF1: 0.9353 (Best: 0.9386) | Test MaF1: 0.9367 (Best: 0.9419) | MiF1: 0.9371 (Best: 0.9421)
2024-04-19 01:13:33,836 - root - INFO - Epoch: 52 | LR: 0.0001 | Loss 0.3507 | Val MaF1: 0.9353 (Best: 0.9386) | Test MaF1: 0.9367 (Best: 0.9419) | MiF1: 0.9371 (Best: 0.9421)
2024-04-19 01:13:34,789 - root - INFO - Epoch: 53 | LR: 0.0000 | Loss 0.3511 | Val MaF1: 0.9353 (Best: 0.9386) | Test MaF1: 0.9367 (Best: 0.9419) | MiF1: 0.9371 (Best: 0.9421)
2024-04-19 01:13:35,787 - root - INFO - Epoch: 54 | LR: 0.0000 | Loss 0.3510 | Val MaF1: 0.9353 (Best: 0.9386) | Test MaF1: 0.9372 (Best: 0.9419) | MiF1: 0.9375 (Best: 0.9421)
2024-04-19 01:13:36,743 - root - INFO - Epoch: 55 | LR: 0.0000 | Loss 0.3505 | Val MaF1: 0.9353 (Best: 0.9386) | Test MaF1: 0.9372 (Best: 0.9419) | MiF1: 0.9375 (Best: 0.9421)
2024-04-19 01:13:37,696 - root - INFO - Epoch: 56 | LR: 0.0000 | Loss 0.3507 | Val MaF1: 0.9353 (Best: 0.9386) | Test MaF1: 0.9377 (Best: 0.9419) | MiF1: 0.9379 (Best: 0.9421)
2024-04-19 01:13:38,655 - root - INFO - Epoch: 57 | LR: 0.0000 | Loss 0.3505 | Val MaF1: 0.9353 (Best: 0.9386) | Test MaF1: 0.9377 (Best: 0.9419) | MiF1: 0.9379 (Best: 0.9421)
2024-04-19 01:13:39,609 - root - INFO - Epoch: 58 | LR: 0.0000 | Loss 0.3508 | Val MaF1: 0.9353 (Best: 0.9386) | Test MaF1: 0.9377 (Best: 0.9419) | MiF1: 0.9379 (Best: 0.9421)
2024-04-19 01:13:40,582 - root - INFO - Epoch: 59 | LR: 0.0000 | Loss 0.3508 | Val MaF1: 0.9353 (Best: 0.9386) | Test MaF1: 0.9377 (Best: 0.9419) | MiF1: 0.9379 (Best: 0.9421)
2024-04-19 01:13:41,543 - root - INFO - Epoch: 60 | LR: 0.0000 | Loss 0.3505 | Val MaF1: 0.9353 (Best: 0.9386) | Test MaF1: 0.9377 (Best: 0.9419) | MiF1: 0.9379 (Best: 0.9421)
2024-04-19 01:13:41,544 - root - INFO - Best Epoch: 25 | Train MiF1: 0.9901,  MaF1: 0.9905 | Val MiF1: 0.9377, MaF1: 0.9386 | Test MaF1: 0.9419, MiF1: 0.9421
2024-04-19 01:13:42,123 - root - INFO - ARI: 0.8457 | NMI: 0.7974
