2024-04-22 21:49:04,568 - root - INFO - {'prefix': 'SR-HGN', 'gpu': 0, 'feat': 1, 'seed': 0, 'verbose': 1, 'train_split': 0.2, 'val_split': 0.3, 'num_type_heads': 4, 'num_node_heads': 4, 'hidden_dim': 256, 'clip': 1.0, 'num_layers': 1, 'alpha': 0.5, 'epochs': 40, 'dataset': 'dblp', 'input_dim': 256, 'aggregate': 'concat', 'iscuda': True, 'cluster': True, 'max_lr': 0.001, 'weight_decay': 1e-05, 'heads': 1, 'han_heads': [4], 'hh_heads': 3, 'dropout': 0.2}
2024-04-22 21:49:07,469 - root - INFO - Training SR-HGN with #param: 8637132
2024-04-22 21:49:11,103 - root - INFO - ARI: 0.0158 | NMI: 0.0179
2024-04-22 21:49:11,104 - root - INFO - Epoch: 1 | LR: 0.0001 | Loss 1.3895 | Val MaF1: 0.2468 (Best: 0.2468) | Test MaF1: 0.2837 (Best: 0.2837) | MiF1: 0.2931 (Best: 0.2931)
2024-04-22 21:49:11,923 - root - INFO - ARI: 0.1137 | NMI: 0.1085
2024-04-22 21:49:11,924 - root - INFO - Epoch: 2 | LR: 0.0001 | Loss 1.3828 | Val MaF1: 0.4329 (Best: 0.4329) | Test MaF1: 0.4527 (Best: 0.4527) | MiF1: 0.4995 (Best: 0.4995)
2024-04-22 21:49:12,466 - root - INFO - Epoch: 3 | LR: 0.0002 | Loss 1.3744 | Val MaF1: 0.4332 (Best: 0.4329) | Test MaF1: 0.4250 (Best: 0.4527) | MiF1: 0.5336 (Best: 0.4995)
2024-04-22 21:49:12,994 - root - INFO - Epoch: 4 | LR: 0.0003 | Loss 1.3587 | Val MaF1: 0.4243 (Best: 0.4329) | Test MaF1: 0.4132 (Best: 0.4527) | MiF1: 0.5153 (Best: 0.4995)
2024-04-22 21:49:13,761 - root - INFO - ARI: 0.5159 | NMI: 0.5282
2024-04-22 21:49:13,761 - root - INFO - Epoch: 5 | LR: 0.0005 | Loss 1.3358 | Val MaF1: 0.4547 (Best: 0.4547) | Test MaF1: 0.4561 (Best: 0.4561) | MiF1: 0.5505 (Best: 0.5505)
2024-04-22 21:49:14,573 - root - INFO - ARI: 0.5315 | NMI: 0.5383
2024-04-22 21:49:14,574 - root - INFO - Epoch: 6 | LR: 0.0006 | Loss 1.3035 | Val MaF1: 0.5586 (Best: 0.5586) | Test MaF1: 0.5624 (Best: 0.5624) | MiF1: 0.6657 (Best: 0.6657)
2024-04-22 21:49:15,370 - root - INFO - ARI: 0.6807 | NMI: 0.6234
2024-04-22 21:49:15,371 - root - INFO - Epoch: 7 | LR: 0.0007 | Loss 1.2618 | Val MaF1: 0.6691 (Best: 0.6691) | Test MaF1: 0.6720 (Best: 0.6720) | MiF1: 0.7591 (Best: 0.7591)
2024-04-22 21:49:16,150 - root - INFO - ARI: 0.7290 | NMI: 0.6685
2024-04-22 21:49:16,150 - root - INFO - Epoch: 8 | LR: 0.0008 | Loss 1.2032 | Val MaF1: 0.8692 (Best: 0.8692) | Test MaF1: 0.8427 (Best: 0.8427) | MiF1: 0.8619 (Best: 0.8619)
2024-04-22 21:49:16,937 - root - INFO - ARI: 0.7515 | NMI: 0.6840
2024-04-22 21:49:16,937 - root - INFO - Epoch: 9 | LR: 0.0009 | Loss 1.1328 | Val MaF1: 0.8981 (Best: 0.8981) | Test MaF1: 0.8814 (Best: 0.8814) | MiF1: 0.8887 (Best: 0.8887)
2024-04-22 21:49:17,704 - root - INFO - ARI: 0.7893 | NMI: 0.7230
2024-04-22 21:49:17,704 - root - INFO - Epoch: 10 | LR: 0.0010 | Loss 1.0698 | Val MaF1: 0.9121 (Best: 0.9121) | Test MaF1: 0.8980 (Best: 0.8980) | MiF1: 0.9038 (Best: 0.9038)
2024-04-22 21:49:18,465 - root - INFO - ARI: 0.8004 | NMI: 0.7365
2024-04-22 21:49:18,466 - root - INFO - Epoch: 11 | LR: 0.0010 | Loss 1.0157 | Val MaF1: 0.8965 (Best: 0.8965) | Test MaF1: 0.9048 (Best: 0.9048) | MiF1: 0.9112 (Best: 0.9112)
2024-04-22 21:49:19,005 - root - INFO - Epoch: 12 | LR: 0.0010 | Loss 0.9717 | Val MaF1: 0.9047 (Best: 0.8965) | Test MaF1: 0.9025 (Best: 0.9048) | MiF1: 0.9102 (Best: 0.9112)
2024-04-22 21:49:19,751 - root - INFO - ARI: 0.8307 | NMI: 0.7723
2024-04-22 21:49:19,751 - root - INFO - Epoch: 13 | LR: 0.0010 | Loss 0.9407 | Val MaF1: 0.9095 (Best: 0.9095) | Test MaF1: 0.9184 (Best: 0.9184) | MiF1: 0.9246 (Best: 0.9246)
2024-04-22 21:49:20,539 - root - INFO - ARI: 0.8486 | NMI: 0.7889
2024-04-22 21:49:20,539 - root - INFO - Epoch: 14 | LR: 0.0010 | Loss 0.9104 | Val MaF1: 0.9217 (Best: 0.9217) | Test MaF1: 0.9282 (Best: 0.9282) | MiF1: 0.9327 (Best: 0.9327)
2024-04-22 21:49:21,091 - root - INFO - Epoch: 15 | LR: 0.0010 | Loss 0.8899 | Val MaF1: 0.9230 (Best: 0.9217) | Test MaF1: 0.9275 (Best: 0.9282) | MiF1: 0.9320 (Best: 0.9327)
2024-04-22 21:49:21,614 - root - INFO - Epoch: 16 | LR: 0.0009 | Loss 0.8760 | Val MaF1: 0.9181 (Best: 0.9217) | Test MaF1: 0.9279 (Best: 0.9282) | MiF1: 0.9331 (Best: 0.9327)
2024-04-22 21:49:22,137 - root - INFO - Epoch: 17 | LR: 0.0009 | Loss 0.8583 | Val MaF1: 0.9207 (Best: 0.9217) | Test MaF1: 0.9253 (Best: 0.9282) | MiF1: 0.9313 (Best: 0.9327)
2024-04-22 21:49:22,889 - root - INFO - ARI: 0.8510 | NMI: 0.7945
2024-04-22 21:49:22,890 - root - INFO - Epoch: 18 | LR: 0.0009 | Loss 0.8439 | Val MaF1: 0.9190 (Best: 0.9190) | Test MaF1: 0.9295 (Best: 0.9295) | MiF1: 0.9348 (Best: 0.9348)
2024-04-22 21:49:23,449 - root - INFO - Epoch: 19 | LR: 0.0008 | Loss 0.8313 | Val MaF1: 0.9322 (Best: 0.9190) | Test MaF1: 0.9288 (Best: 0.9295) | MiF1: 0.9338 (Best: 0.9348)
2024-04-22 21:49:24,009 - root - INFO - Epoch: 20 | LR: 0.0008 | Loss 0.8209 | Val MaF1: 0.9357 (Best: 0.9190) | Test MaF1: 0.9265 (Best: 0.9295) | MiF1: 0.9313 (Best: 0.9348)
2024-04-22 21:49:24,574 - root - INFO - Epoch: 21 | LR: 0.0007 | Loss 0.8102 | Val MaF1: 0.9332 (Best: 0.9190) | Test MaF1: 0.9273 (Best: 0.9295) | MiF1: 0.9320 (Best: 0.9348)
2024-04-22 21:49:25,321 - root - INFO - ARI: 0.8581 | NMI: 0.7997
2024-04-22 21:49:25,321 - root - INFO - Epoch: 22 | LR: 0.0007 | Loss 0.7998 | Val MaF1: 0.9339 (Best: 0.9339) | Test MaF1: 0.9298 (Best: 0.9298) | MiF1: 0.9341 (Best: 0.9341)
2024-04-22 21:49:26,085 - root - INFO - ARI: 0.8612 | NMI: 0.8029
2024-04-22 21:49:26,085 - root - INFO - Epoch: 23 | LR: 0.0006 | Loss 0.7916 | Val MaF1: 0.9309 (Best: 0.9309) | Test MaF1: 0.9310 (Best: 0.9310) | MiF1: 0.9352 (Best: 0.9352)
2024-04-22 21:49:26,617 - root - INFO - Epoch: 24 | LR: 0.0006 | Loss 0.7842 | Val MaF1: 0.9283 (Best: 0.9309) | Test MaF1: 0.9309 (Best: 0.9310) | MiF1: 0.9352 (Best: 0.9352)
2024-04-22 21:49:27,141 - root - INFO - Epoch: 25 | LR: 0.0005 | Loss 0.7781 | Val MaF1: 0.9286 (Best: 0.9309) | Test MaF1: 0.9310 (Best: 0.9310) | MiF1: 0.9352 (Best: 0.9352)
2024-04-22 21:49:27,664 - root - INFO - Epoch: 26 | LR: 0.0004 | Loss 0.7723 | Val MaF1: 0.9260 (Best: 0.9309) | Test MaF1: 0.9296 (Best: 0.9310) | MiF1: 0.9338 (Best: 0.9352)
2024-04-22 21:49:28,191 - root - INFO - Epoch: 27 | LR: 0.0004 | Loss 0.7694 | Val MaF1: 0.9260 (Best: 0.9309) | Test MaF1: 0.9295 (Best: 0.9310) | MiF1: 0.9334 (Best: 0.9352)
2024-04-22 21:49:28,719 - root - INFO - Epoch: 28 | LR: 0.0003 | Loss 0.7654 | Val MaF1: 0.9291 (Best: 0.9309) | Test MaF1: 0.9291 (Best: 0.9310) | MiF1: 0.9331 (Best: 0.9352)
2024-04-22 21:49:29,245 - root - INFO - Epoch: 29 | LR: 0.0003 | Loss 0.7581 | Val MaF1: 0.9291 (Best: 0.9309) | Test MaF1: 0.9287 (Best: 0.9310) | MiF1: 0.9327 (Best: 0.9352)
2024-04-22 21:49:29,772 - root - INFO - Epoch: 30 | LR: 0.0002 | Loss 0.7573 | Val MaF1: 0.9263 (Best: 0.9309) | Test MaF1: 0.9275 (Best: 0.9310) | MiF1: 0.9317 (Best: 0.9352)
2024-04-22 21:49:30,300 - root - INFO - Epoch: 31 | LR: 0.0002 | Loss 0.7547 | Val MaF1: 0.9263 (Best: 0.9309) | Test MaF1: 0.9278 (Best: 0.9310) | MiF1: 0.9320 (Best: 0.9352)
2024-04-22 21:49:30,825 - root - INFO - Epoch: 32 | LR: 0.0001 | Loss 0.7542 | Val MaF1: 0.9263 (Best: 0.9309) | Test MaF1: 0.9270 (Best: 0.9310) | MiF1: 0.9313 (Best: 0.9352)
2024-04-22 21:49:31,363 - root - INFO - Epoch: 33 | LR: 0.0001 | Loss 0.7518 | Val MaF1: 0.9263 (Best: 0.9309) | Test MaF1: 0.9266 (Best: 0.9310) | MiF1: 0.9310 (Best: 0.9352)
2024-04-22 21:49:31,934 - root - INFO - Epoch: 34 | LR: 0.0001 | Loss 0.7512 | Val MaF1: 0.9263 (Best: 0.9309) | Test MaF1: 0.9266 (Best: 0.9310) | MiF1: 0.9310 (Best: 0.9352)
2024-04-22 21:49:32,493 - root - INFO - Epoch: 35 | LR: 0.0000 | Loss 0.7494 | Val MaF1: 0.9263 (Best: 0.9309) | Test MaF1: 0.9265 (Best: 0.9310) | MiF1: 0.9310 (Best: 0.9352)
2024-04-22 21:49:33,022 - root - INFO - Epoch: 36 | LR: 0.0000 | Loss 0.7485 | Val MaF1: 0.9263 (Best: 0.9309) | Test MaF1: 0.9265 (Best: 0.9310) | MiF1: 0.9310 (Best: 0.9352)
2024-04-22 21:49:33,550 - root - INFO - Epoch: 37 | LR: 0.0000 | Loss 0.7496 | Val MaF1: 0.9263 (Best: 0.9309) | Test MaF1: 0.9265 (Best: 0.9310) | MiF1: 0.9310 (Best: 0.9352)
2024-04-22 21:49:34,076 - root - INFO - Epoch: 38 | LR: 0.0000 | Loss 0.7469 | Val MaF1: 0.9263 (Best: 0.9309) | Test MaF1: 0.9265 (Best: 0.9310) | MiF1: 0.9310 (Best: 0.9352)
2024-04-22 21:49:34,599 - root - INFO - Epoch: 39 | LR: 0.0000 | Loss 0.7482 | Val MaF1: 0.9263 (Best: 0.9309) | Test MaF1: 0.9265 (Best: 0.9310) | MiF1: 0.9310 (Best: 0.9352)
2024-04-22 21:49:35,124 - root - INFO - Epoch: 40 | LR: 0.0000 | Loss 0.7487 | Val MaF1: 0.9263 (Best: 0.9309) | Test MaF1: 0.9265 (Best: 0.9310) | MiF1: 0.9310 (Best: 0.9352)
2024-04-22 21:49:35,124 - root - INFO - Best Epoch: 23 | Train MiF1: 0.9754,  MaF1: 0.9732 | Val MiF1: 0.9358, MaF1: 0.9309 | Test MaF1: 0.9310, MiF1: 0.9352
2024-04-22 21:49:35,328 - root - INFO - ARI: 0.8612 | NMI: 0.8029
