2024-04-22 23:36:03,362 - root - INFO - {'prefix': 'SR-HGN', 'gpu': 0, 'feat': 1, 'seed': 0, 'verbose': 1, 'train_split': 0.2, 'val_split': 0.3, 'num_type_heads': 4, 'num_node_heads': 4, 'hidden_dim': 256, 'clip': 1.0, 'num_layers': 6, 'alpha': 0.5, 'epochs': 79, 'dataset': 'imdb', 'input_dim': 256, 'aggregate': 'concat', 'iscuda': True, 'cluster': True, 'max_lr': 0.001, 'weight_decay': 1e-05, 'heads': 8, 'han_heads': [4], 'hh_heads': 3, 'dropout': 0.2}
2024-04-22 23:36:06,178 - root - INFO - Training SR-HGN with #param: 64505539
2024-04-22 23:36:09,476 - root - INFO - ARI: 0.0028 | NMI: 0.0029
2024-04-22 23:36:09,477 - root - INFO - Epoch: 1 | LR: 0.0000 | Loss 1.1015 | Val MaF1: 0.1779 (Best: 0.1779) | Test MaF1: 0.1860 (Best: 0.1860) | MiF1: 0.3661 (Best: 0.3661)
2024-04-22 23:36:11,764 - root - INFO - ARI: 0.0346 | NMI: 0.0324
2024-04-22 23:36:11,764 - root - INFO - Epoch: 2 | LR: 0.0001 | Loss 1.0970 | Val MaF1: 0.1917 (Best: 0.1917) | Test MaF1: 0.1877 (Best: 0.1877) | MiF1: 0.3684 (Best: 0.3684)
2024-04-22 23:36:14,080 - root - INFO - ARI: 0.0908 | NMI: 0.0829
2024-04-22 23:36:14,081 - root - INFO - Epoch: 3 | LR: 0.0001 | Loss 1.0934 | Val MaF1: 0.2407 (Best: 0.2407) | Test MaF1: 0.2559 (Best: 0.2559) | MiF1: 0.3981 (Best: 0.3981)
2024-04-22 23:36:16,319 - root - INFO - ARI: 0.1316 | NMI: 0.1228
2024-04-22 23:36:16,319 - root - INFO - Epoch: 4 | LR: 0.0001 | Loss 1.0877 | Val MaF1: 0.3417 (Best: 0.3417) | Test MaF1: 0.3617 (Best: 0.3617) | MiF1: 0.4706 (Best: 0.4706)
2024-04-22 23:36:17,607 - root - INFO - Epoch: 5 | LR: 0.0002 | Loss 1.0820 | Val MaF1: 0.2540 (Best: 0.3417) | Test MaF1: 0.2789 (Best: 0.3617) | MiF1: 0.4165 (Best: 0.4706)
2024-04-22 23:36:18,757 - root - INFO - Epoch: 6 | LR: 0.0002 | Loss 1.0744 | Val MaF1: 0.2141 (Best: 0.3417) | Test MaF1: 0.2191 (Best: 0.3617) | MiF1: 0.3871 (Best: 0.4706)
2024-04-22 23:36:19,917 - root - INFO - Epoch: 7 | LR: 0.0002 | Loss 1.0689 | Val MaF1: 0.1955 (Best: 0.3417) | Test MaF1: 0.2054 (Best: 0.3617) | MiF1: 0.3804 (Best: 0.4706)
2024-04-22 23:36:21,066 - root - INFO - Epoch: 8 | LR: 0.0003 | Loss 1.0617 | Val MaF1: 0.2038 (Best: 0.3417) | Test MaF1: 0.2093 (Best: 0.3617) | MiF1: 0.3821 (Best: 0.4706)
2024-04-22 23:36:22,204 - root - INFO - Epoch: 9 | LR: 0.0004 | Loss 1.0535 | Val MaF1: 0.2236 (Best: 0.3417) | Test MaF1: 0.2385 (Best: 0.3617) | MiF1: 0.3971 (Best: 0.4706)
2024-04-22 23:36:23,402 - root - INFO - Epoch: 10 | LR: 0.0004 | Loss 1.0421 | Val MaF1: 0.2988 (Best: 0.3417) | Test MaF1: 0.2910 (Best: 0.3617) | MiF1: 0.4285 (Best: 0.4706)
2024-04-22 23:36:25,557 - root - INFO - ARI: 0.2440 | NMI: 0.2144
2024-04-22 23:36:25,557 - root - INFO - Epoch: 11 | LR: 0.0005 | Loss 1.0245 | Val MaF1: 0.3623 (Best: 0.3623) | Test MaF1: 0.3625 (Best: 0.3625) | MiF1: 0.4860 (Best: 0.4860)
2024-04-22 23:36:27,827 - root - INFO - ARI: 0.2626 | NMI: 0.2281
2024-04-22 23:36:27,828 - root - INFO - Epoch: 12 | LR: 0.0006 | Loss 0.9986 | Val MaF1: 0.3887 (Best: 0.3887) | Test MaF1: 0.4008 (Best: 0.4008) | MiF1: 0.5167 (Best: 0.5167)
2024-04-22 23:36:30,085 - root - INFO - ARI: 0.2703 | NMI: 0.2367
2024-04-22 23:36:30,086 - root - INFO - Epoch: 13 | LR: 0.0006 | Loss 0.9564 | Val MaF1: 0.5222 (Best: 0.5222) | Test MaF1: 0.5161 (Best: 0.5161) | MiF1: 0.5688 (Best: 0.5688)
2024-04-22 23:36:32,414 - root - INFO - ARI: 0.2687 | NMI: 0.2386
2024-04-22 23:36:32,415 - root - INFO - Epoch: 14 | LR: 0.0007 | Loss 0.9053 | Val MaF1: 0.6394 (Best: 0.6394) | Test MaF1: 0.6312 (Best: 0.6312) | MiF1: 0.6309 (Best: 0.6309)
2024-04-22 23:36:33,641 - root - INFO - Epoch: 15 | LR: 0.0008 | Loss 0.8450 | Val MaF1: 0.5885 (Best: 0.6394) | Test MaF1: 0.6003 (Best: 0.6312) | MiF1: 0.6039 (Best: 0.6309)
2024-04-22 23:36:35,842 - root - INFO - ARI: 0.2960 | NMI: 0.2552
2024-04-22 23:36:35,843 - root - INFO - Epoch: 16 | LR: 0.0008 | Loss 0.7729 | Val MaF1: 0.6559 (Best: 0.6559) | Test MaF1: 0.6354 (Best: 0.6354) | MiF1: 0.6363 (Best: 0.6363)
2024-04-22 23:36:37,057 - root - INFO - Epoch: 17 | LR: 0.0009 | Loss 0.6871 | Val MaF1: 0.6226 (Best: 0.6559) | Test MaF1: 0.6231 (Best: 0.6354) | MiF1: 0.6306 (Best: 0.6363)
2024-04-22 23:36:38,196 - root - INFO - Epoch: 18 | LR: 0.0009 | Loss 0.6250 | Val MaF1: 0.6493 (Best: 0.6559) | Test MaF1: 0.6321 (Best: 0.6354) | MiF1: 0.6366 (Best: 0.6363)
2024-04-22 23:36:40,389 - root - INFO - ARI: 0.3070 | NMI: 0.2623
2024-04-22 23:36:40,390 - root - INFO - Epoch: 19 | LR: 0.0009 | Loss 0.5690 | Val MaF1: 0.6514 (Best: 0.6514) | Test MaF1: 0.6388 (Best: 0.6388) | MiF1: 0.6393 (Best: 0.6393)
2024-04-22 23:36:41,594 - root - INFO - Epoch: 20 | LR: 0.0010 | Loss 0.5268 | Val MaF1: 0.6280 (Best: 0.6514) | Test MaF1: 0.6341 (Best: 0.6388) | MiF1: 0.6353 (Best: 0.6393)
2024-04-22 23:36:42,741 - root - INFO - Epoch: 21 | LR: 0.0010 | Loss 0.4982 | Val MaF1: 0.6285 (Best: 0.6514) | Test MaF1: 0.6309 (Best: 0.6388) | MiF1: 0.6323 (Best: 0.6393)
2024-04-22 23:36:43,943 - root - INFO - Epoch: 22 | LR: 0.0010 | Loss 0.4724 | Val MaF1: 0.6263 (Best: 0.6514) | Test MaF1: 0.6255 (Best: 0.6388) | MiF1: 0.6293 (Best: 0.6393)
2024-04-22 23:36:45,074 - root - INFO - Epoch: 23 | LR: 0.0010 | Loss 0.4547 | Val MaF1: 0.6200 (Best: 0.6514) | Test MaF1: 0.6203 (Best: 0.6388) | MiF1: 0.6232 (Best: 0.6393)
2024-04-22 23:36:46,204 - root - INFO - Epoch: 24 | LR: 0.0010 | Loss 0.4395 | Val MaF1: 0.6159 (Best: 0.6514) | Test MaF1: 0.6183 (Best: 0.6388) | MiF1: 0.6199 (Best: 0.6393)
2024-04-22 23:36:47,339 - root - INFO - Epoch: 25 | LR: 0.0010 | Loss 0.4276 | Val MaF1: 0.6044 (Best: 0.6514) | Test MaF1: 0.6153 (Best: 0.6388) | MiF1: 0.6162 (Best: 0.6393)
2024-04-22 23:36:48,483 - root - INFO - Epoch: 26 | LR: 0.0010 | Loss 0.4193 | Val MaF1: 0.5990 (Best: 0.6514) | Test MaF1: 0.6138 (Best: 0.6388) | MiF1: 0.6146 (Best: 0.6393)
2024-04-22 23:36:49,672 - root - INFO - Epoch: 27 | LR: 0.0010 | Loss 0.4123 | Val MaF1: 0.6016 (Best: 0.6514) | Test MaF1: 0.6163 (Best: 0.6388) | MiF1: 0.6169 (Best: 0.6393)
2024-04-22 23:36:50,805 - root - INFO - Epoch: 28 | LR: 0.0010 | Loss 0.4066 | Val MaF1: 0.6041 (Best: 0.6514) | Test MaF1: 0.6054 (Best: 0.6388) | MiF1: 0.6069 (Best: 0.6393)
2024-04-22 23:36:51,949 - root - INFO - Epoch: 29 | LR: 0.0010 | Loss 0.4026 | Val MaF1: 0.6038 (Best: 0.6514) | Test MaF1: 0.6069 (Best: 0.6388) | MiF1: 0.6086 (Best: 0.6393)
2024-04-22 23:36:53,085 - root - INFO - Epoch: 30 | LR: 0.0010 | Loss 0.3984 | Val MaF1: 0.5989 (Best: 0.6514) | Test MaF1: 0.6094 (Best: 0.6388) | MiF1: 0.6106 (Best: 0.6393)
2024-04-22 23:36:54,220 - root - INFO - Epoch: 31 | LR: 0.0009 | Loss 0.3949 | Val MaF1: 0.5964 (Best: 0.6514) | Test MaF1: 0.6056 (Best: 0.6388) | MiF1: 0.6065 (Best: 0.6393)
2024-04-22 23:36:55,401 - root - INFO - Epoch: 32 | LR: 0.0009 | Loss 0.3909 | Val MaF1: 0.5865 (Best: 0.6514) | Test MaF1: 0.6006 (Best: 0.6388) | MiF1: 0.6019 (Best: 0.6393)
2024-04-22 23:36:56,544 - root - INFO - Epoch: 33 | LR: 0.0009 | Loss 0.3886 | Val MaF1: 0.5839 (Best: 0.6514) | Test MaF1: 0.6024 (Best: 0.6388) | MiF1: 0.6035 (Best: 0.6393)
2024-04-22 23:36:57,684 - root - INFO - Epoch: 34 | LR: 0.0009 | Loss 0.3865 | Val MaF1: 0.5836 (Best: 0.6514) | Test MaF1: 0.6016 (Best: 0.6388) | MiF1: 0.6029 (Best: 0.6393)
2024-04-22 23:36:58,824 - root - INFO - Epoch: 35 | LR: 0.0009 | Loss 0.3844 | Val MaF1: 0.5830 (Best: 0.6514) | Test MaF1: 0.6008 (Best: 0.6388) | MiF1: 0.6022 (Best: 0.6393)
2024-04-22 23:36:59,964 - root - INFO - Epoch: 36 | LR: 0.0009 | Loss 0.3842 | Val MaF1: 0.5909 (Best: 0.6514) | Test MaF1: 0.6019 (Best: 0.6388) | MiF1: 0.6035 (Best: 0.6393)
2024-04-22 23:37:01,210 - root - INFO - Epoch: 37 | LR: 0.0008 | Loss 0.3821 | Val MaF1: 0.5833 (Best: 0.6514) | Test MaF1: 0.6000 (Best: 0.6388) | MiF1: 0.6015 (Best: 0.6393)
2024-04-22 23:37:02,357 - root - INFO - Epoch: 38 | LR: 0.0008 | Loss 0.3823 | Val MaF1: 0.5834 (Best: 0.6514) | Test MaF1: 0.5982 (Best: 0.6388) | MiF1: 0.5999 (Best: 0.6393)
2024-04-22 23:37:03,490 - root - INFO - Epoch: 39 | LR: 0.0008 | Loss 0.3812 | Val MaF1: 0.5888 (Best: 0.6514) | Test MaF1: 0.5960 (Best: 0.6388) | MiF1: 0.5975 (Best: 0.6393)
2024-04-22 23:37:04,633 - root - INFO - Epoch: 40 | LR: 0.0008 | Loss 0.3803 | Val MaF1: 0.5889 (Best: 0.6514) | Test MaF1: 0.6017 (Best: 0.6388) | MiF1: 0.6029 (Best: 0.6393)
2024-04-22 23:37:05,764 - root - INFO - Epoch: 41 | LR: 0.0008 | Loss 0.3787 | Val MaF1: 0.5889 (Best: 0.6514) | Test MaF1: 0.6005 (Best: 0.6388) | MiF1: 0.6015 (Best: 0.6393)
2024-04-22 23:37:06,953 - root - INFO - Epoch: 42 | LR: 0.0007 | Loss 0.3790 | Val MaF1: 0.5819 (Best: 0.6514) | Test MaF1: 0.5960 (Best: 0.6388) | MiF1: 0.5972 (Best: 0.6393)
2024-04-22 23:37:08,097 - root - INFO - Epoch: 43 | LR: 0.0007 | Loss 0.3781 | Val MaF1: 0.5840 (Best: 0.6514) | Test MaF1: 0.5938 (Best: 0.6388) | MiF1: 0.5955 (Best: 0.6393)
2024-04-22 23:37:09,234 - root - INFO - Epoch: 44 | LR: 0.0007 | Loss 0.3777 | Val MaF1: 0.5834 (Best: 0.6514) | Test MaF1: 0.5938 (Best: 0.6388) | MiF1: 0.5955 (Best: 0.6393)
2024-04-22 23:37:10,365 - root - INFO - Epoch: 45 | LR: 0.0006 | Loss 0.3773 | Val MaF1: 0.5793 (Best: 0.6514) | Test MaF1: 0.5926 (Best: 0.6388) | MiF1: 0.5945 (Best: 0.6393)
2024-04-22 23:37:11,495 - root - INFO - Epoch: 46 | LR: 0.0006 | Loss 0.3767 | Val MaF1: 0.5748 (Best: 0.6514) | Test MaF1: 0.5917 (Best: 0.6388) | MiF1: 0.5939 (Best: 0.6393)
2024-04-22 23:37:12,684 - root - INFO - Epoch: 47 | LR: 0.0006 | Loss 0.3764 | Val MaF1: 0.5748 (Best: 0.6514) | Test MaF1: 0.5917 (Best: 0.6388) | MiF1: 0.5939 (Best: 0.6393)
2024-04-22 23:37:13,818 - root - INFO - Epoch: 48 | LR: 0.0006 | Loss 0.3765 | Val MaF1: 0.5771 (Best: 0.6514) | Test MaF1: 0.5918 (Best: 0.6388) | MiF1: 0.5939 (Best: 0.6393)
2024-04-22 23:37:14,950 - root - INFO - Epoch: 49 | LR: 0.0005 | Loss 0.3758 | Val MaF1: 0.5794 (Best: 0.6514) | Test MaF1: 0.5940 (Best: 0.6388) | MiF1: 0.5959 (Best: 0.6393)
2024-04-22 23:37:16,088 - root - INFO - Epoch: 50 | LR: 0.0005 | Loss 0.3759 | Val MaF1: 0.5834 (Best: 0.6514) | Test MaF1: 0.5927 (Best: 0.6388) | MiF1: 0.5945 (Best: 0.6393)
2024-04-22 23:37:17,220 - root - INFO - Epoch: 51 | LR: 0.0005 | Loss 0.3758 | Val MaF1: 0.5834 (Best: 0.6514) | Test MaF1: 0.5930 (Best: 0.6388) | MiF1: 0.5949 (Best: 0.6393)
2024-04-22 23:37:18,405 - root - INFO - Epoch: 52 | LR: 0.0005 | Loss 0.3759 | Val MaF1: 0.5859 (Best: 0.6514) | Test MaF1: 0.5925 (Best: 0.6388) | MiF1: 0.5945 (Best: 0.6393)
2024-04-22 23:37:19,543 - root - INFO - Epoch: 53 | LR: 0.0004 | Loss 0.3750 | Val MaF1: 0.5880 (Best: 0.6514) | Test MaF1: 0.5924 (Best: 0.6388) | MiF1: 0.5945 (Best: 0.6393)
2024-04-22 23:37:20,683 - root - INFO - Epoch: 54 | LR: 0.0004 | Loss 0.3751 | Val MaF1: 0.5877 (Best: 0.6514) | Test MaF1: 0.5918 (Best: 0.6388) | MiF1: 0.5939 (Best: 0.6393)
2024-04-22 23:37:21,820 - root - INFO - Epoch: 55 | LR: 0.0004 | Loss 0.3754 | Val MaF1: 0.5877 (Best: 0.6514) | Test MaF1: 0.5922 (Best: 0.6388) | MiF1: 0.5942 (Best: 0.6393)
2024-04-22 23:37:22,953 - root - INFO - Epoch: 56 | LR: 0.0003 | Loss 0.3752 | Val MaF1: 0.5852 (Best: 0.6514) | Test MaF1: 0.5915 (Best: 0.6388) | MiF1: 0.5935 (Best: 0.6393)
2024-04-22 23:37:24,150 - root - INFO - Epoch: 57 | LR: 0.0003 | Loss 0.3750 | Val MaF1: 0.5852 (Best: 0.6514) | Test MaF1: 0.5914 (Best: 0.6388) | MiF1: 0.5935 (Best: 0.6393)
2024-04-22 23:37:25,301 - root - INFO - Epoch: 58 | LR: 0.0003 | Loss 0.3754 | Val MaF1: 0.5852 (Best: 0.6514) | Test MaF1: 0.5924 (Best: 0.6388) | MiF1: 0.5945 (Best: 0.6393)
2024-04-22 23:37:26,435 - root - INFO - Epoch: 59 | LR: 0.0003 | Loss 0.3752 | Val MaF1: 0.5852 (Best: 0.6514) | Test MaF1: 0.5927 (Best: 0.6388) | MiF1: 0.5949 (Best: 0.6393)
2024-04-22 23:37:27,567 - root - INFO - Epoch: 60 | LR: 0.0002 | Loss 0.3747 | Val MaF1: 0.5852 (Best: 0.6514) | Test MaF1: 0.5929 (Best: 0.6388) | MiF1: 0.5949 (Best: 0.6393)
2024-04-22 23:37:28,697 - root - INFO - Epoch: 61 | LR: 0.0002 | Loss 0.3744 | Val MaF1: 0.5832 (Best: 0.6514) | Test MaF1: 0.5929 (Best: 0.6388) | MiF1: 0.5949 (Best: 0.6393)
2024-04-22 23:37:29,882 - root - INFO - Epoch: 62 | LR: 0.0002 | Loss 0.3744 | Val MaF1: 0.5832 (Best: 0.6514) | Test MaF1: 0.5933 (Best: 0.6388) | MiF1: 0.5952 (Best: 0.6393)
2024-04-22 23:37:31,028 - root - INFO - Epoch: 63 | LR: 0.0002 | Loss 0.3745 | Val MaF1: 0.5855 (Best: 0.6514) | Test MaF1: 0.5932 (Best: 0.6388) | MiF1: 0.5952 (Best: 0.6393)
2024-04-22 23:37:32,188 - root - INFO - Epoch: 64 | LR: 0.0001 | Loss 0.3746 | Val MaF1: 0.5855 (Best: 0.6514) | Test MaF1: 0.5936 (Best: 0.6388) | MiF1: 0.5955 (Best: 0.6393)
2024-04-22 23:37:33,403 - root - INFO - Epoch: 65 | LR: 0.0001 | Loss 0.3741 | Val MaF1: 0.5855 (Best: 0.6514) | Test MaF1: 0.5936 (Best: 0.6388) | MiF1: 0.5955 (Best: 0.6393)
2024-04-22 23:37:34,588 - root - INFO - Epoch: 66 | LR: 0.0001 | Loss 0.3744 | Val MaF1: 0.5855 (Best: 0.6514) | Test MaF1: 0.5941 (Best: 0.6388) | MiF1: 0.5959 (Best: 0.6393)
2024-04-22 23:37:35,822 - root - INFO - Epoch: 67 | LR: 0.0001 | Loss 0.3744 | Val MaF1: 0.5832 (Best: 0.6514) | Test MaF1: 0.5944 (Best: 0.6388) | MiF1: 0.5962 (Best: 0.6393)
2024-04-22 23:37:36,962 - root - INFO - Epoch: 68 | LR: 0.0001 | Loss 0.3743 | Val MaF1: 0.5832 (Best: 0.6514) | Test MaF1: 0.5945 (Best: 0.6388) | MiF1: 0.5962 (Best: 0.6393)
2024-04-22 23:37:38,097 - root - INFO - Epoch: 69 | LR: 0.0001 | Loss 0.3751 | Val MaF1: 0.5852 (Best: 0.6514) | Test MaF1: 0.5952 (Best: 0.6388) | MiF1: 0.5969 (Best: 0.6393)
2024-04-22 23:37:39,240 - root - INFO - Epoch: 70 | LR: 0.0001 | Loss 0.3745 | Val MaF1: 0.5852 (Best: 0.6514) | Test MaF1: 0.5951 (Best: 0.6388) | MiF1: 0.5969 (Best: 0.6393)
2024-04-22 23:37:40,382 - root - INFO - Epoch: 71 | LR: 0.0000 | Loss 0.3748 | Val MaF1: 0.5852 (Best: 0.6514) | Test MaF1: 0.5948 (Best: 0.6388) | MiF1: 0.5965 (Best: 0.6393)
2024-04-22 23:37:41,564 - root - INFO - Epoch: 72 | LR: 0.0000 | Loss 0.3738 | Val MaF1: 0.5852 (Best: 0.6514) | Test MaF1: 0.5945 (Best: 0.6388) | MiF1: 0.5962 (Best: 0.6393)
2024-04-22 23:37:42,699 - root - INFO - Epoch: 73 | LR: 0.0000 | Loss 0.3744 | Val MaF1: 0.5852 (Best: 0.6514) | Test MaF1: 0.5945 (Best: 0.6388) | MiF1: 0.5962 (Best: 0.6393)
2024-04-22 23:37:43,841 - root - INFO - Epoch: 74 | LR: 0.0000 | Loss 0.3745 | Val MaF1: 0.5852 (Best: 0.6514) | Test MaF1: 0.5945 (Best: 0.6388) | MiF1: 0.5962 (Best: 0.6393)
2024-04-22 23:37:44,992 - root - INFO - Epoch: 75 | LR: 0.0000 | Loss 0.3741 | Val MaF1: 0.5852 (Best: 0.6514) | Test MaF1: 0.5945 (Best: 0.6388) | MiF1: 0.5962 (Best: 0.6393)
2024-04-22 23:37:46,153 - root - INFO - Epoch: 76 | LR: 0.0000 | Loss 0.3750 | Val MaF1: 0.5852 (Best: 0.6514) | Test MaF1: 0.5945 (Best: 0.6388) | MiF1: 0.5962 (Best: 0.6393)
2024-04-22 23:37:47,351 - root - INFO - Epoch: 77 | LR: 0.0000 | Loss 0.3744 | Val MaF1: 0.5852 (Best: 0.6514) | Test MaF1: 0.5945 (Best: 0.6388) | MiF1: 0.5962 (Best: 0.6393)
2024-04-22 23:37:48,492 - root - INFO - Epoch: 78 | LR: 0.0000 | Loss 0.3741 | Val MaF1: 0.5852 (Best: 0.6514) | Test MaF1: 0.5945 (Best: 0.6388) | MiF1: 0.5962 (Best: 0.6393)
2024-04-22 23:37:49,637 - root - INFO - Epoch: 79 | LR: 0.0000 | Loss 0.3745 | Val MaF1: 0.5852 (Best: 0.6514) | Test MaF1: 0.5945 (Best: 0.6388) | MiF1: 0.5962 (Best: 0.6393)
2024-04-22 23:37:49,637 - root - INFO - Best Epoch: 19 | Train MiF1: 0.9544,  MaF1: 0.9533 | Val MiF1: 0.6495, MaF1: 0.6514 | Test MaF1: 0.6388, MiF1: 0.6393
2024-04-22 23:37:50,348 - root - INFO - ARI: 0.3070 | NMI: 0.2623
