2024-04-19 01:32:07,538 - root - INFO - {'prefix': 'SR-HGN', 'gpu': 0, 'feat': 1, 'seed': 0, 'verbose': 1, 'train_split': 0.2, 'val_split': 0.3, 'num_type_heads': 4, 'num_node_heads': 4, 'hidden_dim': 256, 'clip': 1.0, 'num_layers': 3, 'alpha': 0.5, 'epochs': 100, 'dataset': 'acm', 'input_dim': 256, 'aggregate': 'concat', 'iscuda': True, 'cluster': True, 'max_lr': 0.001, 'weight_decay': 1e-05, 'heads': 8, 'han_heads': [4], 'hh_heads': 3, 'dropout': 0.2}
2024-04-19 01:32:10,429 - root - INFO - Training SR-HGN with #param: 35601299
2024-04-19 01:32:13,565 - root - INFO - ARI: 0.0648 | NMI: 0.0656
2024-04-19 01:32:13,565 - root - INFO - Epoch: 1 | LR: 0.0000 | Loss 1.0978 | Val MaF1: 0.2204 (Best: 0.2204) | Test MaF1: 0.2220 (Best: 0.2220) | MiF1: 0.4961 (Best: 0.4961)
2024-04-19 01:32:14,570 - root - INFO - Epoch: 2 | LR: 0.0001 | Loss 1.0714 | Val MaF1: 0.2204 (Best: 0.2204) | Test MaF1: 0.2210 (Best: 0.2220) | MiF1: 0.4957 (Best: 0.4961)
2024-04-19 01:32:15,576 - root - INFO - Epoch: 3 | LR: 0.0001 | Loss 1.0526 | Val MaF1: 0.2204 (Best: 0.2204) | Test MaF1: 0.2210 (Best: 0.2220) | MiF1: 0.4957 (Best: 0.4961)
2024-04-19 01:32:16,531 - root - INFO - Epoch: 4 | LR: 0.0001 | Loss 1.0343 | Val MaF1: 0.2204 (Best: 0.2204) | Test MaF1: 0.2210 (Best: 0.2220) | MiF1: 0.4957 (Best: 0.4961)
2024-04-19 01:32:17,509 - root - INFO - Epoch: 5 | LR: 0.0001 | Loss 1.0168 | Val MaF1: 0.2204 (Best: 0.2204) | Test MaF1: 0.2210 (Best: 0.2220) | MiF1: 0.4957 (Best: 0.4961)
2024-04-19 01:32:18,467 - root - INFO - Epoch: 6 | LR: 0.0001 | Loss 1.0028 | Val MaF1: 0.2204 (Best: 0.2204) | Test MaF1: 0.2210 (Best: 0.2220) | MiF1: 0.4957 (Best: 0.4961)
2024-04-19 01:32:19,413 - root - INFO - Epoch: 7 | LR: 0.0002 | Loss 0.9896 | Val MaF1: 0.2204 (Best: 0.2204) | Test MaF1: 0.2210 (Best: 0.2220) | MiF1: 0.4957 (Best: 0.4961)
2024-04-19 01:32:20,366 - root - INFO - Epoch: 8 | LR: 0.0002 | Loss 0.9681 | Val MaF1: 0.2204 (Best: 0.2204) | Test MaF1: 0.2210 (Best: 0.2220) | MiF1: 0.4957 (Best: 0.4961)
2024-04-19 01:32:21,332 - root - INFO - Epoch: 9 | LR: 0.0003 | Loss 0.9407 | Val MaF1: 0.2204 (Best: 0.2204) | Test MaF1: 0.2210 (Best: 0.2220) | MiF1: 0.4957 (Best: 0.4961)
2024-04-19 01:32:22,298 - root - INFO - Epoch: 10 | LR: 0.0003 | Loss 0.9039 | Val MaF1: 0.2204 (Best: 0.2204) | Test MaF1: 0.2210 (Best: 0.2220) | MiF1: 0.4957 (Best: 0.4961)
2024-04-19 01:32:24,023 - root - INFO - ARI: 0.6608 | NMI: 0.6606
2024-04-19 01:32:24,024 - root - INFO - Epoch: 11 | LR: 0.0003 | Loss 0.8702 | Val MaF1: 0.2275 (Best: 0.2275) | Test MaF1: 0.2361 (Best: 0.2361) | MiF1: 0.5011 (Best: 0.5011)
2024-04-19 01:32:25,776 - root - INFO - ARI: 0.6911 | NMI: 0.6752
2024-04-19 01:32:25,776 - root - INFO - Epoch: 12 | LR: 0.0004 | Loss 0.8390 | Val MaF1: 0.3563 (Best: 0.3563) | Test MaF1: 0.3233 (Best: 0.3233) | MiF1: 0.5355 (Best: 0.5355)
2024-04-19 01:32:27,563 - root - INFO - ARI: 0.7427 | NMI: 0.7050
2024-04-19 01:32:27,563 - root - INFO - Epoch: 13 | LR: 0.0004 | Loss 0.7908 | Val MaF1: 0.6054 (Best: 0.6054) | Test MaF1: 0.5695 (Best: 0.5695) | MiF1: 0.6641 (Best: 0.6641)
2024-04-19 01:32:29,303 - root - INFO - ARI: 0.7566 | NMI: 0.7136
2024-04-19 01:32:29,304 - root - INFO - Epoch: 14 | LR: 0.0005 | Loss 0.7390 | Val MaF1: 0.8053 (Best: 0.8053) | Test MaF1: 0.8190 (Best: 0.8190) | MiF1: 0.8317 (Best: 0.8317)
2024-04-19 01:32:31,072 - root - INFO - ARI: 0.7669 | NMI: 0.7213
2024-04-19 01:32:31,072 - root - INFO - Epoch: 15 | LR: 0.0005 | Loss 0.6914 | Val MaF1: 0.9283 (Best: 0.9283) | Test MaF1: 0.9178 (Best: 0.9178) | MiF1: 0.9180 (Best: 0.9180)
2024-04-19 01:32:32,054 - root - INFO - Epoch: 16 | LR: 0.0006 | Loss 0.6348 | Val MaF1: 0.9214 (Best: 0.9283) | Test MaF1: 0.9170 (Best: 0.9178) | MiF1: 0.9144 (Best: 0.9180)
2024-04-19 01:32:33,778 - root - INFO - ARI: 0.7928 | NMI: 0.7434
2024-04-19 01:32:33,778 - root - INFO - Epoch: 17 | LR: 0.0006 | Loss 0.6211 | Val MaF1: 0.9367 (Best: 0.9367) | Test MaF1: 0.9275 (Best: 0.9275) | MiF1: 0.9268 (Best: 0.9268)
2024-04-19 01:32:34,778 - root - INFO - Epoch: 18 | LR: 0.0007 | Loss 0.5608 | Val MaF1: 0.9100 (Best: 0.9367) | Test MaF1: 0.9149 (Best: 0.9275) | MiF1: 0.9165 (Best: 0.9268)
2024-04-19 01:32:35,727 - root - INFO - Epoch: 19 | LR: 0.0007 | Loss 0.5328 | Val MaF1: 0.8919 (Best: 0.9367) | Test MaF1: 0.9096 (Best: 0.9275) | MiF1: 0.9119 (Best: 0.9268)
2024-04-19 01:32:37,455 - root - INFO - ARI: 0.8081 | NMI: 0.7611
2024-04-19 01:32:37,455 - root - INFO - Epoch: 20 | LR: 0.0008 | Loss 0.5109 | Val MaF1: 0.9332 (Best: 0.9332) | Test MaF1: 0.9306 (Best: 0.9306) | MiF1: 0.9315 (Best: 0.9315)
2024-04-19 01:32:39,165 - root - INFO - ARI: 0.8035 | NMI: 0.7652
2024-04-19 01:32:39,165 - root - INFO - Epoch: 21 | LR: 0.0008 | Loss 0.4826 | Val MaF1: 0.9356 (Best: 0.9356) | Test MaF1: 0.9359 (Best: 0.9359) | MiF1: 0.9350 (Best: 0.9350)
2024-04-19 01:32:40,157 - root - INFO - Epoch: 22 | LR: 0.0009 | Loss 0.4647 | Val MaF1: 0.9315 (Best: 0.9356) | Test MaF1: 0.9353 (Best: 0.9359) | MiF1: 0.9339 (Best: 0.9350)
2024-04-19 01:32:41,886 - root - INFO - ARI: 0.8298 | NMI: 0.7894
2024-04-19 01:32:41,886 - root - INFO - Epoch: 23 | LR: 0.0009 | Loss 0.4524 | Val MaF1: 0.9426 (Best: 0.9426) | Test MaF1: 0.9437 (Best: 0.9437) | MiF1: 0.9428 (Best: 0.9428)
2024-04-19 01:32:42,880 - root - INFO - Epoch: 24 | LR: 0.0009 | Loss 0.4347 | Val MaF1: 0.9490 (Best: 0.9426) | Test MaF1: 0.9420 (Best: 0.9437) | MiF1: 0.9421 (Best: 0.9428)
2024-04-19 01:32:43,847 - root - INFO - Epoch: 25 | LR: 0.0010 | Loss 0.4226 | Val MaF1: 0.9413 (Best: 0.9426) | Test MaF1: 0.9402 (Best: 0.9437) | MiF1: 0.9407 (Best: 0.9428)
2024-04-19 01:32:44,796 - root - INFO - Epoch: 26 | LR: 0.0010 | Loss 0.4121 | Val MaF1: 0.9413 (Best: 0.9426) | Test MaF1: 0.9399 (Best: 0.9437) | MiF1: 0.9400 (Best: 0.9428)
2024-04-19 01:32:45,764 - root - INFO - Epoch: 27 | LR: 0.0010 | Loss 0.4036 | Val MaF1: 0.9438 (Best: 0.9426) | Test MaF1: 0.9436 (Best: 0.9437) | MiF1: 0.9435 (Best: 0.9428)
2024-04-19 01:32:46,719 - root - INFO - Epoch: 28 | LR: 0.0010 | Loss 0.3962 | Val MaF1: 0.9439 (Best: 0.9426) | Test MaF1: 0.9420 (Best: 0.9437) | MiF1: 0.9421 (Best: 0.9428)
2024-04-19 01:32:47,723 - root - INFO - Epoch: 29 | LR: 0.0010 | Loss 0.3893 | Val MaF1: 0.9416 (Best: 0.9426) | Test MaF1: 0.9404 (Best: 0.9437) | MiF1: 0.9407 (Best: 0.9428)
2024-04-19 01:32:48,677 - root - INFO - Epoch: 30 | LR: 0.0010 | Loss 0.3833 | Val MaF1: 0.9439 (Best: 0.9426) | Test MaF1: 0.9421 (Best: 0.9437) | MiF1: 0.9421 (Best: 0.9428)
2024-04-19 01:32:49,634 - root - INFO - Epoch: 31 | LR: 0.0010 | Loss 0.3786 | Val MaF1: 0.9414 (Best: 0.9426) | Test MaF1: 0.9405 (Best: 0.9437) | MiF1: 0.9407 (Best: 0.9428)
2024-04-19 01:32:50,589 - root - INFO - Epoch: 32 | LR: 0.0010 | Loss 0.3743 | Val MaF1: 0.9387 (Best: 0.9426) | Test MaF1: 0.9373 (Best: 0.9437) | MiF1: 0.9379 (Best: 0.9428)
2024-04-19 01:32:51,543 - root - INFO - Epoch: 33 | LR: 0.0010 | Loss 0.3714 | Val MaF1: 0.9436 (Best: 0.9426) | Test MaF1: 0.9377 (Best: 0.9437) | MiF1: 0.9386 (Best: 0.9428)
2024-04-19 01:32:52,502 - root - INFO - Epoch: 34 | LR: 0.0010 | Loss 0.3679 | Val MaF1: 0.9461 (Best: 0.9426) | Test MaF1: 0.9409 (Best: 0.9437) | MiF1: 0.9414 (Best: 0.9428)
2024-04-19 01:32:53,467 - root - INFO - Epoch: 35 | LR: 0.0010 | Loss 0.3649 | Val MaF1: 0.9462 (Best: 0.9426) | Test MaF1: 0.9415 (Best: 0.9437) | MiF1: 0.9418 (Best: 0.9428)
2024-04-19 01:32:54,498 - root - INFO - Epoch: 36 | LR: 0.0010 | Loss 0.3623 | Val MaF1: 0.9438 (Best: 0.9426) | Test MaF1: 0.9416 (Best: 0.9437) | MiF1: 0.9418 (Best: 0.9428)
2024-04-19 01:32:55,461 - root - INFO - Epoch: 37 | LR: 0.0010 | Loss 0.3609 | Val MaF1: 0.9462 (Best: 0.9426) | Test MaF1: 0.9418 (Best: 0.9437) | MiF1: 0.9418 (Best: 0.9428)
2024-04-19 01:32:56,409 - root - INFO - Epoch: 38 | LR: 0.0010 | Loss 0.3586 | Val MaF1: 0.9427 (Best: 0.9426) | Test MaF1: 0.9416 (Best: 0.9437) | MiF1: 0.9418 (Best: 0.9428)
2024-04-19 01:32:57,367 - root - INFO - Epoch: 39 | LR: 0.0010 | Loss 0.3569 | Val MaF1: 0.9402 (Best: 0.9426) | Test MaF1: 0.9402 (Best: 0.9437) | MiF1: 0.9403 (Best: 0.9428)
2024-04-19 01:32:58,325 - root - INFO - Epoch: 40 | LR: 0.0009 | Loss 0.3557 | Val MaF1: 0.9353 (Best: 0.9426) | Test MaF1: 0.9375 (Best: 0.9437) | MiF1: 0.9379 (Best: 0.9428)
2024-04-19 01:32:59,275 - root - INFO - Epoch: 41 | LR: 0.0009 | Loss 0.3543 | Val MaF1: 0.9328 (Best: 0.9426) | Test MaF1: 0.9388 (Best: 0.9437) | MiF1: 0.9393 (Best: 0.9428)
2024-04-19 01:33:00,229 - root - INFO - Epoch: 42 | LR: 0.0009 | Loss 0.3535 | Val MaF1: 0.9353 (Best: 0.9426) | Test MaF1: 0.9385 (Best: 0.9437) | MiF1: 0.9389 (Best: 0.9428)
2024-04-19 01:33:01,232 - root - INFO - Epoch: 43 | LR: 0.0009 | Loss 0.3524 | Val MaF1: 0.9353 (Best: 0.9426) | Test MaF1: 0.9382 (Best: 0.9437) | MiF1: 0.9386 (Best: 0.9428)
2024-04-19 01:33:02,187 - root - INFO - Epoch: 44 | LR: 0.0009 | Loss 0.3518 | Val MaF1: 0.9379 (Best: 0.9426) | Test MaF1: 0.9383 (Best: 0.9437) | MiF1: 0.9386 (Best: 0.9428)
2024-04-19 01:33:03,139 - root - INFO - Epoch: 45 | LR: 0.0009 | Loss 0.3511 | Val MaF1: 0.9379 (Best: 0.9426) | Test MaF1: 0.9379 (Best: 0.9437) | MiF1: 0.9382 (Best: 0.9428)
2024-04-19 01:33:04,094 - root - INFO - Epoch: 46 | LR: 0.0009 | Loss 0.3505 | Val MaF1: 0.9328 (Best: 0.9426) | Test MaF1: 0.9372 (Best: 0.9437) | MiF1: 0.9375 (Best: 0.9428)
2024-04-19 01:33:05,050 - root - INFO - Epoch: 47 | LR: 0.0008 | Loss 0.3495 | Val MaF1: 0.9302 (Best: 0.9426) | Test MaF1: 0.9349 (Best: 0.9437) | MiF1: 0.9354 (Best: 0.9428)
2024-04-19 01:33:06,006 - root - INFO - Epoch: 48 | LR: 0.0008 | Loss 0.3492 | Val MaF1: 0.9302 (Best: 0.9426) | Test MaF1: 0.9341 (Best: 0.9437) | MiF1: 0.9347 (Best: 0.9428)
2024-04-19 01:33:06,960 - root - INFO - Epoch: 49 | LR: 0.0008 | Loss 0.3485 | Val MaF1: 0.9302 (Best: 0.9426) | Test MaF1: 0.9334 (Best: 0.9437) | MiF1: 0.9339 (Best: 0.9428)
2024-04-19 01:33:07,959 - root - INFO - Epoch: 50 | LR: 0.0008 | Loss 0.3483 | Val MaF1: 0.9302 (Best: 0.9426) | Test MaF1: 0.9330 (Best: 0.9437) | MiF1: 0.9336 (Best: 0.9428)
2024-04-19 01:33:08,911 - root - INFO - Epoch: 51 | LR: 0.0008 | Loss 0.3472 | Val MaF1: 0.9302 (Best: 0.9426) | Test MaF1: 0.9338 (Best: 0.9437) | MiF1: 0.9343 (Best: 0.9428)
2024-04-19 01:33:09,884 - root - INFO - Epoch: 52 | LR: 0.0008 | Loss 0.3469 | Val MaF1: 0.9302 (Best: 0.9426) | Test MaF1: 0.9342 (Best: 0.9437) | MiF1: 0.9347 (Best: 0.9428)
2024-04-19 01:33:10,868 - root - INFO - Epoch: 53 | LR: 0.0007 | Loss 0.3468 | Val MaF1: 0.9302 (Best: 0.9426) | Test MaF1: 0.9346 (Best: 0.9437) | MiF1: 0.9350 (Best: 0.9428)
2024-04-19 01:33:11,839 - root - INFO - Epoch: 54 | LR: 0.0007 | Loss 0.3467 | Val MaF1: 0.9302 (Best: 0.9426) | Test MaF1: 0.9347 (Best: 0.9437) | MiF1: 0.9350 (Best: 0.9428)
2024-04-19 01:33:12,791 - root - INFO - Epoch: 55 | LR: 0.0007 | Loss 0.3461 | Val MaF1: 0.9302 (Best: 0.9426) | Test MaF1: 0.9343 (Best: 0.9437) | MiF1: 0.9347 (Best: 0.9428)
2024-04-19 01:33:13,750 - root - INFO - Epoch: 56 | LR: 0.0007 | Loss 0.3462 | Val MaF1: 0.9302 (Best: 0.9426) | Test MaF1: 0.9350 (Best: 0.9437) | MiF1: 0.9354 (Best: 0.9428)
2024-04-19 01:33:14,750 - root - INFO - Epoch: 57 | LR: 0.0007 | Loss 0.3454 | Val MaF1: 0.9302 (Best: 0.9426) | Test MaF1: 0.9346 (Best: 0.9437) | MiF1: 0.9350 (Best: 0.9428)
2024-04-19 01:33:15,700 - root - INFO - Epoch: 58 | LR: 0.0006 | Loss 0.3455 | Val MaF1: 0.9302 (Best: 0.9426) | Test MaF1: 0.9339 (Best: 0.9437) | MiF1: 0.9343 (Best: 0.9428)
2024-04-19 01:33:16,650 - root - INFO - Epoch: 59 | LR: 0.0006 | Loss 0.3452 | Val MaF1: 0.9302 (Best: 0.9426) | Test MaF1: 0.9335 (Best: 0.9437) | MiF1: 0.9339 (Best: 0.9428)
2024-04-19 01:33:17,614 - root - INFO - Epoch: 60 | LR: 0.0006 | Loss 0.3451 | Val MaF1: 0.9302 (Best: 0.9426) | Test MaF1: 0.9328 (Best: 0.9437) | MiF1: 0.9332 (Best: 0.9428)
2024-04-19 01:33:18,568 - root - INFO - Epoch: 61 | LR: 0.0006 | Loss 0.3446 | Val MaF1: 0.9302 (Best: 0.9426) | Test MaF1: 0.9332 (Best: 0.9437) | MiF1: 0.9336 (Best: 0.9428)
2024-04-19 01:33:19,523 - root - INFO - Epoch: 62 | LR: 0.0005 | Loss 0.3442 | Val MaF1: 0.9302 (Best: 0.9426) | Test MaF1: 0.9332 (Best: 0.9437) | MiF1: 0.9336 (Best: 0.9428)
2024-04-19 01:33:20,476 - root - INFO - Epoch: 63 | LR: 0.0005 | Loss 0.3441 | Val MaF1: 0.9328 (Best: 0.9426) | Test MaF1: 0.9318 (Best: 0.9437) | MiF1: 0.9322 (Best: 0.9428)
2024-04-19 01:33:21,475 - root - INFO - Epoch: 64 | LR: 0.0005 | Loss 0.3442 | Val MaF1: 0.9353 (Best: 0.9426) | Test MaF1: 0.9319 (Best: 0.9437) | MiF1: 0.9322 (Best: 0.9428)
2024-04-19 01:33:22,434 - root - INFO - Epoch: 65 | LR: 0.0005 | Loss 0.3441 | Val MaF1: 0.9328 (Best: 0.9426) | Test MaF1: 0.9315 (Best: 0.9437) | MiF1: 0.9318 (Best: 0.9428)
2024-04-19 01:33:23,384 - root - INFO - Epoch: 66 | LR: 0.0005 | Loss 0.3439 | Val MaF1: 0.9302 (Best: 0.9426) | Test MaF1: 0.9321 (Best: 0.9437) | MiF1: 0.9325 (Best: 0.9428)
2024-04-19 01:33:24,336 - root - INFO - Epoch: 67 | LR: 0.0004 | Loss 0.3438 | Val MaF1: 0.9302 (Best: 0.9426) | Test MaF1: 0.9321 (Best: 0.9437) | MiF1: 0.9325 (Best: 0.9428)
2024-04-19 01:33:25,293 - root - INFO - Epoch: 68 | LR: 0.0004 | Loss 0.3434 | Val MaF1: 0.9276 (Best: 0.9426) | Test MaF1: 0.9324 (Best: 0.9437) | MiF1: 0.9329 (Best: 0.9428)
2024-04-19 01:33:26,258 - root - INFO - Epoch: 69 | LR: 0.0004 | Loss 0.3432 | Val MaF1: 0.9276 (Best: 0.9426) | Test MaF1: 0.9335 (Best: 0.9437) | MiF1: 0.9339 (Best: 0.9428)
2024-04-19 01:33:27,209 - root - INFO - Epoch: 70 | LR: 0.0004 | Loss 0.3430 | Val MaF1: 0.9276 (Best: 0.9426) | Test MaF1: 0.9335 (Best: 0.9437) | MiF1: 0.9339 (Best: 0.9428)
2024-04-19 01:33:28,209 - root - INFO - Epoch: 71 | LR: 0.0003 | Loss 0.3430 | Val MaF1: 0.9276 (Best: 0.9426) | Test MaF1: 0.9331 (Best: 0.9437) | MiF1: 0.9336 (Best: 0.9428)
2024-04-19 01:33:29,158 - root - INFO - Epoch: 72 | LR: 0.0003 | Loss 0.3430 | Val MaF1: 0.9302 (Best: 0.9426) | Test MaF1: 0.9328 (Best: 0.9437) | MiF1: 0.9332 (Best: 0.9428)
2024-04-19 01:33:30,116 - root - INFO - Epoch: 73 | LR: 0.0003 | Loss 0.3426 | Val MaF1: 0.9302 (Best: 0.9426) | Test MaF1: 0.9328 (Best: 0.9437) | MiF1: 0.9332 (Best: 0.9428)
2024-04-19 01:33:31,084 - root - INFO - Epoch: 74 | LR: 0.0003 | Loss 0.3424 | Val MaF1: 0.9302 (Best: 0.9426) | Test MaF1: 0.9336 (Best: 0.9437) | MiF1: 0.9339 (Best: 0.9428)
2024-04-19 01:33:32,041 - root - INFO - Epoch: 75 | LR: 0.0003 | Loss 0.3422 | Val MaF1: 0.9302 (Best: 0.9426) | Test MaF1: 0.9329 (Best: 0.9437) | MiF1: 0.9332 (Best: 0.9428)
2024-04-19 01:33:32,994 - root - INFO - Epoch: 76 | LR: 0.0002 | Loss 0.3425 | Val MaF1: 0.9302 (Best: 0.9426) | Test MaF1: 0.9333 (Best: 0.9437) | MiF1: 0.9336 (Best: 0.9428)
2024-04-19 01:33:33,967 - root - INFO - Epoch: 77 | LR: 0.0002 | Loss 0.3423 | Val MaF1: 0.9302 (Best: 0.9426) | Test MaF1: 0.9340 (Best: 0.9437) | MiF1: 0.9343 (Best: 0.9428)
2024-04-19 01:33:34,932 - root - INFO - Epoch: 78 | LR: 0.0002 | Loss 0.3421 | Val MaF1: 0.9302 (Best: 0.9426) | Test MaF1: 0.9340 (Best: 0.9437) | MiF1: 0.9343 (Best: 0.9428)
2024-04-19 01:33:35,932 - root - INFO - Epoch: 79 | LR: 0.0002 | Loss 0.3418 | Val MaF1: 0.9302 (Best: 0.9426) | Test MaF1: 0.9340 (Best: 0.9437) | MiF1: 0.9343 (Best: 0.9428)
2024-04-19 01:33:36,879 - root - INFO - Epoch: 80 | LR: 0.0002 | Loss 0.3423 | Val MaF1: 0.9302 (Best: 0.9426) | Test MaF1: 0.9343 (Best: 0.9437) | MiF1: 0.9347 (Best: 0.9428)
2024-04-19 01:33:37,840 - root - INFO - Epoch: 81 | LR: 0.0002 | Loss 0.3420 | Val MaF1: 0.9302 (Best: 0.9426) | Test MaF1: 0.9343 (Best: 0.9437) | MiF1: 0.9347 (Best: 0.9428)
2024-04-19 01:33:38,800 - root - INFO - Epoch: 82 | LR: 0.0001 | Loss 0.3428 | Val MaF1: 0.9302 (Best: 0.9426) | Test MaF1: 0.9343 (Best: 0.9437) | MiF1: 0.9347 (Best: 0.9428)
2024-04-19 01:33:39,750 - root - INFO - Epoch: 83 | LR: 0.0001 | Loss 0.3421 | Val MaF1: 0.9302 (Best: 0.9426) | Test MaF1: 0.9343 (Best: 0.9437) | MiF1: 0.9347 (Best: 0.9428)
2024-04-19 01:33:40,706 - root - INFO - Epoch: 84 | LR: 0.0001 | Loss 0.3421 | Val MaF1: 0.9302 (Best: 0.9426) | Test MaF1: 0.9343 (Best: 0.9437) | MiF1: 0.9347 (Best: 0.9428)
2024-04-19 01:33:41,665 - root - INFO - Epoch: 85 | LR: 0.0001 | Loss 0.3418 | Val MaF1: 0.9302 (Best: 0.9426) | Test MaF1: 0.9343 (Best: 0.9437) | MiF1: 0.9347 (Best: 0.9428)
2024-04-19 01:33:42,663 - root - INFO - Epoch: 86 | LR: 0.0001 | Loss 0.3419 | Val MaF1: 0.9302 (Best: 0.9426) | Test MaF1: 0.9336 (Best: 0.9437) | MiF1: 0.9339 (Best: 0.9428)
2024-04-19 01:33:43,614 - root - INFO - Epoch: 87 | LR: 0.0001 | Loss 0.3416 | Val MaF1: 0.9302 (Best: 0.9426) | Test MaF1: 0.9336 (Best: 0.9437) | MiF1: 0.9339 (Best: 0.9428)
2024-04-19 01:33:44,566 - root - INFO - Epoch: 88 | LR: 0.0001 | Loss 0.3416 | Val MaF1: 0.9302 (Best: 0.9426) | Test MaF1: 0.9336 (Best: 0.9437) | MiF1: 0.9339 (Best: 0.9428)
2024-04-19 01:33:45,523 - root - INFO - Epoch: 89 | LR: 0.0000 | Loss 0.3416 | Val MaF1: 0.9302 (Best: 0.9426) | Test MaF1: 0.9336 (Best: 0.9437) | MiF1: 0.9339 (Best: 0.9428)
2024-04-19 01:33:46,490 - root - INFO - Epoch: 90 | LR: 0.0000 | Loss 0.3416 | Val MaF1: 0.9302 (Best: 0.9426) | Test MaF1: 0.9336 (Best: 0.9437) | MiF1: 0.9339 (Best: 0.9428)
2024-04-19 01:33:47,441 - root - INFO - Epoch: 91 | LR: 0.0000 | Loss 0.3414 | Val MaF1: 0.9302 (Best: 0.9426) | Test MaF1: 0.9336 (Best: 0.9437) | MiF1: 0.9339 (Best: 0.9428)
2024-04-19 01:33:48,392 - root - INFO - Epoch: 92 | LR: 0.0000 | Loss 0.3415 | Val MaF1: 0.9302 (Best: 0.9426) | Test MaF1: 0.9336 (Best: 0.9437) | MiF1: 0.9339 (Best: 0.9428)
2024-04-19 01:33:49,390 - root - INFO - Epoch: 93 | LR: 0.0000 | Loss 0.3418 | Val MaF1: 0.9302 (Best: 0.9426) | Test MaF1: 0.9336 (Best: 0.9437) | MiF1: 0.9339 (Best: 0.9428)
2024-04-19 01:33:50,338 - root - INFO - Epoch: 94 | LR: 0.0000 | Loss 0.3416 | Val MaF1: 0.9302 (Best: 0.9426) | Test MaF1: 0.9336 (Best: 0.9437) | MiF1: 0.9339 (Best: 0.9428)
2024-04-19 01:33:51,290 - root - INFO - Epoch: 95 | LR: 0.0000 | Loss 0.3417 | Val MaF1: 0.9302 (Best: 0.9426) | Test MaF1: 0.9336 (Best: 0.9437) | MiF1: 0.9339 (Best: 0.9428)
2024-04-19 01:33:52,237 - root - INFO - Epoch: 96 | LR: 0.0000 | Loss 0.3419 | Val MaF1: 0.9302 (Best: 0.9426) | Test MaF1: 0.9336 (Best: 0.9437) | MiF1: 0.9339 (Best: 0.9428)
2024-04-19 01:33:53,191 - root - INFO - Epoch: 97 | LR: 0.0000 | Loss 0.3414 | Val MaF1: 0.9302 (Best: 0.9426) | Test MaF1: 0.9336 (Best: 0.9437) | MiF1: 0.9339 (Best: 0.9428)
2024-04-19 01:33:54,150 - root - INFO - Epoch: 98 | LR: 0.0000 | Loss 0.3413 | Val MaF1: 0.9302 (Best: 0.9426) | Test MaF1: 0.9336 (Best: 0.9437) | MiF1: 0.9339 (Best: 0.9428)
2024-04-19 01:33:55,102 - root - INFO - Epoch: 99 | LR: 0.0000 | Loss 0.3411 | Val MaF1: 0.9302 (Best: 0.9426) | Test MaF1: 0.9336 (Best: 0.9437) | MiF1: 0.9339 (Best: 0.9428)
2024-04-19 01:33:56,102 - root - INFO - Epoch: 100 | LR: 0.0000 | Loss 0.3415 | Val MaF1: 0.9302 (Best: 0.9426) | Test MaF1: 0.9336 (Best: 0.9437) | MiF1: 0.9339 (Best: 0.9428)
2024-04-19 01:33:56,102 - root - INFO - Best Epoch: 23 | Train MiF1: 0.9740,  MaF1: 0.9740 | Val MiF1: 0.9401, MaF1: 0.9426 | Test MaF1: 0.9437, MiF1: 0.9428
2024-04-19 01:33:56,633 - root - INFO - ARI: 0.8298 | NMI: 0.7894
