2024-04-18 14:10:49,646 - root - INFO - {'prefix': 'SR-HGN', 'gpu': 0, 'feat': 1, 'seed': 0, 'verbose': 1, 'train_split': 0.2, 'val_split': 0.3, 'num_type_heads': 4, 'num_node_heads': 4, 'hidden_dim': 128, 'clip': 1.0, 'num_layers': 3, 'alpha': 0.5, 'epochs': 70, 'dataset': 'imdb', 'input_dim': 256, 'aggregate': 'concat', 'iscuda': True, 'cluster': True, 'max_lr': 0.001, 'weight_decay': 1e-05, 'heads': 8, 'han_heads': [4], 'hh_heads': 3, 'dropout': 0.2}
2024-04-18 14:10:51,009 - root - INFO - Training SR-HGN with #param: 22880467
2024-04-18 14:10:53,549 - root - INFO - ARI: 0.0011 | NMI: 0.0052
2024-04-18 14:10:53,549 - root - INFO - Epoch: 1 | LR: 0.0000 | Loss 1.0960 | Val MaF1: 0.1772 (Best: 0.1772) | Test MaF1: 0.1791 (Best: 0.1791) | MiF1: 0.3637 (Best: 0.3637)
2024-04-18 14:10:55,060 - root - INFO - ARI: 0.0020 | NMI: 0.0060
2024-04-18 14:10:55,060 - root - INFO - Epoch: 2 | LR: 0.0001 | Loss 1.0941 | Val MaF1: 0.1770 (Best: 0.1770) | Test MaF1: 0.1816 (Best: 0.1816) | MiF1: 0.3637 (Best: 0.3637)
2024-04-18 14:10:56,664 - root - INFO - ARI: 0.0027 | NMI: 0.0073
2024-04-18 14:10:56,664 - root - INFO - Epoch: 3 | LR: 0.0001 | Loss 1.0930 | Val MaF1: 0.1987 (Best: 0.1987) | Test MaF1: 0.1909 (Best: 0.1909) | MiF1: 0.3668 (Best: 0.3668)
2024-04-18 14:10:58,209 - root - INFO - ARI: 0.0033 | NMI: 0.0082
2024-04-18 14:10:58,209 - root - INFO - Epoch: 4 | LR: 0.0001 | Loss 1.0892 | Val MaF1: 0.2357 (Best: 0.2357) | Test MaF1: 0.2284 (Best: 0.2284) | MiF1: 0.3840 (Best: 0.3840)
2024-04-18 14:10:59,753 - root - INFO - ARI: 0.0041 | NMI: 0.0091
2024-04-18 14:10:59,753 - root - INFO - Epoch: 5 | LR: 0.0002 | Loss 1.0845 | Val MaF1: 0.3212 (Best: 0.3212) | Test MaF1: 0.3133 (Best: 0.3133) | MiF1: 0.4369 (Best: 0.4369)
2024-04-18 14:11:01,302 - root - INFO - ARI: 0.0110 | NMI: 0.0202
2024-04-18 14:11:01,302 - root - INFO - Epoch: 6 | LR: 0.0002 | Loss 1.0808 | Val MaF1: 0.3926 (Best: 0.3926) | Test MaF1: 0.3770 (Best: 0.3770) | MiF1: 0.4914 (Best: 0.4914)
2024-04-18 14:11:02,844 - root - INFO - ARI: 0.0209 | NMI: 0.0322
2024-04-18 14:11:02,844 - root - INFO - Epoch: 7 | LR: 0.0003 | Loss 1.0744 | Val MaF1: 0.4073 (Best: 0.4073) | Test MaF1: 0.3937 (Best: 0.3937) | MiF1: 0.5125 (Best: 0.5125)
2024-04-18 14:11:03,604 - root - INFO - Epoch: 8 | LR: 0.0004 | Loss 1.0677 | Val MaF1: 0.3931 (Best: 0.4073) | Test MaF1: 0.3680 (Best: 0.3937) | MiF1: 0.4891 (Best: 0.5125)
2024-04-18 14:11:04,346 - root - INFO - Epoch: 9 | LR: 0.0004 | Loss 1.0603 | Val MaF1: 0.3813 (Best: 0.4073) | Test MaF1: 0.3616 (Best: 0.3937) | MiF1: 0.4860 (Best: 0.5125)
2024-04-18 14:11:05,085 - root - INFO - Epoch: 10 | LR: 0.0005 | Loss 1.0512 | Val MaF1: 0.3838 (Best: 0.4073) | Test MaF1: 0.3657 (Best: 0.3937) | MiF1: 0.4907 (Best: 0.5125)
2024-04-18 14:11:05,822 - root - INFO - Epoch: 11 | LR: 0.0006 | Loss 1.0397 | Val MaF1: 0.3952 (Best: 0.4073) | Test MaF1: 0.3711 (Best: 0.3937) | MiF1: 0.4961 (Best: 0.5125)
2024-04-18 14:11:06,556 - root - INFO - Epoch: 12 | LR: 0.0007 | Loss 1.0229 | Val MaF1: 0.4206 (Best: 0.4073) | Test MaF1: 0.3899 (Best: 0.3937) | MiF1: 0.5093 (Best: 0.5125)
2024-04-18 14:11:08,083 - root - INFO - ARI: 0.3450 | NMI: 0.3087
2024-04-18 14:11:08,084 - root - INFO - Epoch: 13 | LR: 0.0007 | Loss 0.9996 | Val MaF1: 0.4465 (Best: 0.4465) | Test MaF1: 0.4383 (Best: 0.4383) | MiF1: 0.5397 (Best: 0.5397)
2024-04-18 14:11:09,592 - root - INFO - ARI: 0.3742 | NMI: 0.3309
2024-04-18 14:11:09,592 - root - INFO - Epoch: 14 | LR: 0.0008 | Loss 0.9661 | Val MaF1: 0.5823 (Best: 0.5823) | Test MaF1: 0.5580 (Best: 0.5580) | MiF1: 0.5974 (Best: 0.5974)
2024-04-18 14:11:11,148 - root - INFO - ARI: 0.3883 | NMI: 0.3435
2024-04-18 14:11:11,148 - root - INFO - Epoch: 15 | LR: 0.0009 | Loss 0.9236 | Val MaF1: 0.6913 (Best: 0.6913) | Test MaF1: 0.6380 (Best: 0.6380) | MiF1: 0.6410 (Best: 0.6410)
2024-04-18 14:11:12,757 - root - INFO - ARI: 0.3999 | NMI: 0.3531
2024-04-18 14:11:12,757 - root - INFO - Epoch: 16 | LR: 0.0009 | Loss 0.8732 | Val MaF1: 0.7049 (Best: 0.7049) | Test MaF1: 0.6518 (Best: 0.6518) | MiF1: 0.6511 (Best: 0.6511)
2024-04-18 14:11:13,590 - root - INFO - Epoch: 17 | LR: 0.0009 | Loss 0.8195 | Val MaF1: 0.7110 (Best: 0.7049) | Test MaF1: 0.6514 (Best: 0.6518) | MiF1: 0.6511 (Best: 0.6511)
2024-04-18 14:11:15,080 - root - INFO - ARI: 0.4369 | NMI: 0.3809
2024-04-18 14:11:15,080 - root - INFO - Epoch: 18 | LR: 0.0010 | Loss 0.7603 | Val MaF1: 0.7110 (Best: 0.7110) | Test MaF1: 0.6673 (Best: 0.6673) | MiF1: 0.6667 (Best: 0.6667)
2024-04-18 14:11:15,933 - root - INFO - Epoch: 19 | LR: 0.0010 | Loss 0.7026 | Val MaF1: 0.7200 (Best: 0.7110) | Test MaF1: 0.6603 (Best: 0.6673) | MiF1: 0.6628 (Best: 0.6667)
2024-04-18 14:11:16,682 - root - INFO - Epoch: 20 | LR: 0.0010 | Loss 0.6559 | Val MaF1: 0.7241 (Best: 0.7110) | Test MaF1: 0.6625 (Best: 0.6673) | MiF1: 0.6659 (Best: 0.6667)
2024-04-18 14:11:18,123 - root - INFO - ARI: 0.5160 | NMI: 0.4488
2024-04-18 14:11:18,124 - root - INFO - Epoch: 21 | LR: 0.0010 | Loss 0.6155 | Val MaF1: 0.7320 (Best: 0.7320) | Test MaF1: 0.6703 (Best: 0.6703) | MiF1: 0.6713 (Best: 0.6713)
2024-04-18 14:11:19,597 - root - INFO - ARI: 0.5317 | NMI: 0.4640
2024-04-18 14:11:19,597 - root - INFO - Epoch: 22 | LR: 0.0010 | Loss 0.5795 | Val MaF1: 0.7280 (Best: 0.7280) | Test MaF1: 0.6722 (Best: 0.6722) | MiF1: 0.6721 (Best: 0.6721)
2024-04-18 14:11:21,126 - root - INFO - ARI: 0.5464 | NMI: 0.4771
2024-04-18 14:11:21,126 - root - INFO - Epoch: 23 | LR: 0.0010 | Loss 0.5511 | Val MaF1: 0.7286 (Best: 0.7286) | Test MaF1: 0.6768 (Best: 0.6768) | MiF1: 0.6768 (Best: 0.6768)
2024-04-18 14:11:22,644 - root - INFO - ARI: 0.5599 | NMI: 0.4891
2024-04-18 14:11:22,644 - root - INFO - Epoch: 24 | LR: 0.0010 | Loss 0.5269 | Val MaF1: 0.7262 (Best: 0.7262) | Test MaF1: 0.6789 (Best: 0.6789) | MiF1: 0.6791 (Best: 0.6791)
2024-04-18 14:11:23,412 - root - INFO - Epoch: 25 | LR: 0.0010 | Loss 0.5046 | Val MaF1: 0.7252 (Best: 0.7262) | Test MaF1: 0.6708 (Best: 0.6789) | MiF1: 0.6713 (Best: 0.6791)
2024-04-18 14:11:24,149 - root - INFO - Epoch: 26 | LR: 0.0010 | Loss 0.4861 | Val MaF1: 0.7318 (Best: 0.7262) | Test MaF1: 0.6734 (Best: 0.6789) | MiF1: 0.6737 (Best: 0.6791)
2024-04-18 14:11:24,887 - root - INFO - Epoch: 27 | LR: 0.0010 | Loss 0.4691 | Val MaF1: 0.7264 (Best: 0.7262) | Test MaF1: 0.6637 (Best: 0.6789) | MiF1: 0.6643 (Best: 0.6791)
2024-04-18 14:11:25,669 - root - INFO - Epoch: 28 | LR: 0.0009 | Loss 0.4553 | Val MaF1: 0.7144 (Best: 0.7262) | Test MaF1: 0.6594 (Best: 0.6789) | MiF1: 0.6597 (Best: 0.6791)
2024-04-18 14:11:26,404 - root - INFO - Epoch: 29 | LR: 0.0009 | Loss 0.4440 | Val MaF1: 0.7055 (Best: 0.7262) | Test MaF1: 0.6584 (Best: 0.6789) | MiF1: 0.6589 (Best: 0.6791)
2024-04-18 14:11:27,135 - root - INFO - Epoch: 30 | LR: 0.0009 | Loss 0.4324 | Val MaF1: 0.7055 (Best: 0.7262) | Test MaF1: 0.6633 (Best: 0.6789) | MiF1: 0.6628 (Best: 0.6791)
2024-04-18 14:11:27,878 - root - INFO - Epoch: 31 | LR: 0.0009 | Loss 0.4249 | Val MaF1: 0.7083 (Best: 0.7262) | Test MaF1: 0.6579 (Best: 0.6789) | MiF1: 0.6573 (Best: 0.6791)
2024-04-18 14:11:28,617 - root - INFO - Epoch: 32 | LR: 0.0009 | Loss 0.4167 | Val MaF1: 0.7110 (Best: 0.7262) | Test MaF1: 0.6519 (Best: 0.6789) | MiF1: 0.6511 (Best: 0.6791)
2024-04-18 14:11:29,353 - root - INFO - Epoch: 33 | LR: 0.0008 | Loss 0.4105 | Val MaF1: 0.7083 (Best: 0.7262) | Test MaF1: 0.6531 (Best: 0.6789) | MiF1: 0.6526 (Best: 0.6791)
2024-04-18 14:11:30,089 - root - INFO - Epoch: 34 | LR: 0.0008 | Loss 0.4043 | Val MaF1: 0.7149 (Best: 0.7262) | Test MaF1: 0.6477 (Best: 0.6789) | MiF1: 0.6480 (Best: 0.6791)
2024-04-18 14:11:30,880 - root - INFO - Epoch: 35 | LR: 0.0008 | Loss 0.3992 | Val MaF1: 0.7149 (Best: 0.7262) | Test MaF1: 0.6498 (Best: 0.6789) | MiF1: 0.6503 (Best: 0.6791)
2024-04-18 14:11:31,613 - root - INFO - Epoch: 36 | LR: 0.0008 | Loss 0.3942 | Val MaF1: 0.7124 (Best: 0.7262) | Test MaF1: 0.6514 (Best: 0.6789) | MiF1: 0.6519 (Best: 0.6791)
2024-04-18 14:11:32,344 - root - INFO - Epoch: 37 | LR: 0.0007 | Loss 0.3915 | Val MaF1: 0.7124 (Best: 0.7262) | Test MaF1: 0.6558 (Best: 0.6789) | MiF1: 0.6558 (Best: 0.6791)
2024-04-18 14:11:33,073 - root - INFO - Epoch: 38 | LR: 0.0007 | Loss 0.3881 | Val MaF1: 0.7093 (Best: 0.7262) | Test MaF1: 0.6570 (Best: 0.6789) | MiF1: 0.6573 (Best: 0.6791)
2024-04-18 14:11:33,817 - root - INFO - Epoch: 39 | LR: 0.0007 | Loss 0.3843 | Val MaF1: 0.7096 (Best: 0.7262) | Test MaF1: 0.6568 (Best: 0.6789) | MiF1: 0.6565 (Best: 0.6791)
2024-04-18 14:11:34,546 - root - INFO - Epoch: 40 | LR: 0.0006 | Loss 0.3820 | Val MaF1: 0.7096 (Best: 0.7262) | Test MaF1: 0.6532 (Best: 0.6789) | MiF1: 0.6526 (Best: 0.6791)
2024-04-18 14:11:35,280 - root - INFO - Epoch: 41 | LR: 0.0006 | Loss 0.3793 | Val MaF1: 0.7048 (Best: 0.7262) | Test MaF1: 0.6570 (Best: 0.6789) | MiF1: 0.6565 (Best: 0.6791)
2024-04-18 14:11:36,064 - root - INFO - Epoch: 42 | LR: 0.0006 | Loss 0.3774 | Val MaF1: 0.7065 (Best: 0.7262) | Test MaF1: 0.6535 (Best: 0.6789) | MiF1: 0.6534 (Best: 0.6791)
2024-04-18 14:11:36,801 - root - INFO - Epoch: 43 | LR: 0.0005 | Loss 0.3753 | Val MaF1: 0.7037 (Best: 0.7262) | Test MaF1: 0.6520 (Best: 0.6789) | MiF1: 0.6519 (Best: 0.6791)
2024-04-18 14:11:37,552 - root - INFO - Epoch: 44 | LR: 0.0005 | Loss 0.3744 | Val MaF1: 0.7061 (Best: 0.7262) | Test MaF1: 0.6506 (Best: 0.6789) | MiF1: 0.6503 (Best: 0.6791)
2024-04-18 14:11:38,282 - root - INFO - Epoch: 45 | LR: 0.0005 | Loss 0.3732 | Val MaF1: 0.7040 (Best: 0.7262) | Test MaF1: 0.6506 (Best: 0.6789) | MiF1: 0.6503 (Best: 0.6791)
2024-04-18 14:11:39,029 - root - INFO - Epoch: 46 | LR: 0.0005 | Loss 0.3719 | Val MaF1: 0.7040 (Best: 0.7262) | Test MaF1: 0.6494 (Best: 0.6789) | MiF1: 0.6495 (Best: 0.6791)
2024-04-18 14:11:39,776 - root - INFO - Epoch: 47 | LR: 0.0004 | Loss 0.3713 | Val MaF1: 0.7037 (Best: 0.7262) | Test MaF1: 0.6485 (Best: 0.6789) | MiF1: 0.6488 (Best: 0.6791)
2024-04-18 14:11:40,515 - root - INFO - Epoch: 48 | LR: 0.0004 | Loss 0.3705 | Val MaF1: 0.7040 (Best: 0.7262) | Test MaF1: 0.6470 (Best: 0.6789) | MiF1: 0.6472 (Best: 0.6791)
2024-04-18 14:11:41,379 - root - INFO - Epoch: 49 | LR: 0.0004 | Loss 0.3697 | Val MaF1: 0.7040 (Best: 0.7262) | Test MaF1: 0.6473 (Best: 0.6789) | MiF1: 0.6472 (Best: 0.6791)
2024-04-18 14:11:42,238 - root - INFO - Epoch: 50 | LR: 0.0003 | Loss 0.3687 | Val MaF1: 0.7068 (Best: 0.7262) | Test MaF1: 0.6471 (Best: 0.6789) | MiF1: 0.6472 (Best: 0.6791)
2024-04-18 14:11:42,979 - root - INFO - Epoch: 51 | LR: 0.0003 | Loss 0.3678 | Val MaF1: 0.7072 (Best: 0.7262) | Test MaF1: 0.6482 (Best: 0.6789) | MiF1: 0.6480 (Best: 0.6791)
2024-04-18 14:11:43,755 - root - INFO - Epoch: 52 | LR: 0.0003 | Loss 0.3677 | Val MaF1: 0.7051 (Best: 0.7262) | Test MaF1: 0.6467 (Best: 0.6789) | MiF1: 0.6464 (Best: 0.6791)
2024-04-18 14:11:44,507 - root - INFO - Epoch: 53 | LR: 0.0002 | Loss 0.3667 | Val MaF1: 0.7051 (Best: 0.7262) | Test MaF1: 0.6481 (Best: 0.6789) | MiF1: 0.6480 (Best: 0.6791)
2024-04-18 14:11:45,238 - root - INFO - Epoch: 54 | LR: 0.0002 | Loss 0.3666 | Val MaF1: 0.7031 (Best: 0.7262) | Test MaF1: 0.6480 (Best: 0.6789) | MiF1: 0.6480 (Best: 0.6791)
2024-04-18 14:11:45,975 - root - INFO - Epoch: 55 | LR: 0.0002 | Loss 0.3664 | Val MaF1: 0.7031 (Best: 0.7262) | Test MaF1: 0.6480 (Best: 0.6789) | MiF1: 0.6480 (Best: 0.6791)
2024-04-18 14:11:46,749 - root - INFO - Epoch: 56 | LR: 0.0002 | Loss 0.3658 | Val MaF1: 0.7027 (Best: 0.7262) | Test MaF1: 0.6472 (Best: 0.6789) | MiF1: 0.6472 (Best: 0.6791)
2024-04-18 14:11:47,528 - root - INFO - Epoch: 57 | LR: 0.0001 | Loss 0.3656 | Val MaF1: 0.7027 (Best: 0.7262) | Test MaF1: 0.6464 (Best: 0.6789) | MiF1: 0.6464 (Best: 0.6791)
2024-04-18 14:11:48,261 - root - INFO - Epoch: 58 | LR: 0.0001 | Loss 0.3653 | Val MaF1: 0.7048 (Best: 0.7262) | Test MaF1: 0.6465 (Best: 0.6789) | MiF1: 0.6464 (Best: 0.6791)
2024-04-18 14:11:48,993 - root - INFO - Epoch: 59 | LR: 0.0001 | Loss 0.3654 | Val MaF1: 0.7048 (Best: 0.7262) | Test MaF1: 0.6456 (Best: 0.6789) | MiF1: 0.6456 (Best: 0.6791)
2024-04-18 14:11:49,722 - root - INFO - Epoch: 60 | LR: 0.0001 | Loss 0.3655 | Val MaF1: 0.7048 (Best: 0.7262) | Test MaF1: 0.6440 (Best: 0.6789) | MiF1: 0.6441 (Best: 0.6791)
2024-04-18 14:11:50,457 - root - INFO - Epoch: 61 | LR: 0.0001 | Loss 0.3650 | Val MaF1: 0.7048 (Best: 0.7262) | Test MaF1: 0.6433 (Best: 0.6789) | MiF1: 0.6433 (Best: 0.6791)
2024-04-18 14:11:51,192 - root - INFO - Epoch: 62 | LR: 0.0000 | Loss 0.3648 | Val MaF1: 0.7048 (Best: 0.7262) | Test MaF1: 0.6415 (Best: 0.6789) | MiF1: 0.6417 (Best: 0.6791)
2024-04-18 14:11:51,930 - root - INFO - Epoch: 63 | LR: 0.0000 | Loss 0.3645 | Val MaF1: 0.7048 (Best: 0.7262) | Test MaF1: 0.6415 (Best: 0.6789) | MiF1: 0.6417 (Best: 0.6791)
2024-04-18 14:11:52,731 - root - INFO - Epoch: 64 | LR: 0.0000 | Loss 0.3645 | Val MaF1: 0.7048 (Best: 0.7262) | Test MaF1: 0.6415 (Best: 0.6789) | MiF1: 0.6417 (Best: 0.6791)
2024-04-18 14:11:53,516 - root - INFO - Epoch: 65 | LR: 0.0000 | Loss 0.3645 | Val MaF1: 0.7048 (Best: 0.7262) | Test MaF1: 0.6415 (Best: 0.6789) | MiF1: 0.6417 (Best: 0.6791)
2024-04-18 14:11:54,295 - root - INFO - Epoch: 66 | LR: 0.0000 | Loss 0.3642 | Val MaF1: 0.7048 (Best: 0.7262) | Test MaF1: 0.6415 (Best: 0.6789) | MiF1: 0.6417 (Best: 0.6791)
2024-04-18 14:11:55,058 - root - INFO - Epoch: 67 | LR: 0.0000 | Loss 0.3646 | Val MaF1: 0.7048 (Best: 0.7262) | Test MaF1: 0.6415 (Best: 0.6789) | MiF1: 0.6417 (Best: 0.6791)
2024-04-18 14:11:55,814 - root - INFO - Epoch: 68 | LR: 0.0000 | Loss 0.3649 | Val MaF1: 0.7048 (Best: 0.7262) | Test MaF1: 0.6415 (Best: 0.6789) | MiF1: 0.6417 (Best: 0.6791)
2024-04-18 14:11:56,589 - root - INFO - Epoch: 69 | LR: 0.0000 | Loss 0.3647 | Val MaF1: 0.7048 (Best: 0.7262) | Test MaF1: 0.6415 (Best: 0.6789) | MiF1: 0.6417 (Best: 0.6791)
2024-04-18 14:11:57,357 - root - INFO - Epoch: 70 | LR: 0.0000 | Loss 0.3641 | Val MaF1: 0.7048 (Best: 0.7262) | Test MaF1: 0.6415 (Best: 0.6789) | MiF1: 0.6417 (Best: 0.6791)
2024-04-18 14:11:57,357 - root - INFO - Best Epoch: 24 | Train MiF1: 0.9388,  MaF1: 0.9388 | Val MiF1: 0.7266, MaF1: 0.7262 | Test MaF1: 0.6789, MiF1: 0.6791
2024-04-18 14:11:57,949 - root - INFO - ARI: 0.5599 | NMI: 0.4891
