2024-04-18 16:20:58,985 - root - INFO - {'prefix': 'SR-HGN', 'gpu': 0, 'feat': 1, 'seed': 0, 'verbose': 1, 'train_split': 0.2, 'val_split': 0.3, 'num_type_heads': 4, 'num_node_heads': 4, 'hidden_dim': 32, 'clip': 1.0, 'num_layers': 3, 'alpha': 0.5, 'epochs': 80, 'dataset': 'acm', 'input_dim': 256, 'aggregate': 'concat', 'iscuda': True, 'cluster': True, 'max_lr': 0.001, 'weight_decay': 1e-05, 'heads': 8, 'han_heads': [4], 'hh_heads': 3, 'dropout': 0.2}
2024-04-18 16:21:01,669 - root - INFO - Training SR-HGN with #param: 2511891
2024-04-18 16:21:04,485 - root - INFO - ARI: 0.0163 | NMI: 0.0123
2024-04-18 16:21:04,486 - root - INFO - Epoch: 1 | LR: 0.0000 | Loss 1.0903 | Val MaF1: 0.2811 (Best: 0.2811) | Test MaF1: 0.3087 (Best: 0.3087) | MiF1: 0.4663 (Best: 0.4663)
2024-04-18 16:21:05,323 - root - INFO - Epoch: 2 | LR: 0.0001 | Loss 1.0872 | Val MaF1: 0.2545 (Best: 0.2811) | Test MaF1: 0.2797 (Best: 0.3087) | MiF1: 0.4847 (Best: 0.4663)
2024-04-18 16:21:06,115 - root - INFO - Epoch: 3 | LR: 0.0001 | Loss 1.0773 | Val MaF1: 0.2338 (Best: 0.2811) | Test MaF1: 0.2520 (Best: 0.3087) | MiF1: 0.5000 (Best: 0.4663)
2024-04-18 16:21:06,913 - root - INFO - Epoch: 4 | LR: 0.0001 | Loss 1.0746 | Val MaF1: 0.2262 (Best: 0.2811) | Test MaF1: 0.2300 (Best: 0.3087) | MiF1: 0.4982 (Best: 0.4663)
2024-04-18 16:21:07,752 - root - INFO - Epoch: 5 | LR: 0.0001 | Loss 1.0649 | Val MaF1: 0.2270 (Best: 0.2811) | Test MaF1: 0.2219 (Best: 0.3087) | MiF1: 0.4961 (Best: 0.4663)
2024-04-18 16:21:08,560 - root - INFO - Epoch: 6 | LR: 0.0002 | Loss 1.0510 | Val MaF1: 0.2204 (Best: 0.2811) | Test MaF1: 0.2210 (Best: 0.3087) | MiF1: 0.4957 (Best: 0.4663)
2024-04-18 16:21:09,348 - root - INFO - Epoch: 7 | LR: 0.0002 | Loss 1.0406 | Val MaF1: 0.2204 (Best: 0.2811) | Test MaF1: 0.2210 (Best: 0.3087) | MiF1: 0.4957 (Best: 0.4663)
2024-04-18 16:21:10,144 - root - INFO - Epoch: 8 | LR: 0.0003 | Loss 1.0267 | Val MaF1: 0.2204 (Best: 0.2811) | Test MaF1: 0.2210 (Best: 0.3087) | MiF1: 0.4957 (Best: 0.4663)
2024-04-18 16:21:10,959 - root - INFO - Epoch: 9 | LR: 0.0004 | Loss 1.0080 | Val MaF1: 0.2204 (Best: 0.2811) | Test MaF1: 0.2210 (Best: 0.3087) | MiF1: 0.4957 (Best: 0.4663)
2024-04-18 16:21:11,742 - root - INFO - Epoch: 10 | LR: 0.0004 | Loss 0.9983 | Val MaF1: 0.2204 (Best: 0.2811) | Test MaF1: 0.2210 (Best: 0.3087) | MiF1: 0.4957 (Best: 0.4663)
2024-04-18 16:21:12,571 - root - INFO - Epoch: 11 | LR: 0.0005 | Loss 0.9836 | Val MaF1: 0.2204 (Best: 0.2811) | Test MaF1: 0.2210 (Best: 0.3087) | MiF1: 0.4957 (Best: 0.4663)
2024-04-18 16:21:13,376 - root - INFO - Epoch: 12 | LR: 0.0006 | Loss 0.9601 | Val MaF1: 0.2204 (Best: 0.2811) | Test MaF1: 0.2210 (Best: 0.3087) | MiF1: 0.4957 (Best: 0.4663)
2024-04-18 16:21:14,149 - root - INFO - Epoch: 13 | LR: 0.0006 | Loss 0.9430 | Val MaF1: 0.2204 (Best: 0.2811) | Test MaF1: 0.2210 (Best: 0.3087) | MiF1: 0.4957 (Best: 0.4663)
2024-04-18 16:21:14,923 - root - INFO - Epoch: 14 | LR: 0.0007 | Loss 0.9160 | Val MaF1: 0.2204 (Best: 0.2811) | Test MaF1: 0.2220 (Best: 0.3087) | MiF1: 0.4961 (Best: 0.4663)
2024-04-18 16:21:15,705 - root - INFO - Epoch: 15 | LR: 0.0007 | Loss 0.8814 | Val MaF1: 0.2609 (Best: 0.2811) | Test MaF1: 0.2582 (Best: 0.3087) | MiF1: 0.5092 (Best: 0.4663)
2024-04-18 16:21:17,116 - root - INFO - ARI: 0.4538 | NMI: 0.4243
2024-04-18 16:21:17,117 - root - INFO - Epoch: 16 | LR: 0.0008 | Loss 0.8482 | Val MaF1: 0.5824 (Best: 0.5824) | Test MaF1: 0.5849 (Best: 0.5849) | MiF1: 0.6662 (Best: 0.6662)
2024-04-18 16:21:18,533 - root - INFO - ARI: 0.4741 | NMI: 0.4609
2024-04-18 16:21:18,534 - root - INFO - Epoch: 17 | LR: 0.0008 | Loss 0.8097 | Val MaF1: 0.8048 (Best: 0.8048) | Test MaF1: 0.8304 (Best: 0.8304) | MiF1: 0.8420 (Best: 0.8420)
2024-04-18 16:21:20,007 - root - INFO - ARI: 0.4858 | NMI: 0.4844
2024-04-18 16:21:20,008 - root - INFO - Epoch: 18 | LR: 0.0009 | Loss 0.7733 | Val MaF1: 0.8937 (Best: 0.8937) | Test MaF1: 0.8999 (Best: 0.8999) | MiF1: 0.9027 (Best: 0.9027)
2024-04-18 16:21:21,398 - root - INFO - ARI: 0.5276 | NMI: 0.5195
2024-04-18 16:21:21,399 - root - INFO - Epoch: 19 | LR: 0.0009 | Loss 0.7375 | Val MaF1: 0.9023 (Best: 0.9023) | Test MaF1: 0.9182 (Best: 0.9182) | MiF1: 0.9194 (Best: 0.9194)
2024-04-18 16:21:22,227 - root - INFO - Epoch: 20 | LR: 0.0010 | Loss 0.6931 | Val MaF1: 0.8991 (Best: 0.9023) | Test MaF1: 0.9158 (Best: 0.9182) | MiF1: 0.9176 (Best: 0.9194)
2024-04-18 16:21:23,008 - root - INFO - Epoch: 21 | LR: 0.0010 | Loss 0.6511 | Val MaF1: 0.8972 (Best: 0.9023) | Test MaF1: 0.9090 (Best: 0.9182) | MiF1: 0.9112 (Best: 0.9194)
2024-04-18 16:21:23,789 - root - INFO - Epoch: 22 | LR: 0.0010 | Loss 0.6165 | Val MaF1: 0.8949 (Best: 0.9023) | Test MaF1: 0.9079 (Best: 0.9182) | MiF1: 0.9102 (Best: 0.9194)
2024-04-18 16:21:24,611 - root - INFO - Epoch: 23 | LR: 0.0010 | Loss 0.5822 | Val MaF1: 0.9058 (Best: 0.9023) | Test MaF1: 0.9147 (Best: 0.9182) | MiF1: 0.9165 (Best: 0.9194)
2024-04-18 16:21:25,957 - root - INFO - ARI: 0.7299 | NMI: 0.6575
2024-04-18 16:21:25,957 - root - INFO - Epoch: 24 | LR: 0.0010 | Loss 0.5572 | Val MaF1: 0.9271 (Best: 0.9271) | Test MaF1: 0.9242 (Best: 0.9242) | MiF1: 0.9254 (Best: 0.9254)
2024-04-18 16:21:27,359 - root - INFO - ARI: 0.7455 | NMI: 0.6716
2024-04-18 16:21:27,359 - root - INFO - Epoch: 25 | LR: 0.0010 | Loss 0.5316 | Val MaF1: 0.9207 (Best: 0.9207) | Test MaF1: 0.9271 (Best: 0.9271) | MiF1: 0.9283 (Best: 0.9283)
2024-04-18 16:21:28,792 - root - INFO - ARI: 0.7527 | NMI: 0.6803
2024-04-18 16:21:28,792 - root - INFO - Epoch: 26 | LR: 0.0010 | Loss 0.5104 | Val MaF1: 0.9232 (Best: 0.9232) | Test MaF1: 0.9293 (Best: 0.9293) | MiF1: 0.9304 (Best: 0.9304)
2024-04-18 16:21:30,202 - root - INFO - ARI: 0.7611 | NMI: 0.6931
2024-04-18 16:21:30,202 - root - INFO - Epoch: 27 | LR: 0.0010 | Loss 0.4956 | Val MaF1: 0.9257 (Best: 0.9257) | Test MaF1: 0.9320 (Best: 0.9320) | MiF1: 0.9329 (Best: 0.9329)
2024-04-18 16:21:31,013 - root - INFO - Epoch: 28 | LR: 0.0010 | Loss 0.4794 | Val MaF1: 0.9283 (Best: 0.9257) | Test MaF1: 0.9305 (Best: 0.9320) | MiF1: 0.9315 (Best: 0.9329)
2024-04-18 16:21:32,400 - root - INFO - ARI: 0.7699 | NMI: 0.7026
2024-04-18 16:21:32,400 - root - INFO - Epoch: 29 | LR: 0.0010 | Loss 0.4676 | Val MaF1: 0.9286 (Best: 0.9286) | Test MaF1: 0.9338 (Best: 0.9338) | MiF1: 0.9347 (Best: 0.9347)
2024-04-18 16:21:33,217 - root - INFO - Epoch: 30 | LR: 0.0010 | Loss 0.4557 | Val MaF1: 0.9310 (Best: 0.9286) | Test MaF1: 0.9325 (Best: 0.9338) | MiF1: 0.9332 (Best: 0.9347)
2024-04-18 16:21:33,990 - root - INFO - Epoch: 31 | LR: 0.0010 | Loss 0.4481 | Val MaF1: 0.9361 (Best: 0.9286) | Test MaF1: 0.9333 (Best: 0.9338) | MiF1: 0.9339 (Best: 0.9347)
2024-04-18 16:21:34,765 - root - INFO - Epoch: 32 | LR: 0.0009 | Loss 0.4396 | Val MaF1: 0.9361 (Best: 0.9286) | Test MaF1: 0.9328 (Best: 0.9338) | MiF1: 0.9336 (Best: 0.9347)
2024-04-18 16:21:35,581 - root - INFO - Epoch: 33 | LR: 0.0009 | Loss 0.4326 | Val MaF1: 0.9384 (Best: 0.9286) | Test MaF1: 0.9327 (Best: 0.9338) | MiF1: 0.9336 (Best: 0.9347)
2024-04-18 16:21:36,354 - root - INFO - Epoch: 34 | LR: 0.0009 | Loss 0.4264 | Val MaF1: 0.9359 (Best: 0.9286) | Test MaF1: 0.9337 (Best: 0.9338) | MiF1: 0.9347 (Best: 0.9347)
2024-04-18 16:21:37,704 - root - INFO - ARI: 0.7894 | NMI: 0.7260
2024-04-18 16:21:37,704 - root - INFO - Epoch: 35 | LR: 0.0009 | Loss 0.4211 | Val MaF1: 0.9382 (Best: 0.9382) | Test MaF1: 0.9344 (Best: 0.9344) | MiF1: 0.9354 (Best: 0.9354)
2024-04-18 16:21:39,175 - root - INFO - ARI: 0.7874 | NMI: 0.7233
2024-04-18 16:21:39,176 - root - INFO - Epoch: 36 | LR: 0.0009 | Loss 0.4176 | Val MaF1: 0.9359 (Best: 0.9359) | Test MaF1: 0.9345 (Best: 0.9345) | MiF1: 0.9354 (Best: 0.9354)
2024-04-18 16:21:40,577 - root - INFO - ARI: 0.7897 | NMI: 0.7258
2024-04-18 16:21:40,577 - root - INFO - Epoch: 37 | LR: 0.0009 | Loss 0.4125 | Val MaF1: 0.9359 (Best: 0.9359) | Test MaF1: 0.9356 (Best: 0.9356) | MiF1: 0.9364 (Best: 0.9364)
2024-04-18 16:21:41,393 - root - INFO - Epoch: 38 | LR: 0.0008 | Loss 0.4078 | Val MaF1: 0.9384 (Best: 0.9359) | Test MaF1: 0.9343 (Best: 0.9356) | MiF1: 0.9350 (Best: 0.9364)
2024-04-18 16:21:42,171 - root - INFO - Epoch: 39 | LR: 0.0008 | Loss 0.4046 | Val MaF1: 0.9384 (Best: 0.9359) | Test MaF1: 0.9342 (Best: 0.9356) | MiF1: 0.9350 (Best: 0.9364)
2024-04-18 16:21:42,947 - root - INFO - Epoch: 40 | LR: 0.0008 | Loss 0.4016 | Val MaF1: 0.9334 (Best: 0.9359) | Test MaF1: 0.9323 (Best: 0.9356) | MiF1: 0.9332 (Best: 0.9364)
2024-04-18 16:21:43,763 - root - INFO - Epoch: 41 | LR: 0.0008 | Loss 0.3988 | Val MaF1: 0.9334 (Best: 0.9359) | Test MaF1: 0.9326 (Best: 0.9356) | MiF1: 0.9336 (Best: 0.9364)
2024-04-18 16:21:44,534 - root - INFO - Epoch: 42 | LR: 0.0007 | Loss 0.3964 | Val MaF1: 0.9334 (Best: 0.9359) | Test MaF1: 0.9319 (Best: 0.9356) | MiF1: 0.9329 (Best: 0.9364)
2024-04-18 16:21:45,309 - root - INFO - Epoch: 43 | LR: 0.0007 | Loss 0.3938 | Val MaF1: 0.9334 (Best: 0.9359) | Test MaF1: 0.9312 (Best: 0.9356) | MiF1: 0.9322 (Best: 0.9364)
2024-04-18 16:21:46,095 - root - INFO - Epoch: 44 | LR: 0.0007 | Loss 0.3910 | Val MaF1: 0.9309 (Best: 0.9359) | Test MaF1: 0.9308 (Best: 0.9356) | MiF1: 0.9318 (Best: 0.9364)
2024-04-18 16:21:46,874 - root - INFO - Epoch: 45 | LR: 0.0007 | Loss 0.3896 | Val MaF1: 0.9309 (Best: 0.9359) | Test MaF1: 0.9299 (Best: 0.9356) | MiF1: 0.9311 (Best: 0.9364)
2024-04-18 16:21:47,660 - root - INFO - Epoch: 46 | LR: 0.0006 | Loss 0.3883 | Val MaF1: 0.9332 (Best: 0.9359) | Test MaF1: 0.9303 (Best: 0.9356) | MiF1: 0.9315 (Best: 0.9364)
2024-04-18 16:21:48,480 - root - INFO - Epoch: 47 | LR: 0.0006 | Loss 0.3867 | Val MaF1: 0.9332 (Best: 0.9359) | Test MaF1: 0.9299 (Best: 0.9356) | MiF1: 0.9311 (Best: 0.9364)
2024-04-18 16:21:49,258 - root - INFO - Epoch: 48 | LR: 0.0006 | Loss 0.3848 | Val MaF1: 0.9332 (Best: 0.9359) | Test MaF1: 0.9296 (Best: 0.9356) | MiF1: 0.9308 (Best: 0.9364)
2024-04-18 16:21:50,032 - root - INFO - Epoch: 49 | LR: 0.0006 | Loss 0.3831 | Val MaF1: 0.9332 (Best: 0.9359) | Test MaF1: 0.9307 (Best: 0.9356) | MiF1: 0.9318 (Best: 0.9364)
2024-04-18 16:21:50,807 - root - INFO - Epoch: 50 | LR: 0.0005 | Loss 0.3827 | Val MaF1: 0.9332 (Best: 0.9359) | Test MaF1: 0.9307 (Best: 0.9356) | MiF1: 0.9318 (Best: 0.9364)
2024-04-18 16:21:51,581 - root - INFO - Epoch: 51 | LR: 0.0005 | Loss 0.3811 | Val MaF1: 0.9332 (Best: 0.9359) | Test MaF1: 0.9307 (Best: 0.9356) | MiF1: 0.9318 (Best: 0.9364)
2024-04-18 16:21:52,357 - root - INFO - Epoch: 52 | LR: 0.0005 | Loss 0.3802 | Val MaF1: 0.9332 (Best: 0.9359) | Test MaF1: 0.9310 (Best: 0.9356) | MiF1: 0.9322 (Best: 0.9364)
2024-04-18 16:21:53,180 - root - INFO - Epoch: 53 | LR: 0.0004 | Loss 0.3790 | Val MaF1: 0.9332 (Best: 0.9359) | Test MaF1: 0.9315 (Best: 0.9356) | MiF1: 0.9325 (Best: 0.9364)
2024-04-18 16:21:53,952 - root - INFO - Epoch: 54 | LR: 0.0004 | Loss 0.3789 | Val MaF1: 0.9332 (Best: 0.9359) | Test MaF1: 0.9312 (Best: 0.9356) | MiF1: 0.9322 (Best: 0.9364)
2024-04-18 16:21:54,725 - root - INFO - Epoch: 55 | LR: 0.0004 | Loss 0.3782 | Val MaF1: 0.9332 (Best: 0.9359) | Test MaF1: 0.9308 (Best: 0.9356) | MiF1: 0.9318 (Best: 0.9364)
2024-04-18 16:21:55,503 - root - INFO - Epoch: 56 | LR: 0.0004 | Loss 0.3773 | Val MaF1: 0.9307 (Best: 0.9359) | Test MaF1: 0.9312 (Best: 0.9356) | MiF1: 0.9322 (Best: 0.9364)
2024-04-18 16:21:56,293 - root - INFO - Epoch: 57 | LR: 0.0003 | Loss 0.3762 | Val MaF1: 0.9307 (Best: 0.9359) | Test MaF1: 0.9312 (Best: 0.9356) | MiF1: 0.9322 (Best: 0.9364)
2024-04-18 16:21:57,087 - root - INFO - Epoch: 58 | LR: 0.0003 | Loss 0.3762 | Val MaF1: 0.9307 (Best: 0.9359) | Test MaF1: 0.9321 (Best: 0.9356) | MiF1: 0.9329 (Best: 0.9364)
2024-04-18 16:21:57,881 - root - INFO - Epoch: 59 | LR: 0.0003 | Loss 0.3760 | Val MaF1: 0.9307 (Best: 0.9359) | Test MaF1: 0.9321 (Best: 0.9356) | MiF1: 0.9329 (Best: 0.9364)
2024-04-18 16:21:58,706 - root - INFO - Epoch: 60 | LR: 0.0003 | Loss 0.3746 | Val MaF1: 0.9330 (Best: 0.9359) | Test MaF1: 0.9321 (Best: 0.9356) | MiF1: 0.9329 (Best: 0.9364)
2024-04-18 16:21:59,509 - root - INFO - Epoch: 61 | LR: 0.0002 | Loss 0.3741 | Val MaF1: 0.9330 (Best: 0.9359) | Test MaF1: 0.9320 (Best: 0.9356) | MiF1: 0.9329 (Best: 0.9364)
2024-04-18 16:22:00,288 - root - INFO - Epoch: 62 | LR: 0.0002 | Loss 0.3740 | Val MaF1: 0.9330 (Best: 0.9359) | Test MaF1: 0.9323 (Best: 0.9356) | MiF1: 0.9332 (Best: 0.9364)
2024-04-18 16:22:01,080 - root - INFO - Epoch: 63 | LR: 0.0002 | Loss 0.3743 | Val MaF1: 0.9330 (Best: 0.9359) | Test MaF1: 0.9323 (Best: 0.9356) | MiF1: 0.9332 (Best: 0.9364)
2024-04-18 16:22:01,862 - root - INFO - Epoch: 64 | LR: 0.0002 | Loss 0.3740 | Val MaF1: 0.9330 (Best: 0.9359) | Test MaF1: 0.9323 (Best: 0.9356) | MiF1: 0.9332 (Best: 0.9364)
2024-04-18 16:22:02,642 - root - INFO - Epoch: 65 | LR: 0.0001 | Loss 0.3739 | Val MaF1: 0.9330 (Best: 0.9359) | Test MaF1: 0.9319 (Best: 0.9356) | MiF1: 0.9329 (Best: 0.9364)
2024-04-18 16:22:03,460 - root - INFO - Epoch: 66 | LR: 0.0001 | Loss 0.3732 | Val MaF1: 0.9330 (Best: 0.9359) | Test MaF1: 0.9315 (Best: 0.9356) | MiF1: 0.9325 (Best: 0.9364)
2024-04-18 16:22:04,239 - root - INFO - Epoch: 67 | LR: 0.0001 | Loss 0.3729 | Val MaF1: 0.9330 (Best: 0.9359) | Test MaF1: 0.9315 (Best: 0.9356) | MiF1: 0.9325 (Best: 0.9364)
2024-04-18 16:22:05,016 - root - INFO - Epoch: 68 | LR: 0.0001 | Loss 0.3727 | Val MaF1: 0.9330 (Best: 0.9359) | Test MaF1: 0.9315 (Best: 0.9356) | MiF1: 0.9325 (Best: 0.9364)
2024-04-18 16:22:05,794 - root - INFO - Epoch: 69 | LR: 0.0001 | Loss 0.3726 | Val MaF1: 0.9330 (Best: 0.9359) | Test MaF1: 0.9315 (Best: 0.9356) | MiF1: 0.9325 (Best: 0.9364)
2024-04-18 16:22:06,573 - root - INFO - Epoch: 70 | LR: 0.0001 | Loss 0.3724 | Val MaF1: 0.9330 (Best: 0.9359) | Test MaF1: 0.9312 (Best: 0.9356) | MiF1: 0.9322 (Best: 0.9364)
2024-04-18 16:22:07,349 - root - INFO - Epoch: 71 | LR: 0.0000 | Loss 0.3728 | Val MaF1: 0.9330 (Best: 0.9359) | Test MaF1: 0.9312 (Best: 0.9356) | MiF1: 0.9322 (Best: 0.9364)
2024-04-18 16:22:08,169 - root - INFO - Epoch: 72 | LR: 0.0000 | Loss 0.3719 | Val MaF1: 0.9330 (Best: 0.9359) | Test MaF1: 0.9312 (Best: 0.9356) | MiF1: 0.9322 (Best: 0.9364)
2024-04-18 16:22:08,945 - root - INFO - Epoch: 73 | LR: 0.0000 | Loss 0.3718 | Val MaF1: 0.9330 (Best: 0.9359) | Test MaF1: 0.9312 (Best: 0.9356) | MiF1: 0.9322 (Best: 0.9364)
2024-04-18 16:22:09,731 - root - INFO - Epoch: 74 | LR: 0.0000 | Loss 0.3723 | Val MaF1: 0.9330 (Best: 0.9359) | Test MaF1: 0.9312 (Best: 0.9356) | MiF1: 0.9322 (Best: 0.9364)
2024-04-18 16:22:10,521 - root - INFO - Epoch: 75 | LR: 0.0000 | Loss 0.3723 | Val MaF1: 0.9330 (Best: 0.9359) | Test MaF1: 0.9312 (Best: 0.9356) | MiF1: 0.9322 (Best: 0.9364)
2024-04-18 16:22:11,324 - root - INFO - Epoch: 76 | LR: 0.0000 | Loss 0.3719 | Val MaF1: 0.9330 (Best: 0.9359) | Test MaF1: 0.9312 (Best: 0.9356) | MiF1: 0.9322 (Best: 0.9364)
2024-04-18 16:22:12,107 - root - INFO - Epoch: 77 | LR: 0.0000 | Loss 0.3720 | Val MaF1: 0.9330 (Best: 0.9359) | Test MaF1: 0.9312 (Best: 0.9356) | MiF1: 0.9322 (Best: 0.9364)
2024-04-18 16:22:12,889 - root - INFO - Epoch: 78 | LR: 0.0000 | Loss 0.3719 | Val MaF1: 0.9330 (Best: 0.9359) | Test MaF1: 0.9312 (Best: 0.9356) | MiF1: 0.9322 (Best: 0.9364)
2024-04-18 16:22:13,713 - root - INFO - Epoch: 79 | LR: 0.0000 | Loss 0.3719 | Val MaF1: 0.9330 (Best: 0.9359) | Test MaF1: 0.9312 (Best: 0.9356) | MiF1: 0.9322 (Best: 0.9364)
2024-04-18 16:22:14,496 - root - INFO - Epoch: 80 | LR: 0.0000 | Loss 0.3721 | Val MaF1: 0.9330 (Best: 0.9359) | Test MaF1: 0.9312 (Best: 0.9356) | MiF1: 0.9322 (Best: 0.9364)
2024-04-18 16:22:14,496 - root - INFO - Best Epoch: 37 | Train MiF1: 0.9988,  MaF1: 0.9988 | Val MiF1: 0.9352, MaF1: 0.9359 | Test MaF1: 0.9356, MiF1: 0.9364
2024-04-18 16:22:14,943 - root - INFO - ARI: 0.7897 | NMI: 0.7258
