2024-04-22 22:34:18,282 - root - INFO - {'prefix': 'SR-HGN', 'gpu': 0, 'feat': 1, 'seed': 0, 'verbose': 1, 'train_split': 0.2, 'val_split': 0.3, 'num_type_heads': 4, 'num_node_heads': 4, 'hidden_dim': 256, 'clip': 1.0, 'num_layers': 4, 'alpha': 0.5, 'epochs': 50, 'dataset': 'acm', 'input_dim': 256, 'aggregate': 'concat', 'iscuda': True, 'cluster': True, 'max_lr': 0.001, 'weight_decay': 1e-05, 'heads': 8, 'han_heads': [4], 'hh_heads': 3, 'dropout': 0.2}
2024-04-22 22:34:21,339 - root - INFO - Training SR-HGN with #param: 40302243
2024-04-22 22:34:25,054 - root - INFO - ARI: 0.0195 | NMI: 0.0168
2024-04-22 22:34:25,055 - root - INFO - Epoch: 1 | LR: 0.0001 | Loss 1.1032 | Val MaF1: 0.2207 (Best: 0.2207) | Test MaF1: 0.2283 (Best: 0.2283) | MiF1: 0.4979 (Best: 0.4979)
2024-04-22 22:34:26,326 - root - INFO - Epoch: 2 | LR: 0.0001 | Loss 1.0758 | Val MaF1: 0.2204 (Best: 0.2207) | Test MaF1: 0.2210 (Best: 0.2283) | MiF1: 0.4957 (Best: 0.4979)
2024-04-22 22:34:27,561 - root - INFO - Epoch: 3 | LR: 0.0001 | Loss 1.0506 | Val MaF1: 0.2204 (Best: 0.2207) | Test MaF1: 0.2210 (Best: 0.2283) | MiF1: 0.4957 (Best: 0.4979)
2024-04-22 22:34:28,789 - root - INFO - Epoch: 4 | LR: 0.0002 | Loss 1.0203 | Val MaF1: 0.2204 (Best: 0.2207) | Test MaF1: 0.2210 (Best: 0.2283) | MiF1: 0.4957 (Best: 0.4979)
2024-04-22 22:34:30,013 - root - INFO - Epoch: 5 | LR: 0.0003 | Loss 0.9979 | Val MaF1: 0.2204 (Best: 0.2207) | Test MaF1: 0.2210 (Best: 0.2283) | MiF1: 0.4957 (Best: 0.4979)
2024-04-22 22:34:31,263 - root - INFO - Epoch: 6 | LR: 0.0004 | Loss 0.9761 | Val MaF1: 0.2204 (Best: 0.2207) | Test MaF1: 0.2210 (Best: 0.2283) | MiF1: 0.4957 (Best: 0.4979)
2024-04-22 22:34:32,461 - root - INFO - Epoch: 7 | LR: 0.0005 | Loss 0.9346 | Val MaF1: 0.2204 (Best: 0.2207) | Test MaF1: 0.2210 (Best: 0.2283) | MiF1: 0.4957 (Best: 0.4979)
2024-04-22 22:34:33,664 - root - INFO - Epoch: 8 | LR: 0.0006 | Loss 0.8760 | Val MaF1: 0.2204 (Best: 0.2207) | Test MaF1: 0.2251 (Best: 0.2283) | MiF1: 0.4972 (Best: 0.4979)
2024-04-22 22:34:35,849 - root - INFO - ARI: 0.7032 | NMI: 0.6915
2024-04-22 22:34:35,850 - root - INFO - Epoch: 9 | LR: 0.0007 | Loss 0.8339 | Val MaF1: 0.4154 (Best: 0.4154) | Test MaF1: 0.3721 (Best: 0.3721) | MiF1: 0.5575 (Best: 0.5575)
2024-04-22 22:34:38,048 - root - INFO - ARI: 0.7752 | NMI: 0.7284
2024-04-22 22:34:38,049 - root - INFO - Epoch: 10 | LR: 0.0008 | Loss 0.7583 | Val MaF1: 0.6889 (Best: 0.6889) | Test MaF1: 0.6884 (Best: 0.6884) | MiF1: 0.7440 (Best: 0.7440)
2024-04-22 22:34:40,354 - root - INFO - ARI: 0.7713 | NMI: 0.7341
2024-04-22 22:34:40,354 - root - INFO - Epoch: 11 | LR: 0.0009 | Loss 0.7051 | Val MaF1: 0.9025 (Best: 0.9025) | Test MaF1: 0.9089 (Best: 0.9089) | MiF1: 0.9094 (Best: 0.9094)
2024-04-22 22:34:42,514 - root - INFO - ARI: 0.7710 | NMI: 0.7373
2024-04-22 22:34:42,515 - root - INFO - Epoch: 12 | LR: 0.0010 | Loss 0.6579 | Val MaF1: 0.9361 (Best: 0.9361) | Test MaF1: 0.9327 (Best: 0.9327) | MiF1: 0.9322 (Best: 0.9322)
2024-04-22 22:34:44,740 - root - INFO - ARI: 0.7929 | NMI: 0.7518
2024-04-22 22:34:44,741 - root - INFO - Epoch: 13 | LR: 0.0010 | Loss 0.6083 | Val MaF1: 0.9361 (Best: 0.9361) | Test MaF1: 0.9336 (Best: 0.9336) | MiF1: 0.9336 (Best: 0.9336)
2024-04-22 22:34:46,930 - root - INFO - ARI: 0.8091 | NMI: 0.7666
2024-04-22 22:34:46,931 - root - INFO - Epoch: 14 | LR: 0.0010 | Loss 0.5492 | Val MaF1: 0.9415 (Best: 0.9415) | Test MaF1: 0.9344 (Best: 0.9344) | MiF1: 0.9347 (Best: 0.9347)
2024-04-22 22:34:48,231 - root - INFO - Epoch: 15 | LR: 0.0010 | Loss 0.5208 | Val MaF1: 0.9256 (Best: 0.9415) | Test MaF1: 0.9281 (Best: 0.9344) | MiF1: 0.9293 (Best: 0.9347)
2024-04-22 22:34:50,352 - root - INFO - ARI: 0.8209 | NMI: 0.7812
2024-04-22 22:34:50,353 - root - INFO - Epoch: 16 | LR: 0.0010 | Loss 0.4938 | Val MaF1: 0.9468 (Best: 0.9468) | Test MaF1: 0.9410 (Best: 0.9410) | MiF1: 0.9407 (Best: 0.9407)
2024-04-22 22:34:51,590 - root - INFO - Epoch: 17 | LR: 0.0010 | Loss 0.4678 | Val MaF1: 0.9335 (Best: 0.9468) | Test MaF1: 0.9376 (Best: 0.9410) | MiF1: 0.9364 (Best: 0.9407)
2024-04-22 22:34:53,744 - root - INFO - ARI: 0.8346 | NMI: 0.7889
2024-04-22 22:34:53,745 - root - INFO - Epoch: 18 | LR: 0.0010 | Loss 0.4569 | Val MaF1: 0.9351 (Best: 0.9351) | Test MaF1: 0.9414 (Best: 0.9414) | MiF1: 0.9407 (Best: 0.9407)
2024-04-22 22:34:55,945 - root - INFO - ARI: 0.8511 | NMI: 0.7991
2024-04-22 22:34:55,945 - root - INFO - Epoch: 19 | LR: 0.0010 | Loss 0.4486 | Val MaF1: 0.9490 (Best: 0.9490) | Test MaF1: 0.9435 (Best: 0.9435) | MiF1: 0.9439 (Best: 0.9439)
2024-04-22 22:34:57,198 - root - INFO - Epoch: 20 | LR: 0.0009 | Loss 0.4386 | Val MaF1: 0.9438 (Best: 0.9490) | Test MaF1: 0.9407 (Best: 0.9435) | MiF1: 0.9411 (Best: 0.9439)
2024-04-22 22:34:58,400 - root - INFO - Epoch: 21 | LR: 0.0009 | Loss 0.4313 | Val MaF1: 0.9438 (Best: 0.9490) | Test MaF1: 0.9378 (Best: 0.9435) | MiF1: 0.9382 (Best: 0.9439)
2024-04-22 22:34:59,595 - root - INFO - Epoch: 22 | LR: 0.0009 | Loss 0.4264 | Val MaF1: 0.9481 (Best: 0.9490) | Test MaF1: 0.9412 (Best: 0.9435) | MiF1: 0.9414 (Best: 0.9439)
2024-04-22 22:35:00,789 - root - INFO - Epoch: 23 | LR: 0.0008 | Loss 0.4216 | Val MaF1: 0.9481 (Best: 0.9490) | Test MaF1: 0.9425 (Best: 0.9435) | MiF1: 0.9428 (Best: 0.9439)
2024-04-22 22:35:02,031 - root - INFO - Epoch: 24 | LR: 0.0008 | Loss 0.4169 | Val MaF1: 0.9432 (Best: 0.9490) | Test MaF1: 0.9424 (Best: 0.9435) | MiF1: 0.9425 (Best: 0.9439)
2024-04-22 22:35:03,230 - root - INFO - Epoch: 25 | LR: 0.0008 | Loss 0.4131 | Val MaF1: 0.9487 (Best: 0.9490) | Test MaF1: 0.9431 (Best: 0.9435) | MiF1: 0.9432 (Best: 0.9439)
2024-04-22 22:35:04,424 - root - INFO - Epoch: 26 | LR: 0.0007 | Loss 0.4097 | Val MaF1: 0.9462 (Best: 0.9490) | Test MaF1: 0.9424 (Best: 0.9435) | MiF1: 0.9428 (Best: 0.9439)
2024-04-22 22:35:05,615 - root - INFO - Epoch: 27 | LR: 0.0007 | Loss 0.4064 | Val MaF1: 0.9462 (Best: 0.9490) | Test MaF1: 0.9428 (Best: 0.9435) | MiF1: 0.9432 (Best: 0.9439)
2024-04-22 22:35:06,815 - root - INFO - Epoch: 28 | LR: 0.0007 | Loss 0.4036 | Val MaF1: 0.9438 (Best: 0.9490) | Test MaF1: 0.9407 (Best: 0.9435) | MiF1: 0.9411 (Best: 0.9439)
2024-04-22 22:35:08,005 - root - INFO - Epoch: 29 | LR: 0.0006 | Loss 0.4022 | Val MaF1: 0.9413 (Best: 0.9490) | Test MaF1: 0.9415 (Best: 0.9435) | MiF1: 0.9418 (Best: 0.9439)
2024-04-22 22:35:09,245 - root - INFO - Epoch: 30 | LR: 0.0006 | Loss 0.4002 | Val MaF1: 0.9438 (Best: 0.9490) | Test MaF1: 0.9411 (Best: 0.9435) | MiF1: 0.9414 (Best: 0.9439)
2024-04-22 22:35:10,452 - root - INFO - Epoch: 31 | LR: 0.0005 | Loss 0.3984 | Val MaF1: 0.9438 (Best: 0.9490) | Test MaF1: 0.9427 (Best: 0.9435) | MiF1: 0.9428 (Best: 0.9439)
2024-04-22 22:35:12,553 - root - INFO - ARI: 0.8654 | NMI: 0.8173
2024-04-22 22:35:12,554 - root - INFO - Epoch: 32 | LR: 0.0005 | Loss 0.3959 | Val MaF1: 0.9465 (Best: 0.9465) | Test MaF1: 0.9447 (Best: 0.9447) | MiF1: 0.9446 (Best: 0.9446)
2024-04-22 22:35:13,852 - root - INFO - Epoch: 33 | LR: 0.0004 | Loss 0.3953 | Val MaF1: 0.9490 (Best: 0.9465) | Test MaF1: 0.9436 (Best: 0.9447) | MiF1: 0.9435 (Best: 0.9446)
2024-04-22 22:35:15,042 - root - INFO - Epoch: 34 | LR: 0.0004 | Loss 0.3940 | Val MaF1: 0.9490 (Best: 0.9465) | Test MaF1: 0.9439 (Best: 0.9447) | MiF1: 0.9439 (Best: 0.9446)
2024-04-22 22:35:16,238 - root - INFO - Epoch: 35 | LR: 0.0003 | Loss 0.3930 | Val MaF1: 0.9465 (Best: 0.9465) | Test MaF1: 0.9440 (Best: 0.9447) | MiF1: 0.9439 (Best: 0.9446)
2024-04-22 22:35:17,425 - root - INFO - Epoch: 36 | LR: 0.0003 | Loss 0.3925 | Val MaF1: 0.9465 (Best: 0.9465) | Test MaF1: 0.9440 (Best: 0.9447) | MiF1: 0.9439 (Best: 0.9446)
2024-04-22 22:35:18,622 - root - INFO - Epoch: 37 | LR: 0.0003 | Loss 0.3916 | Val MaF1: 0.9440 (Best: 0.9465) | Test MaF1: 0.9438 (Best: 0.9447) | MiF1: 0.9435 (Best: 0.9446)
2024-04-22 22:35:19,860 - root - INFO - Epoch: 38 | LR: 0.0002 | Loss 0.3914 | Val MaF1: 0.9440 (Best: 0.9465) | Test MaF1: 0.9425 (Best: 0.9447) | MiF1: 0.9425 (Best: 0.9446)
2024-04-22 22:35:21,052 - root - INFO - Epoch: 39 | LR: 0.0002 | Loss 0.3901 | Val MaF1: 0.9438 (Best: 0.9465) | Test MaF1: 0.9410 (Best: 0.9447) | MiF1: 0.9411 (Best: 0.9446)
2024-04-22 22:35:22,244 - root - INFO - Epoch: 40 | LR: 0.0002 | Loss 0.3896 | Val MaF1: 0.9413 (Best: 0.9465) | Test MaF1: 0.9392 (Best: 0.9447) | MiF1: 0.9393 (Best: 0.9446)
2024-04-22 22:35:23,441 - root - INFO - Epoch: 41 | LR: 0.0001 | Loss 0.3894 | Val MaF1: 0.9413 (Best: 0.9465) | Test MaF1: 0.9380 (Best: 0.9447) | MiF1: 0.9382 (Best: 0.9446)
2024-04-22 22:35:24,633 - root - INFO - Epoch: 42 | LR: 0.0001 | Loss 0.3891 | Val MaF1: 0.9413 (Best: 0.9465) | Test MaF1: 0.9380 (Best: 0.9447) | MiF1: 0.9382 (Best: 0.9446)
2024-04-22 22:35:25,821 - root - INFO - Epoch: 43 | LR: 0.0001 | Loss 0.3886 | Val MaF1: 0.9413 (Best: 0.9465) | Test MaF1: 0.9376 (Best: 0.9447) | MiF1: 0.9379 (Best: 0.9446)
2024-04-22 22:35:27,067 - root - INFO - Epoch: 44 | LR: 0.0000 | Loss 0.3885 | Val MaF1: 0.9413 (Best: 0.9465) | Test MaF1: 0.9372 (Best: 0.9447) | MiF1: 0.9375 (Best: 0.9446)
2024-04-22 22:35:28,258 - root - INFO - Epoch: 45 | LR: 0.0000 | Loss 0.3883 | Val MaF1: 0.9413 (Best: 0.9465) | Test MaF1: 0.9371 (Best: 0.9447) | MiF1: 0.9375 (Best: 0.9446)
2024-04-22 22:35:29,444 - root - INFO - Epoch: 46 | LR: 0.0000 | Loss 0.3885 | Val MaF1: 0.9413 (Best: 0.9465) | Test MaF1: 0.9378 (Best: 0.9447) | MiF1: 0.9382 (Best: 0.9446)
2024-04-22 22:35:30,641 - root - INFO - Epoch: 47 | LR: 0.0000 | Loss 0.3885 | Val MaF1: 0.9413 (Best: 0.9465) | Test MaF1: 0.9378 (Best: 0.9447) | MiF1: 0.9382 (Best: 0.9446)
2024-04-22 22:35:31,878 - root - INFO - Epoch: 48 | LR: 0.0000 | Loss 0.3886 | Val MaF1: 0.9413 (Best: 0.9465) | Test MaF1: 0.9378 (Best: 0.9447) | MiF1: 0.9382 (Best: 0.9446)
2024-04-22 22:35:33,076 - root - INFO - Epoch: 49 | LR: 0.0000 | Loss 0.3888 | Val MaF1: 0.9413 (Best: 0.9465) | Test MaF1: 0.9378 (Best: 0.9447) | MiF1: 0.9382 (Best: 0.9446)
2024-04-22 22:35:34,266 - root - INFO - Epoch: 50 | LR: 0.0000 | Loss 0.3883 | Val MaF1: 0.9413 (Best: 0.9465) | Test MaF1: 0.9378 (Best: 0.9447) | MiF1: 0.9382 (Best: 0.9446)
2024-04-22 22:35:34,267 - root - INFO - Best Epoch: 32 | Train MiF1: 0.9963,  MaF1: 0.9964 | Val MiF1: 0.9451, MaF1: 0.9465 | Test MaF1: 0.9447, MiF1: 0.9446
2024-04-22 22:35:34,935 - root - INFO - ARI: 0.8654 | NMI: 0.8173
