2024-04-23 02:14:14,687 - root - INFO - {'prefix': 'SR-HGN', 'gpu': 0, 'feat': 1, 'seed': 0, 'verbose': 1, 'train_split': 0.2, 'val_split': 0.3, 'num_type_heads': 4, 'num_node_heads': 4, 'hidden_dim': 256, 'clip': 1.0, 'num_layers': 3, 'alpha': 0.5, 'epochs': 50, 'dataset': 'acm', 'input_dim': 256, 'aggregate': 'concat', 'iscuda': True, 'cluster': True, 'max_lr': 0.001, 'weight_decay': 1e-05, 'heads': 8, 'han_heads': [4], 'hh_heads': 3, 'dropout': 0.2}
2024-04-23 02:14:17,714 - root - INFO - Training SR-HGN with #param: 35306195
2024-04-23 02:14:20,880 - root - INFO - ARI: 0.0720 | NMI: 0.0651
2024-04-23 02:14:20,880 - root - INFO - Epoch: 1 | LR: 0.0001 | Loss 1.0930 | Val MaF1: 0.2204 (Best: 0.2204) | Test MaF1: 0.2210 (Best: 0.2210) | MiF1: 0.4957 (Best: 0.4957)
2024-04-23 02:14:22,637 - root - INFO - ARI: 0.1936 | NMI: 0.1977
2024-04-23 02:14:22,637 - root - INFO - Epoch: 2 | LR: 0.0001 | Loss 1.0674 | Val MaF1: 0.2204 (Best: 0.2204) | Test MaF1: 0.2210 (Best: 0.2210) | MiF1: 0.4957 (Best: 0.4957)
2024-04-23 02:14:24,280 - root - INFO - ARI: 0.3247 | NMI: 0.3730
2024-04-23 02:14:24,281 - root - INFO - Epoch: 3 | LR: 0.0001 | Loss 1.0408 | Val MaF1: 0.2204 (Best: 0.2204) | Test MaF1: 0.2210 (Best: 0.2210) | MiF1: 0.4957 (Best: 0.4957)
2024-04-23 02:14:25,933 - root - INFO - ARI: 0.5432 | NMI: 0.5313
2024-04-23 02:14:25,934 - root - INFO - Epoch: 4 | LR: 0.0002 | Loss 1.0202 | Val MaF1: 0.2204 (Best: 0.2204) | Test MaF1: 0.2210 (Best: 0.2210) | MiF1: 0.4957 (Best: 0.4957)
2024-04-23 02:14:27,629 - root - INFO - ARI: 0.6687 | NMI: 0.6377
2024-04-23 02:14:27,629 - root - INFO - Epoch: 5 | LR: 0.0003 | Loss 1.0045 | Val MaF1: 0.2204 (Best: 0.2204) | Test MaF1: 0.2210 (Best: 0.2210) | MiF1: 0.4957 (Best: 0.4957)
2024-04-23 02:14:29,260 - root - INFO - ARI: 0.6946 | NMI: 0.6625
2024-04-23 02:14:29,260 - root - INFO - Epoch: 6 | LR: 0.0004 | Loss 0.9790 | Val MaF1: 0.2204 (Best: 0.2204) | Test MaF1: 0.2210 (Best: 0.2210) | MiF1: 0.4957 (Best: 0.4957)
2024-04-23 02:14:30,899 - root - INFO - ARI: 0.6392 | NMI: 0.6390
2024-04-23 02:14:30,899 - root - INFO - Epoch: 7 | LR: 0.0005 | Loss 0.9296 | Val MaF1: 0.2204 (Best: 0.2204) | Test MaF1: 0.2210 (Best: 0.2210) | MiF1: 0.4957 (Best: 0.4957)
2024-04-23 02:14:32,565 - root - INFO - ARI: 0.6382 | NMI: 0.6469
2024-04-23 02:14:32,565 - root - INFO - Epoch: 8 | LR: 0.0006 | Loss 0.9000 | Val MaF1: 0.2204 (Best: 0.2204) | Test MaF1: 0.2210 (Best: 0.2210) | MiF1: 0.4957 (Best: 0.4957)
2024-04-23 02:14:34,186 - root - INFO - ARI: 0.7500 | NMI: 0.7045
2024-04-23 02:14:34,186 - root - INFO - Epoch: 9 | LR: 0.0007 | Loss 0.8460 | Val MaF1: 0.3040 (Best: 0.3040) | Test MaF1: 0.3089 (Best: 0.3089) | MiF1: 0.5298 (Best: 0.5298)
2024-04-23 02:14:35,820 - root - INFO - ARI: 0.7279 | NMI: 0.7016
2024-04-23 02:14:35,821 - root - INFO - Epoch: 10 | LR: 0.0008 | Loss 0.7910 | Val MaF1: 0.6768 (Best: 0.6768) | Test MaF1: 0.6528 (Best: 0.6528) | MiF1: 0.7326 (Best: 0.7326)
2024-04-23 02:14:37,480 - root - INFO - ARI: 0.7404 | NMI: 0.7124
2024-04-23 02:14:37,480 - root - INFO - Epoch: 11 | LR: 0.0009 | Loss 0.7368 | Val MaF1: 0.8941 (Best: 0.8941) | Test MaF1: 0.8976 (Best: 0.8976) | MiF1: 0.8995 (Best: 0.8995)
2024-04-23 02:14:38,370 - root - INFO - Epoch: 12 | LR: 0.0010 | Loss 0.6894 | Val MaF1: 0.8910 (Best: 0.8941) | Test MaF1: 0.8973 (Best: 0.8976) | MiF1: 0.9002 (Best: 0.8995)
2024-04-23 02:14:39,245 - root - INFO - Epoch: 13 | LR: 0.0010 | Loss 0.6451 | Val MaF1: 0.8782 (Best: 0.8941) | Test MaF1: 0.8888 (Best: 0.8976) | MiF1: 0.8931 (Best: 0.8995)
2024-04-23 02:14:40,815 - root - INFO - ARI: 0.7577 | NMI: 0.7367
2024-04-23 02:14:40,816 - root - INFO - Epoch: 14 | LR: 0.0010 | Loss 0.6103 | Val MaF1: 0.9178 (Best: 0.9178) | Test MaF1: 0.9197 (Best: 0.9197) | MiF1: 0.9208 (Best: 0.9208)
2024-04-23 02:14:42,492 - root - INFO - ARI: 0.7682 | NMI: 0.7428
2024-04-23 02:14:42,492 - root - INFO - Epoch: 15 | LR: 0.0010 | Loss 0.5840 | Val MaF1: 0.9538 (Best: 0.9538) | Test MaF1: 0.9362 (Best: 0.9362) | MiF1: 0.9357 (Best: 0.9357)
2024-04-23 02:14:44,095 - root - INFO - ARI: 0.7948 | NMI: 0.7607
2024-04-23 02:14:44,095 - root - INFO - Epoch: 16 | LR: 0.0010 | Loss 0.5571 | Val MaF1: 0.9518 (Best: 0.9518) | Test MaF1: 0.9367 (Best: 0.9367) | MiF1: 0.9361 (Best: 0.9361)
2024-04-23 02:14:45,007 - root - INFO - Epoch: 17 | LR: 0.0010 | Loss 0.5383 | Val MaF1: 0.9564 (Best: 0.9518) | Test MaF1: 0.9355 (Best: 0.9367) | MiF1: 0.9354 (Best: 0.9361)
2024-04-23 02:14:46,629 - root - INFO - ARI: 0.8313 | NMI: 0.7871
2024-04-23 02:14:46,629 - root - INFO - Epoch: 18 | LR: 0.0010 | Loss 0.5190 | Val MaF1: 0.9505 (Best: 0.9505) | Test MaF1: 0.9401 (Best: 0.9401) | MiF1: 0.9400 (Best: 0.9400)
2024-04-23 02:14:48,254 - root - INFO - ARI: 0.8377 | NMI: 0.7948
2024-04-23 02:14:48,254 - root - INFO - Epoch: 19 | LR: 0.0010 | Loss 0.5059 | Val MaF1: 0.9436 (Best: 0.9436) | Test MaF1: 0.9403 (Best: 0.9403) | MiF1: 0.9403 (Best: 0.9403)
2024-04-23 02:14:49,870 - root - INFO - ARI: 0.8479 | NMI: 0.8018
2024-04-23 02:14:49,871 - root - INFO - Epoch: 20 | LR: 0.0009 | Loss 0.4888 | Val MaF1: 0.9469 (Best: 0.9469) | Test MaF1: 0.9409 (Best: 0.9409) | MiF1: 0.9407 (Best: 0.9407)
2024-04-23 02:14:51,663 - root - INFO - ARI: 0.8478 | NMI: 0.8020
2024-04-23 02:14:51,664 - root - INFO - Epoch: 21 | LR: 0.0009 | Loss 0.4677 | Val MaF1: 0.9450 (Best: 0.9450) | Test MaF1: 0.9414 (Best: 0.9414) | MiF1: 0.9411 (Best: 0.9411)
2024-04-23 02:14:52,582 - root - INFO - Epoch: 22 | LR: 0.0009 | Loss 0.4643 | Val MaF1: 0.9517 (Best: 0.9450) | Test MaF1: 0.9394 (Best: 0.9414) | MiF1: 0.9393 (Best: 0.9411)
2024-04-23 02:14:53,482 - root - INFO - Epoch: 23 | LR: 0.0008 | Loss 0.4598 | Val MaF1: 0.9379 (Best: 0.9450) | Test MaF1: 0.9407 (Best: 0.9414) | MiF1: 0.9407 (Best: 0.9411)
2024-04-23 02:14:54,434 - root - INFO - Epoch: 24 | LR: 0.0008 | Loss 0.4520 | Val MaF1: 0.9298 (Best: 0.9450) | Test MaF1: 0.9396 (Best: 0.9414) | MiF1: 0.9396 (Best: 0.9411)
2024-04-23 02:14:55,309 - root - INFO - Epoch: 25 | LR: 0.0008 | Loss 0.4471 | Val MaF1: 0.9321 (Best: 0.9450) | Test MaF1: 0.9397 (Best: 0.9414) | MiF1: 0.9396 (Best: 0.9411)
2024-04-23 02:14:56,161 - root - INFO - Epoch: 26 | LR: 0.0007 | Loss 0.4430 | Val MaF1: 0.9354 (Best: 0.9450) | Test MaF1: 0.9412 (Best: 0.9414) | MiF1: 0.9411 (Best: 0.9411)
2024-04-23 02:14:57,020 - root - INFO - Epoch: 27 | LR: 0.0007 | Loss 0.4397 | Val MaF1: 0.9354 (Best: 0.9450) | Test MaF1: 0.9400 (Best: 0.9414) | MiF1: 0.9400 (Best: 0.9411)
2024-04-23 02:14:57,881 - root - INFO - Epoch: 28 | LR: 0.0007 | Loss 0.4365 | Val MaF1: 0.9355 (Best: 0.9450) | Test MaF1: 0.9397 (Best: 0.9414) | MiF1: 0.9396 (Best: 0.9411)
2024-04-23 02:14:58,806 - root - INFO - Epoch: 29 | LR: 0.0006 | Loss 0.4342 | Val MaF1: 0.9385 (Best: 0.9450) | Test MaF1: 0.9395 (Best: 0.9414) | MiF1: 0.9393 (Best: 0.9411)
2024-04-23 02:14:59,687 - root - INFO - Epoch: 30 | LR: 0.0006 | Loss 0.4322 | Val MaF1: 0.9360 (Best: 0.9450) | Test MaF1: 0.9377 (Best: 0.9414) | MiF1: 0.9375 (Best: 0.9411)
2024-04-23 02:15:00,536 - root - INFO - Epoch: 31 | LR: 0.0005 | Loss 0.4299 | Val MaF1: 0.9328 (Best: 0.9450) | Test MaF1: 0.9379 (Best: 0.9414) | MiF1: 0.9379 (Best: 0.9411)
2024-04-23 02:15:01,382 - root - INFO - Epoch: 32 | LR: 0.0005 | Loss 0.4277 | Val MaF1: 0.9351 (Best: 0.9450) | Test MaF1: 0.9379 (Best: 0.9414) | MiF1: 0.9379 (Best: 0.9411)
2024-04-23 02:15:02,233 - root - INFO - Epoch: 33 | LR: 0.0004 | Loss 0.4263 | Val MaF1: 0.9377 (Best: 0.9450) | Test MaF1: 0.9382 (Best: 0.9414) | MiF1: 0.9382 (Best: 0.9411)
2024-04-23 02:15:03,086 - root - INFO - Epoch: 34 | LR: 0.0004 | Loss 0.4249 | Val MaF1: 0.9402 (Best: 0.9450) | Test MaF1: 0.9379 (Best: 0.9414) | MiF1: 0.9379 (Best: 0.9411)
2024-04-23 02:15:03,936 - root - INFO - Epoch: 35 | LR: 0.0003 | Loss 0.4236 | Val MaF1: 0.9377 (Best: 0.9450) | Test MaF1: 0.9373 (Best: 0.9414) | MiF1: 0.9371 (Best: 0.9411)
2024-04-23 02:15:04,781 - root - INFO - Epoch: 36 | LR: 0.0003 | Loss 0.4225 | Val MaF1: 0.9377 (Best: 0.9450) | Test MaF1: 0.9369 (Best: 0.9414) | MiF1: 0.9368 (Best: 0.9411)
2024-04-23 02:15:05,632 - root - INFO - Epoch: 37 | LR: 0.0003 | Loss 0.4219 | Val MaF1: 0.9352 (Best: 0.9450) | Test MaF1: 0.9384 (Best: 0.9414) | MiF1: 0.9382 (Best: 0.9411)
2024-04-23 02:15:06,482 - root - INFO - Epoch: 38 | LR: 0.0002 | Loss 0.4213 | Val MaF1: 0.9326 (Best: 0.9450) | Test MaF1: 0.9384 (Best: 0.9414) | MiF1: 0.9382 (Best: 0.9411)
2024-04-23 02:15:07,393 - root - INFO - Epoch: 39 | LR: 0.0002 | Loss 0.4208 | Val MaF1: 0.9326 (Best: 0.9450) | Test MaF1: 0.9377 (Best: 0.9414) | MiF1: 0.9375 (Best: 0.9411)
2024-04-23 02:15:08,239 - root - INFO - Epoch: 40 | LR: 0.0002 | Loss 0.4202 | Val MaF1: 0.9349 (Best: 0.9450) | Test MaF1: 0.9378 (Best: 0.9414) | MiF1: 0.9375 (Best: 0.9411)
2024-04-23 02:15:09,087 - root - INFO - Epoch: 41 | LR: 0.0001 | Loss 0.4194 | Val MaF1: 0.9349 (Best: 0.9450) | Test MaF1: 0.9381 (Best: 0.9414) | MiF1: 0.9379 (Best: 0.9411)
2024-04-23 02:15:09,936 - root - INFO - Epoch: 42 | LR: 0.0001 | Loss 0.4197 | Val MaF1: 0.9355 (Best: 0.9450) | Test MaF1: 0.9378 (Best: 0.9414) | MiF1: 0.9375 (Best: 0.9411)
2024-04-23 02:15:10,790 - root - INFO - Epoch: 43 | LR: 0.0001 | Loss 0.4188 | Val MaF1: 0.9355 (Best: 0.9450) | Test MaF1: 0.9381 (Best: 0.9414) | MiF1: 0.9379 (Best: 0.9411)
2024-04-23 02:15:11,702 - root - INFO - Epoch: 44 | LR: 0.0000 | Loss 0.4186 | Val MaF1: 0.9355 (Best: 0.9450) | Test MaF1: 0.9386 (Best: 0.9414) | MiF1: 0.9382 (Best: 0.9411)
2024-04-23 02:15:12,555 - root - INFO - Epoch: 45 | LR: 0.0000 | Loss 0.4182 | Val MaF1: 0.9355 (Best: 0.9450) | Test MaF1: 0.9386 (Best: 0.9414) | MiF1: 0.9382 (Best: 0.9411)
2024-04-23 02:15:13,403 - root - INFO - Epoch: 46 | LR: 0.0000 | Loss 0.4186 | Val MaF1: 0.9355 (Best: 0.9450) | Test MaF1: 0.9386 (Best: 0.9414) | MiF1: 0.9382 (Best: 0.9411)
2024-04-23 02:15:14,248 - root - INFO - Epoch: 47 | LR: 0.0000 | Loss 0.4179 | Val MaF1: 0.9355 (Best: 0.9450) | Test MaF1: 0.9386 (Best: 0.9414) | MiF1: 0.9382 (Best: 0.9411)
2024-04-23 02:15:15,107 - root - INFO - Epoch: 48 | LR: 0.0000 | Loss 0.4181 | Val MaF1: 0.9355 (Best: 0.9450) | Test MaF1: 0.9386 (Best: 0.9414) | MiF1: 0.9382 (Best: 0.9411)
2024-04-23 02:15:16,011 - root - INFO - Epoch: 49 | LR: 0.0000 | Loss 0.4182 | Val MaF1: 0.9355 (Best: 0.9450) | Test MaF1: 0.9386 (Best: 0.9414) | MiF1: 0.9382 (Best: 0.9411)
2024-04-23 02:15:16,859 - root - INFO - Epoch: 50 | LR: 0.0000 | Loss 0.4182 | Val MaF1: 0.9355 (Best: 0.9450) | Test MaF1: 0.9386 (Best: 0.9414) | MiF1: 0.9382 (Best: 0.9411)
2024-04-23 02:15:16,859 - root - INFO - Best Epoch: 21 | Train MiF1: 0.9703,  MaF1: 0.9706 | Val MiF1: 0.9426, MaF1: 0.9450 | Test MaF1: 0.9414, MiF1: 0.9411
2024-04-23 02:15:17,377 - root - INFO - ARI: 0.8478 | NMI: 0.8020
