2024-04-22 21:44:06,182 - root - INFO - {'prefix': 'SR-HGN', 'gpu': 0, 'feat': 1, 'seed': 0, 'verbose': 1, 'train_split': 0.2, 'val_split': 0.3, 'num_type_heads': 4, 'num_node_heads': 4, 'hidden_dim': 256, 'clip': 1.0, 'num_layers': 4, 'alpha': 0.5, 'epochs': 100, 'dataset': 'acm', 'input_dim': 256, 'aggregate': 'concat', 'iscuda': True, 'cluster': True, 'max_lr': 0.001, 'weight_decay': 1e-05, 'heads': 1, 'han_heads': [4], 'hh_heads': 3, 'dropout': 0.2}
2024-04-22 21:44:08,939 - root - INFO - Training SR-HGN with #param: 18411318
2024-04-22 21:44:10,893 - root - INFO - ARI: 0.0338 | NMI: 0.0372
2024-04-22 21:44:10,893 - root - INFO - Epoch: 1 | LR: 0.0000 | Loss 1.1007 | Val MaF1: 0.2313 (Best: 0.2313) | Test MaF1: 0.2348 (Best: 0.2348) | MiF1: 0.4996 (Best: 0.4996)
2024-04-22 21:44:11,256 - root - INFO - Epoch: 2 | LR: 0.0001 | Loss 1.0833 | Val MaF1: 0.2204 (Best: 0.2313) | Test MaF1: 0.2210 (Best: 0.2348) | MiF1: 0.4957 (Best: 0.4996)
2024-04-22 21:44:11,590 - root - INFO - Epoch: 3 | LR: 0.0001 | Loss 1.0630 | Val MaF1: 0.2204 (Best: 0.2313) | Test MaF1: 0.2210 (Best: 0.2348) | MiF1: 0.4957 (Best: 0.4996)
2024-04-22 21:44:11,915 - root - INFO - Epoch: 4 | LR: 0.0001 | Loss 1.0449 | Val MaF1: 0.2204 (Best: 0.2313) | Test MaF1: 0.2210 (Best: 0.2348) | MiF1: 0.4957 (Best: 0.4996)
2024-04-22 21:44:12,239 - root - INFO - Epoch: 5 | LR: 0.0001 | Loss 1.0323 | Val MaF1: 0.2204 (Best: 0.2313) | Test MaF1: 0.2210 (Best: 0.2348) | MiF1: 0.4957 (Best: 0.4996)
2024-04-22 21:44:12,562 - root - INFO - Epoch: 6 | LR: 0.0001 | Loss 1.0187 | Val MaF1: 0.2204 (Best: 0.2313) | Test MaF1: 0.2210 (Best: 0.2348) | MiF1: 0.4957 (Best: 0.4996)
2024-04-22 21:44:12,885 - root - INFO - Epoch: 7 | LR: 0.0002 | Loss 1.0077 | Val MaF1: 0.2204 (Best: 0.2313) | Test MaF1: 0.2210 (Best: 0.2348) | MiF1: 0.4957 (Best: 0.4996)
2024-04-22 21:44:13,207 - root - INFO - Epoch: 8 | LR: 0.0002 | Loss 0.9962 | Val MaF1: 0.2204 (Best: 0.2313) | Test MaF1: 0.2210 (Best: 0.2348) | MiF1: 0.4957 (Best: 0.4996)
2024-04-22 21:44:13,530 - root - INFO - Epoch: 9 | LR: 0.0003 | Loss 0.9792 | Val MaF1: 0.2204 (Best: 0.2313) | Test MaF1: 0.2210 (Best: 0.2348) | MiF1: 0.4957 (Best: 0.4996)
2024-04-22 21:44:13,849 - root - INFO - Epoch: 10 | LR: 0.0003 | Loss 0.9513 | Val MaF1: 0.2204 (Best: 0.2313) | Test MaF1: 0.2210 (Best: 0.2348) | MiF1: 0.4957 (Best: 0.4996)
2024-04-22 21:44:14,172 - root - INFO - Epoch: 11 | LR: 0.0003 | Loss 0.9173 | Val MaF1: 0.2204 (Best: 0.2313) | Test MaF1: 0.2230 (Best: 0.2348) | MiF1: 0.4964 (Best: 0.4996)
2024-04-22 21:44:14,496 - root - INFO - Epoch: 12 | LR: 0.0004 | Loss 0.8932 | Val MaF1: 0.2275 (Best: 0.2313) | Test MaF1: 0.2322 (Best: 0.2348) | MiF1: 0.4996 (Best: 0.4996)
2024-04-22 21:44:15,051 - root - INFO - ARI: 0.7131 | NMI: 0.6833
2024-04-22 21:44:15,051 - root - INFO - Epoch: 13 | LR: 0.0004 | Loss 0.8675 | Val MaF1: 0.2549 (Best: 0.2549) | Test MaF1: 0.2658 (Best: 0.2658) | MiF1: 0.5121 (Best: 0.5121)
2024-04-22 21:44:15,635 - root - INFO - ARI: 0.7297 | NMI: 0.6899
2024-04-22 21:44:15,635 - root - INFO - Epoch: 14 | LR: 0.0005 | Loss 0.8282 | Val MaF1: 0.3434 (Best: 0.3434) | Test MaF1: 0.3163 (Best: 0.3163) | MiF1: 0.5330 (Best: 0.5330)
2024-04-22 21:44:16,206 - root - INFO - ARI: 0.7228 | NMI: 0.6793
2024-04-22 21:44:16,206 - root - INFO - Epoch: 15 | LR: 0.0005 | Loss 0.8020 | Val MaF1: 0.4865 (Best: 0.4865) | Test MaF1: 0.4510 (Best: 0.4510) | MiF1: 0.6012 (Best: 0.6012)
2024-04-22 21:44:16,803 - root - INFO - ARI: 0.7318 | NMI: 0.6879
2024-04-22 21:44:16,804 - root - INFO - Epoch: 16 | LR: 0.0006 | Loss 0.7798 | Val MaF1: 0.7150 (Best: 0.7150) | Test MaF1: 0.7246 (Best: 0.7246) | MiF1: 0.7646 (Best: 0.7646)
2024-04-22 21:44:17,401 - root - INFO - ARI: 0.7365 | NMI: 0.6924
2024-04-22 21:44:17,401 - root - INFO - Epoch: 17 | LR: 0.0006 | Loss 0.7547 | Val MaF1: 0.8943 (Best: 0.8943) | Test MaF1: 0.8903 (Best: 0.8903) | MiF1: 0.8931 (Best: 0.8931)
2024-04-22 21:44:17,979 - root - INFO - ARI: 0.7324 | NMI: 0.6935
2024-04-22 21:44:17,979 - root - INFO - Epoch: 18 | LR: 0.0007 | Loss 0.7261 | Val MaF1: 0.9352 (Best: 0.9352) | Test MaF1: 0.9135 (Best: 0.9135) | MiF1: 0.9123 (Best: 0.9123)
2024-04-22 21:44:18,321 - root - INFO - Epoch: 19 | LR: 0.0007 | Loss 0.6767 | Val MaF1: 0.8940 (Best: 0.9352) | Test MaF1: 0.8895 (Best: 0.9135) | MiF1: 0.8860 (Best: 0.9123)
2024-04-22 21:44:18,872 - root - INFO - ARI: 0.7581 | NMI: 0.7130
2024-04-22 21:44:18,872 - root - INFO - Epoch: 20 | LR: 0.0008 | Loss 0.6949 | Val MaF1: 0.9446 (Best: 0.9446) | Test MaF1: 0.9150 (Best: 0.9150) | MiF1: 0.9144 (Best: 0.9144)
2024-04-22 21:44:19,213 - root - INFO - Epoch: 21 | LR: 0.0008 | Loss 0.6310 | Val MaF1: 0.8838 (Best: 0.9446) | Test MaF1: 0.8915 (Best: 0.9150) | MiF1: 0.8963 (Best: 0.9144)
2024-04-22 21:44:19,538 - root - INFO - Epoch: 22 | LR: 0.0009 | Loss 0.6348 | Val MaF1: 0.8855 (Best: 0.9446) | Test MaF1: 0.8986 (Best: 0.9150) | MiF1: 0.9023 (Best: 0.9144)
2024-04-22 21:44:20,090 - root - INFO - ARI: 0.7714 | NMI: 0.7290
2024-04-22 21:44:20,090 - root - INFO - Epoch: 23 | LR: 0.0009 | Loss 0.6180 | Val MaF1: 0.9342 (Best: 0.9342) | Test MaF1: 0.9212 (Best: 0.9212) | MiF1: 0.9212 (Best: 0.9212)
2024-04-22 21:44:20,450 - root - INFO - Epoch: 24 | LR: 0.0009 | Loss 0.5917 | Val MaF1: 0.9271 (Best: 0.9342) | Test MaF1: 0.9146 (Best: 0.9212) | MiF1: 0.9123 (Best: 0.9212)
2024-04-22 21:44:20,774 - root - INFO - Epoch: 25 | LR: 0.0010 | Loss 0.5835 | Val MaF1: 0.9169 (Best: 0.9342) | Test MaF1: 0.9098 (Best: 0.9212) | MiF1: 0.9066 (Best: 0.9212)
2024-04-22 21:44:21,097 - root - INFO - Epoch: 26 | LR: 0.0010 | Loss 0.5820 | Val MaF1: 0.9234 (Best: 0.9342) | Test MaF1: 0.9205 (Best: 0.9212) | MiF1: 0.9187 (Best: 0.9212)
2024-04-22 21:44:21,441 - root - INFO - Epoch: 27 | LR: 0.0010 | Loss 0.5687 | Val MaF1: 0.9348 (Best: 0.9342) | Test MaF1: 0.9193 (Best: 0.9212) | MiF1: 0.9187 (Best: 0.9212)
2024-04-22 21:44:21,786 - root - INFO - Epoch: 28 | LR: 0.0010 | Loss 0.5592 | Val MaF1: 0.9265 (Best: 0.9342) | Test MaF1: 0.9175 (Best: 0.9212) | MiF1: 0.9176 (Best: 0.9212)
2024-04-22 21:44:22,133 - root - INFO - Epoch: 29 | LR: 0.0010 | Loss 0.5556 | Val MaF1: 0.9214 (Best: 0.9342) | Test MaF1: 0.9183 (Best: 0.9212) | MiF1: 0.9194 (Best: 0.9212)
2024-04-22 21:44:22,463 - root - INFO - Epoch: 30 | LR: 0.0010 | Loss 0.5515 | Val MaF1: 0.9239 (Best: 0.9342) | Test MaF1: 0.9211 (Best: 0.9212) | MiF1: 0.9219 (Best: 0.9212)
2024-04-22 21:44:23,046 - root - INFO - ARI: 0.7987 | NMI: 0.7431
2024-04-22 21:44:23,046 - root - INFO - Epoch: 31 | LR: 0.0010 | Loss 0.5451 | Val MaF1: 0.9221 (Best: 0.9221) | Test MaF1: 0.9248 (Best: 0.9248) | MiF1: 0.9251 (Best: 0.9251)
2024-04-22 21:44:23,662 - root - INFO - ARI: 0.7909 | NMI: 0.7376
2024-04-22 21:44:23,663 - root - INFO - Epoch: 32 | LR: 0.0010 | Loss 0.5367 | Val MaF1: 0.9269 (Best: 0.9269) | Test MaF1: 0.9250 (Best: 0.9250) | MiF1: 0.9247 (Best: 0.9247)
2024-04-22 21:44:24,020 - root - INFO - Epoch: 33 | LR: 0.0010 | Loss 0.5318 | Val MaF1: 0.9248 (Best: 0.9269) | Test MaF1: 0.9241 (Best: 0.9250) | MiF1: 0.9237 (Best: 0.9247)
2024-04-22 21:44:24,587 - root - INFO - ARI: 0.8011 | NMI: 0.7470
2024-04-22 21:44:24,587 - root - INFO - Epoch: 34 | LR: 0.0010 | Loss 0.5271 | Val MaF1: 0.9292 (Best: 0.9292) | Test MaF1: 0.9255 (Best: 0.9255) | MiF1: 0.9254 (Best: 0.9254)
2024-04-22 21:44:25,177 - root - INFO - ARI: 0.8132 | NMI: 0.7565
2024-04-22 21:44:25,177 - root - INFO - Epoch: 35 | LR: 0.0010 | Loss 0.5222 | Val MaF1: 0.9290 (Best: 0.9290) | Test MaF1: 0.9278 (Best: 0.9278) | MiF1: 0.9283 (Best: 0.9283)
2024-04-22 21:44:25,521 - root - INFO - Epoch: 36 | LR: 0.0010 | Loss 0.5176 | Val MaF1: 0.9235 (Best: 0.9290) | Test MaF1: 0.9256 (Best: 0.9278) | MiF1: 0.9265 (Best: 0.9283)
2024-04-22 21:44:25,853 - root - INFO - Epoch: 37 | LR: 0.0010 | Loss 0.5122 | Val MaF1: 0.9292 (Best: 0.9290) | Test MaF1: 0.9269 (Best: 0.9278) | MiF1: 0.9276 (Best: 0.9283)
2024-04-22 21:44:26,185 - root - INFO - Epoch: 38 | LR: 0.0010 | Loss 0.5098 | Val MaF1: 0.9317 (Best: 0.9290) | Test MaF1: 0.9274 (Best: 0.9278) | MiF1: 0.9276 (Best: 0.9283)
2024-04-22 21:44:26,751 - root - INFO - ARI: 0.8103 | NMI: 0.7573
2024-04-22 21:44:26,751 - root - INFO - Epoch: 39 | LR: 0.0010 | Loss 0.5055 | Val MaF1: 0.9317 (Best: 0.9317) | Test MaF1: 0.9281 (Best: 0.9281) | MiF1: 0.9279 (Best: 0.9279)
2024-04-22 21:44:27,115 - root - INFO - Epoch: 40 | LR: 0.0009 | Loss 0.5007 | Val MaF1: 0.9322 (Best: 0.9317) | Test MaF1: 0.9276 (Best: 0.9281) | MiF1: 0.9276 (Best: 0.9279)
2024-04-22 21:44:27,450 - root - INFO - Epoch: 41 | LR: 0.0009 | Loss 0.4978 | Val MaF1: 0.9325 (Best: 0.9317) | Test MaF1: 0.9267 (Best: 0.9281) | MiF1: 0.9265 (Best: 0.9279)
2024-04-22 21:44:27,785 - root - INFO - Epoch: 42 | LR: 0.0009 | Loss 0.4955 | Val MaF1: 0.9266 (Best: 0.9317) | Test MaF1: 0.9256 (Best: 0.9281) | MiF1: 0.9254 (Best: 0.9279)
2024-04-22 21:44:28,110 - root - INFO - Epoch: 43 | LR: 0.0009 | Loss 0.4917 | Val MaF1: 0.9196 (Best: 0.9317) | Test MaF1: 0.9240 (Best: 0.9281) | MiF1: 0.9240 (Best: 0.9279)
2024-04-22 21:44:28,433 - root - INFO - Epoch: 44 | LR: 0.0009 | Loss 0.4890 | Val MaF1: 0.9215 (Best: 0.9317) | Test MaF1: 0.9221 (Best: 0.9281) | MiF1: 0.9222 (Best: 0.9279)
2024-04-22 21:44:28,783 - root - INFO - Epoch: 45 | LR: 0.0009 | Loss 0.4848 | Val MaF1: 0.9190 (Best: 0.9317) | Test MaF1: 0.9228 (Best: 0.9281) | MiF1: 0.9233 (Best: 0.9279)
2024-04-22 21:44:29,131 - root - INFO - Epoch: 46 | LR: 0.0009 | Loss 0.4819 | Val MaF1: 0.9158 (Best: 0.9317) | Test MaF1: 0.9207 (Best: 0.9281) | MiF1: 0.9219 (Best: 0.9279)
2024-04-22 21:44:29,463 - root - INFO - Epoch: 47 | LR: 0.0008 | Loss 0.4789 | Val MaF1: 0.9261 (Best: 0.9317) | Test MaF1: 0.9247 (Best: 0.9281) | MiF1: 0.9258 (Best: 0.9279)
2024-04-22 21:44:29,788 - root - INFO - Epoch: 48 | LR: 0.0008 | Loss 0.4758 | Val MaF1: 0.9286 (Best: 0.9317) | Test MaF1: 0.9255 (Best: 0.9281) | MiF1: 0.9265 (Best: 0.9279)
2024-04-22 21:44:30,121 - root - INFO - Epoch: 49 | LR: 0.0008 | Loss 0.4742 | Val MaF1: 0.9312 (Best: 0.9317) | Test MaF1: 0.9256 (Best: 0.9281) | MiF1: 0.9265 (Best: 0.9279)
2024-04-22 21:44:30,462 - root - INFO - Epoch: 50 | LR: 0.0008 | Loss 0.4704 | Val MaF1: 0.9235 (Best: 0.9317) | Test MaF1: 0.9240 (Best: 0.9281) | MiF1: 0.9251 (Best: 0.9279)
2024-04-22 21:44:30,785 - root - INFO - Epoch: 51 | LR: 0.0008 | Loss 0.4699 | Val MaF1: 0.9132 (Best: 0.9317) | Test MaF1: 0.9238 (Best: 0.9281) | MiF1: 0.9251 (Best: 0.9279)
2024-04-22 21:44:31,108 - root - INFO - Epoch: 52 | LR: 0.0008 | Loss 0.4676 | Val MaF1: 0.9183 (Best: 0.9317) | Test MaF1: 0.9231 (Best: 0.9281) | MiF1: 0.9244 (Best: 0.9279)
2024-04-22 21:44:31,456 - root - INFO - Epoch: 53 | LR: 0.0007 | Loss 0.4654 | Val MaF1: 0.9255 (Best: 0.9317) | Test MaF1: 0.9227 (Best: 0.9281) | MiF1: 0.9240 (Best: 0.9279)
2024-04-22 21:44:31,812 - root - INFO - Epoch: 54 | LR: 0.0007 | Loss 0.4633 | Val MaF1: 0.9230 (Best: 0.9317) | Test MaF1: 0.9223 (Best: 0.9281) | MiF1: 0.9237 (Best: 0.9279)
2024-04-22 21:44:32,179 - root - INFO - Epoch: 55 | LR: 0.0007 | Loss 0.4629 | Val MaF1: 0.9178 (Best: 0.9317) | Test MaF1: 0.9227 (Best: 0.9281) | MiF1: 0.9240 (Best: 0.9279)
2024-04-22 21:44:32,533 - root - INFO - Epoch: 56 | LR: 0.0007 | Loss 0.4607 | Val MaF1: 0.9133 (Best: 0.9317) | Test MaF1: 0.9254 (Best: 0.9281) | MiF1: 0.9261 (Best: 0.9279)
2024-04-22 21:44:32,878 - root - INFO - Epoch: 57 | LR: 0.0007 | Loss 0.4592 | Val MaF1: 0.9110 (Best: 0.9317) | Test MaF1: 0.9255 (Best: 0.9281) | MiF1: 0.9261 (Best: 0.9279)
2024-04-22 21:44:33,228 - root - INFO - Epoch: 58 | LR: 0.0006 | Loss 0.4576 | Val MaF1: 0.9178 (Best: 0.9317) | Test MaF1: 0.9252 (Best: 0.9281) | MiF1: 0.9261 (Best: 0.9279)
2024-04-22 21:44:33,566 - root - INFO - Epoch: 59 | LR: 0.0006 | Loss 0.4570 | Val MaF1: 0.9281 (Best: 0.9317) | Test MaF1: 0.9245 (Best: 0.9281) | MiF1: 0.9254 (Best: 0.9279)
2024-04-22 21:44:33,901 - root - INFO - Epoch: 60 | LR: 0.0006 | Loss 0.4542 | Val MaF1: 0.9284 (Best: 0.9317) | Test MaF1: 0.9260 (Best: 0.9281) | MiF1: 0.9268 (Best: 0.9279)
2024-04-22 21:44:34,254 - root - INFO - Epoch: 61 | LR: 0.0006 | Loss 0.4532 | Val MaF1: 0.9284 (Best: 0.9317) | Test MaF1: 0.9260 (Best: 0.9281) | MiF1: 0.9268 (Best: 0.9279)
2024-04-22 21:44:34,641 - root - INFO - Epoch: 62 | LR: 0.0005 | Loss 0.4529 | Val MaF1: 0.9284 (Best: 0.9317) | Test MaF1: 0.9258 (Best: 0.9281) | MiF1: 0.9265 (Best: 0.9279)
2024-04-22 21:44:34,977 - root - INFO - Epoch: 63 | LR: 0.0005 | Loss 0.4512 | Val MaF1: 0.9284 (Best: 0.9317) | Test MaF1: 0.9258 (Best: 0.9281) | MiF1: 0.9265 (Best: 0.9279)
2024-04-22 21:44:35,310 - root - INFO - Epoch: 64 | LR: 0.0005 | Loss 0.4511 | Val MaF1: 0.9258 (Best: 0.9317) | Test MaF1: 0.9259 (Best: 0.9281) | MiF1: 0.9265 (Best: 0.9279)
2024-04-22 21:44:35,639 - root - INFO - Epoch: 65 | LR: 0.0005 | Loss 0.4496 | Val MaF1: 0.9284 (Best: 0.9317) | Test MaF1: 0.9277 (Best: 0.9281) | MiF1: 0.9283 (Best: 0.9279)
2024-04-22 21:44:35,971 - root - INFO - Epoch: 66 | LR: 0.0005 | Loss 0.4492 | Val MaF1: 0.9256 (Best: 0.9317) | Test MaF1: 0.9266 (Best: 0.9281) | MiF1: 0.9272 (Best: 0.9279)
2024-04-22 21:44:36,296 - root - INFO - Epoch: 67 | LR: 0.0004 | Loss 0.4477 | Val MaF1: 0.9256 (Best: 0.9317) | Test MaF1: 0.9274 (Best: 0.9281) | MiF1: 0.9283 (Best: 0.9279)
2024-04-22 21:44:36,632 - root - INFO - Epoch: 68 | LR: 0.0004 | Loss 0.4480 | Val MaF1: 0.9256 (Best: 0.9317) | Test MaF1: 0.9271 (Best: 0.9281) | MiF1: 0.9279 (Best: 0.9279)
2024-04-22 21:44:36,956 - root - INFO - Epoch: 69 | LR: 0.0004 | Loss 0.4468 | Val MaF1: 0.9256 (Best: 0.9317) | Test MaF1: 0.9263 (Best: 0.9281) | MiF1: 0.9272 (Best: 0.9279)
2024-04-22 21:44:37,290 - root - INFO - Epoch: 70 | LR: 0.0004 | Loss 0.4460 | Val MaF1: 0.9258 (Best: 0.9317) | Test MaF1: 0.9257 (Best: 0.9281) | MiF1: 0.9265 (Best: 0.9279)
2024-04-22 21:44:37,639 - root - INFO - Epoch: 71 | LR: 0.0003 | Loss 0.4452 | Val MaF1: 0.9284 (Best: 0.9317) | Test MaF1: 0.9253 (Best: 0.9281) | MiF1: 0.9261 (Best: 0.9279)
2024-04-22 21:44:37,991 - root - INFO - Epoch: 72 | LR: 0.0003 | Loss 0.4449 | Val MaF1: 0.9252 (Best: 0.9317) | Test MaF1: 0.9251 (Best: 0.9281) | MiF1: 0.9258 (Best: 0.9279)
2024-04-22 21:44:38,319 - root - INFO - Epoch: 73 | LR: 0.0003 | Loss 0.4441 | Val MaF1: 0.9252 (Best: 0.9317) | Test MaF1: 0.9258 (Best: 0.9281) | MiF1: 0.9265 (Best: 0.9279)
2024-04-22 21:44:38,664 - root - INFO - Epoch: 74 | LR: 0.0003 | Loss 0.4441 | Val MaF1: 0.9252 (Best: 0.9317) | Test MaF1: 0.9258 (Best: 0.9281) | MiF1: 0.9265 (Best: 0.9279)
2024-04-22 21:44:38,996 - root - INFO - Epoch: 75 | LR: 0.0003 | Loss 0.4434 | Val MaF1: 0.9258 (Best: 0.9317) | Test MaF1: 0.9262 (Best: 0.9281) | MiF1: 0.9268 (Best: 0.9279)
2024-04-22 21:44:39,323 - root - INFO - Epoch: 76 | LR: 0.0002 | Loss 0.4432 | Val MaF1: 0.9233 (Best: 0.9317) | Test MaF1: 0.9265 (Best: 0.9281) | MiF1: 0.9272 (Best: 0.9279)
2024-04-22 21:44:39,658 - root - INFO - Epoch: 77 | LR: 0.0002 | Loss 0.4430 | Val MaF1: 0.9233 (Best: 0.9317) | Test MaF1: 0.9261 (Best: 0.9281) | MiF1: 0.9268 (Best: 0.9279)
2024-04-22 21:44:39,988 - root - INFO - Epoch: 78 | LR: 0.0002 | Loss 0.4428 | Val MaF1: 0.9256 (Best: 0.9317) | Test MaF1: 0.9250 (Best: 0.9281) | MiF1: 0.9258 (Best: 0.9279)
2024-04-22 21:44:40,317 - root - INFO - Epoch: 79 | LR: 0.0002 | Loss 0.4426 | Val MaF1: 0.9230 (Best: 0.9317) | Test MaF1: 0.9243 (Best: 0.9281) | MiF1: 0.9251 (Best: 0.9279)
2024-04-22 21:44:40,649 - root - INFO - Epoch: 80 | LR: 0.0002 | Loss 0.4417 | Val MaF1: 0.9230 (Best: 0.9317) | Test MaF1: 0.9243 (Best: 0.9281) | MiF1: 0.9251 (Best: 0.9279)
2024-04-22 21:44:40,979 - root - INFO - Epoch: 81 | LR: 0.0002 | Loss 0.4414 | Val MaF1: 0.9230 (Best: 0.9317) | Test MaF1: 0.9246 (Best: 0.9281) | MiF1: 0.9254 (Best: 0.9279)
2024-04-22 21:44:41,313 - root - INFO - Epoch: 82 | LR: 0.0001 | Loss 0.4423 | Val MaF1: 0.9230 (Best: 0.9317) | Test MaF1: 0.9249 (Best: 0.9281) | MiF1: 0.9258 (Best: 0.9279)
2024-04-22 21:44:41,648 - root - INFO - Epoch: 83 | LR: 0.0001 | Loss 0.4414 | Val MaF1: 0.9230 (Best: 0.9317) | Test MaF1: 0.9249 (Best: 0.9281) | MiF1: 0.9258 (Best: 0.9279)
2024-04-22 21:44:41,969 - root - INFO - Epoch: 84 | LR: 0.0001 | Loss 0.4414 | Val MaF1: 0.9230 (Best: 0.9317) | Test MaF1: 0.9246 (Best: 0.9281) | MiF1: 0.9254 (Best: 0.9279)
2024-04-22 21:44:42,298 - root - INFO - Epoch: 85 | LR: 0.0001 | Loss 0.4410 | Val MaF1: 0.9256 (Best: 0.9317) | Test MaF1: 0.9246 (Best: 0.9281) | MiF1: 0.9254 (Best: 0.9279)
2024-04-22 21:44:42,622 - root - INFO - Epoch: 86 | LR: 0.0001 | Loss 0.4407 | Val MaF1: 0.9290 (Best: 0.9317) | Test MaF1: 0.9250 (Best: 0.9281) | MiF1: 0.9258 (Best: 0.9279)
2024-04-22 21:44:42,941 - root - INFO - Epoch: 87 | LR: 0.0001 | Loss 0.4405 | Val MaF1: 0.9290 (Best: 0.9317) | Test MaF1: 0.9253 (Best: 0.9281) | MiF1: 0.9261 (Best: 0.9279)
2024-04-22 21:44:43,267 - root - INFO - Epoch: 88 | LR: 0.0001 | Loss 0.4406 | Val MaF1: 0.9290 (Best: 0.9317) | Test MaF1: 0.9250 (Best: 0.9281) | MiF1: 0.9258 (Best: 0.9279)
2024-04-22 21:44:43,592 - root - INFO - Epoch: 89 | LR: 0.0000 | Loss 0.4400 | Val MaF1: 0.9290 (Best: 0.9317) | Test MaF1: 0.9250 (Best: 0.9281) | MiF1: 0.9258 (Best: 0.9279)
2024-04-22 21:44:43,916 - root - INFO - Epoch: 90 | LR: 0.0000 | Loss 0.4407 | Val MaF1: 0.9265 (Best: 0.9317) | Test MaF1: 0.9250 (Best: 0.9281) | MiF1: 0.9258 (Best: 0.9279)
2024-04-22 21:44:44,239 - root - INFO - Epoch: 91 | LR: 0.0000 | Loss 0.4399 | Val MaF1: 0.9265 (Best: 0.9317) | Test MaF1: 0.9250 (Best: 0.9281) | MiF1: 0.9258 (Best: 0.9279)
2024-04-22 21:44:44,561 - root - INFO - Epoch: 92 | LR: 0.0000 | Loss 0.4398 | Val MaF1: 0.9265 (Best: 0.9317) | Test MaF1: 0.9254 (Best: 0.9281) | MiF1: 0.9261 (Best: 0.9279)
2024-04-22 21:44:44,883 - root - INFO - Epoch: 93 | LR: 0.0000 | Loss 0.4400 | Val MaF1: 0.9265 (Best: 0.9317) | Test MaF1: 0.9254 (Best: 0.9281) | MiF1: 0.9261 (Best: 0.9279)
2024-04-22 21:44:45,203 - root - INFO - Epoch: 94 | LR: 0.0000 | Loss 0.4398 | Val MaF1: 0.9265 (Best: 0.9317) | Test MaF1: 0.9254 (Best: 0.9281) | MiF1: 0.9261 (Best: 0.9279)
2024-04-22 21:44:45,525 - root - INFO - Epoch: 95 | LR: 0.0000 | Loss 0.4396 | Val MaF1: 0.9265 (Best: 0.9317) | Test MaF1: 0.9254 (Best: 0.9281) | MiF1: 0.9261 (Best: 0.9279)
2024-04-22 21:44:45,847 - root - INFO - Epoch: 96 | LR: 0.0000 | Loss 0.4398 | Val MaF1: 0.9265 (Best: 0.9317) | Test MaF1: 0.9254 (Best: 0.9281) | MiF1: 0.9261 (Best: 0.9279)
2024-04-22 21:44:46,171 - root - INFO - Epoch: 97 | LR: 0.0000 | Loss 0.4399 | Val MaF1: 0.9265 (Best: 0.9317) | Test MaF1: 0.9254 (Best: 0.9281) | MiF1: 0.9261 (Best: 0.9279)
2024-04-22 21:44:46,495 - root - INFO - Epoch: 98 | LR: 0.0000 | Loss 0.4403 | Val MaF1: 0.9265 (Best: 0.9317) | Test MaF1: 0.9254 (Best: 0.9281) | MiF1: 0.9261 (Best: 0.9279)
2024-04-22 21:44:46,817 - root - INFO - Epoch: 99 | LR: 0.0000 | Loss 0.4403 | Val MaF1: 0.9265 (Best: 0.9317) | Test MaF1: 0.9254 (Best: 0.9281) | MiF1: 0.9261 (Best: 0.9279)
2024-04-22 21:44:47,142 - root - INFO - Epoch: 100 | LR: 0.0000 | Loss 0.4407 | Val MaF1: 0.9265 (Best: 0.9317) | Test MaF1: 0.9254 (Best: 0.9281) | MiF1: 0.9261 (Best: 0.9279)
2024-04-22 21:44:47,142 - root - INFO - Best Epoch: 39 | Train MiF1: 0.9790,  MaF1: 0.9794 | Val MiF1: 0.9302, MaF1: 0.9317 | Test MaF1: 0.9281, MiF1: 0.9279
2024-04-22 21:44:47,307 - root - INFO - ARI: 0.8103 | NMI: 0.7573
