2024-04-22 20:41:34,701 - root - INFO - {'prefix': 'SR-HGN', 'gpu': 0, 'feat': 1, 'seed': 0, 'verbose': 1, 'train_split': 0.2, 'val_split': 0.3, 'num_type_heads': 4, 'num_node_heads': 4, 'hidden_dim': 256, 'clip': 1.0, 'num_layers': 3, 'alpha': 0.5, 'epochs': 100, 'dataset': 'acm', 'input_dim': 256, 'aggregate': 'concat', 'iscuda': True, 'cluster': True, 'max_lr': 0.001, 'weight_decay': 1e-05, 'heads': 1, 'han_heads': [4], 'hh_heads': 3, 'dropout': 0.2}
2024-04-22 20:41:37,366 - root - INFO - Training SR-HGN with #param: 17786812
2024-04-22 20:41:39,179 - root - INFO - ARI: 0.1068 | NMI: 0.1266
2024-04-22 20:41:39,179 - root - INFO - Epoch: 1 | LR: 0.0000 | Loss 1.0947 | Val MaF1: 0.2215 (Best: 0.2215) | Test MaF1: 0.2207 (Best: 0.2207) | MiF1: 0.4950 (Best: 0.4950)
2024-04-22 20:41:39,763 - root - INFO - ARI: 0.2937 | NMI: 0.3067
2024-04-22 20:41:39,763 - root - INFO - Epoch: 2 | LR: 0.0001 | Loss 1.0527 | Val MaF1: 0.2215 (Best: 0.2215) | Test MaF1: 0.2207 (Best: 0.2207) | MiF1: 0.4950 (Best: 0.4950)
2024-04-22 20:41:40,297 - root - INFO - ARI: 0.3800 | NMI: 0.4127
2024-04-22 20:41:40,298 - root - INFO - Epoch: 3 | LR: 0.0001 | Loss 1.0258 | Val MaF1: 0.2215 (Best: 0.2215) | Test MaF1: 0.2207 (Best: 0.2207) | MiF1: 0.4950 (Best: 0.4950)
2024-04-22 20:41:40,814 - root - INFO - ARI: 0.5444 | NMI: 0.5363
2024-04-22 20:41:40,815 - root - INFO - Epoch: 4 | LR: 0.0001 | Loss 1.0083 | Val MaF1: 0.2215 (Best: 0.2215) | Test MaF1: 0.2207 (Best: 0.2207) | MiF1: 0.4950 (Best: 0.4950)
2024-04-22 20:41:41,321 - root - INFO - ARI: 0.6033 | NMI: 0.5849
2024-04-22 20:41:41,321 - root - INFO - Epoch: 5 | LR: 0.0001 | Loss 0.9953 | Val MaF1: 0.2215 (Best: 0.2215) | Test MaF1: 0.2207 (Best: 0.2207) | MiF1: 0.4950 (Best: 0.4950)
2024-04-22 20:41:41,818 - root - INFO - ARI: 0.6470 | NMI: 0.6224
2024-04-22 20:41:41,818 - root - INFO - Epoch: 6 | LR: 0.0001 | Loss 0.9785 | Val MaF1: 0.2215 (Best: 0.2215) | Test MaF1: 0.2207 (Best: 0.2207) | MiF1: 0.4950 (Best: 0.4950)
2024-04-22 20:41:42,329 - root - INFO - ARI: 0.6667 | NMI: 0.6418
2024-04-22 20:41:42,329 - root - INFO - Epoch: 7 | LR: 0.0002 | Loss 0.9508 | Val MaF1: 0.2215 (Best: 0.2215) | Test MaF1: 0.2207 (Best: 0.2207) | MiF1: 0.4950 (Best: 0.4950)
2024-04-22 20:41:42,825 - root - INFO - ARI: 0.6744 | NMI: 0.6548
2024-04-22 20:41:42,825 - root - INFO - Epoch: 8 | LR: 0.0002 | Loss 0.9079 | Val MaF1: 0.2215 (Best: 0.2215) | Test MaF1: 0.2231 (Best: 0.2231) | MiF1: 0.4959 (Best: 0.4959)
2024-04-22 20:41:43,317 - root - INFO - ARI: 0.6792 | NMI: 0.6616
2024-04-22 20:41:43,317 - root - INFO - Epoch: 9 | LR: 0.0003 | Loss 0.8517 | Val MaF1: 0.6938 (Best: 0.6938) | Test MaF1: 0.6588 (Best: 0.6588) | MiF1: 0.7310 (Best: 0.7310)
2024-04-22 20:41:43,818 - root - INFO - ARI: 0.6950 | NMI: 0.6710
2024-04-22 20:41:43,819 - root - INFO - Epoch: 10 | LR: 0.0003 | Loss 0.7960 | Val MaF1: 0.9336 (Best: 0.9336) | Test MaF1: 0.9090 (Best: 0.9090) | MiF1: 0.9098 (Best: 0.9098)
2024-04-22 20:41:44,307 - root - INFO - ARI: 0.7251 | NMI: 0.6952
2024-04-22 20:41:44,307 - root - INFO - Epoch: 11 | LR: 0.0003 | Loss 0.7389 | Val MaF1: 0.9295 (Best: 0.9295) | Test MaF1: 0.9206 (Best: 0.9206) | MiF1: 0.9205 (Best: 0.9205)
2024-04-22 20:41:44,600 - root - INFO - Epoch: 12 | LR: 0.0004 | Loss 0.6642 | Val MaF1: 0.9337 (Best: 0.9295) | Test MaF1: 0.9156 (Best: 0.9206) | MiF1: 0.9156 (Best: 0.9205)
2024-04-22 20:41:44,863 - root - INFO - Epoch: 13 | LR: 0.0004 | Loss 0.5781 | Val MaF1: 0.9165 (Best: 0.9295) | Test MaF1: 0.8979 (Best: 0.9206) | MiF1: 0.8990 (Best: 0.9205)
2024-04-22 20:41:45,125 - root - INFO - Epoch: 14 | LR: 0.0005 | Loss 0.5292 | Val MaF1: 0.9224 (Best: 0.9295) | Test MaF1: 0.9062 (Best: 0.9206) | MiF1: 0.9056 (Best: 0.9205)
2024-04-22 20:41:45,388 - root - INFO - Epoch: 15 | LR: 0.0005 | Loss 0.4819 | Val MaF1: 0.9261 (Best: 0.9295) | Test MaF1: 0.9193 (Best: 0.9206) | MiF1: 0.9180 (Best: 0.9205)
2024-04-22 20:41:45,649 - root - INFO - Epoch: 16 | LR: 0.0006 | Loss 0.4441 | Val MaF1: 0.9284 (Best: 0.9295) | Test MaF1: 0.9124 (Best: 0.9206) | MiF1: 0.9131 (Best: 0.9205)
2024-04-22 20:41:45,911 - root - INFO - Epoch: 17 | LR: 0.0006 | Loss 0.4132 | Val MaF1: 0.9352 (Best: 0.9295) | Test MaF1: 0.9121 (Best: 0.9206) | MiF1: 0.9131 (Best: 0.9205)
2024-04-22 20:41:46,169 - root - INFO - Epoch: 18 | LR: 0.0007 | Loss 0.3971 | Val MaF1: 0.9352 (Best: 0.9295) | Test MaF1: 0.9143 (Best: 0.9206) | MiF1: 0.9147 (Best: 0.9205)
2024-04-22 20:41:46,430 - root - INFO - Epoch: 19 | LR: 0.0007 | Loss 0.3869 | Val MaF1: 0.9379 (Best: 0.9295) | Test MaF1: 0.9182 (Best: 0.9206) | MiF1: 0.9180 (Best: 0.9205)
2024-04-22 20:41:46,690 - root - INFO - Epoch: 20 | LR: 0.0008 | Loss 0.3752 | Val MaF1: 0.9356 (Best: 0.9295) | Test MaF1: 0.9190 (Best: 0.9206) | MiF1: 0.9189 (Best: 0.9205)
2024-04-22 20:41:46,952 - root - INFO - Epoch: 21 | LR: 0.0008 | Loss 0.3692 | Val MaF1: 0.9425 (Best: 0.9295) | Test MaF1: 0.9190 (Best: 0.9206) | MiF1: 0.9189 (Best: 0.9205)
2024-04-22 20:41:47,211 - root - INFO - Epoch: 22 | LR: 0.0009 | Loss 0.3608 | Val MaF1: 0.9426 (Best: 0.9295) | Test MaF1: 0.9176 (Best: 0.9206) | MiF1: 0.9180 (Best: 0.9205)
2024-04-22 20:41:47,474 - root - INFO - Epoch: 23 | LR: 0.0009 | Loss 0.3549 | Val MaF1: 0.9426 (Best: 0.9295) | Test MaF1: 0.9186 (Best: 0.9206) | MiF1: 0.9189 (Best: 0.9205)
2024-04-22 20:41:47,733 - root - INFO - Epoch: 24 | LR: 0.0009 | Loss 0.3498 | Val MaF1: 0.9400 (Best: 0.9295) | Test MaF1: 0.9192 (Best: 0.9206) | MiF1: 0.9189 (Best: 0.9205)
2024-04-22 20:41:48,209 - root - INFO - ARI: 0.7924 | NMI: 0.7493
2024-04-22 20:41:48,209 - root - INFO - Epoch: 25 | LR: 0.0010 | Loss 0.3419 | Val MaF1: 0.9427 (Best: 0.9427) | Test MaF1: 0.9217 (Best: 0.9217) | MiF1: 0.9214 (Best: 0.9214)
2024-04-22 20:41:48,490 - root - INFO - Epoch: 26 | LR: 0.0010 | Loss 0.3381 | Val MaF1: 0.9403 (Best: 0.9427) | Test MaF1: 0.9209 (Best: 0.9217) | MiF1: 0.9205 (Best: 0.9214)
2024-04-22 20:41:48,751 - root - INFO - Epoch: 27 | LR: 0.0010 | Loss 0.3373 | Val MaF1: 0.9326 (Best: 0.9427) | Test MaF1: 0.9187 (Best: 0.9217) | MiF1: 0.9189 (Best: 0.9214)
2024-04-22 20:41:49,213 - root - INFO - ARI: 0.7973 | NMI: 0.7530
2024-04-22 20:41:49,213 - root - INFO - Epoch: 28 | LR: 0.0010 | Loss 0.3333 | Val MaF1: 0.9326 (Best: 0.9326) | Test MaF1: 0.9256 (Best: 0.9256) | MiF1: 0.9255 (Best: 0.9255)
2024-04-22 20:41:49,504 - root - INFO - Epoch: 29 | LR: 0.0010 | Loss 0.3298 | Val MaF1: 0.9404 (Best: 0.9326) | Test MaF1: 0.9205 (Best: 0.9256) | MiF1: 0.9197 (Best: 0.9255)
2024-04-22 20:41:49,764 - root - INFO - Epoch: 30 | LR: 0.0010 | Loss 0.3280 | Val MaF1: 0.9381 (Best: 0.9326) | Test MaF1: 0.9240 (Best: 0.9256) | MiF1: 0.9230 (Best: 0.9255)
2024-04-22 20:41:50,023 - root - INFO - Epoch: 31 | LR: 0.0010 | Loss 0.3248 | Val MaF1: 0.9332 (Best: 0.9326) | Test MaF1: 0.9255 (Best: 0.9256) | MiF1: 0.9247 (Best: 0.9255)
2024-04-22 20:41:50,286 - root - INFO - Epoch: 32 | LR: 0.0010 | Loss 0.3217 | Val MaF1: 0.9358 (Best: 0.9326) | Test MaF1: 0.9252 (Best: 0.9256) | MiF1: 0.9247 (Best: 0.9255)
2024-04-22 20:41:50,547 - root - INFO - Epoch: 33 | LR: 0.0010 | Loss 0.3191 | Val MaF1: 0.9333 (Best: 0.9326) | Test MaF1: 0.9242 (Best: 0.9256) | MiF1: 0.9238 (Best: 0.9255)
2024-04-22 20:41:50,813 - root - INFO - Epoch: 34 | LR: 0.0010 | Loss 0.3171 | Val MaF1: 0.9333 (Best: 0.9326) | Test MaF1: 0.9252 (Best: 0.9256) | MiF1: 0.9247 (Best: 0.9255)
2024-04-22 20:41:51,074 - root - INFO - Epoch: 35 | LR: 0.0010 | Loss 0.3163 | Val MaF1: 0.9358 (Best: 0.9326) | Test MaF1: 0.9245 (Best: 0.9256) | MiF1: 0.9238 (Best: 0.9255)
2024-04-22 20:41:51,553 - root - INFO - ARI: 0.8297 | NMI: 0.7837
2024-04-22 20:41:51,553 - root - INFO - Epoch: 36 | LR: 0.0010 | Loss 0.3117 | Val MaF1: 0.9331 (Best: 0.9331) | Test MaF1: 0.9269 (Best: 0.9269) | MiF1: 0.9272 (Best: 0.9272)
2024-04-22 20:41:52,085 - root - INFO - ARI: 0.8276 | NMI: 0.7882
2024-04-22 20:41:52,085 - root - INFO - Epoch: 37 | LR: 0.0010 | Loss 0.3107 | Val MaF1: 0.9312 (Best: 0.9312) | Test MaF1: 0.9272 (Best: 0.9272) | MiF1: 0.9263 (Best: 0.9263)
2024-04-22 20:41:52,407 - root - INFO - Epoch: 38 | LR: 0.0010 | Loss 0.3111 | Val MaF1: 0.9301 (Best: 0.9312) | Test MaF1: 0.9196 (Best: 0.9272) | MiF1: 0.9205 (Best: 0.9263)
2024-04-22 20:41:52,905 - root - INFO - ARI: 0.8144 | NMI: 0.7818
2024-04-22 20:41:52,905 - root - INFO - Epoch: 39 | LR: 0.0010 | Loss 0.3115 | Val MaF1: 0.9361 (Best: 0.9361) | Test MaF1: 0.9281 (Best: 0.9281) | MiF1: 0.9272 (Best: 0.9272)
2024-04-22 20:41:53,444 - root - INFO - ARI: 0.8328 | NMI: 0.7929
2024-04-22 20:41:53,444 - root - INFO - Epoch: 40 | LR: 0.0009 | Loss 0.3081 | Val MaF1: 0.9337 (Best: 0.9337) | Test MaF1: 0.9295 (Best: 0.9295) | MiF1: 0.9288 (Best: 0.9288)
2024-04-22 20:41:53,736 - root - INFO - Epoch: 41 | LR: 0.0009 | Loss 0.3023 | Val MaF1: 0.9352 (Best: 0.9337) | Test MaF1: 0.9243 (Best: 0.9295) | MiF1: 0.9247 (Best: 0.9288)
2024-04-22 20:41:53,999 - root - INFO - Epoch: 42 | LR: 0.0009 | Loss 0.3004 | Val MaF1: 0.9353 (Best: 0.9337) | Test MaF1: 0.9282 (Best: 0.9295) | MiF1: 0.9272 (Best: 0.9288)
2024-04-22 20:41:54,261 - root - INFO - Epoch: 43 | LR: 0.0009 | Loss 0.3029 | Val MaF1: 0.9299 (Best: 0.9337) | Test MaF1: 0.9206 (Best: 0.9295) | MiF1: 0.9214 (Best: 0.9288)
2024-04-22 20:41:54,521 - root - INFO - Epoch: 44 | LR: 0.0009 | Loss 0.2994 | Val MaF1: 0.9388 (Best: 0.9337) | Test MaF1: 0.9276 (Best: 0.9295) | MiF1: 0.9263 (Best: 0.9288)
2024-04-22 20:41:54,785 - root - INFO - Epoch: 45 | LR: 0.0009 | Loss 0.3014 | Val MaF1: 0.9385 (Best: 0.9337) | Test MaF1: 0.9283 (Best: 0.9295) | MiF1: 0.9272 (Best: 0.9288)
2024-04-22 20:41:55,257 - root - INFO - ARI: 0.8676 | NMI: 0.8201
2024-04-22 20:41:55,257 - root - INFO - Epoch: 46 | LR: 0.0009 | Loss 0.2994 | Val MaF1: 0.9328 (Best: 0.9328) | Test MaF1: 0.9330 (Best: 0.9330) | MiF1: 0.9329 (Best: 0.9329)
2024-04-22 20:41:55,532 - root - INFO - Epoch: 47 | LR: 0.0008 | Loss 0.2906 | Val MaF1: 0.9303 (Best: 0.9328) | Test MaF1: 0.9230 (Best: 0.9330) | MiF1: 0.9238 (Best: 0.9329)
2024-04-22 20:41:55,799 - root - INFO - Epoch: 48 | LR: 0.0008 | Loss 0.2916 | Val MaF1: 0.9370 (Best: 0.9328) | Test MaF1: 0.9267 (Best: 0.9330) | MiF1: 0.9255 (Best: 0.9329)
2024-04-22 20:41:56,060 - root - INFO - Epoch: 49 | LR: 0.0008 | Loss 0.2971 | Val MaF1: 0.9421 (Best: 0.9328) | Test MaF1: 0.9318 (Best: 0.9330) | MiF1: 0.9321 (Best: 0.9329)
2024-04-22 20:41:56,323 - root - INFO - Epoch: 50 | LR: 0.0008 | Loss 0.2837 | Val MaF1: 0.9379 (Best: 0.9328) | Test MaF1: 0.9292 (Best: 0.9330) | MiF1: 0.9296 (Best: 0.9329)
2024-04-22 20:41:56,584 - root - INFO - Epoch: 51 | LR: 0.0008 | Loss 0.2837 | Val MaF1: 0.9363 (Best: 0.9328) | Test MaF1: 0.9319 (Best: 0.9330) | MiF1: 0.9313 (Best: 0.9329)
2024-04-22 20:41:56,847 - root - INFO - Epoch: 52 | LR: 0.0008 | Loss 0.2842 | Val MaF1: 0.9319 (Best: 0.9328) | Test MaF1: 0.9282 (Best: 0.9330) | MiF1: 0.9272 (Best: 0.9329)
2024-04-22 20:41:57,112 - root - INFO - Epoch: 53 | LR: 0.0007 | Loss 0.2840 | Val MaF1: 0.9329 (Best: 0.9328) | Test MaF1: 0.9296 (Best: 0.9330) | MiF1: 0.9296 (Best: 0.9329)
2024-04-22 20:41:57,377 - root - INFO - Epoch: 54 | LR: 0.0007 | Loss 0.2820 | Val MaF1: 0.9326 (Best: 0.9328) | Test MaF1: 0.9257 (Best: 0.9330) | MiF1: 0.9263 (Best: 0.9329)
2024-04-22 20:41:57,840 - root - INFO - ARI: 0.8831 | NMI: 0.8357
2024-04-22 20:41:57,847 - root - INFO - Epoch: 55 | LR: 0.0007 | Loss 0.2819 | Val MaF1: 0.9373 (Best: 0.9373) | Test MaF1: 0.9341 (Best: 0.9341) | MiF1: 0.9338 (Best: 0.9338)
2024-04-22 20:41:58,139 - root - INFO - Epoch: 56 | LR: 0.0007 | Loss 0.2752 | Val MaF1: 0.9347 (Best: 0.9373) | Test MaF1: 0.9310 (Best: 0.9341) | MiF1: 0.9305 (Best: 0.9338)
2024-04-22 20:41:58,405 - root - INFO - Epoch: 57 | LR: 0.0007 | Loss 0.2762 | Val MaF1: 0.9416 (Best: 0.9373) | Test MaF1: 0.9340 (Best: 0.9341) | MiF1: 0.9338 (Best: 0.9338)
2024-04-22 20:41:58,664 - root - INFO - Epoch: 58 | LR: 0.0006 | Loss 0.2769 | Val MaF1: 0.9387 (Best: 0.9373) | Test MaF1: 0.9331 (Best: 0.9341) | MiF1: 0.9329 (Best: 0.9338)
2024-04-22 20:41:58,928 - root - INFO - Epoch: 59 | LR: 0.0006 | Loss 0.2760 | Val MaF1: 0.9396 (Best: 0.9373) | Test MaF1: 0.9321 (Best: 0.9341) | MiF1: 0.9321 (Best: 0.9338)
2024-04-22 20:41:59,190 - root - INFO - Epoch: 60 | LR: 0.0006 | Loss 0.2759 | Val MaF1: 0.9422 (Best: 0.9373) | Test MaF1: 0.9329 (Best: 0.9341) | MiF1: 0.9321 (Best: 0.9338)
2024-04-22 20:41:59,454 - root - INFO - Epoch: 61 | LR: 0.0006 | Loss 0.2742 | Val MaF1: 0.9386 (Best: 0.9373) | Test MaF1: 0.9305 (Best: 0.9341) | MiF1: 0.9296 (Best: 0.9338)
2024-04-22 20:41:59,714 - root - INFO - Epoch: 62 | LR: 0.0005 | Loss 0.2737 | Val MaF1: 0.9435 (Best: 0.9373) | Test MaF1: 0.9304 (Best: 0.9341) | MiF1: 0.9296 (Best: 0.9338)
2024-04-22 20:41:59,976 - root - INFO - Epoch: 63 | LR: 0.0005 | Loss 0.2752 | Val MaF1: 0.9481 (Best: 0.9373) | Test MaF1: 0.9319 (Best: 0.9341) | MiF1: 0.9313 (Best: 0.9338)
2024-04-22 20:42:00,440 - root - INFO - ARI: 0.8935 | NMI: 0.8475
2024-04-22 20:42:00,441 - root - INFO - Epoch: 64 | LR: 0.0005 | Loss 0.2714 | Val MaF1: 0.9481 (Best: 0.9481) | Test MaF1: 0.9343 (Best: 0.9343) | MiF1: 0.9338 (Best: 0.9338)
2024-04-22 20:42:00,722 - root - INFO - Epoch: 65 | LR: 0.0005 | Loss 0.2707 | Val MaF1: 0.9448 (Best: 0.9481) | Test MaF1: 0.9323 (Best: 0.9343) | MiF1: 0.9321 (Best: 0.9338)
2024-04-22 20:42:00,984 - root - INFO - Epoch: 66 | LR: 0.0005 | Loss 0.2718 | Val MaF1: 0.9448 (Best: 0.9481) | Test MaF1: 0.9322 (Best: 0.9343) | MiF1: 0.9321 (Best: 0.9338)
2024-04-22 20:42:01,246 - root - INFO - Epoch: 67 | LR: 0.0004 | Loss 0.2703 | Val MaF1: 0.9448 (Best: 0.9481) | Test MaF1: 0.9316 (Best: 0.9343) | MiF1: 0.9313 (Best: 0.9338)
2024-04-22 20:42:01,509 - root - INFO - Epoch: 68 | LR: 0.0004 | Loss 0.2713 | Val MaF1: 0.9416 (Best: 0.9481) | Test MaF1: 0.9317 (Best: 0.9343) | MiF1: 0.9313 (Best: 0.9338)
2024-04-22 20:42:01,769 - root - INFO - Epoch: 69 | LR: 0.0004 | Loss 0.2702 | Val MaF1: 0.9416 (Best: 0.9481) | Test MaF1: 0.9317 (Best: 0.9343) | MiF1: 0.9313 (Best: 0.9338)
2024-04-22 20:42:02,032 - root - INFO - Epoch: 70 | LR: 0.0004 | Loss 0.2695 | Val MaF1: 0.9370 (Best: 0.9481) | Test MaF1: 0.9287 (Best: 0.9343) | MiF1: 0.9280 (Best: 0.9338)
2024-04-22 20:42:02,293 - root - INFO - Epoch: 71 | LR: 0.0003 | Loss 0.2683 | Val MaF1: 0.9370 (Best: 0.9481) | Test MaF1: 0.9287 (Best: 0.9343) | MiF1: 0.9280 (Best: 0.9338)
2024-04-22 20:42:02,553 - root - INFO - Epoch: 72 | LR: 0.0003 | Loss 0.2683 | Val MaF1: 0.9370 (Best: 0.9481) | Test MaF1: 0.9310 (Best: 0.9343) | MiF1: 0.9305 (Best: 0.9338)
2024-04-22 20:42:02,813 - root - INFO - Epoch: 73 | LR: 0.0003 | Loss 0.2696 | Val MaF1: 0.9416 (Best: 0.9481) | Test MaF1: 0.9340 (Best: 0.9343) | MiF1: 0.9338 (Best: 0.9338)
2024-04-22 20:42:03,073 - root - INFO - Epoch: 74 | LR: 0.0003 | Loss 0.2703 | Val MaF1: 0.9439 (Best: 0.9481) | Test MaF1: 0.9304 (Best: 0.9343) | MiF1: 0.9305 (Best: 0.9338)
2024-04-22 20:42:03,335 - root - INFO - Epoch: 75 | LR: 0.0003 | Loss 0.2671 | Val MaF1: 0.9413 (Best: 0.9481) | Test MaF1: 0.9294 (Best: 0.9343) | MiF1: 0.9296 (Best: 0.9338)
2024-04-22 20:42:03,594 - root - INFO - Epoch: 76 | LR: 0.0002 | Loss 0.2680 | Val MaF1: 0.9396 (Best: 0.9481) | Test MaF1: 0.9275 (Best: 0.9343) | MiF1: 0.9280 (Best: 0.9338)
2024-04-22 20:42:03,858 - root - INFO - Epoch: 77 | LR: 0.0002 | Loss 0.2676 | Val MaF1: 0.9396 (Best: 0.9481) | Test MaF1: 0.9275 (Best: 0.9343) | MiF1: 0.9280 (Best: 0.9338)
2024-04-22 20:42:04,119 - root - INFO - Epoch: 78 | LR: 0.0002 | Loss 0.2692 | Val MaF1: 0.9438 (Best: 0.9481) | Test MaF1: 0.9293 (Best: 0.9343) | MiF1: 0.9296 (Best: 0.9338)
2024-04-22 20:42:04,384 - root - INFO - Epoch: 79 | LR: 0.0002 | Loss 0.2672 | Val MaF1: 0.9414 (Best: 0.9481) | Test MaF1: 0.9321 (Best: 0.9343) | MiF1: 0.9321 (Best: 0.9338)
2024-04-22 20:42:04,645 - root - INFO - Epoch: 80 | LR: 0.0002 | Loss 0.2673 | Val MaF1: 0.9439 (Best: 0.9481) | Test MaF1: 0.9298 (Best: 0.9343) | MiF1: 0.9296 (Best: 0.9338)
2024-04-22 20:42:04,906 - root - INFO - Epoch: 81 | LR: 0.0002 | Loss 0.2667 | Val MaF1: 0.9416 (Best: 0.9481) | Test MaF1: 0.9323 (Best: 0.9343) | MiF1: 0.9321 (Best: 0.9338)
2024-04-22 20:42:05,166 - root - INFO - Epoch: 82 | LR: 0.0001 | Loss 0.2665 | Val MaF1: 0.9416 (Best: 0.9481) | Test MaF1: 0.9332 (Best: 0.9343) | MiF1: 0.9329 (Best: 0.9338)
2024-04-22 20:42:05,429 - root - INFO - Epoch: 83 | LR: 0.0001 | Loss 0.2673 | Val MaF1: 0.9416 (Best: 0.9481) | Test MaF1: 0.9333 (Best: 0.9343) | MiF1: 0.9329 (Best: 0.9338)
2024-04-22 20:42:05,689 - root - INFO - Epoch: 84 | LR: 0.0001 | Loss 0.2679 | Val MaF1: 0.9416 (Best: 0.9481) | Test MaF1: 0.9318 (Best: 0.9343) | MiF1: 0.9313 (Best: 0.9338)
2024-04-22 20:42:05,950 - root - INFO - Epoch: 85 | LR: 0.0001 | Loss 0.2667 | Val MaF1: 0.9416 (Best: 0.9481) | Test MaF1: 0.9310 (Best: 0.9343) | MiF1: 0.9305 (Best: 0.9338)
2024-04-22 20:42:06,211 - root - INFO - Epoch: 86 | LR: 0.0001 | Loss 0.2658 | Val MaF1: 0.9416 (Best: 0.9481) | Test MaF1: 0.9318 (Best: 0.9343) | MiF1: 0.9313 (Best: 0.9338)
2024-04-22 20:42:06,472 - root - INFO - Epoch: 87 | LR: 0.0001 | Loss 0.2662 | Val MaF1: 0.9416 (Best: 0.9481) | Test MaF1: 0.9318 (Best: 0.9343) | MiF1: 0.9313 (Best: 0.9338)
2024-04-22 20:42:06,730 - root - INFO - Epoch: 88 | LR: 0.0001 | Loss 0.2670 | Val MaF1: 0.9416 (Best: 0.9481) | Test MaF1: 0.9340 (Best: 0.9343) | MiF1: 0.9338 (Best: 0.9338)
2024-04-22 20:42:06,990 - root - INFO - Epoch: 89 | LR: 0.0000 | Loss 0.2672 | Val MaF1: 0.9416 (Best: 0.9481) | Test MaF1: 0.9340 (Best: 0.9343) | MiF1: 0.9338 (Best: 0.9338)
2024-04-22 20:42:07,251 - root - INFO - Epoch: 90 | LR: 0.0000 | Loss 0.2663 | Val MaF1: 0.9416 (Best: 0.9481) | Test MaF1: 0.9332 (Best: 0.9343) | MiF1: 0.9329 (Best: 0.9338)
2024-04-22 20:42:07,513 - root - INFO - Epoch: 91 | LR: 0.0000 | Loss 0.2660 | Val MaF1: 0.9416 (Best: 0.9481) | Test MaF1: 0.9332 (Best: 0.9343) | MiF1: 0.9329 (Best: 0.9338)
2024-04-22 20:42:07,776 - root - INFO - Epoch: 92 | LR: 0.0000 | Loss 0.2647 | Val MaF1: 0.9416 (Best: 0.9481) | Test MaF1: 0.9332 (Best: 0.9343) | MiF1: 0.9329 (Best: 0.9338)
2024-04-22 20:42:08,039 - root - INFO - Epoch: 93 | LR: 0.0000 | Loss 0.2651 | Val MaF1: 0.9416 (Best: 0.9481) | Test MaF1: 0.9315 (Best: 0.9343) | MiF1: 0.9313 (Best: 0.9338)
2024-04-22 20:42:08,301 - root - INFO - Epoch: 94 | LR: 0.0000 | Loss 0.2660 | Val MaF1: 0.9391 (Best: 0.9481) | Test MaF1: 0.9307 (Best: 0.9343) | MiF1: 0.9305 (Best: 0.9338)
2024-04-22 20:42:08,564 - root - INFO - Epoch: 95 | LR: 0.0000 | Loss 0.2659 | Val MaF1: 0.9391 (Best: 0.9481) | Test MaF1: 0.9307 (Best: 0.9343) | MiF1: 0.9305 (Best: 0.9338)
2024-04-22 20:42:08,824 - root - INFO - Epoch: 96 | LR: 0.0000 | Loss 0.2654 | Val MaF1: 0.9391 (Best: 0.9481) | Test MaF1: 0.9307 (Best: 0.9343) | MiF1: 0.9305 (Best: 0.9338)
2024-04-22 20:42:09,083 - root - INFO - Epoch: 97 | LR: 0.0000 | Loss 0.2663 | Val MaF1: 0.9391 (Best: 0.9481) | Test MaF1: 0.9298 (Best: 0.9343) | MiF1: 0.9296 (Best: 0.9338)
2024-04-22 20:42:09,368 - root - INFO - Epoch: 98 | LR: 0.0000 | Loss 0.2662 | Val MaF1: 0.9391 (Best: 0.9481) | Test MaF1: 0.9298 (Best: 0.9343) | MiF1: 0.9296 (Best: 0.9338)
2024-04-22 20:42:09,649 - root - INFO - Epoch: 99 | LR: 0.0000 | Loss 0.2658 | Val MaF1: 0.9391 (Best: 0.9481) | Test MaF1: 0.9298 (Best: 0.9343) | MiF1: 0.9296 (Best: 0.9338)
2024-04-22 20:42:09,929 - root - INFO - Epoch: 100 | LR: 0.0000 | Loss 0.2665 | Val MaF1: 0.9391 (Best: 0.9481) | Test MaF1: 0.9298 (Best: 0.9343) | MiF1: 0.9296 (Best: 0.9338)
2024-04-22 20:42:09,929 - root - INFO - Best Epoch: 64 | Train MiF1: 0.9822,  MaF1: 0.9821 | Val MiF1: 0.9478, MaF1: 0.9481 | Test MaF1: 0.9343, MiF1: 0.9338
2024-04-22 20:42:10,083 - root - INFO - ARI: 0.8935 | NMI: 0.8475
