2024-04-18 00:02:31,047 - root - INFO - {'prefix': 'SR-HGN', 'gpu': 0, 'feat': 1, 'seed': 0, 'verbose': 1, 'train_split': 0.2, 'val_split': 0.3, 'num_type_heads': 4, 'num_node_heads': 4, 'hidden_dim': 256, 'clip': 1.0, 'num_layers': 3, 'alpha': 0.5, 'epochs': 30, 'dataset': 'acm', 'input_dim': 256, 'aggregate': 'concat', 'iscuda': False, 'cluster': True, 'max_lr': 0.001, 'weight_decay': 1e-05, 'heads': 8, 'han_heads': [4], 'hh_heads': 3, 'dropout': 0.2}
2024-04-18 00:02:31,724 - root - INFO - Training SR-HGN with #param: 35207827
2024-04-18 00:02:54,706 - root - INFO - Epoch: 1 | LR: 0.0001 | Loss 1.0967 | Val MaF1: 0.2204 (Best: 0.2204) | Test MaF1: 0.2220 (Best: 0.2220) | MiF1: 0.4961 (Best: 0.4961)
2024-04-18 00:03:17,636 - root - INFO - Epoch: 2 | LR: 0.0002 | Loss 1.0725 | Val MaF1: 0.2204 (Best: 0.2204) | Test MaF1: 0.2210 (Best: 0.2220) | MiF1: 0.4957 (Best: 0.4961)
2024-04-18 00:03:41,324 - root - INFO - Epoch: 3 | LR: 0.0003 | Loss 1.0398 | Val MaF1: 0.2204 (Best: 0.2204) | Test MaF1: 0.2210 (Best: 0.2220) | MiF1: 0.4957 (Best: 0.4961)
2024-04-18 00:04:05,135 - root - INFO - Epoch: 4 | LR: 0.0005 | Loss 1.0045 | Val MaF1: 0.2204 (Best: 0.2204) | Test MaF1: 0.2210 (Best: 0.2220) | MiF1: 0.4957 (Best: 0.4961)
2024-04-18 00:04:28,892 - root - INFO - Epoch: 5 | LR: 0.0007 | Loss 0.9730 | Val MaF1: 0.2204 (Best: 0.2204) | Test MaF1: 0.2210 (Best: 0.2220) | MiF1: 0.4957 (Best: 0.4961)
2024-04-18 00:04:54,101 - root - INFO - Epoch: 6 | LR: 0.0009 | Loss 0.9020 | Val MaF1: 0.2346 (Best: 0.2346) | Test MaF1: 0.2527 (Best: 0.2527) | MiF1: 0.5071 (Best: 0.5071)
2024-04-18 00:05:17,887 - root - INFO - Epoch: 7 | LR: 0.0010 | Loss 0.8562 | Val MaF1: 0.6059 (Best: 0.6059) | Test MaF1: 0.5706 (Best: 0.5706) | MiF1: 0.6570 (Best: 0.6570)
2024-04-18 00:05:42,830 - root - INFO - Epoch: 8 | LR: 0.0010 | Loss 0.7393 | Val MaF1: 0.8284 (Best: 0.8284) | Test MaF1: 0.8455 (Best: 0.8455) | MiF1: 0.8526 (Best: 0.8526)
2024-04-18 00:06:07,067 - root - INFO - Epoch: 9 | LR: 0.0010 | Loss 0.6725 | Val MaF1: 0.9312 (Best: 0.9312) | Test MaF1: 0.9276 (Best: 0.9276) | MiF1: 0.9268 (Best: 0.9268)
2024-04-18 00:06:35,124 - root - INFO - Epoch: 10 | LR: 0.0010 | Loss 0.5974 | Val MaF1: 0.9223 (Best: 0.9312) | Test MaF1: 0.9154 (Best: 0.9276) | MiF1: 0.9141 (Best: 0.9268)
2024-04-18 00:06:59,349 - root - INFO - Epoch: 11 | LR: 0.0010 | Loss 0.5655 | Val MaF1: 0.8842 (Best: 0.9312) | Test MaF1: 0.8920 (Best: 0.9276) | MiF1: 0.8974 (Best: 0.9268)
2024-04-18 00:07:23,391 - root - INFO - Epoch: 12 | LR: 0.0009 | Loss 0.5162 | Val MaF1: 0.8760 (Best: 0.9312) | Test MaF1: 0.8853 (Best: 0.9276) | MiF1: 0.8910 (Best: 0.9268)
2024-04-18 00:07:47,539 - root - INFO - Epoch: 13 | LR: 0.0009 | Loss 0.5000 | Val MaF1: 0.9251 (Best: 0.9251) | Test MaF1: 0.9280 (Best: 0.9280) | MiF1: 0.9290 (Best: 0.9290)
2024-04-18 00:08:11,809 - root - INFO - Epoch: 14 | LR: 0.0008 | Loss 0.4677 | Val MaF1: 0.9379 (Best: 0.9379) | Test MaF1: 0.9427 (Best: 0.9427) | MiF1: 0.9421 (Best: 0.9421)
2024-04-18 00:08:35,918 - root - INFO - Epoch: 15 | LR: 0.0008 | Loss 0.4420 | Val MaF1: 0.9288 (Best: 0.9379) | Test MaF1: 0.9412 (Best: 0.9427) | MiF1: 0.9400 (Best: 0.9421)
2024-04-18 00:09:00,113 - root - INFO - Epoch: 16 | LR: 0.0007 | Loss 0.4330 | Val MaF1: 0.9314 (Best: 0.9379) | Test MaF1: 0.9403 (Best: 0.9427) | MiF1: 0.9393 (Best: 0.9421)
2024-04-18 00:09:24,125 - root - INFO - Epoch: 17 | LR: 0.0006 | Loss 0.4250 | Val MaF1: 0.9404 (Best: 0.9379) | Test MaF1: 0.9417 (Best: 0.9427) | MiF1: 0.9418 (Best: 0.9421)
2024-04-18 00:09:50,700 - root - INFO - Epoch: 18 | LR: 0.0005 | Loss 0.4170 | Val MaF1: 0.9515 (Best: 0.9515) | Test MaF1: 0.9450 (Best: 0.9450) | MiF1: 0.9453 (Best: 0.9453)
2024-04-18 00:10:21,981 - root - INFO - Epoch: 19 | LR: 0.0005 | Loss 0.4100 | Val MaF1: 0.9464 (Best: 0.9515) | Test MaF1: 0.9415 (Best: 0.9450) | MiF1: 0.9421 (Best: 0.9453)
2024-04-18 00:10:55,186 - root - INFO - Epoch: 20 | LR: 0.0004 | Loss 0.4055 | Val MaF1: 0.9460 (Best: 0.9515) | Test MaF1: 0.9390 (Best: 0.9450) | MiF1: 0.9396 (Best: 0.9453)
2024-04-18 00:11:30,856 - root - INFO - Epoch: 21 | LR: 0.0003 | Loss 0.4015 | Val MaF1: 0.9434 (Best: 0.9515) | Test MaF1: 0.9378 (Best: 0.9450) | MiF1: 0.9382 (Best: 0.9453)
2024-04-18 00:12:10,610 - root - INFO - Epoch: 22 | LR: 0.0003 | Loss 0.3985 | Val MaF1: 0.9439 (Best: 0.9515) | Test MaF1: 0.9370 (Best: 0.9450) | MiF1: 0.9375 (Best: 0.9453)
2024-04-18 00:12:38,640 - root - INFO - Epoch: 23 | LR: 0.0002 | Loss 0.3954 | Val MaF1: 0.9413 (Best: 0.9515) | Test MaF1: 0.9388 (Best: 0.9450) | MiF1: 0.9389 (Best: 0.9453)
2024-04-18 00:13:03,325 - root - INFO - Epoch: 24 | LR: 0.0001 | Loss 0.3932 | Val MaF1: 0.9413 (Best: 0.9515) | Test MaF1: 0.9404 (Best: 0.9450) | MiF1: 0.9403 (Best: 0.9453)
2024-04-18 00:13:28,106 - root - INFO - Epoch: 25 | LR: 0.0001 | Loss 0.3918 | Val MaF1: 0.9413 (Best: 0.9515) | Test MaF1: 0.9427 (Best: 0.9450) | MiF1: 0.9425 (Best: 0.9453)
2024-04-18 00:13:54,474 - root - INFO - Epoch: 26 | LR: 0.0000 | Loss 0.3907 | Val MaF1: 0.9438 (Best: 0.9515) | Test MaF1: 0.9421 (Best: 0.9450) | MiF1: 0.9421 (Best: 0.9453)
2024-04-18 00:14:19,820 - root - INFO - Epoch: 27 | LR: 0.0000 | Loss 0.3896 | Val MaF1: 0.9438 (Best: 0.9515) | Test MaF1: 0.9421 (Best: 0.9450) | MiF1: 0.9421 (Best: 0.9453)
2024-04-18 00:15:01,697 - root - INFO - Epoch: 28 | LR: 0.0000 | Loss 0.3892 | Val MaF1: 0.9438 (Best: 0.9515) | Test MaF1: 0.9422 (Best: 0.9450) | MiF1: 0.9421 (Best: 0.9453)
2024-04-18 00:15:42,406 - root - INFO - Epoch: 29 | LR: 0.0000 | Loss 0.3893 | Val MaF1: 0.9438 (Best: 0.9515) | Test MaF1: 0.9417 (Best: 0.9450) | MiF1: 0.9418 (Best: 0.9453)
2024-04-18 00:16:22,297 - root - INFO - Epoch: 30 | LR: 0.0000 | Loss 0.3888 | Val MaF1: 0.9438 (Best: 0.9515) | Test MaF1: 0.9417 (Best: 0.9450) | MiF1: 0.9418 (Best: 0.9453)
2024-04-18 00:16:22,297 - root - INFO - Best Epoch: 18 | Train MiF1: 0.9777,  MaF1: 0.9776 | Val MiF1: 0.9501, MaF1: 0.9515 | Test MaF1: 0.9450, MiF1: 0.9453
2024-04-18 00:16:33,436 - root - INFO - ARI: 0.8271 | NMI: 0.7751
