2024-04-18 09:51:21,191 - root - INFO - {'prefix': 'SR-HGN', 'gpu': 0, 'feat': 1, 'seed': 0, 'verbose': 1, 'train_split': 0.2, 'val_split': 0.3, 'num_type_heads': 4, 'num_node_heads': 4, 'hidden_dim': 512, 'clip': 1.0, 'num_layers': 3, 'alpha': 0.5, 'epochs': 40, 'dataset': 'dblp', 'input_dim': 256, 'aggregate': 'concat', 'iscuda': False, 'cluster': True, 'max_lr': 0.001, 'weight_decay': 1e-05, 'heads': 8, 'han_heads': [4], 'hh_heads': 3, 'dropout': 0.2}
2024-04-18 09:51:22,589 - root - INFO - Training SR-HGN with #param: 104205982
2024-04-18 09:55:10,886 - root - INFO - ARI: 0.0966 | NMI: 0.1434
2024-04-18 09:55:10,892 - root - INFO - Epoch: 1 | LR: 0.0001 | Loss 1.3842 | Val MaF1: 0.2054 (Best: 0.2054) | Test MaF1: 0.1912 (Best: 0.1912) | MiF1: 0.3417 (Best: 0.3417)
2024-04-18 09:57:41,037 - root - INFO - ARI: 0.1000 | NMI: 0.1448
2024-04-18 09:57:41,038 - root - INFO - Epoch: 2 | LR: 0.0001 | Loss 1.3690 | Val MaF1: 0.2466 (Best: 0.2466) | Test MaF1: 0.2407 (Best: 0.2407) | MiF1: 0.3748 (Best: 0.3748)
2024-04-18 10:00:05,515 - root - INFO - ARI: 0.0962 | NMI: 0.1429
2024-04-18 10:00:05,521 - root - INFO - Epoch: 3 | LR: 0.0002 | Loss 1.3465 | Val MaF1: 0.3414 (Best: 0.3414) | Test MaF1: 0.3501 (Best: 0.3501) | MiF1: 0.4600 (Best: 0.4600)
2024-04-18 10:02:42,189 - root - INFO - ARI: 0.1202 | NMI: 0.1680
2024-04-18 10:02:42,194 - root - INFO - Epoch: 4 | LR: 0.0003 | Loss 1.3110 | Val MaF1: 0.5201 (Best: 0.5201) | Test MaF1: 0.5062 (Best: 0.5062) | MiF1: 0.6044 (Best: 0.6044)
2024-04-18 10:05:30,300 - root - INFO - ARI: 0.2499 | NMI: 0.3133
2024-04-18 10:05:30,304 - root - INFO - Epoch: 5 | LR: 0.0005 | Loss 1.2577 | Val MaF1: 0.6225 (Best: 0.6225) | Test MaF1: 0.6100 (Best: 0.6100) | MiF1: 0.7312 (Best: 0.7312)
2024-04-18 10:09:29,075 - root - INFO - ARI: 0.4847 | NMI: 0.4771
2024-04-18 10:09:29,094 - root - INFO - Epoch: 6 | LR: 0.0006 | Loss 1.1824 | Val MaF1: 0.7074 (Best: 0.7074) | Test MaF1: 0.7035 (Best: 0.7035) | MiF1: 0.7894 (Best: 0.7894)
2024-04-18 10:12:33,210 - root - INFO - ARI: 0.6799 | NMI: 0.6222
2024-04-18 10:12:33,214 - root - INFO - Epoch: 7 | LR: 0.0007 | Loss 1.0802 | Val MaF1: 0.8848 (Best: 0.8848) | Test MaF1: 0.8447 (Best: 0.8447) | MiF1: 0.8658 (Best: 0.8658)
2024-04-18 10:15:27,590 - root - INFO - ARI: 0.7571 | NMI: 0.6913
2024-04-18 10:15:27,596 - root - INFO - Epoch: 8 | LR: 0.0008 | Loss 0.9802 | Val MaF1: 0.9177 (Best: 0.9177) | Test MaF1: 0.8912 (Best: 0.8912) | MiF1: 0.9014 (Best: 0.9014)
2024-04-18 10:18:29,682 - root - INFO - ARI: 0.7907 | NMI: 0.7300
2024-04-18 10:18:29,691 - root - INFO - Epoch: 9 | LR: 0.0009 | Loss 0.8781 | Val MaF1: 0.9203 (Best: 0.9203) | Test MaF1: 0.9066 (Best: 0.9066) | MiF1: 0.9144 (Best: 0.9144)
2024-04-18 10:21:29,827 - root - INFO - ARI: 0.8154 | NMI: 0.7530
2024-04-18 10:21:29,829 - root - INFO - Epoch: 10 | LR: 0.0010 | Loss 0.7863 | Val MaF1: 0.9318 (Best: 0.9318) | Test MaF1: 0.9218 (Best: 0.9218) | MiF1: 0.9281 (Best: 0.9281)
2024-04-18 10:24:42,084 - root - INFO - ARI: 0.8240 | NMI: 0.7608
2024-04-18 10:24:42,089 - root - INFO - Epoch: 11 | LR: 0.0010 | Loss 0.7171 | Val MaF1: 0.9378 (Best: 0.9378) | Test MaF1: 0.9383 (Best: 0.9383) | MiF1: 0.9426 (Best: 0.9426)
2024-04-18 10:27:34,428 - root - INFO - ARI: 0.8428 | NMI: 0.7876
2024-04-18 10:27:34,429 - root - INFO - Epoch: 12 | LR: 0.0010 | Loss 0.6612 | Val MaF1: 0.9304 (Best: 0.9304) | Test MaF1: 0.9398 (Best: 0.9398) | MiF1: 0.9443 (Best: 0.9443)
2024-04-18 10:30:21,452 - root - INFO - ARI: 0.8539 | NMI: 0.8023
2024-04-18 10:30:21,455 - root - INFO - Epoch: 13 | LR: 0.0010 | Loss 0.6282 | Val MaF1: 0.9304 (Best: 0.9304) | Test MaF1: 0.9426 (Best: 0.9426) | MiF1: 0.9465 (Best: 0.9465)
2024-04-18 10:32:33,253 - root - INFO - Epoch: 14 | LR: 0.0010 | Loss 0.6023 | Val MaF1: 0.9327 (Best: 0.9304) | Test MaF1: 0.9403 (Best: 0.9426) | MiF1: 0.9443 (Best: 0.9465)
2024-04-18 10:35:00,235 - root - INFO - Epoch: 15 | LR: 0.0010 | Loss 0.5822 | Val MaF1: 0.9326 (Best: 0.9304) | Test MaF1: 0.9403 (Best: 0.9426) | MiF1: 0.9443 (Best: 0.9465)
2024-04-18 10:37:53,183 - root - INFO - ARI: 0.8853 | NMI: 0.8351
2024-04-18 10:37:53,185 - root - INFO - Epoch: 16 | LR: 0.0009 | Loss 0.5692 | Val MaF1: 0.9326 (Best: 0.9326) | Test MaF1: 0.9428 (Best: 0.9428) | MiF1: 0.9468 (Best: 0.9468)
2024-04-18 10:40:44,255 - root - INFO - ARI: 0.8889 | NMI: 0.8389
2024-04-18 10:40:44,270 - root - INFO - Epoch: 17 | LR: 0.0009 | Loss 0.5565 | Val MaF1: 0.9326 (Best: 0.9326) | Test MaF1: 0.9435 (Best: 0.9435) | MiF1: 0.9475 (Best: 0.9475)
2024-04-18 10:42:56,769 - root - INFO - Epoch: 18 | LR: 0.0009 | Loss 0.5463 | Val MaF1: 0.9304 (Best: 0.9326) | Test MaF1: 0.9420 (Best: 0.9435) | MiF1: 0.9461 (Best: 0.9475)
2024-04-18 10:45:31,479 - root - INFO - Epoch: 19 | LR: 0.0008 | Loss 0.5365 | Val MaF1: 0.9373 (Best: 0.9326) | Test MaF1: 0.9414 (Best: 0.9435) | MiF1: 0.9454 (Best: 0.9475)
2024-04-18 10:48:03,503 - root - INFO - Epoch: 20 | LR: 0.0008 | Loss 0.5279 | Val MaF1: 0.9373 (Best: 0.9326) | Test MaF1: 0.9397 (Best: 0.9435) | MiF1: 0.9436 (Best: 0.9475)
2024-04-18 10:50:27,258 - root - INFO - Epoch: 21 | LR: 0.0007 | Loss 0.5222 | Val MaF1: 0.9329 (Best: 0.9326) | Test MaF1: 0.9423 (Best: 0.9435) | MiF1: 0.9461 (Best: 0.9475)
2024-04-18 10:52:48,767 - root - INFO - Epoch: 22 | LR: 0.0007 | Loss 0.5177 | Val MaF1: 0.9283 (Best: 0.9326) | Test MaF1: 0.9420 (Best: 0.9435) | MiF1: 0.9458 (Best: 0.9475)
2024-04-18 10:55:18,475 - root - INFO - Epoch: 23 | LR: 0.0006 | Loss 0.5123 | Val MaF1: 0.9286 (Best: 0.9326) | Test MaF1: 0.9409 (Best: 0.9435) | MiF1: 0.9447 (Best: 0.9475)
2024-04-18 10:57:47,995 - root - INFO - Epoch: 24 | LR: 0.0006 | Loss 0.5091 | Val MaF1: 0.9282 (Best: 0.9326) | Test MaF1: 0.9401 (Best: 0.9435) | MiF1: 0.9440 (Best: 0.9475)
2024-04-18 11:00:01,164 - root - INFO - Epoch: 25 | LR: 0.0005 | Loss 0.5070 | Val MaF1: 0.9306 (Best: 0.9326) | Test MaF1: 0.9386 (Best: 0.9435) | MiF1: 0.9426 (Best: 0.9475)
2024-04-18 11:02:19,783 - root - INFO - Epoch: 26 | LR: 0.0004 | Loss 0.5045 | Val MaF1: 0.9306 (Best: 0.9326) | Test MaF1: 0.9382 (Best: 0.9435) | MiF1: 0.9422 (Best: 0.9475)
2024-04-18 11:04:45,330 - root - INFO - Epoch: 27 | LR: 0.0004 | Loss 0.5013 | Val MaF1: 0.9332 (Best: 0.9326) | Test MaF1: 0.9374 (Best: 0.9435) | MiF1: 0.9415 (Best: 0.9475)
2024-04-18 11:08:10,194 - root - INFO - Epoch: 28 | LR: 0.0003 | Loss 0.5003 | Val MaF1: 0.9332 (Best: 0.9326) | Test MaF1: 0.9379 (Best: 0.9435) | MiF1: 0.9419 (Best: 0.9475)
2024-04-18 11:11:07,745 - root - INFO - Epoch: 29 | LR: 0.0003 | Loss 0.4993 | Val MaF1: 0.9338 (Best: 0.9326) | Test MaF1: 0.9368 (Best: 0.9435) | MiF1: 0.9408 (Best: 0.9475)
2024-04-18 11:13:33,292 - root - INFO - Epoch: 30 | LR: 0.0002 | Loss 0.4972 | Val MaF1: 0.9338 (Best: 0.9326) | Test MaF1: 0.9361 (Best: 0.9435) | MiF1: 0.9401 (Best: 0.9475)
2024-04-18 11:16:33,240 - root - INFO - Epoch: 31 | LR: 0.0002 | Loss 0.4962 | Val MaF1: 0.9338 (Best: 0.9326) | Test MaF1: 0.9358 (Best: 0.9435) | MiF1: 0.9398 (Best: 0.9475)
2024-04-18 11:19:05,793 - root - INFO - Epoch: 32 | LR: 0.0001 | Loss 0.4952 | Val MaF1: 0.9338 (Best: 0.9326) | Test MaF1: 0.9358 (Best: 0.9435) | MiF1: 0.9398 (Best: 0.9475)
2024-04-18 11:21:41,159 - root - INFO - Epoch: 33 | LR: 0.0001 | Loss 0.4953 | Val MaF1: 0.9338 (Best: 0.9326) | Test MaF1: 0.9352 (Best: 0.9435) | MiF1: 0.9391 (Best: 0.9475)
2024-04-18 11:23:58,164 - root - INFO - Epoch: 34 | LR: 0.0001 | Loss 0.4940 | Val MaF1: 0.9338 (Best: 0.9326) | Test MaF1: 0.9352 (Best: 0.9435) | MiF1: 0.9391 (Best: 0.9475)
2024-04-18 11:26:16,382 - root - INFO - Epoch: 35 | LR: 0.0000 | Loss 0.4938 | Val MaF1: 0.9338 (Best: 0.9326) | Test MaF1: 0.9355 (Best: 0.9435) | MiF1: 0.9394 (Best: 0.9475)
2024-04-18 11:28:38,289 - root - INFO - Epoch: 36 | LR: 0.0000 | Loss 0.4940 | Val MaF1: 0.9338 (Best: 0.9326) | Test MaF1: 0.9355 (Best: 0.9435) | MiF1: 0.9394 (Best: 0.9475)
2024-04-18 11:30:55,301 - root - INFO - Epoch: 37 | LR: 0.0000 | Loss 0.4937 | Val MaF1: 0.9338 (Best: 0.9326) | Test MaF1: 0.9359 (Best: 0.9435) | MiF1: 0.9398 (Best: 0.9475)
2024-04-18 11:33:08,666 - root - INFO - Epoch: 38 | LR: 0.0000 | Loss 0.4942 | Val MaF1: 0.9338 (Best: 0.9326) | Test MaF1: 0.9359 (Best: 0.9435) | MiF1: 0.9398 (Best: 0.9475)
2024-04-18 11:35:26,123 - root - INFO - Epoch: 39 | LR: 0.0000 | Loss 0.4946 | Val MaF1: 0.9338 (Best: 0.9326) | Test MaF1: 0.9359 (Best: 0.9435) | MiF1: 0.9398 (Best: 0.9475)
2024-04-18 11:37:45,265 - root - INFO - Epoch: 40 | LR: 0.0000 | Loss 0.4933 | Val MaF1: 0.9338 (Best: 0.9326) | Test MaF1: 0.9359 (Best: 0.9435) | MiF1: 0.9398 (Best: 0.9475)
2024-04-18 11:37:45,270 - root - INFO - Best Epoch: 17 | Train MiF1: 0.9803,  MaF1: 0.9779 | Val MiF1: 0.9383, MaF1: 0.9326 | Test MaF1: 0.9435, MiF1: 0.9475
2024-04-18 11:38:16,433 - root - INFO - ARI: 0.8889 | NMI: 0.8389
