2024-04-18 15:08:17,793 - root - INFO - {'prefix': 'SR-HGN', 'gpu': 0, 'feat': 1, 'seed': 0, 'verbose': 1, 'train_split': 0.2, 'val_split': 0.3, 'num_type_heads': 4, 'num_node_heads': 4, 'hidden_dim': 128, 'clip': 1.0, 'num_layers': 3, 'alpha': 0.5, 'epochs': 70, 'dataset': 'imdb', 'input_dim': 256, 'aggregate': 'concat', 'iscuda': True, 'cluster': True, 'max_lr': 0.001, 'weight_decay': 1e-05, 'heads': 8, 'han_heads': [4], 'hh_heads': 3, 'dropout': 0.2}
2024-04-18 15:08:19,241 - root - INFO - Training SR-HGN with #param: 22880467
2024-04-18 15:08:21,685 - root - INFO - ARI: 0.0017 | NMI: 0.0055
2024-04-18 15:08:21,685 - root - INFO - Epoch: 1 | LR: 0.0000 | Loss 1.0958 | Val MaF1: 0.1829 (Best: 0.1829) | Test MaF1: 0.1807 (Best: 0.1807) | MiF1: 0.3644 (Best: 0.3644)
2024-04-18 15:08:23,227 - root - INFO - ARI: 0.0017 | NMI: 0.0058
2024-04-18 15:08:23,227 - root - INFO - Epoch: 2 | LR: 0.0001 | Loss 1.0936 | Val MaF1: 0.1829 (Best: 0.1829) | Test MaF1: 0.1818 (Best: 0.1818) | MiF1: 0.3647 (Best: 0.3647)
2024-04-18 15:08:24,812 - root - INFO - ARI: 0.0020 | NMI: 0.0063
2024-04-18 15:08:24,812 - root - INFO - Epoch: 3 | LR: 0.0001 | Loss 1.0920 | Val MaF1: 0.1875 (Best: 0.1875) | Test MaF1: 0.1890 (Best: 0.1890) | MiF1: 0.3661 (Best: 0.3661)
2024-04-18 15:08:26,311 - root - INFO - ARI: 0.0019 | NMI: 0.0062
2024-04-18 15:08:26,311 - root - INFO - Epoch: 4 | LR: 0.0001 | Loss 1.0884 | Val MaF1: 0.2050 (Best: 0.2050) | Test MaF1: 0.2230 (Best: 0.2230) | MiF1: 0.3828 (Best: 0.3828)
2024-04-18 15:08:27,832 - root - INFO - ARI: 0.0040 | NMI: 0.0084
2024-04-18 15:08:27,832 - root - INFO - Epoch: 5 | LR: 0.0002 | Loss 1.0825 | Val MaF1: 0.2812 (Best: 0.2812) | Test MaF1: 0.2909 (Best: 0.2909) | MiF1: 0.4195 (Best: 0.4195)
2024-04-18 15:08:29,398 - root - INFO - ARI: 0.0041 | NMI: 0.0131
2024-04-18 15:08:29,398 - root - INFO - Epoch: 6 | LR: 0.0002 | Loss 1.0780 | Val MaF1: 0.3660 (Best: 0.3660) | Test MaF1: 0.3696 (Best: 0.3696) | MiF1: 0.4836 (Best: 0.4836)
2024-04-18 15:08:30,899 - root - INFO - ARI: 0.0124 | NMI: 0.0232
2024-04-18 15:08:30,899 - root - INFO - Epoch: 7 | LR: 0.0003 | Loss 1.0699 | Val MaF1: 0.3997 (Best: 0.3997) | Test MaF1: 0.3829 (Best: 0.3829) | MiF1: 0.4990 (Best: 0.4990)
2024-04-18 15:08:31,646 - root - INFO - Epoch: 8 | LR: 0.0004 | Loss 1.0630 | Val MaF1: 0.3545 (Best: 0.3997) | Test MaF1: 0.3601 (Best: 0.3829) | MiF1: 0.4793 (Best: 0.4990)
2024-04-18 15:08:32,379 - root - INFO - Epoch: 9 | LR: 0.0004 | Loss 1.0529 | Val MaF1: 0.3510 (Best: 0.3997) | Test MaF1: 0.3443 (Best: 0.3829) | MiF1: 0.4673 (Best: 0.4990)
2024-04-18 15:08:33,103 - root - INFO - Epoch: 10 | LR: 0.0005 | Loss 1.0407 | Val MaF1: 0.3479 (Best: 0.3997) | Test MaF1: 0.3447 (Best: 0.3829) | MiF1: 0.4693 (Best: 0.4990)
2024-04-18 15:08:33,834 - root - INFO - Epoch: 11 | LR: 0.0006 | Loss 1.0255 | Val MaF1: 0.3500 (Best: 0.3997) | Test MaF1: 0.3596 (Best: 0.3829) | MiF1: 0.4820 (Best: 0.4990)
2024-04-18 15:08:34,565 - root - INFO - Epoch: 12 | LR: 0.0007 | Loss 1.0046 | Val MaF1: 0.3759 (Best: 0.3997) | Test MaF1: 0.3808 (Best: 0.3829) | MiF1: 0.4987 (Best: 0.4990)
2024-04-18 15:08:36,086 - root - INFO - ARI: 0.2198 | NMI: 0.1999
2024-04-18 15:08:36,086 - root - INFO - Epoch: 13 | LR: 0.0007 | Loss 0.9771 | Val MaF1: 0.3981 (Best: 0.3981) | Test MaF1: 0.4130 (Best: 0.4130) | MiF1: 0.5160 (Best: 0.5160)
2024-04-18 15:08:37,577 - root - INFO - ARI: 0.2302 | NMI: 0.2106
2024-04-18 15:08:37,578 - root - INFO - Epoch: 14 | LR: 0.0008 | Loss 0.9341 | Val MaF1: 0.5395 (Best: 0.5395) | Test MaF1: 0.5101 (Best: 0.5101) | MiF1: 0.5598 (Best: 0.5598)
2024-04-18 15:08:39,059 - root - INFO - ARI: 0.2381 | NMI: 0.2190
2024-04-18 15:08:39,059 - root - INFO - Epoch: 15 | LR: 0.0009 | Loss 0.8836 | Val MaF1: 0.6531 (Best: 0.6531) | Test MaF1: 0.6177 (Best: 0.6177) | MiF1: 0.6196 (Best: 0.6196)
2024-04-18 15:08:40,572 - root - INFO - ARI: 0.2464 | NMI: 0.2273
2024-04-18 15:08:40,572 - root - INFO - Epoch: 16 | LR: 0.0009 | Loss 0.8219 | Val MaF1: 0.6407 (Best: 0.6407) | Test MaF1: 0.6274 (Best: 0.6274) | MiF1: 0.6253 (Best: 0.6253)
2024-04-18 15:08:42,057 - root - INFO - ARI: 0.2543 | NMI: 0.2319
2024-04-18 15:08:42,057 - root - INFO - Epoch: 17 | LR: 0.0009 | Loss 0.7561 | Val MaF1: 0.6427 (Best: 0.6427) | Test MaF1: 0.6295 (Best: 0.6295) | MiF1: 0.6279 (Best: 0.6279)
2024-04-18 15:08:43,567 - root - INFO - ARI: 0.2698 | NMI: 0.2416
2024-04-18 15:08:43,567 - root - INFO - Epoch: 18 | LR: 0.0010 | Loss 0.6867 | Val MaF1: 0.6597 (Best: 0.6597) | Test MaF1: 0.6383 (Best: 0.6383) | MiF1: 0.6366 (Best: 0.6366)
2024-04-18 15:08:45,117 - root - INFO - ARI: 0.2822 | NMI: 0.2488
2024-04-18 15:08:45,118 - root - INFO - Epoch: 19 | LR: 0.0010 | Loss 0.6198 | Val MaF1: 0.6606 (Best: 0.6606) | Test MaF1: 0.6388 (Best: 0.6388) | MiF1: 0.6379 (Best: 0.6379)
2024-04-18 15:08:45,903 - root - INFO - Epoch: 20 | LR: 0.0010 | Loss 0.5652 | Val MaF1: 0.6570 (Best: 0.6606) | Test MaF1: 0.6353 (Best: 0.6388) | MiF1: 0.6356 (Best: 0.6379)
2024-04-18 15:08:46,640 - root - INFO - Epoch: 21 | LR: 0.0010 | Loss 0.5224 | Val MaF1: 0.6573 (Best: 0.6606) | Test MaF1: 0.6385 (Best: 0.6388) | MiF1: 0.6383 (Best: 0.6379)
2024-04-18 15:08:47,374 - root - INFO - Epoch: 22 | LR: 0.0010 | Loss 0.4876 | Val MaF1: 0.6485 (Best: 0.6606) | Test MaF1: 0.6366 (Best: 0.6388) | MiF1: 0.6369 (Best: 0.6379)
2024-04-18 15:08:48,103 - root - INFO - Epoch: 23 | LR: 0.0010 | Loss 0.4614 | Val MaF1: 0.6411 (Best: 0.6606) | Test MaF1: 0.6346 (Best: 0.6388) | MiF1: 0.6346 (Best: 0.6379)
2024-04-18 15:08:48,834 - root - INFO - Epoch: 24 | LR: 0.0010 | Loss 0.4402 | Val MaF1: 0.6384 (Best: 0.6606) | Test MaF1: 0.6347 (Best: 0.6388) | MiF1: 0.6346 (Best: 0.6379)
2024-04-18 15:08:49,571 - root - INFO - Epoch: 25 | LR: 0.0010 | Loss 0.4241 | Val MaF1: 0.6386 (Best: 0.6606) | Test MaF1: 0.6312 (Best: 0.6388) | MiF1: 0.6313 (Best: 0.6379)
2024-04-18 15:08:50,298 - root - INFO - Epoch: 26 | LR: 0.0010 | Loss 0.4104 | Val MaF1: 0.6440 (Best: 0.6606) | Test MaF1: 0.6341 (Best: 0.6388) | MiF1: 0.6343 (Best: 0.6379)
2024-04-18 15:08:51,025 - root - INFO - Epoch: 27 | LR: 0.0010 | Loss 0.3991 | Val MaF1: 0.6328 (Best: 0.6606) | Test MaF1: 0.6304 (Best: 0.6388) | MiF1: 0.6306 (Best: 0.6379)
2024-04-18 15:08:51,800 - root - INFO - Epoch: 28 | LR: 0.0009 | Loss 0.3905 | Val MaF1: 0.6355 (Best: 0.6606) | Test MaF1: 0.6286 (Best: 0.6388) | MiF1: 0.6293 (Best: 0.6379)
2024-04-18 15:08:52,531 - root - INFO - Epoch: 29 | LR: 0.0009 | Loss 0.3834 | Val MaF1: 0.6271 (Best: 0.6606) | Test MaF1: 0.6244 (Best: 0.6388) | MiF1: 0.6253 (Best: 0.6379)
2024-04-18 15:08:53,261 - root - INFO - Epoch: 30 | LR: 0.0009 | Loss 0.3778 | Val MaF1: 0.6222 (Best: 0.6606) | Test MaF1: 0.6193 (Best: 0.6388) | MiF1: 0.6202 (Best: 0.6379)
2024-04-18 15:08:53,988 - root - INFO - Epoch: 31 | LR: 0.0009 | Loss 0.3737 | Val MaF1: 0.6269 (Best: 0.6606) | Test MaF1: 0.6207 (Best: 0.6388) | MiF1: 0.6219 (Best: 0.6379)
2024-04-18 15:08:54,723 - root - INFO - Epoch: 32 | LR: 0.0009 | Loss 0.3697 | Val MaF1: 0.6249 (Best: 0.6606) | Test MaF1: 0.6197 (Best: 0.6388) | MiF1: 0.6206 (Best: 0.6379)
2024-04-18 15:08:55,463 - root - INFO - Epoch: 33 | LR: 0.0008 | Loss 0.3669 | Val MaF1: 0.6224 (Best: 0.6606) | Test MaF1: 0.6201 (Best: 0.6388) | MiF1: 0.6206 (Best: 0.6379)
2024-04-18 15:08:56,199 - root - INFO - Epoch: 34 | LR: 0.0008 | Loss 0.3644 | Val MaF1: 0.6273 (Best: 0.6606) | Test MaF1: 0.6212 (Best: 0.6388) | MiF1: 0.6216 (Best: 0.6379)
2024-04-18 15:08:56,938 - root - INFO - Epoch: 35 | LR: 0.0008 | Loss 0.3619 | Val MaF1: 0.6275 (Best: 0.6606) | Test MaF1: 0.6207 (Best: 0.6388) | MiF1: 0.6209 (Best: 0.6379)
2024-04-18 15:08:57,670 - root - INFO - Epoch: 36 | LR: 0.0008 | Loss 0.3604 | Val MaF1: 0.6253 (Best: 0.6606) | Test MaF1: 0.6182 (Best: 0.6388) | MiF1: 0.6186 (Best: 0.6379)
2024-04-18 15:08:58,401 - root - INFO - Epoch: 37 | LR: 0.0007 | Loss 0.3589 | Val MaF1: 0.6255 (Best: 0.6606) | Test MaF1: 0.6155 (Best: 0.6388) | MiF1: 0.6159 (Best: 0.6379)
2024-04-18 15:08:59,148 - root - INFO - Epoch: 38 | LR: 0.0007 | Loss 0.3580 | Val MaF1: 0.6230 (Best: 0.6606) | Test MaF1: 0.6152 (Best: 0.6388) | MiF1: 0.6156 (Best: 0.6379)
2024-04-18 15:08:59,942 - root - INFO - Epoch: 39 | LR: 0.0007 | Loss 0.3565 | Val MaF1: 0.6250 (Best: 0.6606) | Test MaF1: 0.6143 (Best: 0.6388) | MiF1: 0.6146 (Best: 0.6379)
2024-04-18 15:09:00,682 - root - INFO - Epoch: 40 | LR: 0.0006 | Loss 0.3558 | Val MaF1: 0.6250 (Best: 0.6606) | Test MaF1: 0.6126 (Best: 0.6388) | MiF1: 0.6129 (Best: 0.6379)
2024-04-18 15:09:01,422 - root - INFO - Epoch: 41 | LR: 0.0006 | Loss 0.3549 | Val MaF1: 0.6276 (Best: 0.6606) | Test MaF1: 0.6123 (Best: 0.6388) | MiF1: 0.6126 (Best: 0.6379)
2024-04-18 15:09:02,168 - root - INFO - Epoch: 42 | LR: 0.0006 | Loss 0.3538 | Val MaF1: 0.6298 (Best: 0.6606) | Test MaF1: 0.6106 (Best: 0.6388) | MiF1: 0.6109 (Best: 0.6379)
2024-04-18 15:09:02,924 - root - INFO - Epoch: 43 | LR: 0.0005 | Loss 0.3530 | Val MaF1: 0.6272 (Best: 0.6606) | Test MaF1: 0.6098 (Best: 0.6388) | MiF1: 0.6102 (Best: 0.6379)
2024-04-18 15:09:03,662 - root - INFO - Epoch: 44 | LR: 0.0005 | Loss 0.3526 | Val MaF1: 0.6294 (Best: 0.6606) | Test MaF1: 0.6104 (Best: 0.6388) | MiF1: 0.6109 (Best: 0.6379)
2024-04-18 15:09:04,391 - root - INFO - Epoch: 45 | LR: 0.0005 | Loss 0.3526 | Val MaF1: 0.6231 (Best: 0.6606) | Test MaF1: 0.6118 (Best: 0.6388) | MiF1: 0.6122 (Best: 0.6379)
2024-04-18 15:09:05,127 - root - INFO - Epoch: 46 | LR: 0.0005 | Loss 0.3522 | Val MaF1: 0.6231 (Best: 0.6606) | Test MaF1: 0.6128 (Best: 0.6388) | MiF1: 0.6132 (Best: 0.6379)
2024-04-18 15:09:05,865 - root - INFO - Epoch: 47 | LR: 0.0004 | Loss 0.3514 | Val MaF1: 0.6231 (Best: 0.6606) | Test MaF1: 0.6124 (Best: 0.6388) | MiF1: 0.6129 (Best: 0.6379)
2024-04-18 15:09:06,602 - root - INFO - Epoch: 48 | LR: 0.0004 | Loss 0.3517 | Val MaF1: 0.6231 (Best: 0.6606) | Test MaF1: 0.6131 (Best: 0.6388) | MiF1: 0.6136 (Best: 0.6379)
2024-04-18 15:09:07,409 - root - INFO - Epoch: 49 | LR: 0.0004 | Loss 0.3509 | Val MaF1: 0.6211 (Best: 0.6606) | Test MaF1: 0.6135 (Best: 0.6388) | MiF1: 0.6139 (Best: 0.6379)
2024-04-18 15:09:08,143 - root - INFO - Epoch: 50 | LR: 0.0003 | Loss 0.3502 | Val MaF1: 0.6211 (Best: 0.6606) | Test MaF1: 0.6135 (Best: 0.6388) | MiF1: 0.6139 (Best: 0.6379)
2024-04-18 15:09:08,890 - root - INFO - Epoch: 51 | LR: 0.0003 | Loss 0.3498 | Val MaF1: 0.6233 (Best: 0.6606) | Test MaF1: 0.6138 (Best: 0.6388) | MiF1: 0.6142 (Best: 0.6379)
2024-04-18 15:09:09,630 - root - INFO - Epoch: 52 | LR: 0.0003 | Loss 0.3504 | Val MaF1: 0.6233 (Best: 0.6606) | Test MaF1: 0.6135 (Best: 0.6388) | MiF1: 0.6139 (Best: 0.6379)
2024-04-18 15:09:10,363 - root - INFO - Epoch: 53 | LR: 0.0002 | Loss 0.3493 | Val MaF1: 0.6233 (Best: 0.6606) | Test MaF1: 0.6138 (Best: 0.6388) | MiF1: 0.6142 (Best: 0.6379)
2024-04-18 15:09:11,109 - root - INFO - Epoch: 54 | LR: 0.0002 | Loss 0.3496 | Val MaF1: 0.6230 (Best: 0.6606) | Test MaF1: 0.6134 (Best: 0.6388) | MiF1: 0.6139 (Best: 0.6379)
2024-04-18 15:09:11,863 - root - INFO - Epoch: 55 | LR: 0.0002 | Loss 0.3496 | Val MaF1: 0.6207 (Best: 0.6606) | Test MaF1: 0.6127 (Best: 0.6388) | MiF1: 0.6132 (Best: 0.6379)
2024-04-18 15:09:12,619 - root - INFO - Epoch: 56 | LR: 0.0002 | Loss 0.3495 | Val MaF1: 0.6223 (Best: 0.6606) | Test MaF1: 0.6127 (Best: 0.6388) | MiF1: 0.6132 (Best: 0.6379)
2024-04-18 15:09:13,360 - root - INFO - Epoch: 57 | LR: 0.0001 | Loss 0.3491 | Val MaF1: 0.6223 (Best: 0.6606) | Test MaF1: 0.6127 (Best: 0.6388) | MiF1: 0.6132 (Best: 0.6379)
2024-04-18 15:09:14,111 - root - INFO - Epoch: 58 | LR: 0.0001 | Loss 0.3486 | Val MaF1: 0.6223 (Best: 0.6606) | Test MaF1: 0.6120 (Best: 0.6388) | MiF1: 0.6126 (Best: 0.6379)
2024-04-18 15:09:14,914 - root - INFO - Epoch: 59 | LR: 0.0001 | Loss 0.3492 | Val MaF1: 0.6223 (Best: 0.6606) | Test MaF1: 0.6120 (Best: 0.6388) | MiF1: 0.6126 (Best: 0.6379)
2024-04-18 15:09:15,648 - root - INFO - Epoch: 60 | LR: 0.0001 | Loss 0.3489 | Val MaF1: 0.6223 (Best: 0.6606) | Test MaF1: 0.6120 (Best: 0.6388) | MiF1: 0.6126 (Best: 0.6379)
2024-04-18 15:09:16,386 - root - INFO - Epoch: 61 | LR: 0.0001 | Loss 0.3487 | Val MaF1: 0.6223 (Best: 0.6606) | Test MaF1: 0.6117 (Best: 0.6388) | MiF1: 0.6122 (Best: 0.6379)
2024-04-18 15:09:17,137 - root - INFO - Epoch: 62 | LR: 0.0000 | Loss 0.3487 | Val MaF1: 0.6223 (Best: 0.6606) | Test MaF1: 0.6121 (Best: 0.6388) | MiF1: 0.6126 (Best: 0.6379)
2024-04-18 15:09:17,893 - root - INFO - Epoch: 63 | LR: 0.0000 | Loss 0.3485 | Val MaF1: 0.6223 (Best: 0.6606) | Test MaF1: 0.6121 (Best: 0.6388) | MiF1: 0.6126 (Best: 0.6379)
2024-04-18 15:09:18,630 - root - INFO - Epoch: 64 | LR: 0.0000 | Loss 0.3492 | Val MaF1: 0.6223 (Best: 0.6606) | Test MaF1: 0.6120 (Best: 0.6388) | MiF1: 0.6126 (Best: 0.6379)
2024-04-18 15:09:19,386 - root - INFO - Epoch: 65 | LR: 0.0000 | Loss 0.3485 | Val MaF1: 0.6223 (Best: 0.6606) | Test MaF1: 0.6120 (Best: 0.6388) | MiF1: 0.6126 (Best: 0.6379)
2024-04-18 15:09:20,127 - root - INFO - Epoch: 66 | LR: 0.0000 | Loss 0.3489 | Val MaF1: 0.6223 (Best: 0.6606) | Test MaF1: 0.6120 (Best: 0.6388) | MiF1: 0.6126 (Best: 0.6379)
2024-04-18 15:09:20,893 - root - INFO - Epoch: 67 | LR: 0.0000 | Loss 0.3495 | Val MaF1: 0.6223 (Best: 0.6606) | Test MaF1: 0.6120 (Best: 0.6388) | MiF1: 0.6126 (Best: 0.6379)
2024-04-18 15:09:21,652 - root - INFO - Epoch: 68 | LR: 0.0000 | Loss 0.3486 | Val MaF1: 0.6223 (Best: 0.6606) | Test MaF1: 0.6120 (Best: 0.6388) | MiF1: 0.6126 (Best: 0.6379)
2024-04-18 15:09:22,445 - root - INFO - Epoch: 69 | LR: 0.0000 | Loss 0.3486 | Val MaF1: 0.6223 (Best: 0.6606) | Test MaF1: 0.6120 (Best: 0.6388) | MiF1: 0.6126 (Best: 0.6379)
2024-04-18 15:09:23,203 - root - INFO - Epoch: 70 | LR: 0.0000 | Loss 0.3487 | Val MaF1: 0.6223 (Best: 0.6606) | Test MaF1: 0.6120 (Best: 0.6388) | MiF1: 0.6126 (Best: 0.6379)
2024-04-18 15:09:23,203 - root - INFO - Best Epoch: 19 | Train MiF1: 0.9696,  MaF1: 0.9693 | Val MiF1: 0.6589, MaF1: 0.6606 | Test MaF1: 0.6388, MiF1: 0.6379
2024-04-18 15:09:23,815 - root - INFO - ARI: 0.2822 | NMI: 0.2488
