2024-04-18 01:10:30,474 - root - INFO - {'prefix': 'SR-HGN', 'gpu': 0, 'feat': 1, 'seed': 0, 'verbose': 1, 'train_split': 0.2, 'val_split': 0.3, 'num_type_heads': 4, 'num_node_heads': 4, 'hidden_dim': 32, 'clip': 1.0, 'num_layers': 3, 'alpha': 0.5, 'epochs': 80, 'dataset': 'dblp', 'input_dim': 256, 'aggregate': 'concat', 'iscuda': False, 'cluster': True, 'max_lr': 0.001, 'weight_decay': 1e-05, 'heads': 8, 'han_heads': [4], 'hh_heads': 3, 'dropout': 0.2}
2024-04-18 01:10:31,473 - root - INFO - Training SR-HGN with #param: 2092702
2024-04-18 01:10:47,223 - root - INFO - Epoch: 1 | LR: 0.0000 | Loss 1.3901 | Val MaF1: 0.1056 (Best: 0.1056) | Test MaF1: 0.1035 (Best: 0.1035) | MiF1: 0.2469 (Best: 0.2469)
2024-04-18 01:11:00,636 - root - INFO - Epoch: 2 | LR: 0.0001 | Loss 1.3915 | Val MaF1: 0.1056 (Best: 0.1056) | Test MaF1: 0.1048 (Best: 0.1048) | MiF1: 0.2476 (Best: 0.2476)
2024-04-18 01:11:14,438 - root - INFO - Epoch: 3 | LR: 0.0001 | Loss 1.3882 | Val MaF1: 0.1104 (Best: 0.1104) | Test MaF1: 0.1081 (Best: 0.1081) | MiF1: 0.2487 (Best: 0.2487)
2024-04-18 01:11:28,063 - root - INFO - Epoch: 4 | LR: 0.0001 | Loss 1.3829 | Val MaF1: 0.1106 (Best: 0.1106) | Test MaF1: 0.1149 (Best: 0.1149) | MiF1: 0.2526 (Best: 0.2526)
2024-04-18 01:11:41,638 - root - INFO - Epoch: 5 | LR: 0.0001 | Loss 1.3872 | Val MaF1: 0.1175 (Best: 0.1175) | Test MaF1: 0.1234 (Best: 0.1234) | MiF1: 0.2568 (Best: 0.2568)
2024-04-18 01:11:55,477 - root - INFO - Epoch: 6 | LR: 0.0002 | Loss 1.3772 | Val MaF1: 0.1286 (Best: 0.1286) | Test MaF1: 0.1448 (Best: 0.1448) | MiF1: 0.2677 (Best: 0.2677)
2024-04-18 01:12:09,536 - root - INFO - Epoch: 7 | LR: 0.0002 | Loss 1.3779 | Val MaF1: 0.1835 (Best: 0.1835) | Test MaF1: 0.1924 (Best: 0.1924) | MiF1: 0.2980 (Best: 0.2980)
2024-04-18 01:12:23,573 - root - INFO - Epoch: 8 | LR: 0.0003 | Loss 1.3687 | Val MaF1: 0.2854 (Best: 0.2854) | Test MaF1: 0.2769 (Best: 0.2769) | MiF1: 0.3677 (Best: 0.3677)
2024-04-18 01:12:37,590 - root - INFO - Epoch: 9 | LR: 0.0004 | Loss 1.3647 | Val MaF1: 0.4030 (Best: 0.4030) | Test MaF1: 0.3825 (Best: 0.3825) | MiF1: 0.4815 (Best: 0.4815)
2024-04-18 01:12:51,587 - root - INFO - Epoch: 10 | LR: 0.0004 | Loss 1.3564 | Val MaF1: 0.5072 (Best: 0.5072) | Test MaF1: 0.4752 (Best: 0.4752) | MiF1: 0.5812 (Best: 0.5812)
2024-04-18 01:13:05,784 - root - INFO - Epoch: 11 | LR: 0.0005 | Loss 1.3453 | Val MaF1: 0.4961 (Best: 0.4961) | Test MaF1: 0.4970 (Best: 0.4970) | MiF1: 0.5918 (Best: 0.5918)
2024-04-18 01:13:19,549 - root - INFO - Epoch: 12 | LR: 0.0006 | Loss 1.3349 | Val MaF1: 0.4651 (Best: 0.4961) | Test MaF1: 0.4498 (Best: 0.4970) | MiF1: 0.5498 (Best: 0.5918)
2024-04-18 01:13:33,338 - root - INFO - Epoch: 13 | LR: 0.0006 | Loss 1.3243 | Val MaF1: 0.4292 (Best: 0.4961) | Test MaF1: 0.4047 (Best: 0.4970) | MiF1: 0.5195 (Best: 0.5918)
2024-04-18 01:13:47,363 - root - INFO - Epoch: 14 | LR: 0.0007 | Loss 1.3107 | Val MaF1: 0.4224 (Best: 0.4961) | Test MaF1: 0.3941 (Best: 0.4970) | MiF1: 0.5206 (Best: 0.5918)
2024-04-18 01:14:01,211 - root - INFO - Epoch: 15 | LR: 0.0007 | Loss 1.2963 | Val MaF1: 0.4241 (Best: 0.4961) | Test MaF1: 0.4129 (Best: 0.4970) | MiF1: 0.5417 (Best: 0.5918)
2024-04-18 01:14:15,093 - root - INFO - Epoch: 16 | LR: 0.0008 | Loss 1.2795 | Val MaF1: 0.4672 (Best: 0.4961) | Test MaF1: 0.4562 (Best: 0.4970) | MiF1: 0.5812 (Best: 0.5918)
2024-04-18 01:14:28,950 - root - INFO - Epoch: 17 | LR: 0.0008 | Loss 1.2582 | Val MaF1: 0.5209 (Best: 0.5209) | Test MaF1: 0.5122 (Best: 0.5122) | MiF1: 0.6287 (Best: 0.6287)
2024-04-18 01:14:43,047 - root - INFO - Epoch: 18 | LR: 0.0009 | Loss 1.2355 | Val MaF1: 0.5642 (Best: 0.5642) | Test MaF1: 0.5695 (Best: 0.5695) | MiF1: 0.6862 (Best: 0.6862)
2024-04-18 01:14:56,691 - root - INFO - Epoch: 19 | LR: 0.0009 | Loss 1.2089 | Val MaF1: 0.6106 (Best: 0.6106) | Test MaF1: 0.6089 (Best: 0.6089) | MiF1: 0.7302 (Best: 0.7302)
2024-04-18 01:15:10,626 - root - INFO - Epoch: 20 | LR: 0.0010 | Loss 1.1736 | Val MaF1: 0.6659 (Best: 0.6659) | Test MaF1: 0.6526 (Best: 0.6526) | MiF1: 0.7619 (Best: 0.7619)
2024-04-18 01:15:24,496 - root - INFO - Epoch: 21 | LR: 0.0010 | Loss 1.1338 | Val MaF1: 0.7105 (Best: 0.7105) | Test MaF1: 0.7305 (Best: 0.7305) | MiF1: 0.8027 (Best: 0.8027)
2024-04-18 01:15:38,249 - root - INFO - Epoch: 22 | LR: 0.0010 | Loss 1.0916 | Val MaF1: 0.8350 (Best: 0.8350) | Test MaF1: 0.8211 (Best: 0.8211) | MiF1: 0.8552 (Best: 0.8552)
2024-04-18 01:15:54,319 - root - INFO - Epoch: 23 | LR: 0.0010 | Loss 1.0463 | Val MaF1: 0.8840 (Best: 0.8840) | Test MaF1: 0.8647 (Best: 0.8647) | MiF1: 0.8845 (Best: 0.8845)
2024-04-18 01:16:09,083 - root - INFO - Epoch: 24 | LR: 0.0010 | Loss 1.0100 | Val MaF1: 0.9042 (Best: 0.9042) | Test MaF1: 0.8818 (Best: 0.8818) | MiF1: 0.8957 (Best: 0.8957)
2024-04-18 01:16:23,125 - root - INFO - Epoch: 25 | LR: 0.0010 | Loss 0.9639 | Val MaF1: 0.9073 (Best: 0.9073) | Test MaF1: 0.8821 (Best: 0.8821) | MiF1: 0.8961 (Best: 0.8961)
2024-04-18 01:16:36,987 - root - INFO - Epoch: 26 | LR: 0.0010 | Loss 0.9282 | Val MaF1: 0.9139 (Best: 0.9139) | Test MaF1: 0.8910 (Best: 0.8910) | MiF1: 0.9028 (Best: 0.9028)
2024-04-18 01:16:51,097 - root - INFO - Epoch: 27 | LR: 0.0010 | Loss 0.8914 | Val MaF1: 0.9200 (Best: 0.9200) | Test MaF1: 0.9120 (Best: 0.9120) | MiF1: 0.9197 (Best: 0.9197)
2024-04-18 01:17:05,113 - root - INFO - Epoch: 28 | LR: 0.0010 | Loss 0.8511 | Val MaF1: 0.9213 (Best: 0.9213) | Test MaF1: 0.9173 (Best: 0.9173) | MiF1: 0.9243 (Best: 0.9243)
2024-04-18 01:17:19,063 - root - INFO - Epoch: 29 | LR: 0.0010 | Loss 0.8255 | Val MaF1: 0.9195 (Best: 0.9213) | Test MaF1: 0.9143 (Best: 0.9173) | MiF1: 0.9229 (Best: 0.9243)
2024-04-18 01:17:33,047 - root - INFO - Epoch: 30 | LR: 0.0010 | Loss 0.7900 | Val MaF1: 0.9094 (Best: 0.9213) | Test MaF1: 0.9064 (Best: 0.9173) | MiF1: 0.9165 (Best: 0.9243)
2024-04-18 01:17:46,961 - root - INFO - Epoch: 31 | LR: 0.0010 | Loss 0.7701 | Val MaF1: 0.9177 (Best: 0.9213) | Test MaF1: 0.9129 (Best: 0.9173) | MiF1: 0.9218 (Best: 0.9243)
2024-04-18 01:18:00,898 - root - INFO - Epoch: 32 | LR: 0.0009 | Loss 0.7463 | Val MaF1: 0.9279 (Best: 0.9279) | Test MaF1: 0.9238 (Best: 0.9238) | MiF1: 0.9306 (Best: 0.9306)
2024-04-18 01:18:14,730 - root - INFO - Epoch: 33 | LR: 0.0009 | Loss 0.7228 | Val MaF1: 0.9373 (Best: 0.9373) | Test MaF1: 0.9331 (Best: 0.9331) | MiF1: 0.9377 (Best: 0.9377)
2024-04-18 01:18:28,426 - root - INFO - Epoch: 34 | LR: 0.0009 | Loss 0.7024 | Val MaF1: 0.9333 (Best: 0.9373) | Test MaF1: 0.9327 (Best: 0.9331) | MiF1: 0.9369 (Best: 0.9377)
2024-04-18 01:18:42,633 - root - INFO - Epoch: 35 | LR: 0.0009 | Loss 0.6878 | Val MaF1: 0.9359 (Best: 0.9359) | Test MaF1: 0.9336 (Best: 0.9336) | MiF1: 0.9377 (Best: 0.9377)
2024-04-18 01:18:56,249 - root - INFO - Epoch: 36 | LR: 0.0009 | Loss 0.6760 | Val MaF1: 0.9408 (Best: 0.9408) | Test MaF1: 0.9344 (Best: 0.9344) | MiF1: 0.9391 (Best: 0.9391)
2024-04-18 01:19:10,053 - root - INFO - Epoch: 37 | LR: 0.0009 | Loss 0.6639 | Val MaF1: 0.9375 (Best: 0.9375) | Test MaF1: 0.9362 (Best: 0.9362) | MiF1: 0.9415 (Best: 0.9415)
2024-04-18 01:19:23,825 - root - INFO - Epoch: 38 | LR: 0.0008 | Loss 0.6504 | Val MaF1: 0.9366 (Best: 0.9375) | Test MaF1: 0.9305 (Best: 0.9362) | MiF1: 0.9369 (Best: 0.9415)
2024-04-18 01:19:38,073 - root - INFO - Epoch: 39 | LR: 0.0008 | Loss 0.6410 | Val MaF1: 0.9332 (Best: 0.9375) | Test MaF1: 0.9313 (Best: 0.9362) | MiF1: 0.9377 (Best: 0.9415)
2024-04-18 01:19:51,992 - root - INFO - Epoch: 40 | LR: 0.0008 | Loss 0.6304 | Val MaF1: 0.9362 (Best: 0.9375) | Test MaF1: 0.9335 (Best: 0.9362) | MiF1: 0.9394 (Best: 0.9415)
2024-04-18 01:20:14,902 - root - INFO - Epoch: 41 | LR: 0.0008 | Loss 0.6264 | Val MaF1: 0.9486 (Best: 0.9375) | Test MaF1: 0.9358 (Best: 0.9362) | MiF1: 0.9408 (Best: 0.9415)
2024-04-18 01:20:32,184 - root - INFO - Epoch: 42 | LR: 0.0007 | Loss 0.6159 | Val MaF1: 0.9460 (Best: 0.9375) | Test MaF1: 0.9361 (Best: 0.9362) | MiF1: 0.9408 (Best: 0.9415)
2024-04-18 01:20:45,977 - root - INFO - Epoch: 43 | LR: 0.0007 | Loss 0.6097 | Val MaF1: 0.9460 (Best: 0.9460) | Test MaF1: 0.9366 (Best: 0.9366) | MiF1: 0.9408 (Best: 0.9408)
2024-04-18 01:20:59,688 - root - INFO - Epoch: 44 | LR: 0.0007 | Loss 0.6048 | Val MaF1: 0.9460 (Best: 0.9460) | Test MaF1: 0.9357 (Best: 0.9366) | MiF1: 0.9401 (Best: 0.9408)
2024-04-18 01:21:13,678 - root - INFO - Epoch: 45 | LR: 0.0007 | Loss 0.5975 | Val MaF1: 0.9460 (Best: 0.9460) | Test MaF1: 0.9359 (Best: 0.9366) | MiF1: 0.9405 (Best: 0.9408)
2024-04-18 01:21:27,419 - root - INFO - Epoch: 46 | LR: 0.0006 | Loss 0.5928 | Val MaF1: 0.9429 (Best: 0.9460) | Test MaF1: 0.9357 (Best: 0.9366) | MiF1: 0.9405 (Best: 0.9408)
2024-04-18 01:21:41,065 - root - INFO - Epoch: 47 | LR: 0.0006 | Loss 0.5914 | Val MaF1: 0.9398 (Best: 0.9460) | Test MaF1: 0.9366 (Best: 0.9366) | MiF1: 0.9415 (Best: 0.9408)
2024-04-18 01:21:54,854 - root - INFO - Epoch: 48 | LR: 0.0006 | Loss 0.5858 | Val MaF1: 0.9368 (Best: 0.9368) | Test MaF1: 0.9374 (Best: 0.9374) | MiF1: 0.9426 (Best: 0.9426)
2024-04-18 01:22:08,878 - root - INFO - Epoch: 49 | LR: 0.0006 | Loss 0.5835 | Val MaF1: 0.9336 (Best: 0.9368) | Test MaF1: 0.9367 (Best: 0.9374) | MiF1: 0.9419 (Best: 0.9426)
2024-04-18 01:22:23,043 - root - INFO - Epoch: 50 | LR: 0.0005 | Loss 0.5802 | Val MaF1: 0.9336 (Best: 0.9368) | Test MaF1: 0.9347 (Best: 0.9374) | MiF1: 0.9401 (Best: 0.9426)
2024-04-18 01:22:36,872 - root - INFO - Epoch: 51 | LR: 0.0005 | Loss 0.5746 | Val MaF1: 0.9336 (Best: 0.9368) | Test MaF1: 0.9351 (Best: 0.9374) | MiF1: 0.9405 (Best: 0.9426)
2024-04-18 01:22:50,646 - root - INFO - Epoch: 52 | LR: 0.0005 | Loss 0.5724 | Val MaF1: 0.9306 (Best: 0.9368) | Test MaF1: 0.9347 (Best: 0.9374) | MiF1: 0.9401 (Best: 0.9426)
2024-04-18 01:23:04,562 - root - INFO - Epoch: 53 | LR: 0.0004 | Loss 0.5696 | Val MaF1: 0.9276 (Best: 0.9368) | Test MaF1: 0.9356 (Best: 0.9374) | MiF1: 0.9408 (Best: 0.9426)
2024-04-18 01:23:18,516 - root - INFO - Epoch: 54 | LR: 0.0004 | Loss 0.5681 | Val MaF1: 0.9308 (Best: 0.9368) | Test MaF1: 0.9356 (Best: 0.9374) | MiF1: 0.9408 (Best: 0.9426)
2024-04-18 01:23:32,486 - root - INFO - Epoch: 55 | LR: 0.0004 | Loss 0.5672 | Val MaF1: 0.9308 (Best: 0.9368) | Test MaF1: 0.9360 (Best: 0.9374) | MiF1: 0.9412 (Best: 0.9426)
2024-04-18 01:23:46,692 - root - INFO - Epoch: 56 | LR: 0.0004 | Loss 0.5649 | Val MaF1: 0.9308 (Best: 0.9368) | Test MaF1: 0.9373 (Best: 0.9374) | MiF1: 0.9422 (Best: 0.9426)
2024-04-18 01:24:00,731 - root - INFO - Epoch: 57 | LR: 0.0003 | Loss 0.5667 | Val MaF1: 0.9308 (Best: 0.9308) | Test MaF1: 0.9377 (Best: 0.9377) | MiF1: 0.9426 (Best: 0.9426)
2024-04-18 01:24:14,748 - root - INFO - Epoch: 58 | LR: 0.0003 | Loss 0.5601 | Val MaF1: 0.9338 (Best: 0.9308) | Test MaF1: 0.9374 (Best: 0.9377) | MiF1: 0.9422 (Best: 0.9426)
2024-04-18 01:24:28,891 - root - INFO - Epoch: 59 | LR: 0.0003 | Loss 0.5591 | Val MaF1: 0.9368 (Best: 0.9308) | Test MaF1: 0.9370 (Best: 0.9377) | MiF1: 0.9419 (Best: 0.9426)
2024-04-18 01:24:42,796 - root - INFO - Epoch: 60 | LR: 0.0003 | Loss 0.5582 | Val MaF1: 0.9368 (Best: 0.9368) | Test MaF1: 0.9379 (Best: 0.9379) | MiF1: 0.9426 (Best: 0.9426)
2024-04-18 01:24:56,761 - root - INFO - Epoch: 61 | LR: 0.0002 | Loss 0.5593 | Val MaF1: 0.9397 (Best: 0.9368) | Test MaF1: 0.9371 (Best: 0.9379) | MiF1: 0.9419 (Best: 0.9426)
2024-04-18 01:25:10,633 - root - INFO - Epoch: 62 | LR: 0.0002 | Loss 0.5563 | Val MaF1: 0.9397 (Best: 0.9368) | Test MaF1: 0.9356 (Best: 0.9379) | MiF1: 0.9405 (Best: 0.9426)
2024-04-18 01:25:24,671 - root - INFO - Epoch: 63 | LR: 0.0002 | Loss 0.5562 | Val MaF1: 0.9397 (Best: 0.9368) | Test MaF1: 0.9356 (Best: 0.9379) | MiF1: 0.9405 (Best: 0.9426)
2024-04-18 01:25:38,601 - root - INFO - Epoch: 64 | LR: 0.0002 | Loss 0.5543 | Val MaF1: 0.9397 (Best: 0.9368) | Test MaF1: 0.9356 (Best: 0.9379) | MiF1: 0.9405 (Best: 0.9426)
2024-04-18 01:25:52,526 - root - INFO - Epoch: 65 | LR: 0.0001 | Loss 0.5531 | Val MaF1: 0.9397 (Best: 0.9368) | Test MaF1: 0.9356 (Best: 0.9379) | MiF1: 0.9405 (Best: 0.9426)
2024-04-18 01:26:06,570 - root - INFO - Epoch: 66 | LR: 0.0001 | Loss 0.5539 | Val MaF1: 0.9368 (Best: 0.9368) | Test MaF1: 0.9356 (Best: 0.9379) | MiF1: 0.9405 (Best: 0.9426)
2024-04-18 01:26:20,540 - root - INFO - Epoch: 67 | LR: 0.0001 | Loss 0.5540 | Val MaF1: 0.9368 (Best: 0.9368) | Test MaF1: 0.9356 (Best: 0.9379) | MiF1: 0.9405 (Best: 0.9426)
2024-04-18 01:26:34,483 - root - INFO - Epoch: 68 | LR: 0.0001 | Loss 0.5542 | Val MaF1: 0.9368 (Best: 0.9368) | Test MaF1: 0.9352 (Best: 0.9379) | MiF1: 0.9401 (Best: 0.9426)
2024-04-18 01:26:48,568 - root - INFO - Epoch: 69 | LR: 0.0001 | Loss 0.5530 | Val MaF1: 0.9368 (Best: 0.9368) | Test MaF1: 0.9352 (Best: 0.9379) | MiF1: 0.9401 (Best: 0.9426)
2024-04-18 01:27:02,325 - root - INFO - Epoch: 70 | LR: 0.0001 | Loss 0.5531 | Val MaF1: 0.9368 (Best: 0.9368) | Test MaF1: 0.9352 (Best: 0.9379) | MiF1: 0.9401 (Best: 0.9426)
2024-04-18 01:27:16,124 - root - INFO - Epoch: 71 | LR: 0.0000 | Loss 0.5522 | Val MaF1: 0.9368 (Best: 0.9368) | Test MaF1: 0.9352 (Best: 0.9379) | MiF1: 0.9401 (Best: 0.9426)
2024-04-18 01:27:29,983 - root - INFO - Epoch: 72 | LR: 0.0000 | Loss 0.5518 | Val MaF1: 0.9368 (Best: 0.9368) | Test MaF1: 0.9352 (Best: 0.9379) | MiF1: 0.9401 (Best: 0.9426)
2024-04-18 01:27:44,039 - root - INFO - Epoch: 73 | LR: 0.0000 | Loss 0.5505 | Val MaF1: 0.9368 (Best: 0.9368) | Test MaF1: 0.9352 (Best: 0.9379) | MiF1: 0.9401 (Best: 0.9426)
2024-04-18 01:27:58,019 - root - INFO - Epoch: 74 | LR: 0.0000 | Loss 0.5525 | Val MaF1: 0.9368 (Best: 0.9368) | Test MaF1: 0.9352 (Best: 0.9379) | MiF1: 0.9401 (Best: 0.9426)
2024-04-18 01:28:11,947 - root - INFO - Epoch: 75 | LR: 0.0000 | Loss 0.5520 | Val MaF1: 0.9368 (Best: 0.9368) | Test MaF1: 0.9352 (Best: 0.9379) | MiF1: 0.9401 (Best: 0.9426)
2024-04-18 01:28:26,155 - root - INFO - Epoch: 76 | LR: 0.0000 | Loss 0.5511 | Val MaF1: 0.9368 (Best: 0.9368) | Test MaF1: 0.9352 (Best: 0.9379) | MiF1: 0.9401 (Best: 0.9426)
2024-04-18 01:28:40,043 - root - INFO - Epoch: 77 | LR: 0.0000 | Loss 0.5495 | Val MaF1: 0.9368 (Best: 0.9368) | Test MaF1: 0.9352 (Best: 0.9379) | MiF1: 0.9401 (Best: 0.9426)
2024-04-18 01:28:54,119 - root - INFO - Epoch: 78 | LR: 0.0000 | Loss 0.5515 | Val MaF1: 0.9368 (Best: 0.9368) | Test MaF1: 0.9352 (Best: 0.9379) | MiF1: 0.9401 (Best: 0.9426)
2024-04-18 01:29:08,242 - root - INFO - Epoch: 79 | LR: 0.0000 | Loss 0.5520 | Val MaF1: 0.9368 (Best: 0.9368) | Test MaF1: 0.9352 (Best: 0.9379) | MiF1: 0.9401 (Best: 0.9426)
2024-04-18 01:29:22,460 - root - INFO - Epoch: 80 | LR: 0.0000 | Loss 0.5529 | Val MaF1: 0.9368 (Best: 0.9368) | Test MaF1: 0.9352 (Best: 0.9379) | MiF1: 0.9401 (Best: 0.9426)
2024-04-18 01:29:22,460 - root - INFO - Best Epoch: 60 | Train MiF1: 0.9963,  MaF1: 0.9957 | Val MiF1: 0.9432, MaF1: 0.9368 | Test MaF1: 0.9379, MiF1: 0.9426
2024-04-18 01:29:26,457 - root - INFO - ARI: 0.8431 | NMI: 0.7845
