2024-04-22 23:22:38,716 - root - INFO - {'prefix': 'SR-HGN', 'gpu': 0, 'feat': 1, 'seed': 0, 'verbose': 1, 'train_split': 0.2, 'val_split': 0.3, 'num_type_heads': 4, 'num_node_heads': 4, 'hidden_dim': 128, 'clip': 1.0, 'num_layers': 2, 'alpha': 0.5, 'epochs': 79, 'dataset': 'imdb', 'input_dim': 256, 'aggregate': 'concat', 'iscuda': True, 'cluster': True, 'max_lr': 0.001, 'weight_decay': 1e-05, 'heads': 8, 'han_heads': [4], 'hh_heads': 3, 'dropout': 0.2}
2024-04-22 23:22:41,204 - root - INFO - Training SR-HGN with #param: 21918339
2024-04-22 23:22:42,989 - root - INFO - ARI: -0.0003 | NMI: 0.0006
2024-04-22 23:22:42,990 - root - INFO - Epoch: 1 | LR: 0.0000 | Loss 1.1049 | Val MaF1: 0.1402 (Best: 0.1402) | Test MaF1: 0.1410 (Best: 0.1410) | MiF1: 0.2659 (Best: 0.2659)
2024-04-22 23:22:43,799 - root - INFO - ARI: 0.0040 | NMI: 0.0070
2024-04-22 23:22:43,799 - root - INFO - Epoch: 2 | LR: 0.0001 | Loss 1.1025 | Val MaF1: 0.1447 (Best: 0.1447) | Test MaF1: 0.1420 (Best: 0.1420) | MiF1: 0.2655 (Best: 0.2655)
2024-04-22 23:22:44,616 - root - INFO - ARI: 0.0183 | NMI: 0.0233
2024-04-22 23:22:44,617 - root - INFO - Epoch: 3 | LR: 0.0001 | Loss 1.0994 | Val MaF1: 0.1598 (Best: 0.1598) | Test MaF1: 0.1659 (Best: 0.1659) | MiF1: 0.2749 (Best: 0.2749)
2024-04-22 23:22:45,429 - root - INFO - ARI: 0.0459 | NMI: 0.0510
2024-04-22 23:22:45,430 - root - INFO - Epoch: 4 | LR: 0.0001 | Loss 1.0964 | Val MaF1: 0.2866 (Best: 0.2866) | Test MaF1: 0.2948 (Best: 0.2948) | MiF1: 0.3403 (Best: 0.3403)
2024-04-22 23:22:46,216 - root - INFO - ARI: 0.0788 | NMI: 0.0831
2024-04-22 23:22:46,216 - root - INFO - Epoch: 5 | LR: 0.0002 | Loss 1.0898 | Val MaF1: 0.4671 (Best: 0.4671) | Test MaF1: 0.4794 (Best: 0.4794) | MiF1: 0.4840 (Best: 0.4840)
2024-04-22 23:22:46,648 - root - INFO - Epoch: 6 | LR: 0.0002 | Loss 1.0842 | Val MaF1: 0.3913 (Best: 0.4671) | Test MaF1: 0.4081 (Best: 0.4794) | MiF1: 0.4906 (Best: 0.4840)
2024-04-22 23:22:47,034 - root - INFO - Epoch: 7 | LR: 0.0002 | Loss 1.0781 | Val MaF1: 0.3554 (Best: 0.4671) | Test MaF1: 0.3775 (Best: 0.4794) | MiF1: 0.4870 (Best: 0.4840)
2024-04-22 23:22:47,420 - root - INFO - Epoch: 8 | LR: 0.0003 | Loss 1.0671 | Val MaF1: 0.3660 (Best: 0.4671) | Test MaF1: 0.3737 (Best: 0.4794) | MiF1: 0.4880 (Best: 0.4840)
2024-04-22 23:22:47,791 - root - INFO - Epoch: 9 | LR: 0.0004 | Loss 1.0558 | Val MaF1: 0.3653 (Best: 0.4671) | Test MaF1: 0.3690 (Best: 0.4794) | MiF1: 0.4853 (Best: 0.4840)
2024-04-22 23:22:48,169 - root - INFO - Epoch: 10 | LR: 0.0004 | Loss 1.0445 | Val MaF1: 0.3607 (Best: 0.4671) | Test MaF1: 0.3635 (Best: 0.4794) | MiF1: 0.4806 (Best: 0.4840)
2024-04-22 23:22:48,540 - root - INFO - Epoch: 11 | LR: 0.0005 | Loss 1.0291 | Val MaF1: 0.3633 (Best: 0.4671) | Test MaF1: 0.3677 (Best: 0.4794) | MiF1: 0.4863 (Best: 0.4840)
2024-04-22 23:22:48,956 - root - INFO - Epoch: 12 | LR: 0.0006 | Loss 1.0120 | Val MaF1: 0.3669 (Best: 0.4671) | Test MaF1: 0.3748 (Best: 0.4794) | MiF1: 0.4927 (Best: 0.4840)
2024-04-22 23:22:49,334 - root - INFO - Epoch: 13 | LR: 0.0006 | Loss 0.9930 | Val MaF1: 0.3820 (Best: 0.4671) | Test MaF1: 0.3829 (Best: 0.4794) | MiF1: 0.4977 (Best: 0.4840)
2024-04-22 23:22:49,718 - root - INFO - Epoch: 14 | LR: 0.0007 | Loss 0.9682 | Val MaF1: 0.3857 (Best: 0.4671) | Test MaF1: 0.4012 (Best: 0.4794) | MiF1: 0.5097 (Best: 0.4840)
2024-04-22 23:22:50,100 - root - INFO - Epoch: 15 | LR: 0.0008 | Loss 0.9342 | Val MaF1: 0.4064 (Best: 0.4671) | Test MaF1: 0.4351 (Best: 0.4794) | MiF1: 0.5234 (Best: 0.4840)
2024-04-22 23:22:50,871 - root - INFO - ARI: 0.2814 | NMI: 0.2518
2024-04-22 23:22:50,872 - root - INFO - Epoch: 16 | LR: 0.0008 | Loss 0.8920 | Val MaF1: 0.5085 (Best: 0.5085) | Test MaF1: 0.5059 (Best: 0.5059) | MiF1: 0.5571 (Best: 0.5571)
2024-04-22 23:22:51,687 - root - INFO - ARI: 0.2820 | NMI: 0.2497
2024-04-22 23:22:51,688 - root - INFO - Epoch: 17 | LR: 0.0009 | Loss 0.8360 | Val MaF1: 0.6218 (Best: 0.6218) | Test MaF1: 0.5984 (Best: 0.5984) | MiF1: 0.6062 (Best: 0.6062)
2024-04-22 23:22:52,500 - root - INFO - ARI: 0.2902 | NMI: 0.2564
2024-04-22 23:22:52,500 - root - INFO - Epoch: 18 | LR: 0.0009 | Loss 0.7757 | Val MaF1: 0.6469 (Best: 0.6469) | Test MaF1: 0.6306 (Best: 0.6306) | MiF1: 0.6296 (Best: 0.6296)
2024-04-22 23:22:52,937 - root - INFO - Epoch: 19 | LR: 0.0009 | Loss 0.7158 | Val MaF1: 0.6444 (Best: 0.6469) | Test MaF1: 0.6247 (Best: 0.6306) | MiF1: 0.6242 (Best: 0.6296)
2024-04-22 23:22:53,333 - root - INFO - Epoch: 20 | LR: 0.0010 | Loss 0.6646 | Val MaF1: 0.6432 (Best: 0.6469) | Test MaF1: 0.6226 (Best: 0.6306) | MiF1: 0.6226 (Best: 0.6296)
2024-04-22 23:22:53,725 - root - INFO - Epoch: 21 | LR: 0.0010 | Loss 0.6106 | Val MaF1: 0.6532 (Best: 0.6469) | Test MaF1: 0.6292 (Best: 0.6306) | MiF1: 0.6289 (Best: 0.6296)
2024-04-22 23:22:54,482 - root - INFO - ARI: 0.3069 | NMI: 0.2663
2024-04-22 23:22:54,483 - root - INFO - Epoch: 22 | LR: 0.0010 | Loss 0.5660 | Val MaF1: 0.6617 (Best: 0.6617) | Test MaF1: 0.6360 (Best: 0.6360) | MiF1: 0.6353 (Best: 0.6353)
2024-04-22 23:22:54,912 - root - INFO - Epoch: 23 | LR: 0.0010 | Loss 0.5305 | Val MaF1: 0.6660 (Best: 0.6617) | Test MaF1: 0.6354 (Best: 0.6360) | MiF1: 0.6346 (Best: 0.6353)
2024-04-22 23:22:55,304 - root - INFO - Epoch: 24 | LR: 0.0010 | Loss 0.5025 | Val MaF1: 0.6614 (Best: 0.6617) | Test MaF1: 0.6345 (Best: 0.6360) | MiF1: 0.6346 (Best: 0.6353)
2024-04-22 23:22:56,068 - root - INFO - ARI: 0.3135 | NMI: 0.2706
2024-04-22 23:22:56,068 - root - INFO - Epoch: 25 | LR: 0.0010 | Loss 0.4823 | Val MaF1: 0.6464 (Best: 0.6464) | Test MaF1: 0.6373 (Best: 0.6373) | MiF1: 0.6379 (Best: 0.6379)
2024-04-22 23:22:56,494 - root - INFO - Epoch: 26 | LR: 0.0010 | Loss 0.4630 | Val MaF1: 0.6423 (Best: 0.6464) | Test MaF1: 0.6350 (Best: 0.6373) | MiF1: 0.6356 (Best: 0.6379)
2024-04-22 23:22:56,886 - root - INFO - Epoch: 27 | LR: 0.0010 | Loss 0.4492 | Val MaF1: 0.6523 (Best: 0.6464) | Test MaF1: 0.6320 (Best: 0.6373) | MiF1: 0.6323 (Best: 0.6379)
2024-04-22 23:22:57,322 - root - INFO - Epoch: 28 | LR: 0.0010 | Loss 0.4369 | Val MaF1: 0.6454 (Best: 0.6464) | Test MaF1: 0.6317 (Best: 0.6373) | MiF1: 0.6319 (Best: 0.6379)
2024-04-22 23:22:57,709 - root - INFO - Epoch: 29 | LR: 0.0010 | Loss 0.4277 | Val MaF1: 0.6449 (Best: 0.6464) | Test MaF1: 0.6305 (Best: 0.6373) | MiF1: 0.6306 (Best: 0.6379)
2024-04-22 23:22:58,099 - root - INFO - Epoch: 30 | LR: 0.0010 | Loss 0.4207 | Val MaF1: 0.6414 (Best: 0.6464) | Test MaF1: 0.6276 (Best: 0.6373) | MiF1: 0.6276 (Best: 0.6379)
2024-04-22 23:22:58,485 - root - INFO - Epoch: 31 | LR: 0.0009 | Loss 0.4146 | Val MaF1: 0.6426 (Best: 0.6464) | Test MaF1: 0.6271 (Best: 0.6373) | MiF1: 0.6269 (Best: 0.6379)
2024-04-22 23:22:58,875 - root - INFO - Epoch: 32 | LR: 0.0009 | Loss 0.4105 | Val MaF1: 0.6370 (Best: 0.6464) | Test MaF1: 0.6263 (Best: 0.6373) | MiF1: 0.6263 (Best: 0.6379)
2024-04-22 23:22:59,265 - root - INFO - Epoch: 33 | LR: 0.0009 | Loss 0.4063 | Val MaF1: 0.6324 (Best: 0.6464) | Test MaF1: 0.6227 (Best: 0.6373) | MiF1: 0.6229 (Best: 0.6379)
2024-04-22 23:22:59,651 - root - INFO - Epoch: 34 | LR: 0.0009 | Loss 0.4021 | Val MaF1: 0.6349 (Best: 0.6464) | Test MaF1: 0.6228 (Best: 0.6373) | MiF1: 0.6229 (Best: 0.6379)
2024-04-22 23:23:00,038 - root - INFO - Epoch: 35 | LR: 0.0009 | Loss 0.3988 | Val MaF1: 0.6299 (Best: 0.6464) | Test MaF1: 0.6214 (Best: 0.6373) | MiF1: 0.6219 (Best: 0.6379)
2024-04-22 23:23:00,431 - root - INFO - Epoch: 36 | LR: 0.0009 | Loss 0.3971 | Val MaF1: 0.6299 (Best: 0.6464) | Test MaF1: 0.6201 (Best: 0.6373) | MiF1: 0.6209 (Best: 0.6379)
2024-04-22 23:23:00,813 - root - INFO - Epoch: 37 | LR: 0.0008 | Loss 0.3946 | Val MaF1: 0.6303 (Best: 0.6464) | Test MaF1: 0.6195 (Best: 0.6373) | MiF1: 0.6206 (Best: 0.6379)
2024-04-22 23:23:01,185 - root - INFO - Epoch: 38 | LR: 0.0008 | Loss 0.3926 | Val MaF1: 0.6319 (Best: 0.6464) | Test MaF1: 0.6195 (Best: 0.6373) | MiF1: 0.6206 (Best: 0.6379)
2024-04-22 23:23:01,557 - root - INFO - Epoch: 39 | LR: 0.0008 | Loss 0.3914 | Val MaF1: 0.6299 (Best: 0.6464) | Test MaF1: 0.6197 (Best: 0.6373) | MiF1: 0.6206 (Best: 0.6379)
2024-04-22 23:23:01,922 - root - INFO - Epoch: 40 | LR: 0.0008 | Loss 0.3896 | Val MaF1: 0.6345 (Best: 0.6464) | Test MaF1: 0.6210 (Best: 0.6373) | MiF1: 0.6216 (Best: 0.6379)
2024-04-22 23:23:02,288 - root - INFO - Epoch: 41 | LR: 0.0008 | Loss 0.3883 | Val MaF1: 0.6298 (Best: 0.6464) | Test MaF1: 0.6188 (Best: 0.6373) | MiF1: 0.6192 (Best: 0.6379)
2024-04-22 23:23:02,660 - root - INFO - Epoch: 42 | LR: 0.0007 | Loss 0.3871 | Val MaF1: 0.6272 (Best: 0.6464) | Test MaF1: 0.6174 (Best: 0.6373) | MiF1: 0.6176 (Best: 0.6379)
2024-04-22 23:23:03,046 - root - INFO - Epoch: 43 | LR: 0.0007 | Loss 0.3860 | Val MaF1: 0.6292 (Best: 0.6464) | Test MaF1: 0.6164 (Best: 0.6373) | MiF1: 0.6162 (Best: 0.6379)
2024-04-22 23:23:03,431 - root - INFO - Epoch: 44 | LR: 0.0007 | Loss 0.3853 | Val MaF1: 0.6270 (Best: 0.6464) | Test MaF1: 0.6162 (Best: 0.6373) | MiF1: 0.6159 (Best: 0.6379)
2024-04-22 23:23:03,814 - root - INFO - Epoch: 45 | LR: 0.0006 | Loss 0.3848 | Val MaF1: 0.6270 (Best: 0.6464) | Test MaF1: 0.6161 (Best: 0.6373) | MiF1: 0.6159 (Best: 0.6379)
2024-04-22 23:23:04,181 - root - INFO - Epoch: 46 | LR: 0.0006 | Loss 0.3840 | Val MaF1: 0.6270 (Best: 0.6464) | Test MaF1: 0.6159 (Best: 0.6373) | MiF1: 0.6156 (Best: 0.6379)
2024-04-22 23:23:04,555 - root - INFO - Epoch: 47 | LR: 0.0006 | Loss 0.3837 | Val MaF1: 0.6270 (Best: 0.6464) | Test MaF1: 0.6169 (Best: 0.6373) | MiF1: 0.6166 (Best: 0.6379)
2024-04-22 23:23:04,923 - root - INFO - Epoch: 48 | LR: 0.0006 | Loss 0.3828 | Val MaF1: 0.6270 (Best: 0.6464) | Test MaF1: 0.6166 (Best: 0.6373) | MiF1: 0.6162 (Best: 0.6379)
2024-04-22 23:23:05,292 - root - INFO - Epoch: 49 | LR: 0.0005 | Loss 0.3820 | Val MaF1: 0.6295 (Best: 0.6464) | Test MaF1: 0.6159 (Best: 0.6373) | MiF1: 0.6156 (Best: 0.6379)
2024-04-22 23:23:05,665 - root - INFO - Epoch: 50 | LR: 0.0005 | Loss 0.3818 | Val MaF1: 0.6295 (Best: 0.6464) | Test MaF1: 0.6162 (Best: 0.6373) | MiF1: 0.6159 (Best: 0.6379)
2024-04-22 23:23:06,049 - root - INFO - Epoch: 51 | LR: 0.0005 | Loss 0.3816 | Val MaF1: 0.6295 (Best: 0.6464) | Test MaF1: 0.6161 (Best: 0.6373) | MiF1: 0.6159 (Best: 0.6379)
2024-04-22 23:23:06,435 - root - INFO - Epoch: 52 | LR: 0.0005 | Loss 0.3809 | Val MaF1: 0.6272 (Best: 0.6464) | Test MaF1: 0.6158 (Best: 0.6373) | MiF1: 0.6156 (Best: 0.6379)
2024-04-22 23:23:06,815 - root - INFO - Epoch: 53 | LR: 0.0004 | Loss 0.3810 | Val MaF1: 0.6272 (Best: 0.6464) | Test MaF1: 0.6178 (Best: 0.6373) | MiF1: 0.6176 (Best: 0.6379)
2024-04-22 23:23:07,185 - root - INFO - Epoch: 54 | LR: 0.0004 | Loss 0.3810 | Val MaF1: 0.6272 (Best: 0.6464) | Test MaF1: 0.6158 (Best: 0.6373) | MiF1: 0.6156 (Best: 0.6379)
2024-04-22 23:23:07,552 - root - INFO - Epoch: 55 | LR: 0.0004 | Loss 0.3805 | Val MaF1: 0.6272 (Best: 0.6464) | Test MaF1: 0.6157 (Best: 0.6373) | MiF1: 0.6156 (Best: 0.6379)
2024-04-22 23:23:07,965 - root - INFO - Epoch: 56 | LR: 0.0003 | Loss 0.3803 | Val MaF1: 0.6270 (Best: 0.6464) | Test MaF1: 0.6164 (Best: 0.6373) | MiF1: 0.6162 (Best: 0.6379)
2024-04-22 23:23:08,360 - root - INFO - Epoch: 57 | LR: 0.0003 | Loss 0.3802 | Val MaF1: 0.6270 (Best: 0.6464) | Test MaF1: 0.6161 (Best: 0.6373) | MiF1: 0.6159 (Best: 0.6379)
2024-04-22 23:23:08,761 - root - INFO - Epoch: 58 | LR: 0.0003 | Loss 0.3798 | Val MaF1: 0.6270 (Best: 0.6464) | Test MaF1: 0.6161 (Best: 0.6373) | MiF1: 0.6159 (Best: 0.6379)
2024-04-22 23:23:09,148 - root - INFO - Epoch: 59 | LR: 0.0003 | Loss 0.3796 | Val MaF1: 0.6270 (Best: 0.6464) | Test MaF1: 0.6157 (Best: 0.6373) | MiF1: 0.6156 (Best: 0.6379)
2024-04-22 23:23:09,518 - root - INFO - Epoch: 60 | LR: 0.0002 | Loss 0.3797 | Val MaF1: 0.6247 (Best: 0.6464) | Test MaF1: 0.6157 (Best: 0.6373) | MiF1: 0.6156 (Best: 0.6379)
2024-04-22 23:23:09,884 - root - INFO - Epoch: 61 | LR: 0.0002 | Loss 0.3795 | Val MaF1: 0.6247 (Best: 0.6464) | Test MaF1: 0.6160 (Best: 0.6373) | MiF1: 0.6159 (Best: 0.6379)
2024-04-22 23:23:10,252 - root - INFO - Epoch: 62 | LR: 0.0002 | Loss 0.3792 | Val MaF1: 0.6247 (Best: 0.6464) | Test MaF1: 0.6157 (Best: 0.6373) | MiF1: 0.6156 (Best: 0.6379)
2024-04-22 23:23:10,616 - root - INFO - Epoch: 63 | LR: 0.0002 | Loss 0.3794 | Val MaF1: 0.6272 (Best: 0.6464) | Test MaF1: 0.6157 (Best: 0.6373) | MiF1: 0.6156 (Best: 0.6379)
2024-04-22 23:23:10,994 - root - INFO - Epoch: 64 | LR: 0.0001 | Loss 0.3796 | Val MaF1: 0.6294 (Best: 0.6464) | Test MaF1: 0.6163 (Best: 0.6373) | MiF1: 0.6162 (Best: 0.6379)
2024-04-22 23:23:11,361 - root - INFO - Epoch: 65 | LR: 0.0001 | Loss 0.3791 | Val MaF1: 0.6294 (Best: 0.6464) | Test MaF1: 0.6163 (Best: 0.6373) | MiF1: 0.6162 (Best: 0.6379)
2024-04-22 23:23:11,729 - root - INFO - Epoch: 66 | LR: 0.0001 | Loss 0.3790 | Val MaF1: 0.6294 (Best: 0.6464) | Test MaF1: 0.6159 (Best: 0.6373) | MiF1: 0.6159 (Best: 0.6379)
2024-04-22 23:23:12,096 - root - INFO - Epoch: 67 | LR: 0.0001 | Loss 0.3793 | Val MaF1: 0.6294 (Best: 0.6464) | Test MaF1: 0.6159 (Best: 0.6373) | MiF1: 0.6159 (Best: 0.6379)
2024-04-22 23:23:12,472 - root - INFO - Epoch: 68 | LR: 0.0001 | Loss 0.3790 | Val MaF1: 0.6294 (Best: 0.6464) | Test MaF1: 0.6159 (Best: 0.6373) | MiF1: 0.6159 (Best: 0.6379)
2024-04-22 23:23:12,850 - root - INFO - Epoch: 69 | LR: 0.0001 | Loss 0.3792 | Val MaF1: 0.6317 (Best: 0.6464) | Test MaF1: 0.6159 (Best: 0.6373) | MiF1: 0.6159 (Best: 0.6379)
2024-04-22 23:23:13,236 - root - INFO - Epoch: 70 | LR: 0.0001 | Loss 0.3788 | Val MaF1: 0.6317 (Best: 0.6464) | Test MaF1: 0.6157 (Best: 0.6373) | MiF1: 0.6156 (Best: 0.6379)
2024-04-22 23:23:13,616 - root - INFO - Epoch: 71 | LR: 0.0000 | Loss 0.3790 | Val MaF1: 0.6317 (Best: 0.6464) | Test MaF1: 0.6157 (Best: 0.6373) | MiF1: 0.6156 (Best: 0.6379)
2024-04-22 23:23:13,997 - root - INFO - Epoch: 72 | LR: 0.0000 | Loss 0.3791 | Val MaF1: 0.6317 (Best: 0.6464) | Test MaF1: 0.6160 (Best: 0.6373) | MiF1: 0.6159 (Best: 0.6379)
2024-04-22 23:23:14,363 - root - INFO - Epoch: 73 | LR: 0.0000 | Loss 0.3786 | Val MaF1: 0.6317 (Best: 0.6464) | Test MaF1: 0.6160 (Best: 0.6373) | MiF1: 0.6159 (Best: 0.6379)
2024-04-22 23:23:14,729 - root - INFO - Epoch: 74 | LR: 0.0000 | Loss 0.3789 | Val MaF1: 0.6317 (Best: 0.6464) | Test MaF1: 0.6160 (Best: 0.6373) | MiF1: 0.6159 (Best: 0.6379)
2024-04-22 23:23:15,095 - root - INFO - Epoch: 75 | LR: 0.0000 | Loss 0.3788 | Val MaF1: 0.6317 (Best: 0.6464) | Test MaF1: 0.6160 (Best: 0.6373) | MiF1: 0.6159 (Best: 0.6379)
2024-04-22 23:23:15,462 - root - INFO - Epoch: 76 | LR: 0.0000 | Loss 0.3791 | Val MaF1: 0.6317 (Best: 0.6464) | Test MaF1: 0.6160 (Best: 0.6373) | MiF1: 0.6159 (Best: 0.6379)
2024-04-22 23:23:15,836 - root - INFO - Epoch: 77 | LR: 0.0000 | Loss 0.3794 | Val MaF1: 0.6317 (Best: 0.6464) | Test MaF1: 0.6160 (Best: 0.6373) | MiF1: 0.6159 (Best: 0.6379)
2024-04-22 23:23:16,222 - root - INFO - Epoch: 78 | LR: 0.0000 | Loss 0.3791 | Val MaF1: 0.6317 (Best: 0.6464) | Test MaF1: 0.6160 (Best: 0.6373) | MiF1: 0.6159 (Best: 0.6379)
2024-04-22 23:23:16,608 - root - INFO - Epoch: 79 | LR: 0.0000 | Loss 0.3788 | Val MaF1: 0.6317 (Best: 0.6464) | Test MaF1: 0.6160 (Best: 0.6373) | MiF1: 0.6159 (Best: 0.6379)
2024-04-22 23:23:16,608 - root - INFO - Best Epoch: 25 | Train MiF1: 0.9907,  MaF1: 0.9903 | Val MiF1: 0.6472, MaF1: 0.6464 | Test MaF1: 0.6373, MiF1: 0.6379
2024-04-22 23:23:16,916 - root - INFO - ARI: 0.3135 | NMI: 0.2706
