2024-04-18 00:34:05,543 - root - INFO - {'prefix': 'SR-HGN', 'gpu': 0, 'feat': 1, 'seed': 0, 'verbose': 1, 'train_split': 0.2, 'val_split': 0.3, 'num_type_heads': 4, 'num_node_heads': 4, 'hidden_dim': 16, 'clip': 1.0, 'num_layers': 3, 'alpha': 0.5, 'epochs': 50, 'dataset': 'dblp', 'input_dim': 256, 'aggregate': 'concat', 'iscuda': False, 'cluster': True, 'max_lr': 0.001, 'weight_decay': 1e-05, 'heads': 8, 'han_heads': [4], 'hh_heads': 3, 'dropout': 0.2}
2024-04-18 00:34:06,488 - root - INFO - Training SR-HGN with #param: 974494
2024-04-18 00:34:17,673 - root - INFO - Epoch: 1 | LR: 0.0001 | Loss 1.3943 | Val MaF1: 0.0990 (Best: 0.0990) | Test MaF1: 0.0994 (Best: 0.0994) | MiF1: 0.2480 (Best: 0.2480)
2024-04-18 00:34:26,979 - root - INFO - Epoch: 2 | LR: 0.0001 | Loss 1.3898 | Val MaF1: 0.0990 (Best: 0.0990) | Test MaF1: 0.1000 (Best: 0.1000) | MiF1: 0.2483 (Best: 0.2483)
2024-04-18 00:34:36,279 - root - INFO - Epoch: 3 | LR: 0.0001 | Loss 1.3896 | Val MaF1: 0.0992 (Best: 0.0992) | Test MaF1: 0.1006 (Best: 0.1006) | MiF1: 0.2487 (Best: 0.2487)
2024-04-18 00:34:45,007 - root - INFO - Epoch: 4 | LR: 0.0002 | Loss 1.3856 | Val MaF1: 0.1035 (Best: 0.1035) | Test MaF1: 0.1012 (Best: 0.1012) | MiF1: 0.2490 (Best: 0.2490)
2024-04-18 00:34:54,128 - root - INFO - Epoch: 5 | LR: 0.0003 | Loss 1.3866 | Val MaF1: 0.1120 (Best: 0.1120) | Test MaF1: 0.1056 (Best: 0.1056) | MiF1: 0.2515 (Best: 0.2515)
2024-04-18 00:35:03,949 - root - INFO - Epoch: 6 | LR: 0.0004 | Loss 1.3813 | Val MaF1: 0.1282 (Best: 0.1282) | Test MaF1: 0.1227 (Best: 0.1227) | MiF1: 0.2617 (Best: 0.2617)
2024-04-18 00:35:13,636 - root - INFO - Epoch: 7 | LR: 0.0005 | Loss 1.3827 | Val MaF1: 0.1701 (Best: 0.1701) | Test MaF1: 0.1668 (Best: 0.1668) | MiF1: 0.2917 (Best: 0.2917)
2024-04-18 00:35:23,599 - root - INFO - Epoch: 8 | LR: 0.0006 | Loss 1.3678 | Val MaF1: 0.2750 (Best: 0.2750) | Test MaF1: 0.2574 (Best: 0.2574) | MiF1: 0.3801 (Best: 0.3801)
2024-04-18 00:35:32,909 - root - INFO - Epoch: 9 | LR: 0.0007 | Loss 1.3622 | Val MaF1: 0.3145 (Best: 0.3145) | Test MaF1: 0.3164 (Best: 0.3164) | MiF1: 0.4805 (Best: 0.4805)
2024-04-18 00:35:42,116 - root - INFO - Epoch: 10 | LR: 0.0008 | Loss 1.3513 | Val MaF1: 0.3255 (Best: 0.3255) | Test MaF1: 0.3206 (Best: 0.3206) | MiF1: 0.4935 (Best: 0.4935)
2024-04-18 00:35:51,089 - root - INFO - Epoch: 11 | LR: 0.0009 | Loss 1.3419 | Val MaF1: 0.3220 (Best: 0.3220) | Test MaF1: 0.3263 (Best: 0.3263) | MiF1: 0.4660 (Best: 0.4660)
2024-04-18 00:36:00,049 - root - INFO - Epoch: 12 | LR: 0.0010 | Loss 1.3314 | Val MaF1: 0.3600 (Best: 0.3600) | Test MaF1: 0.3449 (Best: 0.3449) | MiF1: 0.4498 (Best: 0.4498)
2024-04-18 00:36:09,086 - root - INFO - Epoch: 13 | LR: 0.0010 | Loss 1.3179 | Val MaF1: 0.4085 (Best: 0.4085) | Test MaF1: 0.3849 (Best: 0.3849) | MiF1: 0.4734 (Best: 0.4734)
2024-04-18 00:36:18,067 - root - INFO - Epoch: 14 | LR: 0.0010 | Loss 1.3027 | Val MaF1: 0.4684 (Best: 0.4684) | Test MaF1: 0.4521 (Best: 0.4521) | MiF1: 0.5414 (Best: 0.5414)
2024-04-18 00:36:27,374 - root - INFO - Epoch: 15 | LR: 0.0010 | Loss 1.2856 | Val MaF1: 0.5347 (Best: 0.5347) | Test MaF1: 0.5073 (Best: 0.5073) | MiF1: 0.6097 (Best: 0.6097)
2024-04-18 00:36:36,283 - root - INFO - Epoch: 16 | LR: 0.0010 | Loss 1.2750 | Val MaF1: 0.5605 (Best: 0.5605) | Test MaF1: 0.5476 (Best: 0.5476) | MiF1: 0.6594 (Best: 0.6594)
2024-04-18 00:36:45,705 - root - INFO - Epoch: 17 | LR: 0.0010 | Loss 1.2449 | Val MaF1: 0.5829 (Best: 0.5829) | Test MaF1: 0.5859 (Best: 0.5859) | MiF1: 0.7048 (Best: 0.7048)
2024-04-18 00:36:54,881 - root - INFO - Epoch: 18 | LR: 0.0010 | Loss 1.2272 | Val MaF1: 0.6169 (Best: 0.6169) | Test MaF1: 0.6076 (Best: 0.6076) | MiF1: 0.7295 (Best: 0.7295)
2024-04-18 00:37:03,895 - root - INFO - Epoch: 19 | LR: 0.0010 | Loss 1.2098 | Val MaF1: 0.6494 (Best: 0.6494) | Test MaF1: 0.6370 (Best: 0.6370) | MiF1: 0.7559 (Best: 0.7559)
2024-04-18 00:37:12,830 - root - INFO - Epoch: 20 | LR: 0.0009 | Loss 1.1795 | Val MaF1: 0.6906 (Best: 0.6906) | Test MaF1: 0.6846 (Best: 0.6846) | MiF1: 0.7802 (Best: 0.7802)
2024-04-18 00:37:21,781 - root - INFO - Epoch: 21 | LR: 0.0009 | Loss 1.1532 | Val MaF1: 0.7212 (Best: 0.7212) | Test MaF1: 0.7468 (Best: 0.7468) | MiF1: 0.8130 (Best: 0.8130)
2024-04-18 00:37:30,702 - root - INFO - Epoch: 22 | LR: 0.0009 | Loss 1.1275 | Val MaF1: 0.7957 (Best: 0.7957) | Test MaF1: 0.8059 (Best: 0.8059) | MiF1: 0.8461 (Best: 0.8461)
2024-04-18 00:37:39,825 - root - INFO - Epoch: 23 | LR: 0.0008 | Loss 1.1028 | Val MaF1: 0.8508 (Best: 0.8508) | Test MaF1: 0.8427 (Best: 0.8427) | MiF1: 0.8690 (Best: 0.8690)
2024-04-18 00:37:48,928 - root - INFO - Epoch: 24 | LR: 0.0008 | Loss 1.0790 | Val MaF1: 0.8807 (Best: 0.8807) | Test MaF1: 0.8657 (Best: 0.8657) | MiF1: 0.8845 (Best: 0.8845)
2024-04-18 00:37:57,831 - root - INFO - Epoch: 25 | LR: 0.0008 | Loss 1.0504 | Val MaF1: 0.8970 (Best: 0.8970) | Test MaF1: 0.8807 (Best: 0.8807) | MiF1: 0.8954 (Best: 0.8954)
2024-04-18 00:38:06,940 - root - INFO - Epoch: 26 | LR: 0.0007 | Loss 1.0222 | Val MaF1: 0.9068 (Best: 0.9068) | Test MaF1: 0.8942 (Best: 0.8942) | MiF1: 0.9052 (Best: 0.9052)
2024-04-18 00:38:15,896 - root - INFO - Epoch: 27 | LR: 0.0007 | Loss 1.0019 | Val MaF1: 0.9068 (Best: 0.9068) | Test MaF1: 0.8988 (Best: 0.8988) | MiF1: 0.9091 (Best: 0.9091)
2024-04-18 00:38:25,014 - root - INFO - Epoch: 28 | LR: 0.0007 | Loss 0.9861 | Val MaF1: 0.9100 (Best: 0.9100) | Test MaF1: 0.9046 (Best: 0.9046) | MiF1: 0.9141 (Best: 0.9141)
2024-04-18 00:38:34,103 - root - INFO - Epoch: 29 | LR: 0.0006 | Loss 0.9554 | Val MaF1: 0.9132 (Best: 0.9132) | Test MaF1: 0.9058 (Best: 0.9058) | MiF1: 0.9151 (Best: 0.9151)
2024-04-18 00:38:43,044 - root - INFO - Epoch: 30 | LR: 0.0006 | Loss 0.9416 | Val MaF1: 0.9132 (Best: 0.9132) | Test MaF1: 0.9079 (Best: 0.9079) | MiF1: 0.9169 (Best: 0.9169)
2024-04-18 00:38:51,926 - root - INFO - Epoch: 31 | LR: 0.0005 | Loss 0.9239 | Val MaF1: 0.9158 (Best: 0.9158) | Test MaF1: 0.9100 (Best: 0.9100) | MiF1: 0.9186 (Best: 0.9186)
2024-04-18 00:39:00,841 - root - INFO - Epoch: 32 | LR: 0.0005 | Loss 0.9090 | Val MaF1: 0.9204 (Best: 0.9204) | Test MaF1: 0.9116 (Best: 0.9116) | MiF1: 0.9200 (Best: 0.9200)
2024-04-18 00:39:10,072 - root - INFO - Epoch: 33 | LR: 0.0004 | Loss 0.8935 | Val MaF1: 0.9205 (Best: 0.9205) | Test MaF1: 0.9121 (Best: 0.9121) | MiF1: 0.9204 (Best: 0.9204)
2024-04-18 00:39:19,277 - root - INFO - Epoch: 34 | LR: 0.0004 | Loss 0.8843 | Val MaF1: 0.9174 (Best: 0.9174) | Test MaF1: 0.9139 (Best: 0.9139) | MiF1: 0.9218 (Best: 0.9218)
2024-04-18 00:39:28,969 - root - INFO - Epoch: 35 | LR: 0.0003 | Loss 0.8729 | Val MaF1: 0.9195 (Best: 0.9195) | Test MaF1: 0.9140 (Best: 0.9140) | MiF1: 0.9218 (Best: 0.9218)
2024-04-18 00:39:38,145 - root - INFO - Epoch: 36 | LR: 0.0003 | Loss 0.8650 | Val MaF1: 0.9227 (Best: 0.9227) | Test MaF1: 0.9149 (Best: 0.9149) | MiF1: 0.9225 (Best: 0.9225)
2024-04-18 00:39:47,099 - root - INFO - Epoch: 37 | LR: 0.0003 | Loss 0.8572 | Val MaF1: 0.9228 (Best: 0.9228) | Test MaF1: 0.9160 (Best: 0.9160) | MiF1: 0.9236 (Best: 0.9236)
2024-04-18 00:39:56,162 - root - INFO - Epoch: 38 | LR: 0.0002 | Loss 0.8507 | Val MaF1: 0.9196 (Best: 0.9196) | Test MaF1: 0.9174 (Best: 0.9174) | MiF1: 0.9246 (Best: 0.9246)
2024-04-18 00:40:05,077 - root - INFO - Epoch: 39 | LR: 0.0002 | Loss 0.8472 | Val MaF1: 0.9201 (Best: 0.9196) | Test MaF1: 0.9167 (Best: 0.9174) | MiF1: 0.9239 (Best: 0.9246)
2024-04-18 00:40:14,119 - root - INFO - Epoch: 40 | LR: 0.0002 | Loss 0.8387 | Val MaF1: 0.9201 (Best: 0.9201) | Test MaF1: 0.9178 (Best: 0.9178) | MiF1: 0.9250 (Best: 0.9250)
2024-04-18 00:40:23,002 - root - INFO - Epoch: 41 | LR: 0.0001 | Loss 0.8315 | Val MaF1: 0.9201 (Best: 0.9201) | Test MaF1: 0.9174 (Best: 0.9178) | MiF1: 0.9246 (Best: 0.9250)
2024-04-18 00:40:31,966 - root - INFO - Epoch: 42 | LR: 0.0001 | Loss 0.8314 | Val MaF1: 0.9201 (Best: 0.9201) | Test MaF1: 0.9181 (Best: 0.9181) | MiF1: 0.9253 (Best: 0.9253)
2024-04-18 00:40:40,997 - root - INFO - Epoch: 43 | LR: 0.0001 | Loss 0.8317 | Val MaF1: 0.9201 (Best: 0.9201) | Test MaF1: 0.9186 (Best: 0.9186) | MiF1: 0.9257 (Best: 0.9257)
2024-04-18 00:40:50,118 - root - INFO - Epoch: 44 | LR: 0.0000 | Loss 0.8265 | Val MaF1: 0.9201 (Best: 0.9201) | Test MaF1: 0.9189 (Best: 0.9189) | MiF1: 0.9260 (Best: 0.9260)
2024-04-18 00:41:01,283 - root - INFO - Epoch: 45 | LR: 0.0000 | Loss 0.8232 | Val MaF1: 0.9201 (Best: 0.9201) | Test MaF1: 0.9201 (Best: 0.9201) | MiF1: 0.9271 (Best: 0.9271)
2024-04-18 00:41:11,376 - root - INFO - Epoch: 46 | LR: 0.0000 | Loss 0.8249 | Val MaF1: 0.9201 (Best: 0.9201) | Test MaF1: 0.9201 (Best: 0.9201) | MiF1: 0.9271 (Best: 0.9271)
2024-04-18 00:41:21,483 - root - INFO - Epoch: 47 | LR: 0.0000 | Loss 0.8216 | Val MaF1: 0.9201 (Best: 0.9201) | Test MaF1: 0.9201 (Best: 0.9201) | MiF1: 0.9271 (Best: 0.9271)
2024-04-18 00:41:31,688 - root - INFO - Epoch: 48 | LR: 0.0000 | Loss 0.8209 | Val MaF1: 0.9201 (Best: 0.9201) | Test MaF1: 0.9204 (Best: 0.9204) | MiF1: 0.9274 (Best: 0.9274)
2024-04-18 00:41:41,747 - root - INFO - Epoch: 49 | LR: 0.0000 | Loss 0.8218 | Val MaF1: 0.9201 (Best: 0.9201) | Test MaF1: 0.9204 (Best: 0.9204) | MiF1: 0.9274 (Best: 0.9274)
2024-04-18 00:41:51,787 - root - INFO - Epoch: 50 | LR: 0.0000 | Loss 0.8200 | Val MaF1: 0.9201 (Best: 0.9201) | Test MaF1: 0.9204 (Best: 0.9204) | MiF1: 0.9274 (Best: 0.9274)
2024-04-18 00:41:51,787 - root - INFO - Best Epoch: 48 | Train MiF1: 0.9705,  MaF1: 0.9678 | Val MiF1: 0.9284, MaF1: 0.9201 | Test MaF1: 0.9204, MiF1: 0.9274
2024-04-18 00:41:55,083 - root - INFO - ARI: 0.6493 | NMI: 0.5879
