2024-04-18 20:22:55,545 - root - INFO - {'prefix': 'SR-HGN', 'gpu': 0, 'feat': 1, 'seed': 0, 'verbose': 1, 'train_split': 0.2, 'val_split': 0.3, 'num_type_heads': 4, 'num_node_heads': 4, 'hidden_dim': 128, 'clip': 1.0, 'num_layers': 3, 'alpha': 0.5, 'epochs': 200, 'dataset': 'imdb', 'input_dim': 256, 'aggregate': 'concat', 'iscuda': True, 'cluster': True, 'max_lr': 0.001, 'weight_decay': 1e-05, 'heads': 8, 'han_heads': [4], 'hh_heads': 3, 'dropout': 0.2}
2024-04-18 20:22:58,115 - root - INFO - Training SR-HGN with #param: 22880467
2024-04-18 20:23:00,366 - root - INFO - ARI: 0.0011 | NMI: 0.0049
2024-04-18 20:23:00,366 - root - INFO - Epoch: 1 | LR: 0.0000 | Loss 1.0961 | Val MaF1: 0.1820 (Best: 0.1820) | Test MaF1: 0.1778 (Best: 0.1778) | MiF1: 0.3636 (Best: 0.3636)
2024-04-18 20:23:00,950 - root - INFO - Epoch: 2 | LR: 0.0000 | Loss 1.0948 | Val MaF1: 0.1820 (Best: 0.1820) | Test MaF1: 0.1778 (Best: 0.1778) | MiF1: 0.3636 (Best: 0.3636)
2024-04-18 20:23:02,107 - root - INFO - ARI: 0.0020 | NMI: 0.0065
2024-04-18 20:23:02,107 - root - INFO - Epoch: 3 | LR: 0.0000 | Loss 1.0925 | Val MaF1: 0.1864 (Best: 0.1864) | Test MaF1: 0.1849 (Best: 0.1849) | MiF1: 0.3636 (Best: 0.3636)
2024-04-18 20:23:03,318 - root - INFO - ARI: 0.0025 | NMI: 0.0070
2024-04-18 20:23:03,318 - root - INFO - Epoch: 4 | LR: 0.0001 | Loss 1.0905 | Val MaF1: 0.2038 (Best: 0.2038) | Test MaF1: 0.1894 (Best: 0.1894) | MiF1: 0.3660 (Best: 0.3660)
2024-04-18 20:23:04,532 - root - INFO - ARI: 0.0031 | NMI: 0.0077
2024-04-18 20:23:04,532 - root - INFO - Epoch: 5 | LR: 0.0001 | Loss 1.0886 | Val MaF1: 0.2153 (Best: 0.2153) | Test MaF1: 0.2074 (Best: 0.2074) | MiF1: 0.3706 (Best: 0.3706)
2024-04-18 20:23:05,748 - root - INFO - ARI: 0.0031 | NMI: 0.0077
2024-04-18 20:23:05,748 - root - INFO - Epoch: 6 | LR: 0.0001 | Loss 1.0870 | Val MaF1: 0.2613 (Best: 0.2613) | Test MaF1: 0.2594 (Best: 0.2594) | MiF1: 0.4009 (Best: 0.4009)
2024-04-18 20:23:07,016 - root - INFO - ARI: 0.0049 | NMI: 0.0099
2024-04-18 20:23:07,017 - root - INFO - Epoch: 7 | LR: 0.0001 | Loss 1.0847 | Val MaF1: 0.3003 (Best: 0.3003) | Test MaF1: 0.3053 (Best: 0.3053) | MiF1: 0.4312 (Best: 0.4312)
2024-04-18 20:23:08,226 - root - INFO - ARI: 0.0064 | NMI: 0.0117
2024-04-18 20:23:08,226 - root - INFO - Epoch: 8 | LR: 0.0001 | Loss 1.0819 | Val MaF1: 0.3530 (Best: 0.3530) | Test MaF1: 0.3559 (Best: 0.3559) | MiF1: 0.4755 (Best: 0.4755)
2024-04-18 20:23:09,439 - root - INFO - ARI: 0.0098 | NMI: 0.0202
2024-04-18 20:23:09,439 - root - INFO - Epoch: 9 | LR: 0.0001 | Loss 1.0794 | Val MaF1: 0.3794 (Best: 0.3794) | Test MaF1: 0.3837 (Best: 0.3837) | MiF1: 0.5012 (Best: 0.5012)
2024-04-18 20:23:10,665 - root - INFO - ARI: 0.0127 | NMI: 0.0245
2024-04-18 20:23:10,665 - root - INFO - Epoch: 10 | LR: 0.0001 | Loss 1.0765 | Val MaF1: 0.4173 (Best: 0.4173) | Test MaF1: 0.3952 (Best: 0.3952) | MiF1: 0.5128 (Best: 0.5128)
2024-04-18 20:23:11,256 - root - INFO - Epoch: 11 | LR: 0.0001 | Loss 1.0741 | Val MaF1: 0.4208 (Best: 0.4173) | Test MaF1: 0.3888 (Best: 0.3952) | MiF1: 0.5058 (Best: 0.5128)
2024-04-18 20:23:11,849 - root - INFO - Epoch: 12 | LR: 0.0001 | Loss 1.0705 | Val MaF1: 0.4029 (Best: 0.4173) | Test MaF1: 0.3686 (Best: 0.3952) | MiF1: 0.4848 (Best: 0.5128)
2024-04-18 20:23:12,396 - root - INFO - Epoch: 13 | LR: 0.0002 | Loss 1.0669 | Val MaF1: 0.4066 (Best: 0.4173) | Test MaF1: 0.3573 (Best: 0.3952) | MiF1: 0.4755 (Best: 0.5128)
2024-04-18 20:23:12,946 - root - INFO - Epoch: 14 | LR: 0.0002 | Loss 1.0634 | Val MaF1: 0.3844 (Best: 0.4173) | Test MaF1: 0.3564 (Best: 0.3952) | MiF1: 0.4779 (Best: 0.5128)
2024-04-18 20:23:13,485 - root - INFO - Epoch: 15 | LR: 0.0002 | Loss 1.0602 | Val MaF1: 0.3801 (Best: 0.4173) | Test MaF1: 0.3510 (Best: 0.3952) | MiF1: 0.4732 (Best: 0.5128)
2024-04-18 20:23:14,010 - root - INFO - Epoch: 16 | LR: 0.0002 | Loss 1.0555 | Val MaF1: 0.3758 (Best: 0.4173) | Test MaF1: 0.3495 (Best: 0.3952) | MiF1: 0.4732 (Best: 0.5128)
2024-04-18 20:23:14,534 - root - INFO - Epoch: 17 | LR: 0.0002 | Loss 1.0496 | Val MaF1: 0.3804 (Best: 0.4173) | Test MaF1: 0.3519 (Best: 0.3952) | MiF1: 0.4755 (Best: 0.5128)
2024-04-18 20:23:15,064 - root - INFO - Epoch: 18 | LR: 0.0002 | Loss 1.0445 | Val MaF1: 0.3901 (Best: 0.4173) | Test MaF1: 0.3564 (Best: 0.3952) | MiF1: 0.4802 (Best: 0.5128)
2024-04-18 20:23:15,596 - root - INFO - Epoch: 19 | LR: 0.0003 | Loss 1.0372 | Val MaF1: 0.3950 (Best: 0.4173) | Test MaF1: 0.3637 (Best: 0.3952) | MiF1: 0.4872 (Best: 0.5128)
2024-04-18 20:23:16,133 - root - INFO - Epoch: 20 | LR: 0.0003 | Loss 1.0288 | Val MaF1: 0.4037 (Best: 0.4173) | Test MaF1: 0.3721 (Best: 0.3952) | MiF1: 0.4918 (Best: 0.5128)
2024-04-18 20:23:16,657 - root - INFO - Epoch: 21 | LR: 0.0003 | Loss 1.0175 | Val MaF1: 0.4190 (Best: 0.4173) | Test MaF1: 0.3947 (Best: 0.3952) | MiF1: 0.5058 (Best: 0.5128)
2024-04-18 20:23:17,869 - root - INFO - ARI: 0.3646 | NMI: 0.3247
2024-04-18 20:23:17,869 - root - INFO - Epoch: 22 | LR: 0.0003 | Loss 1.0054 | Val MaF1: 0.4606 (Best: 0.4606) | Test MaF1: 0.4128 (Best: 0.4128) | MiF1: 0.5152 (Best: 0.5152)
2024-04-18 20:23:19,147 - root - INFO - ARI: 0.3872 | NMI: 0.3427
2024-04-18 20:23:19,147 - root - INFO - Epoch: 23 | LR: 0.0004 | Loss 0.9896 | Val MaF1: 0.5076 (Best: 0.5076) | Test MaF1: 0.4518 (Best: 0.4518) | MiF1: 0.5361 (Best: 0.5361)
2024-04-18 20:23:20,423 - root - INFO - ARI: 0.4002 | NMI: 0.3533
2024-04-18 20:23:20,423 - root - INFO - Epoch: 24 | LR: 0.0004 | Loss 0.9702 | Val MaF1: 0.5440 (Best: 0.5440) | Test MaF1: 0.5107 (Best: 0.5107) | MiF1: 0.5548 (Best: 0.5548)
2024-04-18 20:23:21,663 - root - INFO - ARI: 0.4140 | NMI: 0.3654
2024-04-18 20:23:21,663 - root - INFO - Epoch: 25 | LR: 0.0004 | Loss 0.9485 | Val MaF1: 0.6345 (Best: 0.6345) | Test MaF1: 0.6095 (Best: 0.6095) | MiF1: 0.6154 (Best: 0.6154)
2024-04-18 20:23:22,936 - root - INFO - ARI: 0.4238 | NMI: 0.3741
2024-04-18 20:23:22,936 - root - INFO - Epoch: 26 | LR: 0.0004 | Loss 0.9248 | Val MaF1: 0.6648 (Best: 0.6648) | Test MaF1: 0.6267 (Best: 0.6267) | MiF1: 0.6270 (Best: 0.6270)
2024-04-18 20:23:24,132 - root - INFO - ARI: 0.4355 | NMI: 0.3831
2024-04-18 20:23:24,132 - root - INFO - Epoch: 27 | LR: 0.0005 | Loss 0.8995 | Val MaF1: 0.6779 (Best: 0.6779) | Test MaF1: 0.6376 (Best: 0.6376) | MiF1: 0.6364 (Best: 0.6364)
2024-04-18 20:23:25,330 - root - INFO - ARI: 0.4448 | NMI: 0.3923
2024-04-18 20:23:25,330 - root - INFO - Epoch: 28 | LR: 0.0005 | Loss 0.8724 | Val MaF1: 0.6895 (Best: 0.6895) | Test MaF1: 0.6474 (Best: 0.6474) | MiF1: 0.6457 (Best: 0.6457)
2024-04-18 20:23:26,549 - root - INFO - ARI: 0.4502 | NMI: 0.3968
2024-04-18 20:23:26,549 - root - INFO - Epoch: 29 | LR: 0.0005 | Loss 0.8414 | Val MaF1: 0.6870 (Best: 0.6870) | Test MaF1: 0.6543 (Best: 0.6543) | MiF1: 0.6527 (Best: 0.6527)
2024-04-18 20:23:27,124 - root - INFO - Epoch: 30 | LR: 0.0005 | Loss 0.8086 | Val MaF1: 0.6868 (Best: 0.6870) | Test MaF1: 0.6490 (Best: 0.6543) | MiF1: 0.6480 (Best: 0.6527)
2024-04-18 20:23:27,658 - root - INFO - Epoch: 31 | LR: 0.0006 | Loss 0.7738 | Val MaF1: 0.6915 (Best: 0.6870) | Test MaF1: 0.6412 (Best: 0.6543) | MiF1: 0.6410 (Best: 0.6527)
2024-04-18 20:23:28,247 - root - INFO - Epoch: 32 | LR: 0.0006 | Loss 0.7408 | Val MaF1: 0.6876 (Best: 0.6870) | Test MaF1: 0.6417 (Best: 0.6543) | MiF1: 0.6434 (Best: 0.6527)
2024-04-18 20:23:29,378 - root - INFO - ARI: 0.5068 | NMI: 0.4414
2024-04-18 20:23:29,378 - root - INFO - Epoch: 33 | LR: 0.0006 | Loss 0.7093 | Val MaF1: 0.6835 (Best: 0.6835) | Test MaF1: 0.6620 (Best: 0.6620) | MiF1: 0.6643 (Best: 0.6643)
2024-04-18 20:23:30,649 - root - INFO - ARI: 0.5274 | NMI: 0.4589
2024-04-18 20:23:30,649 - root - INFO - Epoch: 34 | LR: 0.0006 | Loss 0.6813 | Val MaF1: 0.6930 (Best: 0.6930) | Test MaF1: 0.6678 (Best: 0.6678) | MiF1: 0.6713 (Best: 0.6713)
2024-04-18 20:23:31,260 - root - INFO - Epoch: 35 | LR: 0.0007 | Loss 0.6556 | Val MaF1: 0.7091 (Best: 0.6930) | Test MaF1: 0.6610 (Best: 0.6678) | MiF1: 0.6643 (Best: 0.6713)
2024-04-18 20:23:31,807 - root - INFO - Epoch: 36 | LR: 0.0007 | Loss 0.6301 | Val MaF1: 0.7116 (Best: 0.6930) | Test MaF1: 0.6625 (Best: 0.6678) | MiF1: 0.6643 (Best: 0.6713)
2024-04-18 20:23:32,975 - root - INFO - ARI: 0.5966 | NMI: 0.5215
2024-04-18 20:23:32,975 - root - INFO - Epoch: 37 | LR: 0.0007 | Loss 0.6069 | Val MaF1: 0.7123 (Best: 0.7123) | Test MaF1: 0.6681 (Best: 0.6681) | MiF1: 0.6690 (Best: 0.6690)
2024-04-18 20:23:33,532 - root - INFO - Epoch: 38 | LR: 0.0007 | Loss 0.5874 | Val MaF1: 0.7098 (Best: 0.7123) | Test MaF1: 0.6602 (Best: 0.6681) | MiF1: 0.6597 (Best: 0.6690)
2024-04-18 20:23:34,097 - root - INFO - Epoch: 39 | LR: 0.0008 | Loss 0.5671 | Val MaF1: 0.6980 (Best: 0.7123) | Test MaF1: 0.6672 (Best: 0.6681) | MiF1: 0.6667 (Best: 0.6690)
2024-04-18 20:23:35,287 - root - INFO - ARI: 0.6446 | NMI: 0.5668
2024-04-18 20:23:35,287 - root - INFO - Epoch: 40 | LR: 0.0008 | Loss 0.5496 | Val MaF1: 0.7020 (Best: 0.7020) | Test MaF1: 0.6739 (Best: 0.6739) | MiF1: 0.6737 (Best: 0.6737)
2024-04-18 20:23:35,884 - root - INFO - Epoch: 41 | LR: 0.0008 | Loss 0.5323 | Val MaF1: 0.6986 (Best: 0.7020) | Test MaF1: 0.6644 (Best: 0.6739) | MiF1: 0.6643 (Best: 0.6737)
2024-04-18 20:23:36,424 - root - INFO - Epoch: 42 | LR: 0.0008 | Loss 0.5155 | Val MaF1: 0.6885 (Best: 0.7020) | Test MaF1: 0.6613 (Best: 0.6739) | MiF1: 0.6620 (Best: 0.6737)
2024-04-18 20:23:36,972 - root - INFO - Epoch: 43 | LR: 0.0008 | Loss 0.5001 | Val MaF1: 0.6866 (Best: 0.7020) | Test MaF1: 0.6634 (Best: 0.6739) | MiF1: 0.6643 (Best: 0.6737)
2024-04-18 20:23:37,504 - root - INFO - Epoch: 44 | LR: 0.0009 | Loss 0.4865 | Val MaF1: 0.6945 (Best: 0.7020) | Test MaF1: 0.6590 (Best: 0.6739) | MiF1: 0.6597 (Best: 0.6737)
2024-04-18 20:23:38,025 - root - INFO - Epoch: 45 | LR: 0.0009 | Loss 0.4755 | Val MaF1: 0.7007 (Best: 0.7020) | Test MaF1: 0.6573 (Best: 0.6739) | MiF1: 0.6573 (Best: 0.6737)
2024-04-18 20:23:38,545 - root - INFO - Epoch: 46 | LR: 0.0009 | Loss 0.4629 | Val MaF1: 0.7013 (Best: 0.7020) | Test MaF1: 0.6571 (Best: 0.6739) | MiF1: 0.6573 (Best: 0.6737)
2024-04-18 20:23:39,080 - root - INFO - Epoch: 47 | LR: 0.0009 | Loss 0.4526 | Val MaF1: 0.7041 (Best: 0.7020) | Test MaF1: 0.6589 (Best: 0.6739) | MiF1: 0.6597 (Best: 0.6737)
2024-04-18 20:23:39,652 - root - INFO - Epoch: 48 | LR: 0.0009 | Loss 0.4441 | Val MaF1: 0.6988 (Best: 0.7020) | Test MaF1: 0.6481 (Best: 0.6739) | MiF1: 0.6480 (Best: 0.6737)
2024-04-18 20:23:40,191 - root - INFO - Epoch: 49 | LR: 0.0009 | Loss 0.4354 | Val MaF1: 0.7019 (Best: 0.7020) | Test MaF1: 0.6436 (Best: 0.6739) | MiF1: 0.6434 (Best: 0.6737)
2024-04-18 20:23:40,727 - root - INFO - Epoch: 50 | LR: 0.0009 | Loss 0.4276 | Val MaF1: 0.6940 (Best: 0.7020) | Test MaF1: 0.6442 (Best: 0.6739) | MiF1: 0.6434 (Best: 0.6737)
2024-04-18 20:23:41,253 - root - INFO - Epoch: 51 | LR: 0.0010 | Loss 0.4220 | Val MaF1: 0.6969 (Best: 0.7020) | Test MaF1: 0.6421 (Best: 0.6739) | MiF1: 0.6410 (Best: 0.6737)
2024-04-18 20:23:41,781 - root - INFO - Epoch: 52 | LR: 0.0010 | Loss 0.4150 | Val MaF1: 0.6893 (Best: 0.7020) | Test MaF1: 0.6471 (Best: 0.6739) | MiF1: 0.6457 (Best: 0.6737)
2024-04-18 20:23:42,304 - root - INFO - Epoch: 53 | LR: 0.0010 | Loss 0.4095 | Val MaF1: 0.6873 (Best: 0.7020) | Test MaF1: 0.6495 (Best: 0.6739) | MiF1: 0.6480 (Best: 0.6737)
2024-04-18 20:23:42,831 - root - INFO - Epoch: 54 | LR: 0.0010 | Loss 0.4043 | Val MaF1: 0.6830 (Best: 0.7020) | Test MaF1: 0.6399 (Best: 0.6739) | MiF1: 0.6387 (Best: 0.6737)
2024-04-18 20:23:43,361 - root - INFO - Epoch: 55 | LR: 0.0010 | Loss 0.4007 | Val MaF1: 0.6809 (Best: 0.7020) | Test MaF1: 0.6369 (Best: 0.6739) | MiF1: 0.6340 (Best: 0.6737)
2024-04-18 20:23:43,909 - root - INFO - Epoch: 56 | LR: 0.0010 | Loss 0.3963 | Val MaF1: 0.6694 (Best: 0.7020) | Test MaF1: 0.6336 (Best: 0.6739) | MiF1: 0.6317 (Best: 0.6737)
2024-04-18 20:23:44,472 - root - INFO - Epoch: 57 | LR: 0.0010 | Loss 0.3922 | Val MaF1: 0.6694 (Best: 0.7020) | Test MaF1: 0.6385 (Best: 0.6739) | MiF1: 0.6364 (Best: 0.6737)
2024-04-18 20:23:45,026 - root - INFO - Epoch: 58 | LR: 0.0010 | Loss 0.3896 | Val MaF1: 0.6675 (Best: 0.7020) | Test MaF1: 0.6366 (Best: 0.6739) | MiF1: 0.6340 (Best: 0.6737)
2024-04-18 20:23:45,596 - root - INFO - Epoch: 59 | LR: 0.0010 | Loss 0.3866 | Val MaF1: 0.6696 (Best: 0.7020) | Test MaF1: 0.6344 (Best: 0.6739) | MiF1: 0.6317 (Best: 0.6737)
2024-04-18 20:23:46,121 - root - INFO - Epoch: 60 | LR: 0.0010 | Loss 0.3842 | Val MaF1: 0.6696 (Best: 0.7020) | Test MaF1: 0.6344 (Best: 0.6739) | MiF1: 0.6317 (Best: 0.6737)
2024-04-18 20:23:46,651 - root - INFO - Epoch: 61 | LR: 0.0010 | Loss 0.3817 | Val MaF1: 0.6694 (Best: 0.7020) | Test MaF1: 0.6350 (Best: 0.6739) | MiF1: 0.6317 (Best: 0.6737)
2024-04-18 20:23:47,189 - root - INFO - Epoch: 62 | LR: 0.0010 | Loss 0.3795 | Val MaF1: 0.6664 (Best: 0.7020) | Test MaF1: 0.6258 (Best: 0.6739) | MiF1: 0.6224 (Best: 0.6737)
2024-04-18 20:23:47,709 - root - INFO - Epoch: 63 | LR: 0.0010 | Loss 0.3779 | Val MaF1: 0.6685 (Best: 0.7020) | Test MaF1: 0.6278 (Best: 0.6739) | MiF1: 0.6247 (Best: 0.6737)
2024-04-18 20:23:48,233 - root - INFO - Epoch: 64 | LR: 0.0010 | Loss 0.3759 | Val MaF1: 0.6690 (Best: 0.7020) | Test MaF1: 0.6251 (Best: 0.6739) | MiF1: 0.6224 (Best: 0.6737)
2024-04-18 20:23:48,767 - root - INFO - Epoch: 65 | LR: 0.0010 | Loss 0.3745 | Val MaF1: 0.6690 (Best: 0.7020) | Test MaF1: 0.6274 (Best: 0.6739) | MiF1: 0.6247 (Best: 0.6737)
2024-04-18 20:23:49,299 - root - INFO - Epoch: 66 | LR: 0.0010 | Loss 0.3727 | Val MaF1: 0.6670 (Best: 0.7020) | Test MaF1: 0.6229 (Best: 0.6739) | MiF1: 0.6200 (Best: 0.6737)
2024-04-18 20:23:49,826 - root - INFO - Epoch: 67 | LR: 0.0010 | Loss 0.3718 | Val MaF1: 0.6691 (Best: 0.7020) | Test MaF1: 0.6268 (Best: 0.6739) | MiF1: 0.6247 (Best: 0.6737)
2024-04-18 20:23:50,350 - root - INFO - Epoch: 68 | LR: 0.0010 | Loss 0.3708 | Val MaF1: 0.6714 (Best: 0.7020) | Test MaF1: 0.6200 (Best: 0.6739) | MiF1: 0.6177 (Best: 0.6737)
2024-04-18 20:23:50,873 - root - INFO - Epoch: 69 | LR: 0.0010 | Loss 0.3689 | Val MaF1: 0.6693 (Best: 0.7020) | Test MaF1: 0.6151 (Best: 0.6739) | MiF1: 0.6131 (Best: 0.6737)
2024-04-18 20:23:51,420 - root - INFO - Epoch: 70 | LR: 0.0010 | Loss 0.3686 | Val MaF1: 0.6670 (Best: 0.7020) | Test MaF1: 0.6229 (Best: 0.6739) | MiF1: 0.6200 (Best: 0.6737)
2024-04-18 20:23:52,003 - root - INFO - Epoch: 71 | LR: 0.0010 | Loss 0.3673 | Val MaF1: 0.6691 (Best: 0.7020) | Test MaF1: 0.6161 (Best: 0.6739) | MiF1: 0.6131 (Best: 0.6737)
2024-04-18 20:23:52,543 - root - INFO - Epoch: 72 | LR: 0.0010 | Loss 0.3667 | Val MaF1: 0.6697 (Best: 0.7020) | Test MaF1: 0.6284 (Best: 0.6739) | MiF1: 0.6247 (Best: 0.6737)
2024-04-18 20:23:53,090 - root - INFO - Epoch: 73 | LR: 0.0010 | Loss 0.3656 | Val MaF1: 0.6675 (Best: 0.7020) | Test MaF1: 0.6303 (Best: 0.6739) | MiF1: 0.6270 (Best: 0.6737)
2024-04-18 20:23:53,610 - root - INFO - Epoch: 74 | LR: 0.0010 | Loss 0.3644 | Val MaF1: 0.6675 (Best: 0.7020) | Test MaF1: 0.6327 (Best: 0.6739) | MiF1: 0.6294 (Best: 0.6737)
2024-04-18 20:23:54,134 - root - INFO - Epoch: 75 | LR: 0.0010 | Loss 0.3637 | Val MaF1: 0.6652 (Best: 0.7020) | Test MaF1: 0.6301 (Best: 0.6739) | MiF1: 0.6270 (Best: 0.6737)
2024-04-18 20:23:54,652 - root - INFO - Epoch: 76 | LR: 0.0010 | Loss 0.3630 | Val MaF1: 0.6652 (Best: 0.7020) | Test MaF1: 0.6301 (Best: 0.6739) | MiF1: 0.6270 (Best: 0.6737)
2024-04-18 20:23:55,191 - root - INFO - Epoch: 77 | LR: 0.0010 | Loss 0.3618 | Val MaF1: 0.6628 (Best: 0.7020) | Test MaF1: 0.6282 (Best: 0.6739) | MiF1: 0.6247 (Best: 0.6737)
2024-04-18 20:23:55,727 - root - INFO - Epoch: 78 | LR: 0.0010 | Loss 0.3618 | Val MaF1: 0.6628 (Best: 0.7020) | Test MaF1: 0.6304 (Best: 0.6739) | MiF1: 0.6270 (Best: 0.6737)
2024-04-18 20:23:56,254 - root - INFO - Epoch: 79 | LR: 0.0010 | Loss 0.3616 | Val MaF1: 0.6656 (Best: 0.7020) | Test MaF1: 0.6326 (Best: 0.6739) | MiF1: 0.6294 (Best: 0.6737)
2024-04-18 20:23:56,781 - root - INFO - Epoch: 80 | LR: 0.0009 | Loss 0.3609 | Val MaF1: 0.6656 (Best: 0.7020) | Test MaF1: 0.6351 (Best: 0.6739) | MiF1: 0.6317 (Best: 0.6737)
2024-04-18 20:23:57,303 - root - INFO - Epoch: 81 | LR: 0.0009 | Loss 0.3600 | Val MaF1: 0.6610 (Best: 0.7020) | Test MaF1: 0.6333 (Best: 0.6739) | MiF1: 0.6294 (Best: 0.6737)
2024-04-18 20:23:57,883 - root - INFO - Epoch: 82 | LR: 0.0009 | Loss 0.3598 | Val MaF1: 0.6610 (Best: 0.7020) | Test MaF1: 0.6313 (Best: 0.6739) | MiF1: 0.6270 (Best: 0.6737)
2024-04-18 20:23:58,404 - root - INFO - Epoch: 83 | LR: 0.0009 | Loss 0.3592 | Val MaF1: 0.6584 (Best: 0.7020) | Test MaF1: 0.6308 (Best: 0.6739) | MiF1: 0.6270 (Best: 0.6737)
2024-04-18 20:23:58,929 - root - INFO - Epoch: 84 | LR: 0.0009 | Loss 0.3589 | Val MaF1: 0.6562 (Best: 0.7020) | Test MaF1: 0.6305 (Best: 0.6739) | MiF1: 0.6270 (Best: 0.6737)
2024-04-18 20:23:59,453 - root - INFO - Epoch: 85 | LR: 0.0009 | Loss 0.3581 | Val MaF1: 0.6583 (Best: 0.7020) | Test MaF1: 0.6281 (Best: 0.6739) | MiF1: 0.6247 (Best: 0.6737)
2024-04-18 20:23:59,978 - root - INFO - Epoch: 86 | LR: 0.0009 | Loss 0.3578 | Val MaF1: 0.6585 (Best: 0.7020) | Test MaF1: 0.6281 (Best: 0.6739) | MiF1: 0.6247 (Best: 0.6737)
2024-04-18 20:24:00,521 - root - INFO - Epoch: 87 | LR: 0.0009 | Loss 0.3574 | Val MaF1: 0.6664 (Best: 0.7020) | Test MaF1: 0.6255 (Best: 0.6739) | MiF1: 0.6224 (Best: 0.6737)
2024-04-18 20:24:01,046 - root - INFO - Epoch: 88 | LR: 0.0009 | Loss 0.3573 | Val MaF1: 0.6640 (Best: 0.7020) | Test MaF1: 0.6255 (Best: 0.6739) | MiF1: 0.6224 (Best: 0.6737)
2024-04-18 20:24:01,567 - root - INFO - Epoch: 89 | LR: 0.0009 | Loss 0.3567 | Val MaF1: 0.6614 (Best: 0.7020) | Test MaF1: 0.6229 (Best: 0.6739) | MiF1: 0.6200 (Best: 0.6737)
2024-04-18 20:24:02,091 - root - INFO - Epoch: 90 | LR: 0.0009 | Loss 0.3563 | Val MaF1: 0.6592 (Best: 0.7020) | Test MaF1: 0.6202 (Best: 0.6739) | MiF1: 0.6177 (Best: 0.6737)
2024-04-18 20:24:02,629 - root - INFO - Epoch: 91 | LR: 0.0009 | Loss 0.3563 | Val MaF1: 0.6571 (Best: 0.7020) | Test MaF1: 0.6179 (Best: 0.6739) | MiF1: 0.6154 (Best: 0.6737)
2024-04-18 20:24:03,180 - root - INFO - Epoch: 92 | LR: 0.0009 | Loss 0.3560 | Val MaF1: 0.6571 (Best: 0.7020) | Test MaF1: 0.6178 (Best: 0.6739) | MiF1: 0.6154 (Best: 0.6737)
2024-04-18 20:24:03,768 - root - INFO - Epoch: 93 | LR: 0.0009 | Loss 0.3557 | Val MaF1: 0.6571 (Best: 0.7020) | Test MaF1: 0.6178 (Best: 0.6739) | MiF1: 0.6154 (Best: 0.6737)
2024-04-18 20:24:04,304 - root - INFO - Epoch: 94 | LR: 0.0009 | Loss 0.3552 | Val MaF1: 0.6592 (Best: 0.7020) | Test MaF1: 0.6178 (Best: 0.6739) | MiF1: 0.6154 (Best: 0.6737)
2024-04-18 20:24:04,829 - root - INFO - Epoch: 95 | LR: 0.0008 | Loss 0.3550 | Val MaF1: 0.6619 (Best: 0.7020) | Test MaF1: 0.6155 (Best: 0.6739) | MiF1: 0.6131 (Best: 0.6737)
2024-04-18 20:24:05,354 - root - INFO - Epoch: 96 | LR: 0.0008 | Loss 0.3549 | Val MaF1: 0.6619 (Best: 0.7020) | Test MaF1: 0.6155 (Best: 0.6739) | MiF1: 0.6131 (Best: 0.6737)
2024-04-18 20:24:05,878 - root - INFO - Epoch: 97 | LR: 0.0008 | Loss 0.3547 | Val MaF1: 0.6619 (Best: 0.7020) | Test MaF1: 0.6155 (Best: 0.6739) | MiF1: 0.6131 (Best: 0.6737)
2024-04-18 20:24:06,404 - root - INFO - Epoch: 98 | LR: 0.0008 | Loss 0.3542 | Val MaF1: 0.6614 (Best: 0.7020) | Test MaF1: 0.6132 (Best: 0.6739) | MiF1: 0.6107 (Best: 0.6737)
2024-04-18 20:24:06,943 - root - INFO - Epoch: 99 | LR: 0.0008 | Loss 0.3543 | Val MaF1: 0.6614 (Best: 0.7020) | Test MaF1: 0.6152 (Best: 0.6739) | MiF1: 0.6131 (Best: 0.6737)
2024-04-18 20:24:07,478 - root - INFO - Epoch: 100 | LR: 0.0008 | Loss 0.3535 | Val MaF1: 0.6640 (Best: 0.7020) | Test MaF1: 0.6177 (Best: 0.6739) | MiF1: 0.6154 (Best: 0.6737)
2024-04-18 20:24:08,005 - root - INFO - Epoch: 101 | LR: 0.0008 | Loss 0.3540 | Val MaF1: 0.6640 (Best: 0.7020) | Test MaF1: 0.6157 (Best: 0.6739) | MiF1: 0.6131 (Best: 0.6737)
2024-04-18 20:24:08,530 - root - INFO - Epoch: 102 | LR: 0.0008 | Loss 0.3531 | Val MaF1: 0.6638 (Best: 0.7020) | Test MaF1: 0.6157 (Best: 0.6739) | MiF1: 0.6131 (Best: 0.6737)
2024-04-18 20:24:09,112 - root - INFO - Epoch: 103 | LR: 0.0008 | Loss 0.3528 | Val MaF1: 0.6636 (Best: 0.7020) | Test MaF1: 0.6179 (Best: 0.6739) | MiF1: 0.6154 (Best: 0.6737)
2024-04-18 20:24:09,640 - root - INFO - Epoch: 104 | LR: 0.0008 | Loss 0.3525 | Val MaF1: 0.6636 (Best: 0.7020) | Test MaF1: 0.6202 (Best: 0.6739) | MiF1: 0.6177 (Best: 0.6737)
2024-04-18 20:24:10,166 - root - INFO - Epoch: 105 | LR: 0.0008 | Loss 0.3529 | Val MaF1: 0.6590 (Best: 0.7020) | Test MaF1: 0.6227 (Best: 0.6739) | MiF1: 0.6200 (Best: 0.6737)
2024-04-18 20:24:10,691 - root - INFO - Epoch: 106 | LR: 0.0007 | Loss 0.3524 | Val MaF1: 0.6563 (Best: 0.7020) | Test MaF1: 0.6210 (Best: 0.6739) | MiF1: 0.6177 (Best: 0.6737)
2024-04-18 20:24:11,250 - root - INFO - Epoch: 107 | LR: 0.0007 | Loss 0.3523 | Val MaF1: 0.6511 (Best: 0.7020) | Test MaF1: 0.6205 (Best: 0.6739) | MiF1: 0.6177 (Best: 0.6737)
2024-04-18 20:24:11,777 - root - INFO - Epoch: 108 | LR: 0.0007 | Loss 0.3520 | Val MaF1: 0.6535 (Best: 0.7020) | Test MaF1: 0.6255 (Best: 0.6739) | MiF1: 0.6224 (Best: 0.6737)
2024-04-18 20:24:12,305 - root - INFO - Epoch: 109 | LR: 0.0007 | Loss 0.3518 | Val MaF1: 0.6511 (Best: 0.7020) | Test MaF1: 0.6205 (Best: 0.6739) | MiF1: 0.6177 (Best: 0.6737)
2024-04-18 20:24:12,830 - root - INFO - Epoch: 110 | LR: 0.0007 | Loss 0.3520 | Val MaF1: 0.6537 (Best: 0.7020) | Test MaF1: 0.6231 (Best: 0.6739) | MiF1: 0.6200 (Best: 0.6737)
2024-04-18 20:24:13,369 - root - INFO - Epoch: 111 | LR: 0.0007 | Loss 0.3526 | Val MaF1: 0.6558 (Best: 0.7020) | Test MaF1: 0.6164 (Best: 0.6739) | MiF1: 0.6131 (Best: 0.6737)
2024-04-18 20:24:13,909 - root - INFO - Epoch: 112 | LR: 0.0007 | Loss 0.3515 | Val MaF1: 0.6558 (Best: 0.7020) | Test MaF1: 0.6140 (Best: 0.6739) | MiF1: 0.6107 (Best: 0.6737)
2024-04-18 20:24:14,439 - root - INFO - Epoch: 113 | LR: 0.0007 | Loss 0.3513 | Val MaF1: 0.6558 (Best: 0.7020) | Test MaF1: 0.6114 (Best: 0.6739) | MiF1: 0.6084 (Best: 0.6737)
2024-04-18 20:24:15,006 - root - INFO - Epoch: 114 | LR: 0.0007 | Loss 0.3517 | Val MaF1: 0.6558 (Best: 0.7020) | Test MaF1: 0.6090 (Best: 0.6739) | MiF1: 0.6061 (Best: 0.6737)
2024-04-18 20:24:15,543 - root - INFO - Epoch: 115 | LR: 0.0007 | Loss 0.3510 | Val MaF1: 0.6533 (Best: 0.7020) | Test MaF1: 0.6139 (Best: 0.6739) | MiF1: 0.6107 (Best: 0.6737)
2024-04-18 20:24:16,085 - root - INFO - Epoch: 116 | LR: 0.0006 | Loss 0.3510 | Val MaF1: 0.6533 (Best: 0.7020) | Test MaF1: 0.6113 (Best: 0.6739) | MiF1: 0.6084 (Best: 0.6737)
2024-04-18 20:24:16,612 - root - INFO - Epoch: 117 | LR: 0.0006 | Loss 0.3507 | Val MaF1: 0.6560 (Best: 0.7020) | Test MaF1: 0.6108 (Best: 0.6739) | MiF1: 0.6084 (Best: 0.6737)
2024-04-18 20:24:17,139 - root - INFO - Epoch: 118 | LR: 0.0006 | Loss 0.3509 | Val MaF1: 0.6560 (Best: 0.7020) | Test MaF1: 0.6108 (Best: 0.6739) | MiF1: 0.6084 (Best: 0.6737)
2024-04-18 20:24:17,665 - root - INFO - Epoch: 119 | LR: 0.0006 | Loss 0.3510 | Val MaF1: 0.6539 (Best: 0.7020) | Test MaF1: 0.6222 (Best: 0.6739) | MiF1: 0.6200 (Best: 0.6737)
2024-04-18 20:24:18,207 - root - INFO - Epoch: 120 | LR: 0.0006 | Loss 0.3507 | Val MaF1: 0.6538 (Best: 0.7020) | Test MaF1: 0.6222 (Best: 0.6739) | MiF1: 0.6200 (Best: 0.6737)
2024-04-18 20:24:18,744 - root - INFO - Epoch: 121 | LR: 0.0006 | Loss 0.3507 | Val MaF1: 0.6565 (Best: 0.7020) | Test MaF1: 0.6222 (Best: 0.6739) | MiF1: 0.6200 (Best: 0.6737)
2024-04-18 20:24:19,289 - root - INFO - Epoch: 122 | LR: 0.0006 | Loss 0.3501 | Val MaF1: 0.6538 (Best: 0.7020) | Test MaF1: 0.6222 (Best: 0.6739) | MiF1: 0.6200 (Best: 0.6737)
2024-04-18 20:24:19,813 - root - INFO - Epoch: 123 | LR: 0.0006 | Loss 0.3507 | Val MaF1: 0.6561 (Best: 0.7020) | Test MaF1: 0.6200 (Best: 0.6739) | MiF1: 0.6177 (Best: 0.6737)
2024-04-18 20:24:20,335 - root - INFO - Epoch: 124 | LR: 0.0006 | Loss 0.3499 | Val MaF1: 0.6539 (Best: 0.7020) | Test MaF1: 0.6179 (Best: 0.6739) | MiF1: 0.6154 (Best: 0.6737)
2024-04-18 20:24:20,898 - root - INFO - Epoch: 125 | LR: 0.0005 | Loss 0.3502 | Val MaF1: 0.6562 (Best: 0.7020) | Test MaF1: 0.6112 (Best: 0.6739) | MiF1: 0.6084 (Best: 0.6737)
2024-04-18 20:24:21,424 - root - INFO - Epoch: 126 | LR: 0.0005 | Loss 0.3498 | Val MaF1: 0.6516 (Best: 0.7020) | Test MaF1: 0.6201 (Best: 0.6739) | MiF1: 0.6177 (Best: 0.6737)
2024-04-18 20:24:21,967 - root - INFO - Epoch: 127 | LR: 0.0005 | Loss 0.3503 | Val MaF1: 0.6538 (Best: 0.7020) | Test MaF1: 0.6222 (Best: 0.6739) | MiF1: 0.6200 (Best: 0.6737)
2024-04-18 20:24:22,508 - root - INFO - Epoch: 128 | LR: 0.0005 | Loss 0.3502 | Val MaF1: 0.6512 (Best: 0.7020) | Test MaF1: 0.6250 (Best: 0.6739) | MiF1: 0.6224 (Best: 0.6737)
2024-04-18 20:24:23,037 - root - INFO - Epoch: 129 | LR: 0.0005 | Loss 0.3500 | Val MaF1: 0.6534 (Best: 0.7020) | Test MaF1: 0.6250 (Best: 0.6739) | MiF1: 0.6224 (Best: 0.6737)
2024-04-18 20:24:23,571 - root - INFO - Epoch: 130 | LR: 0.0005 | Loss 0.3497 | Val MaF1: 0.6512 (Best: 0.7020) | Test MaF1: 0.6222 (Best: 0.6739) | MiF1: 0.6200 (Best: 0.6737)
2024-04-18 20:24:24,097 - root - INFO - Epoch: 131 | LR: 0.0005 | Loss 0.3499 | Val MaF1: 0.6559 (Best: 0.7020) | Test MaF1: 0.6222 (Best: 0.6739) | MiF1: 0.6200 (Best: 0.6737)
2024-04-18 20:24:24,632 - root - INFO - Epoch: 132 | LR: 0.0005 | Loss 0.3496 | Val MaF1: 0.6580 (Best: 0.7020) | Test MaF1: 0.6155 (Best: 0.6739) | MiF1: 0.6131 (Best: 0.6737)
2024-04-18 20:24:25,171 - root - INFO - Epoch: 133 | LR: 0.0005 | Loss 0.3495 | Val MaF1: 0.6558 (Best: 0.7020) | Test MaF1: 0.6108 (Best: 0.6739) | MiF1: 0.6084 (Best: 0.6737)
2024-04-18 20:24:25,695 - root - INFO - Epoch: 134 | LR: 0.0004 | Loss 0.3494 | Val MaF1: 0.6581 (Best: 0.7020) | Test MaF1: 0.6134 (Best: 0.6739) | MiF1: 0.6107 (Best: 0.6737)
2024-04-18 20:24:26,221 - root - INFO - Epoch: 135 | LR: 0.0004 | Loss 0.3492 | Val MaF1: 0.6558 (Best: 0.7020) | Test MaF1: 0.6111 (Best: 0.6739) | MiF1: 0.6084 (Best: 0.6737)
2024-04-18 20:24:26,806 - root - INFO - Epoch: 136 | LR: 0.0004 | Loss 0.3492 | Val MaF1: 0.6580 (Best: 0.7020) | Test MaF1: 0.6107 (Best: 0.6739) | MiF1: 0.6084 (Best: 0.6737)
2024-04-18 20:24:27,360 - root - INFO - Epoch: 137 | LR: 0.0004 | Loss 0.3493 | Val MaF1: 0.6534 (Best: 0.7020) | Test MaF1: 0.6203 (Best: 0.6739) | MiF1: 0.6177 (Best: 0.6737)
2024-04-18 20:24:27,904 - root - INFO - Epoch: 138 | LR: 0.0004 | Loss 0.3490 | Val MaF1: 0.6580 (Best: 0.7020) | Test MaF1: 0.6180 (Best: 0.6739) | MiF1: 0.6154 (Best: 0.6737)
2024-04-18 20:24:28,426 - root - INFO - Epoch: 139 | LR: 0.0004 | Loss 0.3492 | Val MaF1: 0.6580 (Best: 0.7020) | Test MaF1: 0.6180 (Best: 0.6739) | MiF1: 0.6154 (Best: 0.6737)
2024-04-18 20:24:28,949 - root - INFO - Epoch: 140 | LR: 0.0004 | Loss 0.3490 | Val MaF1: 0.6579 (Best: 0.7020) | Test MaF1: 0.6174 (Best: 0.6739) | MiF1: 0.6154 (Best: 0.6737)
2024-04-18 20:24:29,479 - root - INFO - Epoch: 141 | LR: 0.0004 | Loss 0.3494 | Val MaF1: 0.6583 (Best: 0.7020) | Test MaF1: 0.6174 (Best: 0.6739) | MiF1: 0.6154 (Best: 0.6737)
2024-04-18 20:24:30,013 - root - INFO - Epoch: 142 | LR: 0.0004 | Loss 0.3492 | Val MaF1: 0.6559 (Best: 0.7020) | Test MaF1: 0.6152 (Best: 0.6739) | MiF1: 0.6131 (Best: 0.6737)
2024-04-18 20:24:30,553 - root - INFO - Epoch: 143 | LR: 0.0003 | Loss 0.3487 | Val MaF1: 0.6581 (Best: 0.7020) | Test MaF1: 0.6105 (Best: 0.6739) | MiF1: 0.6084 (Best: 0.6737)
2024-04-18 20:24:31,090 - root - INFO - Epoch: 144 | LR: 0.0003 | Loss 0.3488 | Val MaF1: 0.6581 (Best: 0.7020) | Test MaF1: 0.6131 (Best: 0.6739) | MiF1: 0.6107 (Best: 0.6737)
2024-04-18 20:24:31,616 - root - INFO - Epoch: 145 | LR: 0.0003 | Loss 0.3487 | Val MaF1: 0.6581 (Best: 0.7020) | Test MaF1: 0.6131 (Best: 0.6739) | MiF1: 0.6107 (Best: 0.6737)
2024-04-18 20:24:32,139 - root - INFO - Epoch: 146 | LR: 0.0003 | Loss 0.3486 | Val MaF1: 0.6559 (Best: 0.7020) | Test MaF1: 0.6194 (Best: 0.6739) | MiF1: 0.6177 (Best: 0.6737)
2024-04-18 20:24:32,703 - root - INFO - Epoch: 147 | LR: 0.0003 | Loss 0.3488 | Val MaF1: 0.6533 (Best: 0.7020) | Test MaF1: 0.6195 (Best: 0.6739) | MiF1: 0.6177 (Best: 0.6737)
2024-04-18 20:24:33,238 - root - INFO - Epoch: 148 | LR: 0.0003 | Loss 0.3490 | Val MaF1: 0.6528 (Best: 0.7020) | Test MaF1: 0.6198 (Best: 0.6739) | MiF1: 0.6177 (Best: 0.6737)
2024-04-18 20:24:33,769 - root - INFO - Epoch: 149 | LR: 0.0003 | Loss 0.3484 | Val MaF1: 0.6552 (Best: 0.7020) | Test MaF1: 0.6225 (Best: 0.6739) | MiF1: 0.6200 (Best: 0.6737)
2024-04-18 20:24:34,299 - root - INFO - Epoch: 150 | LR: 0.0003 | Loss 0.3485 | Val MaF1: 0.6552 (Best: 0.7020) | Test MaF1: 0.6225 (Best: 0.6739) | MiF1: 0.6200 (Best: 0.6737)
2024-04-18 20:24:34,824 - root - INFO - Epoch: 151 | LR: 0.0003 | Loss 0.3485 | Val MaF1: 0.6552 (Best: 0.7020) | Test MaF1: 0.6225 (Best: 0.6739) | MiF1: 0.6200 (Best: 0.6737)
2024-04-18 20:24:35,376 - root - INFO - Epoch: 152 | LR: 0.0003 | Loss 0.3483 | Val MaF1: 0.6552 (Best: 0.7020) | Test MaF1: 0.6198 (Best: 0.6739) | MiF1: 0.6177 (Best: 0.6737)
2024-04-18 20:24:35,911 - root - INFO - Epoch: 153 | LR: 0.0002 | Loss 0.3481 | Val MaF1: 0.6530 (Best: 0.7020) | Test MaF1: 0.6219 (Best: 0.6739) | MiF1: 0.6200 (Best: 0.6737)
2024-04-18 20:24:36,443 - root - INFO - Epoch: 154 | LR: 0.0002 | Loss 0.3487 | Val MaF1: 0.6530 (Best: 0.7020) | Test MaF1: 0.6239 (Best: 0.6739) | MiF1: 0.6224 (Best: 0.6737)
2024-04-18 20:24:36,972 - root - INFO - Epoch: 155 | LR: 0.0002 | Loss 0.3479 | Val MaF1: 0.6527 (Best: 0.7020) | Test MaF1: 0.6172 (Best: 0.6739) | MiF1: 0.6154 (Best: 0.6737)
2024-04-18 20:24:37,496 - root - INFO - Epoch: 156 | LR: 0.0002 | Loss 0.3481 | Val MaF1: 0.6527 (Best: 0.7020) | Test MaF1: 0.6172 (Best: 0.6739) | MiF1: 0.6154 (Best: 0.6737)
2024-04-18 20:24:38,033 - root - INFO - Epoch: 157 | LR: 0.0002 | Loss 0.3483 | Val MaF1: 0.6527 (Best: 0.7020) | Test MaF1: 0.6172 (Best: 0.6739) | MiF1: 0.6154 (Best: 0.6737)
2024-04-18 20:24:38,602 - root - INFO - Epoch: 158 | LR: 0.0002 | Loss 0.3482 | Val MaF1: 0.6527 (Best: 0.7020) | Test MaF1: 0.6149 (Best: 0.6739) | MiF1: 0.6131 (Best: 0.6737)
2024-04-18 20:24:39,135 - root - INFO - Epoch: 159 | LR: 0.0002 | Loss 0.3481 | Val MaF1: 0.6527 (Best: 0.7020) | Test MaF1: 0.6152 (Best: 0.6739) | MiF1: 0.6131 (Best: 0.6737)
2024-04-18 20:24:39,665 - root - INFO - Epoch: 160 | LR: 0.0002 | Loss 0.3480 | Val MaF1: 0.6549 (Best: 0.7020) | Test MaF1: 0.6178 (Best: 0.6739) | MiF1: 0.6154 (Best: 0.6737)
2024-04-18 20:24:40,206 - root - INFO - Epoch: 161 | LR: 0.0002 | Loss 0.3480 | Val MaF1: 0.6549 (Best: 0.7020) | Test MaF1: 0.6178 (Best: 0.6739) | MiF1: 0.6154 (Best: 0.6737)
2024-04-18 20:24:40,747 - root - INFO - Epoch: 162 | LR: 0.0002 | Loss 0.3480 | Val MaF1: 0.6549 (Best: 0.7020) | Test MaF1: 0.6158 (Best: 0.6739) | MiF1: 0.6131 (Best: 0.6737)
2024-04-18 20:24:41,281 - root - INFO - Epoch: 163 | LR: 0.0002 | Loss 0.3479 | Val MaF1: 0.6549 (Best: 0.7020) | Test MaF1: 0.6158 (Best: 0.6739) | MiF1: 0.6131 (Best: 0.6737)
2024-04-18 20:24:41,802 - root - INFO - Epoch: 164 | LR: 0.0001 | Loss 0.3481 | Val MaF1: 0.6528 (Best: 0.7020) | Test MaF1: 0.6225 (Best: 0.6739) | MiF1: 0.6200 (Best: 0.6737)
2024-04-18 20:24:42,332 - root - INFO - Epoch: 165 | LR: 0.0001 | Loss 0.3480 | Val MaF1: 0.6528 (Best: 0.7020) | Test MaF1: 0.6251 (Best: 0.6739) | MiF1: 0.6224 (Best: 0.6737)
2024-04-18 20:24:42,858 - root - INFO - Epoch: 166 | LR: 0.0001 | Loss 0.3480 | Val MaF1: 0.6528 (Best: 0.7020) | Test MaF1: 0.6251 (Best: 0.6739) | MiF1: 0.6224 (Best: 0.6737)
2024-04-18 20:24:43,383 - root - INFO - Epoch: 167 | LR: 0.0001 | Loss 0.3480 | Val MaF1: 0.6528 (Best: 0.7020) | Test MaF1: 0.6251 (Best: 0.6739) | MiF1: 0.6224 (Best: 0.6737)
2024-04-18 20:24:43,918 - root - INFO - Epoch: 168 | LR: 0.0001 | Loss 0.3478 | Val MaF1: 0.6528 (Best: 0.7020) | Test MaF1: 0.6225 (Best: 0.6739) | MiF1: 0.6200 (Best: 0.6737)
2024-04-18 20:24:44,485 - root - INFO - Epoch: 169 | LR: 0.0001 | Loss 0.3478 | Val MaF1: 0.6528 (Best: 0.7020) | Test MaF1: 0.6225 (Best: 0.6739) | MiF1: 0.6200 (Best: 0.6737)
2024-04-18 20:24:45,023 - root - INFO - Epoch: 170 | LR: 0.0001 | Loss 0.3482 | Val MaF1: 0.6528 (Best: 0.7020) | Test MaF1: 0.6245 (Best: 0.6739) | MiF1: 0.6224 (Best: 0.6737)
2024-04-18 20:24:45,551 - root - INFO - Epoch: 171 | LR: 0.0001 | Loss 0.3479 | Val MaF1: 0.6528 (Best: 0.7020) | Test MaF1: 0.6245 (Best: 0.6739) | MiF1: 0.6224 (Best: 0.6737)
2024-04-18 20:24:46,090 - root - INFO - Epoch: 172 | LR: 0.0001 | Loss 0.3479 | Val MaF1: 0.6528 (Best: 0.7020) | Test MaF1: 0.6245 (Best: 0.6739) | MiF1: 0.6224 (Best: 0.6737)
2024-04-18 20:24:46,617 - root - INFO - Epoch: 173 | LR: 0.0001 | Loss 0.3481 | Val MaF1: 0.6528 (Best: 0.7020) | Test MaF1: 0.6245 (Best: 0.6739) | MiF1: 0.6224 (Best: 0.6737)
2024-04-18 20:24:47,144 - root - INFO - Epoch: 174 | LR: 0.0001 | Loss 0.3478 | Val MaF1: 0.6528 (Best: 0.7020) | Test MaF1: 0.6245 (Best: 0.6739) | MiF1: 0.6224 (Best: 0.6737)
2024-04-18 20:24:47,684 - root - INFO - Epoch: 175 | LR: 0.0001 | Loss 0.3476 | Val MaF1: 0.6528 (Best: 0.7020) | Test MaF1: 0.6245 (Best: 0.6739) | MiF1: 0.6224 (Best: 0.6737)
2024-04-18 20:24:48,223 - root - INFO - Epoch: 176 | LR: 0.0001 | Loss 0.3477 | Val MaF1: 0.6528 (Best: 0.7020) | Test MaF1: 0.6245 (Best: 0.6739) | MiF1: 0.6224 (Best: 0.6737)
2024-04-18 20:24:48,764 - root - INFO - Epoch: 177 | LR: 0.0001 | Loss 0.3481 | Val MaF1: 0.6528 (Best: 0.7020) | Test MaF1: 0.6245 (Best: 0.6739) | MiF1: 0.6224 (Best: 0.6737)
2024-04-18 20:24:49,295 - root - INFO - Epoch: 178 | LR: 0.0001 | Loss 0.3473 | Val MaF1: 0.6528 (Best: 0.7020) | Test MaF1: 0.6245 (Best: 0.6739) | MiF1: 0.6224 (Best: 0.6737)
2024-04-18 20:24:49,822 - root - INFO - Epoch: 179 | LR: 0.0000 | Loss 0.3478 | Val MaF1: 0.6528 (Best: 0.7020) | Test MaF1: 0.6245 (Best: 0.6739) | MiF1: 0.6224 (Best: 0.6737)
2024-04-18 20:24:50,394 - root - INFO - Epoch: 180 | LR: 0.0000 | Loss 0.3478 | Val MaF1: 0.6528 (Best: 0.7020) | Test MaF1: 0.6245 (Best: 0.6739) | MiF1: 0.6224 (Best: 0.6737)
2024-04-18 20:24:50,921 - root - INFO - Epoch: 181 | LR: 0.0000 | Loss 0.3478 | Val MaF1: 0.6552 (Best: 0.7020) | Test MaF1: 0.6245 (Best: 0.6739) | MiF1: 0.6224 (Best: 0.6737)
2024-04-18 20:24:51,466 - root - INFO - Epoch: 182 | LR: 0.0000 | Loss 0.3478 | Val MaF1: 0.6552 (Best: 0.7020) | Test MaF1: 0.6245 (Best: 0.6739) | MiF1: 0.6224 (Best: 0.6737)
2024-04-18 20:24:51,990 - root - INFO - Epoch: 183 | LR: 0.0000 | Loss 0.3477 | Val MaF1: 0.6552 (Best: 0.7020) | Test MaF1: 0.6245 (Best: 0.6739) | MiF1: 0.6224 (Best: 0.6737)
2024-04-18 20:24:52,514 - root - INFO - Epoch: 184 | LR: 0.0000 | Loss 0.3476 | Val MaF1: 0.6552 (Best: 0.7020) | Test MaF1: 0.6245 (Best: 0.6739) | MiF1: 0.6224 (Best: 0.6737)
2024-04-18 20:24:53,041 - root - INFO - Epoch: 185 | LR: 0.0000 | Loss 0.3477 | Val MaF1: 0.6552 (Best: 0.7020) | Test MaF1: 0.6245 (Best: 0.6739) | MiF1: 0.6224 (Best: 0.6737)
2024-04-18 20:24:53,563 - root - INFO - Epoch: 186 | LR: 0.0000 | Loss 0.3481 | Val MaF1: 0.6552 (Best: 0.7020) | Test MaF1: 0.6245 (Best: 0.6739) | MiF1: 0.6224 (Best: 0.6737)
2024-04-18 20:24:54,099 - root - INFO - Epoch: 187 | LR: 0.0000 | Loss 0.3478 | Val MaF1: 0.6552 (Best: 0.7020) | Test MaF1: 0.6245 (Best: 0.6739) | MiF1: 0.6224 (Best: 0.6737)
2024-04-18 20:24:54,625 - root - INFO - Epoch: 188 | LR: 0.0000 | Loss 0.3477 | Val MaF1: 0.6552 (Best: 0.7020) | Test MaF1: 0.6245 (Best: 0.6739) | MiF1: 0.6224 (Best: 0.6737)
2024-04-18 20:24:55,154 - root - INFO - Epoch: 189 | LR: 0.0000 | Loss 0.3474 | Val MaF1: 0.6552 (Best: 0.7020) | Test MaF1: 0.6245 (Best: 0.6739) | MiF1: 0.6224 (Best: 0.6737)
2024-04-18 20:24:55,689 - root - INFO - Epoch: 190 | LR: 0.0000 | Loss 0.3479 | Val MaF1: 0.6552 (Best: 0.7020) | Test MaF1: 0.6245 (Best: 0.6739) | MiF1: 0.6224 (Best: 0.6737)
2024-04-18 20:24:56,268 - root - INFO - Epoch: 191 | LR: 0.0000 | Loss 0.3476 | Val MaF1: 0.6552 (Best: 0.7020) | Test MaF1: 0.6245 (Best: 0.6739) | MiF1: 0.6224 (Best: 0.6737)
2024-04-18 20:24:56,819 - root - INFO - Epoch: 192 | LR: 0.0000 | Loss 0.3477 | Val MaF1: 0.6552 (Best: 0.7020) | Test MaF1: 0.6245 (Best: 0.6739) | MiF1: 0.6224 (Best: 0.6737)
2024-04-18 20:24:57,346 - root - INFO - Epoch: 193 | LR: 0.0000 | Loss 0.3476 | Val MaF1: 0.6552 (Best: 0.7020) | Test MaF1: 0.6245 (Best: 0.6739) | MiF1: 0.6224 (Best: 0.6737)
2024-04-18 20:24:57,873 - root - INFO - Epoch: 194 | LR: 0.0000 | Loss 0.3477 | Val MaF1: 0.6552 (Best: 0.7020) | Test MaF1: 0.6245 (Best: 0.6739) | MiF1: 0.6224 (Best: 0.6737)
2024-04-18 20:24:58,413 - root - INFO - Epoch: 195 | LR: 0.0000 | Loss 0.3479 | Val MaF1: 0.6552 (Best: 0.7020) | Test MaF1: 0.6245 (Best: 0.6739) | MiF1: 0.6224 (Best: 0.6737)
2024-04-18 20:24:58,941 - root - INFO - Epoch: 196 | LR: 0.0000 | Loss 0.3478 | Val MaF1: 0.6552 (Best: 0.7020) | Test MaF1: 0.6245 (Best: 0.6739) | MiF1: 0.6224 (Best: 0.6737)
2024-04-18 20:24:59,466 - root - INFO - Epoch: 197 | LR: 0.0000 | Loss 0.3476 | Val MaF1: 0.6552 (Best: 0.7020) | Test MaF1: 0.6245 (Best: 0.6739) | MiF1: 0.6224 (Best: 0.6737)
2024-04-18 20:25:00,007 - root - INFO - Epoch: 198 | LR: 0.0000 | Loss 0.3474 | Val MaF1: 0.6552 (Best: 0.7020) | Test MaF1: 0.6245 (Best: 0.6739) | MiF1: 0.6224 (Best: 0.6737)
2024-04-18 20:25:00,543 - root - INFO - Epoch: 199 | LR: 0.0000 | Loss 0.3479 | Val MaF1: 0.6552 (Best: 0.7020) | Test MaF1: 0.6245 (Best: 0.6739) | MiF1: 0.6224 (Best: 0.6737)
2024-04-18 20:25:01,076 - root - INFO - Epoch: 200 | LR: 0.0000 | Loss 0.3477 | Val MaF1: 0.6552 (Best: 0.7020) | Test MaF1: 0.6245 (Best: 0.6739) | MiF1: 0.6224 (Best: 0.6737)
2024-04-18 20:25:01,076 - root - INFO - Best Epoch: 40 | Train MiF1: 0.9158,  MaF1: 0.9156 | Val MiF1: 0.7073, MaF1: 0.7020 | Test MaF1: 0.6739, MiF1: 0.6737
2024-04-18 20:25:01,526 - root - INFO - ARI: 0.6446 | NMI: 0.5668
