2024-04-22 21:38:46,694 - root - INFO - {'prefix': 'SR-HGN', 'gpu': 0, 'feat': 1, 'seed': 0, 'verbose': 1, 'train_split': 0.2, 'val_split': 0.3, 'num_type_heads': 4, 'num_node_heads': 4, 'hidden_dim': 256, 'clip': 1.0, 'num_layers': 2, 'alpha': 0.5, 'epochs': 100, 'dataset': 'acm', 'input_dim': 256, 'aggregate': 'concat', 'iscuda': True, 'cluster': True, 'max_lr': 0.001, 'weight_decay': 1e-05, 'heads': 1, 'han_heads': [4], 'hh_heads': 3, 'dropout': 0.2}
2024-04-22 21:38:49,385 - root - INFO - Training SR-HGN with #param: 17162306
2024-04-22 21:38:51,191 - root - INFO - ARI: 0.0369 | NMI: 0.0425
2024-04-22 21:38:51,192 - root - INFO - Epoch: 1 | LR: 0.0000 | Loss 1.0940 | Val MaF1: 0.2204 (Best: 0.2204) | Test MaF1: 0.2220 (Best: 0.2220) | MiF1: 0.4961 (Best: 0.4961)
2024-04-22 21:38:51,482 - root - INFO - Epoch: 2 | LR: 0.0001 | Loss 1.0747 | Val MaF1: 0.2204 (Best: 0.2204) | Test MaF1: 0.2210 (Best: 0.2220) | MiF1: 0.4957 (Best: 0.4961)
2024-04-22 21:38:51,749 - root - INFO - Epoch: 3 | LR: 0.0001 | Loss 1.0561 | Val MaF1: 0.2204 (Best: 0.2204) | Test MaF1: 0.2210 (Best: 0.2220) | MiF1: 0.4957 (Best: 0.4961)
2024-04-22 21:38:52,058 - root - INFO - Epoch: 4 | LR: 0.0001 | Loss 1.0423 | Val MaF1: 0.2204 (Best: 0.2204) | Test MaF1: 0.2210 (Best: 0.2220) | MiF1: 0.4957 (Best: 0.4961)
2024-04-22 21:38:52,332 - root - INFO - Epoch: 5 | LR: 0.0001 | Loss 1.0280 | Val MaF1: 0.2204 (Best: 0.2204) | Test MaF1: 0.2210 (Best: 0.2220) | MiF1: 0.4957 (Best: 0.4961)
2024-04-22 21:38:52,599 - root - INFO - Epoch: 6 | LR: 0.0001 | Loss 1.0163 | Val MaF1: 0.2204 (Best: 0.2204) | Test MaF1: 0.2210 (Best: 0.2220) | MiF1: 0.4957 (Best: 0.4961)
2024-04-22 21:38:52,863 - root - INFO - Epoch: 7 | LR: 0.0002 | Loss 1.0048 | Val MaF1: 0.2204 (Best: 0.2204) | Test MaF1: 0.2210 (Best: 0.2220) | MiF1: 0.4957 (Best: 0.4961)
2024-04-22 21:38:53,130 - root - INFO - Epoch: 8 | LR: 0.0002 | Loss 0.9903 | Val MaF1: 0.2204 (Best: 0.2204) | Test MaF1: 0.2210 (Best: 0.2220) | MiF1: 0.4957 (Best: 0.4961)
2024-04-22 21:38:53,392 - root - INFO - Epoch: 9 | LR: 0.0003 | Loss 0.9734 | Val MaF1: 0.2204 (Best: 0.2204) | Test MaF1: 0.2210 (Best: 0.2220) | MiF1: 0.4957 (Best: 0.4961)
2024-04-22 21:38:53,661 - root - INFO - Epoch: 10 | LR: 0.0003 | Loss 0.9439 | Val MaF1: 0.2204 (Best: 0.2204) | Test MaF1: 0.2210 (Best: 0.2220) | MiF1: 0.4957 (Best: 0.4961)
2024-04-22 21:38:53,923 - root - INFO - Epoch: 11 | LR: 0.0003 | Loss 0.9115 | Val MaF1: 0.2204 (Best: 0.2204) | Test MaF1: 0.2210 (Best: 0.2220) | MiF1: 0.4957 (Best: 0.4961)
2024-04-22 21:38:54,377 - root - INFO - ARI: 0.6481 | NMI: 0.6462
2024-04-22 21:38:54,377 - root - INFO - Epoch: 12 | LR: 0.0004 | Loss 0.8891 | Val MaF1: 0.2204 (Best: 0.2204) | Test MaF1: 0.2251 (Best: 0.2251) | MiF1: 0.4972 (Best: 0.4972)
2024-04-22 21:38:54,862 - root - INFO - ARI: 0.6975 | NMI: 0.6702
2024-04-22 21:38:54,862 - root - INFO - Epoch: 13 | LR: 0.0004 | Loss 0.8607 | Val MaF1: 0.2341 (Best: 0.2341) | Test MaF1: 0.2292 (Best: 0.2292) | MiF1: 0.4986 (Best: 0.4986)
2024-04-22 21:38:55,335 - root - INFO - ARI: 0.7303 | NMI: 0.6896
2024-04-22 21:38:55,335 - root - INFO - Epoch: 14 | LR: 0.0005 | Loss 0.8240 | Val MaF1: 0.2609 (Best: 0.2609) | Test MaF1: 0.2677 (Best: 0.2677) | MiF1: 0.5128 (Best: 0.5128)
2024-04-22 21:38:55,806 - root - INFO - ARI: 0.7299 | NMI: 0.6862
2024-04-22 21:38:55,806 - root - INFO - Epoch: 15 | LR: 0.0005 | Loss 0.8001 | Val MaF1: 0.4487 (Best: 0.4487) | Test MaF1: 0.4329 (Best: 0.4329) | MiF1: 0.5845 (Best: 0.5845)
2024-04-22 21:38:56,273 - root - INFO - ARI: 0.7293 | NMI: 0.6857
2024-04-22 21:38:56,274 - root - INFO - Epoch: 16 | LR: 0.0006 | Loss 0.7785 | Val MaF1: 0.7645 (Best: 0.7645) | Test MaF1: 0.7584 (Best: 0.7584) | MiF1: 0.7841 (Best: 0.7841)
2024-04-22 21:38:56,743 - root - INFO - ARI: 0.7290 | NMI: 0.6916
2024-04-22 21:38:56,743 - root - INFO - Epoch: 17 | LR: 0.0006 | Loss 0.7515 | Val MaF1: 0.9064 (Best: 0.9064) | Test MaF1: 0.9115 (Best: 0.9115) | MiF1: 0.9119 (Best: 0.9119)
2024-04-22 21:38:57,027 - root - INFO - Epoch: 18 | LR: 0.0007 | Loss 0.7092 | Val MaF1: 0.9012 (Best: 0.9064) | Test MaF1: 0.8911 (Best: 0.9115) | MiF1: 0.8892 (Best: 0.9119)
2024-04-22 21:38:57,479 - root - INFO - ARI: 0.7321 | NMI: 0.6951
2024-04-22 21:38:57,479 - root - INFO - Epoch: 19 | LR: 0.0007 | Loss 0.7089 | Val MaF1: 0.9373 (Best: 0.9373) | Test MaF1: 0.9152 (Best: 0.9152) | MiF1: 0.9148 (Best: 0.9148)
2024-04-22 21:38:57,951 - root - INFO - ARI: 0.7338 | NMI: 0.6937
2024-04-22 21:38:57,951 - root - INFO - Epoch: 20 | LR: 0.0008 | Loss 0.6615 | Val MaF1: 0.9043 (Best: 0.9043) | Test MaF1: 0.9172 (Best: 0.9172) | MiF1: 0.9187 (Best: 0.9187)
2024-04-22 21:38:58,241 - root - INFO - Epoch: 21 | LR: 0.0008 | Loss 0.6471 | Val MaF1: 0.9074 (Best: 0.9043) | Test MaF1: 0.9079 (Best: 0.9172) | MiF1: 0.9102 (Best: 0.9187)
2024-04-22 21:38:58,692 - root - INFO - ARI: 0.7648 | NMI: 0.7164
2024-04-22 21:38:58,693 - root - INFO - Epoch: 22 | LR: 0.0009 | Loss 0.6307 | Val MaF1: 0.9311 (Best: 0.9311) | Test MaF1: 0.9189 (Best: 0.9189) | MiF1: 0.9194 (Best: 0.9194)
2024-04-22 21:38:58,984 - root - INFO - Epoch: 23 | LR: 0.0009 | Loss 0.6055 | Val MaF1: 0.9205 (Best: 0.9311) | Test MaF1: 0.9150 (Best: 0.9189) | MiF1: 0.9137 (Best: 0.9194)
2024-04-22 21:38:59,250 - root - INFO - Epoch: 24 | LR: 0.0009 | Loss 0.5953 | Val MaF1: 0.9154 (Best: 0.9311) | Test MaF1: 0.9143 (Best: 0.9189) | MiF1: 0.9119 (Best: 0.9194)
2024-04-22 21:38:59,518 - root - INFO - Epoch: 25 | LR: 0.0010 | Loss 0.5880 | Val MaF1: 0.9262 (Best: 0.9311) | Test MaF1: 0.9183 (Best: 0.9189) | MiF1: 0.9169 (Best: 0.9194)
2024-04-22 21:38:59,782 - root - INFO - Epoch: 26 | LR: 0.0010 | Loss 0.5768 | Val MaF1: 0.9324 (Best: 0.9311) | Test MaF1: 0.9163 (Best: 0.9189) | MiF1: 0.9155 (Best: 0.9194)
2024-04-22 21:39:00,051 - root - INFO - Epoch: 27 | LR: 0.0010 | Loss 0.5701 | Val MaF1: 0.9371 (Best: 0.9311) | Test MaF1: 0.9186 (Best: 0.9189) | MiF1: 0.9183 (Best: 0.9194)
2024-04-22 21:39:00,314 - root - INFO - Epoch: 28 | LR: 0.0010 | Loss 0.5626 | Val MaF1: 0.9373 (Best: 0.9311) | Test MaF1: 0.9161 (Best: 0.9189) | MiF1: 0.9158 (Best: 0.9194)
2024-04-22 21:39:00,585 - root - INFO - Epoch: 29 | LR: 0.0010 | Loss 0.5548 | Val MaF1: 0.9229 (Best: 0.9311) | Test MaF1: 0.9150 (Best: 0.9189) | MiF1: 0.9144 (Best: 0.9194)
2024-04-22 21:39:00,849 - root - INFO - Epoch: 30 | LR: 0.0010 | Loss 0.5481 | Val MaF1: 0.9152 (Best: 0.9311) | Test MaF1: 0.9155 (Best: 0.9189) | MiF1: 0.9148 (Best: 0.9194)
2024-04-22 21:39:01,118 - root - INFO - Epoch: 31 | LR: 0.0010 | Loss 0.5422 | Val MaF1: 0.9177 (Best: 0.9311) | Test MaF1: 0.9163 (Best: 0.9189) | MiF1: 0.9155 (Best: 0.9194)
2024-04-22 21:39:01,383 - root - INFO - Epoch: 32 | LR: 0.0010 | Loss 0.5379 | Val MaF1: 0.9183 (Best: 0.9311) | Test MaF1: 0.9165 (Best: 0.9189) | MiF1: 0.9158 (Best: 0.9194)
2024-04-22 21:39:01,646 - root - INFO - Epoch: 33 | LR: 0.0010 | Loss 0.5316 | Val MaF1: 0.9226 (Best: 0.9311) | Test MaF1: 0.9163 (Best: 0.9189) | MiF1: 0.9158 (Best: 0.9194)
2024-04-22 21:39:01,907 - root - INFO - Epoch: 34 | LR: 0.0010 | Loss 0.5266 | Val MaF1: 0.9173 (Best: 0.9311) | Test MaF1: 0.9170 (Best: 0.9189) | MiF1: 0.9169 (Best: 0.9194)
2024-04-22 21:39:02,174 - root - INFO - Epoch: 35 | LR: 0.0010 | Loss 0.5230 | Val MaF1: 0.9173 (Best: 0.9311) | Test MaF1: 0.9175 (Best: 0.9189) | MiF1: 0.9169 (Best: 0.9194)
2024-04-22 21:39:02,437 - root - INFO - Epoch: 36 | LR: 0.0010 | Loss 0.5189 | Val MaF1: 0.9157 (Best: 0.9311) | Test MaF1: 0.9173 (Best: 0.9189) | MiF1: 0.9165 (Best: 0.9194)
2024-04-22 21:39:02,706 - root - INFO - Epoch: 37 | LR: 0.0010 | Loss 0.5140 | Val MaF1: 0.9182 (Best: 0.9311) | Test MaF1: 0.9174 (Best: 0.9189) | MiF1: 0.9165 (Best: 0.9194)
2024-04-22 21:39:02,970 - root - INFO - Epoch: 38 | LR: 0.0010 | Loss 0.5102 | Val MaF1: 0.9122 (Best: 0.9311) | Test MaF1: 0.9174 (Best: 0.9189) | MiF1: 0.9165 (Best: 0.9194)
2024-04-22 21:39:03,236 - root - INFO - Epoch: 39 | LR: 0.0010 | Loss 0.5066 | Val MaF1: 0.9122 (Best: 0.9311) | Test MaF1: 0.9164 (Best: 0.9189) | MiF1: 0.9155 (Best: 0.9194)
2024-04-22 21:39:03,500 - root - INFO - Epoch: 40 | LR: 0.0009 | Loss 0.5032 | Val MaF1: 0.9122 (Best: 0.9311) | Test MaF1: 0.9169 (Best: 0.9189) | MiF1: 0.9162 (Best: 0.9194)
2024-04-22 21:39:03,767 - root - INFO - Epoch: 41 | LR: 0.0009 | Loss 0.4986 | Val MaF1: 0.9122 (Best: 0.9311) | Test MaF1: 0.9158 (Best: 0.9189) | MiF1: 0.9155 (Best: 0.9194)
2024-04-22 21:39:04,032 - root - INFO - Epoch: 42 | LR: 0.0009 | Loss 0.4962 | Val MaF1: 0.9122 (Best: 0.9311) | Test MaF1: 0.9168 (Best: 0.9189) | MiF1: 0.9165 (Best: 0.9194)
2024-04-22 21:39:04,296 - root - INFO - Epoch: 43 | LR: 0.0009 | Loss 0.4931 | Val MaF1: 0.9170 (Best: 0.9311) | Test MaF1: 0.9170 (Best: 0.9189) | MiF1: 0.9165 (Best: 0.9194)
2024-04-22 21:39:04,563 - root - INFO - Epoch: 44 | LR: 0.0009 | Loss 0.4896 | Val MaF1: 0.9122 (Best: 0.9311) | Test MaF1: 0.9181 (Best: 0.9189) | MiF1: 0.9180 (Best: 0.9194)
2024-04-22 21:39:04,829 - root - INFO - Epoch: 45 | LR: 0.0009 | Loss 0.4871 | Val MaF1: 0.9148 (Best: 0.9311) | Test MaF1: 0.9171 (Best: 0.9189) | MiF1: 0.9169 (Best: 0.9194)
2024-04-22 21:39:05,096 - root - INFO - Epoch: 46 | LR: 0.0009 | Loss 0.4844 | Val MaF1: 0.9170 (Best: 0.9311) | Test MaF1: 0.9175 (Best: 0.9189) | MiF1: 0.9173 (Best: 0.9194)
2024-04-22 21:39:05,361 - root - INFO - Epoch: 47 | LR: 0.0008 | Loss 0.4822 | Val MaF1: 0.9218 (Best: 0.9311) | Test MaF1: 0.9177 (Best: 0.9189) | MiF1: 0.9176 (Best: 0.9194)
2024-04-22 21:39:05,627 - root - INFO - Epoch: 48 | LR: 0.0008 | Loss 0.4796 | Val MaF1: 0.9193 (Best: 0.9311) | Test MaF1: 0.9184 (Best: 0.9189) | MiF1: 0.9183 (Best: 0.9194)
2024-04-22 21:39:05,895 - root - INFO - Epoch: 49 | LR: 0.0008 | Loss 0.4782 | Val MaF1: 0.9215 (Best: 0.9311) | Test MaF1: 0.9184 (Best: 0.9189) | MiF1: 0.9183 (Best: 0.9194)
2024-04-22 21:39:06,341 - root - INFO - ARI: 0.7924 | NMI: 0.7398
2024-04-22 21:39:06,342 - root - INFO - Epoch: 50 | LR: 0.0008 | Loss 0.4754 | Val MaF1: 0.9187 (Best: 0.9187) | Test MaF1: 0.9189 (Best: 0.9189) | MiF1: 0.9190 (Best: 0.9190)
2024-04-22 21:39:06,825 - root - INFO - ARI: 0.7916 | NMI: 0.7387
2024-04-22 21:39:06,825 - root - INFO - Epoch: 51 | LR: 0.0008 | Loss 0.4741 | Val MaF1: 0.9187 (Best: 0.9187) | Test MaF1: 0.9193 (Best: 0.9193) | MiF1: 0.9194 (Best: 0.9194)
2024-04-22 21:39:07,299 - root - INFO - ARI: 0.7982 | NMI: 0.7450
2024-04-22 21:39:07,300 - root - INFO - Epoch: 52 | LR: 0.0008 | Loss 0.4717 | Val MaF1: 0.9247 (Best: 0.9247) | Test MaF1: 0.9204 (Best: 0.9204) | MiF1: 0.9205 (Best: 0.9205)
2024-04-22 21:39:07,769 - root - INFO - ARI: 0.7992 | NMI: 0.7444
2024-04-22 21:39:07,769 - root - INFO - Epoch: 53 | LR: 0.0007 | Loss 0.4694 | Val MaF1: 0.9215 (Best: 0.9215) | Test MaF1: 0.9220 (Best: 0.9220) | MiF1: 0.9222 (Best: 0.9222)
2024-04-22 21:39:08,247 - root - INFO - ARI: 0.8043 | NMI: 0.7478
2024-04-22 21:39:08,247 - root - INFO - Epoch: 54 | LR: 0.0007 | Loss 0.4685 | Val MaF1: 0.9215 (Best: 0.9215) | Test MaF1: 0.9225 (Best: 0.9225) | MiF1: 0.9233 (Best: 0.9233)
2024-04-22 21:39:08,551 - root - INFO - Epoch: 55 | LR: 0.0007 | Loss 0.4649 | Val MaF1: 0.9190 (Best: 0.9215) | Test MaF1: 0.9191 (Best: 0.9225) | MiF1: 0.9201 (Best: 0.9233)
2024-04-22 21:39:08,817 - root - INFO - Epoch: 56 | LR: 0.0007 | Loss 0.4641 | Val MaF1: 0.9139 (Best: 0.9215) | Test MaF1: 0.9185 (Best: 0.9225) | MiF1: 0.9197 (Best: 0.9233)
2024-04-22 21:39:09,085 - root - INFO - Epoch: 57 | LR: 0.0007 | Loss 0.4617 | Val MaF1: 0.9136 (Best: 0.9215) | Test MaF1: 0.9188 (Best: 0.9225) | MiF1: 0.9201 (Best: 0.9233)
2024-04-22 21:39:09,348 - root - INFO - Epoch: 58 | LR: 0.0006 | Loss 0.4619 | Val MaF1: 0.9238 (Best: 0.9215) | Test MaF1: 0.9212 (Best: 0.9225) | MiF1: 0.9222 (Best: 0.9233)
2024-04-22 21:39:09,616 - root - INFO - Epoch: 59 | LR: 0.0006 | Loss 0.4594 | Val MaF1: 0.9213 (Best: 0.9215) | Test MaF1: 0.9217 (Best: 0.9225) | MiF1: 0.9226 (Best: 0.9233)
2024-04-22 21:39:09,880 - root - INFO - Epoch: 60 | LR: 0.0006 | Loss 0.4580 | Val MaF1: 0.9238 (Best: 0.9215) | Test MaF1: 0.9225 (Best: 0.9225) | MiF1: 0.9233 (Best: 0.9233)
2024-04-22 21:39:10,145 - root - INFO - Epoch: 61 | LR: 0.0006 | Loss 0.4561 | Val MaF1: 0.9238 (Best: 0.9215) | Test MaF1: 0.9221 (Best: 0.9225) | MiF1: 0.9229 (Best: 0.9233)
2024-04-22 21:39:10,594 - root - INFO - ARI: 0.8129 | NMI: 0.7558
2024-04-22 21:39:10,594 - root - INFO - Epoch: 62 | LR: 0.0005 | Loss 0.4549 | Val MaF1: 0.9213 (Best: 0.9213) | Test MaF1: 0.9253 (Best: 0.9253) | MiF1: 0.9261 (Best: 0.9261)
2024-04-22 21:39:11,075 - root - INFO - ARI: 0.8156 | NMI: 0.7589
2024-04-22 21:39:11,075 - root - INFO - Epoch: 63 | LR: 0.0005 | Loss 0.4536 | Val MaF1: 0.9213 (Best: 0.9213) | Test MaF1: 0.9253 (Best: 0.9253) | MiF1: 0.9261 (Best: 0.9261)
2024-04-22 21:39:11,357 - root - INFO - Epoch: 64 | LR: 0.0005 | Loss 0.4522 | Val MaF1: 0.9265 (Best: 0.9213) | Test MaF1: 0.9238 (Best: 0.9253) | MiF1: 0.9247 (Best: 0.9261)
2024-04-22 21:39:11,624 - root - INFO - Epoch: 65 | LR: 0.0005 | Loss 0.4513 | Val MaF1: 0.9188 (Best: 0.9213) | Test MaF1: 0.9249 (Best: 0.9253) | MiF1: 0.9261 (Best: 0.9261)
2024-04-22 21:39:12,072 - root - INFO - ARI: 0.8233 | NMI: 0.7661
2024-04-22 21:39:12,072 - root - INFO - Epoch: 66 | LR: 0.0005 | Loss 0.4503 | Val MaF1: 0.9162 (Best: 0.9162) | Test MaF1: 0.9268 (Best: 0.9268) | MiF1: 0.9279 (Best: 0.9279)
2024-04-22 21:39:12,354 - root - INFO - Epoch: 67 | LR: 0.0004 | Loss 0.4508 | Val MaF1: 0.9214 (Best: 0.9162) | Test MaF1: 0.9259 (Best: 0.9268) | MiF1: 0.9268 (Best: 0.9279)
2024-04-22 21:39:12,619 - root - INFO - Epoch: 68 | LR: 0.0004 | Loss 0.4483 | Val MaF1: 0.9267 (Best: 0.9162) | Test MaF1: 0.9258 (Best: 0.9268) | MiF1: 0.9265 (Best: 0.9279)
2024-04-22 21:39:12,881 - root - INFO - Epoch: 69 | LR: 0.0004 | Loss 0.4481 | Val MaF1: 0.9240 (Best: 0.9162) | Test MaF1: 0.9256 (Best: 0.9268) | MiF1: 0.9261 (Best: 0.9279)
2024-04-22 21:39:13,145 - root - INFO - Epoch: 70 | LR: 0.0004 | Loss 0.4476 | Val MaF1: 0.9240 (Best: 0.9162) | Test MaF1: 0.9257 (Best: 0.9268) | MiF1: 0.9261 (Best: 0.9279)
2024-04-22 21:39:13,408 - root - INFO - Epoch: 71 | LR: 0.0003 | Loss 0.4468 | Val MaF1: 0.9238 (Best: 0.9162) | Test MaF1: 0.9261 (Best: 0.9268) | MiF1: 0.9265 (Best: 0.9279)
2024-04-22 21:39:13,672 - root - INFO - Epoch: 72 | LR: 0.0003 | Loss 0.4459 | Val MaF1: 0.9213 (Best: 0.9162) | Test MaF1: 0.9261 (Best: 0.9268) | MiF1: 0.9268 (Best: 0.9279)
2024-04-22 21:39:13,935 - root - INFO - Epoch: 73 | LR: 0.0003 | Loss 0.4454 | Val MaF1: 0.9242 (Best: 0.9162) | Test MaF1: 0.9256 (Best: 0.9268) | MiF1: 0.9265 (Best: 0.9279)
2024-04-22 21:39:14,200 - root - INFO - Epoch: 74 | LR: 0.0003 | Loss 0.4445 | Val MaF1: 0.9242 (Best: 0.9162) | Test MaF1: 0.9254 (Best: 0.9268) | MiF1: 0.9265 (Best: 0.9279)
2024-04-22 21:39:14,464 - root - INFO - Epoch: 75 | LR: 0.0003 | Loss 0.4442 | Val MaF1: 0.9242 (Best: 0.9162) | Test MaF1: 0.9242 (Best: 0.9268) | MiF1: 0.9254 (Best: 0.9279)
2024-04-22 21:39:14,726 - root - INFO - Epoch: 76 | LR: 0.0002 | Loss 0.4445 | Val MaF1: 0.9242 (Best: 0.9162) | Test MaF1: 0.9247 (Best: 0.9268) | MiF1: 0.9258 (Best: 0.9279)
2024-04-22 21:39:14,993 - root - INFO - Epoch: 77 | LR: 0.0002 | Loss 0.4440 | Val MaF1: 0.9210 (Best: 0.9162) | Test MaF1: 0.9247 (Best: 0.9268) | MiF1: 0.9258 (Best: 0.9279)
2024-04-22 21:39:15,257 - root - INFO - Epoch: 78 | LR: 0.0002 | Loss 0.4425 | Val MaF1: 0.9210 (Best: 0.9162) | Test MaF1: 0.9254 (Best: 0.9268) | MiF1: 0.9265 (Best: 0.9279)
2024-04-22 21:39:15,522 - root - INFO - Epoch: 79 | LR: 0.0002 | Loss 0.4424 | Val MaF1: 0.9210 (Best: 0.9162) | Test MaF1: 0.9248 (Best: 0.9268) | MiF1: 0.9258 (Best: 0.9279)
2024-04-22 21:39:15,786 - root - INFO - Epoch: 80 | LR: 0.0002 | Loss 0.4424 | Val MaF1: 0.9210 (Best: 0.9162) | Test MaF1: 0.9244 (Best: 0.9268) | MiF1: 0.9254 (Best: 0.9279)
2024-04-22 21:39:16,053 - root - INFO - Epoch: 81 | LR: 0.0002 | Loss 0.4422 | Val MaF1: 0.9210 (Best: 0.9162) | Test MaF1: 0.9241 (Best: 0.9268) | MiF1: 0.9251 (Best: 0.9279)
2024-04-22 21:39:16,317 - root - INFO - Epoch: 82 | LR: 0.0001 | Loss 0.4418 | Val MaF1: 0.9210 (Best: 0.9162) | Test MaF1: 0.9241 (Best: 0.9268) | MiF1: 0.9251 (Best: 0.9279)
2024-04-22 21:39:16,584 - root - INFO - Epoch: 83 | LR: 0.0001 | Loss 0.4410 | Val MaF1: 0.9210 (Best: 0.9162) | Test MaF1: 0.9245 (Best: 0.9268) | MiF1: 0.9254 (Best: 0.9279)
2024-04-22 21:39:16,860 - root - INFO - Epoch: 84 | LR: 0.0001 | Loss 0.4411 | Val MaF1: 0.9235 (Best: 0.9162) | Test MaF1: 0.9238 (Best: 0.9268) | MiF1: 0.9247 (Best: 0.9279)
2024-04-22 21:39:17,126 - root - INFO - Epoch: 85 | LR: 0.0001 | Loss 0.4411 | Val MaF1: 0.9235 (Best: 0.9162) | Test MaF1: 0.9249 (Best: 0.9268) | MiF1: 0.9258 (Best: 0.9279)
2024-04-22 21:39:17,390 - root - INFO - Epoch: 86 | LR: 0.0001 | Loss 0.4407 | Val MaF1: 0.9235 (Best: 0.9162) | Test MaF1: 0.9252 (Best: 0.9268) | MiF1: 0.9261 (Best: 0.9279)
2024-04-22 21:39:17,654 - root - INFO - Epoch: 87 | LR: 0.0001 | Loss 0.4409 | Val MaF1: 0.9235 (Best: 0.9162) | Test MaF1: 0.9256 (Best: 0.9268) | MiF1: 0.9265 (Best: 0.9279)
2024-04-22 21:39:17,917 - root - INFO - Epoch: 88 | LR: 0.0001 | Loss 0.4403 | Val MaF1: 0.9235 (Best: 0.9162) | Test MaF1: 0.9260 (Best: 0.9268) | MiF1: 0.9268 (Best: 0.9279)
2024-04-22 21:39:18,182 - root - INFO - Epoch: 89 | LR: 0.0000 | Loss 0.4402 | Val MaF1: 0.9235 (Best: 0.9162) | Test MaF1: 0.9260 (Best: 0.9268) | MiF1: 0.9268 (Best: 0.9279)
2024-04-22 21:39:18,446 - root - INFO - Epoch: 90 | LR: 0.0000 | Loss 0.4403 | Val MaF1: 0.9235 (Best: 0.9162) | Test MaF1: 0.9260 (Best: 0.9268) | MiF1: 0.9268 (Best: 0.9279)
2024-04-22 21:39:18,712 - root - INFO - Epoch: 91 | LR: 0.0000 | Loss 0.4403 | Val MaF1: 0.9235 (Best: 0.9162) | Test MaF1: 0.9260 (Best: 0.9268) | MiF1: 0.9268 (Best: 0.9279)
2024-04-22 21:39:18,975 - root - INFO - Epoch: 92 | LR: 0.0000 | Loss 0.4409 | Val MaF1: 0.9235 (Best: 0.9162) | Test MaF1: 0.9260 (Best: 0.9268) | MiF1: 0.9268 (Best: 0.9279)
2024-04-22 21:39:19,241 - root - INFO - Epoch: 93 | LR: 0.0000 | Loss 0.4402 | Val MaF1: 0.9235 (Best: 0.9162) | Test MaF1: 0.9260 (Best: 0.9268) | MiF1: 0.9268 (Best: 0.9279)
2024-04-22 21:39:19,506 - root - INFO - Epoch: 94 | LR: 0.0000 | Loss 0.4405 | Val MaF1: 0.9235 (Best: 0.9162) | Test MaF1: 0.9260 (Best: 0.9268) | MiF1: 0.9268 (Best: 0.9279)
2024-04-22 21:39:19,770 - root - INFO - Epoch: 95 | LR: 0.0000 | Loss 0.4401 | Val MaF1: 0.9235 (Best: 0.9162) | Test MaF1: 0.9260 (Best: 0.9268) | MiF1: 0.9268 (Best: 0.9279)
2024-04-22 21:39:20,035 - root - INFO - Epoch: 96 | LR: 0.0000 | Loss 0.4403 | Val MaF1: 0.9235 (Best: 0.9162) | Test MaF1: 0.9260 (Best: 0.9268) | MiF1: 0.9268 (Best: 0.9279)
2024-04-22 21:39:20,297 - root - INFO - Epoch: 97 | LR: 0.0000 | Loss 0.4402 | Val MaF1: 0.9235 (Best: 0.9162) | Test MaF1: 0.9260 (Best: 0.9268) | MiF1: 0.9268 (Best: 0.9279)
2024-04-22 21:39:20,561 - root - INFO - Epoch: 98 | LR: 0.0000 | Loss 0.4405 | Val MaF1: 0.9235 (Best: 0.9162) | Test MaF1: 0.9260 (Best: 0.9268) | MiF1: 0.9268 (Best: 0.9279)
2024-04-22 21:39:20,826 - root - INFO - Epoch: 99 | LR: 0.0000 | Loss 0.4404 | Val MaF1: 0.9235 (Best: 0.9162) | Test MaF1: 0.9260 (Best: 0.9268) | MiF1: 0.9268 (Best: 0.9279)
2024-04-22 21:39:21,094 - root - INFO - Epoch: 100 | LR: 0.0000 | Loss 0.4409 | Val MaF1: 0.9235 (Best: 0.9162) | Test MaF1: 0.9260 (Best: 0.9268) | MiF1: 0.9268 (Best: 0.9279)
2024-04-22 21:39:21,094 - root - INFO - Best Epoch: 66 | Train MiF1: 1.0000,  MaF1: 1.0000 | Val MiF1: 0.9152, MaF1: 0.9162 | Test MaF1: 0.9268, MiF1: 0.9279
2024-04-22 21:39:21,234 - root - INFO - ARI: 0.8233 | NMI: 0.7661
