2024-04-22 21:37:05,107 - root - INFO - {'prefix': 'SR-HGN', 'gpu': 0, 'feat': 1, 'seed': 0, 'verbose': 1, 'train_split': 0.2, 'val_split': 0.3, 'num_type_heads': 4, 'num_node_heads': 4, 'hidden_dim': 256, 'clip': 1.0, 'num_layers': 1, 'alpha': 0.5, 'epochs': 100, 'dataset': 'acm', 'input_dim': 256, 'aggregate': 'concat', 'iscuda': True, 'cluster': True, 'max_lr': 0.001, 'weight_decay': 1e-05, 'heads': 1, 'han_heads': [4], 'hh_heads': 3, 'dropout': 0.2}
2024-04-22 21:37:07,836 - root - INFO - Training SR-HGN with #param: 16537800
2024-04-22 21:37:09,631 - root - INFO - ARI: 0.0638 | NMI: 0.0716
2024-04-22 21:37:09,631 - root - INFO - Epoch: 1 | LR: 0.0000 | Loss 1.0890 | Val MaF1: 0.2204 (Best: 0.2204) | Test MaF1: 0.2210 (Best: 0.2210) | MiF1: 0.4957 (Best: 0.4957)
2024-04-22 21:37:10,076 - root - INFO - ARI: 0.1531 | NMI: 0.1643
2024-04-22 21:37:10,076 - root - INFO - Epoch: 2 | LR: 0.0001 | Loss 1.0715 | Val MaF1: 0.2204 (Best: 0.2204) | Test MaF1: 0.2210 (Best: 0.2210) | MiF1: 0.4957 (Best: 0.4957)
2024-04-22 21:37:10,518 - root - INFO - ARI: 0.2630 | NMI: 0.2804
2024-04-22 21:37:10,518 - root - INFO - Epoch: 3 | LR: 0.0001 | Loss 1.0557 | Val MaF1: 0.2204 (Best: 0.2204) | Test MaF1: 0.2210 (Best: 0.2210) | MiF1: 0.4957 (Best: 0.4957)
2024-04-22 21:37:10,938 - root - INFO - ARI: 0.3477 | NMI: 0.3725
2024-04-22 21:37:10,938 - root - INFO - Epoch: 4 | LR: 0.0001 | Loss 1.0400 | Val MaF1: 0.2204 (Best: 0.2204) | Test MaF1: 0.2210 (Best: 0.2210) | MiF1: 0.4957 (Best: 0.4957)
2024-04-22 21:37:11,365 - root - INFO - ARI: 0.4425 | NMI: 0.4574
2024-04-22 21:37:11,365 - root - INFO - Epoch: 5 | LR: 0.0001 | Loss 1.0258 | Val MaF1: 0.2204 (Best: 0.2204) | Test MaF1: 0.2210 (Best: 0.2210) | MiF1: 0.4957 (Best: 0.4957)
2024-04-22 21:37:11,791 - root - INFO - ARI: 0.5269 | NMI: 0.5289
2024-04-22 21:37:11,792 - root - INFO - Epoch: 6 | LR: 0.0001 | Loss 1.0149 | Val MaF1: 0.2204 (Best: 0.2204) | Test MaF1: 0.2210 (Best: 0.2210) | MiF1: 0.4957 (Best: 0.4957)
2024-04-22 21:37:12,256 - root - INFO - ARI: 0.6067 | NMI: 0.5894
2024-04-22 21:37:12,256 - root - INFO - Epoch: 7 | LR: 0.0002 | Loss 1.0015 | Val MaF1: 0.2204 (Best: 0.2204) | Test MaF1: 0.2210 (Best: 0.2210) | MiF1: 0.4957 (Best: 0.4957)
2024-04-22 21:37:12,674 - root - INFO - ARI: 0.6512 | NMI: 0.6262
2024-04-22 21:37:12,675 - root - INFO - Epoch: 8 | LR: 0.0002 | Loss 0.9882 | Val MaF1: 0.2204 (Best: 0.2204) | Test MaF1: 0.2210 (Best: 0.2210) | MiF1: 0.4957 (Best: 0.4957)
2024-04-22 21:37:13,083 - root - INFO - ARI: 0.6632 | NMI: 0.6394
2024-04-22 21:37:13,083 - root - INFO - Epoch: 9 | LR: 0.0003 | Loss 0.9695 | Val MaF1: 0.2204 (Best: 0.2204) | Test MaF1: 0.2210 (Best: 0.2210) | MiF1: 0.4957 (Best: 0.4957)
2024-04-22 21:37:13,498 - root - INFO - ARI: 0.6424 | NMI: 0.6344
2024-04-22 21:37:13,498 - root - INFO - Epoch: 10 | LR: 0.0003 | Loss 0.9376 | Val MaF1: 0.2204 (Best: 0.2204) | Test MaF1: 0.2210 (Best: 0.2210) | MiF1: 0.4957 (Best: 0.4957)
2024-04-22 21:37:13,923 - root - INFO - ARI: 0.5944 | NMI: 0.6076
2024-04-22 21:37:13,923 - root - INFO - Epoch: 11 | LR: 0.0003 | Loss 0.9054 | Val MaF1: 0.2204 (Best: 0.2204) | Test MaF1: 0.2220 (Best: 0.2220) | MiF1: 0.4961 (Best: 0.4961)
2024-04-22 21:37:14,344 - root - INFO - ARI: 0.5936 | NMI: 0.6143
2024-04-22 21:37:14,345 - root - INFO - Epoch: 12 | LR: 0.0004 | Loss 0.8865 | Val MaF1: 0.2341 (Best: 0.2341) | Test MaF1: 0.2372 (Best: 0.2372) | MiF1: 0.5014 (Best: 0.5014)
2024-04-22 21:37:14,756 - root - INFO - ARI: 0.6678 | NMI: 0.6546
2024-04-22 21:37:14,756 - root - INFO - Epoch: 13 | LR: 0.0004 | Loss 0.8575 | Val MaF1: 0.2613 (Best: 0.2613) | Test MaF1: 0.2574 (Best: 0.2574) | MiF1: 0.5089 (Best: 0.5089)
2024-04-22 21:37:15,176 - root - INFO - ARI: 0.7258 | NMI: 0.6860
2024-04-22 21:37:15,176 - root - INFO - Epoch: 14 | LR: 0.0005 | Loss 0.8227 | Val MaF1: 0.3172 (Best: 0.3172) | Test MaF1: 0.3163 (Best: 0.3163) | MiF1: 0.5323 (Best: 0.5323)
2024-04-22 21:37:15,590 - root - INFO - ARI: 0.7217 | NMI: 0.6766
2024-04-22 21:37:15,590 - root - INFO - Epoch: 15 | LR: 0.0005 | Loss 0.7978 | Val MaF1: 0.5114 (Best: 0.5114) | Test MaF1: 0.4979 (Best: 0.4979) | MiF1: 0.6225 (Best: 0.6225)
2024-04-22 21:37:16,001 - root - INFO - ARI: 0.7203 | NMI: 0.6749
2024-04-22 21:37:16,001 - root - INFO - Epoch: 16 | LR: 0.0006 | Loss 0.7754 | Val MaF1: 0.7884 (Best: 0.7884) | Test MaF1: 0.7992 (Best: 0.7992) | MiF1: 0.8175 (Best: 0.8175)
2024-04-22 21:37:16,418 - root - INFO - ARI: 0.7298 | NMI: 0.6892
2024-04-22 21:37:16,418 - root - INFO - Epoch: 17 | LR: 0.0006 | Loss 0.7391 | Val MaF1: 0.9127 (Best: 0.9127) | Test MaF1: 0.9086 (Best: 0.9086) | MiF1: 0.9077 (Best: 0.9077)
2024-04-22 21:37:16,662 - root - INFO - Epoch: 18 | LR: 0.0007 | Loss 0.6954 | Val MaF1: 0.9015 (Best: 0.9127) | Test MaF1: 0.9009 (Best: 0.9086) | MiF1: 0.8988 (Best: 0.9077)
2024-04-22 21:37:17,063 - root - INFO - ARI: 0.7444 | NMI: 0.6980
2024-04-22 21:37:17,064 - root - INFO - Epoch: 19 | LR: 0.0007 | Loss 0.7053 | Val MaF1: 0.9228 (Best: 0.9228) | Test MaF1: 0.9166 (Best: 0.9166) | MiF1: 0.9173 (Best: 0.9173)
2024-04-22 21:37:17,319 - root - INFO - Epoch: 20 | LR: 0.0008 | Loss 0.6566 | Val MaF1: 0.8981 (Best: 0.9228) | Test MaF1: 0.8980 (Best: 0.9166) | MiF1: 0.9013 (Best: 0.9173)
2024-04-22 21:37:17,553 - root - INFO - Epoch: 21 | LR: 0.0008 | Loss 0.6521 | Val MaF1: 0.9089 (Best: 0.9228) | Test MaF1: 0.9082 (Best: 0.9166) | MiF1: 0.9105 (Best: 0.9173)
2024-04-22 21:37:17,959 - root - INFO - ARI: 0.7634 | NMI: 0.7185
2024-04-22 21:37:17,959 - root - INFO - Epoch: 22 | LR: 0.0009 | Loss 0.6304 | Val MaF1: 0.9258 (Best: 0.9258) | Test MaF1: 0.9180 (Best: 0.9180) | MiF1: 0.9176 (Best: 0.9176)
2024-04-22 21:37:18,216 - root - INFO - Epoch: 23 | LR: 0.0009 | Loss 0.6096 | Val MaF1: 0.9086 (Best: 0.9258) | Test MaF1: 0.9110 (Best: 0.9180) | MiF1: 0.9091 (Best: 0.9176)
2024-04-22 21:37:18,448 - root - INFO - Epoch: 24 | LR: 0.0009 | Loss 0.6023 | Val MaF1: 0.9156 (Best: 0.9258) | Test MaF1: 0.9101 (Best: 0.9180) | MiF1: 0.9080 (Best: 0.9176)
2024-04-22 21:37:18,685 - root - INFO - Epoch: 25 | LR: 0.0010 | Loss 0.5939 | Val MaF1: 0.9187 (Best: 0.9258) | Test MaF1: 0.9161 (Best: 0.9180) | MiF1: 0.9151 (Best: 0.9176)
2024-04-22 21:37:19,074 - root - INFO - ARI: 0.7809 | NMI: 0.7302
2024-04-22 21:37:19,075 - root - INFO - Epoch: 26 | LR: 0.0010 | Loss 0.5828 | Val MaF1: 0.9314 (Best: 0.9314) | Test MaF1: 0.9195 (Best: 0.9195) | MiF1: 0.9187 (Best: 0.9187)
2024-04-22 21:37:19,329 - root - INFO - Epoch: 27 | LR: 0.0010 | Loss 0.5736 | Val MaF1: 0.9297 (Best: 0.9314) | Test MaF1: 0.9157 (Best: 0.9195) | MiF1: 0.9155 (Best: 0.9187)
2024-04-22 21:37:19,561 - root - INFO - Epoch: 28 | LR: 0.0010 | Loss 0.5675 | Val MaF1: 0.9297 (Best: 0.9314) | Test MaF1: 0.9194 (Best: 0.9195) | MiF1: 0.9190 (Best: 0.9187)
2024-04-22 21:37:19,954 - root - INFO - ARI: 0.7845 | NMI: 0.7327
2024-04-22 21:37:19,955 - root - INFO - Epoch: 29 | LR: 0.0010 | Loss 0.5598 | Val MaF1: 0.9244 (Best: 0.9244) | Test MaF1: 0.9195 (Best: 0.9195) | MiF1: 0.9190 (Best: 0.9190)
2024-04-22 21:37:20,217 - root - INFO - Epoch: 30 | LR: 0.0010 | Loss 0.5529 | Val MaF1: 0.9220 (Best: 0.9244) | Test MaF1: 0.9192 (Best: 0.9195) | MiF1: 0.9187 (Best: 0.9190)
2024-04-22 21:37:20,453 - root - INFO - Epoch: 31 | LR: 0.0010 | Loss 0.5457 | Val MaF1: 0.9199 (Best: 0.9244) | Test MaF1: 0.9172 (Best: 0.9195) | MiF1: 0.9165 (Best: 0.9190)
2024-04-22 21:37:20,695 - root - INFO - Epoch: 32 | LR: 0.0010 | Loss 0.5406 | Val MaF1: 0.9177 (Best: 0.9244) | Test MaF1: 0.9182 (Best: 0.9195) | MiF1: 0.9173 (Best: 0.9190)
2024-04-22 21:37:21,083 - root - INFO - ARI: 0.7843 | NMI: 0.7369
2024-04-22 21:37:21,083 - root - INFO - Epoch: 33 | LR: 0.0010 | Loss 0.5350 | Val MaF1: 0.9177 (Best: 0.9177) | Test MaF1: 0.9204 (Best: 0.9204) | MiF1: 0.9194 (Best: 0.9194)
2024-04-22 21:37:21,343 - root - INFO - Epoch: 34 | LR: 0.0010 | Loss 0.5286 | Val MaF1: 0.9195 (Best: 0.9177) | Test MaF1: 0.9193 (Best: 0.9204) | MiF1: 0.9187 (Best: 0.9194)
2024-04-22 21:37:21,576 - root - INFO - Epoch: 35 | LR: 0.0010 | Loss 0.5236 | Val MaF1: 0.9190 (Best: 0.9177) | Test MaF1: 0.9177 (Best: 0.9204) | MiF1: 0.9173 (Best: 0.9194)
2024-04-22 21:37:21,813 - root - INFO - Epoch: 36 | LR: 0.0010 | Loss 0.5190 | Val MaF1: 0.9193 (Best: 0.9177) | Test MaF1: 0.9183 (Best: 0.9204) | MiF1: 0.9183 (Best: 0.9194)
2024-04-22 21:37:22,049 - root - INFO - Epoch: 37 | LR: 0.0010 | Loss 0.5143 | Val MaF1: 0.9193 (Best: 0.9177) | Test MaF1: 0.9186 (Best: 0.9204) | MiF1: 0.9187 (Best: 0.9194)
2024-04-22 21:37:22,286 - root - INFO - Epoch: 38 | LR: 0.0010 | Loss 0.5107 | Val MaF1: 0.9193 (Best: 0.9177) | Test MaF1: 0.9195 (Best: 0.9204) | MiF1: 0.9194 (Best: 0.9194)
2024-04-22 21:37:22,678 - root - INFO - ARI: 0.7905 | NMI: 0.7378
2024-04-22 21:37:22,678 - root - INFO - Epoch: 39 | LR: 0.0010 | Loss 0.5054 | Val MaF1: 0.9148 (Best: 0.9148) | Test MaF1: 0.9213 (Best: 0.9213) | MiF1: 0.9212 (Best: 0.9212)
2024-04-22 21:37:23,091 - root - INFO - ARI: 0.7976 | NMI: 0.7443
2024-04-22 21:37:23,091 - root - INFO - Epoch: 40 | LR: 0.0009 | Loss 0.5004 | Val MaF1: 0.9122 (Best: 0.9122) | Test MaF1: 0.9225 (Best: 0.9225) | MiF1: 0.9226 (Best: 0.9226)
2024-04-22 21:37:23,502 - root - INFO - ARI: 0.8025 | NMI: 0.7478
2024-04-22 21:37:23,502 - root - INFO - Epoch: 41 | LR: 0.0009 | Loss 0.4974 | Val MaF1: 0.9142 (Best: 0.9142) | Test MaF1: 0.9232 (Best: 0.9232) | MiF1: 0.9233 (Best: 0.9233)
2024-04-22 21:37:23,757 - root - INFO - Epoch: 42 | LR: 0.0009 | Loss 0.4931 | Val MaF1: 0.9091 (Best: 0.9142) | Test MaF1: 0.9228 (Best: 0.9232) | MiF1: 0.9233 (Best: 0.9233)
2024-04-22 21:37:23,992 - root - INFO - Epoch: 43 | LR: 0.0009 | Loss 0.4900 | Val MaF1: 0.9088 (Best: 0.9142) | Test MaF1: 0.9218 (Best: 0.9232) | MiF1: 0.9226 (Best: 0.9233)
2024-04-22 21:37:24,383 - root - INFO - ARI: 0.8060 | NMI: 0.7504
2024-04-22 21:37:24,383 - root - INFO - Epoch: 44 | LR: 0.0009 | Loss 0.4877 | Val MaF1: 0.9119 (Best: 0.9119) | Test MaF1: 0.9238 (Best: 0.9238) | MiF1: 0.9240 (Best: 0.9240)
2024-04-22 21:37:24,636 - root - INFO - Epoch: 45 | LR: 0.0009 | Loss 0.4836 | Val MaF1: 0.9119 (Best: 0.9119) | Test MaF1: 0.9234 (Best: 0.9238) | MiF1: 0.9237 (Best: 0.9240)
2024-04-22 21:37:25,029 - root - INFO - ARI: 0.8038 | NMI: 0.7481
2024-04-22 21:37:25,029 - root - INFO - Epoch: 46 | LR: 0.0009 | Loss 0.4812 | Val MaF1: 0.9139 (Best: 0.9139) | Test MaF1: 0.9253 (Best: 0.9253) | MiF1: 0.9258 (Best: 0.9258)
2024-04-22 21:37:25,286 - root - INFO - Epoch: 47 | LR: 0.0008 | Loss 0.4771 | Val MaF1: 0.9139 (Best: 0.9139) | Test MaF1: 0.9240 (Best: 0.9253) | MiF1: 0.9247 (Best: 0.9258)
2024-04-22 21:37:25,521 - root - INFO - Epoch: 48 | LR: 0.0008 | Loss 0.4748 | Val MaF1: 0.9190 (Best: 0.9139) | Test MaF1: 0.9226 (Best: 0.9253) | MiF1: 0.9233 (Best: 0.9258)
2024-04-22 21:37:25,761 - root - INFO - Epoch: 49 | LR: 0.0008 | Loss 0.4721 | Val MaF1: 0.9190 (Best: 0.9139) | Test MaF1: 0.9206 (Best: 0.9253) | MiF1: 0.9205 (Best: 0.9258)
2024-04-22 21:37:25,996 - root - INFO - Epoch: 50 | LR: 0.0008 | Loss 0.4723 | Val MaF1: 0.9190 (Best: 0.9139) | Test MaF1: 0.9208 (Best: 0.9253) | MiF1: 0.9208 (Best: 0.9258)
2024-04-22 21:37:26,232 - root - INFO - Epoch: 51 | LR: 0.0008 | Loss 0.4694 | Val MaF1: 0.9164 (Best: 0.9139) | Test MaF1: 0.9241 (Best: 0.9253) | MiF1: 0.9244 (Best: 0.9258)
2024-04-22 21:37:26,466 - root - INFO - Epoch: 52 | LR: 0.0008 | Loss 0.4664 | Val MaF1: 0.9187 (Best: 0.9139) | Test MaF1: 0.9221 (Best: 0.9253) | MiF1: 0.9229 (Best: 0.9258)
2024-04-22 21:37:26,704 - root - INFO - Epoch: 53 | LR: 0.0007 | Loss 0.4642 | Val MaF1: 0.9111 (Best: 0.9139) | Test MaF1: 0.9212 (Best: 0.9253) | MiF1: 0.9222 (Best: 0.9258)
2024-04-22 21:37:27,098 - root - INFO - ARI: 0.8089 | NMI: 0.7532
2024-04-22 21:37:27,098 - root - INFO - Epoch: 54 | LR: 0.0007 | Loss 0.4631 | Val MaF1: 0.9162 (Best: 0.9162) | Test MaF1: 0.9257 (Best: 0.9257) | MiF1: 0.9265 (Best: 0.9265)
2024-04-22 21:37:27,355 - root - INFO - Epoch: 55 | LR: 0.0007 | Loss 0.4605 | Val MaF1: 0.9139 (Best: 0.9162) | Test MaF1: 0.9254 (Best: 0.9257) | MiF1: 0.9258 (Best: 0.9265)
2024-04-22 21:37:27,586 - root - INFO - Epoch: 56 | LR: 0.0007 | Loss 0.4593 | Val MaF1: 0.9133 (Best: 0.9162) | Test MaF1: 0.9231 (Best: 0.9257) | MiF1: 0.9229 (Best: 0.9265)
2024-04-22 21:37:27,821 - root - INFO - Epoch: 57 | LR: 0.0007 | Loss 0.4578 | Val MaF1: 0.9158 (Best: 0.9162) | Test MaF1: 0.9226 (Best: 0.9257) | MiF1: 0.9222 (Best: 0.9265)
2024-04-22 21:37:28,055 - root - INFO - Epoch: 58 | LR: 0.0006 | Loss 0.4568 | Val MaF1: 0.9133 (Best: 0.9162) | Test MaF1: 0.9232 (Best: 0.9257) | MiF1: 0.9229 (Best: 0.9265)
2024-04-22 21:37:28,290 - root - INFO - Epoch: 59 | LR: 0.0006 | Loss 0.4557 | Val MaF1: 0.9133 (Best: 0.9162) | Test MaF1: 0.9231 (Best: 0.9257) | MiF1: 0.9229 (Best: 0.9265)
2024-04-22 21:37:28,523 - root - INFO - Epoch: 60 | LR: 0.0006 | Loss 0.4546 | Val MaF1: 0.9108 (Best: 0.9162) | Test MaF1: 0.9238 (Best: 0.9257) | MiF1: 0.9240 (Best: 0.9265)
2024-04-22 21:37:28,761 - root - INFO - Epoch: 61 | LR: 0.0006 | Loss 0.4533 | Val MaF1: 0.9079 (Best: 0.9162) | Test MaF1: 0.9239 (Best: 0.9257) | MiF1: 0.9244 (Best: 0.9265)
2024-04-22 21:37:28,996 - root - INFO - Epoch: 62 | LR: 0.0005 | Loss 0.4520 | Val MaF1: 0.9111 (Best: 0.9162) | Test MaF1: 0.9248 (Best: 0.9257) | MiF1: 0.9254 (Best: 0.9265)
2024-04-22 21:37:29,233 - root - INFO - Epoch: 63 | LR: 0.0005 | Loss 0.4511 | Val MaF1: 0.9107 (Best: 0.9162) | Test MaF1: 0.9228 (Best: 0.9257) | MiF1: 0.9237 (Best: 0.9265)
2024-04-22 21:37:29,467 - root - INFO - Epoch: 64 | LR: 0.0005 | Loss 0.4507 | Val MaF1: 0.9085 (Best: 0.9162) | Test MaF1: 0.9229 (Best: 0.9257) | MiF1: 0.9237 (Best: 0.9265)
2024-04-22 21:37:29,705 - root - INFO - Epoch: 65 | LR: 0.0005 | Loss 0.4494 | Val MaF1: 0.9136 (Best: 0.9162) | Test MaF1: 0.9227 (Best: 0.9257) | MiF1: 0.9233 (Best: 0.9265)
2024-04-22 21:37:29,939 - root - INFO - Epoch: 66 | LR: 0.0005 | Loss 0.4482 | Val MaF1: 0.9136 (Best: 0.9162) | Test MaF1: 0.9240 (Best: 0.9257) | MiF1: 0.9247 (Best: 0.9265)
2024-04-22 21:37:30,175 - root - INFO - Epoch: 67 | LR: 0.0004 | Loss 0.4476 | Val MaF1: 0.9130 (Best: 0.9162) | Test MaF1: 0.9242 (Best: 0.9257) | MiF1: 0.9247 (Best: 0.9265)
2024-04-22 21:37:30,410 - root - INFO - Epoch: 68 | LR: 0.0004 | Loss 0.4469 | Val MaF1: 0.9105 (Best: 0.9162) | Test MaF1: 0.9239 (Best: 0.9257) | MiF1: 0.9244 (Best: 0.9265)
2024-04-22 21:37:30,646 - root - INFO - Epoch: 69 | LR: 0.0004 | Loss 0.4458 | Val MaF1: 0.9136 (Best: 0.9162) | Test MaF1: 0.9238 (Best: 0.9257) | MiF1: 0.9244 (Best: 0.9265)
2024-04-22 21:37:30,882 - root - INFO - Epoch: 70 | LR: 0.0004 | Loss 0.4454 | Val MaF1: 0.9105 (Best: 0.9162) | Test MaF1: 0.9247 (Best: 0.9257) | MiF1: 0.9251 (Best: 0.9265)
2024-04-22 21:37:31,119 - root - INFO - Epoch: 71 | LR: 0.0003 | Loss 0.4443 | Val MaF1: 0.9130 (Best: 0.9162) | Test MaF1: 0.9247 (Best: 0.9257) | MiF1: 0.9251 (Best: 0.9265)
2024-04-22 21:37:31,356 - root - INFO - Epoch: 72 | LR: 0.0003 | Loss 0.4438 | Val MaF1: 0.9130 (Best: 0.9162) | Test MaF1: 0.9248 (Best: 0.9257) | MiF1: 0.9251 (Best: 0.9265)
2024-04-22 21:37:31,590 - root - INFO - Epoch: 73 | LR: 0.0003 | Loss 0.4434 | Val MaF1: 0.9130 (Best: 0.9162) | Test MaF1: 0.9243 (Best: 0.9257) | MiF1: 0.9247 (Best: 0.9265)
2024-04-22 21:37:31,828 - root - INFO - Epoch: 74 | LR: 0.0003 | Loss 0.4426 | Val MaF1: 0.9156 (Best: 0.9162) | Test MaF1: 0.9243 (Best: 0.9257) | MiF1: 0.9247 (Best: 0.9265)
2024-04-22 21:37:32,062 - root - INFO - Epoch: 75 | LR: 0.0003 | Loss 0.4436 | Val MaF1: 0.9156 (Best: 0.9162) | Test MaF1: 0.9246 (Best: 0.9257) | MiF1: 0.9251 (Best: 0.9265)
2024-04-22 21:37:32,297 - root - INFO - Epoch: 76 | LR: 0.0002 | Loss 0.4425 | Val MaF1: 0.9156 (Best: 0.9162) | Test MaF1: 0.9249 (Best: 0.9257) | MiF1: 0.9254 (Best: 0.9265)
2024-04-22 21:37:32,532 - root - INFO - Epoch: 77 | LR: 0.0002 | Loss 0.4421 | Val MaF1: 0.9156 (Best: 0.9162) | Test MaF1: 0.9249 (Best: 0.9257) | MiF1: 0.9254 (Best: 0.9265)
2024-04-22 21:37:32,768 - root - INFO - Epoch: 78 | LR: 0.0002 | Loss 0.4418 | Val MaF1: 0.9156 (Best: 0.9162) | Test MaF1: 0.9249 (Best: 0.9257) | MiF1: 0.9254 (Best: 0.9265)
2024-04-22 21:37:33,004 - root - INFO - Epoch: 79 | LR: 0.0002 | Loss 0.4410 | Val MaF1: 0.9156 (Best: 0.9162) | Test MaF1: 0.9246 (Best: 0.9257) | MiF1: 0.9251 (Best: 0.9265)
2024-04-22 21:37:33,240 - root - INFO - Epoch: 80 | LR: 0.0002 | Loss 0.4415 | Val MaF1: 0.9156 (Best: 0.9162) | Test MaF1: 0.9249 (Best: 0.9257) | MiF1: 0.9254 (Best: 0.9265)
2024-04-22 21:37:33,475 - root - INFO - Epoch: 81 | LR: 0.0002 | Loss 0.4411 | Val MaF1: 0.9156 (Best: 0.9162) | Test MaF1: 0.9246 (Best: 0.9257) | MiF1: 0.9251 (Best: 0.9265)
2024-04-22 21:37:33,711 - root - INFO - Epoch: 82 | LR: 0.0001 | Loss 0.4404 | Val MaF1: 0.9156 (Best: 0.9162) | Test MaF1: 0.9254 (Best: 0.9257) | MiF1: 0.9258 (Best: 0.9265)
2024-04-22 21:37:34,105 - root - INFO - ARI: 0.8193 | NMI: 0.7665
2024-04-22 21:37:34,105 - root - INFO - Epoch: 83 | LR: 0.0001 | Loss 0.4402 | Val MaF1: 0.9156 (Best: 0.9156) | Test MaF1: 0.9257 (Best: 0.9257) | MiF1: 0.9261 (Best: 0.9261)
2024-04-22 21:37:34,529 - root - INFO - ARI: 0.8186 | NMI: 0.7659
2024-04-22 21:37:34,530 - root - INFO - Epoch: 84 | LR: 0.0001 | Loss 0.4398 | Val MaF1: 0.9190 (Best: 0.9190) | Test MaF1: 0.9265 (Best: 0.9265) | MiF1: 0.9268 (Best: 0.9268)
2024-04-22 21:37:34,946 - root - INFO - ARI: 0.8186 | NMI: 0.7659
2024-04-22 21:37:34,946 - root - INFO - Epoch: 85 | LR: 0.0001 | Loss 0.4399 | Val MaF1: 0.9190 (Best: 0.9190) | Test MaF1: 0.9265 (Best: 0.9265) | MiF1: 0.9268 (Best: 0.9268)
2024-04-22 21:37:35,360 - root - INFO - ARI: 0.8179 | NMI: 0.7653
2024-04-22 21:37:35,360 - root - INFO - Epoch: 86 | LR: 0.0001 | Loss 0.4402 | Val MaF1: 0.9190 (Best: 0.9190) | Test MaF1: 0.9266 (Best: 0.9266) | MiF1: 0.9268 (Best: 0.9268)
2024-04-22 21:37:35,777 - root - INFO - ARI: 0.8179 | NMI: 0.7653
2024-04-22 21:37:35,777 - root - INFO - Epoch: 87 | LR: 0.0001 | Loss 0.4397 | Val MaF1: 0.9190 (Best: 0.9190) | Test MaF1: 0.9274 (Best: 0.9274) | MiF1: 0.9276 (Best: 0.9276)
2024-04-22 21:37:36,028 - root - INFO - Epoch: 88 | LR: 0.0001 | Loss 0.4393 | Val MaF1: 0.9190 (Best: 0.9190) | Test MaF1: 0.9271 (Best: 0.9274) | MiF1: 0.9272 (Best: 0.9276)
2024-04-22 21:37:36,265 - root - INFO - Epoch: 89 | LR: 0.0000 | Loss 0.4394 | Val MaF1: 0.9190 (Best: 0.9190) | Test MaF1: 0.9271 (Best: 0.9274) | MiF1: 0.9272 (Best: 0.9276)
2024-04-22 21:37:36,501 - root - INFO - Epoch: 90 | LR: 0.0000 | Loss 0.4392 | Val MaF1: 0.9190 (Best: 0.9190) | Test MaF1: 0.9271 (Best: 0.9274) | MiF1: 0.9272 (Best: 0.9276)
2024-04-22 21:37:36,741 - root - INFO - Epoch: 91 | LR: 0.0000 | Loss 0.4388 | Val MaF1: 0.9165 (Best: 0.9190) | Test MaF1: 0.9271 (Best: 0.9274) | MiF1: 0.9272 (Best: 0.9276)
2024-04-22 21:37:37,133 - root - INFO - ARI: 0.8193 | NMI: 0.7672
2024-04-22 21:37:37,134 - root - INFO - Epoch: 92 | LR: 0.0000 | Loss 0.4392 | Val MaF1: 0.9165 (Best: 0.9165) | Test MaF1: 0.9274 (Best: 0.9274) | MiF1: 0.9276 (Best: 0.9276)
2024-04-22 21:37:37,545 - root - INFO - ARI: 0.8193 | NMI: 0.7672
2024-04-22 21:37:37,545 - root - INFO - Epoch: 93 | LR: 0.0000 | Loss 0.4395 | Val MaF1: 0.9165 (Best: 0.9165) | Test MaF1: 0.9274 (Best: 0.9274) | MiF1: 0.9276 (Best: 0.9276)
2024-04-22 21:37:37,957 - root - INFO - ARI: 0.8193 | NMI: 0.7672
2024-04-22 21:37:37,958 - root - INFO - Epoch: 94 | LR: 0.0000 | Loss 0.4391 | Val MaF1: 0.9165 (Best: 0.9165) | Test MaF1: 0.9274 (Best: 0.9274) | MiF1: 0.9276 (Best: 0.9276)
2024-04-22 21:37:38,384 - root - INFO - ARI: 0.8193 | NMI: 0.7672
2024-04-22 21:37:38,385 - root - INFO - Epoch: 95 | LR: 0.0000 | Loss 0.4392 | Val MaF1: 0.9165 (Best: 0.9165) | Test MaF1: 0.9274 (Best: 0.9274) | MiF1: 0.9276 (Best: 0.9276)
2024-04-22 21:37:38,801 - root - INFO - ARI: 0.8193 | NMI: 0.7672
2024-04-22 21:37:38,802 - root - INFO - Epoch: 96 | LR: 0.0000 | Loss 0.4394 | Val MaF1: 0.9165 (Best: 0.9165) | Test MaF1: 0.9274 (Best: 0.9274) | MiF1: 0.9276 (Best: 0.9276)
2024-04-22 21:37:39,210 - root - INFO - ARI: 0.8193 | NMI: 0.7672
2024-04-22 21:37:39,211 - root - INFO - Epoch: 97 | LR: 0.0000 | Loss 0.4390 | Val MaF1: 0.9165 (Best: 0.9165) | Test MaF1: 0.9274 (Best: 0.9274) | MiF1: 0.9276 (Best: 0.9276)
2024-04-22 21:37:39,616 - root - INFO - ARI: 0.8193 | NMI: 0.7672
2024-04-22 21:37:39,616 - root - INFO - Epoch: 98 | LR: 0.0000 | Loss 0.4391 | Val MaF1: 0.9165 (Best: 0.9165) | Test MaF1: 0.9274 (Best: 0.9274) | MiF1: 0.9276 (Best: 0.9276)
2024-04-22 21:37:40,035 - root - INFO - ARI: 0.8193 | NMI: 0.7672
2024-04-22 21:37:40,035 - root - INFO - Epoch: 99 | LR: 0.0000 | Loss 0.4391 | Val MaF1: 0.9165 (Best: 0.9165) | Test MaF1: 0.9274 (Best: 0.9274) | MiF1: 0.9276 (Best: 0.9276)
2024-04-22 21:37:40,445 - root - INFO - ARI: 0.8193 | NMI: 0.7672
2024-04-22 21:37:40,446 - root - INFO - Epoch: 100 | LR: 0.0000 | Loss 0.4390 | Val MaF1: 0.9165 (Best: 0.9165) | Test MaF1: 0.9274 (Best: 0.9274) | MiF1: 0.9276 (Best: 0.9276)
2024-04-22 21:37:40,446 - root - INFO - Best Epoch: 100 | Train MiF1: 1.0000,  MaF1: 1.0000 | Val MiF1: 0.9152, MaF1: 0.9165 | Test MaF1: 0.9274, MiF1: 0.9276
2024-04-22 21:37:40,581 - root - INFO - ARI: 0.8193 | NMI: 0.7672
