2024-04-18 17:01:47,357 - root - INFO - {'prefix': 'SR-HGN', 'gpu': 0, 'feat': 1, 'seed': 0, 'verbose': 1, 'train_split': 0.2, 'val_split': 0.3, 'num_type_heads': 4, 'num_node_heads': 4, 'hidden_dim': 16, 'clip': 1.0, 'num_layers': 3, 'alpha': 0.5, 'epochs': 100, 'dataset': 'imdb', 'input_dim': 256, 'aggregate': 'concat', 'iscuda': True, 'cluster': True, 'max_lr': 0.001, 'weight_decay': 1e-05, 'heads': 8, 'han_heads': [4], 'hh_heads': 3, 'dropout': 0.2}
2024-04-18 17:01:49,790 - root - INFO - Training SR-HGN with #param: 2475411
2024-04-18 17:01:51,801 - root - INFO - ARI: 0.0018 | NMI: 0.0019
2024-04-18 17:01:51,802 - root - INFO - Epoch: 1 | LR: 0.0000 | Loss 1.1106 | Val MaF1: 0.1402 (Best: 0.1402) | Test MaF1: 0.1397 (Best: 0.1397) | MiF1: 0.2652 (Best: 0.2652)
2024-04-18 17:01:52,382 - root - INFO - Epoch: 2 | LR: 0.0001 | Loss 1.1056 | Val MaF1: 0.1402 (Best: 0.1402) | Test MaF1: 0.1397 (Best: 0.1397) | MiF1: 0.2652 (Best: 0.2652)
2024-04-18 17:01:52,914 - root - INFO - Epoch: 3 | LR: 0.0001 | Loss 1.1040 | Val MaF1: 0.1402 (Best: 0.1402) | Test MaF1: 0.1397 (Best: 0.1397) | MiF1: 0.2652 (Best: 0.2652)
2024-04-18 17:01:53,431 - root - INFO - Epoch: 4 | LR: 0.0001 | Loss 1.1046 | Val MaF1: 0.1402 (Best: 0.1402) | Test MaF1: 0.1397 (Best: 0.1397) | MiF1: 0.2652 (Best: 0.2652)
2024-04-18 17:01:53,960 - root - INFO - Epoch: 5 | LR: 0.0001 | Loss 1.1080 | Val MaF1: 0.1402 (Best: 0.1402) | Test MaF1: 0.1397 (Best: 0.1397) | MiF1: 0.2652 (Best: 0.2652)
2024-04-18 17:01:54,969 - root - INFO - ARI: 0.0018 | NMI: 0.0021
2024-04-18 17:01:54,969 - root - INFO - Epoch: 6 | LR: 0.0001 | Loss 1.1038 | Val MaF1: 0.1402 (Best: 0.1402) | Test MaF1: 0.1404 (Best: 0.1404) | MiF1: 0.2655 (Best: 0.2655)
2024-04-18 17:01:56,086 - root - INFO - ARI: 0.0022 | NMI: 0.0025
2024-04-18 17:01:56,086 - root - INFO - Epoch: 7 | LR: 0.0002 | Loss 1.1049 | Val MaF1: 0.1449 (Best: 0.1449) | Test MaF1: 0.1423 (Best: 0.1423) | MiF1: 0.2665 (Best: 0.2665)
2024-04-18 17:01:57,199 - root - INFO - ARI: 0.0026 | NMI: 0.0031
2024-04-18 17:01:57,199 - root - INFO - Epoch: 8 | LR: 0.0002 | Loss 1.1009 | Val MaF1: 0.1537 (Best: 0.1537) | Test MaF1: 0.1455 (Best: 0.1455) | MiF1: 0.2679 (Best: 0.2679)
2024-04-18 17:01:58,334 - root - INFO - ARI: 0.0035 | NMI: 0.0039
2024-04-18 17:01:58,334 - root - INFO - Epoch: 9 | LR: 0.0003 | Loss 1.0963 | Val MaF1: 0.1751 (Best: 0.1751) | Test MaF1: 0.1707 (Best: 0.1707) | MiF1: 0.2789 (Best: 0.2789)
2024-04-18 17:01:59,351 - root - INFO - ARI: 0.0039 | NMI: 0.0045
2024-04-18 17:01:59,351 - root - INFO - Epoch: 10 | LR: 0.0003 | Loss 1.0936 | Val MaF1: 0.3070 (Best: 0.3070) | Test MaF1: 0.3135 (Best: 0.3135) | MiF1: 0.3577 (Best: 0.3577)
2024-04-18 17:02:00,433 - root - INFO - ARI: 0.0071 | NMI: 0.0077
2024-04-18 17:02:00,433 - root - INFO - Epoch: 11 | LR: 0.0003 | Loss 1.0934 | Val MaF1: 0.5161 (Best: 0.5161) | Test MaF1: 0.4854 (Best: 0.4854) | MiF1: 0.4853 (Best: 0.4853)
2024-04-18 17:02:01,565 - root - INFO - ARI: 0.0086 | NMI: 0.0100
2024-04-18 17:02:01,565 - root - INFO - Epoch: 12 | LR: 0.0004 | Loss 1.0887 | Val MaF1: 0.4914 (Best: 0.4914) | Test MaF1: 0.5093 (Best: 0.5093) | MiF1: 0.5291 (Best: 0.5291)
2024-04-18 17:02:02,154 - root - INFO - Epoch: 13 | LR: 0.0004 | Loss 1.0881 | Val MaF1: 0.4043 (Best: 0.4914) | Test MaF1: 0.4179 (Best: 0.5093) | MiF1: 0.4980 (Best: 0.5291)
2024-04-18 17:02:02,680 - root - INFO - Epoch: 14 | LR: 0.0005 | Loss 1.0782 | Val MaF1: 0.3769 (Best: 0.4914) | Test MaF1: 0.3894 (Best: 0.5093) | MiF1: 0.4910 (Best: 0.5291)
2024-04-18 17:02:03,205 - root - INFO - Epoch: 15 | LR: 0.0005 | Loss 1.0746 | Val MaF1: 0.3667 (Best: 0.4914) | Test MaF1: 0.3757 (Best: 0.5093) | MiF1: 0.4886 (Best: 0.5291)
2024-04-18 17:02:03,727 - root - INFO - Epoch: 16 | LR: 0.0006 | Loss 1.0684 | Val MaF1: 0.3734 (Best: 0.4914) | Test MaF1: 0.3709 (Best: 0.5093) | MiF1: 0.4873 (Best: 0.5291)
2024-04-18 17:02:04,251 - root - INFO - Epoch: 17 | LR: 0.0006 | Loss 1.0655 | Val MaF1: 0.3666 (Best: 0.4914) | Test MaF1: 0.3634 (Best: 0.5093) | MiF1: 0.4820 (Best: 0.5291)
2024-04-18 17:02:04,775 - root - INFO - Epoch: 18 | LR: 0.0007 | Loss 1.0559 | Val MaF1: 0.3678 (Best: 0.4914) | Test MaF1: 0.3600 (Best: 0.5093) | MiF1: 0.4793 (Best: 0.5291)
2024-04-18 17:02:05,300 - root - INFO - Epoch: 19 | LR: 0.0007 | Loss 1.0468 | Val MaF1: 0.3649 (Best: 0.4914) | Test MaF1: 0.3568 (Best: 0.5093) | MiF1: 0.4770 (Best: 0.5291)
2024-04-18 17:02:05,823 - root - INFO - Epoch: 20 | LR: 0.0008 | Loss 1.0369 | Val MaF1: 0.3672 (Best: 0.4914) | Test MaF1: 0.3555 (Best: 0.5093) | MiF1: 0.4770 (Best: 0.5291)
2024-04-18 17:02:06,356 - root - INFO - Epoch: 21 | LR: 0.0008 | Loss 1.0341 | Val MaF1: 0.3678 (Best: 0.4914) | Test MaF1: 0.3593 (Best: 0.5093) | MiF1: 0.4803 (Best: 0.5291)
2024-04-18 17:02:06,951 - root - INFO - Epoch: 22 | LR: 0.0009 | Loss 1.0233 | Val MaF1: 0.3700 (Best: 0.4914) | Test MaF1: 0.3624 (Best: 0.5093) | MiF1: 0.4833 (Best: 0.5291)
2024-04-18 17:02:07,479 - root - INFO - Epoch: 23 | LR: 0.0009 | Loss 1.0135 | Val MaF1: 0.3753 (Best: 0.4914) | Test MaF1: 0.3668 (Best: 0.5093) | MiF1: 0.4866 (Best: 0.5291)
2024-04-18 17:02:08,000 - root - INFO - Epoch: 24 | LR: 0.0009 | Loss 0.9995 | Val MaF1: 0.3735 (Best: 0.4914) | Test MaF1: 0.3793 (Best: 0.5093) | MiF1: 0.4943 (Best: 0.5291)
2024-04-18 17:02:08,523 - root - INFO - Epoch: 25 | LR: 0.0010 | Loss 0.9879 | Val MaF1: 0.3800 (Best: 0.4914) | Test MaF1: 0.3955 (Best: 0.5093) | MiF1: 0.5040 (Best: 0.5291)
2024-04-18 17:02:09,051 - root - INFO - Epoch: 26 | LR: 0.0010 | Loss 0.9690 | Val MaF1: 0.3958 (Best: 0.4914) | Test MaF1: 0.4169 (Best: 0.5093) | MiF1: 0.5160 (Best: 0.5291)
2024-04-18 17:02:09,574 - root - INFO - Epoch: 27 | LR: 0.0010 | Loss 0.9513 | Val MaF1: 0.4526 (Best: 0.4914) | Test MaF1: 0.4483 (Best: 0.5093) | MiF1: 0.5287 (Best: 0.5291)
2024-04-18 17:02:10,093 - root - INFO - Epoch: 28 | LR: 0.0010 | Loss 0.9263 | Val MaF1: 0.5049 (Best: 0.4914) | Test MaF1: 0.4907 (Best: 0.5093) | MiF1: 0.5488 (Best: 0.5291)
2024-04-18 17:02:11,118 - root - INFO - ARI: 0.1385 | NMI: 0.1698
2024-04-18 17:02:11,118 - root - INFO - Epoch: 29 | LR: 0.0010 | Loss 0.9029 | Val MaF1: 0.5787 (Best: 0.5787) | Test MaF1: 0.5451 (Best: 0.5451) | MiF1: 0.5755 (Best: 0.5755)
2024-04-18 17:02:12,398 - root - INFO - ARI: 0.1385 | NMI: 0.1697
2024-04-18 17:02:12,398 - root - INFO - Epoch: 30 | LR: 0.0010 | Loss 0.8789 | Val MaF1: 0.6251 (Best: 0.6251) | Test MaF1: 0.5940 (Best: 0.5940) | MiF1: 0.6039 (Best: 0.6039)
2024-04-18 17:02:13,371 - root - INFO - ARI: 0.1739 | NMI: 0.1820
2024-04-18 17:02:13,371 - root - INFO - Epoch: 31 | LR: 0.0010 | Loss 0.8526 | Val MaF1: 0.6604 (Best: 0.6604) | Test MaF1: 0.6222 (Best: 0.6222) | MiF1: 0.6232 (Best: 0.6232)
2024-04-18 17:02:14,395 - root - INFO - ARI: 0.2243 | NMI: 0.2149
2024-04-18 17:02:14,396 - root - INFO - Epoch: 32 | LR: 0.0010 | Loss 0.8272 | Val MaF1: 0.6542 (Best: 0.6542) | Test MaF1: 0.6257 (Best: 0.6257) | MiF1: 0.6249 (Best: 0.6249)
2024-04-18 17:02:15,411 - root - INFO - ARI: 0.2262 | NMI: 0.2182
2024-04-18 17:02:15,411 - root - INFO - Epoch: 33 | LR: 0.0010 | Loss 0.8003 | Val MaF1: 0.6543 (Best: 0.6543) | Test MaF1: 0.6278 (Best: 0.6278) | MiF1: 0.6266 (Best: 0.6266)
2024-04-18 17:02:16,643 - root - INFO - ARI: 0.2235 | NMI: 0.2170
2024-04-18 17:02:16,643 - root - INFO - Epoch: 34 | LR: 0.0010 | Loss 0.7714 | Val MaF1: 0.6571 (Best: 0.6571) | Test MaF1: 0.6322 (Best: 0.6322) | MiF1: 0.6306 (Best: 0.6306)
2024-04-18 17:02:17,358 - root - INFO - Epoch: 35 | LR: 0.0010 | Loss 0.7438 | Val MaF1: 0.6494 (Best: 0.6571) | Test MaF1: 0.6321 (Best: 0.6322) | MiF1: 0.6309 (Best: 0.6306)
2024-04-18 17:02:17,920 - root - INFO - Epoch: 36 | LR: 0.0010 | Loss 0.7158 | Val MaF1: 0.6565 (Best: 0.6571) | Test MaF1: 0.6316 (Best: 0.6322) | MiF1: 0.6306 (Best: 0.6306)
2024-04-18 17:02:18,864 - root - INFO - ARI: 0.2077 | NMI: 0.2123
2024-04-18 17:02:18,864 - root - INFO - Epoch: 37 | LR: 0.0010 | Loss 0.6907 | Val MaF1: 0.6646 (Best: 0.6646) | Test MaF1: 0.6341 (Best: 0.6341) | MiF1: 0.6329 (Best: 0.6329)
2024-04-18 17:02:19,893 - root - INFO - ARI: 0.2082 | NMI: 0.2114
2024-04-18 17:02:19,893 - root - INFO - Epoch: 38 | LR: 0.0010 | Loss 0.6681 | Val MaF1: 0.6643 (Best: 0.6643) | Test MaF1: 0.6391 (Best: 0.6391) | MiF1: 0.6379 (Best: 0.6379)
2024-04-18 17:02:20,898 - root - INFO - ARI: 0.2104 | NMI: 0.2122
2024-04-18 17:02:20,898 - root - INFO - Epoch: 39 | LR: 0.0010 | Loss 0.6424 | Val MaF1: 0.6646 (Best: 0.6646) | Test MaF1: 0.6394 (Best: 0.6394) | MiF1: 0.6386 (Best: 0.6386)
2024-04-18 17:02:21,470 - root - INFO - Epoch: 40 | LR: 0.0009 | Loss 0.6212 | Val MaF1: 0.6647 (Best: 0.6646) | Test MaF1: 0.6363 (Best: 0.6394) | MiF1: 0.6356 (Best: 0.6386)
2024-04-18 17:02:21,994 - root - INFO - Epoch: 41 | LR: 0.0009 | Loss 0.6008 | Val MaF1: 0.6653 (Best: 0.6646) | Test MaF1: 0.6345 (Best: 0.6394) | MiF1: 0.6343 (Best: 0.6386)
2024-04-18 17:02:22,520 - root - INFO - Epoch: 42 | LR: 0.0009 | Loss 0.5827 | Val MaF1: 0.6679 (Best: 0.6646) | Test MaF1: 0.6347 (Best: 0.6394) | MiF1: 0.6343 (Best: 0.6386)
2024-04-18 17:02:23,088 - root - INFO - Epoch: 43 | LR: 0.0009 | Loss 0.5668 | Val MaF1: 0.6699 (Best: 0.6646) | Test MaF1: 0.6334 (Best: 0.6394) | MiF1: 0.6329 (Best: 0.6386)
2024-04-18 17:02:23,614 - root - INFO - Epoch: 44 | LR: 0.0009 | Loss 0.5506 | Val MaF1: 0.6741 (Best: 0.6646) | Test MaF1: 0.6326 (Best: 0.6394) | MiF1: 0.6319 (Best: 0.6386)
2024-04-18 17:02:24,134 - root - INFO - Epoch: 45 | LR: 0.0009 | Loss 0.5369 | Val MaF1: 0.6741 (Best: 0.6646) | Test MaF1: 0.6298 (Best: 0.6394) | MiF1: 0.6293 (Best: 0.6386)
2024-04-18 17:02:24,657 - root - INFO - Epoch: 46 | LR: 0.0009 | Loss 0.5267 | Val MaF1: 0.6722 (Best: 0.6646) | Test MaF1: 0.6325 (Best: 0.6394) | MiF1: 0.6319 (Best: 0.6386)
2024-04-18 17:02:25,180 - root - INFO - Epoch: 47 | LR: 0.0008 | Loss 0.5102 | Val MaF1: 0.6698 (Best: 0.6646) | Test MaF1: 0.6306 (Best: 0.6394) | MiF1: 0.6299 (Best: 0.6386)
2024-04-18 17:02:25,700 - root - INFO - Epoch: 48 | LR: 0.0008 | Loss 0.5024 | Val MaF1: 0.6669 (Best: 0.6646) | Test MaF1: 0.6289 (Best: 0.6394) | MiF1: 0.6283 (Best: 0.6386)
2024-04-18 17:02:26,221 - root - INFO - Epoch: 49 | LR: 0.0008 | Loss 0.4919 | Val MaF1: 0.6669 (Best: 0.6646) | Test MaF1: 0.6274 (Best: 0.6394) | MiF1: 0.6269 (Best: 0.6386)
2024-04-18 17:02:26,741 - root - INFO - Epoch: 50 | LR: 0.0008 | Loss 0.4843 | Val MaF1: 0.6666 (Best: 0.6646) | Test MaF1: 0.6294 (Best: 0.6394) | MiF1: 0.6286 (Best: 0.6386)
2024-04-18 17:02:27,394 - root - INFO - Epoch: 51 | LR: 0.0008 | Loss 0.4771 | Val MaF1: 0.6669 (Best: 0.6646) | Test MaF1: 0.6289 (Best: 0.6394) | MiF1: 0.6279 (Best: 0.6386)
2024-04-18 17:02:27,921 - root - INFO - Epoch: 52 | LR: 0.0008 | Loss 0.4673 | Val MaF1: 0.6697 (Best: 0.6646) | Test MaF1: 0.6331 (Best: 0.6394) | MiF1: 0.6323 (Best: 0.6386)
2024-04-18 17:02:28,435 - root - INFO - Epoch: 53 | LR: 0.0007 | Loss 0.4619 | Val MaF1: 0.6673 (Best: 0.6646) | Test MaF1: 0.6342 (Best: 0.6394) | MiF1: 0.6333 (Best: 0.6386)
2024-04-18 17:02:28,946 - root - INFO - Epoch: 54 | LR: 0.0007 | Loss 0.4550 | Val MaF1: 0.6607 (Best: 0.6646) | Test MaF1: 0.6338 (Best: 0.6394) | MiF1: 0.6329 (Best: 0.6386)
2024-04-18 17:02:29,499 - root - INFO - Epoch: 55 | LR: 0.0007 | Loss 0.4497 | Val MaF1: 0.6587 (Best: 0.6646) | Test MaF1: 0.6343 (Best: 0.6394) | MiF1: 0.6336 (Best: 0.6386)
2024-04-18 17:02:30,020 - root - INFO - Epoch: 56 | LR: 0.0007 | Loss 0.4472 | Val MaF1: 0.6535 (Best: 0.6646) | Test MaF1: 0.6334 (Best: 0.6394) | MiF1: 0.6329 (Best: 0.6386)
2024-04-18 17:02:30,541 - root - INFO - Epoch: 57 | LR: 0.0007 | Loss 0.4424 | Val MaF1: 0.6541 (Best: 0.6646) | Test MaF1: 0.6332 (Best: 0.6394) | MiF1: 0.6326 (Best: 0.6386)
2024-04-18 17:02:31,062 - root - INFO - Epoch: 58 | LR: 0.0006 | Loss 0.4366 | Val MaF1: 0.6561 (Best: 0.6646) | Test MaF1: 0.6332 (Best: 0.6394) | MiF1: 0.6326 (Best: 0.6386)
2024-04-18 17:02:31,584 - root - INFO - Epoch: 59 | LR: 0.0006 | Loss 0.4342 | Val MaF1: 0.6561 (Best: 0.6646) | Test MaF1: 0.6329 (Best: 0.6394) | MiF1: 0.6323 (Best: 0.6386)
2024-04-18 17:02:32,109 - root - INFO - Epoch: 60 | LR: 0.0006 | Loss 0.4316 | Val MaF1: 0.6560 (Best: 0.6646) | Test MaF1: 0.6325 (Best: 0.6394) | MiF1: 0.6319 (Best: 0.6386)
2024-04-18 17:02:32,633 - root - INFO - Epoch: 61 | LR: 0.0006 | Loss 0.4280 | Val MaF1: 0.6539 (Best: 0.6646) | Test MaF1: 0.6323 (Best: 0.6394) | MiF1: 0.6316 (Best: 0.6386)
2024-04-18 17:02:33,154 - root - INFO - Epoch: 62 | LR: 0.0005 | Loss 0.4249 | Val MaF1: 0.6588 (Best: 0.6646) | Test MaF1: 0.6309 (Best: 0.6394) | MiF1: 0.6303 (Best: 0.6386)
2024-04-18 17:02:33,684 - root - INFO - Epoch: 63 | LR: 0.0005 | Loss 0.4228 | Val MaF1: 0.6563 (Best: 0.6646) | Test MaF1: 0.6309 (Best: 0.6394) | MiF1: 0.6303 (Best: 0.6386)
2024-04-18 17:02:34,210 - root - INFO - Epoch: 64 | LR: 0.0005 | Loss 0.4200 | Val MaF1: 0.6563 (Best: 0.6646) | Test MaF1: 0.6308 (Best: 0.6394) | MiF1: 0.6303 (Best: 0.6386)
2024-04-18 17:02:34,736 - root - INFO - Epoch: 65 | LR: 0.0005 | Loss 0.4186 | Val MaF1: 0.6513 (Best: 0.6646) | Test MaF1: 0.6307 (Best: 0.6394) | MiF1: 0.6303 (Best: 0.6386)
2024-04-18 17:02:35,261 - root - INFO - Epoch: 66 | LR: 0.0005 | Loss 0.4158 | Val MaF1: 0.6490 (Best: 0.6646) | Test MaF1: 0.6312 (Best: 0.6394) | MiF1: 0.6306 (Best: 0.6386)
2024-04-18 17:02:35,827 - root - INFO - Epoch: 67 | LR: 0.0004 | Loss 0.4143 | Val MaF1: 0.6470 (Best: 0.6646) | Test MaF1: 0.6308 (Best: 0.6394) | MiF1: 0.6303 (Best: 0.6386)
2024-04-18 17:02:36,464 - root - INFO - Epoch: 68 | LR: 0.0004 | Loss 0.4114 | Val MaF1: 0.6492 (Best: 0.6646) | Test MaF1: 0.6299 (Best: 0.6394) | MiF1: 0.6293 (Best: 0.6386)
2024-04-18 17:02:36,980 - root - INFO - Epoch: 69 | LR: 0.0004 | Loss 0.4111 | Val MaF1: 0.6471 (Best: 0.6646) | Test MaF1: 0.6294 (Best: 0.6394) | MiF1: 0.6286 (Best: 0.6386)
2024-04-18 17:02:37,495 - root - INFO - Epoch: 70 | LR: 0.0004 | Loss 0.4110 | Val MaF1: 0.6447 (Best: 0.6646) | Test MaF1: 0.6299 (Best: 0.6394) | MiF1: 0.6289 (Best: 0.6386)
2024-04-18 17:02:38,008 - root - INFO - Epoch: 71 | LR: 0.0003 | Loss 0.4105 | Val MaF1: 0.6444 (Best: 0.6646) | Test MaF1: 0.6299 (Best: 0.6394) | MiF1: 0.6289 (Best: 0.6386)
2024-04-18 17:02:38,528 - root - INFO - Epoch: 72 | LR: 0.0003 | Loss 0.4081 | Val MaF1: 0.6420 (Best: 0.6646) | Test MaF1: 0.6295 (Best: 0.6394) | MiF1: 0.6286 (Best: 0.6386)
2024-04-18 17:02:39,052 - root - INFO - Epoch: 73 | LR: 0.0003 | Loss 0.4079 | Val MaF1: 0.6440 (Best: 0.6646) | Test MaF1: 0.6306 (Best: 0.6394) | MiF1: 0.6296 (Best: 0.6386)
2024-04-18 17:02:39,577 - root - INFO - Epoch: 74 | LR: 0.0003 | Loss 0.4065 | Val MaF1: 0.6420 (Best: 0.6646) | Test MaF1: 0.6302 (Best: 0.6394) | MiF1: 0.6293 (Best: 0.6386)
2024-04-18 17:02:40,094 - root - INFO - Epoch: 75 | LR: 0.0003 | Loss 0.4056 | Val MaF1: 0.6375 (Best: 0.6646) | Test MaF1: 0.6309 (Best: 0.6394) | MiF1: 0.6299 (Best: 0.6386)
2024-04-18 17:02:40,621 - root - INFO - Epoch: 76 | LR: 0.0002 | Loss 0.4050 | Val MaF1: 0.6375 (Best: 0.6646) | Test MaF1: 0.6309 (Best: 0.6394) | MiF1: 0.6299 (Best: 0.6386)
2024-04-18 17:02:41,140 - root - INFO - Epoch: 77 | LR: 0.0002 | Loss 0.4034 | Val MaF1: 0.6375 (Best: 0.6646) | Test MaF1: 0.6309 (Best: 0.6394) | MiF1: 0.6299 (Best: 0.6386)
2024-04-18 17:02:41,663 - root - INFO - Epoch: 78 | LR: 0.0002 | Loss 0.4020 | Val MaF1: 0.6375 (Best: 0.6646) | Test MaF1: 0.6312 (Best: 0.6394) | MiF1: 0.6303 (Best: 0.6386)
2024-04-18 17:02:42,232 - root - INFO - Epoch: 79 | LR: 0.0002 | Loss 0.4027 | Val MaF1: 0.6375 (Best: 0.6646) | Test MaF1: 0.6309 (Best: 0.6394) | MiF1: 0.6299 (Best: 0.6386)
2024-04-18 17:02:42,754 - root - INFO - Epoch: 80 | LR: 0.0002 | Loss 0.4009 | Val MaF1: 0.6375 (Best: 0.6646) | Test MaF1: 0.6306 (Best: 0.6394) | MiF1: 0.6296 (Best: 0.6386)
2024-04-18 17:02:43,280 - root - INFO - Epoch: 81 | LR: 0.0002 | Loss 0.4011 | Val MaF1: 0.6375 (Best: 0.6646) | Test MaF1: 0.6309 (Best: 0.6394) | MiF1: 0.6299 (Best: 0.6386)
2024-04-18 17:02:43,804 - root - INFO - Epoch: 82 | LR: 0.0001 | Loss 0.4002 | Val MaF1: 0.6375 (Best: 0.6646) | Test MaF1: 0.6309 (Best: 0.6394) | MiF1: 0.6299 (Best: 0.6386)
2024-04-18 17:02:44,327 - root - INFO - Epoch: 83 | LR: 0.0001 | Loss 0.4008 | Val MaF1: 0.6375 (Best: 0.6646) | Test MaF1: 0.6309 (Best: 0.6394) | MiF1: 0.6299 (Best: 0.6386)
2024-04-18 17:02:44,853 - root - INFO - Epoch: 84 | LR: 0.0001 | Loss 0.4010 | Val MaF1: 0.6375 (Best: 0.6646) | Test MaF1: 0.6306 (Best: 0.6394) | MiF1: 0.6296 (Best: 0.6386)
2024-04-18 17:02:45,379 - root - INFO - Epoch: 85 | LR: 0.0001 | Loss 0.3996 | Val MaF1: 0.6395 (Best: 0.6646) | Test MaF1: 0.6302 (Best: 0.6394) | MiF1: 0.6293 (Best: 0.6386)
2024-04-18 17:02:45,900 - root - INFO - Epoch: 86 | LR: 0.0001 | Loss 0.3990 | Val MaF1: 0.6395 (Best: 0.6646) | Test MaF1: 0.6299 (Best: 0.6394) | MiF1: 0.6289 (Best: 0.6386)
2024-04-18 17:02:46,427 - root - INFO - Epoch: 87 | LR: 0.0001 | Loss 0.3997 | Val MaF1: 0.6416 (Best: 0.6646) | Test MaF1: 0.6302 (Best: 0.6394) | MiF1: 0.6293 (Best: 0.6386)
2024-04-18 17:02:46,951 - root - INFO - Epoch: 88 | LR: 0.0001 | Loss 0.3992 | Val MaF1: 0.6416 (Best: 0.6646) | Test MaF1: 0.6302 (Best: 0.6394) | MiF1: 0.6293 (Best: 0.6386)
2024-04-18 17:02:47,480 - root - INFO - Epoch: 89 | LR: 0.0000 | Loss 0.3989 | Val MaF1: 0.6416 (Best: 0.6646) | Test MaF1: 0.6302 (Best: 0.6394) | MiF1: 0.6293 (Best: 0.6386)
2024-04-18 17:02:48,002 - root - INFO - Epoch: 90 | LR: 0.0000 | Loss 0.3986 | Val MaF1: 0.6416 (Best: 0.6646) | Test MaF1: 0.6305 (Best: 0.6394) | MiF1: 0.6296 (Best: 0.6386)
2024-04-18 17:02:48,572 - root - INFO - Epoch: 91 | LR: 0.0000 | Loss 0.3992 | Val MaF1: 0.6416 (Best: 0.6646) | Test MaF1: 0.6305 (Best: 0.6394) | MiF1: 0.6296 (Best: 0.6386)
2024-04-18 17:02:49,097 - root - INFO - Epoch: 92 | LR: 0.0000 | Loss 0.3997 | Val MaF1: 0.6416 (Best: 0.6646) | Test MaF1: 0.6305 (Best: 0.6394) | MiF1: 0.6296 (Best: 0.6386)
2024-04-18 17:02:49,623 - root - INFO - Epoch: 93 | LR: 0.0000 | Loss 0.3991 | Val MaF1: 0.6416 (Best: 0.6646) | Test MaF1: 0.6305 (Best: 0.6394) | MiF1: 0.6296 (Best: 0.6386)
2024-04-18 17:02:50,148 - root - INFO - Epoch: 94 | LR: 0.0000 | Loss 0.3996 | Val MaF1: 0.6416 (Best: 0.6646) | Test MaF1: 0.6305 (Best: 0.6394) | MiF1: 0.6296 (Best: 0.6386)
2024-04-18 17:02:50,672 - root - INFO - Epoch: 95 | LR: 0.0000 | Loss 0.3994 | Val MaF1: 0.6416 (Best: 0.6646) | Test MaF1: 0.6305 (Best: 0.6394) | MiF1: 0.6296 (Best: 0.6386)
2024-04-18 17:02:51,195 - root - INFO - Epoch: 96 | LR: 0.0000 | Loss 0.3989 | Val MaF1: 0.6416 (Best: 0.6646) | Test MaF1: 0.6305 (Best: 0.6394) | MiF1: 0.6296 (Best: 0.6386)
2024-04-18 17:02:51,731 - root - INFO - Epoch: 97 | LR: 0.0000 | Loss 0.3979 | Val MaF1: 0.6416 (Best: 0.6646) | Test MaF1: 0.6305 (Best: 0.6394) | MiF1: 0.6296 (Best: 0.6386)
2024-04-18 17:02:52,254 - root - INFO - Epoch: 98 | LR: 0.0000 | Loss 0.3988 | Val MaF1: 0.6416 (Best: 0.6646) | Test MaF1: 0.6305 (Best: 0.6394) | MiF1: 0.6296 (Best: 0.6386)
2024-04-18 17:02:52,782 - root - INFO - Epoch: 99 | LR: 0.0000 | Loss 0.3979 | Val MaF1: 0.6416 (Best: 0.6646) | Test MaF1: 0.6305 (Best: 0.6394) | MiF1: 0.6296 (Best: 0.6386)
2024-04-18 17:02:53,307 - root - INFO - Epoch: 100 | LR: 0.0000 | Loss 0.3989 | Val MaF1: 0.6416 (Best: 0.6646) | Test MaF1: 0.6305 (Best: 0.6394) | MiF1: 0.6296 (Best: 0.6386)
2024-04-18 17:02:53,307 - root - INFO - Best Epoch: 39 | Train MiF1: 0.9731,  MaF1: 0.9731 | Val MiF1: 0.6636, MaF1: 0.6646 | Test MaF1: 0.6394, MiF1: 0.6386
2024-04-18 17:02:53,661 - root - INFO - ARI: 0.2104 | NMI: 0.2122
