2024-04-18 22:53:27,154 - root - INFO - {'prefix': 'SR-HGN', 'gpu': 0, 'feat': 1, 'seed': 0, 'verbose': 1, 'train_split': 0.2, 'val_split': 0.3, 'num_type_heads': 4, 'num_node_heads': 4, 'hidden_dim': 256, 'clip': 1.0, 'num_layers': 3, 'alpha': 0.5, 'epochs': 200, 'dataset': 'acm', 'input_dim': 256, 'aggregate': 'concat', 'iscuda': True, 'cluster': True, 'max_lr': 0.001, 'weight_decay': 1e-05, 'heads': 8, 'han_heads': [4], 'hh_heads': 3, 'dropout': 0.2}
2024-04-18 22:53:30,063 - root - INFO - Training SR-HGN with #param: 35207827
2024-04-18 22:53:33,493 - root - INFO - ARI: 0.0127 | NMI: 0.0078
2024-04-18 22:53:33,493 - root - INFO - Epoch: 1 | LR: 0.0000 | Loss 1.0979 | Val MaF1: 0.2204 (Best: 0.2204) | Test MaF1: 0.2220 (Best: 0.2220) | MiF1: 0.4961 (Best: 0.4961)
2024-04-18 22:53:34,588 - root - INFO - Epoch: 2 | LR: 0.0000 | Loss 1.0717 | Val MaF1: 0.2204 (Best: 0.2204) | Test MaF1: 0.2210 (Best: 0.2220) | MiF1: 0.4957 (Best: 0.4961)
2024-04-18 22:53:35,587 - root - INFO - Epoch: 3 | LR: 0.0000 | Loss 1.0522 | Val MaF1: 0.2204 (Best: 0.2204) | Test MaF1: 0.2210 (Best: 0.2220) | MiF1: 0.4957 (Best: 0.4961)
2024-04-18 22:53:36,606 - root - INFO - Epoch: 4 | LR: 0.0001 | Loss 1.0375 | Val MaF1: 0.2204 (Best: 0.2204) | Test MaF1: 0.2210 (Best: 0.2220) | MiF1: 0.4957 (Best: 0.4961)
2024-04-18 22:53:37,642 - root - INFO - Epoch: 5 | LR: 0.0001 | Loss 1.0239 | Val MaF1: 0.2204 (Best: 0.2204) | Test MaF1: 0.2210 (Best: 0.2220) | MiF1: 0.4957 (Best: 0.4961)
2024-04-18 22:53:38,631 - root - INFO - Epoch: 6 | LR: 0.0001 | Loss 1.0127 | Val MaF1: 0.2204 (Best: 0.2204) | Test MaF1: 0.2210 (Best: 0.2220) | MiF1: 0.4957 (Best: 0.4961)
2024-04-18 22:53:39,593 - root - INFO - Epoch: 7 | LR: 0.0001 | Loss 1.0043 | Val MaF1: 0.2204 (Best: 0.2204) | Test MaF1: 0.2210 (Best: 0.2220) | MiF1: 0.4957 (Best: 0.4961)
2024-04-18 22:53:40,575 - root - INFO - Epoch: 8 | LR: 0.0001 | Loss 0.9930 | Val MaF1: 0.2204 (Best: 0.2204) | Test MaF1: 0.2210 (Best: 0.2220) | MiF1: 0.4957 (Best: 0.4961)
2024-04-18 22:53:41,514 - root - INFO - Epoch: 9 | LR: 0.0001 | Loss 0.9824 | Val MaF1: 0.2204 (Best: 0.2204) | Test MaF1: 0.2210 (Best: 0.2220) | MiF1: 0.4957 (Best: 0.4961)
2024-04-18 22:53:42,522 - root - INFO - Epoch: 10 | LR: 0.0001 | Loss 0.9691 | Val MaF1: 0.2204 (Best: 0.2204) | Test MaF1: 0.2210 (Best: 0.2220) | MiF1: 0.4957 (Best: 0.4961)
2024-04-18 22:53:43,537 - root - INFO - Epoch: 11 | LR: 0.0001 | Loss 0.9515 | Val MaF1: 0.2204 (Best: 0.2204) | Test MaF1: 0.2210 (Best: 0.2220) | MiF1: 0.4957 (Best: 0.4961)
2024-04-18 22:53:44,482 - root - INFO - Epoch: 12 | LR: 0.0001 | Loss 0.9318 | Val MaF1: 0.2204 (Best: 0.2204) | Test MaF1: 0.2210 (Best: 0.2220) | MiF1: 0.4957 (Best: 0.4961)
2024-04-18 22:53:45,655 - root - INFO - Epoch: 13 | LR: 0.0002 | Loss 0.9083 | Val MaF1: 0.2204 (Best: 0.2204) | Test MaF1: 0.2210 (Best: 0.2220) | MiF1: 0.4957 (Best: 0.4961)
2024-04-18 22:53:47,546 - root - INFO - ARI: 0.2607 | NMI: 0.3150
2024-04-18 22:53:47,546 - root - INFO - Epoch: 14 | LR: 0.0002 | Loss 0.8866 | Val MaF1: 0.2204 (Best: 0.2204) | Test MaF1: 0.2251 (Best: 0.2251) | MiF1: 0.4972 (Best: 0.4972)
2024-04-18 22:53:49,452 - root - INFO - ARI: 0.2865 | NMI: 0.3501
2024-04-18 22:53:49,452 - root - INFO - Epoch: 15 | LR: 0.0002 | Loss 0.8685 | Val MaF1: 0.2346 (Best: 0.2346) | Test MaF1: 0.2498 (Best: 0.2498) | MiF1: 0.5060 (Best: 0.5060)
2024-04-18 22:53:51,347 - root - INFO - ARI: 0.3031 | NMI: 0.3740
2024-04-18 22:53:51,347 - root - INFO - Epoch: 16 | LR: 0.0002 | Loss 0.8443 | Val MaF1: 0.3219 (Best: 0.3219) | Test MaF1: 0.3119 (Best: 0.3119) | MiF1: 0.5309 (Best: 0.5309)
2024-04-18 22:53:53,280 - root - INFO - ARI: 0.6175 | NMI: 0.5884
2024-04-18 22:53:53,281 - root - INFO - Epoch: 17 | LR: 0.0002 | Loss 0.8147 | Val MaF1: 0.4879 (Best: 0.4879) | Test MaF1: 0.4513 (Best: 0.4513) | MiF1: 0.6012 (Best: 0.6012)
2024-04-18 22:53:55,134 - root - INFO - ARI: 0.6545 | NMI: 0.6293
2024-04-18 22:53:55,134 - root - INFO - Epoch: 18 | LR: 0.0002 | Loss 0.7807 | Val MaF1: 0.6271 (Best: 0.6271) | Test MaF1: 0.6044 (Best: 0.6044) | MiF1: 0.6921 (Best: 0.6921)
2024-04-18 22:53:57,093 - root - INFO - ARI: 0.6743 | NMI: 0.6502
2024-04-18 22:53:57,094 - root - INFO - Epoch: 19 | LR: 0.0003 | Loss 0.7474 | Val MaF1: 0.7595 (Best: 0.7595) | Test MaF1: 0.7567 (Best: 0.7567) | MiF1: 0.7898 (Best: 0.7898)
2024-04-18 22:53:59,026 - root - INFO - ARI: 0.6916 | NMI: 0.6730
2024-04-18 22:53:59,026 - root - INFO - Epoch: 20 | LR: 0.0003 | Loss 0.7106 | Val MaF1: 0.8622 (Best: 0.8622) | Test MaF1: 0.8787 (Best: 0.8787) | MiF1: 0.8842 (Best: 0.8842)
2024-04-18 22:54:00,915 - root - INFO - ARI: 0.7002 | NMI: 0.6909
2024-04-18 22:54:00,915 - root - INFO - Epoch: 21 | LR: 0.0003 | Loss 0.6725 | Val MaF1: 0.9207 (Best: 0.9207) | Test MaF1: 0.9267 (Best: 0.9267) | MiF1: 0.9268 (Best: 0.9268)
2024-04-18 22:54:01,913 - root - INFO - Epoch: 22 | LR: 0.0003 | Loss 0.6426 | Val MaF1: 0.9324 (Best: 0.9207) | Test MaF1: 0.9209 (Best: 0.9267) | MiF1: 0.9194 (Best: 0.9268)
2024-04-18 22:54:02,884 - root - INFO - Epoch: 23 | LR: 0.0004 | Loss 0.6297 | Val MaF1: 0.9375 (Best: 0.9207) | Test MaF1: 0.9245 (Best: 0.9267) | MiF1: 0.9233 (Best: 0.9268)
2024-04-18 22:54:04,687 - root - INFO - ARI: 0.7477 | NMI: 0.7245
2024-04-18 22:54:04,687 - root - INFO - Epoch: 24 | LR: 0.0004 | Loss 0.6007 | Val MaF1: 0.9335 (Best: 0.9335) | Test MaF1: 0.9324 (Best: 0.9324) | MiF1: 0.9325 (Best: 0.9325)
2024-04-18 22:54:05,681 - root - INFO - Epoch: 25 | LR: 0.0004 | Loss 0.5657 | Val MaF1: 0.9124 (Best: 0.9335) | Test MaF1: 0.9215 (Best: 0.9324) | MiF1: 0.9226 (Best: 0.9325)
2024-04-18 22:54:06,696 - root - INFO - Epoch: 26 | LR: 0.0004 | Loss 0.5445 | Val MaF1: 0.9009 (Best: 0.9335) | Test MaF1: 0.9154 (Best: 0.9324) | MiF1: 0.9173 (Best: 0.9325)
2024-04-18 22:54:07,772 - root - INFO - Epoch: 27 | LR: 0.0005 | Loss 0.5284 | Val MaF1: 0.9045 (Best: 0.9335) | Test MaF1: 0.9213 (Best: 0.9324) | MiF1: 0.9229 (Best: 0.9325)
2024-04-18 22:54:09,572 - root - INFO - ARI: 0.8067 | NMI: 0.7648
2024-04-18 22:54:09,572 - root - INFO - Epoch: 28 | LR: 0.0005 | Loss 0.5089 | Val MaF1: 0.9339 (Best: 0.9339) | Test MaF1: 0.9339 (Best: 0.9339) | MiF1: 0.9343 (Best: 0.9343)
2024-04-18 22:54:11,445 - root - INFO - ARI: 0.8115 | NMI: 0.7705
2024-04-18 22:54:11,445 - root - INFO - Epoch: 29 | LR: 0.0005 | Loss 0.4881 | Val MaF1: 0.9424 (Best: 0.9424) | Test MaF1: 0.9356 (Best: 0.9356) | MiF1: 0.9350 (Best: 0.9350)
2024-04-18 22:54:12,477 - root - INFO - Epoch: 30 | LR: 0.0005 | Loss 0.4740 | Val MaF1: 0.9383 (Best: 0.9424) | Test MaF1: 0.9342 (Best: 0.9356) | MiF1: 0.9329 (Best: 0.9350)
2024-04-18 22:54:14,387 - root - INFO - ARI: 0.8160 | NMI: 0.7753
2024-04-18 22:54:14,388 - root - INFO - Epoch: 31 | LR: 0.0006 | Loss 0.4641 | Val MaF1: 0.9383 (Best: 0.9383) | Test MaF1: 0.9361 (Best: 0.9361) | MiF1: 0.9347 (Best: 0.9347)
2024-04-18 22:54:16,349 - root - INFO - ARI: 0.8163 | NMI: 0.7743
2024-04-18 22:54:16,349 - root - INFO - Epoch: 32 | LR: 0.0006 | Loss 0.4530 | Val MaF1: 0.9404 (Best: 0.9404) | Test MaF1: 0.9379 (Best: 0.9379) | MiF1: 0.9371 (Best: 0.9371)
2024-04-18 22:54:18,273 - root - INFO - ARI: 0.8234 | NMI: 0.7781
2024-04-18 22:54:18,274 - root - INFO - Epoch: 33 | LR: 0.0006 | Loss 0.4419 | Val MaF1: 0.9514 (Best: 0.9514) | Test MaF1: 0.9424 (Best: 0.9424) | MiF1: 0.9421 (Best: 0.9421)
2024-04-18 22:54:19,288 - root - INFO - Epoch: 34 | LR: 0.0006 | Loss 0.4305 | Val MaF1: 0.9465 (Best: 0.9514) | Test MaF1: 0.9403 (Best: 0.9424) | MiF1: 0.9403 (Best: 0.9421)
2024-04-18 22:54:20,267 - root - INFO - Epoch: 35 | LR: 0.0007 | Loss 0.4221 | Val MaF1: 0.9389 (Best: 0.9514) | Test MaF1: 0.9407 (Best: 0.9424) | MiF1: 0.9407 (Best: 0.9421)
2024-04-18 22:54:21,225 - root - INFO - Epoch: 36 | LR: 0.0007 | Loss 0.4135 | Val MaF1: 0.9413 (Best: 0.9514) | Test MaF1: 0.9404 (Best: 0.9424) | MiF1: 0.9403 (Best: 0.9421)
2024-04-18 22:54:22,222 - root - INFO - Epoch: 37 | LR: 0.0007 | Loss 0.4073 | Val MaF1: 0.9512 (Best: 0.9514) | Test MaF1: 0.9397 (Best: 0.9424) | MiF1: 0.9400 (Best: 0.9421)
2024-04-18 22:54:23,201 - root - INFO - Epoch: 38 | LR: 0.0007 | Loss 0.4013 | Val MaF1: 0.9410 (Best: 0.9514) | Test MaF1: 0.9391 (Best: 0.9424) | MiF1: 0.9393 (Best: 0.9421)
2024-04-18 22:54:24,186 - root - INFO - Epoch: 39 | LR: 0.0008 | Loss 0.3956 | Val MaF1: 0.9387 (Best: 0.9514) | Test MaF1: 0.9413 (Best: 0.9424) | MiF1: 0.9414 (Best: 0.9421)
2024-04-18 22:54:25,164 - root - INFO - Epoch: 40 | LR: 0.0008 | Loss 0.3905 | Val MaF1: 0.9387 (Best: 0.9514) | Test MaF1: 0.9408 (Best: 0.9424) | MiF1: 0.9411 (Best: 0.9421)
2024-04-18 22:54:26,145 - root - INFO - Epoch: 41 | LR: 0.0008 | Loss 0.3856 | Val MaF1: 0.9414 (Best: 0.9514) | Test MaF1: 0.9416 (Best: 0.9424) | MiF1: 0.9418 (Best: 0.9421)
2024-04-18 22:54:27,125 - root - INFO - Epoch: 42 | LR: 0.0008 | Loss 0.3810 | Val MaF1: 0.9438 (Best: 0.9514) | Test MaF1: 0.9373 (Best: 0.9424) | MiF1: 0.9379 (Best: 0.9421)
2024-04-18 22:54:28,152 - root - INFO - Epoch: 43 | LR: 0.0008 | Loss 0.3768 | Val MaF1: 0.9387 (Best: 0.9514) | Test MaF1: 0.9376 (Best: 0.9424) | MiF1: 0.9379 (Best: 0.9421)
2024-04-18 22:54:29,114 - root - INFO - Epoch: 44 | LR: 0.0009 | Loss 0.3734 | Val MaF1: 0.9413 (Best: 0.9514) | Test MaF1: 0.9399 (Best: 0.9424) | MiF1: 0.9400 (Best: 0.9421)
2024-04-18 22:54:30,097 - root - INFO - Epoch: 45 | LR: 0.0009 | Loss 0.3704 | Val MaF1: 0.9438 (Best: 0.9514) | Test MaF1: 0.9414 (Best: 0.9424) | MiF1: 0.9414 (Best: 0.9421)
2024-04-18 22:54:31,114 - root - INFO - Epoch: 46 | LR: 0.0009 | Loss 0.3677 | Val MaF1: 0.9463 (Best: 0.9514) | Test MaF1: 0.9422 (Best: 0.9424) | MiF1: 0.9421 (Best: 0.9421)
2024-04-18 22:54:32,966 - root - INFO - ARI: 0.8474 | NMI: 0.7996
2024-04-18 22:54:32,966 - root - INFO - Epoch: 47 | LR: 0.0009 | Loss 0.3647 | Val MaF1: 0.9463 (Best: 0.9463) | Test MaF1: 0.9429 (Best: 0.9429) | MiF1: 0.9428 (Best: 0.9428)
2024-04-18 22:54:34,000 - root - INFO - Epoch: 48 | LR: 0.0009 | Loss 0.3632 | Val MaF1: 0.9415 (Best: 0.9463) | Test MaF1: 0.9407 (Best: 0.9429) | MiF1: 0.9407 (Best: 0.9428)
2024-04-18 22:54:34,979 - root - INFO - Epoch: 49 | LR: 0.0009 | Loss 0.3611 | Val MaF1: 0.9462 (Best: 0.9463) | Test MaF1: 0.9398 (Best: 0.9429) | MiF1: 0.9400 (Best: 0.9428)
2024-04-18 22:54:35,979 - root - INFO - Epoch: 50 | LR: 0.0009 | Loss 0.3590 | Val MaF1: 0.9376 (Best: 0.9463) | Test MaF1: 0.9388 (Best: 0.9429) | MiF1: 0.9393 (Best: 0.9428)
2024-04-18 22:54:36,941 - root - INFO - Epoch: 51 | LR: 0.0010 | Loss 0.3569 | Val MaF1: 0.9402 (Best: 0.9463) | Test MaF1: 0.9377 (Best: 0.9429) | MiF1: 0.9382 (Best: 0.9428)
2024-04-18 22:54:37,887 - root - INFO - Epoch: 52 | LR: 0.0010 | Loss 0.3555 | Val MaF1: 0.9402 (Best: 0.9463) | Test MaF1: 0.9381 (Best: 0.9429) | MiF1: 0.9386 (Best: 0.9428)
2024-04-18 22:54:38,872 - root - INFO - Epoch: 53 | LR: 0.0010 | Loss 0.3546 | Val MaF1: 0.9402 (Best: 0.9463) | Test MaF1: 0.9375 (Best: 0.9429) | MiF1: 0.9379 (Best: 0.9428)
2024-04-18 22:54:39,819 - root - INFO - Epoch: 54 | LR: 0.0010 | Loss 0.3536 | Val MaF1: 0.9379 (Best: 0.9463) | Test MaF1: 0.9378 (Best: 0.9429) | MiF1: 0.9379 (Best: 0.9428)
2024-04-18 22:54:40,762 - root - INFO - Epoch: 55 | LR: 0.0010 | Loss 0.3523 | Val MaF1: 0.9379 (Best: 0.9463) | Test MaF1: 0.9377 (Best: 0.9429) | MiF1: 0.9379 (Best: 0.9428)
2024-04-18 22:54:41,718 - root - INFO - Epoch: 56 | LR: 0.0010 | Loss 0.3513 | Val MaF1: 0.9379 (Best: 0.9463) | Test MaF1: 0.9362 (Best: 0.9429) | MiF1: 0.9364 (Best: 0.9428)
2024-04-18 22:54:42,667 - root - INFO - Epoch: 57 | LR: 0.0010 | Loss 0.3506 | Val MaF1: 0.9328 (Best: 0.9463) | Test MaF1: 0.9357 (Best: 0.9429) | MiF1: 0.9361 (Best: 0.9428)
2024-04-18 22:54:43,644 - root - INFO - Epoch: 58 | LR: 0.0010 | Loss 0.3500 | Val MaF1: 0.9302 (Best: 0.9463) | Test MaF1: 0.9341 (Best: 0.9429) | MiF1: 0.9347 (Best: 0.9428)
2024-04-18 22:54:44,686 - root - INFO - Epoch: 59 | LR: 0.0010 | Loss 0.3493 | Val MaF1: 0.9302 (Best: 0.9463) | Test MaF1: 0.9341 (Best: 0.9429) | MiF1: 0.9347 (Best: 0.9428)
2024-04-18 22:54:45,743 - root - INFO - Epoch: 60 | LR: 0.0010 | Loss 0.3486 | Val MaF1: 0.9302 (Best: 0.9463) | Test MaF1: 0.9348 (Best: 0.9429) | MiF1: 0.9354 (Best: 0.9428)
2024-04-18 22:54:46,711 - root - INFO - Epoch: 61 | LR: 0.0010 | Loss 0.3480 | Val MaF1: 0.9328 (Best: 0.9463) | Test MaF1: 0.9344 (Best: 0.9429) | MiF1: 0.9350 (Best: 0.9428)
2024-04-18 22:54:47,665 - root - INFO - Epoch: 62 | LR: 0.0010 | Loss 0.3471 | Val MaF1: 0.9328 (Best: 0.9463) | Test MaF1: 0.9338 (Best: 0.9429) | MiF1: 0.9343 (Best: 0.9428)
2024-04-18 22:54:48,614 - root - INFO - Epoch: 63 | LR: 0.0010 | Loss 0.3470 | Val MaF1: 0.9328 (Best: 0.9463) | Test MaF1: 0.9343 (Best: 0.9429) | MiF1: 0.9347 (Best: 0.9428)
2024-04-18 22:54:49,584 - root - INFO - Epoch: 64 | LR: 0.0010 | Loss 0.3468 | Val MaF1: 0.9328 (Best: 0.9463) | Test MaF1: 0.9343 (Best: 0.9429) | MiF1: 0.9347 (Best: 0.9428)
2024-04-18 22:54:50,629 - root - INFO - Epoch: 65 | LR: 0.0010 | Loss 0.3461 | Val MaF1: 0.9328 (Best: 0.9463) | Test MaF1: 0.9336 (Best: 0.9429) | MiF1: 0.9339 (Best: 0.9428)
2024-04-18 22:54:51,642 - root - INFO - Epoch: 66 | LR: 0.0010 | Loss 0.3455 | Val MaF1: 0.9328 (Best: 0.9463) | Test MaF1: 0.9343 (Best: 0.9429) | MiF1: 0.9347 (Best: 0.9428)
2024-04-18 22:54:52,633 - root - INFO - Epoch: 67 | LR: 0.0010 | Loss 0.3455 | Val MaF1: 0.9328 (Best: 0.9463) | Test MaF1: 0.9345 (Best: 0.9429) | MiF1: 0.9350 (Best: 0.9428)
2024-04-18 22:54:53,608 - root - INFO - Epoch: 68 | LR: 0.0010 | Loss 0.3448 | Val MaF1: 0.9328 (Best: 0.9463) | Test MaF1: 0.9333 (Best: 0.9429) | MiF1: 0.9339 (Best: 0.9428)
2024-04-18 22:54:54,558 - root - INFO - Epoch: 69 | LR: 0.0010 | Loss 0.3445 | Val MaF1: 0.9328 (Best: 0.9463) | Test MaF1: 0.9335 (Best: 0.9429) | MiF1: 0.9339 (Best: 0.9428)
2024-04-18 22:54:55,510 - root - INFO - Epoch: 70 | LR: 0.0010 | Loss 0.3437 | Val MaF1: 0.9353 (Best: 0.9463) | Test MaF1: 0.9342 (Best: 0.9429) | MiF1: 0.9347 (Best: 0.9428)
2024-04-18 22:54:56,484 - root - INFO - Epoch: 71 | LR: 0.0010 | Loss 0.3438 | Val MaF1: 0.9302 (Best: 0.9463) | Test MaF1: 0.9334 (Best: 0.9429) | MiF1: 0.9339 (Best: 0.9428)
2024-04-18 22:54:57,534 - root - INFO - Epoch: 72 | LR: 0.0010 | Loss 0.3434 | Val MaF1: 0.9302 (Best: 0.9463) | Test MaF1: 0.9329 (Best: 0.9429) | MiF1: 0.9336 (Best: 0.9428)
2024-04-18 22:54:58,535 - root - INFO - Epoch: 73 | LR: 0.0010 | Loss 0.3429 | Val MaF1: 0.9302 (Best: 0.9463) | Test MaF1: 0.9323 (Best: 0.9429) | MiF1: 0.9332 (Best: 0.9428)
2024-04-18 22:54:59,534 - root - INFO - Epoch: 74 | LR: 0.0010 | Loss 0.3425 | Val MaF1: 0.9302 (Best: 0.9463) | Test MaF1: 0.9326 (Best: 0.9429) | MiF1: 0.9332 (Best: 0.9428)
2024-04-18 22:55:00,488 - root - INFO - Epoch: 75 | LR: 0.0010 | Loss 0.3426 | Val MaF1: 0.9353 (Best: 0.9463) | Test MaF1: 0.9337 (Best: 0.9429) | MiF1: 0.9339 (Best: 0.9428)
2024-04-18 22:55:01,439 - root - INFO - Epoch: 76 | LR: 0.0010 | Loss 0.3427 | Val MaF1: 0.9353 (Best: 0.9463) | Test MaF1: 0.9337 (Best: 0.9429) | MiF1: 0.9339 (Best: 0.9428)
2024-04-18 22:55:02,400 - root - INFO - Epoch: 77 | LR: 0.0010 | Loss 0.3418 | Val MaF1: 0.9328 (Best: 0.9463) | Test MaF1: 0.9332 (Best: 0.9429) | MiF1: 0.9336 (Best: 0.9428)
2024-04-18 22:55:03,364 - root - INFO - Epoch: 78 | LR: 0.0010 | Loss 0.3414 | Val MaF1: 0.9276 (Best: 0.9463) | Test MaF1: 0.9323 (Best: 0.9429) | MiF1: 0.9329 (Best: 0.9428)
2024-04-18 22:55:04,362 - root - INFO - Epoch: 79 | LR: 0.0010 | Loss 0.3410 | Val MaF1: 0.9302 (Best: 0.9463) | Test MaF1: 0.9311 (Best: 0.9429) | MiF1: 0.9318 (Best: 0.9428)
2024-04-18 22:55:05,342 - root - INFO - Epoch: 80 | LR: 0.0009 | Loss 0.3411 | Val MaF1: 0.9353 (Best: 0.9463) | Test MaF1: 0.9345 (Best: 0.9429) | MiF1: 0.9350 (Best: 0.9428)
2024-04-18 22:55:06,312 - root - INFO - Epoch: 81 | LR: 0.0009 | Loss 0.3404 | Val MaF1: 0.9353 (Best: 0.9463) | Test MaF1: 0.9342 (Best: 0.9429) | MiF1: 0.9347 (Best: 0.9428)
2024-04-18 22:55:07,279 - root - INFO - Epoch: 82 | LR: 0.0009 | Loss 0.3411 | Val MaF1: 0.9353 (Best: 0.9463) | Test MaF1: 0.9350 (Best: 0.9429) | MiF1: 0.9354 (Best: 0.9428)
2024-04-18 22:55:08,226 - root - INFO - Epoch: 83 | LR: 0.0009 | Loss 0.3400 | Val MaF1: 0.9302 (Best: 0.9463) | Test MaF1: 0.9349 (Best: 0.9429) | MiF1: 0.9354 (Best: 0.9428)
2024-04-18 22:55:09,166 - root - INFO - Epoch: 84 | LR: 0.0009 | Loss 0.3401 | Val MaF1: 0.9302 (Best: 0.9463) | Test MaF1: 0.9334 (Best: 0.9429) | MiF1: 0.9339 (Best: 0.9428)
2024-04-18 22:55:10,161 - root - INFO - Epoch: 85 | LR: 0.0009 | Loss 0.3401 | Val MaF1: 0.9302 (Best: 0.9463) | Test MaF1: 0.9342 (Best: 0.9429) | MiF1: 0.9347 (Best: 0.9428)
2024-04-18 22:55:11,116 - root - INFO - Epoch: 86 | LR: 0.0009 | Loss 0.3396 | Val MaF1: 0.9328 (Best: 0.9463) | Test MaF1: 0.9343 (Best: 0.9429) | MiF1: 0.9347 (Best: 0.9428)
2024-04-18 22:55:12,097 - root - INFO - Epoch: 87 | LR: 0.0009 | Loss 0.3395 | Val MaF1: 0.9353 (Best: 0.9463) | Test MaF1: 0.9342 (Best: 0.9429) | MiF1: 0.9343 (Best: 0.9428)
2024-04-18 22:55:13,074 - root - INFO - Epoch: 88 | LR: 0.0009 | Loss 0.3391 | Val MaF1: 0.9353 (Best: 0.9463) | Test MaF1: 0.9344 (Best: 0.9429) | MiF1: 0.9347 (Best: 0.9428)
2024-04-18 22:55:14,040 - root - INFO - Epoch: 89 | LR: 0.0009 | Loss 0.3389 | Val MaF1: 0.9353 (Best: 0.9463) | Test MaF1: 0.9344 (Best: 0.9429) | MiF1: 0.9347 (Best: 0.9428)
2024-04-18 22:55:14,997 - root - INFO - Epoch: 90 | LR: 0.0009 | Loss 0.3387 | Val MaF1: 0.9328 (Best: 0.9463) | Test MaF1: 0.9339 (Best: 0.9429) | MiF1: 0.9343 (Best: 0.9428)
2024-04-18 22:55:16,049 - root - INFO - Epoch: 91 | LR: 0.0009 | Loss 0.3385 | Val MaF1: 0.9328 (Best: 0.9463) | Test MaF1: 0.9324 (Best: 0.9429) | MiF1: 0.9329 (Best: 0.9428)
2024-04-18 22:55:17,032 - root - INFO - Epoch: 92 | LR: 0.0009 | Loss 0.3384 | Val MaF1: 0.9328 (Best: 0.9463) | Test MaF1: 0.9331 (Best: 0.9429) | MiF1: 0.9336 (Best: 0.9428)
2024-04-18 22:55:18,030 - root - INFO - Epoch: 93 | LR: 0.0009 | Loss 0.3388 | Val MaF1: 0.9328 (Best: 0.9463) | Test MaF1: 0.9343 (Best: 0.9429) | MiF1: 0.9347 (Best: 0.9428)
2024-04-18 22:55:19,042 - root - INFO - Epoch: 94 | LR: 0.0009 | Loss 0.3385 | Val MaF1: 0.9353 (Best: 0.9463) | Test MaF1: 0.9348 (Best: 0.9429) | MiF1: 0.9350 (Best: 0.9428)
2024-04-18 22:55:19,991 - root - INFO - Epoch: 95 | LR: 0.0008 | Loss 0.3383 | Val MaF1: 0.9353 (Best: 0.9463) | Test MaF1: 0.9359 (Best: 0.9429) | MiF1: 0.9361 (Best: 0.9428)
2024-04-18 22:55:20,968 - root - INFO - Epoch: 96 | LR: 0.0008 | Loss 0.3382 | Val MaF1: 0.9353 (Best: 0.9463) | Test MaF1: 0.9360 (Best: 0.9429) | MiF1: 0.9361 (Best: 0.9428)
2024-04-18 22:55:21,949 - root - INFO - Epoch: 97 | LR: 0.0008 | Loss 0.3383 | Val MaF1: 0.9302 (Best: 0.9463) | Test MaF1: 0.9355 (Best: 0.9429) | MiF1: 0.9357 (Best: 0.9428)
2024-04-18 22:55:22,981 - root - INFO - Epoch: 98 | LR: 0.0008 | Loss 0.3379 | Val MaF1: 0.9302 (Best: 0.9463) | Test MaF1: 0.9332 (Best: 0.9429) | MiF1: 0.9336 (Best: 0.9428)
2024-04-18 22:55:23,942 - root - INFO - Epoch: 99 | LR: 0.0008 | Loss 0.3383 | Val MaF1: 0.9302 (Best: 0.9463) | Test MaF1: 0.9311 (Best: 0.9429) | MiF1: 0.9315 (Best: 0.9428)
2024-04-18 22:55:24,889 - root - INFO - Epoch: 100 | LR: 0.0008 | Loss 0.3381 | Val MaF1: 0.9302 (Best: 0.9463) | Test MaF1: 0.9336 (Best: 0.9429) | MiF1: 0.9339 (Best: 0.9428)
2024-04-18 22:55:25,851 - root - INFO - Epoch: 101 | LR: 0.0008 | Loss 0.3378 | Val MaF1: 0.9328 (Best: 0.9463) | Test MaF1: 0.9351 (Best: 0.9429) | MiF1: 0.9354 (Best: 0.9428)
2024-04-18 22:55:26,801 - root - INFO - Epoch: 102 | LR: 0.0008 | Loss 0.3376 | Val MaF1: 0.9353 (Best: 0.9463) | Test MaF1: 0.9370 (Best: 0.9429) | MiF1: 0.9371 (Best: 0.9428)
2024-04-18 22:55:27,756 - root - INFO - Epoch: 103 | LR: 0.0008 | Loss 0.3375 | Val MaF1: 0.9353 (Best: 0.9463) | Test MaF1: 0.9353 (Best: 0.9429) | MiF1: 0.9354 (Best: 0.9428)
2024-04-18 22:55:28,752 - root - INFO - Epoch: 104 | LR: 0.0008 | Loss 0.3377 | Val MaF1: 0.9353 (Best: 0.9463) | Test MaF1: 0.9349 (Best: 0.9429) | MiF1: 0.9350 (Best: 0.9428)
2024-04-18 22:55:29,691 - root - INFO - Epoch: 105 | LR: 0.0008 | Loss 0.3377 | Val MaF1: 0.9328 (Best: 0.9463) | Test MaF1: 0.9348 (Best: 0.9429) | MiF1: 0.9350 (Best: 0.9428)
2024-04-18 22:55:30,633 - root - INFO - Epoch: 106 | LR: 0.0007 | Loss 0.3375 | Val MaF1: 0.9302 (Best: 0.9463) | Test MaF1: 0.9332 (Best: 0.9429) | MiF1: 0.9336 (Best: 0.9428)
2024-04-18 22:55:31,605 - root - INFO - Epoch: 107 | LR: 0.0007 | Loss 0.3372 | Val MaF1: 0.9302 (Best: 0.9463) | Test MaF1: 0.9317 (Best: 0.9429) | MiF1: 0.9322 (Best: 0.9428)
2024-04-18 22:55:32,582 - root - INFO - Epoch: 108 | LR: 0.0007 | Loss 0.3376 | Val MaF1: 0.9302 (Best: 0.9463) | Test MaF1: 0.9321 (Best: 0.9429) | MiF1: 0.9325 (Best: 0.9428)
2024-04-18 22:55:33,541 - root - INFO - Epoch: 109 | LR: 0.0007 | Loss 0.3372 | Val MaF1: 0.9302 (Best: 0.9463) | Test MaF1: 0.9332 (Best: 0.9429) | MiF1: 0.9336 (Best: 0.9428)
2024-04-18 22:55:34,548 - root - INFO - Epoch: 110 | LR: 0.0007 | Loss 0.3370 | Val MaF1: 0.9302 (Best: 0.9463) | Test MaF1: 0.9335 (Best: 0.9429) | MiF1: 0.9339 (Best: 0.9428)
2024-04-18 22:55:35,499 - root - INFO - Epoch: 111 | LR: 0.0007 | Loss 0.3373 | Val MaF1: 0.9302 (Best: 0.9463) | Test MaF1: 0.9332 (Best: 0.9429) | MiF1: 0.9336 (Best: 0.9428)
2024-04-18 22:55:36,452 - root - INFO - Epoch: 112 | LR: 0.0007 | Loss 0.3373 | Val MaF1: 0.9328 (Best: 0.9463) | Test MaF1: 0.9329 (Best: 0.9429) | MiF1: 0.9332 (Best: 0.9428)
2024-04-18 22:55:37,420 - root - INFO - Epoch: 113 | LR: 0.0007 | Loss 0.3371 | Val MaF1: 0.9328 (Best: 0.9463) | Test MaF1: 0.9332 (Best: 0.9429) | MiF1: 0.9336 (Best: 0.9428)
2024-04-18 22:55:38,381 - root - INFO - Epoch: 114 | LR: 0.0007 | Loss 0.3369 | Val MaF1: 0.9328 (Best: 0.9463) | Test MaF1: 0.9336 (Best: 0.9429) | MiF1: 0.9339 (Best: 0.9428)
2024-04-18 22:55:39,348 - root - INFO - Epoch: 115 | LR: 0.0007 | Loss 0.3371 | Val MaF1: 0.9328 (Best: 0.9463) | Test MaF1: 0.9336 (Best: 0.9429) | MiF1: 0.9339 (Best: 0.9428)
2024-04-18 22:55:40,332 - root - INFO - Epoch: 116 | LR: 0.0006 | Loss 0.3368 | Val MaF1: 0.9328 (Best: 0.9463) | Test MaF1: 0.9340 (Best: 0.9429) | MiF1: 0.9343 (Best: 0.9428)
2024-04-18 22:55:41,341 - root - INFO - Epoch: 117 | LR: 0.0006 | Loss 0.3369 | Val MaF1: 0.9328 (Best: 0.9463) | Test MaF1: 0.9340 (Best: 0.9429) | MiF1: 0.9343 (Best: 0.9428)
2024-04-18 22:55:42,282 - root - INFO - Epoch: 118 | LR: 0.0006 | Loss 0.3368 | Val MaF1: 0.9328 (Best: 0.9463) | Test MaF1: 0.9337 (Best: 0.9429) | MiF1: 0.9339 (Best: 0.9428)
2024-04-18 22:55:43,231 - root - INFO - Epoch: 119 | LR: 0.0006 | Loss 0.3366 | Val MaF1: 0.9328 (Best: 0.9463) | Test MaF1: 0.9337 (Best: 0.9429) | MiF1: 0.9339 (Best: 0.9428)
2024-04-18 22:55:44,193 - root - INFO - Epoch: 120 | LR: 0.0006 | Loss 0.3367 | Val MaF1: 0.9328 (Best: 0.9463) | Test MaF1: 0.9337 (Best: 0.9429) | MiF1: 0.9339 (Best: 0.9428)
2024-04-18 22:55:45,142 - root - INFO - Epoch: 121 | LR: 0.0006 | Loss 0.3367 | Val MaF1: 0.9328 (Best: 0.9463) | Test MaF1: 0.9344 (Best: 0.9429) | MiF1: 0.9347 (Best: 0.9428)
2024-04-18 22:55:46,100 - root - INFO - Epoch: 122 | LR: 0.0006 | Loss 0.3367 | Val MaF1: 0.9328 (Best: 0.9463) | Test MaF1: 0.9344 (Best: 0.9429) | MiF1: 0.9347 (Best: 0.9428)
2024-04-18 22:55:47,090 - root - INFO - Epoch: 123 | LR: 0.0006 | Loss 0.3368 | Val MaF1: 0.9328 (Best: 0.9463) | Test MaF1: 0.9348 (Best: 0.9429) | MiF1: 0.9350 (Best: 0.9428)
2024-04-18 22:55:48,031 - root - INFO - Epoch: 124 | LR: 0.0006 | Loss 0.3366 | Val MaF1: 0.9328 (Best: 0.9463) | Test MaF1: 0.9346 (Best: 0.9429) | MiF1: 0.9350 (Best: 0.9428)
2024-04-18 22:55:49,033 - root - INFO - Epoch: 125 | LR: 0.0005 | Loss 0.3365 | Val MaF1: 0.9328 (Best: 0.9463) | Test MaF1: 0.9346 (Best: 0.9429) | MiF1: 0.9350 (Best: 0.9428)
2024-04-18 22:55:50,023 - root - INFO - Epoch: 126 | LR: 0.0005 | Loss 0.3365 | Val MaF1: 0.9328 (Best: 0.9463) | Test MaF1: 0.9339 (Best: 0.9429) | MiF1: 0.9343 (Best: 0.9428)
2024-04-18 22:55:51,015 - root - INFO - Epoch: 127 | LR: 0.0005 | Loss 0.3365 | Val MaF1: 0.9328 (Best: 0.9463) | Test MaF1: 0.9340 (Best: 0.9429) | MiF1: 0.9343 (Best: 0.9428)
2024-04-18 22:55:52,008 - root - INFO - Epoch: 128 | LR: 0.0005 | Loss 0.3365 | Val MaF1: 0.9328 (Best: 0.9463) | Test MaF1: 0.9340 (Best: 0.9429) | MiF1: 0.9343 (Best: 0.9428)
2024-04-18 22:55:53,054 - root - INFO - Epoch: 129 | LR: 0.0005 | Loss 0.3365 | Val MaF1: 0.9328 (Best: 0.9463) | Test MaF1: 0.9340 (Best: 0.9429) | MiF1: 0.9343 (Best: 0.9428)
2024-04-18 22:55:54,051 - root - INFO - Epoch: 130 | LR: 0.0005 | Loss 0.3365 | Val MaF1: 0.9328 (Best: 0.9463) | Test MaF1: 0.9340 (Best: 0.9429) | MiF1: 0.9343 (Best: 0.9428)
2024-04-18 22:55:55,016 - root - INFO - Epoch: 131 | LR: 0.0005 | Loss 0.3365 | Val MaF1: 0.9328 (Best: 0.9463) | Test MaF1: 0.9343 (Best: 0.9429) | MiF1: 0.9347 (Best: 0.9428)
2024-04-18 22:55:55,971 - root - INFO - Epoch: 132 | LR: 0.0005 | Loss 0.3365 | Val MaF1: 0.9328 (Best: 0.9463) | Test MaF1: 0.9347 (Best: 0.9429) | MiF1: 0.9350 (Best: 0.9428)
2024-04-18 22:55:56,919 - root - INFO - Epoch: 133 | LR: 0.0005 | Loss 0.3365 | Val MaF1: 0.9328 (Best: 0.9463) | Test MaF1: 0.9344 (Best: 0.9429) | MiF1: 0.9347 (Best: 0.9428)
2024-04-18 22:55:57,863 - root - INFO - Epoch: 134 | LR: 0.0004 | Loss 0.3363 | Val MaF1: 0.9302 (Best: 0.9463) | Test MaF1: 0.9340 (Best: 0.9429) | MiF1: 0.9343 (Best: 0.9428)
2024-04-18 22:55:58,811 - root - INFO - Epoch: 135 | LR: 0.0004 | Loss 0.3364 | Val MaF1: 0.9302 (Best: 0.9463) | Test MaF1: 0.9340 (Best: 0.9429) | MiF1: 0.9343 (Best: 0.9428)
2024-04-18 22:55:59,803 - root - INFO - Epoch: 136 | LR: 0.0004 | Loss 0.3363 | Val MaF1: 0.9302 (Best: 0.9463) | Test MaF1: 0.9340 (Best: 0.9429) | MiF1: 0.9343 (Best: 0.9428)
2024-04-18 22:56:00,763 - root - INFO - Epoch: 137 | LR: 0.0004 | Loss 0.3363 | Val MaF1: 0.9302 (Best: 0.9463) | Test MaF1: 0.9336 (Best: 0.9429) | MiF1: 0.9339 (Best: 0.9428)
2024-04-18 22:56:01,726 - root - INFO - Epoch: 138 | LR: 0.0004 | Loss 0.3363 | Val MaF1: 0.9302 (Best: 0.9463) | Test MaF1: 0.9336 (Best: 0.9429) | MiF1: 0.9339 (Best: 0.9428)
2024-04-18 22:56:02,705 - root - INFO - Epoch: 139 | LR: 0.0004 | Loss 0.3363 | Val MaF1: 0.9302 (Best: 0.9463) | Test MaF1: 0.9336 (Best: 0.9429) | MiF1: 0.9339 (Best: 0.9428)
2024-04-18 22:56:03,665 - root - INFO - Epoch: 140 | LR: 0.0004 | Loss 0.3363 | Val MaF1: 0.9302 (Best: 0.9463) | Test MaF1: 0.9333 (Best: 0.9429) | MiF1: 0.9336 (Best: 0.9428)
2024-04-18 22:56:04,657 - root - INFO - Epoch: 141 | LR: 0.0004 | Loss 0.3363 | Val MaF1: 0.9302 (Best: 0.9463) | Test MaF1: 0.9333 (Best: 0.9429) | MiF1: 0.9336 (Best: 0.9428)
2024-04-18 22:56:05,738 - root - INFO - Epoch: 142 | LR: 0.0004 | Loss 0.3362 | Val MaF1: 0.9302 (Best: 0.9463) | Test MaF1: 0.9337 (Best: 0.9429) | MiF1: 0.9339 (Best: 0.9428)
2024-04-18 22:56:06,701 - root - INFO - Epoch: 143 | LR: 0.0003 | Loss 0.3363 | Val MaF1: 0.9302 (Best: 0.9463) | Test MaF1: 0.9344 (Best: 0.9429) | MiF1: 0.9347 (Best: 0.9428)
2024-04-18 22:56:07,661 - root - INFO - Epoch: 144 | LR: 0.0003 | Loss 0.3365 | Val MaF1: 0.9302 (Best: 0.9463) | Test MaF1: 0.9350 (Best: 0.9429) | MiF1: 0.9354 (Best: 0.9428)
2024-04-18 22:56:08,601 - root - INFO - Epoch: 145 | LR: 0.0003 | Loss 0.3362 | Val MaF1: 0.9302 (Best: 0.9463) | Test MaF1: 0.9354 (Best: 0.9429) | MiF1: 0.9357 (Best: 0.9428)
2024-04-18 22:56:09,543 - root - INFO - Epoch: 146 | LR: 0.0003 | Loss 0.3362 | Val MaF1: 0.9353 (Best: 0.9463) | Test MaF1: 0.9351 (Best: 0.9429) | MiF1: 0.9354 (Best: 0.9428)
2024-04-18 22:56:10,483 - root - INFO - Epoch: 147 | LR: 0.0003 | Loss 0.3363 | Val MaF1: 0.9353 (Best: 0.9463) | Test MaF1: 0.9358 (Best: 0.9429) | MiF1: 0.9361 (Best: 0.9428)
2024-04-18 22:56:11,468 - root - INFO - Epoch: 148 | LR: 0.0003 | Loss 0.3361 | Val MaF1: 0.9353 (Best: 0.9463) | Test MaF1: 0.9355 (Best: 0.9429) | MiF1: 0.9357 (Best: 0.9428)
2024-04-18 22:56:12,420 - root - INFO - Epoch: 149 | LR: 0.0003 | Loss 0.3362 | Val MaF1: 0.9353 (Best: 0.9463) | Test MaF1: 0.9355 (Best: 0.9429) | MiF1: 0.9357 (Best: 0.9428)
2024-04-18 22:56:13,381 - root - INFO - Epoch: 150 | LR: 0.0003 | Loss 0.3362 | Val MaF1: 0.9353 (Best: 0.9463) | Test MaF1: 0.9345 (Best: 0.9429) | MiF1: 0.9347 (Best: 0.9428)
2024-04-18 22:56:14,392 - root - INFO - Epoch: 151 | LR: 0.0003 | Loss 0.3364 | Val MaF1: 0.9353 (Best: 0.9463) | Test MaF1: 0.9355 (Best: 0.9429) | MiF1: 0.9357 (Best: 0.9428)
2024-04-18 22:56:15,360 - root - INFO - Epoch: 152 | LR: 0.0003 | Loss 0.3361 | Val MaF1: 0.9353 (Best: 0.9463) | Test MaF1: 0.9355 (Best: 0.9429) | MiF1: 0.9357 (Best: 0.9428)
2024-04-18 22:56:16,346 - root - INFO - Epoch: 153 | LR: 0.0002 | Loss 0.3361 | Val MaF1: 0.9353 (Best: 0.9463) | Test MaF1: 0.9355 (Best: 0.9429) | MiF1: 0.9357 (Best: 0.9428)
2024-04-18 22:56:17,308 - root - INFO - Epoch: 154 | LR: 0.0002 | Loss 0.3361 | Val MaF1: 0.9302 (Best: 0.9463) | Test MaF1: 0.9355 (Best: 0.9429) | MiF1: 0.9357 (Best: 0.9428)
2024-04-18 22:56:18,323 - root - INFO - Epoch: 155 | LR: 0.0002 | Loss 0.3361 | Val MaF1: 0.9302 (Best: 0.9463) | Test MaF1: 0.9354 (Best: 0.9429) | MiF1: 0.9357 (Best: 0.9428)
2024-04-18 22:56:19,292 - root - INFO - Epoch: 156 | LR: 0.0002 | Loss 0.3361 | Val MaF1: 0.9302 (Best: 0.9463) | Test MaF1: 0.9351 (Best: 0.9429) | MiF1: 0.9354 (Best: 0.9428)
2024-04-18 22:56:20,244 - root - INFO - Epoch: 157 | LR: 0.0002 | Loss 0.3361 | Val MaF1: 0.9302 (Best: 0.9463) | Test MaF1: 0.9351 (Best: 0.9429) | MiF1: 0.9354 (Best: 0.9428)
2024-04-18 22:56:21,184 - root - INFO - Epoch: 158 | LR: 0.0002 | Loss 0.3361 | Val MaF1: 0.9302 (Best: 0.9463) | Test MaF1: 0.9344 (Best: 0.9429) | MiF1: 0.9347 (Best: 0.9428)
2024-04-18 22:56:22,198 - root - INFO - Epoch: 159 | LR: 0.0002 | Loss 0.3360 | Val MaF1: 0.9302 (Best: 0.9463) | Test MaF1: 0.9333 (Best: 0.9429) | MiF1: 0.9336 (Best: 0.9428)
2024-04-18 22:56:23,213 - root - INFO - Epoch: 160 | LR: 0.0002 | Loss 0.3361 | Val MaF1: 0.9302 (Best: 0.9463) | Test MaF1: 0.9334 (Best: 0.9429) | MiF1: 0.9336 (Best: 0.9428)
2024-04-18 22:56:24,277 - root - INFO - Epoch: 161 | LR: 0.0002 | Loss 0.3360 | Val MaF1: 0.9302 (Best: 0.9463) | Test MaF1: 0.9338 (Best: 0.9429) | MiF1: 0.9339 (Best: 0.9428)
2024-04-18 22:56:25,302 - root - INFO - Epoch: 162 | LR: 0.0002 | Loss 0.3361 | Val MaF1: 0.9302 (Best: 0.9463) | Test MaF1: 0.9334 (Best: 0.9429) | MiF1: 0.9336 (Best: 0.9428)
2024-04-18 22:56:26,274 - root - INFO - Epoch: 163 | LR: 0.0002 | Loss 0.3360 | Val MaF1: 0.9302 (Best: 0.9463) | Test MaF1: 0.9334 (Best: 0.9429) | MiF1: 0.9336 (Best: 0.9428)
2024-04-18 22:56:27,227 - root - INFO - Epoch: 164 | LR: 0.0001 | Loss 0.3360 | Val MaF1: 0.9302 (Best: 0.9463) | Test MaF1: 0.9334 (Best: 0.9429) | MiF1: 0.9336 (Best: 0.9428)
2024-04-18 22:56:28,188 - root - INFO - Epoch: 165 | LR: 0.0001 | Loss 0.3360 | Val MaF1: 0.9302 (Best: 0.9463) | Test MaF1: 0.9334 (Best: 0.9429) | MiF1: 0.9336 (Best: 0.9428)
2024-04-18 22:56:29,156 - root - INFO - Epoch: 166 | LR: 0.0001 | Loss 0.3360 | Val MaF1: 0.9302 (Best: 0.9463) | Test MaF1: 0.9334 (Best: 0.9429) | MiF1: 0.9336 (Best: 0.9428)
2024-04-18 22:56:30,153 - root - INFO - Epoch: 167 | LR: 0.0001 | Loss 0.3360 | Val MaF1: 0.9302 (Best: 0.9463) | Test MaF1: 0.9329 (Best: 0.9429) | MiF1: 0.9332 (Best: 0.9428)
2024-04-18 22:56:31,102 - root - INFO - Epoch: 168 | LR: 0.0001 | Loss 0.3360 | Val MaF1: 0.9302 (Best: 0.9463) | Test MaF1: 0.9333 (Best: 0.9429) | MiF1: 0.9336 (Best: 0.9428)
2024-04-18 22:56:32,066 - root - INFO - Epoch: 169 | LR: 0.0001 | Loss 0.3360 | Val MaF1: 0.9302 (Best: 0.9463) | Test MaF1: 0.9336 (Best: 0.9429) | MiF1: 0.9339 (Best: 0.9428)
2024-04-18 22:56:33,036 - root - INFO - Epoch: 170 | LR: 0.0001 | Loss 0.3359 | Val MaF1: 0.9302 (Best: 0.9463) | Test MaF1: 0.9336 (Best: 0.9429) | MiF1: 0.9339 (Best: 0.9428)
2024-04-18 22:56:33,980 - root - INFO - Epoch: 171 | LR: 0.0001 | Loss 0.3360 | Val MaF1: 0.9302 (Best: 0.9463) | Test MaF1: 0.9333 (Best: 0.9429) | MiF1: 0.9336 (Best: 0.9428)
2024-04-18 22:56:34,922 - root - INFO - Epoch: 172 | LR: 0.0001 | Loss 0.3359 | Val MaF1: 0.9302 (Best: 0.9463) | Test MaF1: 0.9344 (Best: 0.9429) | MiF1: 0.9347 (Best: 0.9428)
2024-04-18 22:56:35,890 - root - INFO - Epoch: 173 | LR: 0.0001 | Loss 0.3359 | Val MaF1: 0.9302 (Best: 0.9463) | Test MaF1: 0.9348 (Best: 0.9429) | MiF1: 0.9350 (Best: 0.9428)
2024-04-18 22:56:36,908 - root - INFO - Epoch: 174 | LR: 0.0001 | Loss 0.3360 | Val MaF1: 0.9302 (Best: 0.9463) | Test MaF1: 0.9348 (Best: 0.9429) | MiF1: 0.9350 (Best: 0.9428)
2024-04-18 22:56:37,876 - root - INFO - Epoch: 175 | LR: 0.0001 | Loss 0.3360 | Val MaF1: 0.9302 (Best: 0.9463) | Test MaF1: 0.9348 (Best: 0.9429) | MiF1: 0.9350 (Best: 0.9428)
2024-04-18 22:56:38,846 - root - INFO - Epoch: 176 | LR: 0.0001 | Loss 0.3360 | Val MaF1: 0.9302 (Best: 0.9463) | Test MaF1: 0.9348 (Best: 0.9429) | MiF1: 0.9350 (Best: 0.9428)
2024-04-18 22:56:39,804 - root - INFO - Epoch: 177 | LR: 0.0001 | Loss 0.3359 | Val MaF1: 0.9302 (Best: 0.9463) | Test MaF1: 0.9348 (Best: 0.9429) | MiF1: 0.9350 (Best: 0.9428)
2024-04-18 22:56:40,763 - root - INFO - Epoch: 178 | LR: 0.0001 | Loss 0.3361 | Val MaF1: 0.9302 (Best: 0.9463) | Test MaF1: 0.9348 (Best: 0.9429) | MiF1: 0.9350 (Best: 0.9428)
2024-04-18 22:56:41,738 - root - INFO - Epoch: 179 | LR: 0.0000 | Loss 0.3360 | Val MaF1: 0.9302 (Best: 0.9463) | Test MaF1: 0.9351 (Best: 0.9429) | MiF1: 0.9354 (Best: 0.9428)
2024-04-18 22:56:42,746 - root - INFO - Epoch: 180 | LR: 0.0000 | Loss 0.3360 | Val MaF1: 0.9302 (Best: 0.9463) | Test MaF1: 0.9351 (Best: 0.9429) | MiF1: 0.9354 (Best: 0.9428)
2024-04-18 22:56:43,732 - root - INFO - Epoch: 181 | LR: 0.0000 | Loss 0.3359 | Val MaF1: 0.9302 (Best: 0.9463) | Test MaF1: 0.9351 (Best: 0.9429) | MiF1: 0.9354 (Best: 0.9428)
2024-04-18 22:56:44,717 - root - INFO - Epoch: 182 | LR: 0.0000 | Loss 0.3361 | Val MaF1: 0.9302 (Best: 0.9463) | Test MaF1: 0.9351 (Best: 0.9429) | MiF1: 0.9354 (Best: 0.9428)
2024-04-18 22:56:45,698 - root - INFO - Epoch: 183 | LR: 0.0000 | Loss 0.3359 | Val MaF1: 0.9302 (Best: 0.9463) | Test MaF1: 0.9351 (Best: 0.9429) | MiF1: 0.9354 (Best: 0.9428)
2024-04-18 22:56:46,677 - root - INFO - Epoch: 184 | LR: 0.0000 | Loss 0.3359 | Val MaF1: 0.9302 (Best: 0.9463) | Test MaF1: 0.9351 (Best: 0.9429) | MiF1: 0.9354 (Best: 0.9428)
2024-04-18 22:56:47,621 - root - INFO - Epoch: 185 | LR: 0.0000 | Loss 0.3359 | Val MaF1: 0.9302 (Best: 0.9463) | Test MaF1: 0.9351 (Best: 0.9429) | MiF1: 0.9354 (Best: 0.9428)
2024-04-18 22:56:48,653 - root - INFO - Epoch: 186 | LR: 0.0000 | Loss 0.3361 | Val MaF1: 0.9302 (Best: 0.9463) | Test MaF1: 0.9351 (Best: 0.9429) | MiF1: 0.9354 (Best: 0.9428)
2024-04-18 22:56:49,629 - root - INFO - Epoch: 187 | LR: 0.0000 | Loss 0.3359 | Val MaF1: 0.9302 (Best: 0.9463) | Test MaF1: 0.9355 (Best: 0.9429) | MiF1: 0.9357 (Best: 0.9428)
2024-04-18 22:56:50,582 - root - INFO - Epoch: 188 | LR: 0.0000 | Loss 0.3359 | Val MaF1: 0.9302 (Best: 0.9463) | Test MaF1: 0.9355 (Best: 0.9429) | MiF1: 0.9357 (Best: 0.9428)
2024-04-18 22:56:51,560 - root - INFO - Epoch: 189 | LR: 0.0000 | Loss 0.3359 | Val MaF1: 0.9302 (Best: 0.9463) | Test MaF1: 0.9355 (Best: 0.9429) | MiF1: 0.9357 (Best: 0.9428)
2024-04-18 22:56:52,525 - root - INFO - Epoch: 190 | LR: 0.0000 | Loss 0.3359 | Val MaF1: 0.9302 (Best: 0.9463) | Test MaF1: 0.9355 (Best: 0.9429) | MiF1: 0.9357 (Best: 0.9428)
2024-04-18 22:56:53,473 - root - INFO - Epoch: 191 | LR: 0.0000 | Loss 0.3359 | Val MaF1: 0.9302 (Best: 0.9463) | Test MaF1: 0.9355 (Best: 0.9429) | MiF1: 0.9357 (Best: 0.9428)
2024-04-18 22:56:54,422 - root - INFO - Epoch: 192 | LR: 0.0000 | Loss 0.3359 | Val MaF1: 0.9302 (Best: 0.9463) | Test MaF1: 0.9355 (Best: 0.9429) | MiF1: 0.9357 (Best: 0.9428)
2024-04-18 22:56:55,422 - root - INFO - Epoch: 193 | LR: 0.0000 | Loss 0.3360 | Val MaF1: 0.9302 (Best: 0.9463) | Test MaF1: 0.9355 (Best: 0.9429) | MiF1: 0.9357 (Best: 0.9428)
2024-04-18 22:56:56,381 - root - INFO - Epoch: 194 | LR: 0.0000 | Loss 0.3360 | Val MaF1: 0.9302 (Best: 0.9463) | Test MaF1: 0.9355 (Best: 0.9429) | MiF1: 0.9357 (Best: 0.9428)
2024-04-18 22:56:57,330 - root - INFO - Epoch: 195 | LR: 0.0000 | Loss 0.3360 | Val MaF1: 0.9302 (Best: 0.9463) | Test MaF1: 0.9355 (Best: 0.9429) | MiF1: 0.9357 (Best: 0.9428)
2024-04-18 22:56:58,292 - root - INFO - Epoch: 196 | LR: 0.0000 | Loss 0.3359 | Val MaF1: 0.9302 (Best: 0.9463) | Test MaF1: 0.9355 (Best: 0.9429) | MiF1: 0.9357 (Best: 0.9428)
2024-04-18 22:56:59,299 - root - INFO - Epoch: 197 | LR: 0.0000 | Loss 0.3359 | Val MaF1: 0.9302 (Best: 0.9463) | Test MaF1: 0.9355 (Best: 0.9429) | MiF1: 0.9357 (Best: 0.9428)
2024-04-18 22:57:00,315 - root - INFO - Epoch: 198 | LR: 0.0000 | Loss 0.3361 | Val MaF1: 0.9302 (Best: 0.9463) | Test MaF1: 0.9355 (Best: 0.9429) | MiF1: 0.9357 (Best: 0.9428)
2024-04-18 22:57:01,354 - root - INFO - Epoch: 199 | LR: 0.0000 | Loss 0.3359 | Val MaF1: 0.9302 (Best: 0.9463) | Test MaF1: 0.9355 (Best: 0.9429) | MiF1: 0.9357 (Best: 0.9428)
2024-04-18 22:57:02,337 - root - INFO - Epoch: 200 | LR: 0.0000 | Loss 0.3361 | Val MaF1: 0.9302 (Best: 0.9463) | Test MaF1: 0.9355 (Best: 0.9429) | MiF1: 0.9357 (Best: 0.9428)
2024-04-18 22:57:02,337 - root - INFO - Best Epoch: 47 | Train MiF1: 0.9975,  MaF1: 0.9976 | Val MiF1: 0.9451, MaF1: 0.9463 | Test MaF1: 0.9429, MiF1: 0.9428
2024-04-18 22:57:02,982 - root - INFO - ARI: 0.8474 | NMI: 0.7996
