2024-04-22 21:19:05,590 - root - INFO - {'prefix': 'SR-HGN', 'gpu': 0, 'feat': 1, 'seed': 0, 'verbose': 1, 'train_split': 0.2, 'val_split': 0.3, 'num_type_heads': 4, 'num_node_heads': 4, 'hidden_dim': 256, 'clip': 1.0, 'num_layers': 3, 'alpha': 0.5, 'epochs': 100, 'dataset': 'dblp', 'input_dim': 256, 'aggregate': 'concat', 'iscuda': True, 'cluster': True, 'max_lr': 0.001, 'weight_decay': 1e-05, 'heads': 1, 'han_heads': [4], 'hh_heads': 3, 'dropout': 0.2}
2024-04-22 21:19:08,548 - root - INFO - Training SR-HGN with #param: 10017728
2024-04-22 21:19:12,329 - root - INFO - ARI: 0.2249 | NMI: 0.2342
2024-04-22 21:19:12,330 - root - INFO - Epoch: 1 | LR: 0.0000 | Loss 1.3864 | Val MaF1: 0.3834 (Best: 0.3834) | Test MaF1: 0.3736 (Best: 0.3736) | MiF1: 0.4678 (Best: 0.4678)
2024-04-22 21:19:12,939 - root - INFO - Epoch: 2 | LR: 0.0001 | Loss 1.3776 | Val MaF1: 0.3316 (Best: 0.3834) | Test MaF1: 0.3313 (Best: 0.3736) | MiF1: 0.4755 (Best: 0.4678)
2024-04-22 21:19:13,534 - root - INFO - Epoch: 3 | LR: 0.0001 | Loss 1.3684 | Val MaF1: 0.3031 (Best: 0.3834) | Test MaF1: 0.3133 (Best: 0.3736) | MiF1: 0.4445 (Best: 0.4678)
2024-04-22 21:19:14,151 - root - INFO - Epoch: 4 | LR: 0.0001 | Loss 1.3592 | Val MaF1: 0.2848 (Best: 0.3834) | Test MaF1: 0.3035 (Best: 0.3736) | MiF1: 0.4216 (Best: 0.4678)
2024-04-22 21:19:14,807 - root - INFO - Epoch: 5 | LR: 0.0001 | Loss 1.3465 | Val MaF1: 0.3302 (Best: 0.3834) | Test MaF1: 0.3265 (Best: 0.3736) | MiF1: 0.4301 (Best: 0.4678)
2024-04-22 21:19:15,426 - root - INFO - Epoch: 6 | LR: 0.0001 | Loss 1.3324 | Val MaF1: 0.3917 (Best: 0.3834) | Test MaF1: 0.3705 (Best: 0.3736) | MiF1: 0.4607 (Best: 0.4678)
2024-04-22 21:19:16,327 - root - INFO - ARI: 0.5351 | NMI: 0.5442
2024-04-22 21:19:16,327 - root - INFO - Epoch: 7 | LR: 0.0002 | Loss 1.3142 | Val MaF1: 0.4843 (Best: 0.4843) | Test MaF1: 0.4477 (Best: 0.4477) | MiF1: 0.5298 (Best: 0.5298)
2024-04-22 21:19:17,245 - root - INFO - ARI: 0.5405 | NMI: 0.5478
2024-04-22 21:19:17,246 - root - INFO - Epoch: 8 | LR: 0.0002 | Loss 1.2941 | Val MaF1: 0.5477 (Best: 0.5477) | Test MaF1: 0.5253 (Best: 0.5253) | MiF1: 0.6147 (Best: 0.6147)
2024-04-22 21:19:18,156 - root - INFO - ARI: 0.5429 | NMI: 0.5488
2024-04-22 21:19:18,156 - root - INFO - Epoch: 9 | LR: 0.0003 | Loss 1.2692 | Val MaF1: 0.5915 (Best: 0.5915) | Test MaF1: 0.5770 (Best: 0.5770) | MiF1: 0.6795 (Best: 0.6795)
2024-04-22 21:19:19,053 - root - INFO - ARI: 0.5637 | NMI: 0.5601
2024-04-22 21:19:19,053 - root - INFO - Epoch: 10 | LR: 0.0003 | Loss 1.2395 | Val MaF1: 0.6234 (Best: 0.6234) | Test MaF1: 0.6103 (Best: 0.6103) | MiF1: 0.7246 (Best: 0.7246)
2024-04-22 21:19:19,961 - root - INFO - ARI: 0.6735 | NMI: 0.6206
2024-04-22 21:19:19,961 - root - INFO - Epoch: 11 | LR: 0.0003 | Loss 1.2033 | Val MaF1: 0.6583 (Best: 0.6583) | Test MaF1: 0.6703 (Best: 0.6703) | MiF1: 0.7644 (Best: 0.7644)
2024-04-22 21:19:20,875 - root - INFO - ARI: 0.7098 | NMI: 0.6537
2024-04-22 21:19:20,876 - root - INFO - Epoch: 12 | LR: 0.0004 | Loss 1.1611 | Val MaF1: 0.7721 (Best: 0.7721) | Test MaF1: 0.7699 (Best: 0.7699) | MiF1: 0.8165 (Best: 0.8165)
2024-04-22 21:19:21,780 - root - INFO - ARI: 0.7185 | NMI: 0.6601
2024-04-22 21:19:21,780 - root - INFO - Epoch: 13 | LR: 0.0004 | Loss 1.1107 | Val MaF1: 0.8681 (Best: 0.8681) | Test MaF1: 0.8456 (Best: 0.8456) | MiF1: 0.8644 (Best: 0.8644)
2024-04-22 21:19:22,689 - root - INFO - ARI: 0.7381 | NMI: 0.6732
2024-04-22 21:19:22,689 - root - INFO - Epoch: 14 | LR: 0.0005 | Loss 1.0600 | Val MaF1: 0.9003 (Best: 0.9003) | Test MaF1: 0.8711 (Best: 0.8711) | MiF1: 0.8827 (Best: 0.8827)
2024-04-22 21:19:23,571 - root - INFO - ARI: 0.7442 | NMI: 0.6763
2024-04-22 21:19:23,571 - root - INFO - Epoch: 15 | LR: 0.0005 | Loss 1.0110 | Val MaF1: 0.9001 (Best: 0.9001) | Test MaF1: 0.8763 (Best: 0.8763) | MiF1: 0.8859 (Best: 0.8859)
2024-04-22 21:19:24,461 - root - INFO - ARI: 0.7638 | NMI: 0.6945
2024-04-22 21:19:24,461 - root - INFO - Epoch: 16 | LR: 0.0006 | Loss 0.9710 | Val MaF1: 0.9054 (Best: 0.9054) | Test MaF1: 0.8830 (Best: 0.8830) | MiF1: 0.8919 (Best: 0.8919)
2024-04-22 21:19:25,350 - root - INFO - ARI: 0.7873 | NMI: 0.7198
2024-04-22 21:19:25,350 - root - INFO - Epoch: 17 | LR: 0.0006 | Loss 0.9287 | Val MaF1: 0.9106 (Best: 0.9106) | Test MaF1: 0.8969 (Best: 0.8969) | MiF1: 0.9045 (Best: 0.9045)
2024-04-22 21:19:26,247 - root - INFO - ARI: 0.8030 | NMI: 0.7384
2024-04-22 21:19:26,248 - root - INFO - Epoch: 18 | LR: 0.0007 | Loss 0.8970 | Val MaF1: 0.9196 (Best: 0.9196) | Test MaF1: 0.9039 (Best: 0.9039) | MiF1: 0.9109 (Best: 0.9109)
2024-04-22 21:19:27,150 - root - INFO - ARI: 0.8161 | NMI: 0.7561
2024-04-22 21:19:27,150 - root - INFO - Epoch: 19 | LR: 0.0007 | Loss 0.8617 | Val MaF1: 0.9226 (Best: 0.9226) | Test MaF1: 0.9112 (Best: 0.9112) | MiF1: 0.9172 (Best: 0.9172)
2024-04-22 21:19:28,046 - root - INFO - ARI: 0.8328 | NMI: 0.7747
2024-04-22 21:19:28,046 - root - INFO - Epoch: 20 | LR: 0.0008 | Loss 0.8339 | Val MaF1: 0.9189 (Best: 0.9189) | Test MaF1: 0.9211 (Best: 0.9211) | MiF1: 0.9264 (Best: 0.9264)
2024-04-22 21:19:28,938 - root - INFO - ARI: 0.8464 | NMI: 0.7864
2024-04-22 21:19:28,938 - root - INFO - Epoch: 21 | LR: 0.0008 | Loss 0.8042 | Val MaF1: 0.9214 (Best: 0.9214) | Test MaF1: 0.9283 (Best: 0.9283) | MiF1: 0.9331 (Best: 0.9331)
2024-04-22 21:19:29,847 - root - INFO - ARI: 0.8505 | NMI: 0.7932
2024-04-22 21:19:29,847 - root - INFO - Epoch: 22 | LR: 0.0009 | Loss 0.7805 | Val MaF1: 0.9170 (Best: 0.9170) | Test MaF1: 0.9326 (Best: 0.9326) | MiF1: 0.9366 (Best: 0.9366)
2024-04-22 21:19:30,733 - root - INFO - ARI: 0.8572 | NMI: 0.8011
2024-04-22 21:19:30,734 - root - INFO - Epoch: 23 | LR: 0.0009 | Loss 0.7685 | Val MaF1: 0.9217 (Best: 0.9217) | Test MaF1: 0.9372 (Best: 0.9372) | MiF1: 0.9408 (Best: 0.9408)
2024-04-22 21:19:31,361 - root - INFO - Epoch: 24 | LR: 0.0009 | Loss 0.7541 | Val MaF1: 0.9269 (Best: 0.9217) | Test MaF1: 0.9350 (Best: 0.9372) | MiF1: 0.9391 (Best: 0.9408)
2024-04-22 21:19:31,956 - root - INFO - Epoch: 25 | LR: 0.0010 | Loss 0.7420 | Val MaF1: 0.9238 (Best: 0.9217) | Test MaF1: 0.9292 (Best: 0.9372) | MiF1: 0.9341 (Best: 0.9408)
2024-04-22 21:19:32,552 - root - INFO - Epoch: 26 | LR: 0.0010 | Loss 0.7365 | Val MaF1: 0.9264 (Best: 0.9217) | Test MaF1: 0.9302 (Best: 0.9372) | MiF1: 0.9352 (Best: 0.9408)
2024-04-22 21:19:33,148 - root - INFO - Epoch: 27 | LR: 0.0010 | Loss 0.7279 | Val MaF1: 0.9300 (Best: 0.9217) | Test MaF1: 0.9346 (Best: 0.9372) | MiF1: 0.9387 (Best: 0.9408)
2024-04-22 21:19:33,745 - root - INFO - Epoch: 28 | LR: 0.0010 | Loss 0.7174 | Val MaF1: 0.9358 (Best: 0.9217) | Test MaF1: 0.9336 (Best: 0.9372) | MiF1: 0.9377 (Best: 0.9408)
2024-04-22 21:19:34,344 - root - INFO - Epoch: 29 | LR: 0.0010 | Loss 0.7104 | Val MaF1: 0.9358 (Best: 0.9217) | Test MaF1: 0.9335 (Best: 0.9372) | MiF1: 0.9377 (Best: 0.9408)
2024-04-22 21:19:34,940 - root - INFO - Epoch: 30 | LR: 0.0010 | Loss 0.7036 | Val MaF1: 0.9336 (Best: 0.9217) | Test MaF1: 0.9341 (Best: 0.9372) | MiF1: 0.9380 (Best: 0.9408)
2024-04-22 21:19:35,536 - root - INFO - Epoch: 31 | LR: 0.0010 | Loss 0.6958 | Val MaF1: 0.9228 (Best: 0.9217) | Test MaF1: 0.9366 (Best: 0.9372) | MiF1: 0.9405 (Best: 0.9408)
2024-04-22 21:19:36,131 - root - INFO - Epoch: 32 | LR: 0.0010 | Loss 0.6901 | Val MaF1: 0.9227 (Best: 0.9217) | Test MaF1: 0.9346 (Best: 0.9372) | MiF1: 0.9387 (Best: 0.9408)
2024-04-22 21:19:36,760 - root - INFO - Epoch: 33 | LR: 0.0010 | Loss 0.6861 | Val MaF1: 0.9199 (Best: 0.9217) | Test MaF1: 0.9295 (Best: 0.9372) | MiF1: 0.9338 (Best: 0.9408)
2024-04-22 21:19:37,370 - root - INFO - Epoch: 34 | LR: 0.0010 | Loss 0.6807 | Val MaF1: 0.9227 (Best: 0.9217) | Test MaF1: 0.9267 (Best: 0.9372) | MiF1: 0.9310 (Best: 0.9408)
2024-04-22 21:19:37,970 - root - INFO - Epoch: 35 | LR: 0.0010 | Loss 0.6769 | Val MaF1: 0.9226 (Best: 0.9217) | Test MaF1: 0.9302 (Best: 0.9372) | MiF1: 0.9345 (Best: 0.9408)
2024-04-22 21:19:38,565 - root - INFO - Epoch: 36 | LR: 0.0010 | Loss 0.6714 | Val MaF1: 0.9280 (Best: 0.9217) | Test MaF1: 0.9284 (Best: 0.9372) | MiF1: 0.9331 (Best: 0.9408)
2024-04-22 21:19:39,178 - root - INFO - Epoch: 37 | LR: 0.0010 | Loss 0.6673 | Val MaF1: 0.9280 (Best: 0.9217) | Test MaF1: 0.9292 (Best: 0.9372) | MiF1: 0.9338 (Best: 0.9408)
2024-04-22 21:19:39,778 - root - INFO - Epoch: 38 | LR: 0.0010 | Loss 0.6630 | Val MaF1: 0.9312 (Best: 0.9217) | Test MaF1: 0.9288 (Best: 0.9372) | MiF1: 0.9334 (Best: 0.9408)
2024-04-22 21:19:40,383 - root - INFO - Epoch: 39 | LR: 0.0010 | Loss 0.6591 | Val MaF1: 0.9279 (Best: 0.9217) | Test MaF1: 0.9264 (Best: 0.9372) | MiF1: 0.9310 (Best: 0.9408)
2024-04-22 21:19:40,981 - root - INFO - Epoch: 40 | LR: 0.0009 | Loss 0.6549 | Val MaF1: 0.9204 (Best: 0.9217) | Test MaF1: 0.9259 (Best: 0.9372) | MiF1: 0.9306 (Best: 0.9408)
2024-04-22 21:19:41,590 - root - INFO - Epoch: 41 | LR: 0.0009 | Loss 0.6530 | Val MaF1: 0.9249 (Best: 0.9217) | Test MaF1: 0.9255 (Best: 0.9372) | MiF1: 0.9303 (Best: 0.9408)
2024-04-22 21:19:42,207 - root - INFO - Epoch: 42 | LR: 0.0009 | Loss 0.6497 | Val MaF1: 0.9168 (Best: 0.9217) | Test MaF1: 0.9265 (Best: 0.9372) | MiF1: 0.9313 (Best: 0.9408)
2024-04-22 21:19:42,809 - root - INFO - Epoch: 43 | LR: 0.0009 | Loss 0.6456 | Val MaF1: 0.9173 (Best: 0.9217) | Test MaF1: 0.9285 (Best: 0.9372) | MiF1: 0.9331 (Best: 0.9408)
2024-04-22 21:19:43,410 - root - INFO - Epoch: 44 | LR: 0.0009 | Loss 0.6436 | Val MaF1: 0.9284 (Best: 0.9217) | Test MaF1: 0.9275 (Best: 0.9372) | MiF1: 0.9320 (Best: 0.9408)
2024-04-22 21:19:44,019 - root - INFO - Epoch: 45 | LR: 0.0009 | Loss 0.6402 | Val MaF1: 0.9311 (Best: 0.9217) | Test MaF1: 0.9260 (Best: 0.9372) | MiF1: 0.9306 (Best: 0.9408)
2024-04-22 21:19:44,645 - root - INFO - Epoch: 46 | LR: 0.0009 | Loss 0.6386 | Val MaF1: 0.9338 (Best: 0.9217) | Test MaF1: 0.9245 (Best: 0.9372) | MiF1: 0.9292 (Best: 0.9408)
2024-04-22 21:19:45,293 - root - INFO - Epoch: 47 | LR: 0.0008 | Loss 0.6355 | Val MaF1: 0.9312 (Best: 0.9217) | Test MaF1: 0.9240 (Best: 0.9372) | MiF1: 0.9288 (Best: 0.9408)
2024-04-22 21:19:45,895 - root - INFO - Epoch: 48 | LR: 0.0008 | Loss 0.6343 | Val MaF1: 0.9338 (Best: 0.9217) | Test MaF1: 0.9243 (Best: 0.9372) | MiF1: 0.9292 (Best: 0.9408)
2024-04-22 21:19:46,497 - root - INFO - Epoch: 49 | LR: 0.0008 | Loss 0.6322 | Val MaF1: 0.9311 (Best: 0.9217) | Test MaF1: 0.9254 (Best: 0.9372) | MiF1: 0.9303 (Best: 0.9408)
2024-04-22 21:19:47,142 - root - INFO - Epoch: 50 | LR: 0.0008 | Loss 0.6302 | Val MaF1: 0.9310 (Best: 0.9217) | Test MaF1: 0.9255 (Best: 0.9372) | MiF1: 0.9303 (Best: 0.9408)
2024-04-22 21:19:47,774 - root - INFO - Epoch: 51 | LR: 0.0008 | Loss 0.6281 | Val MaF1: 0.9249 (Best: 0.9217) | Test MaF1: 0.9270 (Best: 0.9372) | MiF1: 0.9317 (Best: 0.9408)
2024-04-22 21:19:48,372 - root - INFO - Epoch: 52 | LR: 0.0008 | Loss 0.6258 | Val MaF1: 0.9198 (Best: 0.9217) | Test MaF1: 0.9266 (Best: 0.9372) | MiF1: 0.9313 (Best: 0.9408)
2024-04-22 21:19:48,971 - root - INFO - Epoch: 53 | LR: 0.0007 | Loss 0.6250 | Val MaF1: 0.9198 (Best: 0.9217) | Test MaF1: 0.9263 (Best: 0.9372) | MiF1: 0.9310 (Best: 0.9408)
2024-04-22 21:19:49,569 - root - INFO - Epoch: 54 | LR: 0.0007 | Loss 0.6236 | Val MaF1: 0.9224 (Best: 0.9217) | Test MaF1: 0.9252 (Best: 0.9372) | MiF1: 0.9299 (Best: 0.9408)
2024-04-22 21:19:50,167 - root - INFO - Epoch: 55 | LR: 0.0007 | Loss 0.6208 | Val MaF1: 0.9255 (Best: 0.9217) | Test MaF1: 0.9251 (Best: 0.9372) | MiF1: 0.9299 (Best: 0.9408)
2024-04-22 21:19:50,763 - root - INFO - Epoch: 56 | LR: 0.0007 | Loss 0.6197 | Val MaF1: 0.9281 (Best: 0.9217) | Test MaF1: 0.9253 (Best: 0.9372) | MiF1: 0.9303 (Best: 0.9408)
2024-04-22 21:19:51,360 - root - INFO - Epoch: 57 | LR: 0.0007 | Loss 0.6180 | Val MaF1: 0.9307 (Best: 0.9217) | Test MaF1: 0.9238 (Best: 0.9372) | MiF1: 0.9288 (Best: 0.9408)
2024-04-22 21:19:51,958 - root - INFO - Epoch: 58 | LR: 0.0006 | Loss 0.6167 | Val MaF1: 0.9299 (Best: 0.9217) | Test MaF1: 0.9238 (Best: 0.9372) | MiF1: 0.9288 (Best: 0.9408)
2024-04-22 21:19:52,557 - root - INFO - Epoch: 59 | LR: 0.0006 | Loss 0.6157 | Val MaF1: 0.9268 (Best: 0.9217) | Test MaF1: 0.9249 (Best: 0.9372) | MiF1: 0.9296 (Best: 0.9408)
2024-04-22 21:19:53,158 - root - INFO - Epoch: 60 | LR: 0.0006 | Loss 0.6143 | Val MaF1: 0.9268 (Best: 0.9217) | Test MaF1: 0.9251 (Best: 0.9372) | MiF1: 0.9299 (Best: 0.9408)
2024-04-22 21:19:53,760 - root - INFO - Epoch: 61 | LR: 0.0006 | Loss 0.6138 | Val MaF1: 0.9274 (Best: 0.9217) | Test MaF1: 0.9254 (Best: 0.9372) | MiF1: 0.9303 (Best: 0.9408)
2024-04-22 21:19:54,360 - root - INFO - Epoch: 62 | LR: 0.0005 | Loss 0.6138 | Val MaF1: 0.9230 (Best: 0.9217) | Test MaF1: 0.9247 (Best: 0.9372) | MiF1: 0.9296 (Best: 0.9408)
2024-04-22 21:19:54,958 - root - INFO - Epoch: 63 | LR: 0.0005 | Loss 0.6119 | Val MaF1: 0.9253 (Best: 0.9217) | Test MaF1: 0.9245 (Best: 0.9372) | MiF1: 0.9292 (Best: 0.9408)
2024-04-22 21:19:55,557 - root - INFO - Epoch: 64 | LR: 0.0005 | Loss 0.6101 | Val MaF1: 0.9223 (Best: 0.9217) | Test MaF1: 0.9229 (Best: 0.9372) | MiF1: 0.9278 (Best: 0.9408)
2024-04-22 21:19:56,159 - root - INFO - Epoch: 65 | LR: 0.0005 | Loss 0.6100 | Val MaF1: 0.9303 (Best: 0.9217) | Test MaF1: 0.9228 (Best: 0.9372) | MiF1: 0.9278 (Best: 0.9408)
2024-04-22 21:19:56,756 - root - INFO - Epoch: 66 | LR: 0.0005 | Loss 0.6094 | Val MaF1: 0.9273 (Best: 0.9217) | Test MaF1: 0.9244 (Best: 0.9372) | MiF1: 0.9292 (Best: 0.9408)
2024-04-22 21:19:57,353 - root - INFO - Epoch: 67 | LR: 0.0004 | Loss 0.6087 | Val MaF1: 0.9243 (Best: 0.9217) | Test MaF1: 0.9243 (Best: 0.9372) | MiF1: 0.9292 (Best: 0.9408)
2024-04-22 21:19:57,952 - root - INFO - Epoch: 68 | LR: 0.0004 | Loss 0.6068 | Val MaF1: 0.9270 (Best: 0.9217) | Test MaF1: 0.9246 (Best: 0.9372) | MiF1: 0.9296 (Best: 0.9408)
2024-04-22 21:19:58,563 - root - INFO - Epoch: 69 | LR: 0.0004 | Loss 0.6077 | Val MaF1: 0.9273 (Best: 0.9217) | Test MaF1: 0.9250 (Best: 0.9372) | MiF1: 0.9299 (Best: 0.9408)
2024-04-22 21:19:59,164 - root - INFO - Epoch: 70 | LR: 0.0004 | Loss 0.6063 | Val MaF1: 0.9273 (Best: 0.9217) | Test MaF1: 0.9243 (Best: 0.9372) | MiF1: 0.9292 (Best: 0.9408)
2024-04-22 21:19:59,761 - root - INFO - Epoch: 71 | LR: 0.0003 | Loss 0.6055 | Val MaF1: 0.9273 (Best: 0.9217) | Test MaF1: 0.9248 (Best: 0.9372) | MiF1: 0.9296 (Best: 0.9408)
2024-04-22 21:20:00,360 - root - INFO - Epoch: 72 | LR: 0.0003 | Loss 0.6050 | Val MaF1: 0.9273 (Best: 0.9217) | Test MaF1: 0.9230 (Best: 0.9372) | MiF1: 0.9278 (Best: 0.9408)
2024-04-22 21:20:00,961 - root - INFO - Epoch: 73 | LR: 0.0003 | Loss 0.6049 | Val MaF1: 0.9273 (Best: 0.9217) | Test MaF1: 0.9226 (Best: 0.9372) | MiF1: 0.9274 (Best: 0.9408)
2024-04-22 21:20:01,562 - root - INFO - Epoch: 74 | LR: 0.0003 | Loss 0.6038 | Val MaF1: 0.9273 (Best: 0.9217) | Test MaF1: 0.9231 (Best: 0.9372) | MiF1: 0.9278 (Best: 0.9408)
2024-04-22 21:20:02,165 - root - INFO - Epoch: 75 | LR: 0.0003 | Loss 0.6029 | Val MaF1: 0.9273 (Best: 0.9217) | Test MaF1: 0.9234 (Best: 0.9372) | MiF1: 0.9281 (Best: 0.9408)
2024-04-22 21:20:02,767 - root - INFO - Epoch: 76 | LR: 0.0002 | Loss 0.6032 | Val MaF1: 0.9273 (Best: 0.9217) | Test MaF1: 0.9239 (Best: 0.9372) | MiF1: 0.9285 (Best: 0.9408)
2024-04-22 21:20:03,371 - root - INFO - Epoch: 77 | LR: 0.0002 | Loss 0.6026 | Val MaF1: 0.9323 (Best: 0.9217) | Test MaF1: 0.9230 (Best: 0.9372) | MiF1: 0.9278 (Best: 0.9408)
2024-04-22 21:20:03,971 - root - INFO - Epoch: 78 | LR: 0.0002 | Loss 0.6030 | Val MaF1: 0.9323 (Best: 0.9217) | Test MaF1: 0.9225 (Best: 0.9372) | MiF1: 0.9274 (Best: 0.9408)
2024-04-22 21:20:04,570 - root - INFO - Epoch: 79 | LR: 0.0002 | Loss 0.6022 | Val MaF1: 0.9323 (Best: 0.9217) | Test MaF1: 0.9218 (Best: 0.9372) | MiF1: 0.9267 (Best: 0.9408)
2024-04-22 21:20:05,170 - root - INFO - Epoch: 80 | LR: 0.0002 | Loss 0.6013 | Val MaF1: 0.9323 (Best: 0.9217) | Test MaF1: 0.9218 (Best: 0.9372) | MiF1: 0.9267 (Best: 0.9408)
2024-04-22 21:20:05,770 - root - INFO - Epoch: 81 | LR: 0.0002 | Loss 0.6021 | Val MaF1: 0.9323 (Best: 0.9217) | Test MaF1: 0.9222 (Best: 0.9372) | MiF1: 0.9271 (Best: 0.9408)
2024-04-22 21:20:06,370 - root - INFO - Epoch: 82 | LR: 0.0001 | Loss 0.6019 | Val MaF1: 0.9323 (Best: 0.9217) | Test MaF1: 0.9217 (Best: 0.9372) | MiF1: 0.9267 (Best: 0.9408)
2024-04-22 21:20:06,968 - root - INFO - Epoch: 83 | LR: 0.0001 | Loss 0.6009 | Val MaF1: 0.9323 (Best: 0.9217) | Test MaF1: 0.9213 (Best: 0.9372) | MiF1: 0.9264 (Best: 0.9408)
2024-04-22 21:20:07,566 - root - INFO - Epoch: 84 | LR: 0.0001 | Loss 0.6016 | Val MaF1: 0.9323 (Best: 0.9217) | Test MaF1: 0.9209 (Best: 0.9372) | MiF1: 0.9260 (Best: 0.9408)
2024-04-22 21:20:08,176 - root - INFO - Epoch: 85 | LR: 0.0001 | Loss 0.6010 | Val MaF1: 0.9323 (Best: 0.9217) | Test MaF1: 0.9208 (Best: 0.9372) | MiF1: 0.9260 (Best: 0.9408)
2024-04-22 21:20:08,781 - root - INFO - Epoch: 86 | LR: 0.0001 | Loss 0.6011 | Val MaF1: 0.9323 (Best: 0.9217) | Test MaF1: 0.9208 (Best: 0.9372) | MiF1: 0.9260 (Best: 0.9408)
2024-04-22 21:20:09,381 - root - INFO - Epoch: 87 | LR: 0.0001 | Loss 0.6006 | Val MaF1: 0.9323 (Best: 0.9217) | Test MaF1: 0.9212 (Best: 0.9372) | MiF1: 0.9264 (Best: 0.9408)
2024-04-22 21:20:09,980 - root - INFO - Epoch: 88 | LR: 0.0001 | Loss 0.6018 | Val MaF1: 0.9323 (Best: 0.9217) | Test MaF1: 0.9212 (Best: 0.9372) | MiF1: 0.9264 (Best: 0.9408)
2024-04-22 21:20:10,579 - root - INFO - Epoch: 89 | LR: 0.0000 | Loss 0.6003 | Val MaF1: 0.9323 (Best: 0.9217) | Test MaF1: 0.9212 (Best: 0.9372) | MiF1: 0.9264 (Best: 0.9408)
2024-04-22 21:20:11,178 - root - INFO - Epoch: 90 | LR: 0.0000 | Loss 0.6015 | Val MaF1: 0.9323 (Best: 0.9217) | Test MaF1: 0.9212 (Best: 0.9372) | MiF1: 0.9264 (Best: 0.9408)
2024-04-22 21:20:11,778 - root - INFO - Epoch: 91 | LR: 0.0000 | Loss 0.6008 | Val MaF1: 0.9323 (Best: 0.9217) | Test MaF1: 0.9212 (Best: 0.9372) | MiF1: 0.9264 (Best: 0.9408)
2024-04-22 21:20:12,380 - root - INFO - Epoch: 92 | LR: 0.0000 | Loss 0.5998 | Val MaF1: 0.9323 (Best: 0.9217) | Test MaF1: 0.9212 (Best: 0.9372) | MiF1: 0.9264 (Best: 0.9408)
2024-04-22 21:20:12,981 - root - INFO - Epoch: 93 | LR: 0.0000 | Loss 0.6008 | Val MaF1: 0.9323 (Best: 0.9217) | Test MaF1: 0.9212 (Best: 0.9372) | MiF1: 0.9264 (Best: 0.9408)
2024-04-22 21:20:13,582 - root - INFO - Epoch: 94 | LR: 0.0000 | Loss 0.6007 | Val MaF1: 0.9323 (Best: 0.9217) | Test MaF1: 0.9208 (Best: 0.9372) | MiF1: 0.9260 (Best: 0.9408)
2024-04-22 21:20:14,184 - root - INFO - Epoch: 95 | LR: 0.0000 | Loss 0.6002 | Val MaF1: 0.9323 (Best: 0.9217) | Test MaF1: 0.9208 (Best: 0.9372) | MiF1: 0.9260 (Best: 0.9408)
2024-04-22 21:20:14,784 - root - INFO - Epoch: 96 | LR: 0.0000 | Loss 0.6001 | Val MaF1: 0.9323 (Best: 0.9217) | Test MaF1: 0.9208 (Best: 0.9372) | MiF1: 0.9260 (Best: 0.9408)
2024-04-22 21:20:15,384 - root - INFO - Epoch: 97 | LR: 0.0000 | Loss 0.5998 | Val MaF1: 0.9323 (Best: 0.9217) | Test MaF1: 0.9208 (Best: 0.9372) | MiF1: 0.9260 (Best: 0.9408)
2024-04-22 21:20:15,981 - root - INFO - Epoch: 98 | LR: 0.0000 | Loss 0.5997 | Val MaF1: 0.9323 (Best: 0.9217) | Test MaF1: 0.9208 (Best: 0.9372) | MiF1: 0.9260 (Best: 0.9408)
2024-04-22 21:20:16,580 - root - INFO - Epoch: 99 | LR: 0.0000 | Loss 0.5996 | Val MaF1: 0.9323 (Best: 0.9217) | Test MaF1: 0.9208 (Best: 0.9372) | MiF1: 0.9260 (Best: 0.9408)
2024-04-22 21:20:17,208 - root - INFO - Epoch: 100 | LR: 0.0000 | Loss 0.5994 | Val MaF1: 0.9323 (Best: 0.9217) | Test MaF1: 0.9208 (Best: 0.9372) | MiF1: 0.9260 (Best: 0.9408)
2024-04-22 21:20:17,208 - root - INFO - Best Epoch: 23 | Train MiF1: 0.9582,  MaF1: 0.9544 | Val MiF1: 0.9284, MaF1: 0.9217 | Test MaF1: 0.9372, MiF1: 0.9408
2024-04-22 21:20:17,446 - root - INFO - ARI: 0.8572 | NMI: 0.8011
