2024-04-22 18:16:09,271 - root - INFO - {'prefix': 'SR-HGN', 'gpu': 0, 'feat': 1, 'seed': 0, 'verbose': 1, 'train_split': 0.2, 'val_split': 0.3, 'num_type_heads': 4, 'num_node_heads': 4, 'hidden_dim': 256, 'clip': 1.0, 'num_layers': 3, 'alpha': 0.5, 'epochs': 80, 'dataset': 'acm', 'input_dim': 256, 'aggregate': 'max', 'iscuda': True, 'cluster': True, 'max_lr': 0.001, 'weight_decay': 1e-05, 'heads': 8, 'han_heads': [4], 'hh_heads': 3, 'dropout': 0.2}
2024-04-22 18:16:13,561 - root - INFO - Training SR-HGN with #param: 32055699
2024-04-22 18:16:17,228 - root - INFO - ARI: 0.0256 | NMI: 0.0321
2024-04-22 18:16:17,229 - root - INFO - Epoch: 1 | LR: 0.0000 | Loss 1.0889 | Val MaF1: 0.2344 (Best: 0.2344) | Test MaF1: 0.2383 (Best: 0.2383) | MiF1: 0.4961 (Best: 0.4961)
2024-04-22 18:16:18,196 - root - INFO - Epoch: 2 | LR: 0.0001 | Loss 1.0773 | Val MaF1: 0.2204 (Best: 0.2344) | Test MaF1: 0.2219 (Best: 0.2383) | MiF1: 0.4957 (Best: 0.4961)
2024-04-22 18:16:19,173 - root - INFO - Epoch: 3 | LR: 0.0001 | Loss 1.0677 | Val MaF1: 0.2204 (Best: 0.2344) | Test MaF1: 0.2210 (Best: 0.2383) | MiF1: 0.4957 (Best: 0.4961)
2024-04-22 18:16:20,099 - root - INFO - Epoch: 4 | LR: 0.0001 | Loss 1.0566 | Val MaF1: 0.2204 (Best: 0.2344) | Test MaF1: 0.2210 (Best: 0.2383) | MiF1: 0.4957 (Best: 0.4961)
2024-04-22 18:16:21,011 - root - INFO - Epoch: 5 | LR: 0.0001 | Loss 1.0411 | Val MaF1: 0.2204 (Best: 0.2344) | Test MaF1: 0.2210 (Best: 0.2383) | MiF1: 0.4957 (Best: 0.4961)
2024-04-22 18:16:21,933 - root - INFO - Epoch: 6 | LR: 0.0002 | Loss 1.0235 | Val MaF1: 0.2204 (Best: 0.2344) | Test MaF1: 0.2210 (Best: 0.2383) | MiF1: 0.4957 (Best: 0.4961)
2024-04-22 18:16:22,858 - root - INFO - Epoch: 7 | LR: 0.0002 | Loss 1.0045 | Val MaF1: 0.2204 (Best: 0.2344) | Test MaF1: 0.2210 (Best: 0.2383) | MiF1: 0.4957 (Best: 0.4961)
2024-04-22 18:16:23,781 - root - INFO - Epoch: 8 | LR: 0.0003 | Loss 0.9843 | Val MaF1: 0.2204 (Best: 0.2344) | Test MaF1: 0.2210 (Best: 0.2383) | MiF1: 0.4957 (Best: 0.4961)
2024-04-22 18:16:24,698 - root - INFO - Epoch: 9 | LR: 0.0004 | Loss 0.9648 | Val MaF1: 0.2204 (Best: 0.2344) | Test MaF1: 0.2210 (Best: 0.2383) | MiF1: 0.4957 (Best: 0.4961)
2024-04-22 18:16:25,618 - root - INFO - Epoch: 10 | LR: 0.0004 | Loss 0.9454 | Val MaF1: 0.2204 (Best: 0.2344) | Test MaF1: 0.2210 (Best: 0.2383) | MiF1: 0.4957 (Best: 0.4961)
2024-04-22 18:16:26,576 - root - INFO - Epoch: 11 | LR: 0.0005 | Loss 0.9204 | Val MaF1: 0.2204 (Best: 0.2344) | Test MaF1: 0.2210 (Best: 0.2383) | MiF1: 0.4957 (Best: 0.4961)
2024-04-22 18:16:27,507 - root - INFO - Epoch: 12 | LR: 0.0006 | Loss 0.8884 | Val MaF1: 0.2204 (Best: 0.2344) | Test MaF1: 0.2251 (Best: 0.2383) | MiF1: 0.4972 (Best: 0.4961)
2024-04-22 18:16:29,117 - root - INFO - ARI: 0.7688 | NMI: 0.7415
2024-04-22 18:16:29,117 - root - INFO - Epoch: 13 | LR: 0.0006 | Loss 0.8526 | Val MaF1: 0.4592 (Best: 0.4592) | Test MaF1: 0.4249 (Best: 0.4249) | MiF1: 0.5820 (Best: 0.5820)
2024-04-22 18:16:30,824 - root - INFO - ARI: 0.7789 | NMI: 0.7496
2024-04-22 18:16:30,824 - root - INFO - Epoch: 14 | LR: 0.0007 | Loss 0.8157 | Val MaF1: 0.7430 (Best: 0.7430) | Test MaF1: 0.7453 (Best: 0.7453) | MiF1: 0.7823 (Best: 0.7823)
2024-04-22 18:16:32,489 - root - INFO - ARI: 0.7986 | NMI: 0.7648
2024-04-22 18:16:32,489 - root - INFO - Epoch: 15 | LR: 0.0007 | Loss 0.7774 | Val MaF1: 0.8667 (Best: 0.8667) | Test MaF1: 0.8763 (Best: 0.8763) | MiF1: 0.8835 (Best: 0.8835)
2024-04-22 18:16:34,141 - root - INFO - ARI: 0.8136 | NMI: 0.7700
2024-04-22 18:16:34,141 - root - INFO - Epoch: 16 | LR: 0.0008 | Loss 0.7359 | Val MaF1: 0.9053 (Best: 0.9053) | Test MaF1: 0.9131 (Best: 0.9131) | MiF1: 0.9151 (Best: 0.9151)
2024-04-22 18:16:35,851 - root - INFO - ARI: 0.8223 | NMI: 0.7768
2024-04-22 18:16:35,852 - root - INFO - Epoch: 17 | LR: 0.0008 | Loss 0.6924 | Val MaF1: 0.9226 (Best: 0.9226) | Test MaF1: 0.9217 (Best: 0.9217) | MiF1: 0.9229 (Best: 0.9229)
2024-04-22 18:16:36,821 - root - INFO - Epoch: 18 | LR: 0.0009 | Loss 0.6558 | Val MaF1: 0.9065 (Best: 0.9226) | Test MaF1: 0.9138 (Best: 0.9217) | MiF1: 0.9158 (Best: 0.9229)
2024-04-22 18:16:37,742 - root - INFO - Epoch: 19 | LR: 0.0009 | Loss 0.6246 | Val MaF1: 0.9040 (Best: 0.9226) | Test MaF1: 0.9127 (Best: 0.9217) | MiF1: 0.9148 (Best: 0.9229)
2024-04-22 18:16:38,666 - root - INFO - Epoch: 20 | LR: 0.0010 | Loss 0.5954 | Val MaF1: 0.9124 (Best: 0.9226) | Test MaF1: 0.9214 (Best: 0.9217) | MiF1: 0.9226 (Best: 0.9229)
2024-04-22 18:16:40,337 - root - INFO - ARI: 0.8283 | NMI: 0.7833
2024-04-22 18:16:40,337 - root - INFO - Epoch: 21 | LR: 0.0010 | Loss 0.5700 | Val MaF1: 0.9291 (Best: 0.9291) | Test MaF1: 0.9333 (Best: 0.9333) | MiF1: 0.9336 (Best: 0.9336)
2024-04-22 18:16:41,968 - root - INFO - ARI: 0.8332 | NMI: 0.7885
2024-04-22 18:16:41,968 - root - INFO - Epoch: 22 | LR: 0.0010 | Loss 0.5487 | Val MaF1: 0.9391 (Best: 0.9391) | Test MaF1: 0.9408 (Best: 0.9408) | MiF1: 0.9407 (Best: 0.9407)
2024-04-22 18:16:43,623 - root - INFO - ARI: 0.8430 | NMI: 0.7980
2024-04-22 18:16:43,624 - root - INFO - Epoch: 23 | LR: 0.0010 | Loss 0.5301 | Val MaF1: 0.9368 (Best: 0.9368) | Test MaF1: 0.9438 (Best: 0.9438) | MiF1: 0.9432 (Best: 0.9432)
2024-04-22 18:16:44,590 - root - INFO - Epoch: 24 | LR: 0.0010 | Loss 0.5158 | Val MaF1: 0.9368 (Best: 0.9368) | Test MaF1: 0.9419 (Best: 0.9438) | MiF1: 0.9414 (Best: 0.9432)
2024-04-22 18:16:45,567 - root - INFO - Epoch: 25 | LR: 0.0010 | Loss 0.5037 | Val MaF1: 0.9339 (Best: 0.9368) | Test MaF1: 0.9396 (Best: 0.9438) | MiF1: 0.9393 (Best: 0.9432)
2024-04-22 18:16:46,476 - root - INFO - Epoch: 26 | LR: 0.0010 | Loss 0.4921 | Val MaF1: 0.9262 (Best: 0.9368) | Test MaF1: 0.9375 (Best: 0.9438) | MiF1: 0.9371 (Best: 0.9432)
2024-04-22 18:16:47,406 - root - INFO - Epoch: 27 | LR: 0.0010 | Loss 0.4827 | Val MaF1: 0.9339 (Best: 0.9368) | Test MaF1: 0.9349 (Best: 0.9438) | MiF1: 0.9350 (Best: 0.9432)
2024-04-22 18:16:48,338 - root - INFO - Epoch: 28 | LR: 0.0010 | Loss 0.4753 | Val MaF1: 0.9364 (Best: 0.9368) | Test MaF1: 0.9353 (Best: 0.9438) | MiF1: 0.9354 (Best: 0.9432)
2024-04-22 18:16:49,260 - root - INFO - Epoch: 29 | LR: 0.0010 | Loss 0.4692 | Val MaF1: 0.9364 (Best: 0.9368) | Test MaF1: 0.9350 (Best: 0.9438) | MiF1: 0.9350 (Best: 0.9432)
2024-04-22 18:16:50,181 - root - INFO - Epoch: 30 | LR: 0.0010 | Loss 0.4622 | Val MaF1: 0.9364 (Best: 0.9368) | Test MaF1: 0.9361 (Best: 0.9438) | MiF1: 0.9361 (Best: 0.9432)
2024-04-22 18:16:51,103 - root - INFO - Epoch: 31 | LR: 0.0010 | Loss 0.4567 | Val MaF1: 0.9364 (Best: 0.9368) | Test MaF1: 0.9373 (Best: 0.9438) | MiF1: 0.9371 (Best: 0.9432)
2024-04-22 18:16:52,081 - root - INFO - Epoch: 32 | LR: 0.0009 | Loss 0.4522 | Val MaF1: 0.9340 (Best: 0.9368) | Test MaF1: 0.9366 (Best: 0.9438) | MiF1: 0.9364 (Best: 0.9432)
2024-04-22 18:16:53,002 - root - INFO - Epoch: 33 | LR: 0.0009 | Loss 0.4475 | Val MaF1: 0.9387 (Best: 0.9368) | Test MaF1: 0.9363 (Best: 0.9438) | MiF1: 0.9361 (Best: 0.9432)
2024-04-22 18:16:53,925 - root - INFO - Epoch: 34 | LR: 0.0009 | Loss 0.4438 | Val MaF1: 0.9410 (Best: 0.9368) | Test MaF1: 0.9370 (Best: 0.9438) | MiF1: 0.9368 (Best: 0.9432)
2024-04-22 18:16:54,849 - root - INFO - Epoch: 35 | LR: 0.0009 | Loss 0.4398 | Val MaF1: 0.9385 (Best: 0.9368) | Test MaF1: 0.9383 (Best: 0.9438) | MiF1: 0.9382 (Best: 0.9432)
2024-04-22 18:16:55,778 - root - INFO - Epoch: 36 | LR: 0.0009 | Loss 0.4367 | Val MaF1: 0.9362 (Best: 0.9368) | Test MaF1: 0.9377 (Best: 0.9438) | MiF1: 0.9375 (Best: 0.9432)
2024-04-22 18:16:56,690 - root - INFO - Epoch: 37 | LR: 0.0009 | Loss 0.4342 | Val MaF1: 0.9387 (Best: 0.9368) | Test MaF1: 0.9392 (Best: 0.9438) | MiF1: 0.9389 (Best: 0.9432)
2024-04-22 18:16:57,602 - root - INFO - Epoch: 38 | LR: 0.0008 | Loss 0.4318 | Val MaF1: 0.9387 (Best: 0.9368) | Test MaF1: 0.9395 (Best: 0.9438) | MiF1: 0.9393 (Best: 0.9432)
2024-04-22 18:16:58,522 - root - INFO - Epoch: 39 | LR: 0.0008 | Loss 0.4287 | Val MaF1: 0.9387 (Best: 0.9368) | Test MaF1: 0.9399 (Best: 0.9438) | MiF1: 0.9396 (Best: 0.9432)
2024-04-22 18:16:59,483 - root - INFO - Epoch: 40 | LR: 0.0008 | Loss 0.4268 | Val MaF1: 0.9387 (Best: 0.9368) | Test MaF1: 0.9404 (Best: 0.9438) | MiF1: 0.9400 (Best: 0.9432)
2024-04-22 18:17:00,439 - root - INFO - Epoch: 41 | LR: 0.0008 | Loss 0.4251 | Val MaF1: 0.9387 (Best: 0.9368) | Test MaF1: 0.9405 (Best: 0.9438) | MiF1: 0.9400 (Best: 0.9432)
2024-04-22 18:17:01,398 - root - INFO - Epoch: 42 | LR: 0.0007 | Loss 0.4230 | Val MaF1: 0.9362 (Best: 0.9368) | Test MaF1: 0.9394 (Best: 0.9438) | MiF1: 0.9389 (Best: 0.9432)
2024-04-22 18:17:02,317 - root - INFO - Epoch: 43 | LR: 0.0007 | Loss 0.4214 | Val MaF1: 0.9336 (Best: 0.9368) | Test MaF1: 0.9394 (Best: 0.9438) | MiF1: 0.9389 (Best: 0.9432)
2024-04-22 18:17:03,237 - root - INFO - Epoch: 44 | LR: 0.0007 | Loss 0.4196 | Val MaF1: 0.9336 (Best: 0.9368) | Test MaF1: 0.9387 (Best: 0.9438) | MiF1: 0.9382 (Best: 0.9432)
2024-04-22 18:17:04,153 - root - INFO - Epoch: 45 | LR: 0.0007 | Loss 0.4188 | Val MaF1: 0.9311 (Best: 0.9368) | Test MaF1: 0.9375 (Best: 0.9438) | MiF1: 0.9371 (Best: 0.9432)
2024-04-22 18:17:05,068 - root - INFO - Epoch: 46 | LR: 0.0006 | Loss 0.4176 | Val MaF1: 0.9309 (Best: 0.9368) | Test MaF1: 0.9364 (Best: 0.9438) | MiF1: 0.9361 (Best: 0.9432)
2024-04-22 18:17:06,033 - root - INFO - Epoch: 47 | LR: 0.0006 | Loss 0.4159 | Val MaF1: 0.9309 (Best: 0.9368) | Test MaF1: 0.9357 (Best: 0.9438) | MiF1: 0.9354 (Best: 0.9432)
2024-04-22 18:17:06,959 - root - INFO - Epoch: 48 | LR: 0.0006 | Loss 0.4153 | Val MaF1: 0.9309 (Best: 0.9368) | Test MaF1: 0.9360 (Best: 0.9438) | MiF1: 0.9357 (Best: 0.9432)
2024-04-22 18:17:07,887 - root - INFO - Epoch: 49 | LR: 0.0006 | Loss 0.4136 | Val MaF1: 0.9309 (Best: 0.9368) | Test MaF1: 0.9353 (Best: 0.9438) | MiF1: 0.9350 (Best: 0.9432)
2024-04-22 18:17:08,808 - root - INFO - Epoch: 50 | LR: 0.0005 | Loss 0.4123 | Val MaF1: 0.9309 (Best: 0.9368) | Test MaF1: 0.9350 (Best: 0.9438) | MiF1: 0.9347 (Best: 0.9432)
2024-04-22 18:17:09,728 - root - INFO - Epoch: 51 | LR: 0.0005 | Loss 0.4127 | Val MaF1: 0.9309 (Best: 0.9368) | Test MaF1: 0.9350 (Best: 0.9438) | MiF1: 0.9347 (Best: 0.9432)
2024-04-22 18:17:10,650 - root - INFO - Epoch: 52 | LR: 0.0005 | Loss 0.4114 | Val MaF1: 0.9309 (Best: 0.9368) | Test MaF1: 0.9361 (Best: 0.9438) | MiF1: 0.9357 (Best: 0.9432)
2024-04-22 18:17:11,565 - root - INFO - Epoch: 53 | LR: 0.0004 | Loss 0.4106 | Val MaF1: 0.9309 (Best: 0.9368) | Test MaF1: 0.9354 (Best: 0.9438) | MiF1: 0.9350 (Best: 0.9432)
2024-04-22 18:17:12,533 - root - INFO - Epoch: 54 | LR: 0.0004 | Loss 0.4103 | Val MaF1: 0.9309 (Best: 0.9368) | Test MaF1: 0.9358 (Best: 0.9438) | MiF1: 0.9354 (Best: 0.9432)
2024-04-22 18:17:13,450 - root - INFO - Epoch: 55 | LR: 0.0004 | Loss 0.4090 | Val MaF1: 0.9309 (Best: 0.9368) | Test MaF1: 0.9347 (Best: 0.9438) | MiF1: 0.9343 (Best: 0.9432)
2024-04-22 18:17:14,372 - root - INFO - Epoch: 56 | LR: 0.0004 | Loss 0.4090 | Val MaF1: 0.9309 (Best: 0.9368) | Test MaF1: 0.9343 (Best: 0.9438) | MiF1: 0.9339 (Best: 0.9432)
2024-04-22 18:17:15,303 - root - INFO - Epoch: 57 | LR: 0.0003 | Loss 0.4087 | Val MaF1: 0.9309 (Best: 0.9368) | Test MaF1: 0.9343 (Best: 0.9438) | MiF1: 0.9339 (Best: 0.9432)
2024-04-22 18:17:16,229 - root - INFO - Epoch: 58 | LR: 0.0003 | Loss 0.4075 | Val MaF1: 0.9309 (Best: 0.9368) | Test MaF1: 0.9343 (Best: 0.9438) | MiF1: 0.9339 (Best: 0.9432)
2024-04-22 18:17:17,144 - root - INFO - Epoch: 59 | LR: 0.0003 | Loss 0.4076 | Val MaF1: 0.9309 (Best: 0.9368) | Test MaF1: 0.9343 (Best: 0.9438) | MiF1: 0.9339 (Best: 0.9432)
2024-04-22 18:17:18,062 - root - INFO - Epoch: 60 | LR: 0.0003 | Loss 0.4070 | Val MaF1: 0.9309 (Best: 0.9368) | Test MaF1: 0.9347 (Best: 0.9438) | MiF1: 0.9343 (Best: 0.9432)
2024-04-22 18:17:19,028 - root - INFO - Epoch: 61 | LR: 0.0002 | Loss 0.4063 | Val MaF1: 0.9309 (Best: 0.9368) | Test MaF1: 0.9347 (Best: 0.9438) | MiF1: 0.9343 (Best: 0.9432)
2024-04-22 18:17:19,955 - root - INFO - Epoch: 62 | LR: 0.0002 | Loss 0.4065 | Val MaF1: 0.9309 (Best: 0.9368) | Test MaF1: 0.9339 (Best: 0.9438) | MiF1: 0.9336 (Best: 0.9432)
2024-04-22 18:17:20,876 - root - INFO - Epoch: 63 | LR: 0.0002 | Loss 0.4055 | Val MaF1: 0.9309 (Best: 0.9368) | Test MaF1: 0.9343 (Best: 0.9438) | MiF1: 0.9339 (Best: 0.9432)
2024-04-22 18:17:21,797 - root - INFO - Epoch: 64 | LR: 0.0002 | Loss 0.4064 | Val MaF1: 0.9309 (Best: 0.9368) | Test MaF1: 0.9343 (Best: 0.9438) | MiF1: 0.9339 (Best: 0.9432)
2024-04-22 18:17:22,719 - root - INFO - Epoch: 65 | LR: 0.0001 | Loss 0.4053 | Val MaF1: 0.9309 (Best: 0.9368) | Test MaF1: 0.9339 (Best: 0.9438) | MiF1: 0.9336 (Best: 0.9432)
2024-04-22 18:17:23,644 - root - INFO - Epoch: 66 | LR: 0.0001 | Loss 0.4055 | Val MaF1: 0.9309 (Best: 0.9368) | Test MaF1: 0.9335 (Best: 0.9438) | MiF1: 0.9332 (Best: 0.9432)
2024-04-22 18:17:24,573 - root - INFO - Epoch: 67 | LR: 0.0001 | Loss 0.4047 | Val MaF1: 0.9309 (Best: 0.9368) | Test MaF1: 0.9335 (Best: 0.9438) | MiF1: 0.9332 (Best: 0.9432)
2024-04-22 18:17:25,539 - root - INFO - Epoch: 68 | LR: 0.0001 | Loss 0.4048 | Val MaF1: 0.9334 (Best: 0.9368) | Test MaF1: 0.9339 (Best: 0.9438) | MiF1: 0.9336 (Best: 0.9432)
2024-04-22 18:17:26,461 - root - INFO - Epoch: 69 | LR: 0.0001 | Loss 0.4048 | Val MaF1: 0.9334 (Best: 0.9368) | Test MaF1: 0.9339 (Best: 0.9438) | MiF1: 0.9336 (Best: 0.9432)
2024-04-22 18:17:27,382 - root - INFO - Epoch: 70 | LR: 0.0001 | Loss 0.4047 | Val MaF1: 0.9334 (Best: 0.9368) | Test MaF1: 0.9339 (Best: 0.9438) | MiF1: 0.9336 (Best: 0.9432)
2024-04-22 18:17:28,313 - root - INFO - Epoch: 71 | LR: 0.0000 | Loss 0.4041 | Val MaF1: 0.9334 (Best: 0.9368) | Test MaF1: 0.9339 (Best: 0.9438) | MiF1: 0.9336 (Best: 0.9432)
2024-04-22 18:17:29,232 - root - INFO - Epoch: 72 | LR: 0.0000 | Loss 0.4048 | Val MaF1: 0.9334 (Best: 0.9368) | Test MaF1: 0.9339 (Best: 0.9438) | MiF1: 0.9336 (Best: 0.9432)
2024-04-22 18:17:30,153 - root - INFO - Epoch: 73 | LR: 0.0000 | Loss 0.4048 | Val MaF1: 0.9334 (Best: 0.9368) | Test MaF1: 0.9339 (Best: 0.9438) | MiF1: 0.9336 (Best: 0.9432)
2024-04-22 18:17:31,072 - root - INFO - Epoch: 74 | LR: 0.0000 | Loss 0.4041 | Val MaF1: 0.9334 (Best: 0.9368) | Test MaF1: 0.9339 (Best: 0.9438) | MiF1: 0.9336 (Best: 0.9432)
2024-04-22 18:17:32,046 - root - INFO - Epoch: 75 | LR: 0.0000 | Loss 0.4036 | Val MaF1: 0.9334 (Best: 0.9368) | Test MaF1: 0.9339 (Best: 0.9438) | MiF1: 0.9336 (Best: 0.9432)
2024-04-22 18:17:32,964 - root - INFO - Epoch: 76 | LR: 0.0000 | Loss 0.4035 | Val MaF1: 0.9334 (Best: 0.9368) | Test MaF1: 0.9339 (Best: 0.9438) | MiF1: 0.9336 (Best: 0.9432)
2024-04-22 18:17:33,886 - root - INFO - Epoch: 77 | LR: 0.0000 | Loss 0.4045 | Val MaF1: 0.9334 (Best: 0.9368) | Test MaF1: 0.9339 (Best: 0.9438) | MiF1: 0.9336 (Best: 0.9432)
2024-04-22 18:17:34,805 - root - INFO - Epoch: 78 | LR: 0.0000 | Loss 0.4047 | Val MaF1: 0.9334 (Best: 0.9368) | Test MaF1: 0.9339 (Best: 0.9438) | MiF1: 0.9336 (Best: 0.9432)
2024-04-22 18:17:35,726 - root - INFO - Epoch: 79 | LR: 0.0000 | Loss 0.4037 | Val MaF1: 0.9334 (Best: 0.9368) | Test MaF1: 0.9339 (Best: 0.9438) | MiF1: 0.9336 (Best: 0.9432)
2024-04-22 18:17:36,651 - root - INFO - Epoch: 80 | LR: 0.0000 | Loss 0.4045 | Val MaF1: 0.9334 (Best: 0.9368) | Test MaF1: 0.9339 (Best: 0.9438) | MiF1: 0.9336 (Best: 0.9432)
2024-04-22 18:17:36,651 - root - INFO - Best Epoch: 23 | Train MiF1: 0.9839,  MaF1: 0.9838 | Val MiF1: 0.9352, MaF1: 0.9368 | Test MaF1: 0.9438, MiF1: 0.9432
2024-04-22 18:17:37,161 - root - INFO - ARI: 0.8430 | NMI: 0.7980
