2024-04-18 17:03:02,041 - root - INFO - {'prefix': 'SR-HGN', 'gpu': 0, 'feat': 1, 'seed': 0, 'verbose': 1, 'train_split': 0.2, 'val_split': 0.3, 'num_type_heads': 4, 'num_node_heads': 4, 'hidden_dim': 16, 'clip': 1.0, 'num_layers': 3, 'alpha': 0.5, 'epochs': 100, 'dataset': 'imdb', 'input_dim': 256, 'aggregate': 'concat', 'iscuda': True, 'cluster': True, 'max_lr': 0.001, 'weight_decay': 1e-05, 'heads': 8, 'han_heads': [4], 'hh_heads': 3, 'dropout': 0.2}
2024-04-18 17:03:04,400 - root - INFO - Training SR-HGN with #param: 2475411
2024-04-18 17:03:06,318 - root - INFO - ARI: 0.0018 | NMI: 0.0019
2024-04-18 17:03:06,319 - root - INFO - Epoch: 1 | LR: 0.0000 | Loss 1.1106 | Val MaF1: 0.1402 (Best: 0.1402) | Test MaF1: 0.1397 (Best: 0.1397) | MiF1: 0.2652 (Best: 0.2652)
2024-04-18 17:03:06,893 - root - INFO - Epoch: 2 | LR: 0.0001 | Loss 1.1056 | Val MaF1: 0.1402 (Best: 0.1402) | Test MaF1: 0.1397 (Best: 0.1397) | MiF1: 0.2652 (Best: 0.2652)
2024-04-18 17:03:07,408 - root - INFO - Epoch: 3 | LR: 0.0001 | Loss 1.1040 | Val MaF1: 0.1402 (Best: 0.1402) | Test MaF1: 0.1397 (Best: 0.1397) | MiF1: 0.2652 (Best: 0.2652)
2024-04-18 17:03:07,930 - root - INFO - Epoch: 4 | LR: 0.0001 | Loss 1.1046 | Val MaF1: 0.1402 (Best: 0.1402) | Test MaF1: 0.1397 (Best: 0.1397) | MiF1: 0.2652 (Best: 0.2652)
2024-04-18 17:03:08,442 - root - INFO - Epoch: 5 | LR: 0.0001 | Loss 1.1080 | Val MaF1: 0.1402 (Best: 0.1402) | Test MaF1: 0.1397 (Best: 0.1397) | MiF1: 0.2652 (Best: 0.2652)
2024-04-18 17:03:09,438 - root - INFO - ARI: 0.0018 | NMI: 0.0021
2024-04-18 17:03:09,438 - root - INFO - Epoch: 6 | LR: 0.0001 | Loss 1.1038 | Val MaF1: 0.1402 (Best: 0.1402) | Test MaF1: 0.1404 (Best: 0.1404) | MiF1: 0.2655 (Best: 0.2655)
2024-04-18 17:03:10,530 - root - INFO - ARI: 0.0022 | NMI: 0.0025
2024-04-18 17:03:10,530 - root - INFO - Epoch: 7 | LR: 0.0002 | Loss 1.1049 | Val MaF1: 0.1449 (Best: 0.1449) | Test MaF1: 0.1423 (Best: 0.1423) | MiF1: 0.2665 (Best: 0.2665)
2024-04-18 17:03:11,600 - root - INFO - ARI: 0.0026 | NMI: 0.0031
2024-04-18 17:03:11,600 - root - INFO - Epoch: 8 | LR: 0.0002 | Loss 1.1009 | Val MaF1: 0.1537 (Best: 0.1537) | Test MaF1: 0.1455 (Best: 0.1455) | MiF1: 0.2679 (Best: 0.2679)
2024-04-18 17:03:12,736 - root - INFO - ARI: 0.0035 | NMI: 0.0039
2024-04-18 17:03:12,736 - root - INFO - Epoch: 9 | LR: 0.0003 | Loss 1.0963 | Val MaF1: 0.1751 (Best: 0.1751) | Test MaF1: 0.1707 (Best: 0.1707) | MiF1: 0.2789 (Best: 0.2789)
2024-04-18 17:03:13,752 - root - INFO - ARI: 0.0039 | NMI: 0.0045
2024-04-18 17:03:13,753 - root - INFO - Epoch: 10 | LR: 0.0003 | Loss 1.0936 | Val MaF1: 0.3070 (Best: 0.3070) | Test MaF1: 0.3135 (Best: 0.3135) | MiF1: 0.3577 (Best: 0.3577)
2024-04-18 17:03:14,796 - root - INFO - ARI: 0.0071 | NMI: 0.0077
2024-04-18 17:03:14,797 - root - INFO - Epoch: 11 | LR: 0.0003 | Loss 1.0934 | Val MaF1: 0.5161 (Best: 0.5161) | Test MaF1: 0.4854 (Best: 0.4854) | MiF1: 0.4853 (Best: 0.4853)
2024-04-18 17:03:15,875 - root - INFO - ARI: 0.0084 | NMI: 0.0098
2024-04-18 17:03:15,875 - root - INFO - Epoch: 12 | LR: 0.0004 | Loss 1.0887 | Val MaF1: 0.4914 (Best: 0.4914) | Test MaF1: 0.5093 (Best: 0.5093) | MiF1: 0.5291 (Best: 0.5291)
2024-04-18 17:03:16,446 - root - INFO - Epoch: 13 | LR: 0.0004 | Loss 1.0881 | Val MaF1: 0.4043 (Best: 0.4914) | Test MaF1: 0.4179 (Best: 0.5093) | MiF1: 0.4980 (Best: 0.5291)
2024-04-18 17:03:16,972 - root - INFO - Epoch: 14 | LR: 0.0005 | Loss 1.0782 | Val MaF1: 0.3769 (Best: 0.4914) | Test MaF1: 0.3894 (Best: 0.5093) | MiF1: 0.4910 (Best: 0.5291)
2024-04-18 17:03:17,494 - root - INFO - Epoch: 15 | LR: 0.0005 | Loss 1.0746 | Val MaF1: 0.3667 (Best: 0.4914) | Test MaF1: 0.3757 (Best: 0.5093) | MiF1: 0.4886 (Best: 0.5291)
2024-04-18 17:03:18,015 - root - INFO - Epoch: 16 | LR: 0.0006 | Loss 1.0684 | Val MaF1: 0.3734 (Best: 0.4914) | Test MaF1: 0.3709 (Best: 0.5093) | MiF1: 0.4873 (Best: 0.5291)
2024-04-18 17:03:18,537 - root - INFO - Epoch: 17 | LR: 0.0006 | Loss 1.0655 | Val MaF1: 0.3666 (Best: 0.4914) | Test MaF1: 0.3634 (Best: 0.5093) | MiF1: 0.4820 (Best: 0.5291)
2024-04-18 17:03:19,055 - root - INFO - Epoch: 18 | LR: 0.0007 | Loss 1.0559 | Val MaF1: 0.3678 (Best: 0.4914) | Test MaF1: 0.3600 (Best: 0.5093) | MiF1: 0.4793 (Best: 0.5291)
2024-04-18 17:03:19,574 - root - INFO - Epoch: 19 | LR: 0.0007 | Loss 1.0468 | Val MaF1: 0.3649 (Best: 0.4914) | Test MaF1: 0.3568 (Best: 0.5093) | MiF1: 0.4770 (Best: 0.5291)
2024-04-18 17:03:20,096 - root - INFO - Epoch: 20 | LR: 0.0008 | Loss 1.0369 | Val MaF1: 0.3672 (Best: 0.4914) | Test MaF1: 0.3555 (Best: 0.5093) | MiF1: 0.4770 (Best: 0.5291)
2024-04-18 17:03:20,616 - root - INFO - Epoch: 21 | LR: 0.0008 | Loss 1.0341 | Val MaF1: 0.3678 (Best: 0.4914) | Test MaF1: 0.3593 (Best: 0.5093) | MiF1: 0.4803 (Best: 0.5291)
2024-04-18 17:03:21,177 - root - INFO - Epoch: 22 | LR: 0.0009 | Loss 1.0233 | Val MaF1: 0.3700 (Best: 0.4914) | Test MaF1: 0.3624 (Best: 0.5093) | MiF1: 0.4833 (Best: 0.5291)
2024-04-18 17:03:21,699 - root - INFO - Epoch: 23 | LR: 0.0009 | Loss 1.0135 | Val MaF1: 0.3753 (Best: 0.4914) | Test MaF1: 0.3668 (Best: 0.5093) | MiF1: 0.4866 (Best: 0.5291)
2024-04-18 17:03:22,222 - root - INFO - Epoch: 24 | LR: 0.0009 | Loss 0.9995 | Val MaF1: 0.3735 (Best: 0.4914) | Test MaF1: 0.3793 (Best: 0.5093) | MiF1: 0.4943 (Best: 0.5291)
2024-04-18 17:03:22,746 - root - INFO - Epoch: 25 | LR: 0.0010 | Loss 0.9879 | Val MaF1: 0.3800 (Best: 0.4914) | Test MaF1: 0.3955 (Best: 0.5093) | MiF1: 0.5040 (Best: 0.5291)
2024-04-18 17:03:23,268 - root - INFO - Epoch: 26 | LR: 0.0010 | Loss 0.9690 | Val MaF1: 0.3958 (Best: 0.4914) | Test MaF1: 0.4169 (Best: 0.5093) | MiF1: 0.5160 (Best: 0.5291)
2024-04-18 17:03:23,787 - root - INFO - Epoch: 27 | LR: 0.0010 | Loss 0.9513 | Val MaF1: 0.4526 (Best: 0.4914) | Test MaF1: 0.4483 (Best: 0.5093) | MiF1: 0.5287 (Best: 0.5291)
2024-04-18 17:03:24,307 - root - INFO - Epoch: 28 | LR: 0.0010 | Loss 0.9263 | Val MaF1: 0.5049 (Best: 0.4914) | Test MaF1: 0.4907 (Best: 0.5093) | MiF1: 0.5488 (Best: 0.5291)
2024-04-18 17:03:25,319 - root - INFO - ARI: 0.1385 | NMI: 0.1698
2024-04-18 17:03:25,319 - root - INFO - Epoch: 29 | LR: 0.0010 | Loss 0.9029 | Val MaF1: 0.5787 (Best: 0.5787) | Test MaF1: 0.5451 (Best: 0.5451) | MiF1: 0.5755 (Best: 0.5755)
2024-04-18 17:03:26,487 - root - INFO - ARI: 0.1385 | NMI: 0.1697
2024-04-18 17:03:26,487 - root - INFO - Epoch: 30 | LR: 0.0010 | Loss 0.8789 | Val MaF1: 0.6251 (Best: 0.6251) | Test MaF1: 0.5940 (Best: 0.5940) | MiF1: 0.6039 (Best: 0.6039)
2024-04-18 17:03:27,482 - root - INFO - ARI: 0.1739 | NMI: 0.1820
2024-04-18 17:03:27,482 - root - INFO - Epoch: 31 | LR: 0.0010 | Loss 0.8526 | Val MaF1: 0.6604 (Best: 0.6604) | Test MaF1: 0.6222 (Best: 0.6222) | MiF1: 0.6232 (Best: 0.6232)
2024-04-18 17:03:28,517 - root - INFO - ARI: 0.2243 | NMI: 0.2149
2024-04-18 17:03:28,517 - root - INFO - Epoch: 32 | LR: 0.0010 | Loss 0.8272 | Val MaF1: 0.6542 (Best: 0.6542) | Test MaF1: 0.6257 (Best: 0.6257) | MiF1: 0.6249 (Best: 0.6249)
2024-04-18 17:03:29,541 - root - INFO - ARI: 0.2262 | NMI: 0.2182
2024-04-18 17:03:29,541 - root - INFO - Epoch: 33 | LR: 0.0010 | Loss 0.8003 | Val MaF1: 0.6543 (Best: 0.6543) | Test MaF1: 0.6278 (Best: 0.6278) | MiF1: 0.6266 (Best: 0.6266)
2024-04-18 17:03:30,587 - root - INFO - ARI: 0.2235 | NMI: 0.2170
2024-04-18 17:03:30,587 - root - INFO - Epoch: 34 | LR: 0.0010 | Loss 0.7714 | Val MaF1: 0.6571 (Best: 0.6571) | Test MaF1: 0.6322 (Best: 0.6322) | MiF1: 0.6306 (Best: 0.6306)
2024-04-18 17:03:31,179 - root - INFO - Epoch: 35 | LR: 0.0010 | Loss 0.7438 | Val MaF1: 0.6494 (Best: 0.6571) | Test MaF1: 0.6321 (Best: 0.6322) | MiF1: 0.6309 (Best: 0.6306)
2024-04-18 17:03:31,900 - root - INFO - Epoch: 36 | LR: 0.0010 | Loss 0.7158 | Val MaF1: 0.6565 (Best: 0.6571) | Test MaF1: 0.6316 (Best: 0.6322) | MiF1: 0.6306 (Best: 0.6306)
2024-04-18 17:03:32,953 - root - INFO - ARI: 0.2077 | NMI: 0.2123
2024-04-18 17:03:32,954 - root - INFO - Epoch: 37 | LR: 0.0010 | Loss 0.6907 | Val MaF1: 0.6646 (Best: 0.6646) | Test MaF1: 0.6341 (Best: 0.6341) | MiF1: 0.6329 (Best: 0.6329)
2024-04-18 17:03:33,951 - root - INFO - ARI: 0.2082 | NMI: 0.2114
2024-04-18 17:03:33,951 - root - INFO - Epoch: 38 | LR: 0.0010 | Loss 0.6681 | Val MaF1: 0.6643 (Best: 0.6643) | Test MaF1: 0.6391 (Best: 0.6391) | MiF1: 0.6379 (Best: 0.6379)
2024-04-18 17:03:34,946 - root - INFO - ARI: 0.2104 | NMI: 0.2122
2024-04-18 17:03:34,947 - root - INFO - Epoch: 39 | LR: 0.0010 | Loss 0.6424 | Val MaF1: 0.6646 (Best: 0.6646) | Test MaF1: 0.6394 (Best: 0.6394) | MiF1: 0.6386 (Best: 0.6386)
2024-04-18 17:03:35,514 - root - INFO - Epoch: 40 | LR: 0.0009 | Loss 0.6212 | Val MaF1: 0.6647 (Best: 0.6646) | Test MaF1: 0.6363 (Best: 0.6394) | MiF1: 0.6356 (Best: 0.6386)
2024-04-18 17:03:36,035 - root - INFO - Epoch: 41 | LR: 0.0009 | Loss 0.6008 | Val MaF1: 0.6653 (Best: 0.6646) | Test MaF1: 0.6345 (Best: 0.6394) | MiF1: 0.6343 (Best: 0.6386)
2024-04-18 17:03:36,559 - root - INFO - Epoch: 42 | LR: 0.0009 | Loss 0.5827 | Val MaF1: 0.6679 (Best: 0.6646) | Test MaF1: 0.6347 (Best: 0.6394) | MiF1: 0.6343 (Best: 0.6386)
2024-04-18 17:03:37,122 - root - INFO - Epoch: 43 | LR: 0.0009 | Loss 0.5668 | Val MaF1: 0.6699 (Best: 0.6646) | Test MaF1: 0.6334 (Best: 0.6394) | MiF1: 0.6329 (Best: 0.6386)
2024-04-18 17:03:37,647 - root - INFO - Epoch: 44 | LR: 0.0009 | Loss 0.5506 | Val MaF1: 0.6741 (Best: 0.6646) | Test MaF1: 0.6326 (Best: 0.6394) | MiF1: 0.6319 (Best: 0.6386)
2024-04-18 17:03:38,164 - root - INFO - Epoch: 45 | LR: 0.0009 | Loss 0.5369 | Val MaF1: 0.6741 (Best: 0.6646) | Test MaF1: 0.6298 (Best: 0.6394) | MiF1: 0.6293 (Best: 0.6386)
2024-04-18 17:03:38,685 - root - INFO - Epoch: 46 | LR: 0.0009 | Loss 0.5267 | Val MaF1: 0.6722 (Best: 0.6646) | Test MaF1: 0.6325 (Best: 0.6394) | MiF1: 0.6319 (Best: 0.6386)
2024-04-18 17:03:39,346 - root - INFO - Epoch: 47 | LR: 0.0008 | Loss 0.5102 | Val MaF1: 0.6698 (Best: 0.6646) | Test MaF1: 0.6306 (Best: 0.6394) | MiF1: 0.6299 (Best: 0.6386)
2024-04-18 17:03:39,872 - root - INFO - Epoch: 48 | LR: 0.0008 | Loss 0.5024 | Val MaF1: 0.6669 (Best: 0.6646) | Test MaF1: 0.6289 (Best: 0.6394) | MiF1: 0.6283 (Best: 0.6386)
2024-04-18 17:03:40,385 - root - INFO - Epoch: 49 | LR: 0.0008 | Loss 0.4919 | Val MaF1: 0.6669 (Best: 0.6646) | Test MaF1: 0.6274 (Best: 0.6394) | MiF1: 0.6269 (Best: 0.6386)
2024-04-18 17:03:40,897 - root - INFO - Epoch: 50 | LR: 0.0008 | Loss 0.4843 | Val MaF1: 0.6666 (Best: 0.6646) | Test MaF1: 0.6294 (Best: 0.6394) | MiF1: 0.6286 (Best: 0.6386)
2024-04-18 17:03:41,412 - root - INFO - Epoch: 51 | LR: 0.0008 | Loss 0.4771 | Val MaF1: 0.6669 (Best: 0.6646) | Test MaF1: 0.6289 (Best: 0.6394) | MiF1: 0.6279 (Best: 0.6386)
2024-04-18 17:03:41,931 - root - INFO - Epoch: 52 | LR: 0.0008 | Loss 0.4673 | Val MaF1: 0.6697 (Best: 0.6646) | Test MaF1: 0.6331 (Best: 0.6394) | MiF1: 0.6323 (Best: 0.6386)
2024-04-18 17:03:42,451 - root - INFO - Epoch: 53 | LR: 0.0007 | Loss 0.4619 | Val MaF1: 0.6673 (Best: 0.6646) | Test MaF1: 0.6342 (Best: 0.6394) | MiF1: 0.6333 (Best: 0.6386)
2024-04-18 17:03:42,968 - root - INFO - Epoch: 54 | LR: 0.0007 | Loss 0.4550 | Val MaF1: 0.6607 (Best: 0.6646) | Test MaF1: 0.6338 (Best: 0.6394) | MiF1: 0.6329 (Best: 0.6386)
2024-04-18 17:03:43,531 - root - INFO - Epoch: 55 | LR: 0.0007 | Loss 0.4497 | Val MaF1: 0.6587 (Best: 0.6646) | Test MaF1: 0.6343 (Best: 0.6394) | MiF1: 0.6336 (Best: 0.6386)
2024-04-18 17:03:44,061 - root - INFO - Epoch: 56 | LR: 0.0007 | Loss 0.4472 | Val MaF1: 0.6535 (Best: 0.6646) | Test MaF1: 0.6334 (Best: 0.6394) | MiF1: 0.6329 (Best: 0.6386)
2024-04-18 17:03:44,588 - root - INFO - Epoch: 57 | LR: 0.0007 | Loss 0.4424 | Val MaF1: 0.6541 (Best: 0.6646) | Test MaF1: 0.6332 (Best: 0.6394) | MiF1: 0.6326 (Best: 0.6386)
2024-04-18 17:03:45,119 - root - INFO - Epoch: 58 | LR: 0.0006 | Loss 0.4366 | Val MaF1: 0.6561 (Best: 0.6646) | Test MaF1: 0.6332 (Best: 0.6394) | MiF1: 0.6326 (Best: 0.6386)
2024-04-18 17:03:45,646 - root - INFO - Epoch: 59 | LR: 0.0006 | Loss 0.4342 | Val MaF1: 0.6561 (Best: 0.6646) | Test MaF1: 0.6329 (Best: 0.6394) | MiF1: 0.6323 (Best: 0.6386)
2024-04-18 17:03:46,180 - root - INFO - Epoch: 60 | LR: 0.0006 | Loss 0.4316 | Val MaF1: 0.6560 (Best: 0.6646) | Test MaF1: 0.6325 (Best: 0.6394) | MiF1: 0.6319 (Best: 0.6386)
2024-04-18 17:03:46,718 - root - INFO - Epoch: 61 | LR: 0.0006 | Loss 0.4280 | Val MaF1: 0.6539 (Best: 0.6646) | Test MaF1: 0.6323 (Best: 0.6394) | MiF1: 0.6316 (Best: 0.6386)
2024-04-18 17:03:47,263 - root - INFO - Epoch: 62 | LR: 0.0005 | Loss 0.4249 | Val MaF1: 0.6588 (Best: 0.6646) | Test MaF1: 0.6309 (Best: 0.6394) | MiF1: 0.6303 (Best: 0.6386)
2024-04-18 17:03:47,822 - root - INFO - Epoch: 63 | LR: 0.0005 | Loss 0.4228 | Val MaF1: 0.6563 (Best: 0.6646) | Test MaF1: 0.6309 (Best: 0.6394) | MiF1: 0.6303 (Best: 0.6386)
2024-04-18 17:03:48,357 - root - INFO - Epoch: 64 | LR: 0.0005 | Loss 0.4200 | Val MaF1: 0.6563 (Best: 0.6646) | Test MaF1: 0.6308 (Best: 0.6394) | MiF1: 0.6303 (Best: 0.6386)
2024-04-18 17:03:48,901 - root - INFO - Epoch: 65 | LR: 0.0005 | Loss 0.4186 | Val MaF1: 0.6513 (Best: 0.6646) | Test MaF1: 0.6307 (Best: 0.6394) | MiF1: 0.6303 (Best: 0.6386)
2024-04-18 17:03:49,435 - root - INFO - Epoch: 66 | LR: 0.0005 | Loss 0.4158 | Val MaF1: 0.6490 (Best: 0.6646) | Test MaF1: 0.6312 (Best: 0.6394) | MiF1: 0.6306 (Best: 0.6386)
2024-04-18 17:03:49,996 - root - INFO - Epoch: 67 | LR: 0.0004 | Loss 0.4143 | Val MaF1: 0.6470 (Best: 0.6646) | Test MaF1: 0.6308 (Best: 0.6394) | MiF1: 0.6303 (Best: 0.6386)
2024-04-18 17:03:50,533 - root - INFO - Epoch: 68 | LR: 0.0004 | Loss 0.4114 | Val MaF1: 0.6492 (Best: 0.6646) | Test MaF1: 0.6299 (Best: 0.6394) | MiF1: 0.6293 (Best: 0.6386)
2024-04-18 17:03:51,052 - root - INFO - Epoch: 69 | LR: 0.0004 | Loss 0.4111 | Val MaF1: 0.6471 (Best: 0.6646) | Test MaF1: 0.6294 (Best: 0.6394) | MiF1: 0.6286 (Best: 0.6386)
2024-04-18 17:03:51,567 - root - INFO - Epoch: 70 | LR: 0.0004 | Loss 0.4110 | Val MaF1: 0.6447 (Best: 0.6646) | Test MaF1: 0.6299 (Best: 0.6394) | MiF1: 0.6289 (Best: 0.6386)
2024-04-18 17:03:52,090 - root - INFO - Epoch: 71 | LR: 0.0003 | Loss 0.4105 | Val MaF1: 0.6444 (Best: 0.6646) | Test MaF1: 0.6299 (Best: 0.6394) | MiF1: 0.6289 (Best: 0.6386)
2024-04-18 17:03:52,615 - root - INFO - Epoch: 72 | LR: 0.0003 | Loss 0.4081 | Val MaF1: 0.6420 (Best: 0.6646) | Test MaF1: 0.6295 (Best: 0.6394) | MiF1: 0.6286 (Best: 0.6386)
2024-04-18 17:03:53,135 - root - INFO - Epoch: 73 | LR: 0.0003 | Loss 0.4079 | Val MaF1: 0.6440 (Best: 0.6646) | Test MaF1: 0.6306 (Best: 0.6394) | MiF1: 0.6296 (Best: 0.6386)
2024-04-18 17:03:53,656 - root - INFO - Epoch: 74 | LR: 0.0003 | Loss 0.4065 | Val MaF1: 0.6420 (Best: 0.6646) | Test MaF1: 0.6302 (Best: 0.6394) | MiF1: 0.6293 (Best: 0.6386)
2024-04-18 17:03:54,179 - root - INFO - Epoch: 75 | LR: 0.0003 | Loss 0.4056 | Val MaF1: 0.6375 (Best: 0.6646) | Test MaF1: 0.6309 (Best: 0.6394) | MiF1: 0.6299 (Best: 0.6386)
2024-04-18 17:03:54,701 - root - INFO - Epoch: 76 | LR: 0.0002 | Loss 0.4050 | Val MaF1: 0.6375 (Best: 0.6646) | Test MaF1: 0.6309 (Best: 0.6394) | MiF1: 0.6299 (Best: 0.6386)
2024-04-18 17:03:55,227 - root - INFO - Epoch: 77 | LR: 0.0002 | Loss 0.4034 | Val MaF1: 0.6375 (Best: 0.6646) | Test MaF1: 0.6309 (Best: 0.6394) | MiF1: 0.6299 (Best: 0.6386)
2024-04-18 17:03:55,752 - root - INFO - Epoch: 78 | LR: 0.0002 | Loss 0.4020 | Val MaF1: 0.6375 (Best: 0.6646) | Test MaF1: 0.6312 (Best: 0.6394) | MiF1: 0.6303 (Best: 0.6386)
2024-04-18 17:03:56,313 - root - INFO - Epoch: 79 | LR: 0.0002 | Loss 0.4027 | Val MaF1: 0.6375 (Best: 0.6646) | Test MaF1: 0.6309 (Best: 0.6394) | MiF1: 0.6299 (Best: 0.6386)
2024-04-18 17:03:56,842 - root - INFO - Epoch: 80 | LR: 0.0002 | Loss 0.4009 | Val MaF1: 0.6375 (Best: 0.6646) | Test MaF1: 0.6306 (Best: 0.6394) | MiF1: 0.6296 (Best: 0.6386)
2024-04-18 17:03:57,361 - root - INFO - Epoch: 81 | LR: 0.0002 | Loss 0.4011 | Val MaF1: 0.6375 (Best: 0.6646) | Test MaF1: 0.6309 (Best: 0.6394) | MiF1: 0.6299 (Best: 0.6386)
2024-04-18 17:03:57,883 - root - INFO - Epoch: 82 | LR: 0.0001 | Loss 0.4002 | Val MaF1: 0.6375 (Best: 0.6646) | Test MaF1: 0.6309 (Best: 0.6394) | MiF1: 0.6299 (Best: 0.6386)
2024-04-18 17:03:58,403 - root - INFO - Epoch: 83 | LR: 0.0001 | Loss 0.4008 | Val MaF1: 0.6375 (Best: 0.6646) | Test MaF1: 0.6309 (Best: 0.6394) | MiF1: 0.6299 (Best: 0.6386)
2024-04-18 17:03:58,926 - root - INFO - Epoch: 84 | LR: 0.0001 | Loss 0.4010 | Val MaF1: 0.6375 (Best: 0.6646) | Test MaF1: 0.6306 (Best: 0.6394) | MiF1: 0.6296 (Best: 0.6386)
2024-04-18 17:03:59,446 - root - INFO - Epoch: 85 | LR: 0.0001 | Loss 0.3996 | Val MaF1: 0.6395 (Best: 0.6646) | Test MaF1: 0.6302 (Best: 0.6394) | MiF1: 0.6293 (Best: 0.6386)
2024-04-18 17:03:59,968 - root - INFO - Epoch: 86 | LR: 0.0001 | Loss 0.3990 | Val MaF1: 0.6395 (Best: 0.6646) | Test MaF1: 0.6299 (Best: 0.6394) | MiF1: 0.6289 (Best: 0.6386)
2024-04-18 17:04:00,501 - root - INFO - Epoch: 87 | LR: 0.0001 | Loss 0.3997 | Val MaF1: 0.6416 (Best: 0.6646) | Test MaF1: 0.6302 (Best: 0.6394) | MiF1: 0.6293 (Best: 0.6386)
2024-04-18 17:04:01,036 - root - INFO - Epoch: 88 | LR: 0.0001 | Loss 0.3992 | Val MaF1: 0.6416 (Best: 0.6646) | Test MaF1: 0.6302 (Best: 0.6394) | MiF1: 0.6293 (Best: 0.6386)
2024-04-18 17:04:01,566 - root - INFO - Epoch: 89 | LR: 0.0000 | Loss 0.3989 | Val MaF1: 0.6416 (Best: 0.6646) | Test MaF1: 0.6302 (Best: 0.6394) | MiF1: 0.6293 (Best: 0.6386)
2024-04-18 17:04:02,090 - root - INFO - Epoch: 90 | LR: 0.0000 | Loss 0.3986 | Val MaF1: 0.6416 (Best: 0.6646) | Test MaF1: 0.6305 (Best: 0.6394) | MiF1: 0.6296 (Best: 0.6386)
2024-04-18 17:04:02,668 - root - INFO - Epoch: 91 | LR: 0.0000 | Loss 0.3992 | Val MaF1: 0.6416 (Best: 0.6646) | Test MaF1: 0.6305 (Best: 0.6394) | MiF1: 0.6296 (Best: 0.6386)
2024-04-18 17:04:03,343 - root - INFO - Epoch: 92 | LR: 0.0000 | Loss 0.3997 | Val MaF1: 0.6416 (Best: 0.6646) | Test MaF1: 0.6305 (Best: 0.6394) | MiF1: 0.6296 (Best: 0.6386)
2024-04-18 17:04:03,867 - root - INFO - Epoch: 93 | LR: 0.0000 | Loss 0.3991 | Val MaF1: 0.6416 (Best: 0.6646) | Test MaF1: 0.6305 (Best: 0.6394) | MiF1: 0.6296 (Best: 0.6386)
2024-04-18 17:04:04,384 - root - INFO - Epoch: 94 | LR: 0.0000 | Loss 0.3996 | Val MaF1: 0.6416 (Best: 0.6646) | Test MaF1: 0.6305 (Best: 0.6394) | MiF1: 0.6296 (Best: 0.6386)
2024-04-18 17:04:04,898 - root - INFO - Epoch: 95 | LR: 0.0000 | Loss 0.3994 | Val MaF1: 0.6416 (Best: 0.6646) | Test MaF1: 0.6305 (Best: 0.6394) | MiF1: 0.6296 (Best: 0.6386)
2024-04-18 17:04:05,419 - root - INFO - Epoch: 96 | LR: 0.0000 | Loss 0.3989 | Val MaF1: 0.6416 (Best: 0.6646) | Test MaF1: 0.6305 (Best: 0.6394) | MiF1: 0.6296 (Best: 0.6386)
2024-04-18 17:04:05,946 - root - INFO - Epoch: 97 | LR: 0.0000 | Loss 0.3979 | Val MaF1: 0.6416 (Best: 0.6646) | Test MaF1: 0.6305 (Best: 0.6394) | MiF1: 0.6296 (Best: 0.6386)
2024-04-18 17:04:06,474 - root - INFO - Epoch: 98 | LR: 0.0000 | Loss 0.3988 | Val MaF1: 0.6416 (Best: 0.6646) | Test MaF1: 0.6305 (Best: 0.6394) | MiF1: 0.6296 (Best: 0.6386)
2024-04-18 17:04:06,999 - root - INFO - Epoch: 99 | LR: 0.0000 | Loss 0.3979 | Val MaF1: 0.6416 (Best: 0.6646) | Test MaF1: 0.6305 (Best: 0.6394) | MiF1: 0.6296 (Best: 0.6386)
2024-04-18 17:04:07,523 - root - INFO - Epoch: 100 | LR: 0.0000 | Loss 0.3989 | Val MaF1: 0.6416 (Best: 0.6646) | Test MaF1: 0.6305 (Best: 0.6394) | MiF1: 0.6296 (Best: 0.6386)
2024-04-18 17:04:07,523 - root - INFO - Best Epoch: 39 | Train MiF1: 0.9731,  MaF1: 0.9731 | Val MiF1: 0.6636, MaF1: 0.6646 | Test MaF1: 0.6394, MiF1: 0.6386
2024-04-18 17:04:07,883 - root - INFO - ARI: 0.2104 | NMI: 0.2122
