2024-04-18 16:19:11,204 - root - INFO - {'prefix': 'SR-HGN', 'gpu': 0, 'feat': 1, 'seed': 0, 'verbose': 1, 'train_split': 0.2, 'val_split': 0.3, 'num_type_heads': 4, 'num_node_heads': 4, 'hidden_dim': 32, 'clip': 1.0, 'num_layers': 3, 'alpha': 0.5, 'epochs': 80, 'dataset': 'acm', 'input_dim': 256, 'aggregate': 'concat', 'iscuda': True, 'cluster': True, 'max_lr': 0.001, 'weight_decay': 1e-05, 'heads': 8, 'han_heads': [4], 'hh_heads': 3, 'dropout': 0.2}
2024-04-18 16:19:13,843 - root - INFO - Training SR-HGN with #param: 2511891
2024-04-18 16:19:16,650 - root - INFO - ARI: 0.0163 | NMI: 0.0123
2024-04-18 16:19:16,651 - root - INFO - Epoch: 1 | LR: 0.0000 | Loss 1.0903 | Val MaF1: 0.2811 (Best: 0.2811) | Test MaF1: 0.3087 (Best: 0.3087) | MiF1: 0.4663 (Best: 0.4663)
2024-04-18 16:19:17,478 - root - INFO - Epoch: 2 | LR: 0.0001 | Loss 1.0872 | Val MaF1: 0.2545 (Best: 0.2811) | Test MaF1: 0.2797 (Best: 0.3087) | MiF1: 0.4847 (Best: 0.4663)
2024-04-18 16:19:18,257 - root - INFO - Epoch: 3 | LR: 0.0001 | Loss 1.0773 | Val MaF1: 0.2338 (Best: 0.2811) | Test MaF1: 0.2520 (Best: 0.3087) | MiF1: 0.5000 (Best: 0.4663)
2024-04-18 16:19:19,029 - root - INFO - Epoch: 4 | LR: 0.0001 | Loss 1.0746 | Val MaF1: 0.2262 (Best: 0.2811) | Test MaF1: 0.2300 (Best: 0.3087) | MiF1: 0.4982 (Best: 0.4663)
2024-04-18 16:19:19,860 - root - INFO - Epoch: 5 | LR: 0.0001 | Loss 1.0649 | Val MaF1: 0.2270 (Best: 0.2811) | Test MaF1: 0.2219 (Best: 0.3087) | MiF1: 0.4961 (Best: 0.4663)
2024-04-18 16:19:20,638 - root - INFO - Epoch: 6 | LR: 0.0002 | Loss 1.0510 | Val MaF1: 0.2204 (Best: 0.2811) | Test MaF1: 0.2210 (Best: 0.3087) | MiF1: 0.4957 (Best: 0.4663)
2024-04-18 16:19:21,433 - root - INFO - Epoch: 7 | LR: 0.0002 | Loss 1.0406 | Val MaF1: 0.2204 (Best: 0.2811) | Test MaF1: 0.2210 (Best: 0.3087) | MiF1: 0.4957 (Best: 0.4663)
2024-04-18 16:19:22,222 - root - INFO - Epoch: 8 | LR: 0.0003 | Loss 1.0267 | Val MaF1: 0.2204 (Best: 0.2811) | Test MaF1: 0.2210 (Best: 0.3087) | MiF1: 0.4957 (Best: 0.4663)
2024-04-18 16:19:22,996 - root - INFO - Epoch: 9 | LR: 0.0004 | Loss 1.0080 | Val MaF1: 0.2204 (Best: 0.2811) | Test MaF1: 0.2210 (Best: 0.3087) | MiF1: 0.4957 (Best: 0.4663)
2024-04-18 16:19:23,775 - root - INFO - Epoch: 10 | LR: 0.0004 | Loss 0.9983 | Val MaF1: 0.2204 (Best: 0.2811) | Test MaF1: 0.2210 (Best: 0.3087) | MiF1: 0.4957 (Best: 0.4663)
2024-04-18 16:19:24,597 - root - INFO - Epoch: 11 | LR: 0.0005 | Loss 0.9836 | Val MaF1: 0.2204 (Best: 0.2811) | Test MaF1: 0.2210 (Best: 0.3087) | MiF1: 0.4957 (Best: 0.4663)
2024-04-18 16:19:25,389 - root - INFO - Epoch: 12 | LR: 0.0006 | Loss 0.9601 | Val MaF1: 0.2204 (Best: 0.2811) | Test MaF1: 0.2210 (Best: 0.3087) | MiF1: 0.4957 (Best: 0.4663)
2024-04-18 16:19:26,196 - root - INFO - Epoch: 13 | LR: 0.0006 | Loss 0.9430 | Val MaF1: 0.2204 (Best: 0.2811) | Test MaF1: 0.2210 (Best: 0.3087) | MiF1: 0.4957 (Best: 0.4663)
2024-04-18 16:19:26,975 - root - INFO - Epoch: 14 | LR: 0.0007 | Loss 0.9160 | Val MaF1: 0.2204 (Best: 0.2811) | Test MaF1: 0.2220 (Best: 0.3087) | MiF1: 0.4961 (Best: 0.4663)
2024-04-18 16:19:27,767 - root - INFO - Epoch: 15 | LR: 0.0007 | Loss 0.8814 | Val MaF1: 0.2609 (Best: 0.2811) | Test MaF1: 0.2582 (Best: 0.3087) | MiF1: 0.5092 (Best: 0.4663)
2024-04-18 16:19:29,189 - root - INFO - ARI: 0.4538 | NMI: 0.4243
2024-04-18 16:19:29,189 - root - INFO - Epoch: 16 | LR: 0.0008 | Loss 0.8482 | Val MaF1: 0.5824 (Best: 0.5824) | Test MaF1: 0.5849 (Best: 0.5849) | MiF1: 0.6662 (Best: 0.6662)
2024-04-18 16:19:30,599 - root - INFO - ARI: 0.4741 | NMI: 0.4609
2024-04-18 16:19:30,600 - root - INFO - Epoch: 17 | LR: 0.0008 | Loss 0.8097 | Val MaF1: 0.8048 (Best: 0.8048) | Test MaF1: 0.8304 (Best: 0.8304) | MiF1: 0.8420 (Best: 0.8420)
2024-04-18 16:19:32,036 - root - INFO - ARI: 0.4858 | NMI: 0.4844
2024-04-18 16:19:32,037 - root - INFO - Epoch: 18 | LR: 0.0009 | Loss 0.7733 | Val MaF1: 0.8937 (Best: 0.8937) | Test MaF1: 0.8999 (Best: 0.8999) | MiF1: 0.9027 (Best: 0.9027)
2024-04-18 16:19:33,420 - root - INFO - ARI: 0.5276 | NMI: 0.5195
2024-04-18 16:19:33,420 - root - INFO - Epoch: 19 | LR: 0.0009 | Loss 0.7375 | Val MaF1: 0.9023 (Best: 0.9023) | Test MaF1: 0.9182 (Best: 0.9182) | MiF1: 0.9194 (Best: 0.9194)
2024-04-18 16:19:34,239 - root - INFO - Epoch: 20 | LR: 0.0010 | Loss 0.6931 | Val MaF1: 0.8991 (Best: 0.9023) | Test MaF1: 0.9158 (Best: 0.9182) | MiF1: 0.9176 (Best: 0.9194)
2024-04-18 16:19:35,003 - root - INFO - Epoch: 21 | LR: 0.0010 | Loss 0.6511 | Val MaF1: 0.8972 (Best: 0.9023) | Test MaF1: 0.9090 (Best: 0.9182) | MiF1: 0.9112 (Best: 0.9194)
2024-04-18 16:19:35,772 - root - INFO - Epoch: 22 | LR: 0.0010 | Loss 0.6165 | Val MaF1: 0.8949 (Best: 0.9023) | Test MaF1: 0.9079 (Best: 0.9182) | MiF1: 0.9102 (Best: 0.9194)
2024-04-18 16:19:36,584 - root - INFO - Epoch: 23 | LR: 0.0010 | Loss 0.5822 | Val MaF1: 0.9058 (Best: 0.9023) | Test MaF1: 0.9147 (Best: 0.9182) | MiF1: 0.9165 (Best: 0.9194)
2024-04-18 16:19:37,939 - root - INFO - ARI: 0.7299 | NMI: 0.6575
2024-04-18 16:19:37,939 - root - INFO - Epoch: 24 | LR: 0.0010 | Loss 0.5572 | Val MaF1: 0.9271 (Best: 0.9271) | Test MaF1: 0.9242 (Best: 0.9242) | MiF1: 0.9254 (Best: 0.9254)
2024-04-18 16:19:39,356 - root - INFO - ARI: 0.7455 | NMI: 0.6716
2024-04-18 16:19:39,357 - root - INFO - Epoch: 25 | LR: 0.0010 | Loss 0.5316 | Val MaF1: 0.9207 (Best: 0.9207) | Test MaF1: 0.9271 (Best: 0.9271) | MiF1: 0.9283 (Best: 0.9283)
2024-04-18 16:19:40,797 - root - INFO - ARI: 0.7527 | NMI: 0.6803
2024-04-18 16:19:40,798 - root - INFO - Epoch: 26 | LR: 0.0010 | Loss 0.5104 | Val MaF1: 0.9232 (Best: 0.9232) | Test MaF1: 0.9293 (Best: 0.9293) | MiF1: 0.9304 (Best: 0.9304)
2024-04-18 16:19:42,175 - root - INFO - ARI: 0.7611 | NMI: 0.6931
2024-04-18 16:19:42,175 - root - INFO - Epoch: 27 | LR: 0.0010 | Loss 0.4956 | Val MaF1: 0.9257 (Best: 0.9257) | Test MaF1: 0.9320 (Best: 0.9320) | MiF1: 0.9329 (Best: 0.9329)
2024-04-18 16:19:42,997 - root - INFO - Epoch: 28 | LR: 0.0010 | Loss 0.4794 | Val MaF1: 0.9283 (Best: 0.9257) | Test MaF1: 0.9305 (Best: 0.9320) | MiF1: 0.9315 (Best: 0.9329)
2024-04-18 16:19:44,371 - root - INFO - ARI: 0.7699 | NMI: 0.7026
2024-04-18 16:19:44,371 - root - INFO - Epoch: 29 | LR: 0.0010 | Loss 0.4676 | Val MaF1: 0.9286 (Best: 0.9286) | Test MaF1: 0.9338 (Best: 0.9338) | MiF1: 0.9347 (Best: 0.9347)
2024-04-18 16:19:45,211 - root - INFO - Epoch: 30 | LR: 0.0010 | Loss 0.4557 | Val MaF1: 0.9310 (Best: 0.9286) | Test MaF1: 0.9325 (Best: 0.9338) | MiF1: 0.9332 (Best: 0.9347)
2024-04-18 16:19:45,984 - root - INFO - Epoch: 31 | LR: 0.0010 | Loss 0.4481 | Val MaF1: 0.9361 (Best: 0.9286) | Test MaF1: 0.9333 (Best: 0.9338) | MiF1: 0.9339 (Best: 0.9347)
2024-04-18 16:19:46,760 - root - INFO - Epoch: 32 | LR: 0.0009 | Loss 0.4396 | Val MaF1: 0.9361 (Best: 0.9286) | Test MaF1: 0.9328 (Best: 0.9338) | MiF1: 0.9336 (Best: 0.9347)
2024-04-18 16:19:47,591 - root - INFO - Epoch: 33 | LR: 0.0009 | Loss 0.4326 | Val MaF1: 0.9384 (Best: 0.9286) | Test MaF1: 0.9327 (Best: 0.9338) | MiF1: 0.9336 (Best: 0.9347)
2024-04-18 16:19:48,397 - root - INFO - Epoch: 34 | LR: 0.0009 | Loss 0.4264 | Val MaF1: 0.9359 (Best: 0.9286) | Test MaF1: 0.9337 (Best: 0.9338) | MiF1: 0.9347 (Best: 0.9347)
2024-04-18 16:19:49,746 - root - INFO - ARI: 0.7894 | NMI: 0.7260
2024-04-18 16:19:49,747 - root - INFO - Epoch: 35 | LR: 0.0009 | Loss 0.4211 | Val MaF1: 0.9382 (Best: 0.9382) | Test MaF1: 0.9344 (Best: 0.9344) | MiF1: 0.9354 (Best: 0.9354)
2024-04-18 16:19:51,202 - root - INFO - ARI: 0.7874 | NMI: 0.7233
2024-04-18 16:19:51,203 - root - INFO - Epoch: 36 | LR: 0.0009 | Loss 0.4176 | Val MaF1: 0.9359 (Best: 0.9359) | Test MaF1: 0.9345 (Best: 0.9345) | MiF1: 0.9354 (Best: 0.9354)
2024-04-18 16:19:52,593 - root - INFO - ARI: 0.7897 | NMI: 0.7258
2024-04-18 16:19:52,593 - root - INFO - Epoch: 37 | LR: 0.0009 | Loss 0.4125 | Val MaF1: 0.9359 (Best: 0.9359) | Test MaF1: 0.9356 (Best: 0.9356) | MiF1: 0.9364 (Best: 0.9364)
2024-04-18 16:19:53,397 - root - INFO - Epoch: 38 | LR: 0.0008 | Loss 0.4078 | Val MaF1: 0.9384 (Best: 0.9359) | Test MaF1: 0.9343 (Best: 0.9356) | MiF1: 0.9350 (Best: 0.9364)
2024-04-18 16:19:54,165 - root - INFO - Epoch: 39 | LR: 0.0008 | Loss 0.4046 | Val MaF1: 0.9384 (Best: 0.9359) | Test MaF1: 0.9342 (Best: 0.9356) | MiF1: 0.9350 (Best: 0.9364)
2024-04-18 16:19:54,937 - root - INFO - Epoch: 40 | LR: 0.0008 | Loss 0.4016 | Val MaF1: 0.9334 (Best: 0.9359) | Test MaF1: 0.9323 (Best: 0.9356) | MiF1: 0.9332 (Best: 0.9364)
2024-04-18 16:19:55,769 - root - INFO - Epoch: 41 | LR: 0.0008 | Loss 0.3988 | Val MaF1: 0.9334 (Best: 0.9359) | Test MaF1: 0.9326 (Best: 0.9356) | MiF1: 0.9336 (Best: 0.9364)
2024-04-18 16:19:56,591 - root - INFO - Epoch: 42 | LR: 0.0007 | Loss 0.3964 | Val MaF1: 0.9334 (Best: 0.9359) | Test MaF1: 0.9319 (Best: 0.9356) | MiF1: 0.9329 (Best: 0.9364)
2024-04-18 16:19:57,368 - root - INFO - Epoch: 43 | LR: 0.0007 | Loss 0.3938 | Val MaF1: 0.9334 (Best: 0.9359) | Test MaF1: 0.9312 (Best: 0.9356) | MiF1: 0.9322 (Best: 0.9364)
2024-04-18 16:19:58,162 - root - INFO - Epoch: 44 | LR: 0.0007 | Loss 0.3910 | Val MaF1: 0.9309 (Best: 0.9359) | Test MaF1: 0.9308 (Best: 0.9356) | MiF1: 0.9318 (Best: 0.9364)
2024-04-18 16:19:58,990 - root - INFO - Epoch: 45 | LR: 0.0007 | Loss 0.3896 | Val MaF1: 0.9309 (Best: 0.9359) | Test MaF1: 0.9299 (Best: 0.9356) | MiF1: 0.9311 (Best: 0.9364)
2024-04-18 16:19:59,756 - root - INFO - Epoch: 46 | LR: 0.0006 | Loss 0.3883 | Val MaF1: 0.9332 (Best: 0.9359) | Test MaF1: 0.9303 (Best: 0.9356) | MiF1: 0.9315 (Best: 0.9364)
2024-04-18 16:20:00,588 - root - INFO - Epoch: 47 | LR: 0.0006 | Loss 0.3867 | Val MaF1: 0.9332 (Best: 0.9359) | Test MaF1: 0.9299 (Best: 0.9356) | MiF1: 0.9311 (Best: 0.9364)
2024-04-18 16:20:01,366 - root - INFO - Epoch: 48 | LR: 0.0006 | Loss 0.3848 | Val MaF1: 0.9332 (Best: 0.9359) | Test MaF1: 0.9296 (Best: 0.9356) | MiF1: 0.9308 (Best: 0.9364)
2024-04-18 16:20:02,147 - root - INFO - Epoch: 49 | LR: 0.0006 | Loss 0.3831 | Val MaF1: 0.9332 (Best: 0.9359) | Test MaF1: 0.9307 (Best: 0.9356) | MiF1: 0.9318 (Best: 0.9364)
2024-04-18 16:20:02,945 - root - INFO - Epoch: 50 | LR: 0.0005 | Loss 0.3827 | Val MaF1: 0.9332 (Best: 0.9359) | Test MaF1: 0.9307 (Best: 0.9356) | MiF1: 0.9318 (Best: 0.9364)
2024-04-18 16:20:03,721 - root - INFO - Epoch: 51 | LR: 0.0005 | Loss 0.3811 | Val MaF1: 0.9332 (Best: 0.9359) | Test MaF1: 0.9307 (Best: 0.9356) | MiF1: 0.9318 (Best: 0.9364)
2024-04-18 16:20:04,495 - root - INFO - Epoch: 52 | LR: 0.0005 | Loss 0.3802 | Val MaF1: 0.9332 (Best: 0.9359) | Test MaF1: 0.9310 (Best: 0.9356) | MiF1: 0.9322 (Best: 0.9364)
2024-04-18 16:20:05,306 - root - INFO - Epoch: 53 | LR: 0.0004 | Loss 0.3790 | Val MaF1: 0.9332 (Best: 0.9359) | Test MaF1: 0.9315 (Best: 0.9356) | MiF1: 0.9325 (Best: 0.9364)
2024-04-18 16:20:06,073 - root - INFO - Epoch: 54 | LR: 0.0004 | Loss 0.3789 | Val MaF1: 0.9332 (Best: 0.9359) | Test MaF1: 0.9312 (Best: 0.9356) | MiF1: 0.9322 (Best: 0.9364)
2024-04-18 16:20:06,847 - root - INFO - Epoch: 55 | LR: 0.0004 | Loss 0.3782 | Val MaF1: 0.9332 (Best: 0.9359) | Test MaF1: 0.9308 (Best: 0.9356) | MiF1: 0.9318 (Best: 0.9364)
2024-04-18 16:20:07,625 - root - INFO - Epoch: 56 | LR: 0.0004 | Loss 0.3773 | Val MaF1: 0.9307 (Best: 0.9359) | Test MaF1: 0.9312 (Best: 0.9356) | MiF1: 0.9322 (Best: 0.9364)
2024-04-18 16:20:08,388 - root - INFO - Epoch: 57 | LR: 0.0003 | Loss 0.3762 | Val MaF1: 0.9307 (Best: 0.9359) | Test MaF1: 0.9312 (Best: 0.9356) | MiF1: 0.9322 (Best: 0.9364)
2024-04-18 16:20:09,159 - root - INFO - Epoch: 58 | LR: 0.0003 | Loss 0.3762 | Val MaF1: 0.9307 (Best: 0.9359) | Test MaF1: 0.9321 (Best: 0.9356) | MiF1: 0.9329 (Best: 0.9364)
2024-04-18 16:20:09,928 - root - INFO - Epoch: 59 | LR: 0.0003 | Loss 0.3760 | Val MaF1: 0.9307 (Best: 0.9359) | Test MaF1: 0.9321 (Best: 0.9356) | MiF1: 0.9329 (Best: 0.9364)
2024-04-18 16:20:10,749 - root - INFO - Epoch: 60 | LR: 0.0003 | Loss 0.3746 | Val MaF1: 0.9330 (Best: 0.9359) | Test MaF1: 0.9321 (Best: 0.9356) | MiF1: 0.9329 (Best: 0.9364)
2024-04-18 16:20:11,548 - root - INFO - Epoch: 61 | LR: 0.0002 | Loss 0.3741 | Val MaF1: 0.9330 (Best: 0.9359) | Test MaF1: 0.9320 (Best: 0.9356) | MiF1: 0.9329 (Best: 0.9364)
2024-04-18 16:20:12,314 - root - INFO - Epoch: 62 | LR: 0.0002 | Loss 0.3740 | Val MaF1: 0.9330 (Best: 0.9359) | Test MaF1: 0.9323 (Best: 0.9356) | MiF1: 0.9332 (Best: 0.9364)
2024-04-18 16:20:13,083 - root - INFO - Epoch: 63 | LR: 0.0002 | Loss 0.3743 | Val MaF1: 0.9330 (Best: 0.9359) | Test MaF1: 0.9323 (Best: 0.9356) | MiF1: 0.9332 (Best: 0.9364)
2024-04-18 16:20:13,853 - root - INFO - Epoch: 64 | LR: 0.0002 | Loss 0.3740 | Val MaF1: 0.9330 (Best: 0.9359) | Test MaF1: 0.9323 (Best: 0.9356) | MiF1: 0.9332 (Best: 0.9364)
2024-04-18 16:20:14,623 - root - INFO - Epoch: 65 | LR: 0.0001 | Loss 0.3739 | Val MaF1: 0.9330 (Best: 0.9359) | Test MaF1: 0.9319 (Best: 0.9356) | MiF1: 0.9329 (Best: 0.9364)
2024-04-18 16:20:15,432 - root - INFO - Epoch: 66 | LR: 0.0001 | Loss 0.3732 | Val MaF1: 0.9330 (Best: 0.9359) | Test MaF1: 0.9315 (Best: 0.9356) | MiF1: 0.9325 (Best: 0.9364)
2024-04-18 16:20:16,206 - root - INFO - Epoch: 67 | LR: 0.0001 | Loss 0.3729 | Val MaF1: 0.9330 (Best: 0.9359) | Test MaF1: 0.9315 (Best: 0.9356) | MiF1: 0.9325 (Best: 0.9364)
2024-04-18 16:20:16,978 - root - INFO - Epoch: 68 | LR: 0.0001 | Loss 0.3727 | Val MaF1: 0.9330 (Best: 0.9359) | Test MaF1: 0.9315 (Best: 0.9356) | MiF1: 0.9325 (Best: 0.9364)
2024-04-18 16:20:17,747 - root - INFO - Epoch: 69 | LR: 0.0001 | Loss 0.3726 | Val MaF1: 0.9330 (Best: 0.9359) | Test MaF1: 0.9315 (Best: 0.9356) | MiF1: 0.9325 (Best: 0.9364)
2024-04-18 16:20:18,545 - root - INFO - Epoch: 70 | LR: 0.0001 | Loss 0.3724 | Val MaF1: 0.9330 (Best: 0.9359) | Test MaF1: 0.9312 (Best: 0.9356) | MiF1: 0.9322 (Best: 0.9364)
2024-04-18 16:20:19,313 - root - INFO - Epoch: 71 | LR: 0.0000 | Loss 0.3728 | Val MaF1: 0.9330 (Best: 0.9359) | Test MaF1: 0.9312 (Best: 0.9356) | MiF1: 0.9322 (Best: 0.9364)
2024-04-18 16:20:20,128 - root - INFO - Epoch: 72 | LR: 0.0000 | Loss 0.3719 | Val MaF1: 0.9330 (Best: 0.9359) | Test MaF1: 0.9312 (Best: 0.9356) | MiF1: 0.9322 (Best: 0.9364)
2024-04-18 16:20:20,898 - root - INFO - Epoch: 73 | LR: 0.0000 | Loss 0.3718 | Val MaF1: 0.9330 (Best: 0.9359) | Test MaF1: 0.9312 (Best: 0.9356) | MiF1: 0.9322 (Best: 0.9364)
2024-04-18 16:20:21,665 - root - INFO - Epoch: 74 | LR: 0.0000 | Loss 0.3723 | Val MaF1: 0.9330 (Best: 0.9359) | Test MaF1: 0.9312 (Best: 0.9356) | MiF1: 0.9322 (Best: 0.9364)
2024-04-18 16:20:22,431 - root - INFO - Epoch: 75 | LR: 0.0000 | Loss 0.3723 | Val MaF1: 0.9330 (Best: 0.9359) | Test MaF1: 0.9312 (Best: 0.9356) | MiF1: 0.9322 (Best: 0.9364)
2024-04-18 16:20:23,198 - root - INFO - Epoch: 76 | LR: 0.0000 | Loss 0.3719 | Val MaF1: 0.9330 (Best: 0.9359) | Test MaF1: 0.9312 (Best: 0.9356) | MiF1: 0.9322 (Best: 0.9364)
2024-04-18 16:20:23,972 - root - INFO - Epoch: 77 | LR: 0.0000 | Loss 0.3720 | Val MaF1: 0.9330 (Best: 0.9359) | Test MaF1: 0.9312 (Best: 0.9356) | MiF1: 0.9322 (Best: 0.9364)
2024-04-18 16:20:24,745 - root - INFO - Epoch: 78 | LR: 0.0000 | Loss 0.3719 | Val MaF1: 0.9330 (Best: 0.9359) | Test MaF1: 0.9312 (Best: 0.9356) | MiF1: 0.9322 (Best: 0.9364)
2024-04-18 16:20:25,584 - root - INFO - Epoch: 79 | LR: 0.0000 | Loss 0.3719 | Val MaF1: 0.9330 (Best: 0.9359) | Test MaF1: 0.9312 (Best: 0.9356) | MiF1: 0.9322 (Best: 0.9364)
2024-04-18 16:20:26,351 - root - INFO - Epoch: 80 | LR: 0.0000 | Loss 0.3721 | Val MaF1: 0.9330 (Best: 0.9359) | Test MaF1: 0.9312 (Best: 0.9356) | MiF1: 0.9322 (Best: 0.9364)
2024-04-18 16:20:26,352 - root - INFO - Best Epoch: 37 | Train MiF1: 0.9988,  MaF1: 0.9988 | Val MiF1: 0.9352, MaF1: 0.9359 | Test MaF1: 0.9356, MiF1: 0.9364
2024-04-18 16:20:26,808 - root - INFO - ARI: 0.7897 | NMI: 0.7258
