2024-04-22 22:45:02,289 - root - INFO - {'prefix': 'SR-HGN', 'gpu': 0, 'feat': 1, 'seed': 0, 'verbose': 1, 'train_split': 0.2, 'val_split': 0.3, 'num_type_heads': 4, 'num_node_heads': 4, 'hidden_dim': 256, 'clip': 1.0, 'num_layers': 6, 'alpha': 0.5, 'epochs': 50, 'dataset': 'acm', 'input_dim': 256, 'aggregate': 'concat', 'iscuda': True, 'cluster': True, 'max_lr': 0.001, 'weight_decay': 1e-05, 'heads': 6, 'han_heads': [4], 'hh_heads': 3, 'dropout': 0.2}
2024-04-22 22:45:05,221 - root - INFO - Training SR-HGN with #param: 41541765
2024-04-22 22:45:09,076 - root - INFO - ARI: 0.0610 | NMI: 0.0616
2024-04-22 22:45:09,077 - root - INFO - Epoch: 1 | LR: 0.0001 | Loss 1.0855 | Val MaF1: 0.2204 (Best: 0.2204) | Test MaF1: 0.2210 (Best: 0.2210) | MiF1: 0.4957 (Best: 0.4957)
2024-04-22 22:45:11,494 - root - INFO - ARI: 0.2513 | NMI: 0.2567
2024-04-22 22:45:11,494 - root - INFO - Epoch: 2 | LR: 0.0001 | Loss 1.0652 | Val MaF1: 0.2204 (Best: 0.2204) | Test MaF1: 0.2210 (Best: 0.2210) | MiF1: 0.4957 (Best: 0.4957)
2024-04-22 22:45:13,970 - root - INFO - ARI: 0.4559 | NMI: 0.4618
2024-04-22 22:45:13,971 - root - INFO - Epoch: 3 | LR: 0.0001 | Loss 1.0419 | Val MaF1: 0.2204 (Best: 0.2204) | Test MaF1: 0.2210 (Best: 0.2210) | MiF1: 0.4957 (Best: 0.4957)
2024-04-22 22:45:16,453 - root - INFO - ARI: 0.6114 | NMI: 0.5901
2024-04-22 22:45:16,454 - root - INFO - Epoch: 4 | LR: 0.0002 | Loss 1.0204 | Val MaF1: 0.2204 (Best: 0.2204) | Test MaF1: 0.2210 (Best: 0.2210) | MiF1: 0.4957 (Best: 0.4957)
2024-04-22 22:45:18,858 - root - INFO - ARI: 0.6984 | NMI: 0.6622
2024-04-22 22:45:18,859 - root - INFO - Epoch: 5 | LR: 0.0003 | Loss 1.0019 | Val MaF1: 0.2204 (Best: 0.2204) | Test MaF1: 0.2210 (Best: 0.2210) | MiF1: 0.4957 (Best: 0.4957)
2024-04-22 22:45:21,283 - root - INFO - ARI: 0.7244 | NMI: 0.6891
2024-04-22 22:45:21,283 - root - INFO - Epoch: 6 | LR: 0.0004 | Loss 0.9778 | Val MaF1: 0.2204 (Best: 0.2204) | Test MaF1: 0.2210 (Best: 0.2210) | MiF1: 0.4957 (Best: 0.4957)
2024-04-22 22:45:23,711 - root - INFO - ARI: 0.6766 | NMI: 0.6674
2024-04-22 22:45:23,711 - root - INFO - Epoch: 7 | LR: 0.0005 | Loss 0.9364 | Val MaF1: 0.2204 (Best: 0.2204) | Test MaF1: 0.2210 (Best: 0.2210) | MiF1: 0.4957 (Best: 0.4957)
2024-04-22 22:45:26,194 - root - INFO - ARI: 0.6002 | NMI: 0.6340
2024-04-22 22:45:26,194 - root - INFO - Epoch: 8 | LR: 0.0006 | Loss 0.8811 | Val MaF1: 0.2275 (Best: 0.2275) | Test MaF1: 0.2251 (Best: 0.2251) | MiF1: 0.4972 (Best: 0.4972)
2024-04-22 22:45:28,813 - root - INFO - ARI: 0.6951 | NMI: 0.6921
2024-04-22 22:45:28,813 - root - INFO - Epoch: 9 | LR: 0.0007 | Loss 0.8363 | Val MaF1: 0.5033 (Best: 0.5033) | Test MaF1: 0.4754 (Best: 0.4754) | MiF1: 0.6165 (Best: 0.6165)
2024-04-22 22:45:31,456 - root - INFO - ARI: 0.7616 | NMI: 0.7155
2024-04-22 22:45:31,457 - root - INFO - Epoch: 10 | LR: 0.0008 | Loss 0.7665 | Val MaF1: 0.7292 (Best: 0.7292) | Test MaF1: 0.7419 (Best: 0.7419) | MiF1: 0.7859 (Best: 0.7859)
2024-04-22 22:45:33,824 - root - INFO - ARI: 0.7319 | NMI: 0.7137
2024-04-22 22:45:33,825 - root - INFO - Epoch: 11 | LR: 0.0009 | Loss 0.7139 | Val MaF1: 0.9158 (Best: 0.9158) | Test MaF1: 0.9165 (Best: 0.9165) | MiF1: 0.9162 (Best: 0.9162)
2024-04-22 22:45:36,290 - root - INFO - ARI: 0.7826 | NMI: 0.7502
2024-04-22 22:45:36,290 - root - INFO - Epoch: 12 | LR: 0.0010 | Loss 0.6556 | Val MaF1: 0.9406 (Best: 0.9406) | Test MaF1: 0.9260 (Best: 0.9260) | MiF1: 0.9240 (Best: 0.9240)
2024-04-22 22:45:37,710 - root - INFO - Epoch: 13 | LR: 0.0010 | Loss 0.6013 | Val MaF1: 0.8610 (Best: 0.9406) | Test MaF1: 0.8851 (Best: 0.9260) | MiF1: 0.8924 (Best: 0.9240)
2024-04-22 22:45:39,050 - root - INFO - Epoch: 14 | LR: 0.0010 | Loss 0.5641 | Val MaF1: 0.9060 (Best: 0.9406) | Test MaF1: 0.9181 (Best: 0.9260) | MiF1: 0.9197 (Best: 0.9240)
2024-04-22 22:45:41,488 - root - INFO - ARI: 0.8064 | NMI: 0.7724
2024-04-22 22:45:41,489 - root - INFO - Epoch: 15 | LR: 0.0010 | Loss 0.5300 | Val MaF1: 0.9406 (Best: 0.9406) | Test MaF1: 0.9346 (Best: 0.9346) | MiF1: 0.9325 (Best: 0.9325)
2024-04-22 22:45:42,902 - root - INFO - Epoch: 16 | LR: 0.0010 | Loss 0.5020 | Val MaF1: 0.9338 (Best: 0.9406) | Test MaF1: 0.9287 (Best: 0.9346) | MiF1: 0.9268 (Best: 0.9325)
2024-04-22 22:45:45,298 - root - INFO - ARI: 0.8320 | NMI: 0.7855
2024-04-22 22:45:45,298 - root - INFO - Epoch: 17 | LR: 0.0010 | Loss 0.4919 | Val MaF1: 0.9472 (Best: 0.9472) | Test MaF1: 0.9412 (Best: 0.9412) | MiF1: 0.9407 (Best: 0.9407)
2024-04-22 22:45:46,692 - root - INFO - Epoch: 18 | LR: 0.0010 | Loss 0.4706 | Val MaF1: 0.9363 (Best: 0.9472) | Test MaF1: 0.9397 (Best: 0.9412) | MiF1: 0.9400 (Best: 0.9407)
2024-04-22 22:45:48,076 - root - INFO - Epoch: 19 | LR: 0.0010 | Loss 0.4619 | Val MaF1: 0.9314 (Best: 0.9472) | Test MaF1: 0.9353 (Best: 0.9412) | MiF1: 0.9357 (Best: 0.9407)
2024-04-22 22:45:50,391 - root - INFO - ARI: 0.8431 | NMI: 0.7967
2024-04-22 22:45:50,392 - root - INFO - Epoch: 20 | LR: 0.0009 | Loss 0.4567 | Val MaF1: 0.9415 (Best: 0.9415) | Test MaF1: 0.9419 (Best: 0.9419) | MiF1: 0.9421 (Best: 0.9421)
2024-04-22 22:45:52,848 - root - INFO - ARI: 0.8455 | NMI: 0.8002
2024-04-22 22:45:52,849 - root - INFO - Epoch: 21 | LR: 0.0009 | Loss 0.4487 | Val MaF1: 0.9423 (Best: 0.9423) | Test MaF1: 0.9420 (Best: 0.9420) | MiF1: 0.9421 (Best: 0.9421)
2024-04-22 22:45:55,241 - root - INFO - ARI: 0.8493 | NMI: 0.8046
2024-04-22 22:45:55,241 - root - INFO - Epoch: 22 | LR: 0.0009 | Loss 0.4415 | Val MaF1: 0.9403 (Best: 0.9403) | Test MaF1: 0.9424 (Best: 0.9424) | MiF1: 0.9421 (Best: 0.9421)
2024-04-22 22:45:57,609 - root - INFO - ARI: 0.8518 | NMI: 0.8048
2024-04-22 22:45:57,610 - root - INFO - Epoch: 23 | LR: 0.0008 | Loss 0.4371 | Val MaF1: 0.9374 (Best: 0.9374) | Test MaF1: 0.9445 (Best: 0.9445) | MiF1: 0.9442 (Best: 0.9442)
2024-04-22 22:45:58,990 - root - INFO - Epoch: 24 | LR: 0.0008 | Loss 0.4330 | Val MaF1: 0.9418 (Best: 0.9374) | Test MaF1: 0.9441 (Best: 0.9445) | MiF1: 0.9439 (Best: 0.9442)
2024-04-22 22:46:00,392 - root - INFO - Epoch: 25 | LR: 0.0008 | Loss 0.4285 | Val MaF1: 0.9438 (Best: 0.9374) | Test MaF1: 0.9426 (Best: 0.9445) | MiF1: 0.9428 (Best: 0.9442)
2024-04-22 22:46:01,715 - root - INFO - Epoch: 26 | LR: 0.0007 | Loss 0.4245 | Val MaF1: 0.9386 (Best: 0.9374) | Test MaF1: 0.9426 (Best: 0.9445) | MiF1: 0.9428 (Best: 0.9442)
2024-04-22 22:46:03,042 - root - INFO - Epoch: 27 | LR: 0.0007 | Loss 0.4210 | Val MaF1: 0.9360 (Best: 0.9374) | Test MaF1: 0.9423 (Best: 0.9445) | MiF1: 0.9425 (Best: 0.9442)
2024-04-22 22:46:04,373 - root - INFO - Epoch: 28 | LR: 0.0007 | Loss 0.4186 | Val MaF1: 0.9413 (Best: 0.9374) | Test MaF1: 0.9424 (Best: 0.9445) | MiF1: 0.9425 (Best: 0.9442)
2024-04-22 22:46:05,746 - root - INFO - Epoch: 29 | LR: 0.0006 | Loss 0.4150 | Val MaF1: 0.9438 (Best: 0.9374) | Test MaF1: 0.9440 (Best: 0.9445) | MiF1: 0.9439 (Best: 0.9442)
2024-04-22 22:46:08,100 - root - INFO - ARI: 0.8615 | NMI: 0.8137
2024-04-22 22:46:08,101 - root - INFO - Epoch: 30 | LR: 0.0006 | Loss 0.4127 | Val MaF1: 0.9465 (Best: 0.9465) | Test MaF1: 0.9448 (Best: 0.9448) | MiF1: 0.9446 (Best: 0.9446)
2024-04-22 22:46:10,510 - root - INFO - ARI: 0.8644 | NMI: 0.8168
2024-04-22 22:46:10,510 - root - INFO - Epoch: 31 | LR: 0.0005 | Loss 0.4111 | Val MaF1: 0.9439 (Best: 0.9439) | Test MaF1: 0.9452 (Best: 0.9452) | MiF1: 0.9450 (Best: 0.9450)
2024-04-22 22:46:12,947 - root - INFO - ARI: 0.8615 | NMI: 0.8137
2024-04-22 22:46:12,947 - root - INFO - Epoch: 32 | LR: 0.0005 | Loss 0.4090 | Val MaF1: 0.9464 (Best: 0.9464) | Test MaF1: 0.9455 (Best: 0.9455) | MiF1: 0.9453 (Best: 0.9453)
2024-04-22 22:46:14,338 - root - INFO - Epoch: 33 | LR: 0.0004 | Loss 0.4075 | Val MaF1: 0.9464 (Best: 0.9464) | Test MaF1: 0.9446 (Best: 0.9455) | MiF1: 0.9446 (Best: 0.9453)
2024-04-22 22:46:16,722 - root - INFO - ARI: 0.8628 | NMI: 0.8127
2024-04-22 22:46:16,723 - root - INFO - Epoch: 34 | LR: 0.0004 | Loss 0.4060 | Val MaF1: 0.9439 (Best: 0.9439) | Test MaF1: 0.9456 (Best: 0.9456) | MiF1: 0.9457 (Best: 0.9457)
2024-04-22 22:46:18,176 - root - INFO - Epoch: 35 | LR: 0.0003 | Loss 0.4052 | Val MaF1: 0.9414 (Best: 0.9439) | Test MaF1: 0.9434 (Best: 0.9456) | MiF1: 0.9435 (Best: 0.9457)
2024-04-22 22:46:19,512 - root - INFO - Epoch: 36 | LR: 0.0003 | Loss 0.4039 | Val MaF1: 0.9364 (Best: 0.9439) | Test MaF1: 0.9427 (Best: 0.9456) | MiF1: 0.9428 (Best: 0.9457)
2024-04-22 22:46:20,849 - root - INFO - Epoch: 37 | LR: 0.0003 | Loss 0.4030 | Val MaF1: 0.9364 (Best: 0.9439) | Test MaF1: 0.9416 (Best: 0.9456) | MiF1: 0.9418 (Best: 0.9457)
2024-04-22 22:46:22,182 - root - INFO - Epoch: 38 | LR: 0.0002 | Loss 0.4023 | Val MaF1: 0.9411 (Best: 0.9439) | Test MaF1: 0.9412 (Best: 0.9456) | MiF1: 0.9414 (Best: 0.9457)
2024-04-22 22:46:23,559 - root - INFO - Epoch: 39 | LR: 0.0002 | Loss 0.4019 | Val MaF1: 0.9411 (Best: 0.9439) | Test MaF1: 0.9405 (Best: 0.9456) | MiF1: 0.9407 (Best: 0.9457)
2024-04-22 22:46:24,894 - root - INFO - Epoch: 40 | LR: 0.0002 | Loss 0.4009 | Val MaF1: 0.9411 (Best: 0.9439) | Test MaF1: 0.9402 (Best: 0.9456) | MiF1: 0.9403 (Best: 0.9457)
2024-04-22 22:46:26,221 - root - INFO - Epoch: 41 | LR: 0.0001 | Loss 0.4006 | Val MaF1: 0.9411 (Best: 0.9439) | Test MaF1: 0.9413 (Best: 0.9456) | MiF1: 0.9414 (Best: 0.9457)
2024-04-22 22:46:27,554 - root - INFO - Epoch: 42 | LR: 0.0001 | Loss 0.4001 | Val MaF1: 0.9411 (Best: 0.9439) | Test MaF1: 0.9417 (Best: 0.9456) | MiF1: 0.9418 (Best: 0.9457)
2024-04-22 22:46:28,939 - root - INFO - Epoch: 43 | LR: 0.0001 | Loss 0.4003 | Val MaF1: 0.9411 (Best: 0.9439) | Test MaF1: 0.9421 (Best: 0.9456) | MiF1: 0.9421 (Best: 0.9457)
2024-04-22 22:46:30,269 - root - INFO - Epoch: 44 | LR: 0.0000 | Loss 0.4002 | Val MaF1: 0.9411 (Best: 0.9439) | Test MaF1: 0.9417 (Best: 0.9456) | MiF1: 0.9418 (Best: 0.9457)
2024-04-22 22:46:31,601 - root - INFO - Epoch: 45 | LR: 0.0000 | Loss 0.3998 | Val MaF1: 0.9411 (Best: 0.9439) | Test MaF1: 0.9417 (Best: 0.9456) | MiF1: 0.9418 (Best: 0.9457)
2024-04-22 22:46:32,943 - root - INFO - Epoch: 46 | LR: 0.0000 | Loss 0.3995 | Val MaF1: 0.9411 (Best: 0.9439) | Test MaF1: 0.9421 (Best: 0.9456) | MiF1: 0.9421 (Best: 0.9457)
2024-04-22 22:46:34,271 - root - INFO - Epoch: 47 | LR: 0.0000 | Loss 0.3995 | Val MaF1: 0.9411 (Best: 0.9439) | Test MaF1: 0.9421 (Best: 0.9456) | MiF1: 0.9421 (Best: 0.9457)
2024-04-22 22:46:35,650 - root - INFO - Epoch: 48 | LR: 0.0000 | Loss 0.3997 | Val MaF1: 0.9411 (Best: 0.9439) | Test MaF1: 0.9421 (Best: 0.9456) | MiF1: 0.9421 (Best: 0.9457)
2024-04-22 22:46:36,990 - root - INFO - Epoch: 49 | LR: 0.0000 | Loss 0.3998 | Val MaF1: 0.9411 (Best: 0.9439) | Test MaF1: 0.9421 (Best: 0.9456) | MiF1: 0.9421 (Best: 0.9457)
2024-04-22 22:46:38,321 - root - INFO - Epoch: 50 | LR: 0.0000 | Loss 0.3994 | Val MaF1: 0.9411 (Best: 0.9439) | Test MaF1: 0.9421 (Best: 0.9456) | MiF1: 0.9421 (Best: 0.9457)
2024-04-22 22:46:38,322 - root - INFO - Best Epoch: 34 | Train MiF1: 0.9926,  MaF1: 0.9928 | Val MiF1: 0.9426, MaF1: 0.9439 | Test MaF1: 0.9456, MiF1: 0.9457
2024-04-22 22:46:39,093 - root - INFO - ARI: 0.8628 | NMI: 0.8127
