2024-04-18 13:10:08,590 - root - INFO - {'prefix': 'SR-HGN', 'gpu': 0, 'feat': 1, 'seed': 0, 'verbose': 1, 'train_split': 0.2, 'val_split': 0.3, 'num_type_heads': 4, 'num_node_heads': 4, 'hidden_dim': 64, 'clip': 1.0, 'num_layers': 3, 'alpha': 0.5, 'epochs': 50, 'dataset': 'imdb', 'input_dim': 256, 'aggregate': 'concat', 'iscuda': False, 'cluster': True, 'max_lr': 0.001, 'weight_decay': 1e-05, 'heads': 8, 'han_heads': [4], 'hh_heads': 3, 'dropout': 0.2}
2024-04-18 13:10:08,826 - root - INFO - Training SR-HGN with #param: 10556883
2024-04-18 13:10:16,683 - root - INFO - ARI: 0.0006 | NMI: 0.0029
2024-04-18 13:10:16,683 - root - INFO - Epoch: 1 | LR: 0.0001 | Loss 1.0965 | Val MaF1: 0.1797 (Best: 0.1797) | Test MaF1: 0.1802 (Best: 0.1802) | MiF1: 0.3704 (Best: 0.3704)
2024-04-18 13:10:25,944 - root - INFO - Epoch: 2 | LR: 0.0001 | Loss 1.0951 | Val MaF1: 0.1797 (Best: 0.1797) | Test MaF1: 0.1802 (Best: 0.1802) | MiF1: 0.3704 (Best: 0.3704)
2024-04-18 13:10:37,174 - root - INFO - Epoch: 3 | LR: 0.0001 | Loss 1.0932 | Val MaF1: 0.1797 (Best: 0.1797) | Test MaF1: 0.1802 (Best: 0.1802) | MiF1: 0.3704 (Best: 0.3704)
2024-04-18 13:10:52,170 - root - INFO - Epoch: 4 | LR: 0.0002 | Loss 1.0922 | Val MaF1: 0.1797 (Best: 0.1797) | Test MaF1: 0.1802 (Best: 0.1802) | MiF1: 0.3704 (Best: 0.3704)
2024-04-18 13:10:57,769 - root - INFO - Epoch: 5 | LR: 0.0003 | Loss 1.0866 | Val MaF1: 0.1797 (Best: 0.1797) | Test MaF1: 0.1802 (Best: 0.1802) | MiF1: 0.3704 (Best: 0.3704)
2024-04-18 13:11:05,345 - root - INFO - ARI: 0.0038 | NMI: 0.0060
2024-04-18 13:11:05,345 - root - INFO - Epoch: 6 | LR: 0.0004 | Loss 1.0823 | Val MaF1: 0.1843 (Best: 0.1843) | Test MaF1: 0.1843 (Best: 0.1843) | MiF1: 0.3714 (Best: 0.3714)
2024-04-18 13:11:16,732 - root - INFO - ARI: 0.0131 | NMI: 0.0169
2024-04-18 13:11:16,732 - root - INFO - Epoch: 7 | LR: 0.0005 | Loss 1.0741 | Val MaF1: 0.2181 (Best: 0.2181) | Test MaF1: 0.2204 (Best: 0.2204) | MiF1: 0.3874 (Best: 0.3874)
2024-04-18 13:11:24,724 - root - INFO - ARI: 0.0334 | NMI: 0.0364
2024-04-18 13:11:24,725 - root - INFO - Epoch: 8 | LR: 0.0006 | Loss 1.0647 | Val MaF1: 0.3020 (Best: 0.3020) | Test MaF1: 0.3383 (Best: 0.3383) | MiF1: 0.4619 (Best: 0.4619)
2024-04-18 13:11:32,888 - root - INFO - ARI: 0.0706 | NMI: 0.0738
2024-04-18 13:11:32,888 - root - INFO - Epoch: 9 | LR: 0.0007 | Loss 1.0541 | Val MaF1: 0.3795 (Best: 0.3795) | Test MaF1: 0.3860 (Best: 0.3860) | MiF1: 0.5030 (Best: 0.5030)
2024-04-18 13:11:41,172 - root - INFO - ARI: 0.1098 | NMI: 0.1064
2024-04-18 13:11:41,173 - root - INFO - Epoch: 10 | LR: 0.0008 | Loss 1.0411 | Val MaF1: 0.3975 (Best: 0.3975) | Test MaF1: 0.3942 (Best: 0.3942) | MiF1: 0.5110 (Best: 0.5110)
2024-04-18 13:11:49,681 - root - INFO - ARI: 0.1618 | NMI: 0.1475
2024-04-18 13:11:49,681 - root - INFO - Epoch: 11 | LR: 0.0009 | Loss 1.0258 | Val MaF1: 0.3991 (Best: 0.3991) | Test MaF1: 0.3986 (Best: 0.3986) | MiF1: 0.5147 (Best: 0.5147)
2024-04-18 13:11:58,109 - root - INFO - ARI: 0.1880 | NMI: 0.1709
2024-04-18 13:11:58,109 - root - INFO - Epoch: 12 | LR: 0.0010 | Loss 1.0033 | Val MaF1: 0.4019 (Best: 0.4019) | Test MaF1: 0.4062 (Best: 0.4062) | MiF1: 0.5197 (Best: 0.5197)
2024-04-18 13:12:06,312 - root - INFO - ARI: 0.2206 | NMI: 0.1975
2024-04-18 13:12:06,313 - root - INFO - Epoch: 13 | LR: 0.0010 | Loss 0.9736 | Val MaF1: 0.3931 (Best: 0.3931) | Test MaF1: 0.4406 (Best: 0.4406) | MiF1: 0.5364 (Best: 0.5364)
2024-04-18 13:12:14,210 - root - INFO - ARI: 0.2393 | NMI: 0.2138
2024-04-18 13:12:14,210 - root - INFO - Epoch: 14 | LR: 0.0010 | Loss 0.9315 | Val MaF1: 0.5215 (Best: 0.5215) | Test MaF1: 0.5211 (Best: 0.5211) | MiF1: 0.5658 (Best: 0.5658)
2024-04-18 13:12:22,158 - root - INFO - ARI: 0.2545 | NMI: 0.2269
2024-04-18 13:12:22,158 - root - INFO - Epoch: 15 | LR: 0.0010 | Loss 0.8826 | Val MaF1: 0.6436 (Best: 0.6436) | Test MaF1: 0.6107 (Best: 0.6107) | MiF1: 0.6136 (Best: 0.6136)
2024-04-18 13:12:30,115 - root - INFO - ARI: 0.2638 | NMI: 0.2356
2024-04-18 13:12:30,115 - root - INFO - Epoch: 16 | LR: 0.0010 | Loss 0.8267 | Val MaF1: 0.6458 (Best: 0.6458) | Test MaF1: 0.6227 (Best: 0.6227) | MiF1: 0.6222 (Best: 0.6222)
2024-04-18 13:12:36,231 - root - INFO - Epoch: 17 | LR: 0.0010 | Loss 0.7707 | Val MaF1: 0.6465 (Best: 0.6458) | Test MaF1: 0.6182 (Best: 0.6227) | MiF1: 0.6192 (Best: 0.6222)
2024-04-18 13:12:43,978 - root - INFO - ARI: 0.2702 | NMI: 0.2432
2024-04-18 13:12:43,978 - root - INFO - Epoch: 18 | LR: 0.0010 | Loss 0.7175 | Val MaF1: 0.6494 (Best: 0.6494) | Test MaF1: 0.6227 (Best: 0.6227) | MiF1: 0.6232 (Best: 0.6232)
2024-04-18 13:12:51,850 - root - INFO - ARI: 0.2744 | NMI: 0.2464
2024-04-18 13:12:51,850 - root - INFO - Epoch: 19 | LR: 0.0010 | Loss 0.6611 | Val MaF1: 0.6604 (Best: 0.6604) | Test MaF1: 0.6329 (Best: 0.6329) | MiF1: 0.6323 (Best: 0.6323)
2024-04-18 13:13:00,202 - root - INFO - ARI: 0.2837 | NMI: 0.2533
2024-04-18 13:13:00,202 - root - INFO - Epoch: 20 | LR: 0.0009 | Loss 0.6191 | Val MaF1: 0.6693 (Best: 0.6693) | Test MaF1: 0.6397 (Best: 0.6397) | MiF1: 0.6386 (Best: 0.6386)
2024-04-18 13:13:08,599 - root - INFO - ARI: 0.2885 | NMI: 0.2573
2024-04-18 13:13:08,600 - root - INFO - Epoch: 21 | LR: 0.0009 | Loss 0.5775 | Val MaF1: 0.6698 (Best: 0.6698) | Test MaF1: 0.6425 (Best: 0.6425) | MiF1: 0.6413 (Best: 0.6413)
2024-04-18 13:13:14,761 - root - INFO - Epoch: 22 | LR: 0.0009 | Loss 0.5448 | Val MaF1: 0.6678 (Best: 0.6698) | Test MaF1: 0.6417 (Best: 0.6425) | MiF1: 0.6409 (Best: 0.6413)
2024-04-18 13:13:21,128 - root - INFO - Epoch: 23 | LR: 0.0008 | Loss 0.5186 | Val MaF1: 0.6652 (Best: 0.6698) | Test MaF1: 0.6381 (Best: 0.6425) | MiF1: 0.6376 (Best: 0.6413)
2024-04-18 13:13:27,510 - root - INFO - Epoch: 24 | LR: 0.0008 | Loss 0.4954 | Val MaF1: 0.6652 (Best: 0.6698) | Test MaF1: 0.6391 (Best: 0.6425) | MiF1: 0.6386 (Best: 0.6413)
2024-04-18 13:13:33,320 - root - INFO - Epoch: 25 | LR: 0.0008 | Loss 0.4768 | Val MaF1: 0.6583 (Best: 0.6698) | Test MaF1: 0.6324 (Best: 0.6425) | MiF1: 0.6326 (Best: 0.6413)
2024-04-18 13:13:40,305 - root - INFO - Epoch: 26 | LR: 0.0007 | Loss 0.4624 | Val MaF1: 0.6505 (Best: 0.6698) | Test MaF1: 0.6330 (Best: 0.6425) | MiF1: 0.6333 (Best: 0.6413)
2024-04-18 13:13:46,348 - root - INFO - Epoch: 27 | LR: 0.0007 | Loss 0.4491 | Val MaF1: 0.6458 (Best: 0.6698) | Test MaF1: 0.6295 (Best: 0.6425) | MiF1: 0.6296 (Best: 0.6413)
2024-04-18 13:13:52,056 - root - INFO - Epoch: 28 | LR: 0.0007 | Loss 0.4394 | Val MaF1: 0.6433 (Best: 0.6698) | Test MaF1: 0.6314 (Best: 0.6425) | MiF1: 0.6316 (Best: 0.6413)
2024-04-18 13:13:57,607 - root - INFO - Epoch: 29 | LR: 0.0006 | Loss 0.4304 | Val MaF1: 0.6416 (Best: 0.6698) | Test MaF1: 0.6302 (Best: 0.6425) | MiF1: 0.6303 (Best: 0.6413)
2024-04-18 13:14:03,231 - root - INFO - Epoch: 30 | LR: 0.0006 | Loss 0.4228 | Val MaF1: 0.6399 (Best: 0.6698) | Test MaF1: 0.6299 (Best: 0.6425) | MiF1: 0.6299 (Best: 0.6413)
2024-04-18 13:14:08,948 - root - INFO - Epoch: 31 | LR: 0.0005 | Loss 0.4155 | Val MaF1: 0.6349 (Best: 0.6698) | Test MaF1: 0.6310 (Best: 0.6425) | MiF1: 0.6309 (Best: 0.6413)
2024-04-18 13:14:14,497 - root - INFO - Epoch: 32 | LR: 0.0005 | Loss 0.4111 | Val MaF1: 0.6354 (Best: 0.6698) | Test MaF1: 0.6284 (Best: 0.6425) | MiF1: 0.6286 (Best: 0.6413)
2024-04-18 13:14:20,093 - root - INFO - Epoch: 33 | LR: 0.0004 | Loss 0.4063 | Val MaF1: 0.6380 (Best: 0.6698) | Test MaF1: 0.6311 (Best: 0.6425) | MiF1: 0.6313 (Best: 0.6413)
2024-04-18 13:14:25,704 - root - INFO - Epoch: 34 | LR: 0.0004 | Loss 0.4026 | Val MaF1: 0.6351 (Best: 0.6698) | Test MaF1: 0.6312 (Best: 0.6425) | MiF1: 0.6313 (Best: 0.6413)
2024-04-18 13:14:31,287 - root - INFO - Epoch: 35 | LR: 0.0003 | Loss 0.4002 | Val MaF1: 0.6306 (Best: 0.6698) | Test MaF1: 0.6315 (Best: 0.6425) | MiF1: 0.6313 (Best: 0.6413)
2024-04-18 13:14:36,917 - root - INFO - Epoch: 36 | LR: 0.0003 | Loss 0.3971 | Val MaF1: 0.6306 (Best: 0.6698) | Test MaF1: 0.6305 (Best: 0.6425) | MiF1: 0.6306 (Best: 0.6413)
2024-04-18 13:14:42,522 - root - INFO - Epoch: 37 | LR: 0.0003 | Loss 0.3947 | Val MaF1: 0.6326 (Best: 0.6698) | Test MaF1: 0.6309 (Best: 0.6425) | MiF1: 0.6309 (Best: 0.6413)
2024-04-18 13:14:47,919 - root - INFO - Epoch: 38 | LR: 0.0002 | Loss 0.3926 | Val MaF1: 0.6349 (Best: 0.6698) | Test MaF1: 0.6303 (Best: 0.6425) | MiF1: 0.6303 (Best: 0.6413)
2024-04-18 13:14:53,419 - root - INFO - Epoch: 39 | LR: 0.0002 | Loss 0.3908 | Val MaF1: 0.6323 (Best: 0.6698) | Test MaF1: 0.6313 (Best: 0.6425) | MiF1: 0.6313 (Best: 0.6413)
2024-04-18 13:14:58,968 - root - INFO - Epoch: 40 | LR: 0.0002 | Loss 0.3899 | Val MaF1: 0.6368 (Best: 0.6698) | Test MaF1: 0.6310 (Best: 0.6425) | MiF1: 0.6313 (Best: 0.6413)
2024-04-18 13:15:04,527 - root - INFO - Epoch: 41 | LR: 0.0001 | Loss 0.3891 | Val MaF1: 0.6341 (Best: 0.6698) | Test MaF1: 0.6297 (Best: 0.6425) | MiF1: 0.6299 (Best: 0.6413)
2024-04-18 13:15:10,049 - root - INFO - Epoch: 42 | LR: 0.0001 | Loss 0.3875 | Val MaF1: 0.6341 (Best: 0.6698) | Test MaF1: 0.6300 (Best: 0.6425) | MiF1: 0.6303 (Best: 0.6413)
2024-04-18 13:15:15,624 - root - INFO - Epoch: 43 | LR: 0.0001 | Loss 0.3874 | Val MaF1: 0.6341 (Best: 0.6698) | Test MaF1: 0.6287 (Best: 0.6425) | MiF1: 0.6289 (Best: 0.6413)
2024-04-18 13:15:21,030 - root - INFO - Epoch: 44 | LR: 0.0000 | Loss 0.3871 | Val MaF1: 0.6341 (Best: 0.6698) | Test MaF1: 0.6284 (Best: 0.6425) | MiF1: 0.6286 (Best: 0.6413)
2024-04-18 13:15:26,656 - root - INFO - Epoch: 45 | LR: 0.0000 | Loss 0.3861 | Val MaF1: 0.6341 (Best: 0.6698) | Test MaF1: 0.6284 (Best: 0.6425) | MiF1: 0.6286 (Best: 0.6413)
2024-04-18 13:15:32,106 - root - INFO - Epoch: 46 | LR: 0.0000 | Loss 0.3862 | Val MaF1: 0.6341 (Best: 0.6698) | Test MaF1: 0.6284 (Best: 0.6425) | MiF1: 0.6286 (Best: 0.6413)
2024-04-18 13:15:37,626 - root - INFO - Epoch: 47 | LR: 0.0000 | Loss 0.3857 | Val MaF1: 0.6341 (Best: 0.6698) | Test MaF1: 0.6284 (Best: 0.6425) | MiF1: 0.6286 (Best: 0.6413)
2024-04-18 13:15:43,214 - root - INFO - Epoch: 48 | LR: 0.0000 | Loss 0.3858 | Val MaF1: 0.6341 (Best: 0.6698) | Test MaF1: 0.6287 (Best: 0.6425) | MiF1: 0.6289 (Best: 0.6413)
2024-04-18 13:15:48,776 - root - INFO - Epoch: 49 | LR: 0.0000 | Loss 0.3864 | Val MaF1: 0.6341 (Best: 0.6698) | Test MaF1: 0.6287 (Best: 0.6425) | MiF1: 0.6289 (Best: 0.6413)
2024-04-18 13:15:54,400 - root - INFO - Epoch: 50 | LR: 0.0000 | Loss 0.3864 | Val MaF1: 0.6341 (Best: 0.6698) | Test MaF1: 0.6287 (Best: 0.6425) | MiF1: 0.6289 (Best: 0.6413)
2024-04-18 13:15:54,400 - root - INFO - Best Epoch: 21 | Train MiF1: 0.9743,  MaF1: 0.9744 | Val MiF1: 0.6682, MaF1: 0.6698 | Test MaF1: 0.6425, MiF1: 0.6413
2024-04-18 13:15:55,879 - root - INFO - ARI: 0.2885 | NMI: 0.2573
