2024-04-22 21:30:16,124 - root - INFO - {'prefix': 'SR-HGN', 'gpu': 0, 'feat': 1, 'seed': 0, 'verbose': 1, 'train_split': 0.2, 'val_split': 0.3, 'num_type_heads': 4, 'num_node_heads': 4, 'hidden_dim': 512, 'clip': 1.0, 'num_layers': 3, 'alpha': 0.5, 'epochs': 100, 'dataset': 'imdb', 'input_dim': 256, 'aggregate': 'concat', 'iscuda': True, 'cluster': True, 'max_lr': 0.001, 'weight_decay': 1e-05, 'heads': 1, 'han_heads': [4], 'hh_heads': 3, 'dropout': 0.2}
2024-04-22 21:30:18,763 - root - INFO - Training SR-HGN with #param: 61538884
2024-04-22 21:30:20,277 - root - INFO - ARI: 0.0154 | NMI: 0.0167
2024-04-22 21:30:20,277 - root - INFO - Epoch: 1 | LR: 0.0000 | Loss 1.0968 | Val MaF1: 0.1781 (Best: 0.1781) | Test MaF1: 0.1810 (Best: 0.1810) | MiF1: 0.3651 (Best: 0.3651)
2024-04-22 21:30:20,873 - root - INFO - ARI: 0.0519 | NMI: 0.0569
2024-04-22 21:30:20,874 - root - INFO - Epoch: 2 | LR: 0.0001 | Loss 1.0931 | Val MaF1: 0.1896 (Best: 0.1896) | Test MaF1: 0.1937 (Best: 0.1937) | MiF1: 0.3694 (Best: 0.3694)
2024-04-22 21:30:21,527 - root - INFO - ARI: 0.0787 | NMI: 0.0939
2024-04-22 21:30:21,527 - root - INFO - Epoch: 3 | LR: 0.0001 | Loss 1.0890 | Val MaF1: 0.2238 (Best: 0.2238) | Test MaF1: 0.2373 (Best: 0.2373) | MiF1: 0.3884 (Best: 0.3884)
2024-04-22 21:30:22,130 - root - INFO - ARI: 0.0910 | NMI: 0.1138
2024-04-22 21:30:22,130 - root - INFO - Epoch: 4 | LR: 0.0001 | Loss 1.0849 | Val MaF1: 0.3125 (Best: 0.3125) | Test MaF1: 0.3137 (Best: 0.3137) | MiF1: 0.4349 (Best: 0.4349)
2024-04-22 21:30:22,710 - root - INFO - ARI: 0.0941 | NMI: 0.1237
2024-04-22 21:30:22,711 - root - INFO - Epoch: 5 | LR: 0.0001 | Loss 1.0774 | Val MaF1: 0.3654 (Best: 0.3654) | Test MaF1: 0.3674 (Best: 0.3674) | MiF1: 0.4793 (Best: 0.4793)
2024-04-22 21:30:23,306 - root - INFO - ARI: 0.1035 | NMI: 0.1293
2024-04-22 21:30:23,306 - root - INFO - Epoch: 6 | LR: 0.0001 | Loss 1.0715 | Val MaF1: 0.3784 (Best: 0.3784) | Test MaF1: 0.3885 (Best: 0.3885) | MiF1: 0.5037 (Best: 0.5037)
2024-04-22 21:30:23,522 - root - INFO - Epoch: 7 | LR: 0.0002 | Loss 1.0633 | Val MaF1: 0.3711 (Best: 0.3784) | Test MaF1: 0.3777 (Best: 0.3885) | MiF1: 0.4953 (Best: 0.5037)
2024-04-22 21:30:23,716 - root - INFO - Epoch: 8 | LR: 0.0002 | Loss 1.0521 | Val MaF1: 0.3554 (Best: 0.3784) | Test MaF1: 0.3725 (Best: 0.3885) | MiF1: 0.4910 (Best: 0.5037)
2024-04-22 21:30:23,908 - root - INFO - Epoch: 9 | LR: 0.0003 | Loss 1.0390 | Val MaF1: 0.3488 (Best: 0.3784) | Test MaF1: 0.3690 (Best: 0.3885) | MiF1: 0.4890 (Best: 0.5037)
2024-04-22 21:30:24,102 - root - INFO - Epoch: 10 | LR: 0.0003 | Loss 1.0217 | Val MaF1: 0.3516 (Best: 0.3784) | Test MaF1: 0.3745 (Best: 0.3885) | MiF1: 0.4923 (Best: 0.5037)
2024-04-22 21:30:24,664 - root - INFO - ARI: 0.2228 | NMI: 0.1965
2024-04-22 21:30:24,664 - root - INFO - Epoch: 11 | LR: 0.0003 | Loss 1.0001 | Val MaF1: 0.3658 (Best: 0.3658) | Test MaF1: 0.3917 (Best: 0.3917) | MiF1: 0.5050 (Best: 0.5050)
2024-04-22 21:30:25,231 - root - INFO - ARI: 0.2373 | NMI: 0.2053
2024-04-22 21:30:25,231 - root - INFO - Epoch: 12 | LR: 0.0004 | Loss 0.9741 | Val MaF1: 0.3851 (Best: 0.3851) | Test MaF1: 0.4234 (Best: 0.4234) | MiF1: 0.5237 (Best: 0.5237)
2024-04-22 21:30:25,811 - root - INFO - ARI: 0.2577 | NMI: 0.2238
2024-04-22 21:30:25,812 - root - INFO - Epoch: 13 | LR: 0.0004 | Loss 0.9404 | Val MaF1: 0.4623 (Best: 0.4623) | Test MaF1: 0.4776 (Best: 0.4776) | MiF1: 0.5471 (Best: 0.5471)
2024-04-22 21:30:26,479 - root - INFO - ARI: 0.2653 | NMI: 0.2297
2024-04-22 21:30:26,479 - root - INFO - Epoch: 14 | LR: 0.0005 | Loss 0.8951 | Val MaF1: 0.5968 (Best: 0.5968) | Test MaF1: 0.5701 (Best: 0.5701) | MiF1: 0.5932 (Best: 0.5932)
2024-04-22 21:30:27,046 - root - INFO - ARI: 0.2670 | NMI: 0.2340
2024-04-22 21:30:27,046 - root - INFO - Epoch: 15 | LR: 0.0005 | Loss 0.8443 | Val MaF1: 0.6381 (Best: 0.6381) | Test MaF1: 0.6254 (Best: 0.6254) | MiF1: 0.6266 (Best: 0.6266)
2024-04-22 21:30:27,606 - root - INFO - ARI: 0.2702 | NMI: 0.2387
2024-04-22 21:30:27,606 - root - INFO - Epoch: 16 | LR: 0.0006 | Loss 0.7924 | Val MaF1: 0.6305 (Best: 0.6305) | Test MaF1: 0.6267 (Best: 0.6267) | MiF1: 0.6263 (Best: 0.6263)
2024-04-22 21:30:27,824 - root - INFO - Epoch: 17 | LR: 0.0006 | Loss 0.7469 | Val MaF1: 0.6295 (Best: 0.6305) | Test MaF1: 0.6234 (Best: 0.6267) | MiF1: 0.6239 (Best: 0.6263)
2024-04-22 21:30:28,384 - root - INFO - ARI: 0.2884 | NMI: 0.2496
2024-04-22 21:30:28,384 - root - INFO - Epoch: 18 | LR: 0.0007 | Loss 0.7046 | Val MaF1: 0.6355 (Best: 0.6355) | Test MaF1: 0.6289 (Best: 0.6289) | MiF1: 0.6299 (Best: 0.6299)
2024-04-22 21:30:28,951 - root - INFO - ARI: 0.2975 | NMI: 0.2535
2024-04-22 21:30:28,952 - root - INFO - Epoch: 19 | LR: 0.0007 | Loss 0.6643 | Val MaF1: 0.6385 (Best: 0.6385) | Test MaF1: 0.6319 (Best: 0.6319) | MiF1: 0.6333 (Best: 0.6333)
2024-04-22 21:30:29,180 - root - INFO - Epoch: 20 | LR: 0.0008 | Loss 0.6335 | Val MaF1: 0.6182 (Best: 0.6385) | Test MaF1: 0.6268 (Best: 0.6319) | MiF1: 0.6299 (Best: 0.6333)
2024-04-22 21:30:29,371 - root - INFO - Epoch: 21 | LR: 0.0008 | Loss 0.6092 | Val MaF1: 0.6139 (Best: 0.6385) | Test MaF1: 0.6269 (Best: 0.6319) | MiF1: 0.6306 (Best: 0.6333)
2024-04-22 21:30:29,566 - root - INFO - Epoch: 22 | LR: 0.0009 | Loss 0.5882 | Val MaF1: 0.6177 (Best: 0.6385) | Test MaF1: 0.6244 (Best: 0.6319) | MiF1: 0.6273 (Best: 0.6333)
2024-04-22 21:30:29,758 - root - INFO - Epoch: 23 | LR: 0.0009 | Loss 0.5719 | Val MaF1: 0.6209 (Best: 0.6385) | Test MaF1: 0.6204 (Best: 0.6319) | MiF1: 0.6222 (Best: 0.6333)
2024-04-22 21:30:29,950 - root - INFO - Epoch: 24 | LR: 0.0009 | Loss 0.5564 | Val MaF1: 0.6046 (Best: 0.6385) | Test MaF1: 0.6163 (Best: 0.6319) | MiF1: 0.6179 (Best: 0.6333)
2024-04-22 21:30:30,142 - root - INFO - Epoch: 25 | LR: 0.0010 | Loss 0.5473 | Val MaF1: 0.6049 (Best: 0.6385) | Test MaF1: 0.6168 (Best: 0.6319) | MiF1: 0.6182 (Best: 0.6333)
2024-04-22 21:30:30,333 - root - INFO - Epoch: 26 | LR: 0.0010 | Loss 0.5359 | Val MaF1: 0.5997 (Best: 0.6385) | Test MaF1: 0.6143 (Best: 0.6319) | MiF1: 0.6162 (Best: 0.6333)
2024-04-22 21:30:30,525 - root - INFO - Epoch: 27 | LR: 0.0010 | Loss 0.5275 | Val MaF1: 0.5968 (Best: 0.6385) | Test MaF1: 0.6084 (Best: 0.6319) | MiF1: 0.6109 (Best: 0.6333)
2024-04-22 21:30:30,719 - root - INFO - Epoch: 28 | LR: 0.0010 | Loss 0.5202 | Val MaF1: 0.5924 (Best: 0.6385) | Test MaF1: 0.6122 (Best: 0.6319) | MiF1: 0.6146 (Best: 0.6333)
2024-04-22 21:30:30,910 - root - INFO - Epoch: 29 | LR: 0.0010 | Loss 0.5131 | Val MaF1: 0.6016 (Best: 0.6385) | Test MaF1: 0.6136 (Best: 0.6319) | MiF1: 0.6152 (Best: 0.6333)
2024-04-22 21:30:31,106 - root - INFO - Epoch: 30 | LR: 0.0010 | Loss 0.5067 | Val MaF1: 0.5967 (Best: 0.6385) | Test MaF1: 0.6105 (Best: 0.6319) | MiF1: 0.6119 (Best: 0.6333)
2024-04-22 21:30:31,332 - root - INFO - Epoch: 31 | LR: 0.0010 | Loss 0.5002 | Val MaF1: 0.5964 (Best: 0.6385) | Test MaF1: 0.6061 (Best: 0.6319) | MiF1: 0.6075 (Best: 0.6333)
2024-04-22 21:30:31,528 - root - INFO - Epoch: 32 | LR: 0.0010 | Loss 0.4951 | Val MaF1: 0.5964 (Best: 0.6385) | Test MaF1: 0.6068 (Best: 0.6319) | MiF1: 0.6082 (Best: 0.6333)
2024-04-22 21:30:31,722 - root - INFO - Epoch: 33 | LR: 0.0010 | Loss 0.4905 | Val MaF1: 0.5855 (Best: 0.6385) | Test MaF1: 0.6041 (Best: 0.6319) | MiF1: 0.6059 (Best: 0.6333)
2024-04-22 21:30:31,928 - root - INFO - Epoch: 34 | LR: 0.0010 | Loss 0.4848 | Val MaF1: 0.5795 (Best: 0.6385) | Test MaF1: 0.6016 (Best: 0.6319) | MiF1: 0.6032 (Best: 0.6333)
2024-04-22 21:30:32,134 - root - INFO - Epoch: 35 | LR: 0.0010 | Loss 0.4806 | Val MaF1: 0.5813 (Best: 0.6385) | Test MaF1: 0.6008 (Best: 0.6319) | MiF1: 0.6025 (Best: 0.6333)
2024-04-22 21:30:32,338 - root - INFO - Epoch: 36 | LR: 0.0010 | Loss 0.4762 | Val MaF1: 0.5721 (Best: 0.6385) | Test MaF1: 0.5977 (Best: 0.6319) | MiF1: 0.5995 (Best: 0.6333)
2024-04-22 21:30:32,543 - root - INFO - Epoch: 37 | LR: 0.0010 | Loss 0.4731 | Val MaF1: 0.5737 (Best: 0.6385) | Test MaF1: 0.5960 (Best: 0.6319) | MiF1: 0.5979 (Best: 0.6333)
2024-04-22 21:30:32,737 - root - INFO - Epoch: 38 | LR: 0.0010 | Loss 0.4694 | Val MaF1: 0.5683 (Best: 0.6385) | Test MaF1: 0.5983 (Best: 0.6319) | MiF1: 0.6002 (Best: 0.6333)
2024-04-22 21:30:32,929 - root - INFO - Epoch: 39 | LR: 0.0010 | Loss 0.4665 | Val MaF1: 0.5753 (Best: 0.6385) | Test MaF1: 0.6014 (Best: 0.6319) | MiF1: 0.6032 (Best: 0.6333)
2024-04-22 21:30:33,124 - root - INFO - Epoch: 40 | LR: 0.0009 | Loss 0.4630 | Val MaF1: 0.5757 (Best: 0.6385) | Test MaF1: 0.6004 (Best: 0.6319) | MiF1: 0.6022 (Best: 0.6333)
2024-04-22 21:30:33,318 - root - INFO - Epoch: 41 | LR: 0.0009 | Loss 0.4600 | Val MaF1: 0.5663 (Best: 0.6385) | Test MaF1: 0.5964 (Best: 0.6319) | MiF1: 0.5982 (Best: 0.6333)
2024-04-22 21:30:33,511 - root - INFO - Epoch: 42 | LR: 0.0009 | Loss 0.4590 | Val MaF1: 0.5685 (Best: 0.6385) | Test MaF1: 0.5963 (Best: 0.6319) | MiF1: 0.5982 (Best: 0.6333)
2024-04-22 21:30:33,704 - root - INFO - Epoch: 43 | LR: 0.0009 | Loss 0.4557 | Val MaF1: 0.5664 (Best: 0.6385) | Test MaF1: 0.5960 (Best: 0.6319) | MiF1: 0.5985 (Best: 0.6333)
2024-04-22 21:30:33,896 - root - INFO - Epoch: 44 | LR: 0.0009 | Loss 0.4527 | Val MaF1: 0.5688 (Best: 0.6385) | Test MaF1: 0.5956 (Best: 0.6319) | MiF1: 0.5985 (Best: 0.6333)
2024-04-22 21:30:34,090 - root - INFO - Epoch: 45 | LR: 0.0009 | Loss 0.4510 | Val MaF1: 0.5685 (Best: 0.6385) | Test MaF1: 0.5968 (Best: 0.6319) | MiF1: 0.5999 (Best: 0.6333)
2024-04-22 21:30:34,283 - root - INFO - Epoch: 46 | LR: 0.0009 | Loss 0.4490 | Val MaF1: 0.5637 (Best: 0.6385) | Test MaF1: 0.5979 (Best: 0.6319) | MiF1: 0.6009 (Best: 0.6333)
2024-04-22 21:30:34,477 - root - INFO - Epoch: 47 | LR: 0.0008 | Loss 0.4466 | Val MaF1: 0.5670 (Best: 0.6385) | Test MaF1: 0.5960 (Best: 0.6319) | MiF1: 0.5989 (Best: 0.6333)
2024-04-22 21:30:34,668 - root - INFO - Epoch: 48 | LR: 0.0008 | Loss 0.4456 | Val MaF1: 0.5742 (Best: 0.6385) | Test MaF1: 0.5977 (Best: 0.6319) | MiF1: 0.6005 (Best: 0.6333)
2024-04-22 21:30:34,861 - root - INFO - Epoch: 49 | LR: 0.0008 | Loss 0.4432 | Val MaF1: 0.5693 (Best: 0.6385) | Test MaF1: 0.5995 (Best: 0.6319) | MiF1: 0.6022 (Best: 0.6333)
2024-04-22 21:30:35,054 - root - INFO - Epoch: 50 | LR: 0.0008 | Loss 0.4415 | Val MaF1: 0.5739 (Best: 0.6385) | Test MaF1: 0.6025 (Best: 0.6319) | MiF1: 0.6049 (Best: 0.6333)
2024-04-22 21:30:35,247 - root - INFO - Epoch: 51 | LR: 0.0008 | Loss 0.4402 | Val MaF1: 0.5739 (Best: 0.6385) | Test MaF1: 0.6019 (Best: 0.6319) | MiF1: 0.6042 (Best: 0.6333)
2024-04-22 21:30:35,439 - root - INFO - Epoch: 52 | LR: 0.0008 | Loss 0.4386 | Val MaF1: 0.5716 (Best: 0.6385) | Test MaF1: 0.6002 (Best: 0.6319) | MiF1: 0.6022 (Best: 0.6333)
2024-04-22 21:30:35,643 - root - INFO - Epoch: 53 | LR: 0.0007 | Loss 0.4372 | Val MaF1: 0.5744 (Best: 0.6385) | Test MaF1: 0.6007 (Best: 0.6319) | MiF1: 0.6022 (Best: 0.6333)
2024-04-22 21:30:35,839 - root - INFO - Epoch: 54 | LR: 0.0007 | Loss 0.4361 | Val MaF1: 0.5789 (Best: 0.6385) | Test MaF1: 0.6014 (Best: 0.6319) | MiF1: 0.6029 (Best: 0.6333)
2024-04-22 21:30:36,033 - root - INFO - Epoch: 55 | LR: 0.0007 | Loss 0.4350 | Val MaF1: 0.5760 (Best: 0.6385) | Test MaF1: 0.6019 (Best: 0.6319) | MiF1: 0.6039 (Best: 0.6333)
2024-04-22 21:30:36,226 - root - INFO - Epoch: 56 | LR: 0.0007 | Loss 0.4342 | Val MaF1: 0.5739 (Best: 0.6385) | Test MaF1: 0.5984 (Best: 0.6319) | MiF1: 0.6005 (Best: 0.6333)
2024-04-22 21:30:36,420 - root - INFO - Epoch: 57 | LR: 0.0007 | Loss 0.4326 | Val MaF1: 0.5760 (Best: 0.6385) | Test MaF1: 0.5963 (Best: 0.6319) | MiF1: 0.5985 (Best: 0.6333)
2024-04-22 21:30:36,619 - root - INFO - Epoch: 58 | LR: 0.0006 | Loss 0.4313 | Val MaF1: 0.5780 (Best: 0.6385) | Test MaF1: 0.5957 (Best: 0.6319) | MiF1: 0.5979 (Best: 0.6333)
2024-04-22 21:30:36,812 - root - INFO - Epoch: 59 | LR: 0.0006 | Loss 0.4303 | Val MaF1: 0.5780 (Best: 0.6385) | Test MaF1: 0.5941 (Best: 0.6319) | MiF1: 0.5962 (Best: 0.6333)
2024-04-22 21:30:37,003 - root - INFO - Epoch: 60 | LR: 0.0006 | Loss 0.4295 | Val MaF1: 0.5780 (Best: 0.6385) | Test MaF1: 0.5943 (Best: 0.6319) | MiF1: 0.5965 (Best: 0.6333)
2024-04-22 21:30:37,196 - root - INFO - Epoch: 61 | LR: 0.0006 | Loss 0.4288 | Val MaF1: 0.5780 (Best: 0.6385) | Test MaF1: 0.5970 (Best: 0.6319) | MiF1: 0.5992 (Best: 0.6333)
2024-04-22 21:30:37,388 - root - INFO - Epoch: 62 | LR: 0.0005 | Loss 0.4285 | Val MaF1: 0.5780 (Best: 0.6385) | Test MaF1: 0.5969 (Best: 0.6319) | MiF1: 0.5992 (Best: 0.6333)
2024-04-22 21:30:37,581 - root - INFO - Epoch: 63 | LR: 0.0005 | Loss 0.4271 | Val MaF1: 0.5777 (Best: 0.6385) | Test MaF1: 0.5955 (Best: 0.6319) | MiF1: 0.5979 (Best: 0.6333)
2024-04-22 21:30:37,772 - root - INFO - Epoch: 64 | LR: 0.0005 | Loss 0.4268 | Val MaF1: 0.5849 (Best: 0.6385) | Test MaF1: 0.5944 (Best: 0.6319) | MiF1: 0.5969 (Best: 0.6333)
2024-04-22 21:30:37,964 - root - INFO - Epoch: 65 | LR: 0.0005 | Loss 0.4256 | Val MaF1: 0.5849 (Best: 0.6385) | Test MaF1: 0.5956 (Best: 0.6319) | MiF1: 0.5979 (Best: 0.6333)
2024-04-22 21:30:38,157 - root - INFO - Epoch: 66 | LR: 0.0005 | Loss 0.4253 | Val MaF1: 0.5829 (Best: 0.6385) | Test MaF1: 0.5951 (Best: 0.6319) | MiF1: 0.5972 (Best: 0.6333)
2024-04-22 21:30:38,351 - root - INFO - Epoch: 67 | LR: 0.0004 | Loss 0.4248 | Val MaF1: 0.5829 (Best: 0.6385) | Test MaF1: 0.5962 (Best: 0.6319) | MiF1: 0.5982 (Best: 0.6333)
2024-04-22 21:30:38,542 - root - INFO - Epoch: 68 | LR: 0.0004 | Loss 0.4247 | Val MaF1: 0.5829 (Best: 0.6385) | Test MaF1: 0.5972 (Best: 0.6319) | MiF1: 0.5992 (Best: 0.6333)
2024-04-22 21:30:38,733 - root - INFO - Epoch: 69 | LR: 0.0004 | Loss 0.4233 | Val MaF1: 0.5829 (Best: 0.6385) | Test MaF1: 0.5985 (Best: 0.6319) | MiF1: 0.6005 (Best: 0.6333)
2024-04-22 21:30:38,924 - root - INFO - Epoch: 70 | LR: 0.0004 | Loss 0.4233 | Val MaF1: 0.5829 (Best: 0.6385) | Test MaF1: 0.5992 (Best: 0.6319) | MiF1: 0.6012 (Best: 0.6333)
2024-04-22 21:30:39,117 - root - INFO - Epoch: 71 | LR: 0.0003 | Loss 0.4229 | Val MaF1: 0.5829 (Best: 0.6385) | Test MaF1: 0.5988 (Best: 0.6319) | MiF1: 0.6009 (Best: 0.6333)
2024-04-22 21:30:39,308 - root - INFO - Epoch: 72 | LR: 0.0003 | Loss 0.4226 | Val MaF1: 0.5855 (Best: 0.6385) | Test MaF1: 0.5983 (Best: 0.6319) | MiF1: 0.6005 (Best: 0.6333)
2024-04-22 21:30:39,499 - root - INFO - Epoch: 73 | LR: 0.0003 | Loss 0.4220 | Val MaF1: 0.5838 (Best: 0.6385) | Test MaF1: 0.5972 (Best: 0.6319) | MiF1: 0.5995 (Best: 0.6333)
2024-04-22 21:30:39,693 - root - INFO - Epoch: 74 | LR: 0.0003 | Loss 0.4214 | Val MaF1: 0.5838 (Best: 0.6385) | Test MaF1: 0.5980 (Best: 0.6319) | MiF1: 0.6002 (Best: 0.6333)
2024-04-22 21:30:39,896 - root - INFO - Epoch: 75 | LR: 0.0003 | Loss 0.4217 | Val MaF1: 0.5813 (Best: 0.6385) | Test MaF1: 0.5984 (Best: 0.6319) | MiF1: 0.6005 (Best: 0.6333)
2024-04-22 21:30:40,089 - root - INFO - Epoch: 76 | LR: 0.0002 | Loss 0.4212 | Val MaF1: 0.5813 (Best: 0.6385) | Test MaF1: 0.5984 (Best: 0.6319) | MiF1: 0.6005 (Best: 0.6333)
2024-04-22 21:30:40,280 - root - INFO - Epoch: 77 | LR: 0.0002 | Loss 0.4209 | Val MaF1: 0.5836 (Best: 0.6385) | Test MaF1: 0.5995 (Best: 0.6319) | MiF1: 0.6015 (Best: 0.6333)
2024-04-22 21:30:40,471 - root - INFO - Epoch: 78 | LR: 0.0002 | Loss 0.4199 | Val MaF1: 0.5876 (Best: 0.6385) | Test MaF1: 0.5990 (Best: 0.6319) | MiF1: 0.6012 (Best: 0.6333)
2024-04-22 21:30:40,665 - root - INFO - Epoch: 79 | LR: 0.0002 | Loss 0.4204 | Val MaF1: 0.5896 (Best: 0.6385) | Test MaF1: 0.5988 (Best: 0.6319) | MiF1: 0.6009 (Best: 0.6333)
2024-04-22 21:30:40,856 - root - INFO - Epoch: 80 | LR: 0.0002 | Loss 0.4208 | Val MaF1: 0.5896 (Best: 0.6385) | Test MaF1: 0.5992 (Best: 0.6319) | MiF1: 0.6012 (Best: 0.6333)
2024-04-22 21:30:41,051 - root - INFO - Epoch: 81 | LR: 0.0002 | Loss 0.4200 | Val MaF1: 0.5896 (Best: 0.6385) | Test MaF1: 0.5992 (Best: 0.6319) | MiF1: 0.6012 (Best: 0.6333)
2024-04-22 21:30:41,242 - root - INFO - Epoch: 82 | LR: 0.0001 | Loss 0.4200 | Val MaF1: 0.5876 (Best: 0.6385) | Test MaF1: 0.6003 (Best: 0.6319) | MiF1: 0.6022 (Best: 0.6333)
2024-04-22 21:30:41,432 - root - INFO - Epoch: 83 | LR: 0.0001 | Loss 0.4195 | Val MaF1: 0.5876 (Best: 0.6385) | Test MaF1: 0.5997 (Best: 0.6319) | MiF1: 0.6015 (Best: 0.6333)
2024-04-22 21:30:41,627 - root - INFO - Epoch: 84 | LR: 0.0001 | Loss 0.4190 | Val MaF1: 0.5876 (Best: 0.6385) | Test MaF1: 0.5996 (Best: 0.6319) | MiF1: 0.6015 (Best: 0.6333)
2024-04-22 21:30:41,817 - root - INFO - Epoch: 85 | LR: 0.0001 | Loss 0.4199 | Val MaF1: 0.5876 (Best: 0.6385) | Test MaF1: 0.5992 (Best: 0.6319) | MiF1: 0.6012 (Best: 0.6333)
2024-04-22 21:30:42,007 - root - INFO - Epoch: 86 | LR: 0.0001 | Loss 0.4192 | Val MaF1: 0.5876 (Best: 0.6385) | Test MaF1: 0.5999 (Best: 0.6319) | MiF1: 0.6019 (Best: 0.6333)
2024-04-22 21:30:42,199 - root - INFO - Epoch: 87 | LR: 0.0001 | Loss 0.4188 | Val MaF1: 0.5876 (Best: 0.6385) | Test MaF1: 0.6002 (Best: 0.6319) | MiF1: 0.6022 (Best: 0.6333)
2024-04-22 21:30:42,389 - root - INFO - Epoch: 88 | LR: 0.0001 | Loss 0.4189 | Val MaF1: 0.5876 (Best: 0.6385) | Test MaF1: 0.6002 (Best: 0.6319) | MiF1: 0.6022 (Best: 0.6333)
2024-04-22 21:30:42,586 - root - INFO - Epoch: 89 | LR: 0.0000 | Loss 0.4194 | Val MaF1: 0.5876 (Best: 0.6385) | Test MaF1: 0.5996 (Best: 0.6319) | MiF1: 0.6015 (Best: 0.6333)
2024-04-22 21:30:42,781 - root - INFO - Epoch: 90 | LR: 0.0000 | Loss 0.4188 | Val MaF1: 0.5876 (Best: 0.6385) | Test MaF1: 0.5989 (Best: 0.6319) | MiF1: 0.6009 (Best: 0.6333)
2024-04-22 21:30:42,972 - root - INFO - Epoch: 91 | LR: 0.0000 | Loss 0.4187 | Val MaF1: 0.5896 (Best: 0.6385) | Test MaF1: 0.5989 (Best: 0.6319) | MiF1: 0.6009 (Best: 0.6333)
2024-04-22 21:30:43,165 - root - INFO - Epoch: 92 | LR: 0.0000 | Loss 0.4190 | Val MaF1: 0.5896 (Best: 0.6385) | Test MaF1: 0.5983 (Best: 0.6319) | MiF1: 0.6002 (Best: 0.6333)
2024-04-22 21:30:43,357 - root - INFO - Epoch: 93 | LR: 0.0000 | Loss 0.4186 | Val MaF1: 0.5896 (Best: 0.6385) | Test MaF1: 0.5983 (Best: 0.6319) | MiF1: 0.6002 (Best: 0.6333)
2024-04-22 21:30:43,551 - root - INFO - Epoch: 94 | LR: 0.0000 | Loss 0.4189 | Val MaF1: 0.5896 (Best: 0.6385) | Test MaF1: 0.5983 (Best: 0.6319) | MiF1: 0.6002 (Best: 0.6333)
2024-04-22 21:30:43,751 - root - INFO - Epoch: 95 | LR: 0.0000 | Loss 0.4186 | Val MaF1: 0.5896 (Best: 0.6385) | Test MaF1: 0.5983 (Best: 0.6319) | MiF1: 0.6002 (Best: 0.6333)
2024-04-22 21:30:43,948 - root - INFO - Epoch: 96 | LR: 0.0000 | Loss 0.4191 | Val MaF1: 0.5916 (Best: 0.6385) | Test MaF1: 0.5987 (Best: 0.6319) | MiF1: 0.6005 (Best: 0.6333)
2024-04-22 21:30:44,141 - root - INFO - Epoch: 97 | LR: 0.0000 | Loss 0.4187 | Val MaF1: 0.5916 (Best: 0.6385) | Test MaF1: 0.5984 (Best: 0.6319) | MiF1: 0.6002 (Best: 0.6333)
2024-04-22 21:30:44,332 - root - INFO - Epoch: 98 | LR: 0.0000 | Loss 0.4189 | Val MaF1: 0.5916 (Best: 0.6385) | Test MaF1: 0.5984 (Best: 0.6319) | MiF1: 0.6002 (Best: 0.6333)
2024-04-22 21:30:44,551 - root - INFO - Epoch: 99 | LR: 0.0000 | Loss 0.4185 | Val MaF1: 0.5916 (Best: 0.6385) | Test MaF1: 0.5984 (Best: 0.6319) | MiF1: 0.6002 (Best: 0.6333)
2024-04-22 21:30:44,743 - root - INFO - Epoch: 100 | LR: 0.0000 | Loss 0.4193 | Val MaF1: 0.5916 (Best: 0.6385) | Test MaF1: 0.5984 (Best: 0.6319) | MiF1: 0.6002 (Best: 0.6333)
2024-04-22 21:30:44,743 - root - INFO - Best Epoch: 19 | Train MiF1: 0.9474,  MaF1: 0.9463 | Val MiF1: 0.6379, MaF1: 0.6385 | Test MaF1: 0.6319, MiF1: 0.6333
2024-04-22 21:30:44,914 - root - INFO - ARI: 0.2975 | NMI: 0.2535
