2024-04-19 00:49:16,595 - root - INFO - {'prefix': 'SR-HGN', 'gpu': 0, 'feat': 1, 'seed': 0, 'verbose': 1, 'train_split': 0.2, 'val_split': 0.3, 'num_type_heads': 4, 'num_node_heads': 4, 'hidden_dim': 256, 'clip': 1.0, 'num_layers': 3, 'alpha': 0.5, 'epochs': 47, 'dataset': 'acm', 'input_dim': 256, 'aggregate': 'concat', 'iscuda': True, 'cluster': True, 'max_lr': 0.001, 'weight_decay': 1e-05, 'heads': 8, 'han_heads': [4], 'hh_heads': 3, 'dropout': 0.2}
2024-04-19 00:49:19,496 - root - INFO - Training SR-HGN with #param: 35601299
2024-04-19 00:49:28,449 - matplotlib.pyplot - DEBUG - Loaded backend tkagg version 8.6.
2024-04-19 00:49:28,481 - PIL.PngImagePlugin - DEBUG - STREAM b'IHDR' 16 13
2024-04-19 00:49:28,481 - PIL.PngImagePlugin - DEBUG - STREAM b'sBIT' 41 4
2024-04-19 00:49:28,481 - PIL.PngImagePlugin - DEBUG - b'sBIT' 41 4 (unknown)
2024-04-19 00:49:28,481 - PIL.PngImagePlugin - DEBUG - STREAM b'pHYs' 57 9
2024-04-19 00:49:28,482 - PIL.PngImagePlugin - DEBUG - STREAM b'IDAT' 78 1189
2024-04-19 00:49:28,485 - PIL.PngImagePlugin - DEBUG - STREAM b'IHDR' 16 13
2024-04-19 00:49:28,485 - PIL.PngImagePlugin - DEBUG - STREAM b'sBIT' 41 4
2024-04-19 00:49:28,486 - PIL.PngImagePlugin - DEBUG - b'sBIT' 41 4 (unknown)
2024-04-19 00:49:28,486 - PIL.PngImagePlugin - DEBUG - STREAM b'pHYs' 57 9
2024-04-19 00:49:28,486 - PIL.PngImagePlugin - DEBUG - STREAM b'IDAT' 78 2994
2024-04-19 00:49:28,503 - PIL.PngImagePlugin - DEBUG - STREAM b'IHDR' 16 13
2024-04-19 00:49:28,504 - PIL.PngImagePlugin - DEBUG - STREAM b'sBIT' 41 4
2024-04-19 00:49:28,504 - PIL.PngImagePlugin - DEBUG - b'sBIT' 41 4 (unknown)
2024-04-19 00:49:28,504 - PIL.PngImagePlugin - DEBUG - STREAM b'pHYs' 57 9
2024-04-19 00:49:28,504 - PIL.PngImagePlugin - DEBUG - STREAM b'IDAT' 78 374
2024-04-19 00:49:28,506 - PIL.PngImagePlugin - DEBUG - STREAM b'IHDR' 16 13
2024-04-19 00:49:28,506 - PIL.PngImagePlugin - DEBUG - STREAM b'sBIT' 41 4
2024-04-19 00:49:28,506 - PIL.PngImagePlugin - DEBUG - b'sBIT' 41 4 (unknown)
2024-04-19 00:49:28,506 - PIL.PngImagePlugin - DEBUG - STREAM b'pHYs' 57 9
2024-04-19 00:49:28,506 - PIL.PngImagePlugin - DEBUG - STREAM b'IDAT' 78 286
2024-04-19 00:49:28,508 - PIL.PngImagePlugin - DEBUG - STREAM b'IHDR' 16 13
2024-04-19 00:49:28,508 - PIL.PngImagePlugin - DEBUG - STREAM b'sBIT' 41 4
2024-04-19 00:49:28,508 - PIL.PngImagePlugin - DEBUG - b'sBIT' 41 4 (unknown)
2024-04-19 00:49:28,508 - PIL.PngImagePlugin - DEBUG - STREAM b'pHYs' 57 9
2024-04-19 00:49:28,508 - PIL.PngImagePlugin - DEBUG - STREAM b'IDAT' 78 263
2024-04-19 00:49:28,509 - PIL.PngImagePlugin - DEBUG - STREAM b'IHDR' 16 13
2024-04-19 00:49:28,510 - PIL.PngImagePlugin - DEBUG - STREAM b'sBIT' 41 4
2024-04-19 00:49:28,510 - PIL.PngImagePlugin - DEBUG - b'sBIT' 41 4 (unknown)
2024-04-19 00:49:28,510 - PIL.PngImagePlugin - DEBUG - STREAM b'pHYs' 57 9
2024-04-19 00:49:28,510 - PIL.PngImagePlugin - DEBUG - STREAM b'IDAT' 78 387
2024-04-19 00:49:28,512 - PIL.PngImagePlugin - DEBUG - STREAM b'IHDR' 16 13
2024-04-19 00:49:28,512 - PIL.PngImagePlugin - DEBUG - STREAM b'sBIT' 41 4
2024-04-19 00:49:28,512 - PIL.PngImagePlugin - DEBUG - b'sBIT' 41 4 (unknown)
2024-04-19 00:49:28,512 - PIL.PngImagePlugin - DEBUG - STREAM b'pHYs' 57 9
2024-04-19 00:49:28,512 - PIL.PngImagePlugin - DEBUG - STREAM b'IDAT' 78 436
2024-04-19 00:49:28,514 - PIL.PngImagePlugin - DEBUG - STREAM b'IHDR' 16 13
2024-04-19 00:49:28,514 - PIL.PngImagePlugin - DEBUG - STREAM b'sBIT' 41 4
2024-04-19 00:49:28,514 - PIL.PngImagePlugin - DEBUG - b'sBIT' 41 4 (unknown)
2024-04-19 00:49:28,514 - PIL.PngImagePlugin - DEBUG - STREAM b'pHYs' 57 9
2024-04-19 00:49:28,515 - PIL.PngImagePlugin - DEBUG - STREAM b'IDAT' 78 351
2024-04-19 00:49:28,516 - PIL.PngImagePlugin - DEBUG - STREAM b'IHDR' 16 13
2024-04-19 00:49:28,516 - PIL.PngImagePlugin - DEBUG - STREAM b'sBIT' 41 4
2024-04-19 00:49:28,516 - PIL.PngImagePlugin - DEBUG - b'sBIT' 41 4 (unknown)
2024-04-19 00:49:28,517 - PIL.PngImagePlugin - DEBUG - STREAM b'pHYs' 57 9
2024-04-19 00:49:28,517 - PIL.PngImagePlugin - DEBUG - STREAM b'IDAT' 78 364
2024-04-19 00:49:28,520 - matplotlib.font_manager - DEBUG - findfont: Matching sans\-serif:style=normal:variant=normal:weight=normal:stretch=normal:size=10.0.
2024-04-19 00:49:28,520 - matplotlib.font_manager - DEBUG - findfont: score(FontEntry(fname='D:\\anaconda3\\envs\\cpf\\lib\\site-packages\\matplotlib\\mpl-data\\fonts\\ttf\\DejaVuSerif.ttf', name='DejaVu Serif', style='normal', variant='normal', weight=400, stretch='normal', size='scalable')) = 10.05
2024-04-19 00:49:28,521 - matplotlib.font_manager - DEBUG - findfont: score(FontEntry(fname='D:\\anaconda3\\envs\\cpf\\lib\\site-packages\\matplotlib\\mpl-data\\fonts\\ttf\\STIXGeneral.ttf', name='STIXGeneral', style='normal', variant='normal', weight=400, stretch='normal', size='scalable')) = 10.05
2024-04-19 00:49:28,522 - matplotlib.font_manager - DEBUG - findfont: score(FontEntry(fname='D:\\anaconda3\\envs\\cpf\\lib\\site-packages\\matplotlib\\mpl-data\\fonts\\ttf\\STIXSizFiveSymReg.ttf', name='STIXSizeFiveSym', style='normal', variant='normal', weight=400, stretch='normal', size='scalable')) = 10.05
2024-04-19 00:49:28,522 - matplotlib.font_manager - DEBUG - findfont: score(FontEntry(fname='D:\\anaconda3\\envs\\cpf\\lib\\site-packages\\matplotlib\\mpl-data\\fonts\\ttf\\STIXGeneralItalic.ttf', name='STIXGeneral', style='italic', variant='normal', weight=400, stretch='normal', size='scalable')) = 11.05
2024-04-19 00:49:28,523 - matplotlib.font_manager - DEBUG - findfont: score(FontEntry(fname='D:\\anaconda3\\envs\\cpf\\lib\\site-packages\\matplotlib\\mpl-data\\fonts\\ttf\\STIXSizThreeSymReg.ttf', name='STIXSizeThreeSym', style='normal', variant='normal', weight=400, stretch='normal', size='scalable')) = 10.05
2024-04-19 00:49:28,523 - matplotlib.font_manager - DEBUG - findfont: score(FontEntry(fname='D:\\anaconda3\\envs\\cpf\\lib\\site-packages\\matplotlib\\mpl-data\\fonts\\ttf\\STIXSizOneSymBol.ttf', name='STIXSizeOneSym', style='normal', variant='normal', weight=700, stretch='normal', size='scalable')) = 10.335
2024-04-19 00:49:28,523 - matplotlib.font_manager - DEBUG - findfont: score(FontEntry(fname='D:\\anaconda3\\envs\\cpf\\lib\\site-packages\\matplotlib\\mpl-data\\fonts\\ttf\\DejaVuSansDisplay.ttf', name='DejaVu Sans Display', style='normal', variant='normal', weight=400, stretch='normal', size='scalable')) = 10.05
2024-04-19 00:49:28,524 - matplotlib.font_manager - DEBUG - findfont: score(FontEntry(fname='D:\\anaconda3\\envs\\cpf\\lib\\site-packages\\matplotlib\\mpl-data\\fonts\\ttf\\DejaVuSansMono-Bold.ttf', name='DejaVu Sans Mono', style='normal', variant='normal', weight=700, stretch='normal', size='scalable')) = 10.335
2024-04-19 00:49:28,524 - matplotlib.font_manager - DEBUG - findfont: score(FontEntry(fname='D:\\anaconda3\\envs\\cpf\\lib\\site-packages\\matplotlib\\mpl-data\\fonts\\ttf\\DejaVuSans-Bold.ttf', name='DejaVu Sans', style='normal', variant='normal', weight=700, stretch='normal', size='scalable')) = 0.33499999999999996
2024-04-19 00:49:28,525 - matplotlib.font_manager - DEBUG - findfont: score(FontEntry(fname='D:\\anaconda3\\envs\\cpf\\lib\\site-packages\\matplotlib\\mpl-data\\fonts\\ttf\\cmtt10.ttf', name='cmtt10', style='normal', variant='normal', weight=400, stretch='normal', size='scalable')) = 10.05
2024-04-19 00:49:28,525 - matplotlib.font_manager - DEBUG - findfont: score(FontEntry(fname='D:\\anaconda3\\envs\\cpf\\lib\\site-packages\\matplotlib\\mpl-data\\fonts\\ttf\\DejaVuSerif-BoldItalic.ttf', name='DejaVu Serif', style='italic', variant='normal', weight=700, stretch='normal', size='scalable')) = 11.335
2024-04-19 00:49:28,526 - matplotlib.font_manager - DEBUG - findfont: score(FontEntry(fname='D:\\anaconda3\\envs\\cpf\\lib\\site-packages\\matplotlib\\mpl-data\\fonts\\ttf\\DejaVuSansMono.ttf', name='DejaVu Sans Mono', style='normal', variant='normal', weight=400, stretch='normal', size='scalable')) = 10.05
2024-04-19 00:49:28,526 - matplotlib.font_manager - DEBUG - findfont: score(FontEntry(fname='D:\\anaconda3\\envs\\cpf\\lib\\site-packages\\matplotlib\\mpl-data\\fonts\\ttf\\cmb10.ttf', name='cmb10', style='normal', variant='normal', weight=400, stretch='normal', size='scalable')) = 10.05
2024-04-19 00:49:28,527 - matplotlib.font_manager - DEBUG - findfont: score(FontEntry(fname='D:\\anaconda3\\envs\\cpf\\lib\\site-packages\\matplotlib\\mpl-data\\fonts\\ttf\\cmsy10.ttf', name='cmsy10', style='normal', variant='normal', weight=400, stretch='normal', size='scalable')) = 10.05
2024-04-19 00:49:28,527 - matplotlib.font_manager - DEBUG - findfont: score(FontEntry(fname='D:\\anaconda3\\envs\\cpf\\lib\\site-packages\\matplotlib\\mpl-data\\fonts\\ttf\\DejaVuSansMono-BoldOblique.ttf', name='DejaVu Sans Mono', style='oblique', variant='normal', weight=700, stretch='normal', size='scalable')) = 11.335
2024-04-19 00:49:28,527 - matplotlib.font_manager - DEBUG - findfont: score(FontEntry(fname='D:\\anaconda3\\envs\\cpf\\lib\\site-packages\\matplotlib\\mpl-data\\fonts\\ttf\\STIXSizOneSymReg.ttf', name='STIXSizeOneSym', style='normal', variant='normal', weight=400, stretch='normal', size='scalable')) = 10.05
2024-04-19 00:49:28,527 - matplotlib.font_manager - DEBUG - findfont: score(FontEntry(fname='D:\\anaconda3\\envs\\cpf\\lib\\site-packages\\matplotlib\\mpl-data\\fonts\\ttf\\DejaVuSans.ttf', name='DejaVu Sans', style='normal', variant='normal', weight=400, stretch='normal', size='scalable')) = 0.05
2024-04-19 00:49:28,528 - matplotlib.font_manager - DEBUG - findfont: score(FontEntry(fname='D:\\anaconda3\\envs\\cpf\\lib\\site-packages\\matplotlib\\mpl-data\\fonts\\ttf\\STIXSizTwoSymReg.ttf', name='STIXSizeTwoSym', style='normal', variant='normal', weight=400, stretch='normal', size='scalable')) = 10.05
2024-04-19 00:49:28,528 - matplotlib.font_manager - DEBUG - findfont: score(FontEntry(fname='D:\\anaconda3\\envs\\cpf\\lib\\site-packages\\matplotlib\\mpl-data\\fonts\\ttf\\STIXSizFourSymReg.ttf', name='STIXSizeFourSym', style='normal', variant='normal', weight=400, stretch='normal', size='scalable')) = 10.05
2024-04-19 00:49:28,528 - matplotlib.font_manager - DEBUG - findfont: score(FontEntry(fname='D:\\anaconda3\\envs\\cpf\\lib\\site-packages\\matplotlib\\mpl-data\\fonts\\ttf\\cmss10.ttf', name='cmss10', style='normal', variant='normal', weight=400, stretch='normal', size='scalable')) = 10.05
2024-04-19 00:49:28,529 - matplotlib.font_manager - DEBUG - findfont: score(FontEntry(fname='D:\\anaconda3\\envs\\cpf\\lib\\site-packages\\matplotlib\\mpl-data\\fonts\\ttf\\STIXNonUniIta.ttf', name='STIXNonUnicode', style='italic', variant='normal', weight=400, stretch='normal', size='scalable')) = 11.05
2024-04-19 00:49:28,529 - matplotlib.font_manager - DEBUG - findfont: score(FontEntry(fname='D:\\anaconda3\\envs\\cpf\\lib\\site-packages\\matplotlib\\mpl-data\\fonts\\ttf\\STIXSizFourSymBol.ttf', name='STIXSizeFourSym', style='normal', variant='normal', weight=700, stretch='normal', size='scalable')) = 10.335
2024-04-19 00:49:28,529 - matplotlib.font_manager - DEBUG - findfont: score(FontEntry(fname='D:\\anaconda3\\envs\\cpf\\lib\\site-packages\\matplotlib\\mpl-data\\fonts\\ttf\\cmex10.ttf', name='cmex10', style='normal', variant='normal', weight=400, stretch='normal', size='scalable')) = 10.05
2024-04-19 00:49:28,529 - matplotlib.font_manager - DEBUG - findfont: score(FontEntry(fname='D:\\anaconda3\\envs\\cpf\\lib\\site-packages\\matplotlib\\mpl-data\\fonts\\ttf\\cmr10.ttf', name='cmr10', style='normal', variant='normal', weight=400, stretch='normal', size='scalable')) = 10.05
2024-04-19 00:49:28,529 - matplotlib.font_manager - DEBUG - findfont: score(FontEntry(fname='D:\\anaconda3\\envs\\cpf\\lib\\site-packages\\matplotlib\\mpl-data\\fonts\\ttf\\DejaVuSans-BoldOblique.ttf', name='DejaVu Sans', style='oblique', variant='normal', weight=700, stretch='normal', size='scalable')) = 1.335
2024-04-19 00:49:28,530 - matplotlib.font_manager - DEBUG - findfont: score(FontEntry(fname='D:\\anaconda3\\envs\\cpf\\lib\\site-packages\\matplotlib\\mpl-data\\fonts\\ttf\\STIXGeneralBolIta.ttf', name='STIXGeneral', style='italic', variant='normal', weight=700, stretch='normal', size='scalable')) = 11.335
2024-04-19 00:49:28,530 - matplotlib.font_manager - DEBUG - findfont: score(FontEntry(fname='D:\\anaconda3\\envs\\cpf\\lib\\site-packages\\matplotlib\\mpl-data\\fonts\\ttf\\DejaVuSans-Oblique.ttf', name='DejaVu Sans', style='oblique', variant='normal', weight=400, stretch='normal', size='scalable')) = 1.05
2024-04-19 00:49:28,530 - matplotlib.font_manager - DEBUG - findfont: score(FontEntry(fname='D:\\anaconda3\\envs\\cpf\\lib\\site-packages\\matplotlib\\mpl-data\\fonts\\ttf\\DejaVuSerifDisplay.ttf', name='DejaVu Serif Display', style='normal', variant='normal', weight=400, stretch='normal', size='scalable')) = 10.05
2024-04-19 00:49:28,531 - matplotlib.font_manager - DEBUG - findfont: score(FontEntry(fname='D:\\anaconda3\\envs\\cpf\\lib\\site-packages\\matplotlib\\mpl-data\\fonts\\ttf\\STIXSizThreeSymBol.ttf', name='STIXSizeThreeSym', style='normal', variant='normal', weight=700, stretch='normal', size='scalable')) = 10.335
2024-04-19 00:49:28,531 - matplotlib.font_manager - DEBUG - findfont: score(FontEntry(fname='D:\\anaconda3\\envs\\cpf\\lib\\site-packages\\matplotlib\\mpl-data\\fonts\\ttf\\DejaVuSansMono-Oblique.ttf', name='DejaVu Sans Mono', style='oblique', variant='normal', weight=400, stretch='normal', size='scalable')) = 11.05
2024-04-19 00:49:28,531 - matplotlib.font_manager - DEBUG - findfont: score(FontEntry(fname='D:\\anaconda3\\envs\\cpf\\lib\\site-packages\\matplotlib\\mpl-data\\fonts\\ttf\\STIXNonUniBol.ttf', name='STIXNonUnicode', style='normal', variant='normal', weight=700, stretch='normal', size='scalable')) = 10.335
2024-04-19 00:49:28,531 - matplotlib.font_manager - DEBUG - findfont: score(FontEntry(fname='D:\\anaconda3\\envs\\cpf\\lib\\site-packages\\matplotlib\\mpl-data\\fonts\\ttf\\DejaVuSerif-Bold.ttf', name='DejaVu Serif', style='normal', variant='normal', weight=700, stretch='normal', size='scalable')) = 10.335
2024-04-19 00:49:28,532 - matplotlib.font_manager - DEBUG - findfont: score(FontEntry(fname='D:\\anaconda3\\envs\\cpf\\lib\\site-packages\\matplotlib\\mpl-data\\fonts\\ttf\\STIXNonUniBolIta.ttf', name='STIXNonUnicode', style='italic', variant='normal', weight=700, stretch='normal', size='scalable')) = 11.335
2024-04-19 00:49:28,532 - matplotlib.font_manager - DEBUG - findfont: score(FontEntry(fname='D:\\anaconda3\\envs\\cpf\\lib\\site-packages\\matplotlib\\mpl-data\\fonts\\ttf\\STIXSizTwoSymBol.ttf', name='STIXSizeTwoSym', style='normal', variant='normal', weight=700, stretch='normal', size='scalable')) = 10.335
2024-04-19 00:49:28,532 - matplotlib.font_manager - DEBUG - findfont: score(FontEntry(fname='D:\\anaconda3\\envs\\cpf\\lib\\site-packages\\matplotlib\\mpl-data\\fonts\\ttf\\DejaVuSerif-Italic.ttf', name='DejaVu Serif', style='italic', variant='normal', weight=400, stretch='normal', size='scalable')) = 11.05
2024-04-19 00:49:28,532 - matplotlib.font_manager - DEBUG - findfont: score(FontEntry(fname='D:\\anaconda3\\envs\\cpf\\lib\\site-packages\\matplotlib\\mpl-data\\fonts\\ttf\\STIXGeneralBol.ttf', name='STIXGeneral', style='normal', variant='normal', weight=700, stretch='normal', size='scalable')) = 10.335
2024-04-19 00:49:28,533 - matplotlib.font_manager - DEBUG - findfont: score(FontEntry(fname='D:\\anaconda3\\envs\\cpf\\lib\\site-packages\\matplotlib\\mpl-data\\fonts\\ttf\\STIXNonUni.ttf', name='STIXNonUnicode', style='normal', variant='normal', weight=400, stretch='normal', size='scalable')) = 10.05
2024-04-19 00:49:28,533 - matplotlib.font_manager - DEBUG - findfont: score(FontEntry(fname='D:\\anaconda3\\envs\\cpf\\lib\\site-packages\\matplotlib\\mpl-data\\fonts\\ttf\\cmmi10.ttf', name='cmmi10', style='normal', variant='normal', weight=400, stretch='normal', size='scalable')) = 10.05
2024-04-19 00:49:28,533 - matplotlib.font_manager - DEBUG - findfont: score(FontEntry(fname='C:\\Windows\\Fonts\\seguiemj.ttf', name='Segoe UI Emoji', style='normal', variant='normal', weight=400, stretch='normal', size='scalable')) = 10.05
2024-04-19 00:49:28,533 - matplotlib.font_manager - DEBUG - findfont: score(FontEntry(fname='C:\\Windows\\Fonts\\arial.ttf', name='Arial', style='normal', variant='normal', weight=400, stretch='normal', size='scalable')) = 6.413636363636363
2024-04-19 00:49:28,534 - matplotlib.font_manager - DEBUG - findfont: score(FontEntry(fname='C:\\Windows\\Fonts\\tahoma.ttf', name='Tahoma', style='normal', variant='normal', weight=400, stretch='normal', size='scalable')) = 10.05
2024-04-19 00:49:28,534 - matplotlib.font_manager - DEBUG - findfont: score(FontEntry(fname='C:\\Windows\\Fonts\\cambriaz.ttf', name='Cambria', style='italic', variant='normal', weight=700, stretch='normal', size='scalable')) = 11.335
2024-04-19 00:49:28,534 - matplotlib.font_manager - DEBUG - findfont: score(FontEntry(fname='C:\\Windows\\Fonts\\seguisym.ttf', name='Segoe UI Symbol', style='normal', variant='normal', weight=400, stretch='normal', size='scalable')) = 10.05
2024-04-19 00:49:28,535 - matplotlib.font_manager - DEBUG - findfont: score(FontEntry(fname='C:\\Windows\\Fonts\\malgunsl.ttf', name='Malgun Gothic', style='normal', variant='normal', weight=300, stretch='normal', size='scalable')) = 10.145
2024-04-19 00:49:28,535 - matplotlib.font_manager - DEBUG - findfont: score(FontEntry(fname='C:\\Windows\\Fonts\\constani.ttf', name='Constantia', style='italic', variant='normal', weight=400, stretch='normal', size='scalable')) = 11.05
2024-04-19 00:49:28,535 - matplotlib.font_manager - DEBUG - findfont: score(FontEntry(fname='C:\\Windows\\Fonts\\malgunbd.ttf', name='Malgun Gothic', style='normal', variant='normal', weight=700, stretch='normal', size='scalable')) = 10.335
2024-04-19 00:49:28,536 - matplotlib.font_manager - DEBUG - findfont: score(FontEntry(fname='C:\\Windows\\Fonts\\YuGothB.ttc', name='Yu Gothic', style='normal', variant='normal', weight=700, stretch='normal', size='scalable')) = 10.335
2024-04-19 00:49:28,536 - matplotlib.font_manager - DEBUG - findfont: score(FontEntry(fname='C:\\Windows\\Fonts\\georgia.ttf', name='Georgia', style='normal', variant='normal', weight=400, stretch='normal', size='scalable')) = 10.05
2024-04-19 00:49:28,536 - matplotlib.font_manager - DEBUG - findfont: score(FontEntry(fname='C:\\Windows\\Fonts\\calibril.ttf', name='Calibri', style='normal', variant='normal', weight=300, stretch='normal', size='scalable')) = 10.145
2024-04-19 00:49:28,537 - matplotlib.font_manager - DEBUG - findfont: score(FontEntry(fname='C:\\Windows\\Fonts\\georgiaz.ttf', name='Georgia', style='italic', variant='normal', weight=700, stretch='normal', size='scalable')) = 11.335
2024-04-19 00:49:28,537 - matplotlib.font_manager - DEBUG - findfont: score(FontEntry(fname='C:\\Windows\\Fonts\\arialbd.ttf', name='Arial', style='normal', variant='normal', weight=700, stretch='normal', size='scalable')) = 6.698636363636363
2024-04-19 00:49:28,537 - matplotlib.font_manager - DEBUG - findfont: score(FontEntry(fname='C:\\Windows\\Fonts\\LeelUIsl.ttf', name='Leelawadee UI', style='normal', variant='normal', weight=350, stretch='normal', size='scalable')) = 10.0975
2024-04-19 00:49:28,537 - matplotlib.font_manager - DEBUG - findfont: score(FontEntry(fname='C:\\Windows\\Fonts\\georgiab.ttf', name='Georgia', style='normal', variant='normal', weight=700, stretch='normal', size='scalable')) = 10.335
2024-04-19 00:49:28,538 - matplotlib.font_manager - DEBUG - findfont: score(FontEntry(fname='C:\\Windows\\Fonts\\timesbd.ttf', name='Times New Roman', style='normal', variant='normal', weight=700, stretch='normal', size='scalable')) = 10.335
2024-04-19 00:49:28,538 - matplotlib.font_manager - DEBUG - findfont: score(FontEntry(fname='C:\\Windows\\Fonts\\Nirmala.ttf', name='Nirmala UI', style='normal', variant='normal', weight=400, stretch='normal', size='scalable')) = 10.05
2024-04-19 00:49:28,538 - matplotlib.font_manager - DEBUG - findfont: score(FontEntry(fname='C:\\Windows\\Fonts\\ebrimabd.ttf', name='Ebrima', style='normal', variant='normal', weight=700, stretch='normal', size='scalable')) = 10.335
2024-04-19 00:49:28,538 - matplotlib.font_manager - DEBUG - findfont: score(FontEntry(fname='C:\\Windows\\Fonts\\webdings.ttf', name='Webdings', style='normal', variant='normal', weight=400, stretch='normal', size='scalable')) = 10.05
2024-04-19 00:49:28,539 - matplotlib.font_manager - DEBUG - findfont: score(FontEntry(fname='C:\\Windows\\Fonts\\arialbi.ttf', name='Arial', style='italic', variant='normal', weight=700, stretch='normal', size='scalable')) = 7.698636363636363
2024-04-19 00:49:28,539 - matplotlib.font_manager - DEBUG - findfont: score(FontEntry(fname='C:\\Windows\\Fonts\\simsun.ttc', name='SimSun', style='normal', variant='normal', weight=400, stretch='normal', size='scalable')) = 10.05
2024-04-19 00:49:28,539 - matplotlib.font_manager - DEBUG - findfont: score(FontEntry(fname='C:\\Windows\\Fonts\\palabi.ttf', name='Palatino Linotype', style='italic', variant='normal', weight=700, stretch='normal', size='scalable')) = 11.335
2024-04-19 00:49:28,539 - matplotlib.font_manager - DEBUG - findfont: score(FontEntry(fname='C:\\Windows\\Fonts\\segoeuii.ttf', name='Segoe UI', style='italic', variant='normal', weight=400, stretch='normal', size='scalable')) = 11.05
2024-04-19 00:49:28,540 - matplotlib.font_manager - DEBUG - findfont: score(FontEntry(fname='C:\\Windows\\Fonts\\javatext.ttf', name='Javanese Text', style='normal', variant='normal', weight=400, stretch='normal', size='scalable')) = 10.05
2024-04-19 00:49:28,540 - matplotlib.font_manager - DEBUG - findfont: score(FontEntry(fname='C:\\Windows\\Fonts\\ntailub.ttf', name='Microsoft New Tai Lue', style='normal', variant='normal', weight=700, stretch='normal', size='scalable')) = 10.335
2024-04-19 00:49:28,540 - matplotlib.font_manager - DEBUG - findfont: score(FontEntry(fname='C:\\Windows\\Fonts\\calibrili.ttf', name='Calibri', style='italic', variant='normal', weight=300, stretch='normal', size='scalable')) = 11.145
2024-04-19 00:49:28,540 - matplotlib.font_manager - DEBUG - findfont: score(FontEntry(fname='C:\\Windows\\Fonts\\pala.ttf', name='Palatino Linotype', style='normal', variant='normal', weight=400, stretch='normal', size='scalable')) = 10.05
2024-04-19 00:49:28,541 - matplotlib.font_manager - DEBUG - findfont: score(FontEntry(fname='C:\\Windows\\Fonts\\Inkfree.ttf', name='Ink Free', style='normal', variant='normal', weight=400, stretch='normal', size='scalable')) = 10.05
2024-04-19 00:49:28,541 - matplotlib.font_manager - DEBUG - findfont: score(FontEntry(fname='C:\\Windows\\Fonts\\courbi.ttf', name='Courier New', style='italic', variant='normal', weight=700, stretch='normal', size='scalable')) = 11.335
2024-04-19 00:49:28,541 - matplotlib.font_manager - DEBUG - findfont: score(FontEntry(fname='C:\\Windows\\Fonts\\Sitka.ttc', name='Sitka Small', style='normal', variant='normal', weight=400, stretch='normal', size='scalable')) = 10.05
2024-04-19 00:49:28,542 - matplotlib.font_manager - DEBUG - findfont: score(FontEntry(fname='C:\\Windows\\Fonts\\YuGothR.ttc', name='Yu Gothic', style='normal', variant='normal', weight=400, stretch='normal', size='scalable')) = 10.05
2024-04-19 00:49:28,542 - matplotlib.font_manager - DEBUG - findfont: score(FontEntry(fname='C:\\Windows\\Fonts\\Candaraz.ttf', name='Candara', style='italic', variant='normal', weight=700, stretch='normal', size='scalable')) = 11.335
2024-04-19 00:49:28,542 - matplotlib.font_manager - DEBUG - findfont: score(FontEntry(fname='C:\\Windows\\Fonts\\msyhl.ttc', name='Microsoft YaHei', style='normal', variant='normal', weight=290, stretch='normal', size='scalable')) = 10.1545
2024-04-19 00:49:28,542 - matplotlib.font_manager - DEBUG - findfont: score(FontEntry(fname='C:\\Windows\\Fonts\\segoeuiz.ttf', name='Segoe UI', style='italic', variant='normal', weight=700, stretch='normal', size='scalable')) = 11.335
2024-04-19 00:49:28,543 - matplotlib.font_manager - DEBUG - findfont: score(FontEntry(fname='C:\\Windows\\Fonts\\calibriz.ttf', name='Calibri', style='italic', variant='normal', weight=700, stretch='normal', size='scalable')) = 11.335
2024-04-19 00:49:28,543 - matplotlib.font_manager - DEBUG - findfont: score(FontEntry(fname='C:\\Windows\\Fonts\\Candara.ttf', name='Candara', style='normal', variant='normal', weight=400, stretch='normal', size='scalable')) = 10.05
2024-04-19 00:49:28,543 - matplotlib.font_manager - DEBUG - findfont: score(FontEntry(fname='C:\\Windows\\Fonts\\tahomabd.ttf', name='Tahoma', style='normal', variant='normal', weight=700, stretch='normal', size='scalable')) = 10.335
2024-04-19 00:49:28,543 - matplotlib.font_manager - DEBUG - findfont: score(FontEntry(fname='C:\\Windows\\Fonts\\NirmalaS.ttf', name='Nirmala UI', style='normal', variant='normal', weight=350, stretch='normal', size='scalable')) = 10.0975
2024-04-19 00:49:28,543 - matplotlib.font_manager - DEBUG - findfont: score(FontEntry(fname='C:\\Windows\\Fonts\\ariali.ttf', name='Arial', style='italic', variant='normal', weight=400, stretch='normal', size='scalable')) = 7.413636363636363
2024-04-19 00:49:28,544 - matplotlib.font_manager - DEBUG - findfont: score(FontEntry(fname='C:\\Windows\\Fonts\\comic.ttf', name='Comic Sans MS', style='normal', variant='normal', weight=400, stretch='normal', size='scalable')) = 10.05
2024-04-19 00:49:28,544 - matplotlib.font_manager - DEBUG - findfont: score(FontEntry(fname='C:\\Windows\\Fonts\\NirmalaB.ttf', name='Nirmala UI', style='normal', variant='normal', weight=700, stretch='normal', size='scalable')) = 10.335
2024-04-19 00:49:28,544 - matplotlib.font_manager - DEBUG - findfont: score(FontEntry(fname='C:\\Windows\\Fonts\\seguisli.ttf', name='Segoe UI', style='italic', variant='normal', weight=350, stretch='normal', size='scalable')) = 11.0975
2024-04-19 00:49:28,544 - matplotlib.font_manager - DEBUG - findfont: score(FontEntry(fname='C:\\Windows\\Fonts\\times.ttf', name='Times New Roman', style='normal', variant='normal', weight=400, stretch='normal', size='scalable')) = 10.05
2024-04-19 00:49:28,545 - matplotlib.font_manager - DEBUG - findfont: score(FontEntry(fname='C:\\Windows\\Fonts\\symbol.ttf', name='Symbol', style='normal', variant='normal', weight=400, stretch='normal', size='scalable')) = 10.05
2024-04-19 00:49:28,545 - matplotlib.font_manager - DEBUG - findfont: score(FontEntry(fname='C:\\Windows\\Fonts\\SitkaZ.ttc', name='Sitka Small', style='italic', variant='normal', weight=700, stretch='normal', size='scalable')) = 11.335
2024-04-19 00:49:28,545 - matplotlib.font_manager - DEBUG - findfont: score(FontEntry(fname='C:\\Windows\\Fonts\\LeelawUI.ttf', name='Leelawadee UI', style='normal', variant='normal', weight=400, stretch='normal', size='scalable')) = 10.05
2024-04-19 00:49:28,545 - matplotlib.font_manager - DEBUG - findfont: score(FontEntry(fname='C:\\Windows\\Fonts\\courbd.ttf', name='Courier New', style='normal', variant='normal', weight=700, stretch='normal', size='scalable')) = 10.335
2024-04-19 00:49:28,546 - matplotlib.font_manager - DEBUG - findfont: score(FontEntry(fname='C:\\Windows\\Fonts\\seguihis.ttf', name='Segoe UI Historic', style='normal', variant='normal', weight=400, stretch='normal', size='scalable')) = 10.05
2024-04-19 00:49:28,546 - matplotlib.font_manager - DEBUG - findfont: score(FontEntry(fname='C:\\Windows\\Fonts\\ntailu.ttf', name='Microsoft New Tai Lue', style='normal', variant='normal', weight=400, stretch='normal', size='scalable')) = 10.05
2024-04-19 00:49:28,546 - matplotlib.font_manager - DEBUG - findfont: score(FontEntry(fname='C:\\Windows\\Fonts\\seguibl.ttf', name='Segoe UI', style='normal', variant='normal', weight=900, stretch='normal', size='scalable')) = 10.525
2024-04-19 00:49:28,546 - matplotlib.font_manager - DEBUG - findfont: score(FontEntry(fname='C:\\Windows\\Fonts\\consolai.ttf', name='Consolas', style='italic', variant='normal', weight=400, stretch='normal', size='scalable')) = 11.05
2024-04-19 00:49:28,547 - matplotlib.font_manager - DEBUG - findfont: score(FontEntry(fname='C:\\Windows\\Fonts\\msjhbd.ttc', name='Microsoft JhengHei', style='normal', variant='normal', weight=700, stretch='normal', size='scalable')) = 10.335
2024-04-19 00:49:28,547 - matplotlib.font_manager - DEBUG - findfont: score(FontEntry(fname='C:\\Windows\\Fonts\\monbaiti.ttf', name='Mongolian Baiti', style='normal', variant='normal', weight=400, stretch='normal', size='scalable')) = 10.05
2024-04-19 00:49:28,547 - matplotlib.font_manager - DEBUG - findfont: score(FontEntry(fname='C:\\Windows\\Fonts\\Deng.ttf', name='DengXian', style='normal', variant='normal', weight=400, stretch='normal', size='scalable')) = 10.05
2024-04-19 00:49:28,547 - matplotlib.font_manager - DEBUG - findfont: score(FontEntry(fname='C:\\Windows\\Fonts\\georgiai.ttf', name='Georgia', style='italic', variant='normal', weight=400, stretch='normal', size='scalable')) = 11.05
2024-04-19 00:49:28,548 - matplotlib.font_manager - DEBUG - findfont: score(FontEntry(fname='C:\\Windows\\Fonts\\holomdl2.ttf', name='HoloLens MDL2 Assets', style='normal', variant='normal', weight=400, stretch='normal', size='scalable')) = 10.05
2024-04-19 00:49:28,548 - matplotlib.font_manager - DEBUG - findfont: score(FontEntry(fname='C:\\Windows\\Fonts\\Gabriola.ttf', name='Gabriola', style='normal', variant='normal', weight=400, stretch='normal', size='scalable')) = 10.05
2024-04-19 00:49:28,548 - matplotlib.font_manager - DEBUG - findfont: score(FontEntry(fname='C:\\Windows\\Fonts\\sylfaen.ttf', name='Sylfaen', style='normal', variant='normal', weight=400, stretch='normal', size='scalable')) = 10.05
2024-04-19 00:49:28,548 - matplotlib.font_manager - DEBUG - findfont: score(FontEntry(fname='C:\\Windows\\Fonts\\mvboli.ttf', name='MV Boli', style='normal', variant='normal', weight=400, stretch='normal', size='scalable')) = 10.05
2024-04-19 00:49:28,549 - matplotlib.font_manager - DEBUG - findfont: score(FontEntry(fname='C:\\Windows\\Fonts\\couri.ttf', name='Courier New', style='italic', variant='normal', weight=400, stretch='normal', size='scalable')) = 11.05
2024-04-19 00:49:28,549 - matplotlib.font_manager - DEBUG - findfont: score(FontEntry(fname='C:\\Windows\\Fonts\\segoeui.ttf', name='Segoe UI', style='normal', variant='normal', weight=400, stretch='normal', size='scalable')) = 10.05
2024-04-19 00:49:28,549 - matplotlib.font_manager - DEBUG - findfont: score(FontEntry(fname='C:\\Windows\\Fonts\\taileb.ttf', name='Microsoft Tai Le', style='normal', variant='normal', weight=700, stretch='normal', size='scalable')) = 10.335
2024-04-19 00:49:28,550 - matplotlib.font_manager - DEBUG - findfont: score(FontEntry(fname='C:\\Windows\\Fonts\\segoeuib.ttf', name='Segoe UI', style='normal', variant='normal', weight=700, stretch='normal', size='scalable')) = 10.335
2024-04-19 00:49:28,550 - matplotlib.font_manager - DEBUG - findfont: score(FontEntry(fname='C:\\Windows\\Fonts\\LeelaUIb.ttf', name='Leelawadee UI', style='normal', variant='normal', weight=700, stretch='normal', size='scalable')) = 10.335
2024-04-19 00:49:28,550 - matplotlib.font_manager - DEBUG - findfont: score(FontEntry(fname='C:\\Windows\\Fonts\\consolab.ttf', name='Consolas', style='normal', variant='normal', weight=700, stretch='normal', size='scalable')) = 10.335
2024-04-19 00:49:28,551 - matplotlib.font_manager - DEBUG - findfont: score(FontEntry(fname='C:\\Windows\\Fonts\\trebuc.ttf', name='Trebuchet MS', style='normal', variant='normal', weight=400, stretch='normal', size='scalable')) = 10.05
2024-04-19 00:49:28,551 - matplotlib.font_manager - DEBUG - findfont: score(FontEntry(fname='C:\\Windows\\Fonts\\micross.ttf', name='Microsoft Sans Serif', style='normal', variant='normal', weight=400, stretch='normal', size='scalable')) = 10.05
2024-04-19 00:49:28,551 - matplotlib.font_manager - DEBUG - findfont: score(FontEntry(fname='C:\\Windows\\Fonts\\msyh.ttc', name='Microsoft YaHei', style='normal', variant='normal', weight=400, stretch='normal', size='scalable')) = 10.05
2024-04-19 00:49:28,551 - matplotlib.font_manager - DEBUG - findfont: score(FontEntry(fname='C:\\Windows\\Fonts\\segoesc.ttf', name='Segoe Script', style='normal', variant='normal', weight=400, stretch='normal', size='scalable')) = 10.05
2024-04-19 00:49:28,552 - matplotlib.font_manager - DEBUG - findfont: score(FontEntry(fname='C:\\Windows\\Fonts\\trebucbd.ttf', name='Trebuchet MS', style='normal', variant='normal', weight=700, stretch='normal', size='scalable')) = 10.335
2024-04-19 00:49:28,552 - matplotlib.font_manager - DEBUG - findfont: score(FontEntry(fname='C:\\Windows\\Fonts\\corbelz.ttf', name='Corbel', style='italic', variant='normal', weight=700, stretch='normal', size='scalable')) = 11.335
2024-04-19 00:49:28,552 - matplotlib.font_manager - DEBUG - findfont: score(FontEntry(fname='C:\\Windows\\Fonts\\msgothic.ttc', name='MS Gothic', style='normal', variant='normal', weight=400, stretch='normal', size='scalable')) = 10.05
2024-04-19 00:49:28,552 - matplotlib.font_manager - DEBUG - findfont: score(FontEntry(fname='C:\\Windows\\Fonts\\consola.ttf', name='Consolas', style='normal', variant='normal', weight=400, stretch='normal', size='scalable')) = 10.05
2024-04-19 00:49:28,553 - matplotlib.font_manager - DEBUG - findfont: score(FontEntry(fname='C:\\Windows\\Fonts\\verdanab.ttf', name='Verdana', style='normal', variant='normal', weight=700, stretch='normal', size='scalable')) = 3.9713636363636367
2024-04-19 00:49:28,553 - matplotlib.font_manager - DEBUG - findfont: score(FontEntry(fname='C:\\Windows\\Fonts\\timesi.ttf', name='Times New Roman', style='italic', variant='normal', weight=400, stretch='normal', size='scalable')) = 11.05
2024-04-19 00:49:28,553 - matplotlib.font_manager - DEBUG - findfont: score(FontEntry(fname='C:\\Windows\\Fonts\\msjh.ttc', name='Microsoft JhengHei', style='normal', variant='normal', weight=400, stretch='normal', size='scalable')) = 10.05
2024-04-19 00:49:28,553 - matplotlib.font_manager - DEBUG - findfont: score(FontEntry(fname='C:\\Windows\\Fonts\\mmrtext.ttf', name='Myanmar Text', style='normal', variant='normal', weight=400, stretch='normal', size='scalable')) = 10.05
2024-04-19 00:49:28,553 - matplotlib.font_manager - DEBUG - findfont: score(FontEntry(fname='C:\\Windows\\Fonts\\bahnschrift.ttf', name='Bahnschrift', style='normal', variant='normal', weight=400, stretch='normal', size='scalable')) = 10.05
2024-04-19 00:49:28,554 - matplotlib.font_manager - DEBUG - findfont: score(FontEntry(fname='C:\\Windows\\Fonts\\corbel.ttf', name='Corbel', style='normal', variant='normal', weight=400, stretch='normal', size='scalable')) = 10.05
2024-04-19 00:49:28,554 - matplotlib.font_manager - DEBUG - findfont: score(FontEntry(fname='C:\\Windows\\Fonts\\comicbd.ttf', name='Comic Sans MS', style='normal', variant='normal', weight=700, stretch='normal', size='scalable')) = 10.335
2024-04-19 00:49:28,554 - matplotlib.font_manager - DEBUG - findfont: score(FontEntry(fname='C:\\Windows\\Fonts\\calibrii.ttf', name='Calibri', style='italic', variant='normal', weight=400, stretch='normal', size='scalable')) = 11.05
2024-04-19 00:49:28,554 - matplotlib.font_manager - DEBUG - findfont: score(FontEntry(fname='C:\\Windows\\Fonts\\msyhbd.ttc', name='Microsoft YaHei', style='normal', variant='normal', weight=700, stretch='normal', size='scalable')) = 10.335
2024-04-19 00:49:28,555 - matplotlib.font_manager - DEBUG - findfont: score(FontEntry(fname='C:\\Windows\\Fonts\\comicz.ttf', name='Comic Sans MS', style='italic', variant='normal', weight=700, stretch='normal', size='scalable')) = 11.335
2024-04-19 00:49:28,555 - matplotlib.font_manager - DEBUG - findfont: score(FontEntry(fname='C:\\Windows\\Fonts\\l_10646.ttf', name='Lucida Sans Unicode', style='normal', variant='normal', weight=400, stretch='normal', size='scalable')) = 10.05
2024-04-19 00:49:28,555 - matplotlib.font_manager - DEBUG - findfont: score(FontEntry(fname='C:\\Windows\\Fonts\\msjhl.ttc', name='Microsoft JhengHei', style='normal', variant='normal', weight=290, stretch='normal', size='scalable')) = 10.1545
2024-04-19 00:49:28,555 - matplotlib.font_manager - DEBUG - findfont: score(FontEntry(fname='C:\\Windows\\Fonts\\simhei.ttf', name='SimHei', style='normal', variant='normal', weight=400, stretch='normal', size='scalable')) = 10.05
2024-04-19 00:49:28,556 - matplotlib.font_manager - DEBUG - findfont: score(FontEntry(fname='C:\\Windows\\Fonts\\Candaral.ttf', name='Candara', style='normal', variant='normal', weight=400, stretch='normal', size='scalable')) = 10.05
2024-04-19 00:49:28,556 - matplotlib.font_manager - DEBUG - findfont: score(FontEntry(fname='C:\\Windows\\Fonts\\comici.ttf', name='Comic Sans MS', style='italic', variant='normal', weight=400, stretch='normal', size='scalable')) = 11.05
2024-04-19 00:49:28,556 - matplotlib.font_manager - DEBUG - findfont: score(FontEntry(fname='C:\\Windows\\Fonts\\impact.ttf', name='Impact', style='normal', variant='normal', weight=400, stretch='normal', size='scalable')) = 10.05
2024-04-19 00:49:28,557 - matplotlib.font_manager - DEBUG - findfont: score(FontEntry(fname='C:\\Windows\\Fonts\\trebucit.ttf', name='Trebuchet MS', style='italic', variant='normal', weight=400, stretch='normal', size='scalable')) = 11.05
2024-04-19 00:49:28,557 - matplotlib.font_manager - DEBUG - findfont: score(FontEntry(fname='C:\\Windows\\Fonts\\cambriai.ttf', name='Cambria', style='italic', variant='normal', weight=400, stretch='normal', size='scalable')) = 11.05
2024-04-19 00:49:28,557 - matplotlib.font_manager - DEBUG - findfont: score(FontEntry(fname='C:\\Windows\\Fonts\\trebucbi.ttf', name='Trebuchet MS', style='italic', variant='normal', weight=700, stretch='normal', size='scalable')) = 11.335
2024-04-19 00:49:28,557 - matplotlib.font_manager - DEBUG - findfont: score(FontEntry(fname='C:\\Windows\\Fonts\\corbelb.ttf', name='Corbel', style='normal', variant='normal', weight=700, stretch='normal', size='scalable')) = 10.335
2024-04-19 00:49:28,557 - matplotlib.font_manager - DEBUG - findfont: score(FontEntry(fname='C:\\Windows\\Fonts\\calibrib.ttf', name='Calibri', style='normal', variant='normal', weight=700, stretch='normal', size='scalable')) = 10.335
2024-04-19 00:49:28,558 - matplotlib.font_manager - DEBUG - findfont: score(FontEntry(fname='C:\\Windows\\Fonts\\calibri.ttf', name='Calibri', style='normal', variant='normal', weight=400, stretch='normal', size='scalable')) = 10.05
2024-04-19 00:49:28,558 - matplotlib.font_manager - DEBUG - findfont: score(FontEntry(fname='C:\\Windows\\Fonts\\seguisb.ttf', name='Segoe UI', style='normal', variant='normal', weight=600, stretch='normal', size='scalable')) = 10.24
2024-04-19 00:49:28,558 - matplotlib.font_manager - DEBUG - findfont: score(FontEntry(fname='C:\\Windows\\Fonts\\cour.ttf', name='Courier New', style='normal', variant='normal', weight=400, stretch='normal', size='scalable')) = 10.05
2024-04-19 00:49:28,558 - matplotlib.font_manager - DEBUG - findfont: score(FontEntry(fname='C:\\Windows\\Fonts\\seguibli.ttf', name='Segoe UI', style='italic', variant='normal', weight=900, stretch='normal', size='scalable')) = 11.525
2024-04-19 00:49:28,559 - matplotlib.font_manager - DEBUG - findfont: score(FontEntry(fname='C:\\Windows\\Fonts\\himalaya.ttf', name='Microsoft Himalaya', style='normal', variant='normal', weight=400, stretch='normal', size='scalable')) = 10.05
2024-04-19 00:49:28,559 - matplotlib.font_manager - DEBUG - findfont: score(FontEntry(fname='C:\\Windows\\Fonts\\verdanaz.ttf', name='Verdana', style='italic', variant='normal', weight=700, stretch='normal', size='scalable')) = 4.971363636363637
2024-04-19 00:49:28,559 - matplotlib.font_manager - DEBUG - findfont: score(FontEntry(fname='C:\\Windows\\Fonts\\gadugi.ttf', name='Gadugi', style='normal', variant='normal', weight=400, stretch='normal', size='scalable')) = 10.05
2024-04-19 00:49:28,559 - matplotlib.font_manager - DEBUG - findfont: score(FontEntry(fname='C:\\Windows\\Fonts\\verdana.ttf', name='Verdana', style='normal', variant='normal', weight=400, stretch='normal', size='scalable')) = 3.6863636363636365
2024-04-19 00:49:28,559 - matplotlib.font_manager - DEBUG - findfont: score(FontEntry(fname='C:\\Windows\\Fonts\\SitkaI.ttc', name='Sitka Small', style='italic', variant='normal', weight=400, stretch='normal', size='scalable')) = 11.05
2024-04-19 00:49:28,560 - matplotlib.font_manager - DEBUG - findfont: score(FontEntry(fname='C:\\Windows\\Fonts\\palab.ttf', name='Palatino Linotype', style='normal', variant='normal', weight=700, stretch='normal', size='scalable')) = 10.335
2024-04-19 00:49:28,560 - matplotlib.font_manager - DEBUG - findfont: score(FontEntry(fname='C:\\Windows\\Fonts\\seguili.ttf', name='Segoe UI', style='italic', variant='normal', weight=300, stretch='normal', size='scalable')) = 11.145
2024-04-19 00:49:28,560 - matplotlib.font_manager - DEBUG - findfont: score(FontEntry(fname='C:\\Windows\\Fonts\\Candarai.ttf', name='Candara', style='italic', variant='normal', weight=400, stretch='normal', size='scalable')) = 11.05
2024-04-19 00:49:28,560 - matplotlib.font_manager - DEBUG - findfont: score(FontEntry(fname='C:\\Windows\\Fonts\\corbell.ttf', name='Corbel', style='normal', variant='normal', weight=300, stretch='normal', size='scalable')) = 10.145
2024-04-19 00:49:28,560 - matplotlib.font_manager - DEBUG - findfont: score(FontEntry(fname='C:\\Windows\\Fonts\\lucon.ttf', name='Lucida Console', style='normal', variant='normal', weight=400, stretch='normal', size='scalable')) = 10.05
2024-04-19 00:49:28,561 - matplotlib.font_manager - DEBUG - findfont: score(FontEntry(fname='C:\\Windows\\Fonts\\seguisbi.ttf', name='Segoe UI', style='italic', variant='normal', weight=600, stretch='normal', size='scalable')) = 11.24
2024-04-19 00:49:28,561 - matplotlib.font_manager - DEBUG - findfont: score(FontEntry(fname='C:\\Windows\\Fonts\\constanb.ttf', name='Constantia', style='normal', variant='normal', weight=700, stretch='normal', size='scalable')) = 10.335
2024-04-19 00:49:28,561 - matplotlib.font_manager - DEBUG - findfont: score(FontEntry(fname='C:\\Windows\\Fonts\\Candarali.ttf', name='Candara', style='italic', variant='normal', weight=400, stretch='normal', size='scalable')) = 11.05
2024-04-19 00:49:28,562 - matplotlib.font_manager - DEBUG - findfont: score(FontEntry(fname='C:\\Windows\\Fonts\\Candarab.ttf', name='Candara', style='normal', variant='normal', weight=700, stretch='normal', size='scalable')) = 10.335
2024-04-19 00:49:28,562 - matplotlib.font_manager - DEBUG - findfont: score(FontEntry(fname='C:\\Windows\\Fonts\\gadugib.ttf', name='Gadugi', style='normal', variant='normal', weight=700, stretch='normal', size='scalable')) = 10.335
2024-04-19 00:49:28,562 - matplotlib.font_manager - DEBUG - findfont: score(FontEntry(fname='C:\\Windows\\Fonts\\ebrima.ttf', name='Ebrima', style='normal', variant='normal', weight=400, stretch='normal', size='scalable')) = 10.05
2024-04-19 00:49:28,563 - matplotlib.font_manager - DEBUG - findfont: score(FontEntry(fname='C:\\Windows\\Fonts\\YuGothL.ttc', name='Yu Gothic', style='normal', variant='normal', weight=300, stretch='normal', size='scalable')) = 10.145
2024-04-19 00:49:28,563 - matplotlib.font_manager - DEBUG - findfont: score(FontEntry(fname='C:\\Windows\\Fonts\\framdit.ttf', name='Franklin Gothic Medium', style='italic', variant='normal', weight=400, stretch='normal', size='scalable')) = 11.05
2024-04-19 00:49:28,563 - matplotlib.font_manager - DEBUG - findfont: score(FontEntry(fname='C:\\Windows\\Fonts\\Dengb.ttf', name='DengXian', style='normal', variant='normal', weight=700, stretch='normal', size='scalable')) = 10.335
2024-04-19 00:49:28,563 - matplotlib.font_manager - DEBUG - findfont: score(FontEntry(fname='C:\\Windows\\Fonts\\segoeuil.ttf', name='Segoe UI', style='normal', variant='normal', weight=300, stretch='normal', size='scalable')) = 10.145
2024-04-19 00:49:28,563 - matplotlib.font_manager - DEBUG - findfont: score(FontEntry(fname='C:\\Windows\\Fonts\\wingding.ttf', name='Wingdings', style='normal', variant='normal', weight=400, stretch='normal', size='scalable')) = 10.05
2024-04-19 00:49:28,564 - matplotlib.font_manager - DEBUG - findfont: score(FontEntry(fname='C:\\Windows\\Fonts\\corbelli.ttf', name='Corbel', style='italic', variant='normal', weight=300, stretch='normal', size='scalable')) = 11.145
2024-04-19 00:49:28,564 - matplotlib.font_manager - DEBUG - findfont: score(FontEntry(fname='C:\\Windows\\Fonts\\Dengl.ttf', name='DengXian', style='normal', variant='normal', weight=300, stretch='normal', size='scalable')) = 10.145
2024-04-19 00:49:28,564 - matplotlib.font_manager - DEBUG - findfont: score(FontEntry(fname='C:\\Windows\\Fonts\\msyi.ttf', name='Microsoft Yi Baiti', style='normal', variant='normal', weight=400, stretch='normal', size='scalable')) = 10.05
2024-04-19 00:49:28,564 - matplotlib.font_manager - DEBUG - findfont: score(FontEntry(fname='C:\\Windows\\Fonts\\constan.ttf', name='Constantia', style='normal', variant='normal', weight=400, stretch='normal', size='scalable')) = 10.05
2024-04-19 00:49:28,565 - matplotlib.font_manager - DEBUG - findfont: score(FontEntry(fname='C:\\Windows\\Fonts\\cambriab.ttf', name='Cambria', style='normal', variant='normal', weight=700, stretch='normal', size='scalable')) = 10.335
2024-04-19 00:49:28,565 - matplotlib.font_manager - DEBUG - findfont: score(FontEntry(fname='C:\\Windows\\Fonts\\mmrtextb.ttf', name='Myanmar Text', style='normal', variant='normal', weight=700, stretch='normal', size='scalable')) = 10.335
2024-04-19 00:49:28,565 - matplotlib.font_manager - DEBUG - findfont: score(FontEntry(fname='C:\\Windows\\Fonts\\constanz.ttf', name='Constantia', style='italic', variant='normal', weight=700, stretch='normal', size='scalable')) = 11.335
2024-04-19 00:49:28,565 - matplotlib.font_manager - DEBUG - findfont: score(FontEntry(fname='C:\\Windows\\Fonts\\segoescb.ttf', name='Segoe Script', style='normal', variant='normal', weight=700, stretch='normal', size='scalable')) = 10.335
2024-04-19 00:49:28,565 - matplotlib.font_manager - DEBUG - findfont: score(FontEntry(fname='C:\\Windows\\Fonts\\segoepr.ttf', name='Segoe Print', style='normal', variant='normal', weight=400, stretch='normal', size='scalable')) = 10.05
2024-04-19 00:49:28,566 - matplotlib.font_manager - DEBUG - findfont: score(FontEntry(fname='C:\\Windows\\Fonts\\simsunb.ttf', name='SimSun-ExtB', style='normal', variant='normal', weight=400, stretch='normal', size='scalable')) = 10.05
2024-04-19 00:49:28,566 - matplotlib.font_manager - DEBUG - findfont: score(FontEntry(fname='C:\\Windows\\Fonts\\framd.ttf', name='Franklin Gothic Medium', style='normal', variant='normal', weight=400, stretch='normal', size='scalable')) = 10.05
2024-04-19 00:49:28,566 - matplotlib.font_manager - DEBUG - findfont: score(FontEntry(fname='C:\\Windows\\Fonts\\simfang.ttf', name='FangSong', style='normal', variant='normal', weight=400, stretch='normal', size='scalable')) = 10.05
2024-04-19 00:49:28,566 - matplotlib.font_manager - DEBUG - findfont: score(FontEntry(fname='C:\\Windows\\Fonts\\segmdl2.ttf', name='Segoe MDL2 Assets', style='normal', variant='normal', weight=400, stretch='normal', size='scalable')) = 10.05
2024-04-19 00:49:28,567 - matplotlib.font_manager - DEBUG - findfont: score(FontEntry(fname='C:\\Windows\\Fonts\\verdanai.ttf', name='Verdana', style='italic', variant='normal', weight=400, stretch='normal', size='scalable')) = 4.6863636363636365
2024-04-19 00:49:28,567 - matplotlib.font_manager - DEBUG - findfont: score(FontEntry(fname='C:\\Windows\\Fonts\\timesbi.ttf', name='Times New Roman', style='italic', variant='normal', weight=700, stretch='normal', size='scalable')) = 11.335
2024-04-19 00:49:28,567 - matplotlib.font_manager - DEBUG - findfont: score(FontEntry(fname='C:\\Windows\\Fonts\\SitkaB.ttc', name='Sitka Small', style='normal', variant='normal', weight=700, stretch='normal', size='scalable')) = 10.335
2024-04-19 00:49:28,567 - matplotlib.font_manager - DEBUG - findfont: score(FontEntry(fname='C:\\Windows\\Fonts\\taile.ttf', name='Microsoft Tai Le', style='normal', variant='normal', weight=400, stretch='normal', size='scalable')) = 10.05
2024-04-19 00:49:28,567 - matplotlib.font_manager - DEBUG - findfont: score(FontEntry(fname='C:\\Windows\\Fonts\\corbeli.ttf', name='Corbel', style='italic', variant='normal', weight=400, stretch='normal', size='scalable')) = 11.05
2024-04-19 00:49:28,568 - matplotlib.font_manager - DEBUG - findfont: score(FontEntry(fname='C:\\Windows\\Fonts\\ariblk.ttf', name='Arial', style='normal', variant='normal', weight=900, stretch='normal', size='scalable')) = 6.888636363636364
2024-04-19 00:49:28,568 - matplotlib.font_manager - DEBUG - findfont: score(FontEntry(fname='C:\\Windows\\Fonts\\phagspab.ttf', name='Microsoft PhagsPa', style='normal', variant='normal', weight=700, stretch='normal', size='scalable')) = 10.335
2024-04-19 00:49:28,568 - matplotlib.font_manager - DEBUG - findfont: score(FontEntry(fname='C:\\Windows\\Fonts\\cambria.ttc', name='Cambria', style='normal', variant='normal', weight=400, stretch='normal', size='scalable')) = 10.05
2024-04-19 00:49:28,568 - matplotlib.font_manager - DEBUG - findfont: score(FontEntry(fname='C:\\Windows\\Fonts\\phagspa.ttf', name='Microsoft PhagsPa', style='normal', variant='normal', weight=400, stretch='normal', size='scalable')) = 10.05
2024-04-19 00:49:28,569 - matplotlib.font_manager - DEBUG - findfont: score(FontEntry(fname='C:\\Windows\\Fonts\\segoeuisl.ttf', name='Segoe UI', style='normal', variant='normal', weight=350, stretch='normal', size='scalable')) = 10.0975
2024-04-19 00:49:28,569 - matplotlib.font_manager - DEBUG - findfont: score(FontEntry(fname='C:\\Windows\\Fonts\\palai.ttf', name='Palatino Linotype', style='italic', variant='normal', weight=400, stretch='normal', size='scalable')) = 11.05
2024-04-19 00:49:28,569 - matplotlib.font_manager - DEBUG - findfont: score(FontEntry(fname='C:\\Windows\\Fonts\\YuGothM.ttc', name='Yu Gothic', style='normal', variant='normal', weight=500, stretch='normal', size='scalable')) = 10.145
2024-04-19 00:49:28,569 - matplotlib.font_manager - DEBUG - findfont: score(FontEntry(fname='C:\\Windows\\Fonts\\malgun.ttf', name='Malgun Gothic', style='normal', variant='normal', weight=400, stretch='normal', size='scalable')) = 10.05
2024-04-19 00:49:28,569 - matplotlib.font_manager - DEBUG - findfont: score(FontEntry(fname='C:\\Windows\\Fonts\\simkai.ttf', name='KaiTi', style='normal', variant='normal', weight=400, stretch='normal', size='scalable')) = 10.05
2024-04-19 00:49:28,570 - matplotlib.font_manager - DEBUG - findfont: score(FontEntry(fname='C:\\Windows\\Fonts\\consolaz.ttf', name='Consolas', style='italic', variant='normal', weight=700, stretch='normal', size='scalable')) = 11.335
2024-04-19 00:49:28,570 - matplotlib.font_manager - DEBUG - findfont: score(FontEntry(fname='C:\\Windows\\Fonts\\mingliub.ttc', name='MingLiU-ExtB', style='normal', variant='normal', weight=400, stretch='normal', size='scalable')) = 10.05
2024-04-19 00:49:28,570 - matplotlib.font_manager - DEBUG - findfont: score(FontEntry(fname='C:\\Windows\\Fonts\\segoeprb.ttf', name='Segoe Print', style='normal', variant='normal', weight=700, stretch='normal', size='scalable')) = 10.335
2024-04-19 00:49:28,570 - matplotlib.font_manager - DEBUG - findfont: Matching sans\-serif:style=normal:variant=normal:weight=normal:stretch=normal:size=10.0 to DejaVu Sans ('D:\\anaconda3\\envs\\cpf\\lib\\site-packages\\matplotlib\\mpl-data\\fonts\\ttf\\DejaVuSans.ttf') with score of 0.050000.
2024-04-19 00:49:28,580 - matplotlib.legend - WARNING - No artists with labels found to put in legend.  Note that artists whose label start with an underscore are ignored when legend() is called with no argument.
2024-04-19 00:49:43,782 - root - INFO - ARI: 0.0671 | NMI: 0.0678
2024-04-19 00:49:43,783 - root - INFO - Epoch: 1 | LR: 0.0001 | Loss 1.0976 | Val MaF1: 0.2211 (Best: 0.2211) | Test MaF1: 0.2279 (Best: 0.2279) | MiF1: 0.4975 (Best: 0.4975)
2024-04-19 00:49:44,937 - root - INFO - Epoch: 2 | LR: 0.0001 | Loss 1.0719 | Val MaF1: 0.2211 (Best: 0.2211) | Test MaF1: 0.2208 (Best: 0.2279) | MiF1: 0.4950 (Best: 0.4975)
2024-04-19 00:49:45,940 - root - INFO - Epoch: 3 | LR: 0.0002 | Loss 1.0483 | Val MaF1: 0.2211 (Best: 0.2211) | Test MaF1: 0.2208 (Best: 0.2279) | MiF1: 0.4950 (Best: 0.4975)
2024-04-19 00:49:46,886 - root - INFO - Epoch: 4 | LR: 0.0002 | Loss 1.0223 | Val MaF1: 0.2211 (Best: 0.2211) | Test MaF1: 0.2208 (Best: 0.2279) | MiF1: 0.4950 (Best: 0.4975)
2024-04-19 00:49:47,839 - root - INFO - Epoch: 5 | LR: 0.0003 | Loss 0.9996 | Val MaF1: 0.2211 (Best: 0.2211) | Test MaF1: 0.2208 (Best: 0.2279) | MiF1: 0.4950 (Best: 0.4975)
2024-04-19 00:49:48,789 - root - INFO - Epoch: 6 | LR: 0.0005 | Loss 0.9765 | Val MaF1: 0.2211 (Best: 0.2211) | Test MaF1: 0.2208 (Best: 0.2279) | MiF1: 0.4950 (Best: 0.4975)
2024-04-19 00:49:49,739 - root - INFO - Epoch: 7 | LR: 0.0006 | Loss 0.9304 | Val MaF1: 0.2211 (Best: 0.2211) | Test MaF1: 0.2208 (Best: 0.2279) | MiF1: 0.4950 (Best: 0.4975)
2024-04-19 00:49:57,234 - PIL.PngImagePlugin - DEBUG - STREAM b'IHDR' 16 13
2024-04-19 00:49:57,234 - PIL.PngImagePlugin - DEBUG - STREAM b'sBIT' 41 4
2024-04-19 00:49:57,234 - PIL.PngImagePlugin - DEBUG - b'sBIT' 41 4 (unknown)
2024-04-19 00:49:57,234 - PIL.PngImagePlugin - DEBUG - STREAM b'pHYs' 57 9
2024-04-19 00:49:57,235 - PIL.PngImagePlugin - DEBUG - STREAM b'IDAT' 78 1189
2024-04-19 00:49:57,237 - PIL.PngImagePlugin - DEBUG - STREAM b'IHDR' 16 13
2024-04-19 00:49:57,237 - PIL.PngImagePlugin - DEBUG - STREAM b'sBIT' 41 4
2024-04-19 00:49:57,237 - PIL.PngImagePlugin - DEBUG - b'sBIT' 41 4 (unknown)
2024-04-19 00:49:57,238 - PIL.PngImagePlugin - DEBUG - STREAM b'pHYs' 57 9
2024-04-19 00:49:57,238 - PIL.PngImagePlugin - DEBUG - STREAM b'IDAT' 78 2994
2024-04-19 00:49:57,247 - PIL.PngImagePlugin - DEBUG - STREAM b'IHDR' 16 13
2024-04-19 00:49:57,247 - PIL.PngImagePlugin - DEBUG - STREAM b'sBIT' 41 4
2024-04-19 00:49:57,248 - PIL.PngImagePlugin - DEBUG - b'sBIT' 41 4 (unknown)
2024-04-19 00:49:57,248 - PIL.PngImagePlugin - DEBUG - STREAM b'pHYs' 57 9
2024-04-19 00:49:57,248 - PIL.PngImagePlugin - DEBUG - STREAM b'IDAT' 78 374
2024-04-19 00:49:57,250 - PIL.PngImagePlugin - DEBUG - STREAM b'IHDR' 16 13
2024-04-19 00:49:57,250 - PIL.PngImagePlugin - DEBUG - STREAM b'sBIT' 41 4
2024-04-19 00:49:57,250 - PIL.PngImagePlugin - DEBUG - b'sBIT' 41 4 (unknown)
2024-04-19 00:49:57,250 - PIL.PngImagePlugin - DEBUG - STREAM b'pHYs' 57 9
2024-04-19 00:49:57,250 - PIL.PngImagePlugin - DEBUG - STREAM b'IDAT' 78 286
2024-04-19 00:49:57,251 - PIL.PngImagePlugin - DEBUG - STREAM b'IHDR' 16 13
2024-04-19 00:49:57,252 - PIL.PngImagePlugin - DEBUG - STREAM b'sBIT' 41 4
2024-04-19 00:49:57,252 - PIL.PngImagePlugin - DEBUG - b'sBIT' 41 4 (unknown)
2024-04-19 00:49:57,252 - PIL.PngImagePlugin - DEBUG - STREAM b'pHYs' 57 9
2024-04-19 00:49:57,252 - PIL.PngImagePlugin - DEBUG - STREAM b'IDAT' 78 263
2024-04-19 00:49:57,254 - PIL.PngImagePlugin - DEBUG - STREAM b'IHDR' 16 13
2024-04-19 00:49:57,254 - PIL.PngImagePlugin - DEBUG - STREAM b'sBIT' 41 4
2024-04-19 00:49:57,254 - PIL.PngImagePlugin - DEBUG - b'sBIT' 41 4 (unknown)
2024-04-19 00:49:57,254 - PIL.PngImagePlugin - DEBUG - STREAM b'pHYs' 57 9
2024-04-19 00:49:57,254 - PIL.PngImagePlugin - DEBUG - STREAM b'IDAT' 78 387
2024-04-19 00:49:57,256 - PIL.PngImagePlugin - DEBUG - STREAM b'IHDR' 16 13
2024-04-19 00:49:57,256 - PIL.PngImagePlugin - DEBUG - STREAM b'sBIT' 41 4
2024-04-19 00:49:57,256 - PIL.PngImagePlugin - DEBUG - b'sBIT' 41 4 (unknown)
2024-04-19 00:49:57,256 - PIL.PngImagePlugin - DEBUG - STREAM b'pHYs' 57 9
2024-04-19 00:49:57,257 - PIL.PngImagePlugin - DEBUG - STREAM b'IDAT' 78 436
2024-04-19 00:49:57,258 - PIL.PngImagePlugin - DEBUG - STREAM b'IHDR' 16 13
2024-04-19 00:49:57,258 - PIL.PngImagePlugin - DEBUG - STREAM b'sBIT' 41 4
2024-04-19 00:49:57,258 - PIL.PngImagePlugin - DEBUG - b'sBIT' 41 4 (unknown)
2024-04-19 00:49:57,259 - PIL.PngImagePlugin - DEBUG - STREAM b'pHYs' 57 9
2024-04-19 00:49:57,259 - PIL.PngImagePlugin - DEBUG - STREAM b'IDAT' 78 351
2024-04-19 00:49:57,260 - PIL.PngImagePlugin - DEBUG - STREAM b'IHDR' 16 13
2024-04-19 00:49:57,260 - PIL.PngImagePlugin - DEBUG - STREAM b'sBIT' 41 4
2024-04-19 00:49:57,260 - PIL.PngImagePlugin - DEBUG - b'sBIT' 41 4 (unknown)
2024-04-19 00:49:57,260 - PIL.PngImagePlugin - DEBUG - STREAM b'pHYs' 57 9
2024-04-19 00:49:57,261 - PIL.PngImagePlugin - DEBUG - STREAM b'IDAT' 78 364
2024-04-19 00:49:57,333 - matplotlib.legend - WARNING - No artists with labels found to put in legend.  Note that artists whose label start with an underscore are ignored when legend() is called with no argument.
2024-04-19 00:50:00,620 - root - INFO - ARI: 0.6856 | NMI: 0.6714
2024-04-19 00:50:00,620 - root - INFO - Epoch: 8 | LR: 0.0007 | Loss 0.8771 | Val MaF1: 0.2556 (Best: 0.2556) | Test MaF1: 0.3111 (Best: 0.3111) | MiF1: 0.5297 (Best: 0.5297)
2024-04-19 00:50:08,234 - PIL.PngImagePlugin - DEBUG - STREAM b'IHDR' 16 13
2024-04-19 00:50:08,234 - PIL.PngImagePlugin - DEBUG - STREAM b'sBIT' 41 4
2024-04-19 00:50:08,234 - PIL.PngImagePlugin - DEBUG - b'sBIT' 41 4 (unknown)
2024-04-19 00:50:08,235 - PIL.PngImagePlugin - DEBUG - STREAM b'pHYs' 57 9
2024-04-19 00:50:08,235 - PIL.PngImagePlugin - DEBUG - STREAM b'IDAT' 78 1189
2024-04-19 00:50:08,238 - PIL.PngImagePlugin - DEBUG - STREAM b'IHDR' 16 13
2024-04-19 00:50:08,238 - PIL.PngImagePlugin - DEBUG - STREAM b'sBIT' 41 4
2024-04-19 00:50:08,238 - PIL.PngImagePlugin - DEBUG - b'sBIT' 41 4 (unknown)
2024-04-19 00:50:08,238 - PIL.PngImagePlugin - DEBUG - STREAM b'pHYs' 57 9
2024-04-19 00:50:08,239 - PIL.PngImagePlugin - DEBUG - STREAM b'IDAT' 78 2994
2024-04-19 00:50:08,246 - PIL.PngImagePlugin - DEBUG - STREAM b'IHDR' 16 13
2024-04-19 00:50:08,247 - PIL.PngImagePlugin - DEBUG - STREAM b'sBIT' 41 4
2024-04-19 00:50:08,247 - PIL.PngImagePlugin - DEBUG - b'sBIT' 41 4 (unknown)
2024-04-19 00:50:08,247 - PIL.PngImagePlugin - DEBUG - STREAM b'pHYs' 57 9
2024-04-19 00:50:08,247 - PIL.PngImagePlugin - DEBUG - STREAM b'IDAT' 78 374
2024-04-19 00:50:08,249 - PIL.PngImagePlugin - DEBUG - STREAM b'IHDR' 16 13
2024-04-19 00:50:08,249 - PIL.PngImagePlugin - DEBUG - STREAM b'sBIT' 41 4
2024-04-19 00:50:08,249 - PIL.PngImagePlugin - DEBUG - b'sBIT' 41 4 (unknown)
2024-04-19 00:50:08,249 - PIL.PngImagePlugin - DEBUG - STREAM b'pHYs' 57 9
2024-04-19 00:50:08,250 - PIL.PngImagePlugin - DEBUG - STREAM b'IDAT' 78 286
2024-04-19 00:50:08,251 - PIL.PngImagePlugin - DEBUG - STREAM b'IHDR' 16 13
2024-04-19 00:50:08,251 - PIL.PngImagePlugin - DEBUG - STREAM b'sBIT' 41 4
2024-04-19 00:50:08,251 - PIL.PngImagePlugin - DEBUG - b'sBIT' 41 4 (unknown)
2024-04-19 00:50:08,251 - PIL.PngImagePlugin - DEBUG - STREAM b'pHYs' 57 9
2024-04-19 00:50:08,252 - PIL.PngImagePlugin - DEBUG - STREAM b'IDAT' 78 263
2024-04-19 00:50:08,253 - PIL.PngImagePlugin - DEBUG - STREAM b'IHDR' 16 13
2024-04-19 00:50:08,253 - PIL.PngImagePlugin - DEBUG - STREAM b'sBIT' 41 4
2024-04-19 00:50:08,253 - PIL.PngImagePlugin - DEBUG - b'sBIT' 41 4 (unknown)
2024-04-19 00:50:08,253 - PIL.PngImagePlugin - DEBUG - STREAM b'pHYs' 57 9
2024-04-19 00:50:08,253 - PIL.PngImagePlugin - DEBUG - STREAM b'IDAT' 78 387
2024-04-19 00:50:08,255 - PIL.PngImagePlugin - DEBUG - STREAM b'IHDR' 16 13
2024-04-19 00:50:08,255 - PIL.PngImagePlugin - DEBUG - STREAM b'sBIT' 41 4
2024-04-19 00:50:08,255 - PIL.PngImagePlugin - DEBUG - b'sBIT' 41 4 (unknown)
2024-04-19 00:50:08,255 - PIL.PngImagePlugin - DEBUG - STREAM b'pHYs' 57 9
2024-04-19 00:50:08,256 - PIL.PngImagePlugin - DEBUG - STREAM b'IDAT' 78 436
2024-04-19 00:50:08,257 - PIL.PngImagePlugin - DEBUG - STREAM b'IHDR' 16 13
2024-04-19 00:50:08,257 - PIL.PngImagePlugin - DEBUG - STREAM b'sBIT' 41 4
2024-04-19 00:50:08,257 - PIL.PngImagePlugin - DEBUG - b'sBIT' 41 4 (unknown)
2024-04-19 00:50:08,258 - PIL.PngImagePlugin - DEBUG - STREAM b'pHYs' 57 9
2024-04-19 00:50:08,258 - PIL.PngImagePlugin - DEBUG - STREAM b'IDAT' 78 351
2024-04-19 00:50:08,259 - PIL.PngImagePlugin - DEBUG - STREAM b'IHDR' 16 13
2024-04-19 00:50:08,259 - PIL.PngImagePlugin - DEBUG - STREAM b'sBIT' 41 4
2024-04-19 00:50:08,259 - PIL.PngImagePlugin - DEBUG - b'sBIT' 41 4 (unknown)
2024-04-19 00:50:08,260 - PIL.PngImagePlugin - DEBUG - STREAM b'pHYs' 57 9
2024-04-19 00:50:08,260 - PIL.PngImagePlugin - DEBUG - STREAM b'IDAT' 78 364
2024-04-19 00:50:08,272 - matplotlib.legend - WARNING - No artists with labels found to put in legend.  Note that artists whose label start with an underscore are ignored when legend() is called with no argument.
2024-04-19 00:50:12,894 - root - INFO - ARI: 0.7535 | NMI: 0.7221
2024-04-19 00:50:12,894 - root - INFO - Epoch: 9 | LR: 0.0008 | Loss 0.8209 | Val MaF1: 0.6155 (Best: 0.6155) | Test MaF1: 0.6714 (Best: 0.6714) | MiF1: 0.7228 (Best: 0.7228)
2024-04-19 00:50:20,646 - PIL.PngImagePlugin - DEBUG - STREAM b'IHDR' 16 13
2024-04-19 00:50:20,647 - PIL.PngImagePlugin - DEBUG - STREAM b'sBIT' 41 4
2024-04-19 00:50:20,647 - PIL.PngImagePlugin - DEBUG - b'sBIT' 41 4 (unknown)
2024-04-19 00:50:20,647 - PIL.PngImagePlugin - DEBUG - STREAM b'pHYs' 57 9
2024-04-19 00:50:20,647 - PIL.PngImagePlugin - DEBUG - STREAM b'IDAT' 78 1189
2024-04-19 00:50:20,650 - PIL.PngImagePlugin - DEBUG - STREAM b'IHDR' 16 13
2024-04-19 00:50:20,650 - PIL.PngImagePlugin - DEBUG - STREAM b'sBIT' 41 4
2024-04-19 00:50:20,651 - PIL.PngImagePlugin - DEBUG - b'sBIT' 41 4 (unknown)
2024-04-19 00:50:20,651 - PIL.PngImagePlugin - DEBUG - STREAM b'pHYs' 57 9
2024-04-19 00:50:20,651 - PIL.PngImagePlugin - DEBUG - STREAM b'IDAT' 78 2994
2024-04-19 00:50:20,659 - PIL.PngImagePlugin - DEBUG - STREAM b'IHDR' 16 13
2024-04-19 00:50:20,659 - PIL.PngImagePlugin - DEBUG - STREAM b'sBIT' 41 4
2024-04-19 00:50:20,659 - PIL.PngImagePlugin - DEBUG - b'sBIT' 41 4 (unknown)
2024-04-19 00:50:20,659 - PIL.PngImagePlugin - DEBUG - STREAM b'pHYs' 57 9
2024-04-19 00:50:20,660 - PIL.PngImagePlugin - DEBUG - STREAM b'IDAT' 78 374
2024-04-19 00:50:20,661 - PIL.PngImagePlugin - DEBUG - STREAM b'IHDR' 16 13
2024-04-19 00:50:20,661 - PIL.PngImagePlugin - DEBUG - STREAM b'sBIT' 41 4
2024-04-19 00:50:20,661 - PIL.PngImagePlugin - DEBUG - b'sBIT' 41 4 (unknown)
2024-04-19 00:50:20,662 - PIL.PngImagePlugin - DEBUG - STREAM b'pHYs' 57 9
2024-04-19 00:50:20,662 - PIL.PngImagePlugin - DEBUG - STREAM b'IDAT' 78 286
2024-04-19 00:50:20,663 - PIL.PngImagePlugin - DEBUG - STREAM b'IHDR' 16 13
2024-04-19 00:50:20,663 - PIL.PngImagePlugin - DEBUG - STREAM b'sBIT' 41 4
2024-04-19 00:50:20,663 - PIL.PngImagePlugin - DEBUG - b'sBIT' 41 4 (unknown)
2024-04-19 00:50:20,664 - PIL.PngImagePlugin - DEBUG - STREAM b'pHYs' 57 9
2024-04-19 00:50:20,664 - PIL.PngImagePlugin - DEBUG - STREAM b'IDAT' 78 263
2024-04-19 00:50:20,665 - PIL.PngImagePlugin - DEBUG - STREAM b'IHDR' 16 13
2024-04-19 00:50:20,665 - PIL.PngImagePlugin - DEBUG - STREAM b'sBIT' 41 4
2024-04-19 00:50:20,665 - PIL.PngImagePlugin - DEBUG - b'sBIT' 41 4 (unknown)
2024-04-19 00:50:20,666 - PIL.PngImagePlugin - DEBUG - STREAM b'pHYs' 57 9
2024-04-19 00:50:20,666 - PIL.PngImagePlugin - DEBUG - STREAM b'IDAT' 78 387
2024-04-19 00:50:20,667 - PIL.PngImagePlugin - DEBUG - STREAM b'IHDR' 16 13
2024-04-19 00:50:20,667 - PIL.PngImagePlugin - DEBUG - STREAM b'sBIT' 41 4
2024-04-19 00:50:20,667 - PIL.PngImagePlugin - DEBUG - b'sBIT' 41 4 (unknown)
2024-04-19 00:50:20,668 - PIL.PngImagePlugin - DEBUG - STREAM b'pHYs' 57 9
2024-04-19 00:50:20,668 - PIL.PngImagePlugin - DEBUG - STREAM b'IDAT' 78 436
2024-04-19 00:50:20,669 - PIL.PngImagePlugin - DEBUG - STREAM b'IHDR' 16 13
2024-04-19 00:50:20,670 - PIL.PngImagePlugin - DEBUG - STREAM b'sBIT' 41 4
2024-04-19 00:50:20,670 - PIL.PngImagePlugin - DEBUG - b'sBIT' 41 4 (unknown)
2024-04-19 00:50:20,670 - PIL.PngImagePlugin - DEBUG - STREAM b'pHYs' 57 9
2024-04-19 00:50:20,670 - PIL.PngImagePlugin - DEBUG - STREAM b'IDAT' 78 351
2024-04-19 00:50:20,671 - PIL.PngImagePlugin - DEBUG - STREAM b'IHDR' 16 13
2024-04-19 00:50:20,671 - PIL.PngImagePlugin - DEBUG - STREAM b'sBIT' 41 4
2024-04-19 00:50:20,671 - PIL.PngImagePlugin - DEBUG - b'sBIT' 41 4 (unknown)
2024-04-19 00:50:20,672 - PIL.PngImagePlugin - DEBUG - STREAM b'pHYs' 57 9
2024-04-19 00:50:20,672 - PIL.PngImagePlugin - DEBUG - STREAM b'IDAT' 78 364
2024-04-19 00:50:20,684 - matplotlib.legend - WARNING - No artists with labels found to put in legend.  Note that artists whose label start with an underscore are ignored when legend() is called with no argument.
2024-04-19 00:50:38,355 - root - INFO - ARI: 0.7715 | NMI: 0.7275
2024-04-19 00:50:38,356 - root - INFO - Epoch: 10 | LR: 0.0009 | Loss 0.7465 | Val MaF1: 0.8754 (Best: 0.8754) | Test MaF1: 0.8849 (Best: 0.8849) | MiF1: 0.8886 (Best: 0.8886)
2024-04-19 00:50:46,105 - PIL.PngImagePlugin - DEBUG - STREAM b'IHDR' 16 13
2024-04-19 00:50:46,106 - PIL.PngImagePlugin - DEBUG - STREAM b'sBIT' 41 4
2024-04-19 00:50:46,106 - PIL.PngImagePlugin - DEBUG - b'sBIT' 41 4 (unknown)
2024-04-19 00:50:46,106 - PIL.PngImagePlugin - DEBUG - STREAM b'pHYs' 57 9
2024-04-19 00:50:46,106 - PIL.PngImagePlugin - DEBUG - STREAM b'IDAT' 78 1189
2024-04-19 00:50:46,109 - PIL.PngImagePlugin - DEBUG - STREAM b'IHDR' 16 13
2024-04-19 00:50:46,110 - PIL.PngImagePlugin - DEBUG - STREAM b'sBIT' 41 4
2024-04-19 00:50:46,110 - PIL.PngImagePlugin - DEBUG - b'sBIT' 41 4 (unknown)
2024-04-19 00:50:46,110 - PIL.PngImagePlugin - DEBUG - STREAM b'pHYs' 57 9
2024-04-19 00:50:46,110 - PIL.PngImagePlugin - DEBUG - STREAM b'IDAT' 78 2994
2024-04-19 00:50:46,119 - PIL.PngImagePlugin - DEBUG - STREAM b'IHDR' 16 13
2024-04-19 00:50:46,119 - PIL.PngImagePlugin - DEBUG - STREAM b'sBIT' 41 4
2024-04-19 00:50:46,119 - PIL.PngImagePlugin - DEBUG - b'sBIT' 41 4 (unknown)
2024-04-19 00:50:46,119 - PIL.PngImagePlugin - DEBUG - STREAM b'pHYs' 57 9
2024-04-19 00:50:46,120 - PIL.PngImagePlugin - DEBUG - STREAM b'IDAT' 78 374
2024-04-19 00:50:46,121 - PIL.PngImagePlugin - DEBUG - STREAM b'IHDR' 16 13
2024-04-19 00:50:46,121 - PIL.PngImagePlugin - DEBUG - STREAM b'sBIT' 41 4
2024-04-19 00:50:46,122 - PIL.PngImagePlugin - DEBUG - b'sBIT' 41 4 (unknown)
2024-04-19 00:50:46,122 - PIL.PngImagePlugin - DEBUG - STREAM b'pHYs' 57 9
2024-04-19 00:50:46,122 - PIL.PngImagePlugin - DEBUG - STREAM b'IDAT' 78 286
2024-04-19 00:50:46,123 - PIL.PngImagePlugin - DEBUG - STREAM b'IHDR' 16 13
2024-04-19 00:50:46,123 - PIL.PngImagePlugin - DEBUG - STREAM b'sBIT' 41 4
2024-04-19 00:50:46,124 - PIL.PngImagePlugin - DEBUG - b'sBIT' 41 4 (unknown)
2024-04-19 00:50:46,124 - PIL.PngImagePlugin - DEBUG - STREAM b'pHYs' 57 9
2024-04-19 00:50:46,124 - PIL.PngImagePlugin - DEBUG - STREAM b'IDAT' 78 263
2024-04-19 00:50:46,125 - PIL.PngImagePlugin - DEBUG - STREAM b'IHDR' 16 13
2024-04-19 00:50:46,126 - PIL.PngImagePlugin - DEBUG - STREAM b'sBIT' 41 4
2024-04-19 00:50:46,126 - PIL.PngImagePlugin - DEBUG - b'sBIT' 41 4 (unknown)
2024-04-19 00:50:46,126 - PIL.PngImagePlugin - DEBUG - STREAM b'pHYs' 57 9
2024-04-19 00:50:46,126 - PIL.PngImagePlugin - DEBUG - STREAM b'IDAT' 78 387
2024-04-19 00:50:46,127 - PIL.PngImagePlugin - DEBUG - STREAM b'IHDR' 16 13
2024-04-19 00:50:46,128 - PIL.PngImagePlugin - DEBUG - STREAM b'sBIT' 41 4
2024-04-19 00:50:46,128 - PIL.PngImagePlugin - DEBUG - b'sBIT' 41 4 (unknown)
2024-04-19 00:50:46,128 - PIL.PngImagePlugin - DEBUG - STREAM b'pHYs' 57 9
2024-04-19 00:50:46,128 - PIL.PngImagePlugin - DEBUG - STREAM b'IDAT' 78 436
2024-04-19 00:50:46,130 - PIL.PngImagePlugin - DEBUG - STREAM b'IHDR' 16 13
2024-04-19 00:50:46,130 - PIL.PngImagePlugin - DEBUG - STREAM b'sBIT' 41 4
2024-04-19 00:50:46,130 - PIL.PngImagePlugin - DEBUG - b'sBIT' 41 4 (unknown)
2024-04-19 00:50:46,130 - PIL.PngImagePlugin - DEBUG - STREAM b'pHYs' 57 9
2024-04-19 00:50:46,130 - PIL.PngImagePlugin - DEBUG - STREAM b'IDAT' 78 351
2024-04-19 00:50:46,132 - PIL.PngImagePlugin - DEBUG - STREAM b'IHDR' 16 13
2024-04-19 00:50:46,132 - PIL.PngImagePlugin - DEBUG - STREAM b'sBIT' 41 4
2024-04-19 00:50:46,132 - PIL.PngImagePlugin - DEBUG - b'sBIT' 41 4 (unknown)
2024-04-19 00:50:46,132 - PIL.PngImagePlugin - DEBUG - STREAM b'pHYs' 57 9
2024-04-19 00:50:46,132 - PIL.PngImagePlugin - DEBUG - STREAM b'IDAT' 78 364
2024-04-19 00:50:46,145 - matplotlib.legend - WARNING - No artists with labels found to put in legend.  Note that artists whose label start with an underscore are ignored when legend() is called with no argument.
2024-04-19 00:51:07,127 - root - INFO - ARI: 0.7879 | NMI: 0.7504
2024-04-19 00:51:07,128 - root - INFO - Epoch: 11 | LR: 0.0009 | Loss 0.6894 | Val MaF1: 0.9226 (Best: 0.9226) | Test MaF1: 0.9392 (Best: 0.9392) | MiF1: 0.9381 (Best: 0.9381)
2024-04-19 00:51:14,783 - PIL.PngImagePlugin - DEBUG - STREAM b'IHDR' 16 13
2024-04-19 00:51:14,784 - PIL.PngImagePlugin - DEBUG - STREAM b'sBIT' 41 4
2024-04-19 00:51:14,784 - PIL.PngImagePlugin - DEBUG - b'sBIT' 41 4 (unknown)
2024-04-19 00:51:14,784 - PIL.PngImagePlugin - DEBUG - STREAM b'pHYs' 57 9
2024-04-19 00:51:14,784 - PIL.PngImagePlugin - DEBUG - STREAM b'IDAT' 78 1189
2024-04-19 00:51:14,787 - PIL.PngImagePlugin - DEBUG - STREAM b'IHDR' 16 13
2024-04-19 00:51:14,788 - PIL.PngImagePlugin - DEBUG - STREAM b'sBIT' 41 4
2024-04-19 00:51:14,788 - PIL.PngImagePlugin - DEBUG - b'sBIT' 41 4 (unknown)
2024-04-19 00:51:14,788 - PIL.PngImagePlugin - DEBUG - STREAM b'pHYs' 57 9
2024-04-19 00:51:14,788 - PIL.PngImagePlugin - DEBUG - STREAM b'IDAT' 78 2994
2024-04-19 00:51:14,796 - PIL.PngImagePlugin - DEBUG - STREAM b'IHDR' 16 13
2024-04-19 00:51:14,797 - PIL.PngImagePlugin - DEBUG - STREAM b'sBIT' 41 4
2024-04-19 00:51:14,797 - PIL.PngImagePlugin - DEBUG - b'sBIT' 41 4 (unknown)
2024-04-19 00:51:14,797 - PIL.PngImagePlugin - DEBUG - STREAM b'pHYs' 57 9
2024-04-19 00:51:14,797 - PIL.PngImagePlugin - DEBUG - STREAM b'IDAT' 78 374
2024-04-19 00:51:14,799 - PIL.PngImagePlugin - DEBUG - STREAM b'IHDR' 16 13
2024-04-19 00:51:14,799 - PIL.PngImagePlugin - DEBUG - STREAM b'sBIT' 41 4
2024-04-19 00:51:14,799 - PIL.PngImagePlugin - DEBUG - b'sBIT' 41 4 (unknown)
2024-04-19 00:51:14,799 - PIL.PngImagePlugin - DEBUG - STREAM b'pHYs' 57 9
2024-04-19 00:51:14,800 - PIL.PngImagePlugin - DEBUG - STREAM b'IDAT' 78 286
2024-04-19 00:51:14,801 - PIL.PngImagePlugin - DEBUG - STREAM b'IHDR' 16 13
2024-04-19 00:51:14,801 - PIL.PngImagePlugin - DEBUG - STREAM b'sBIT' 41 4
2024-04-19 00:51:14,801 - PIL.PngImagePlugin - DEBUG - b'sBIT' 41 4 (unknown)
2024-04-19 00:51:14,801 - PIL.PngImagePlugin - DEBUG - STREAM b'pHYs' 57 9
2024-04-19 00:51:14,802 - PIL.PngImagePlugin - DEBUG - STREAM b'IDAT' 78 263
2024-04-19 00:51:14,803 - PIL.PngImagePlugin - DEBUG - STREAM b'IHDR' 16 13
2024-04-19 00:51:14,803 - PIL.PngImagePlugin - DEBUG - STREAM b'sBIT' 41 4
2024-04-19 00:51:14,803 - PIL.PngImagePlugin - DEBUG - b'sBIT' 41 4 (unknown)
2024-04-19 00:51:14,804 - PIL.PngImagePlugin - DEBUG - STREAM b'pHYs' 57 9
2024-04-19 00:51:14,804 - PIL.PngImagePlugin - DEBUG - STREAM b'IDAT' 78 387
2024-04-19 00:51:14,805 - PIL.PngImagePlugin - DEBUG - STREAM b'IHDR' 16 13
2024-04-19 00:51:14,805 - PIL.PngImagePlugin - DEBUG - STREAM b'sBIT' 41 4
2024-04-19 00:51:14,805 - PIL.PngImagePlugin - DEBUG - b'sBIT' 41 4 (unknown)
2024-04-19 00:51:14,805 - PIL.PngImagePlugin - DEBUG - STREAM b'pHYs' 57 9
2024-04-19 00:51:14,806 - PIL.PngImagePlugin - DEBUG - STREAM b'IDAT' 78 436
2024-04-19 00:51:14,807 - PIL.PngImagePlugin - DEBUG - STREAM b'IHDR' 16 13
2024-04-19 00:51:14,807 - PIL.PngImagePlugin - DEBUG - STREAM b'sBIT' 41 4
2024-04-19 00:51:14,807 - PIL.PngImagePlugin - DEBUG - b'sBIT' 41 4 (unknown)
2024-04-19 00:51:14,807 - PIL.PngImagePlugin - DEBUG - STREAM b'pHYs' 57 9
2024-04-19 00:51:14,808 - PIL.PngImagePlugin - DEBUG - STREAM b'IDAT' 78 351
2024-04-19 00:51:14,809 - PIL.PngImagePlugin - DEBUG - STREAM b'IHDR' 16 13
2024-04-19 00:51:14,809 - PIL.PngImagePlugin - DEBUG - STREAM b'sBIT' 41 4
2024-04-19 00:51:14,809 - PIL.PngImagePlugin - DEBUG - b'sBIT' 41 4 (unknown)
2024-04-19 00:51:14,809 - PIL.PngImagePlugin - DEBUG - STREAM b'pHYs' 57 9
2024-04-19 00:51:14,810 - PIL.PngImagePlugin - DEBUG - STREAM b'IDAT' 78 364
2024-04-19 00:51:14,823 - matplotlib.legend - WARNING - No artists with labels found to put in legend.  Note that artists whose label start with an underscore are ignored when legend() is called with no argument.
2024-04-19 00:51:28,394 - root - INFO - ARI: 0.7905 | NMI: 0.7523
2024-04-19 00:51:28,394 - root - INFO - Epoch: 12 | LR: 0.0010 | Loss 0.6224 | Val MaF1: 0.9152 (Best: 0.9152) | Test MaF1: 0.9408 (Best: 0.9408) | MiF1: 0.9406 (Best: 0.9406)
2024-04-19 00:51:29,612 - root - INFO - Epoch: 13 | LR: 0.0010 | Loss 0.5889 | Val MaF1: 0.8888 (Best: 0.9152) | Test MaF1: 0.8914 (Best: 0.9408) | MiF1: 0.8960 (Best: 0.9406)
2024-04-19 00:51:30,607 - root - INFO - Epoch: 14 | LR: 0.0010 | Loss 0.5491 | Val MaF1: 0.9082 (Best: 0.9152) | Test MaF1: 0.9058 (Best: 0.9408) | MiF1: 0.9084 (Best: 0.9406)
2024-04-19 00:51:38,350 - PIL.PngImagePlugin - DEBUG - STREAM b'IHDR' 16 13
2024-04-19 00:51:38,350 - PIL.PngImagePlugin - DEBUG - STREAM b'sBIT' 41 4
2024-04-19 00:51:38,350 - PIL.PngImagePlugin - DEBUG - b'sBIT' 41 4 (unknown)
2024-04-19 00:51:38,350 - PIL.PngImagePlugin - DEBUG - STREAM b'pHYs' 57 9
2024-04-19 00:51:38,351 - PIL.PngImagePlugin - DEBUG - STREAM b'IDAT' 78 1189
2024-04-19 00:51:38,353 - PIL.PngImagePlugin - DEBUG - STREAM b'IHDR' 16 13
2024-04-19 00:51:38,353 - PIL.PngImagePlugin - DEBUG - STREAM b'sBIT' 41 4
2024-04-19 00:51:38,353 - PIL.PngImagePlugin - DEBUG - b'sBIT' 41 4 (unknown)
2024-04-19 00:51:38,354 - PIL.PngImagePlugin - DEBUG - STREAM b'pHYs' 57 9
2024-04-19 00:51:38,354 - PIL.PngImagePlugin - DEBUG - STREAM b'IDAT' 78 2994
2024-04-19 00:51:38,362 - PIL.PngImagePlugin - DEBUG - STREAM b'IHDR' 16 13
2024-04-19 00:51:38,363 - PIL.PngImagePlugin - DEBUG - STREAM b'sBIT' 41 4
2024-04-19 00:51:38,363 - PIL.PngImagePlugin - DEBUG - b'sBIT' 41 4 (unknown)
2024-04-19 00:51:38,363 - PIL.PngImagePlugin - DEBUG - STREAM b'pHYs' 57 9
2024-04-19 00:51:38,363 - PIL.PngImagePlugin - DEBUG - STREAM b'IDAT' 78 374
2024-04-19 00:51:38,365 - PIL.PngImagePlugin - DEBUG - STREAM b'IHDR' 16 13
2024-04-19 00:51:38,365 - PIL.PngImagePlugin - DEBUG - STREAM b'sBIT' 41 4
2024-04-19 00:51:38,365 - PIL.PngImagePlugin - DEBUG - b'sBIT' 41 4 (unknown)
2024-04-19 00:51:38,365 - PIL.PngImagePlugin - DEBUG - STREAM b'pHYs' 57 9
2024-04-19 00:51:38,365 - PIL.PngImagePlugin - DEBUG - STREAM b'IDAT' 78 286
2024-04-19 00:51:38,367 - PIL.PngImagePlugin - DEBUG - STREAM b'IHDR' 16 13
2024-04-19 00:51:38,367 - PIL.PngImagePlugin - DEBUG - STREAM b'sBIT' 41 4
2024-04-19 00:51:38,367 - PIL.PngImagePlugin - DEBUG - b'sBIT' 41 4 (unknown)
2024-04-19 00:51:38,367 - PIL.PngImagePlugin - DEBUG - STREAM b'pHYs' 57 9
2024-04-19 00:51:38,367 - PIL.PngImagePlugin - DEBUG - STREAM b'IDAT' 78 263
2024-04-19 00:51:38,368 - PIL.PngImagePlugin - DEBUG - STREAM b'IHDR' 16 13
2024-04-19 00:51:38,368 - PIL.PngImagePlugin - DEBUG - STREAM b'sBIT' 41 4
2024-04-19 00:51:38,369 - PIL.PngImagePlugin - DEBUG - b'sBIT' 41 4 (unknown)
2024-04-19 00:51:38,369 - PIL.PngImagePlugin - DEBUG - STREAM b'pHYs' 57 9
2024-04-19 00:51:38,369 - PIL.PngImagePlugin - DEBUG - STREAM b'IDAT' 78 387
2024-04-19 00:51:38,370 - PIL.PngImagePlugin - DEBUG - STREAM b'IHDR' 16 13
2024-04-19 00:51:38,371 - PIL.PngImagePlugin - DEBUG - STREAM b'sBIT' 41 4
2024-04-19 00:51:38,371 - PIL.PngImagePlugin - DEBUG - b'sBIT' 41 4 (unknown)
2024-04-19 00:51:38,371 - PIL.PngImagePlugin - DEBUG - STREAM b'pHYs' 57 9
2024-04-19 00:51:38,371 - PIL.PngImagePlugin - DEBUG - STREAM b'IDAT' 78 436
2024-04-19 00:51:38,372 - PIL.PngImagePlugin - DEBUG - STREAM b'IHDR' 16 13
2024-04-19 00:51:38,372 - PIL.PngImagePlugin - DEBUG - STREAM b'sBIT' 41 4
2024-04-19 00:51:38,373 - PIL.PngImagePlugin - DEBUG - b'sBIT' 41 4 (unknown)
2024-04-19 00:51:38,373 - PIL.PngImagePlugin - DEBUG - STREAM b'pHYs' 57 9
2024-04-19 00:51:38,373 - PIL.PngImagePlugin - DEBUG - STREAM b'IDAT' 78 351
2024-04-19 00:51:38,374 - PIL.PngImagePlugin - DEBUG - STREAM b'IHDR' 16 13
2024-04-19 00:51:38,374 - PIL.PngImagePlugin - DEBUG - STREAM b'sBIT' 41 4
2024-04-19 00:51:38,375 - PIL.PngImagePlugin - DEBUG - b'sBIT' 41 4 (unknown)
2024-04-19 00:51:38,375 - PIL.PngImagePlugin - DEBUG - STREAM b'pHYs' 57 9
2024-04-19 00:51:38,375 - PIL.PngImagePlugin - DEBUG - STREAM b'IDAT' 78 364
2024-04-19 00:51:38,389 - matplotlib.legend - WARNING - No artists with labels found to put in legend.  Note that artists whose label start with an underscore are ignored when legend() is called with no argument.
2024-04-19 00:51:41,643 - root - INFO - ARI: 0.8345 | NMI: 0.8014
2024-04-19 00:51:41,643 - root - INFO - Epoch: 15 | LR: 0.0010 | Loss 0.5253 | Val MaF1: 0.9466 (Best: 0.9466) | Test MaF1: 0.9529 (Best: 0.9529) | MiF1: 0.9530 (Best: 0.9530)
2024-04-19 00:51:49,379 - PIL.PngImagePlugin - DEBUG - STREAM b'IHDR' 16 13
2024-04-19 00:51:49,380 - PIL.PngImagePlugin - DEBUG - STREAM b'sBIT' 41 4
2024-04-19 00:51:49,380 - PIL.PngImagePlugin - DEBUG - b'sBIT' 41 4 (unknown)
2024-04-19 00:51:49,380 - PIL.PngImagePlugin - DEBUG - STREAM b'pHYs' 57 9
2024-04-19 00:51:49,380 - PIL.PngImagePlugin - DEBUG - STREAM b'IDAT' 78 1189
2024-04-19 00:51:49,383 - PIL.PngImagePlugin - DEBUG - STREAM b'IHDR' 16 13
2024-04-19 00:51:49,383 - PIL.PngImagePlugin - DEBUG - STREAM b'sBIT' 41 4
2024-04-19 00:51:49,383 - PIL.PngImagePlugin - DEBUG - b'sBIT' 41 4 (unknown)
2024-04-19 00:51:49,383 - PIL.PngImagePlugin - DEBUG - STREAM b'pHYs' 57 9
2024-04-19 00:51:49,384 - PIL.PngImagePlugin - DEBUG - STREAM b'IDAT' 78 2994
2024-04-19 00:51:49,392 - PIL.PngImagePlugin - DEBUG - STREAM b'IHDR' 16 13
2024-04-19 00:51:49,392 - PIL.PngImagePlugin - DEBUG - STREAM b'sBIT' 41 4
2024-04-19 00:51:49,393 - PIL.PngImagePlugin - DEBUG - b'sBIT' 41 4 (unknown)
2024-04-19 00:51:49,393 - PIL.PngImagePlugin - DEBUG - STREAM b'pHYs' 57 9
2024-04-19 00:51:49,393 - PIL.PngImagePlugin - DEBUG - STREAM b'IDAT' 78 374
2024-04-19 00:51:49,395 - PIL.PngImagePlugin - DEBUG - STREAM b'IHDR' 16 13
2024-04-19 00:51:49,395 - PIL.PngImagePlugin - DEBUG - STREAM b'sBIT' 41 4
2024-04-19 00:51:49,395 - PIL.PngImagePlugin - DEBUG - b'sBIT' 41 4 (unknown)
2024-04-19 00:51:49,395 - PIL.PngImagePlugin - DEBUG - STREAM b'pHYs' 57 9
2024-04-19 00:51:49,395 - PIL.PngImagePlugin - DEBUG - STREAM b'IDAT' 78 286
2024-04-19 00:51:49,397 - PIL.PngImagePlugin - DEBUG - STREAM b'IHDR' 16 13
2024-04-19 00:51:49,397 - PIL.PngImagePlugin - DEBUG - STREAM b'sBIT' 41 4
2024-04-19 00:51:49,397 - PIL.PngImagePlugin - DEBUG - b'sBIT' 41 4 (unknown)
2024-04-19 00:51:49,397 - PIL.PngImagePlugin - DEBUG - STREAM b'pHYs' 57 9
2024-04-19 00:51:49,397 - PIL.PngImagePlugin - DEBUG - STREAM b'IDAT' 78 263
2024-04-19 00:51:49,399 - PIL.PngImagePlugin - DEBUG - STREAM b'IHDR' 16 13
2024-04-19 00:51:49,399 - PIL.PngImagePlugin - DEBUG - STREAM b'sBIT' 41 4
2024-04-19 00:51:49,399 - PIL.PngImagePlugin - DEBUG - b'sBIT' 41 4 (unknown)
2024-04-19 00:51:49,399 - PIL.PngImagePlugin - DEBUG - STREAM b'pHYs' 57 9
2024-04-19 00:51:49,400 - PIL.PngImagePlugin - DEBUG - STREAM b'IDAT' 78 387
2024-04-19 00:51:49,401 - PIL.PngImagePlugin - DEBUG - STREAM b'IHDR' 16 13
2024-04-19 00:51:49,401 - PIL.PngImagePlugin - DEBUG - STREAM b'sBIT' 41 4
2024-04-19 00:51:49,401 - PIL.PngImagePlugin - DEBUG - b'sBIT' 41 4 (unknown)
2024-04-19 00:51:49,402 - PIL.PngImagePlugin - DEBUG - STREAM b'pHYs' 57 9
2024-04-19 00:51:49,402 - PIL.PngImagePlugin - DEBUG - STREAM b'IDAT' 78 436
2024-04-19 00:51:49,403 - PIL.PngImagePlugin - DEBUG - STREAM b'IHDR' 16 13
2024-04-19 00:51:49,403 - PIL.PngImagePlugin - DEBUG - STREAM b'sBIT' 41 4
2024-04-19 00:51:49,404 - PIL.PngImagePlugin - DEBUG - b'sBIT' 41 4 (unknown)
2024-04-19 00:51:49,404 - PIL.PngImagePlugin - DEBUG - STREAM b'pHYs' 57 9
2024-04-19 00:51:49,404 - PIL.PngImagePlugin - DEBUG - STREAM b'IDAT' 78 351
2024-04-19 00:51:49,405 - PIL.PngImagePlugin - DEBUG - STREAM b'IHDR' 16 13
2024-04-19 00:51:49,405 - PIL.PngImagePlugin - DEBUG - STREAM b'sBIT' 41 4
2024-04-19 00:51:49,405 - PIL.PngImagePlugin - DEBUG - b'sBIT' 41 4 (unknown)
2024-04-19 00:51:49,406 - PIL.PngImagePlugin - DEBUG - STREAM b'pHYs' 57 9
2024-04-19 00:51:49,406 - PIL.PngImagePlugin - DEBUG - STREAM b'IDAT' 78 364
2024-04-19 00:51:49,419 - matplotlib.legend - WARNING - No artists with labels found to put in legend.  Note that artists whose label start with an underscore are ignored when legend() is called with no argument.
2024-04-19 00:51:52,806 - root - INFO - ARI: 0.8279 | NMI: 0.7994
2024-04-19 00:51:52,806 - root - INFO - Epoch: 16 | LR: 0.0010 | Loss 0.4829 | Val MaF1: 0.9308 (Best: 0.9308) | Test MaF1: 0.9592 (Best: 0.9592) | MiF1: 0.9579 (Best: 0.9579)
2024-04-19 00:52:00,790 - PIL.PngImagePlugin - DEBUG - STREAM b'IHDR' 16 13
2024-04-19 00:52:00,790 - PIL.PngImagePlugin - DEBUG - STREAM b'sBIT' 41 4
2024-04-19 00:52:00,790 - PIL.PngImagePlugin - DEBUG - b'sBIT' 41 4 (unknown)
2024-04-19 00:52:00,790 - PIL.PngImagePlugin - DEBUG - STREAM b'pHYs' 57 9
2024-04-19 00:52:00,791 - PIL.PngImagePlugin - DEBUG - STREAM b'IDAT' 78 1189
2024-04-19 00:52:00,793 - PIL.PngImagePlugin - DEBUG - STREAM b'IHDR' 16 13
2024-04-19 00:52:00,793 - PIL.PngImagePlugin - DEBUG - STREAM b'sBIT' 41 4
2024-04-19 00:52:00,793 - PIL.PngImagePlugin - DEBUG - b'sBIT' 41 4 (unknown)
2024-04-19 00:52:00,793 - PIL.PngImagePlugin - DEBUG - STREAM b'pHYs' 57 9
2024-04-19 00:52:00,794 - PIL.PngImagePlugin - DEBUG - STREAM b'IDAT' 78 2994
2024-04-19 00:52:00,800 - PIL.PngImagePlugin - DEBUG - STREAM b'IHDR' 16 13
2024-04-19 00:52:00,801 - PIL.PngImagePlugin - DEBUG - STREAM b'sBIT' 41 4
2024-04-19 00:52:00,801 - PIL.PngImagePlugin - DEBUG - b'sBIT' 41 4 (unknown)
2024-04-19 00:52:00,801 - PIL.PngImagePlugin - DEBUG - STREAM b'pHYs' 57 9
2024-04-19 00:52:00,801 - PIL.PngImagePlugin - DEBUG - STREAM b'IDAT' 78 374
2024-04-19 00:52:00,803 - PIL.PngImagePlugin - DEBUG - STREAM b'IHDR' 16 13
2024-04-19 00:52:00,803 - PIL.PngImagePlugin - DEBUG - STREAM b'sBIT' 41 4
2024-04-19 00:52:00,803 - PIL.PngImagePlugin - DEBUG - b'sBIT' 41 4 (unknown)
2024-04-19 00:52:00,803 - PIL.PngImagePlugin - DEBUG - STREAM b'pHYs' 57 9
2024-04-19 00:52:00,803 - PIL.PngImagePlugin - DEBUG - STREAM b'IDAT' 78 286
2024-04-19 00:52:00,804 - PIL.PngImagePlugin - DEBUG - STREAM b'IHDR' 16 13
2024-04-19 00:52:00,805 - PIL.PngImagePlugin - DEBUG - STREAM b'sBIT' 41 4
2024-04-19 00:52:00,805 - PIL.PngImagePlugin - DEBUG - b'sBIT' 41 4 (unknown)
2024-04-19 00:52:00,805 - PIL.PngImagePlugin - DEBUG - STREAM b'pHYs' 57 9
2024-04-19 00:52:00,805 - PIL.PngImagePlugin - DEBUG - STREAM b'IDAT' 78 263
2024-04-19 00:52:00,806 - PIL.PngImagePlugin - DEBUG - STREAM b'IHDR' 16 13
2024-04-19 00:52:00,806 - PIL.PngImagePlugin - DEBUG - STREAM b'sBIT' 41 4
2024-04-19 00:52:00,807 - PIL.PngImagePlugin - DEBUG - b'sBIT' 41 4 (unknown)
2024-04-19 00:52:00,807 - PIL.PngImagePlugin - DEBUG - STREAM b'pHYs' 57 9
2024-04-19 00:52:00,807 - PIL.PngImagePlugin - DEBUG - STREAM b'IDAT' 78 387
2024-04-19 00:52:00,808 - PIL.PngImagePlugin - DEBUG - STREAM b'IHDR' 16 13
2024-04-19 00:52:00,809 - PIL.PngImagePlugin - DEBUG - STREAM b'sBIT' 41 4
2024-04-19 00:52:00,809 - PIL.PngImagePlugin - DEBUG - b'sBIT' 41 4 (unknown)
2024-04-19 00:52:00,809 - PIL.PngImagePlugin - DEBUG - STREAM b'pHYs' 57 9
2024-04-19 00:52:00,809 - PIL.PngImagePlugin - DEBUG - STREAM b'IDAT' 78 436
2024-04-19 00:52:00,810 - PIL.PngImagePlugin - DEBUG - STREAM b'IHDR' 16 13
2024-04-19 00:52:00,811 - PIL.PngImagePlugin - DEBUG - STREAM b'sBIT' 41 4
2024-04-19 00:52:00,811 - PIL.PngImagePlugin - DEBUG - b'sBIT' 41 4 (unknown)
2024-04-19 00:52:00,811 - PIL.PngImagePlugin - DEBUG - STREAM b'pHYs' 57 9
2024-04-19 00:52:00,811 - PIL.PngImagePlugin - DEBUG - STREAM b'IDAT' 78 351
2024-04-19 00:52:00,812 - PIL.PngImagePlugin - DEBUG - STREAM b'IHDR' 16 13
2024-04-19 00:52:00,813 - PIL.PngImagePlugin - DEBUG - STREAM b'sBIT' 41 4
2024-04-19 00:52:00,813 - PIL.PngImagePlugin - DEBUG - b'sBIT' 41 4 (unknown)
2024-04-19 00:52:00,813 - PIL.PngImagePlugin - DEBUG - STREAM b'pHYs' 57 9
2024-04-19 00:52:00,813 - PIL.PngImagePlugin - DEBUG - STREAM b'IDAT' 78 364
2024-04-19 00:52:00,828 - matplotlib.legend - WARNING - No artists with labels found to put in legend.  Note that artists whose label start with an underscore are ignored when legend() is called with no argument.
2024-04-19 00:52:04,323 - root - INFO - ARI: 0.8379 | NMI: 0.8032
2024-04-19 00:52:04,324 - root - INFO - Epoch: 17 | LR: 0.0010 | Loss 0.4736 | Val MaF1: 0.9269 (Best: 0.9269) | Test MaF1: 0.9605 (Best: 0.9605) | MiF1: 0.9604 (Best: 0.9604)
2024-04-19 00:52:05,509 - root - INFO - Epoch: 18 | LR: 0.0009 | Loss 0.4610 | Val MaF1: 0.9472 (Best: 0.9269) | Test MaF1: 0.9552 (Best: 0.9605) | MiF1: 0.9554 (Best: 0.9604)
2024-04-19 00:52:06,483 - root - INFO - Epoch: 19 | LR: 0.0009 | Loss 0.4472 | Val MaF1: 0.9529 (Best: 0.9269) | Test MaF1: 0.9507 (Best: 0.9605) | MiF1: 0.9505 (Best: 0.9604)
2024-04-19 00:52:07,473 - root - INFO - Epoch: 20 | LR: 0.0009 | Loss 0.4366 | Val MaF1: 0.9403 (Best: 0.9269) | Test MaF1: 0.9456 (Best: 0.9605) | MiF1: 0.9455 (Best: 0.9604)
2024-04-19 00:52:08,487 - root - INFO - Epoch: 21 | LR: 0.0009 | Loss 0.4305 | Val MaF1: 0.9581 (Best: 0.9269) | Test MaF1: 0.9507 (Best: 0.9605) | MiF1: 0.9505 (Best: 0.9604)
2024-04-19 00:52:09,547 - root - INFO - Epoch: 22 | LR: 0.0008 | Loss 0.4250 | Val MaF1: 0.9623 (Best: 0.9269) | Test MaF1: 0.9460 (Best: 0.9605) | MiF1: 0.9455 (Best: 0.9604)
2024-04-19 00:52:10,535 - root - INFO - Epoch: 23 | LR: 0.0008 | Loss 0.4201 | Val MaF1: 0.9600 (Best: 0.9269) | Test MaF1: 0.9511 (Best: 0.9605) | MiF1: 0.9505 (Best: 0.9604)
2024-04-19 00:52:11,588 - root - INFO - Epoch: 24 | LR: 0.0008 | Loss 0.4163 | Val MaF1: 0.9601 (Best: 0.9269) | Test MaF1: 0.9561 (Best: 0.9605) | MiF1: 0.9554 (Best: 0.9604)
2024-04-19 00:52:12,539 - root - INFO - Epoch: 25 | LR: 0.0007 | Loss 0.4115 | Val MaF1: 0.9601 (Best: 0.9269) | Test MaF1: 0.9529 (Best: 0.9605) | MiF1: 0.9530 (Best: 0.9604)
2024-04-19 00:52:13,524 - root - INFO - Epoch: 26 | LR: 0.0007 | Loss 0.4067 | Val MaF1: 0.9624 (Best: 0.9269) | Test MaF1: 0.9561 (Best: 0.9605) | MiF1: 0.9554 (Best: 0.9604)
2024-04-19 00:52:14,482 - root - INFO - Epoch: 27 | LR: 0.0006 | Loss 0.4032 | Val MaF1: 0.9566 (Best: 0.9269) | Test MaF1: 0.9486 (Best: 0.9605) | MiF1: 0.9480 (Best: 0.9604)
2024-04-19 00:52:15,474 - root - INFO - Epoch: 28 | LR: 0.0006 | Loss 0.4009 | Val MaF1: 0.9574 (Best: 0.9269) | Test MaF1: 0.9409 (Best: 0.9605) | MiF1: 0.9406 (Best: 0.9604)
2024-04-19 00:52:16,489 - root - INFO - Epoch: 29 | LR: 0.0005 | Loss 0.3998 | Val MaF1: 0.9574 (Best: 0.9269) | Test MaF1: 0.9433 (Best: 0.9605) | MiF1: 0.9431 (Best: 0.9604)
2024-04-19 00:52:17,453 - root - INFO - Epoch: 30 | LR: 0.0005 | Loss 0.3976 | Val MaF1: 0.9574 (Best: 0.9269) | Test MaF1: 0.9409 (Best: 0.9605) | MiF1: 0.9406 (Best: 0.9604)
2024-04-19 00:52:18,455 - root - INFO - Epoch: 31 | LR: 0.0004 | Loss 0.3956 | Val MaF1: 0.9574 (Best: 0.9269) | Test MaF1: 0.9386 (Best: 0.9605) | MiF1: 0.9381 (Best: 0.9604)
2024-04-19 00:52:19,419 - root - INFO - Epoch: 32 | LR: 0.0004 | Loss 0.3938 | Val MaF1: 0.9542 (Best: 0.9269) | Test MaF1: 0.9437 (Best: 0.9605) | MiF1: 0.9431 (Best: 0.9604)
2024-04-19 00:52:20,365 - root - INFO - Epoch: 33 | LR: 0.0003 | Loss 0.3921 | Val MaF1: 0.9566 (Best: 0.9269) | Test MaF1: 0.9488 (Best: 0.9605) | MiF1: 0.9480 (Best: 0.9604)
2024-04-19 00:52:21,326 - root - INFO - Epoch: 34 | LR: 0.0003 | Loss 0.3907 | Val MaF1: 0.9624 (Best: 0.9269) | Test MaF1: 0.9513 (Best: 0.9605) | MiF1: 0.9505 (Best: 0.9604)
2024-04-19 00:52:22,284 - root - INFO - Epoch: 35 | LR: 0.0003 | Loss 0.3896 | Val MaF1: 0.9649 (Best: 0.9269) | Test MaF1: 0.9563 (Best: 0.9605) | MiF1: 0.9554 (Best: 0.9604)
2024-04-19 00:52:23,322 - root - INFO - Epoch: 36 | LR: 0.0002 | Loss 0.3887 | Val MaF1: 0.9649 (Best: 0.9269) | Test MaF1: 0.9563 (Best: 0.9605) | MiF1: 0.9554 (Best: 0.9604)
2024-04-19 00:52:24,277 - root - INFO - Epoch: 37 | LR: 0.0002 | Loss 0.3881 | Val MaF1: 0.9649 (Best: 0.9269) | Test MaF1: 0.9563 (Best: 0.9605) | MiF1: 0.9554 (Best: 0.9604)
2024-04-19 00:52:25,240 - root - INFO - Epoch: 38 | LR: 0.0001 | Loss 0.3877 | Val MaF1: 0.9649 (Best: 0.9269) | Test MaF1: 0.9563 (Best: 0.9605) | MiF1: 0.9554 (Best: 0.9604)
2024-04-19 00:52:26,206 - root - INFO - Epoch: 39 | LR: 0.0001 | Loss 0.3870 | Val MaF1: 0.9649 (Best: 0.9269) | Test MaF1: 0.9563 (Best: 0.9605) | MiF1: 0.9554 (Best: 0.9604)
2024-04-19 00:52:27,214 - root - INFO - Epoch: 40 | LR: 0.0001 | Loss 0.3866 | Val MaF1: 0.9649 (Best: 0.9269) | Test MaF1: 0.9563 (Best: 0.9605) | MiF1: 0.9554 (Best: 0.9604)
2024-04-19 00:52:28,196 - root - INFO - Epoch: 41 | LR: 0.0001 | Loss 0.3864 | Val MaF1: 0.9649 (Best: 0.9269) | Test MaF1: 0.9563 (Best: 0.9605) | MiF1: 0.9554 (Best: 0.9604)
2024-04-19 00:52:29,173 - root - INFO - Epoch: 42 | LR: 0.0000 | Loss 0.3860 | Val MaF1: 0.9649 (Best: 0.9269) | Test MaF1: 0.9563 (Best: 0.9605) | MiF1: 0.9554 (Best: 0.9604)
2024-04-19 00:52:30,191 - root - INFO - Epoch: 43 | LR: 0.0000 | Loss 0.3856 | Val MaF1: 0.9649 (Best: 0.9269) | Test MaF1: 0.9538 (Best: 0.9605) | MiF1: 0.9530 (Best: 0.9604)
2024-04-19 00:52:31,142 - root - INFO - Epoch: 44 | LR: 0.0000 | Loss 0.3855 | Val MaF1: 0.9624 (Best: 0.9269) | Test MaF1: 0.9538 (Best: 0.9605) | MiF1: 0.9530 (Best: 0.9604)
2024-04-19 00:52:32,142 - root - INFO - Epoch: 45 | LR: 0.0000 | Loss 0.3860 | Val MaF1: 0.9624 (Best: 0.9269) | Test MaF1: 0.9538 (Best: 0.9605) | MiF1: 0.9530 (Best: 0.9604)
2024-04-19 00:52:33,138 - root - INFO - Epoch: 46 | LR: 0.0000 | Loss 0.3854 | Val MaF1: 0.9624 (Best: 0.9269) | Test MaF1: 0.9538 (Best: 0.9605) | MiF1: 0.9530 (Best: 0.9604)
2024-04-19 00:52:34,137 - root - INFO - Epoch: 47 | LR: 0.0000 | Loss 0.3858 | Val MaF1: 0.9624 (Best: 0.9269) | Test MaF1: 0.9538 (Best: 0.9605) | MiF1: 0.9530 (Best: 0.9604)
2024-04-19 00:52:34,137 - root - INFO - Best Epoch: 17 | Train MiF1: 0.9481,  MaF1: 0.9497 | Val MiF1: 0.9256, MaF1: 0.9269 | Test MaF1: 0.9605, MiF1: 0.9604
