2024-04-22 20:26:56,599 - root - INFO - {'prefix': 'SR-HGN', 'gpu': 0, 'feat': 1, 'seed': 0, 'verbose': 1, 'train_split': 0.2, 'val_split': 0.3, 'num_type_heads': 4, 'num_node_heads': 4, 'hidden_dim': 256, 'clip': 1.0, 'num_layers': 3, 'alpha': 0.5, 'epochs': 200, 'dataset': 'acm', 'input_dim': 256, 'aggregate': 'concat', 'iscuda': True, 'cluster': True, 'max_lr': 0.001, 'weight_decay': 1e-05, 'heads': 1, 'han_heads': [4], 'hh_heads': 3, 'dropout': 0.2}
2024-04-22 20:26:59,275 - root - INFO - Training SR-HGN with #param: 17786812
2024-04-22 20:27:01,072 - root - INFO - ARI: 0.0025 | NMI: 0.0030
2024-04-22 20:27:01,073 - root - INFO - Epoch: 1 | LR: 0.0000 | Loss 1.0958 | Val MaF1: 0.2878 (Best: 0.2878) | Test MaF1: 0.3052 (Best: 0.3052) | MiF1: 0.4222 (Best: 0.4222)
2024-04-22 20:27:01,306 - root - INFO - Epoch: 2 | LR: 0.0000 | Loss 1.0921 | Val MaF1: 0.2934 (Best: 0.2878) | Test MaF1: 0.2892 (Best: 0.3052) | MiF1: 0.4585 (Best: 0.4222)
2024-04-22 20:27:01,518 - root - INFO - Epoch: 3 | LR: 0.0000 | Loss 1.0863 | Val MaF1: 0.2866 (Best: 0.2878) | Test MaF1: 0.2634 (Best: 0.3052) | MiF1: 0.4844 (Best: 0.4222)
2024-04-22 20:27:01,723 - root - INFO - Epoch: 4 | LR: 0.0001 | Loss 1.0812 | Val MaF1: 0.2693 (Best: 0.2878) | Test MaF1: 0.2416 (Best: 0.3052) | MiF1: 0.4943 (Best: 0.4222)
2024-04-22 20:27:01,930 - root - INFO - Epoch: 5 | LR: 0.0001 | Loss 1.0792 | Val MaF1: 0.2265 (Best: 0.2878) | Test MaF1: 0.2299 (Best: 0.3052) | MiF1: 0.4975 (Best: 0.4222)
2024-04-22 20:27:02,135 - root - INFO - Epoch: 6 | LR: 0.0001 | Loss 1.0733 | Val MaF1: 0.2270 (Best: 0.2878) | Test MaF1: 0.2227 (Best: 0.3052) | MiF1: 0.4961 (Best: 0.4222)
2024-04-22 20:27:02,342 - root - INFO - Epoch: 7 | LR: 0.0001 | Loss 1.0663 | Val MaF1: 0.2204 (Best: 0.2878) | Test MaF1: 0.2219 (Best: 0.3052) | MiF1: 0.4961 (Best: 0.4222)
2024-04-22 20:27:02,550 - root - INFO - Epoch: 8 | LR: 0.0001 | Loss 1.0614 | Val MaF1: 0.2204 (Best: 0.2878) | Test MaF1: 0.2210 (Best: 0.3052) | MiF1: 0.4957 (Best: 0.4222)
2024-04-22 20:27:02,755 - root - INFO - Epoch: 9 | LR: 0.0001 | Loss 1.0555 | Val MaF1: 0.2204 (Best: 0.2878) | Test MaF1: 0.2210 (Best: 0.3052) | MiF1: 0.4957 (Best: 0.4222)
2024-04-22 20:27:02,981 - root - INFO - Epoch: 10 | LR: 0.0001 | Loss 1.0490 | Val MaF1: 0.2204 (Best: 0.2878) | Test MaF1: 0.2210 (Best: 0.3052) | MiF1: 0.4957 (Best: 0.4222)
2024-04-22 20:27:03,202 - root - INFO - Epoch: 11 | LR: 0.0001 | Loss 1.0420 | Val MaF1: 0.2204 (Best: 0.2878) | Test MaF1: 0.2210 (Best: 0.3052) | MiF1: 0.4957 (Best: 0.4222)
2024-04-22 20:27:03,420 - root - INFO - Epoch: 12 | LR: 0.0001 | Loss 1.0369 | Val MaF1: 0.2204 (Best: 0.2878) | Test MaF1: 0.2210 (Best: 0.3052) | MiF1: 0.4957 (Best: 0.4222)
2024-04-22 20:27:03,641 - root - INFO - Epoch: 13 | LR: 0.0002 | Loss 1.0324 | Val MaF1: 0.2204 (Best: 0.2878) | Test MaF1: 0.2210 (Best: 0.3052) | MiF1: 0.4957 (Best: 0.4222)
2024-04-22 20:27:03,853 - root - INFO - Epoch: 14 | LR: 0.0002 | Loss 1.0241 | Val MaF1: 0.2204 (Best: 0.2878) | Test MaF1: 0.2210 (Best: 0.3052) | MiF1: 0.4957 (Best: 0.4222)
2024-04-22 20:27:04,062 - root - INFO - Epoch: 15 | LR: 0.0002 | Loss 1.0153 | Val MaF1: 0.2204 (Best: 0.2878) | Test MaF1: 0.2210 (Best: 0.3052) | MiF1: 0.4957 (Best: 0.4222)
2024-04-22 20:27:04,271 - root - INFO - Epoch: 16 | LR: 0.0002 | Loss 1.0124 | Val MaF1: 0.2204 (Best: 0.2878) | Test MaF1: 0.2210 (Best: 0.3052) | MiF1: 0.4957 (Best: 0.4222)
2024-04-22 20:27:04,479 - root - INFO - Epoch: 17 | LR: 0.0002 | Loss 1.0055 | Val MaF1: 0.2204 (Best: 0.2878) | Test MaF1: 0.2210 (Best: 0.3052) | MiF1: 0.4957 (Best: 0.4222)
2024-04-22 20:27:04,686 - root - INFO - Epoch: 18 | LR: 0.0002 | Loss 1.0008 | Val MaF1: 0.2204 (Best: 0.2878) | Test MaF1: 0.2210 (Best: 0.3052) | MiF1: 0.4957 (Best: 0.4222)
2024-04-22 20:27:04,893 - root - INFO - Epoch: 19 | LR: 0.0003 | Loss 0.9879 | Val MaF1: 0.2204 (Best: 0.2878) | Test MaF1: 0.2210 (Best: 0.3052) | MiF1: 0.4957 (Best: 0.4222)
2024-04-22 20:27:05,103 - root - INFO - Epoch: 20 | LR: 0.0003 | Loss 0.9812 | Val MaF1: 0.2204 (Best: 0.2878) | Test MaF1: 0.2210 (Best: 0.3052) | MiF1: 0.4957 (Best: 0.4222)
2024-04-22 20:27:05,314 - root - INFO - Epoch: 21 | LR: 0.0003 | Loss 0.9702 | Val MaF1: 0.2204 (Best: 0.2878) | Test MaF1: 0.2210 (Best: 0.3052) | MiF1: 0.4957 (Best: 0.4222)
2024-04-22 20:27:05,521 - root - INFO - Epoch: 22 | LR: 0.0003 | Loss 0.9575 | Val MaF1: 0.2204 (Best: 0.2878) | Test MaF1: 0.2210 (Best: 0.3052) | MiF1: 0.4957 (Best: 0.4222)
2024-04-22 20:27:05,726 - root - INFO - Epoch: 23 | LR: 0.0004 | Loss 0.9433 | Val MaF1: 0.2204 (Best: 0.2878) | Test MaF1: 0.2431 (Best: 0.3052) | MiF1: 0.5036 (Best: 0.4222)
2024-04-22 20:27:06,150 - root - INFO - ARI: 0.6018 | NMI: 0.6130
2024-04-22 20:27:06,150 - root - INFO - Epoch: 24 | LR: 0.0004 | Loss 0.9253 | Val MaF1: 0.3520 (Best: 0.3520) | Test MaF1: 0.3382 (Best: 0.3382) | MiF1: 0.5433 (Best: 0.5433)
2024-04-22 20:27:06,600 - root - INFO - ARI: 0.5863 | NMI: 0.6110
2024-04-22 20:27:06,601 - root - INFO - Epoch: 25 | LR: 0.0004 | Loss 0.9101 | Val MaF1: 0.5100 (Best: 0.5100) | Test MaF1: 0.5002 (Best: 0.5002) | MiF1: 0.6381 (Best: 0.6381)
2024-04-22 20:27:07,052 - root - INFO - ARI: 0.5940 | NMI: 0.6245
2024-04-22 20:27:07,053 - root - INFO - Epoch: 26 | LR: 0.0004 | Loss 0.8896 | Val MaF1: 0.6766 (Best: 0.6766) | Test MaF1: 0.6680 (Best: 0.6680) | MiF1: 0.7408 (Best: 0.7408)
2024-04-22 20:27:07,520 - root - INFO - ARI: 0.5878 | NMI: 0.6329
2024-04-22 20:27:07,520 - root - INFO - Epoch: 27 | LR: 0.0005 | Loss 0.8729 | Val MaF1: 0.8398 (Best: 0.8398) | Test MaF1: 0.8364 (Best: 0.8364) | MiF1: 0.8498 (Best: 0.8498)
2024-04-22 20:27:07,985 - root - INFO - ARI: 0.5847 | NMI: 0.6352
2024-04-22 20:27:07,986 - root - INFO - Epoch: 28 | LR: 0.0005 | Loss 0.8582 | Val MaF1: 0.8899 (Best: 0.8899) | Test MaF1: 0.9035 (Best: 0.9035) | MiF1: 0.9052 (Best: 0.9052)
2024-04-22 20:27:08,461 - root - INFO - ARI: 0.5855 | NMI: 0.6391
2024-04-22 20:27:08,462 - root - INFO - Epoch: 29 | LR: 0.0005 | Loss 0.8434 | Val MaF1: 0.9239 (Best: 0.9239) | Test MaF1: 0.9219 (Best: 0.9219) | MiF1: 0.9215 (Best: 0.9215)
2024-04-22 20:27:08,898 - root - INFO - ARI: 0.5949 | NMI: 0.6465
2024-04-22 20:27:08,899 - root - INFO - Epoch: 30 | LR: 0.0005 | Loss 0.8308 | Val MaF1: 0.9242 (Best: 0.9242) | Test MaF1: 0.9254 (Best: 0.9254) | MiF1: 0.9251 (Best: 0.9251)
2024-04-22 20:27:09,355 - root - INFO - ARI: 0.6252 | NMI: 0.6618
2024-04-22 20:27:09,355 - root - INFO - Epoch: 31 | LR: 0.0006 | Loss 0.8126 | Val MaF1: 0.9233 (Best: 0.9233) | Test MaF1: 0.9269 (Best: 0.9269) | MiF1: 0.9272 (Best: 0.9272)
2024-04-22 20:27:09,593 - root - INFO - Epoch: 32 | LR: 0.0006 | Loss 0.7960 | Val MaF1: 0.9113 (Best: 0.9233) | Test MaF1: 0.9196 (Best: 0.9269) | MiF1: 0.9205 (Best: 0.9272)
2024-04-22 20:27:09,803 - root - INFO - Epoch: 33 | LR: 0.0006 | Loss 0.7786 | Val MaF1: 0.9025 (Best: 0.9233) | Test MaF1: 0.9131 (Best: 0.9269) | MiF1: 0.9151 (Best: 0.9272)
2024-04-22 20:27:10,013 - root - INFO - Epoch: 34 | LR: 0.0006 | Loss 0.7651 | Val MaF1: 0.8959 (Best: 0.9233) | Test MaF1: 0.9103 (Best: 0.9269) | MiF1: 0.9126 (Best: 0.9272)
2024-04-22 20:27:10,225 - root - INFO - Epoch: 35 | LR: 0.0007 | Loss 0.7523 | Val MaF1: 0.8985 (Best: 0.9233) | Test MaF1: 0.9172 (Best: 0.9269) | MiF1: 0.9190 (Best: 0.9272)
2024-04-22 20:27:10,640 - root - INFO - ARI: 0.7800 | NMI: 0.7475
2024-04-22 20:27:10,641 - root - INFO - Epoch: 36 | LR: 0.0007 | Loss 0.7409 | Val MaF1: 0.9119 (Best: 0.9119) | Test MaF1: 0.9271 (Best: 0.9271) | MiF1: 0.9279 (Best: 0.9279)
2024-04-22 20:27:11,102 - root - INFO - ARI: 0.7931 | NMI: 0.7570
2024-04-22 20:27:11,103 - root - INFO - Epoch: 37 | LR: 0.0007 | Loss 0.7252 | Val MaF1: 0.9162 (Best: 0.9162) | Test MaF1: 0.9369 (Best: 0.9369) | MiF1: 0.9368 (Best: 0.9368)
2024-04-22 20:27:11,562 - root - INFO - ARI: 0.8008 | NMI: 0.7643
2024-04-22 20:27:11,562 - root - INFO - Epoch: 38 | LR: 0.0007 | Loss 0.7124 | Val MaF1: 0.9297 (Best: 0.9297) | Test MaF1: 0.9384 (Best: 0.9384) | MiF1: 0.9379 (Best: 0.9379)
2024-04-22 20:27:11,994 - root - INFO - ARI: 0.8048 | NMI: 0.7672
2024-04-22 20:27:11,994 - root - INFO - Epoch: 39 | LR: 0.0008 | Loss 0.6992 | Val MaF1: 0.9277 (Best: 0.9277) | Test MaF1: 0.9387 (Best: 0.9387) | MiF1: 0.9379 (Best: 0.9379)
2024-04-22 20:27:12,434 - root - INFO - ARI: 0.8113 | NMI: 0.7709
2024-04-22 20:27:12,435 - root - INFO - Epoch: 40 | LR: 0.0008 | Loss 0.6870 | Val MaF1: 0.9277 (Best: 0.9277) | Test MaF1: 0.9394 (Best: 0.9394) | MiF1: 0.9386 (Best: 0.9386)
2024-04-22 20:27:12,903 - root - INFO - ARI: 0.8241 | NMI: 0.7796
2024-04-22 20:27:12,903 - root - INFO - Epoch: 41 | LR: 0.0008 | Loss 0.6780 | Val MaF1: 0.9249 (Best: 0.9249) | Test MaF1: 0.9412 (Best: 0.9412) | MiF1: 0.9403 (Best: 0.9403)
2024-04-22 20:27:13,360 - root - INFO - ARI: 0.8380 | NMI: 0.7908
2024-04-22 20:27:13,360 - root - INFO - Epoch: 42 | LR: 0.0008 | Loss 0.6647 | Val MaF1: 0.9292 (Best: 0.9292) | Test MaF1: 0.9446 (Best: 0.9446) | MiF1: 0.9439 (Best: 0.9439)
2024-04-22 20:27:13,598 - root - INFO - Epoch: 43 | LR: 0.0008 | Loss 0.6540 | Val MaF1: 0.9189 (Best: 0.9292) | Test MaF1: 0.9440 (Best: 0.9446) | MiF1: 0.9435 (Best: 0.9439)
2024-04-22 20:27:13,806 - root - INFO - Epoch: 44 | LR: 0.0009 | Loss 0.6439 | Val MaF1: 0.9221 (Best: 0.9292) | Test MaF1: 0.9418 (Best: 0.9446) | MiF1: 0.9414 (Best: 0.9439)
2024-04-22 20:27:14,011 - root - INFO - Epoch: 45 | LR: 0.0009 | Loss 0.6330 | Val MaF1: 0.9221 (Best: 0.9292) | Test MaF1: 0.9415 (Best: 0.9446) | MiF1: 0.9411 (Best: 0.9439)
2024-04-22 20:27:14,220 - root - INFO - Epoch: 46 | LR: 0.0009 | Loss 0.6249 | Val MaF1: 0.9221 (Best: 0.9292) | Test MaF1: 0.9426 (Best: 0.9446) | MiF1: 0.9421 (Best: 0.9439)
2024-04-22 20:27:14,426 - root - INFO - Epoch: 47 | LR: 0.0009 | Loss 0.6148 | Val MaF1: 0.9298 (Best: 0.9292) | Test MaF1: 0.9420 (Best: 0.9446) | MiF1: 0.9418 (Best: 0.9439)
2024-04-22 20:27:14,631 - root - INFO - Epoch: 48 | LR: 0.0009 | Loss 0.6042 | Val MaF1: 0.9247 (Best: 0.9292) | Test MaF1: 0.9415 (Best: 0.9446) | MiF1: 0.9414 (Best: 0.9439)
2024-04-22 20:27:14,838 - root - INFO - Epoch: 49 | LR: 0.0009 | Loss 0.5962 | Val MaF1: 0.9247 (Best: 0.9292) | Test MaF1: 0.9401 (Best: 0.9446) | MiF1: 0.9400 (Best: 0.9439)
2024-04-22 20:27:15,041 - root - INFO - Epoch: 50 | LR: 0.0009 | Loss 0.5864 | Val MaF1: 0.9270 (Best: 0.9292) | Test MaF1: 0.9390 (Best: 0.9446) | MiF1: 0.9389 (Best: 0.9439)
2024-04-22 20:27:15,248 - root - INFO - Epoch: 51 | LR: 0.0010 | Loss 0.5779 | Val MaF1: 0.9296 (Best: 0.9292) | Test MaF1: 0.9404 (Best: 0.9446) | MiF1: 0.9400 (Best: 0.9439)
2024-04-22 20:27:15,455 - root - INFO - Epoch: 52 | LR: 0.0010 | Loss 0.5690 | Val MaF1: 0.9321 (Best: 0.9292) | Test MaF1: 0.9393 (Best: 0.9446) | MiF1: 0.9389 (Best: 0.9439)
2024-04-22 20:27:15,658 - root - INFO - Epoch: 53 | LR: 0.0010 | Loss 0.5622 | Val MaF1: 0.9296 (Best: 0.9292) | Test MaF1: 0.9389 (Best: 0.9446) | MiF1: 0.9386 (Best: 0.9439)
2024-04-22 20:27:15,866 - root - INFO - Epoch: 54 | LR: 0.0010 | Loss 0.5527 | Val MaF1: 0.9296 (Best: 0.9292) | Test MaF1: 0.9388 (Best: 0.9446) | MiF1: 0.9386 (Best: 0.9439)
2024-04-22 20:27:16,071 - root - INFO - Epoch: 55 | LR: 0.0010 | Loss 0.5457 | Val MaF1: 0.9244 (Best: 0.9292) | Test MaF1: 0.9366 (Best: 0.9446) | MiF1: 0.9368 (Best: 0.9439)
2024-04-22 20:27:16,276 - root - INFO - Epoch: 56 | LR: 0.0010 | Loss 0.5367 | Val MaF1: 0.9273 (Best: 0.9292) | Test MaF1: 0.9365 (Best: 0.9446) | MiF1: 0.9364 (Best: 0.9439)
2024-04-22 20:27:16,481 - root - INFO - Epoch: 57 | LR: 0.0010 | Loss 0.5308 | Val MaF1: 0.9250 (Best: 0.9292) | Test MaF1: 0.9370 (Best: 0.9446) | MiF1: 0.9368 (Best: 0.9439)
2024-04-22 20:27:16,685 - root - INFO - Epoch: 58 | LR: 0.0010 | Loss 0.5239 | Val MaF1: 0.9244 (Best: 0.9292) | Test MaF1: 0.9342 (Best: 0.9446) | MiF1: 0.9343 (Best: 0.9439)
2024-04-22 20:27:16,893 - root - INFO - Epoch: 59 | LR: 0.0010 | Loss 0.5177 | Val MaF1: 0.9196 (Best: 0.9292) | Test MaF1: 0.9337 (Best: 0.9446) | MiF1: 0.9339 (Best: 0.9439)
2024-04-22 20:27:17,100 - root - INFO - Epoch: 60 | LR: 0.0010 | Loss 0.5109 | Val MaF1: 0.9193 (Best: 0.9292) | Test MaF1: 0.9308 (Best: 0.9446) | MiF1: 0.9315 (Best: 0.9439)
2024-04-22 20:27:17,315 - root - INFO - Epoch: 61 | LR: 0.0010 | Loss 0.5043 | Val MaF1: 0.9193 (Best: 0.9292) | Test MaF1: 0.9303 (Best: 0.9446) | MiF1: 0.9308 (Best: 0.9439)
2024-04-22 20:27:17,521 - root - INFO - Epoch: 62 | LR: 0.0010 | Loss 0.4982 | Val MaF1: 0.9219 (Best: 0.9292) | Test MaF1: 0.9299 (Best: 0.9446) | MiF1: 0.9304 (Best: 0.9439)
2024-04-22 20:27:17,727 - root - INFO - Epoch: 63 | LR: 0.0010 | Loss 0.4931 | Val MaF1: 0.9210 (Best: 0.9292) | Test MaF1: 0.9269 (Best: 0.9446) | MiF1: 0.9276 (Best: 0.9439)
2024-04-22 20:27:17,935 - root - INFO - Epoch: 64 | LR: 0.0010 | Loss 0.4866 | Val MaF1: 0.9159 (Best: 0.9292) | Test MaF1: 0.9257 (Best: 0.9446) | MiF1: 0.9265 (Best: 0.9439)
2024-04-22 20:27:18,140 - root - INFO - Epoch: 65 | LR: 0.0010 | Loss 0.4813 | Val MaF1: 0.9107 (Best: 0.9292) | Test MaF1: 0.9244 (Best: 0.9446) | MiF1: 0.9254 (Best: 0.9439)
2024-04-22 20:27:18,346 - root - INFO - Epoch: 66 | LR: 0.0010 | Loss 0.4771 | Val MaF1: 0.9158 (Best: 0.9292) | Test MaF1: 0.9241 (Best: 0.9446) | MiF1: 0.9247 (Best: 0.9439)
2024-04-22 20:27:18,552 - root - INFO - Epoch: 67 | LR: 0.0010 | Loss 0.4711 | Val MaF1: 0.9131 (Best: 0.9292) | Test MaF1: 0.9212 (Best: 0.9446) | MiF1: 0.9222 (Best: 0.9439)
2024-04-22 20:27:18,759 - root - INFO - Epoch: 68 | LR: 0.0010 | Loss 0.4663 | Val MaF1: 0.9129 (Best: 0.9292) | Test MaF1: 0.9190 (Best: 0.9446) | MiF1: 0.9205 (Best: 0.9439)
2024-04-22 20:27:18,967 - root - INFO - Epoch: 69 | LR: 0.0010 | Loss 0.4623 | Val MaF1: 0.9132 (Best: 0.9292) | Test MaF1: 0.9183 (Best: 0.9446) | MiF1: 0.9197 (Best: 0.9439)
2024-04-22 20:27:19,171 - root - INFO - Epoch: 70 | LR: 0.0010 | Loss 0.4585 | Val MaF1: 0.9132 (Best: 0.9292) | Test MaF1: 0.9232 (Best: 0.9446) | MiF1: 0.9237 (Best: 0.9439)
2024-04-22 20:27:19,376 - root - INFO - Epoch: 71 | LR: 0.0010 | Loss 0.4535 | Val MaF1: 0.9132 (Best: 0.9292) | Test MaF1: 0.9215 (Best: 0.9446) | MiF1: 0.9222 (Best: 0.9439)
2024-04-22 20:27:19,582 - root - INFO - Epoch: 72 | LR: 0.0010 | Loss 0.4496 | Val MaF1: 0.9132 (Best: 0.9292) | Test MaF1: 0.9186 (Best: 0.9446) | MiF1: 0.9197 (Best: 0.9439)
2024-04-22 20:27:19,790 - root - INFO - Epoch: 73 | LR: 0.0010 | Loss 0.4459 | Val MaF1: 0.9132 (Best: 0.9292) | Test MaF1: 0.9184 (Best: 0.9446) | MiF1: 0.9194 (Best: 0.9439)
2024-04-22 20:27:19,997 - root - INFO - Epoch: 74 | LR: 0.0010 | Loss 0.4423 | Val MaF1: 0.9132 (Best: 0.9292) | Test MaF1: 0.9184 (Best: 0.9446) | MiF1: 0.9194 (Best: 0.9439)
2024-04-22 20:27:20,203 - root - INFO - Epoch: 75 | LR: 0.0010 | Loss 0.4376 | Val MaF1: 0.9106 (Best: 0.9292) | Test MaF1: 0.9188 (Best: 0.9446) | MiF1: 0.9197 (Best: 0.9439)
2024-04-22 20:27:20,407 - root - INFO - Epoch: 76 | LR: 0.0010 | Loss 0.4352 | Val MaF1: 0.9132 (Best: 0.9292) | Test MaF1: 0.9172 (Best: 0.9446) | MiF1: 0.9183 (Best: 0.9439)
2024-04-22 20:27:20,614 - root - INFO - Epoch: 77 | LR: 0.0010 | Loss 0.4326 | Val MaF1: 0.9132 (Best: 0.9292) | Test MaF1: 0.9185 (Best: 0.9446) | MiF1: 0.9194 (Best: 0.9439)
2024-04-22 20:27:20,819 - root - INFO - Epoch: 78 | LR: 0.0010 | Loss 0.4284 | Val MaF1: 0.9132 (Best: 0.9292) | Test MaF1: 0.9188 (Best: 0.9446) | MiF1: 0.9194 (Best: 0.9439)
2024-04-22 20:27:21,025 - root - INFO - Epoch: 79 | LR: 0.0010 | Loss 0.4253 | Val MaF1: 0.9102 (Best: 0.9292) | Test MaF1: 0.9167 (Best: 0.9446) | MiF1: 0.9176 (Best: 0.9439)
2024-04-22 20:27:21,235 - root - INFO - Epoch: 80 | LR: 0.0009 | Loss 0.4223 | Val MaF1: 0.9049 (Best: 0.9292) | Test MaF1: 0.9151 (Best: 0.9446) | MiF1: 0.9165 (Best: 0.9439)
2024-04-22 20:27:21,448 - root - INFO - Epoch: 81 | LR: 0.0009 | Loss 0.4194 | Val MaF1: 0.9102 (Best: 0.9292) | Test MaF1: 0.9150 (Best: 0.9446) | MiF1: 0.9162 (Best: 0.9439)
2024-04-22 20:27:21,658 - root - INFO - Epoch: 82 | LR: 0.0009 | Loss 0.4163 | Val MaF1: 0.9083 (Best: 0.9292) | Test MaF1: 0.9170 (Best: 0.9446) | MiF1: 0.9180 (Best: 0.9439)
2024-04-22 20:27:21,877 - root - INFO - Epoch: 83 | LR: 0.0009 | Loss 0.4139 | Val MaF1: 0.9057 (Best: 0.9292) | Test MaF1: 0.9167 (Best: 0.9446) | MiF1: 0.9176 (Best: 0.9439)
2024-04-22 20:27:22,094 - root - INFO - Epoch: 84 | LR: 0.0009 | Loss 0.4102 | Val MaF1: 0.9079 (Best: 0.9292) | Test MaF1: 0.9160 (Best: 0.9446) | MiF1: 0.9169 (Best: 0.9439)
2024-04-22 20:27:22,311 - root - INFO - Epoch: 85 | LR: 0.0009 | Loss 0.4081 | Val MaF1: 0.9102 (Best: 0.9292) | Test MaF1: 0.9142 (Best: 0.9446) | MiF1: 0.9155 (Best: 0.9439)
2024-04-22 20:27:22,526 - root - INFO - Epoch: 86 | LR: 0.0009 | Loss 0.4062 | Val MaF1: 0.9079 (Best: 0.9292) | Test MaF1: 0.9147 (Best: 0.9446) | MiF1: 0.9158 (Best: 0.9439)
2024-04-22 20:27:22,733 - root - INFO - Epoch: 87 | LR: 0.0009 | Loss 0.4036 | Val MaF1: 0.9079 (Best: 0.9292) | Test MaF1: 0.9156 (Best: 0.9446) | MiF1: 0.9165 (Best: 0.9439)
2024-04-22 20:27:22,935 - root - INFO - Epoch: 88 | LR: 0.0009 | Loss 0.4013 | Val MaF1: 0.9079 (Best: 0.9292) | Test MaF1: 0.9147 (Best: 0.9446) | MiF1: 0.9158 (Best: 0.9439)
2024-04-22 20:27:23,141 - root - INFO - Epoch: 89 | LR: 0.0009 | Loss 0.3990 | Val MaF1: 0.9135 (Best: 0.9292) | Test MaF1: 0.9142 (Best: 0.9446) | MiF1: 0.9155 (Best: 0.9439)
2024-04-22 20:27:23,347 - root - INFO - Epoch: 90 | LR: 0.0009 | Loss 0.3971 | Val MaF1: 0.9135 (Best: 0.9292) | Test MaF1: 0.9139 (Best: 0.9446) | MiF1: 0.9151 (Best: 0.9439)
2024-04-22 20:27:23,551 - root - INFO - Epoch: 91 | LR: 0.0009 | Loss 0.3948 | Val MaF1: 0.9054 (Best: 0.9292) | Test MaF1: 0.9138 (Best: 0.9446) | MiF1: 0.9151 (Best: 0.9439)
2024-04-22 20:27:23,759 - root - INFO - Epoch: 92 | LR: 0.0009 | Loss 0.3927 | Val MaF1: 0.9054 (Best: 0.9292) | Test MaF1: 0.9138 (Best: 0.9446) | MiF1: 0.9151 (Best: 0.9439)
2024-04-22 20:27:23,964 - root - INFO - Epoch: 93 | LR: 0.0009 | Loss 0.3913 | Val MaF1: 0.9111 (Best: 0.9292) | Test MaF1: 0.9138 (Best: 0.9446) | MiF1: 0.9151 (Best: 0.9439)
2024-04-22 20:27:24,169 - root - INFO - Epoch: 94 | LR: 0.0009 | Loss 0.3889 | Val MaF1: 0.9086 (Best: 0.9292) | Test MaF1: 0.9139 (Best: 0.9446) | MiF1: 0.9151 (Best: 0.9439)
2024-04-22 20:27:24,377 - root - INFO - Epoch: 95 | LR: 0.0008 | Loss 0.3867 | Val MaF1: 0.9054 (Best: 0.9292) | Test MaF1: 0.9139 (Best: 0.9446) | MiF1: 0.9151 (Best: 0.9439)
2024-04-22 20:27:24,581 - root - INFO - Epoch: 96 | LR: 0.0008 | Loss 0.3851 | Val MaF1: 0.9054 (Best: 0.9292) | Test MaF1: 0.9139 (Best: 0.9446) | MiF1: 0.9151 (Best: 0.9439)
2024-04-22 20:27:24,790 - root - INFO - Epoch: 97 | LR: 0.0008 | Loss 0.3839 | Val MaF1: 0.9111 (Best: 0.9292) | Test MaF1: 0.9136 (Best: 0.9446) | MiF1: 0.9148 (Best: 0.9439)
2024-04-22 20:27:24,995 - root - INFO - Epoch: 98 | LR: 0.0008 | Loss 0.3821 | Val MaF1: 0.9079 (Best: 0.9292) | Test MaF1: 0.9142 (Best: 0.9446) | MiF1: 0.9151 (Best: 0.9439)
2024-04-22 20:27:25,201 - root - INFO - Epoch: 99 | LR: 0.0008 | Loss 0.3800 | Val MaF1: 0.9054 (Best: 0.9292) | Test MaF1: 0.9141 (Best: 0.9446) | MiF1: 0.9151 (Best: 0.9439)
2024-04-22 20:27:25,412 - root - INFO - Epoch: 100 | LR: 0.0008 | Loss 0.3787 | Val MaF1: 0.9054 (Best: 0.9292) | Test MaF1: 0.9147 (Best: 0.9446) | MiF1: 0.9158 (Best: 0.9439)
2024-04-22 20:27:25,616 - root - INFO - Epoch: 101 | LR: 0.0008 | Loss 0.3769 | Val MaF1: 0.9086 (Best: 0.9292) | Test MaF1: 0.9119 (Best: 0.9446) | MiF1: 0.9134 (Best: 0.9439)
2024-04-22 20:27:25,824 - root - INFO - Epoch: 102 | LR: 0.0008 | Loss 0.3758 | Val MaF1: 0.9086 (Best: 0.9292) | Test MaF1: 0.9124 (Best: 0.9446) | MiF1: 0.9137 (Best: 0.9439)
2024-04-22 20:27:26,029 - root - INFO - Epoch: 103 | LR: 0.0008 | Loss 0.3736 | Val MaF1: 0.9054 (Best: 0.9292) | Test MaF1: 0.9136 (Best: 0.9446) | MiF1: 0.9144 (Best: 0.9439)
2024-04-22 20:27:26,244 - root - INFO - Epoch: 104 | LR: 0.0008 | Loss 0.3730 | Val MaF1: 0.9054 (Best: 0.9292) | Test MaF1: 0.9135 (Best: 0.9446) | MiF1: 0.9144 (Best: 0.9439)
2024-04-22 20:27:26,452 - root - INFO - Epoch: 105 | LR: 0.0008 | Loss 0.3720 | Val MaF1: 0.9054 (Best: 0.9292) | Test MaF1: 0.9124 (Best: 0.9446) | MiF1: 0.9134 (Best: 0.9439)
2024-04-22 20:27:26,657 - root - INFO - Epoch: 106 | LR: 0.0007 | Loss 0.3702 | Val MaF1: 0.9086 (Best: 0.9292) | Test MaF1: 0.9123 (Best: 0.9446) | MiF1: 0.9137 (Best: 0.9439)
2024-04-22 20:27:26,865 - root - INFO - Epoch: 107 | LR: 0.0007 | Loss 0.3695 | Val MaF1: 0.9086 (Best: 0.9292) | Test MaF1: 0.9120 (Best: 0.9446) | MiF1: 0.9134 (Best: 0.9439)
2024-04-22 20:27:27,070 - root - INFO - Epoch: 108 | LR: 0.0007 | Loss 0.3679 | Val MaF1: 0.9054 (Best: 0.9292) | Test MaF1: 0.9119 (Best: 0.9446) | MiF1: 0.9130 (Best: 0.9439)
2024-04-22 20:27:27,277 - root - INFO - Epoch: 109 | LR: 0.0007 | Loss 0.3668 | Val MaF1: 0.9054 (Best: 0.9292) | Test MaF1: 0.9116 (Best: 0.9446) | MiF1: 0.9126 (Best: 0.9439)
2024-04-22 20:27:27,485 - root - INFO - Epoch: 110 | LR: 0.0007 | Loss 0.3653 | Val MaF1: 0.9054 (Best: 0.9292) | Test MaF1: 0.9115 (Best: 0.9446) | MiF1: 0.9126 (Best: 0.9439)
2024-04-22 20:27:27,718 - root - INFO - Epoch: 111 | LR: 0.0007 | Loss 0.3642 | Val MaF1: 0.9086 (Best: 0.9292) | Test MaF1: 0.9113 (Best: 0.9446) | MiF1: 0.9126 (Best: 0.9439)
2024-04-22 20:27:27,923 - root - INFO - Epoch: 112 | LR: 0.0007 | Loss 0.3634 | Val MaF1: 0.9027 (Best: 0.9292) | Test MaF1: 0.9119 (Best: 0.9446) | MiF1: 0.9134 (Best: 0.9439)
2024-04-22 20:27:28,134 - root - INFO - Epoch: 113 | LR: 0.0007 | Loss 0.3623 | Val MaF1: 0.9054 (Best: 0.9292) | Test MaF1: 0.9119 (Best: 0.9446) | MiF1: 0.9130 (Best: 0.9439)
2024-04-22 20:27:28,346 - root - INFO - Epoch: 114 | LR: 0.0007 | Loss 0.3612 | Val MaF1: 0.9133 (Best: 0.9292) | Test MaF1: 0.9144 (Best: 0.9446) | MiF1: 0.9151 (Best: 0.9439)
2024-04-22 20:27:28,553 - root - INFO - Epoch: 115 | LR: 0.0007 | Loss 0.3597 | Val MaF1: 0.9133 (Best: 0.9292) | Test MaF1: 0.9140 (Best: 0.9446) | MiF1: 0.9148 (Best: 0.9439)
2024-04-22 20:27:28,760 - root - INFO - Epoch: 116 | LR: 0.0006 | Loss 0.3583 | Val MaF1: 0.9054 (Best: 0.9292) | Test MaF1: 0.9119 (Best: 0.9446) | MiF1: 0.9130 (Best: 0.9439)
2024-04-22 20:27:28,965 - root - INFO - Epoch: 117 | LR: 0.0006 | Loss 0.3576 | Val MaF1: 0.9027 (Best: 0.9292) | Test MaF1: 0.9120 (Best: 0.9446) | MiF1: 0.9134 (Best: 0.9439)
2024-04-22 20:27:29,169 - root - INFO - Epoch: 118 | LR: 0.0006 | Loss 0.3577 | Val MaF1: 0.9027 (Best: 0.9292) | Test MaF1: 0.9121 (Best: 0.9446) | MiF1: 0.9134 (Best: 0.9439)
2024-04-22 20:27:29,377 - root - INFO - Epoch: 119 | LR: 0.0006 | Loss 0.3571 | Val MaF1: 0.9054 (Best: 0.9292) | Test MaF1: 0.9118 (Best: 0.9446) | MiF1: 0.9130 (Best: 0.9439)
2024-04-22 20:27:29,584 - root - INFO - Epoch: 120 | LR: 0.0006 | Loss 0.3545 | Val MaF1: 0.9080 (Best: 0.9292) | Test MaF1: 0.9123 (Best: 0.9446) | MiF1: 0.9134 (Best: 0.9439)
2024-04-22 20:27:29,791 - root - INFO - Epoch: 121 | LR: 0.0006 | Loss 0.3547 | Val MaF1: 0.9133 (Best: 0.9292) | Test MaF1: 0.9131 (Best: 0.9446) | MiF1: 0.9141 (Best: 0.9439)
2024-04-22 20:27:29,995 - root - INFO - Epoch: 122 | LR: 0.0006 | Loss 0.3539 | Val MaF1: 0.9133 (Best: 0.9292) | Test MaF1: 0.9135 (Best: 0.9446) | MiF1: 0.9144 (Best: 0.9439)
2024-04-22 20:27:30,202 - root - INFO - Epoch: 123 | LR: 0.0006 | Loss 0.3525 | Val MaF1: 0.9133 (Best: 0.9292) | Test MaF1: 0.9131 (Best: 0.9446) | MiF1: 0.9141 (Best: 0.9439)
2024-04-22 20:27:30,406 - root - INFO - Epoch: 124 | LR: 0.0006 | Loss 0.3521 | Val MaF1: 0.9133 (Best: 0.9292) | Test MaF1: 0.9124 (Best: 0.9446) | MiF1: 0.9134 (Best: 0.9439)
2024-04-22 20:27:30,613 - root - INFO - Epoch: 125 | LR: 0.0005 | Loss 0.3510 | Val MaF1: 0.9027 (Best: 0.9292) | Test MaF1: 0.9119 (Best: 0.9446) | MiF1: 0.9130 (Best: 0.9439)
2024-04-22 20:27:30,820 - root - INFO - Epoch: 126 | LR: 0.0005 | Loss 0.3503 | Val MaF1: 0.9027 (Best: 0.9292) | Test MaF1: 0.9111 (Best: 0.9446) | MiF1: 0.9123 (Best: 0.9439)
2024-04-22 20:27:31,026 - root - INFO - Epoch: 127 | LR: 0.0005 | Loss 0.3507 | Val MaF1: 0.9133 (Best: 0.9292) | Test MaF1: 0.9124 (Best: 0.9446) | MiF1: 0.9134 (Best: 0.9439)
2024-04-22 20:27:31,234 - root - INFO - Epoch: 128 | LR: 0.0005 | Loss 0.3488 | Val MaF1: 0.9133 (Best: 0.9292) | Test MaF1: 0.9131 (Best: 0.9446) | MiF1: 0.9141 (Best: 0.9439)
2024-04-22 20:27:31,439 - root - INFO - Epoch: 129 | LR: 0.0005 | Loss 0.3484 | Val MaF1: 0.9133 (Best: 0.9292) | Test MaF1: 0.9131 (Best: 0.9446) | MiF1: 0.9141 (Best: 0.9439)
2024-04-22 20:27:31,645 - root - INFO - Epoch: 130 | LR: 0.0005 | Loss 0.3482 | Val MaF1: 0.9133 (Best: 0.9292) | Test MaF1: 0.9131 (Best: 0.9446) | MiF1: 0.9141 (Best: 0.9439)
2024-04-22 20:27:31,858 - root - INFO - Epoch: 131 | LR: 0.0005 | Loss 0.3477 | Val MaF1: 0.9107 (Best: 0.9292) | Test MaF1: 0.9127 (Best: 0.9446) | MiF1: 0.9137 (Best: 0.9439)
2024-04-22 20:27:32,063 - root - INFO - Epoch: 132 | LR: 0.0005 | Loss 0.3461 | Val MaF1: 0.9080 (Best: 0.9292) | Test MaF1: 0.9116 (Best: 0.9446) | MiF1: 0.9126 (Best: 0.9439)
2024-04-22 20:27:32,272 - root - INFO - Epoch: 133 | LR: 0.0005 | Loss 0.3465 | Val MaF1: 0.9080 (Best: 0.9292) | Test MaF1: 0.9112 (Best: 0.9446) | MiF1: 0.9123 (Best: 0.9439)
2024-04-22 20:27:32,475 - root - INFO - Epoch: 134 | LR: 0.0004 | Loss 0.3458 | Val MaF1: 0.9080 (Best: 0.9292) | Test MaF1: 0.9128 (Best: 0.9446) | MiF1: 0.9137 (Best: 0.9439)
2024-04-22 20:27:32,690 - root - INFO - Epoch: 135 | LR: 0.0004 | Loss 0.3456 | Val MaF1: 0.9080 (Best: 0.9292) | Test MaF1: 0.9132 (Best: 0.9446) | MiF1: 0.9141 (Best: 0.9439)
2024-04-22 20:27:32,907 - root - INFO - Epoch: 136 | LR: 0.0004 | Loss 0.3448 | Val MaF1: 0.9080 (Best: 0.9292) | Test MaF1: 0.9131 (Best: 0.9446) | MiF1: 0.9141 (Best: 0.9439)
2024-04-22 20:27:33,113 - root - INFO - Epoch: 137 | LR: 0.0004 | Loss 0.3441 | Val MaF1: 0.9133 (Best: 0.9292) | Test MaF1: 0.9131 (Best: 0.9446) | MiF1: 0.9141 (Best: 0.9439)
2024-04-22 20:27:33,322 - root - INFO - Epoch: 138 | LR: 0.0004 | Loss 0.3439 | Val MaF1: 0.9133 (Best: 0.9292) | Test MaF1: 0.9135 (Best: 0.9446) | MiF1: 0.9144 (Best: 0.9439)
2024-04-22 20:27:33,532 - root - INFO - Epoch: 139 | LR: 0.0004 | Loss 0.3430 | Val MaF1: 0.9133 (Best: 0.9292) | Test MaF1: 0.9135 (Best: 0.9446) | MiF1: 0.9144 (Best: 0.9439)
2024-04-22 20:27:33,736 - root - INFO - Epoch: 140 | LR: 0.0004 | Loss 0.3428 | Val MaF1: 0.9080 (Best: 0.9292) | Test MaF1: 0.9136 (Best: 0.9446) | MiF1: 0.9144 (Best: 0.9439)
2024-04-22 20:27:33,941 - root - INFO - Epoch: 141 | LR: 0.0004 | Loss 0.3422 | Val MaF1: 0.9054 (Best: 0.9292) | Test MaF1: 0.9113 (Best: 0.9446) | MiF1: 0.9123 (Best: 0.9439)
2024-04-22 20:27:34,145 - root - INFO - Epoch: 142 | LR: 0.0004 | Loss 0.3414 | Val MaF1: 0.9027 (Best: 0.9292) | Test MaF1: 0.9111 (Best: 0.9446) | MiF1: 0.9123 (Best: 0.9439)
2024-04-22 20:27:34,353 - root - INFO - Epoch: 143 | LR: 0.0003 | Loss 0.3412 | Val MaF1: 0.9027 (Best: 0.9292) | Test MaF1: 0.9114 (Best: 0.9446) | MiF1: 0.9126 (Best: 0.9439)
2024-04-22 20:27:34,560 - root - INFO - Epoch: 144 | LR: 0.0003 | Loss 0.3405 | Val MaF1: 0.9054 (Best: 0.9292) | Test MaF1: 0.9108 (Best: 0.9446) | MiF1: 0.9119 (Best: 0.9439)
2024-04-22 20:27:34,767 - root - INFO - Epoch: 145 | LR: 0.0003 | Loss 0.3411 | Val MaF1: 0.9054 (Best: 0.9292) | Test MaF1: 0.9113 (Best: 0.9446) | MiF1: 0.9123 (Best: 0.9439)
2024-04-22 20:27:34,973 - root - INFO - Epoch: 146 | LR: 0.0003 | Loss 0.3399 | Val MaF1: 0.9054 (Best: 0.9292) | Test MaF1: 0.9124 (Best: 0.9446) | MiF1: 0.9134 (Best: 0.9439)
2024-04-22 20:27:35,178 - root - INFO - Epoch: 147 | LR: 0.0003 | Loss 0.3391 | Val MaF1: 0.9080 (Best: 0.9292) | Test MaF1: 0.9127 (Best: 0.9446) | MiF1: 0.9137 (Best: 0.9439)
2024-04-22 20:27:35,384 - root - INFO - Epoch: 148 | LR: 0.0003 | Loss 0.3392 | Val MaF1: 0.9080 (Best: 0.9292) | Test MaF1: 0.9132 (Best: 0.9446) | MiF1: 0.9141 (Best: 0.9439)
2024-04-22 20:27:35,589 - root - INFO - Epoch: 149 | LR: 0.0003 | Loss 0.3385 | Val MaF1: 0.9054 (Best: 0.9292) | Test MaF1: 0.9121 (Best: 0.9446) | MiF1: 0.9130 (Best: 0.9439)
2024-04-22 20:27:35,796 - root - INFO - Epoch: 150 | LR: 0.0003 | Loss 0.3400 | Val MaF1: 0.9054 (Best: 0.9292) | Test MaF1: 0.9113 (Best: 0.9446) | MiF1: 0.9123 (Best: 0.9439)
2024-04-22 20:27:36,003 - root - INFO - Epoch: 151 | LR: 0.0003 | Loss 0.3386 | Val MaF1: 0.9054 (Best: 0.9292) | Test MaF1: 0.9113 (Best: 0.9446) | MiF1: 0.9123 (Best: 0.9439)
2024-04-22 20:27:36,205 - root - INFO - Epoch: 152 | LR: 0.0003 | Loss 0.3384 | Val MaF1: 0.9054 (Best: 0.9292) | Test MaF1: 0.9112 (Best: 0.9446) | MiF1: 0.9123 (Best: 0.9439)
2024-04-22 20:27:36,459 - root - INFO - Epoch: 153 | LR: 0.0002 | Loss 0.3383 | Val MaF1: 0.9054 (Best: 0.9292) | Test MaF1: 0.9118 (Best: 0.9446) | MiF1: 0.9130 (Best: 0.9439)
2024-04-22 20:27:36,662 - root - INFO - Epoch: 154 | LR: 0.0002 | Loss 0.3375 | Val MaF1: 0.9054 (Best: 0.9292) | Test MaF1: 0.9118 (Best: 0.9446) | MiF1: 0.9130 (Best: 0.9439)
2024-04-22 20:27:36,869 - root - INFO - Epoch: 155 | LR: 0.0002 | Loss 0.3367 | Val MaF1: 0.9054 (Best: 0.9292) | Test MaF1: 0.9110 (Best: 0.9446) | MiF1: 0.9123 (Best: 0.9439)
2024-04-22 20:27:37,078 - root - INFO - Epoch: 156 | LR: 0.0002 | Loss 0.3373 | Val MaF1: 0.9054 (Best: 0.9292) | Test MaF1: 0.9110 (Best: 0.9446) | MiF1: 0.9123 (Best: 0.9439)
2024-04-22 20:27:37,288 - root - INFO - Epoch: 157 | LR: 0.0002 | Loss 0.3369 | Val MaF1: 0.9054 (Best: 0.9292) | Test MaF1: 0.9114 (Best: 0.9446) | MiF1: 0.9126 (Best: 0.9439)
2024-04-22 20:27:37,501 - root - INFO - Epoch: 158 | LR: 0.0002 | Loss 0.3365 | Val MaF1: 0.9054 (Best: 0.9292) | Test MaF1: 0.9118 (Best: 0.9446) | MiF1: 0.9130 (Best: 0.9439)
2024-04-22 20:27:37,707 - root - INFO - Epoch: 159 | LR: 0.0002 | Loss 0.3365 | Val MaF1: 0.9054 (Best: 0.9292) | Test MaF1: 0.9112 (Best: 0.9446) | MiF1: 0.9123 (Best: 0.9439)
2024-04-22 20:27:37,912 - root - INFO - Epoch: 160 | LR: 0.0002 | Loss 0.3369 | Val MaF1: 0.9054 (Best: 0.9292) | Test MaF1: 0.9109 (Best: 0.9446) | MiF1: 0.9119 (Best: 0.9439)
2024-04-22 20:27:38,119 - root - INFO - Epoch: 161 | LR: 0.0002 | Loss 0.3353 | Val MaF1: 0.9054 (Best: 0.9292) | Test MaF1: 0.9117 (Best: 0.9446) | MiF1: 0.9126 (Best: 0.9439)
2024-04-22 20:27:38,324 - root - INFO - Epoch: 162 | LR: 0.0002 | Loss 0.3353 | Val MaF1: 0.9054 (Best: 0.9292) | Test MaF1: 0.9124 (Best: 0.9446) | MiF1: 0.9134 (Best: 0.9439)
2024-04-22 20:27:38,529 - root - INFO - Epoch: 163 | LR: 0.0002 | Loss 0.3356 | Val MaF1: 0.9080 (Best: 0.9292) | Test MaF1: 0.9128 (Best: 0.9446) | MiF1: 0.9137 (Best: 0.9439)
2024-04-22 20:27:38,733 - root - INFO - Epoch: 164 | LR: 0.0001 | Loss 0.3352 | Val MaF1: 0.9107 (Best: 0.9292) | Test MaF1: 0.9132 (Best: 0.9446) | MiF1: 0.9141 (Best: 0.9439)
2024-04-22 20:27:38,937 - root - INFO - Epoch: 165 | LR: 0.0001 | Loss 0.3351 | Val MaF1: 0.9107 (Best: 0.9292) | Test MaF1: 0.9132 (Best: 0.9446) | MiF1: 0.9141 (Best: 0.9439)
2024-04-22 20:27:39,143 - root - INFO - Epoch: 166 | LR: 0.0001 | Loss 0.3349 | Val MaF1: 0.9107 (Best: 0.9292) | Test MaF1: 0.9127 (Best: 0.9446) | MiF1: 0.9137 (Best: 0.9439)
2024-04-22 20:27:39,349 - root - INFO - Epoch: 167 | LR: 0.0001 | Loss 0.3352 | Val MaF1: 0.9107 (Best: 0.9292) | Test MaF1: 0.9124 (Best: 0.9446) | MiF1: 0.9134 (Best: 0.9439)
2024-04-22 20:27:39,554 - root - INFO - Epoch: 168 | LR: 0.0001 | Loss 0.3351 | Val MaF1: 0.9080 (Best: 0.9292) | Test MaF1: 0.9120 (Best: 0.9446) | MiF1: 0.9130 (Best: 0.9439)
2024-04-22 20:27:39,760 - root - INFO - Epoch: 169 | LR: 0.0001 | Loss 0.3351 | Val MaF1: 0.9080 (Best: 0.9292) | Test MaF1: 0.9120 (Best: 0.9446) | MiF1: 0.9130 (Best: 0.9439)
2024-04-22 20:27:39,964 - root - INFO - Epoch: 170 | LR: 0.0001 | Loss 0.3341 | Val MaF1: 0.9054 (Best: 0.9292) | Test MaF1: 0.9120 (Best: 0.9446) | MiF1: 0.9130 (Best: 0.9439)
2024-04-22 20:27:40,172 - root - INFO - Epoch: 171 | LR: 0.0001 | Loss 0.3343 | Val MaF1: 0.9054 (Best: 0.9292) | Test MaF1: 0.9116 (Best: 0.9446) | MiF1: 0.9126 (Best: 0.9439)
2024-04-22 20:27:40,378 - root - INFO - Epoch: 172 | LR: 0.0001 | Loss 0.3345 | Val MaF1: 0.9054 (Best: 0.9292) | Test MaF1: 0.9121 (Best: 0.9446) | MiF1: 0.9130 (Best: 0.9439)
2024-04-22 20:27:40,583 - root - INFO - Epoch: 173 | LR: 0.0001 | Loss 0.3342 | Val MaF1: 0.9054 (Best: 0.9292) | Test MaF1: 0.9121 (Best: 0.9446) | MiF1: 0.9130 (Best: 0.9439)
2024-04-22 20:27:40,791 - root - INFO - Epoch: 174 | LR: 0.0001 | Loss 0.3346 | Val MaF1: 0.9054 (Best: 0.9292) | Test MaF1: 0.9113 (Best: 0.9446) | MiF1: 0.9123 (Best: 0.9439)
2024-04-22 20:27:40,996 - root - INFO - Epoch: 175 | LR: 0.0001 | Loss 0.3339 | Val MaF1: 0.9054 (Best: 0.9292) | Test MaF1: 0.9109 (Best: 0.9446) | MiF1: 0.9119 (Best: 0.9439)
2024-04-22 20:27:41,204 - root - INFO - Epoch: 176 | LR: 0.0001 | Loss 0.3341 | Val MaF1: 0.9054 (Best: 0.9292) | Test MaF1: 0.9112 (Best: 0.9446) | MiF1: 0.9123 (Best: 0.9439)
2024-04-22 20:27:41,413 - root - INFO - Epoch: 177 | LR: 0.0001 | Loss 0.3343 | Val MaF1: 0.9054 (Best: 0.9292) | Test MaF1: 0.9115 (Best: 0.9446) | MiF1: 0.9126 (Best: 0.9439)
2024-04-22 20:27:41,619 - root - INFO - Epoch: 178 | LR: 0.0001 | Loss 0.3343 | Val MaF1: 0.9054 (Best: 0.9292) | Test MaF1: 0.9115 (Best: 0.9446) | MiF1: 0.9126 (Best: 0.9439)
2024-04-22 20:27:41,826 - root - INFO - Epoch: 179 | LR: 0.0000 | Loss 0.3329 | Val MaF1: 0.9054 (Best: 0.9292) | Test MaF1: 0.9115 (Best: 0.9446) | MiF1: 0.9126 (Best: 0.9439)
2024-04-22 20:27:42,031 - root - INFO - Epoch: 180 | LR: 0.0000 | Loss 0.3337 | Val MaF1: 0.9054 (Best: 0.9292) | Test MaF1: 0.9116 (Best: 0.9446) | MiF1: 0.9126 (Best: 0.9439)
2024-04-22 20:27:42,236 - root - INFO - Epoch: 181 | LR: 0.0000 | Loss 0.3338 | Val MaF1: 0.9054 (Best: 0.9292) | Test MaF1: 0.9112 (Best: 0.9446) | MiF1: 0.9123 (Best: 0.9439)
2024-04-22 20:27:42,440 - root - INFO - Epoch: 182 | LR: 0.0000 | Loss 0.3331 | Val MaF1: 0.9054 (Best: 0.9292) | Test MaF1: 0.9112 (Best: 0.9446) | MiF1: 0.9123 (Best: 0.9439)
2024-04-22 20:27:42,647 - root - INFO - Epoch: 183 | LR: 0.0000 | Loss 0.3337 | Val MaF1: 0.9054 (Best: 0.9292) | Test MaF1: 0.9112 (Best: 0.9446) | MiF1: 0.9123 (Best: 0.9439)
2024-04-22 20:27:42,852 - root - INFO - Epoch: 184 | LR: 0.0000 | Loss 0.3339 | Val MaF1: 0.9054 (Best: 0.9292) | Test MaF1: 0.9113 (Best: 0.9446) | MiF1: 0.9123 (Best: 0.9439)
2024-04-22 20:27:43,056 - root - INFO - Epoch: 185 | LR: 0.0000 | Loss 0.3336 | Val MaF1: 0.9054 (Best: 0.9292) | Test MaF1: 0.9113 (Best: 0.9446) | MiF1: 0.9123 (Best: 0.9439)
2024-04-22 20:27:43,263 - root - INFO - Epoch: 186 | LR: 0.0000 | Loss 0.3334 | Val MaF1: 0.9054 (Best: 0.9292) | Test MaF1: 0.9113 (Best: 0.9446) | MiF1: 0.9123 (Best: 0.9439)
2024-04-22 20:27:43,469 - root - INFO - Epoch: 187 | LR: 0.0000 | Loss 0.3332 | Val MaF1: 0.9054 (Best: 0.9292) | Test MaF1: 0.9113 (Best: 0.9446) | MiF1: 0.9123 (Best: 0.9439)
2024-04-22 20:27:43,674 - root - INFO - Epoch: 188 | LR: 0.0000 | Loss 0.3334 | Val MaF1: 0.9054 (Best: 0.9292) | Test MaF1: 0.9117 (Best: 0.9446) | MiF1: 0.9126 (Best: 0.9439)
2024-04-22 20:27:43,881 - root - INFO - Epoch: 189 | LR: 0.0000 | Loss 0.3337 | Val MaF1: 0.9054 (Best: 0.9292) | Test MaF1: 0.9117 (Best: 0.9446) | MiF1: 0.9126 (Best: 0.9439)
2024-04-22 20:27:44,085 - root - INFO - Epoch: 190 | LR: 0.0000 | Loss 0.3331 | Val MaF1: 0.9054 (Best: 0.9292) | Test MaF1: 0.9121 (Best: 0.9446) | MiF1: 0.9130 (Best: 0.9439)
2024-04-22 20:27:44,294 - root - INFO - Epoch: 191 | LR: 0.0000 | Loss 0.3333 | Val MaF1: 0.9054 (Best: 0.9292) | Test MaF1: 0.9121 (Best: 0.9446) | MiF1: 0.9130 (Best: 0.9439)
2024-04-22 20:27:44,500 - root - INFO - Epoch: 192 | LR: 0.0000 | Loss 0.3333 | Val MaF1: 0.9054 (Best: 0.9292) | Test MaF1: 0.9121 (Best: 0.9446) | MiF1: 0.9130 (Best: 0.9439)
2024-04-22 20:27:44,703 - root - INFO - Epoch: 193 | LR: 0.0000 | Loss 0.3334 | Val MaF1: 0.9054 (Best: 0.9292) | Test MaF1: 0.9121 (Best: 0.9446) | MiF1: 0.9130 (Best: 0.9439)
2024-04-22 20:27:44,907 - root - INFO - Epoch: 194 | LR: 0.0000 | Loss 0.3328 | Val MaF1: 0.9054 (Best: 0.9292) | Test MaF1: 0.9121 (Best: 0.9446) | MiF1: 0.9130 (Best: 0.9439)
2024-04-22 20:27:45,119 - root - INFO - Epoch: 195 | LR: 0.0000 | Loss 0.3334 | Val MaF1: 0.9054 (Best: 0.9292) | Test MaF1: 0.9121 (Best: 0.9446) | MiF1: 0.9130 (Best: 0.9439)
2024-04-22 20:27:45,325 - root - INFO - Epoch: 196 | LR: 0.0000 | Loss 0.3333 | Val MaF1: 0.9054 (Best: 0.9292) | Test MaF1: 0.9121 (Best: 0.9446) | MiF1: 0.9130 (Best: 0.9439)
2024-04-22 20:27:45,536 - root - INFO - Epoch: 197 | LR: 0.0000 | Loss 0.3333 | Val MaF1: 0.9054 (Best: 0.9292) | Test MaF1: 0.9121 (Best: 0.9446) | MiF1: 0.9130 (Best: 0.9439)
2024-04-22 20:27:45,740 - root - INFO - Epoch: 198 | LR: 0.0000 | Loss 0.3335 | Val MaF1: 0.9054 (Best: 0.9292) | Test MaF1: 0.9121 (Best: 0.9446) | MiF1: 0.9130 (Best: 0.9439)
2024-04-22 20:27:45,945 - root - INFO - Epoch: 199 | LR: 0.0000 | Loss 0.3328 | Val MaF1: 0.9054 (Best: 0.9292) | Test MaF1: 0.9121 (Best: 0.9446) | MiF1: 0.9130 (Best: 0.9439)
2024-04-22 20:27:46,152 - root - INFO - Epoch: 200 | LR: 0.0000 | Loss 0.3331 | Val MaF1: 0.9054 (Best: 0.9292) | Test MaF1: 0.9121 (Best: 0.9446) | MiF1: 0.9130 (Best: 0.9439)
2024-04-22 20:27:46,152 - root - INFO - Best Epoch: 42 | Train MiF1: 0.9790,  MaF1: 0.9795 | Val MiF1: 0.9302, MaF1: 0.9292 | Test MaF1: 0.9446, MiF1: 0.9439
2024-04-22 20:27:46,303 - root - INFO - ARI: 0.8380 | NMI: 0.7908
