2024-04-17 23:34:41,104 - root - INFO - {'prefix': 'SR-HGN', 'gpu': 0, 'feat': 1, 'seed': 0, 'verbose': 1, 'train_split': 0.2, 'val_split': 0.3, 'num_type_heads': 4, 'num_node_heads': 4, 'hidden_dim': 512, 'clip': 1.0, 'num_layers': 3, 'alpha': 0.5, 'epochs': 30, 'dataset': 'acm', 'input_dim': 256, 'aggregate': 'concat', 'iscuda': False, 'cluster': True, 'max_lr': 0.001, 'weight_decay': 1e-05, 'heads': 8, 'han_heads': [4], 'hh_heads': 3, 'dropout': 0.2}
2024-04-17 23:34:42,062 - root - INFO - Training SR-HGN with #param: 105014931
2024-04-17 23:35:38,812 - root - INFO - Epoch: 1 | LR: 0.0001 | Loss 1.1019 | Val MaF1: 0.2204 (Best: 0.2204) | Test MaF1: 0.2210 (Best: 0.2210) | MiF1: 0.4957 (Best: 0.4957)
2024-04-17 23:36:39,099 - root - INFO - Epoch: 2 | LR: 0.0002 | Loss 1.0579 | Val MaF1: 0.2204 (Best: 0.2204) | Test MaF1: 0.2210 (Best: 0.2210) | MiF1: 0.4957 (Best: 0.4957)
2024-04-17 23:37:34,774 - root - INFO - Epoch: 3 | LR: 0.0003 | Loss 1.0189 | Val MaF1: 0.2204 (Best: 0.2204) | Test MaF1: 0.2210 (Best: 0.2210) | MiF1: 0.4957 (Best: 0.4957)
2024-04-17 23:38:24,215 - root - INFO - Epoch: 4 | LR: 0.0005 | Loss 0.9900 | Val MaF1: 0.2204 (Best: 0.2204) | Test MaF1: 0.2210 (Best: 0.2210) | MiF1: 0.4957 (Best: 0.4957)
2024-04-17 23:39:14,707 - root - INFO - Epoch: 5 | LR: 0.0007 | Loss 0.9019 | Val MaF1: 0.2275 (Best: 0.2275) | Test MaF1: 0.2261 (Best: 0.2261) | MiF1: 0.4975 (Best: 0.4975)
2024-04-17 23:40:11,144 - root - INFO - Epoch: 6 | LR: 0.0009 | Loss 0.8880 | Val MaF1: 0.3813 (Best: 0.3813) | Test MaF1: 0.3605 (Best: 0.3605) | MiF1: 0.5526 (Best: 0.5526)
2024-04-17 23:41:02,206 - root - INFO - Epoch: 7 | LR: 0.0010 | Loss 0.7498 | Val MaF1: 0.8484 (Best: 0.8484) | Test MaF1: 0.8438 (Best: 0.8438) | MiF1: 0.8548 (Best: 0.8548)
2024-04-17 23:41:51,913 - root - INFO - Epoch: 8 | LR: 0.0010 | Loss 0.7066 | Val MaF1: 0.8534 (Best: 0.8534) | Test MaF1: 0.8661 (Best: 0.8661) | MiF1: 0.8757 (Best: 0.8757)
2024-04-17 23:42:55,294 - root - INFO - Epoch: 9 | LR: 0.0010 | Loss 0.6389 | Val MaF1: 0.9027 (Best: 0.9027) | Test MaF1: 0.9169 (Best: 0.9169) | MiF1: 0.9187 (Best: 0.9187)
2024-04-17 23:43:47,440 - root - INFO - Epoch: 10 | LR: 0.0010 | Loss 0.5605 | Val MaF1: 0.9312 (Best: 0.9312) | Test MaF1: 0.9332 (Best: 0.9332) | MiF1: 0.9336 (Best: 0.9336)
2024-04-17 23:44:35,865 - root - INFO - Epoch: 11 | LR: 0.0010 | Loss 0.5225 | Val MaF1: 0.9399 (Best: 0.9399) | Test MaF1: 0.9425 (Best: 0.9425) | MiF1: 0.9421 (Best: 0.9421)
2024-04-17 23:45:22,974 - root - INFO - Epoch: 12 | LR: 0.0009 | Loss 0.4807 | Val MaF1: 0.9375 (Best: 0.9399) | Test MaF1: 0.9406 (Best: 0.9425) | MiF1: 0.9400 (Best: 0.9421)
2024-04-17 23:46:09,225 - root - INFO - Epoch: 13 | LR: 0.0009 | Loss 0.4510 | Val MaF1: 0.9383 (Best: 0.9399) | Test MaF1: 0.9379 (Best: 0.9425) | MiF1: 0.9379 (Best: 0.9421)
2024-04-17 23:46:54,705 - root - INFO - Epoch: 14 | LR: 0.0008 | Loss 0.4389 | Val MaF1: 0.9387 (Best: 0.9399) | Test MaF1: 0.9374 (Best: 0.9425) | MiF1: 0.9379 (Best: 0.9421)
2024-04-17 23:47:40,421 - root - INFO - Epoch: 15 | LR: 0.0008 | Loss 0.4203 | Val MaF1: 0.9388 (Best: 0.9399) | Test MaF1: 0.9389 (Best: 0.9425) | MiF1: 0.9393 (Best: 0.9421)
2024-04-17 23:48:33,186 - root - INFO - Epoch: 16 | LR: 0.0007 | Loss 0.4090 | Val MaF1: 0.9488 (Best: 0.9488) | Test MaF1: 0.9438 (Best: 0.9438) | MiF1: 0.9439 (Best: 0.9439)
2024-04-17 23:49:25,409 - root - INFO - Epoch: 17 | LR: 0.0006 | Loss 0.3995 | Val MaF1: 0.9444 (Best: 0.9488) | Test MaF1: 0.9413 (Best: 0.9438) | MiF1: 0.9414 (Best: 0.9439)
2024-04-17 23:50:27,613 - root - INFO - Epoch: 18 | LR: 0.0005 | Loss 0.3956 | Val MaF1: 0.9395 (Best: 0.9488) | Test MaF1: 0.9411 (Best: 0.9438) | MiF1: 0.9411 (Best: 0.9439)
2024-04-17 23:51:19,088 - root - INFO - Epoch: 19 | LR: 0.0005 | Loss 0.3922 | Val MaF1: 0.9395 (Best: 0.9488) | Test MaF1: 0.9409 (Best: 0.9438) | MiF1: 0.9411 (Best: 0.9439)
2024-04-17 23:52:08,043 - root - INFO - Epoch: 20 | LR: 0.0004 | Loss 0.3898 | Val MaF1: 0.9464 (Best: 0.9488) | Test MaF1: 0.9385 (Best: 0.9438) | MiF1: 0.9389 (Best: 0.9439)
2024-04-17 23:53:02,055 - root - INFO - Epoch: 21 | LR: 0.0003 | Loss 0.3857 | Val MaF1: 0.9462 (Best: 0.9488) | Test MaF1: 0.9372 (Best: 0.9438) | MiF1: 0.9379 (Best: 0.9439)
2024-04-17 23:53:55,215 - root - INFO - Epoch: 22 | LR: 0.0003 | Loss 0.3835 | Val MaF1: 0.9462 (Best: 0.9488) | Test MaF1: 0.9358 (Best: 0.9438) | MiF1: 0.9364 (Best: 0.9439)
2024-04-17 23:54:45,116 - root - INFO - Epoch: 23 | LR: 0.0002 | Loss 0.3809 | Val MaF1: 0.9461 (Best: 0.9488) | Test MaF1: 0.9358 (Best: 0.9438) | MiF1: 0.9364 (Best: 0.9439)
2024-04-17 23:55:36,640 - root - INFO - Epoch: 24 | LR: 0.0001 | Loss 0.3789 | Val MaF1: 0.9461 (Best: 0.9488) | Test MaF1: 0.9361 (Best: 0.9438) | MiF1: 0.9368 (Best: 0.9439)
2024-04-17 23:56:25,332 - root - INFO - Epoch: 25 | LR: 0.0001 | Loss 0.3779 | Val MaF1: 0.9438 (Best: 0.9488) | Test MaF1: 0.9361 (Best: 0.9438) | MiF1: 0.9368 (Best: 0.9439)
2024-04-17 23:57:18,450 - root - INFO - Epoch: 26 | LR: 0.0000 | Loss 0.3764 | Val MaF1: 0.9414 (Best: 0.9488) | Test MaF1: 0.9361 (Best: 0.9438) | MiF1: 0.9368 (Best: 0.9439)
2024-04-17 23:58:09,408 - root - INFO - Epoch: 27 | LR: 0.0000 | Loss 0.3763 | Val MaF1: 0.9440 (Best: 0.9488) | Test MaF1: 0.9365 (Best: 0.9438) | MiF1: 0.9371 (Best: 0.9439)
2024-04-17 23:58:55,558 - root - INFO - Epoch: 28 | LR: 0.0000 | Loss 0.3759 | Val MaF1: 0.9440 (Best: 0.9488) | Test MaF1: 0.9365 (Best: 0.9438) | MiF1: 0.9371 (Best: 0.9439)
2024-04-17 23:59:40,869 - root - INFO - Epoch: 29 | LR: 0.0000 | Loss 0.3755 | Val MaF1: 0.9440 (Best: 0.9488) | Test MaF1: 0.9365 (Best: 0.9438) | MiF1: 0.9371 (Best: 0.9439)
2024-04-18 00:00:27,649 - root - INFO - Epoch: 30 | LR: 0.0000 | Loss 0.3750 | Val MaF1: 0.9440 (Best: 0.9488) | Test MaF1: 0.9365 (Best: 0.9438) | MiF1: 0.9371 (Best: 0.9439)
2024-04-18 00:00:28,162 - root - INFO - Best Epoch: 16 | Train MiF1: 0.9740,  MaF1: 0.9744 | Val MiF1: 0.9476, MaF1: 0.9488 | Test MaF1: 0.9438, MiF1: 0.9439
2024-04-18 00:00:40,261 - root - INFO - ARI: 0.8421 | NMI: 0.7918
