2024-04-18 00:42:47,899 - root - INFO - {'prefix': 'SR-HGN', 'gpu': 0, 'feat': 1, 'seed': 0, 'verbose': 1, 'train_split': 0.2, 'val_split': 0.3, 'num_type_heads': 4, 'num_node_heads': 4, 'hidden_dim': 16, 'clip': 1.0, 'num_layers': 3, 'alpha': 0.5, 'epochs': 80, 'dataset': 'dblp', 'input_dim': 256, 'aggregate': 'concat', 'iscuda': False, 'cluster': True, 'max_lr': 0.001, 'weight_decay': 1e-05, 'heads': 8, 'han_heads': [4], 'hh_heads': 3, 'dropout': 0.2}
2024-04-18 00:42:48,890 - root - INFO - Training SR-HGN with #param: 974494
2024-04-18 00:43:01,434 - root - INFO - Epoch: 1 | LR: 0.0000 | Loss 1.3943 | Val MaF1: 0.0990 (Best: 0.0990) | Test MaF1: 0.0994 (Best: 0.0994) | MiF1: 0.2480 (Best: 0.2480)
2024-04-18 00:43:11,643 - root - INFO - Epoch: 2 | LR: 0.0001 | Loss 1.3898 | Val MaF1: 0.0990 (Best: 0.0990) | Test MaF1: 0.1000 (Best: 0.1000) | MiF1: 0.2483 (Best: 0.2483)
2024-04-18 00:43:21,693 - root - INFO - Epoch: 3 | LR: 0.0001 | Loss 1.3897 | Val MaF1: 0.0992 (Best: 0.0992) | Test MaF1: 0.1006 (Best: 0.1006) | MiF1: 0.2487 (Best: 0.2487)
2024-04-18 00:43:31,240 - root - INFO - Epoch: 4 | LR: 0.0001 | Loss 1.3863 | Val MaF1: 0.1035 (Best: 0.0992) | Test MaF1: 0.1006 (Best: 0.1006) | MiF1: 0.2487 (Best: 0.2487)
2024-04-18 00:43:41,039 - root - INFO - Epoch: 5 | LR: 0.0001 | Loss 1.3884 | Val MaF1: 0.1035 (Best: 0.1035) | Test MaF1: 0.1019 (Best: 0.1019) | MiF1: 0.2494 (Best: 0.2494)
2024-04-18 00:43:50,775 - root - INFO - Epoch: 6 | LR: 0.0002 | Loss 1.3848 | Val MaF1: 0.1078 (Best: 0.1078) | Test MaF1: 0.1049 (Best: 0.1049) | MiF1: 0.2511 (Best: 0.2511)
2024-04-18 00:44:00,598 - root - INFO - Epoch: 7 | LR: 0.0002 | Loss 1.3887 | Val MaF1: 0.1202 (Best: 0.1202) | Test MaF1: 0.1122 (Best: 0.1122) | MiF1: 0.2554 (Best: 0.2554)
2024-04-18 00:44:10,437 - root - INFO - Epoch: 8 | LR: 0.0003 | Loss 1.3766 | Val MaF1: 0.1321 (Best: 0.1321) | Test MaF1: 0.1333 (Best: 0.1333) | MiF1: 0.2684 (Best: 0.2684)
2024-04-18 00:44:20,212 - root - INFO - Epoch: 9 | LR: 0.0004 | Loss 1.3747 | Val MaF1: 0.1701 (Best: 0.1701) | Test MaF1: 0.1673 (Best: 0.1673) | MiF1: 0.2920 (Best: 0.2920)
2024-04-18 00:44:29,919 - root - INFO - Epoch: 10 | LR: 0.0004 | Loss 1.3680 | Val MaF1: 0.2511 (Best: 0.2511) | Test MaF1: 0.2305 (Best: 0.2305) | MiF1: 0.3484 (Best: 0.3484)
2024-04-18 00:44:39,700 - root - INFO - Epoch: 11 | LR: 0.0005 | Loss 1.3631 | Val MaF1: 0.3099 (Best: 0.3099) | Test MaF1: 0.2965 (Best: 0.2965) | MiF1: 0.4382 (Best: 0.4382)
2024-04-18 00:44:51,446 - root - INFO - Epoch: 12 | LR: 0.0006 | Loss 1.3579 | Val MaF1: 0.3185 (Best: 0.3185) | Test MaF1: 0.3200 (Best: 0.3200) | MiF1: 0.4921 (Best: 0.4921)
2024-04-18 00:45:02,533 - root - INFO - Epoch: 13 | LR: 0.0006 | Loss 1.3500 | Val MaF1: 0.3256 (Best: 0.3256) | Test MaF1: 0.3202 (Best: 0.3202) | MiF1: 0.4914 (Best: 0.4914)
2024-04-18 00:45:12,768 - root - INFO - Epoch: 14 | LR: 0.0007 | Loss 1.3411 | Val MaF1: 0.3156 (Best: 0.3156) | Test MaF1: 0.3224 (Best: 0.3224) | MiF1: 0.4664 (Best: 0.4664)
2024-04-18 00:45:22,493 - root - INFO - Epoch: 15 | LR: 0.0007 | Loss 1.3313 | Val MaF1: 0.3338 (Best: 0.3338) | Test MaF1: 0.3293 (Best: 0.3293) | MiF1: 0.4449 (Best: 0.4449)
2024-04-18 00:45:32,186 - root - INFO - Epoch: 16 | LR: 0.0008 | Loss 1.3284 | Val MaF1: 0.3535 (Best: 0.3535) | Test MaF1: 0.3436 (Best: 0.3436) | MiF1: 0.4417 (Best: 0.4417)
2024-04-18 00:45:42,134 - root - INFO - Epoch: 17 | LR: 0.0008 | Loss 1.3057 | Val MaF1: 0.4250 (Best: 0.4250) | Test MaF1: 0.3975 (Best: 0.3975) | MiF1: 0.4847 (Best: 0.4847)
2024-04-18 00:45:52,053 - root - INFO - Epoch: 18 | LR: 0.0009 | Loss 1.2977 | Val MaF1: 0.4684 (Best: 0.4684) | Test MaF1: 0.4511 (Best: 0.4511) | MiF1: 0.5407 (Best: 0.5407)
2024-04-18 00:46:02,295 - root - INFO - Epoch: 19 | LR: 0.0009 | Loss 1.2886 | Val MaF1: 0.5329 (Best: 0.5329) | Test MaF1: 0.5090 (Best: 0.5090) | MiF1: 0.6101 (Best: 0.6101)
2024-04-18 00:46:12,175 - root - INFO - Epoch: 20 | LR: 0.0010 | Loss 1.2684 | Val MaF1: 0.5607 (Best: 0.5607) | Test MaF1: 0.5510 (Best: 0.5510) | MiF1: 0.6619 (Best: 0.6619)
2024-04-18 00:46:21,999 - root - INFO - Epoch: 21 | LR: 0.0010 | Loss 1.2493 | Val MaF1: 0.5855 (Best: 0.5855) | Test MaF1: 0.5869 (Best: 0.5869) | MiF1: 0.7052 (Best: 0.7052)
2024-04-18 00:46:31,919 - root - INFO - Epoch: 22 | LR: 0.0010 | Loss 1.2301 | Val MaF1: 0.6142 (Best: 0.6142) | Test MaF1: 0.6095 (Best: 0.6095) | MiF1: 0.7312 (Best: 0.7312)
2024-04-18 00:46:41,706 - root - INFO - Epoch: 23 | LR: 0.0010 | Loss 1.2091 | Val MaF1: 0.6474 (Best: 0.6474) | Test MaF1: 0.6399 (Best: 0.6399) | MiF1: 0.7591 (Best: 0.7591)
2024-04-18 00:46:51,505 - root - INFO - Epoch: 24 | LR: 0.0010 | Loss 1.1844 | Val MaF1: 0.6929 (Best: 0.6929) | Test MaF1: 0.6941 (Best: 0.6941) | MiF1: 0.7865 (Best: 0.7865)
2024-04-18 00:47:01,269 - root - INFO - Epoch: 25 | LR: 0.0010 | Loss 1.1526 | Val MaF1: 0.7348 (Best: 0.7348) | Test MaF1: 0.7608 (Best: 0.7608) | MiF1: 0.8200 (Best: 0.8200)
2024-04-18 00:47:11,491 - root - INFO - Epoch: 26 | LR: 0.0010 | Loss 1.1199 | Val MaF1: 0.8223 (Best: 0.8223) | Test MaF1: 0.8218 (Best: 0.8218) | MiF1: 0.8556 (Best: 0.8556)
2024-04-18 00:47:21,454 - root - INFO - Epoch: 27 | LR: 0.0010 | Loss 1.0914 | Val MaF1: 0.8666 (Best: 0.8666) | Test MaF1: 0.8583 (Best: 0.8583) | MiF1: 0.8799 (Best: 0.8799)
2024-04-18 00:47:31,507 - root - INFO - Epoch: 28 | LR: 0.0010 | Loss 1.0667 | Val MaF1: 0.8970 (Best: 0.8970) | Test MaF1: 0.8790 (Best: 0.8790) | MiF1: 0.8943 (Best: 0.8943)
2024-04-18 00:47:41,684 - root - INFO - Epoch: 29 | LR: 0.0010 | Loss 1.0251 | Val MaF1: 0.9068 (Best: 0.9068) | Test MaF1: 0.8956 (Best: 0.8956) | MiF1: 0.9063 (Best: 0.9063)
2024-04-18 00:47:51,504 - root - INFO - Epoch: 30 | LR: 0.0010 | Loss 1.0009 | Val MaF1: 0.9100 (Best: 0.9100) | Test MaF1: 0.9037 (Best: 0.9037) | MiF1: 0.9133 (Best: 0.9133)
2024-04-18 00:48:01,982 - root - INFO - Epoch: 31 | LR: 0.0010 | Loss 0.9713 | Val MaF1: 0.9132 (Best: 0.9132) | Test MaF1: 0.9069 (Best: 0.9069) | MiF1: 0.9158 (Best: 0.9158)
2024-04-18 00:48:11,921 - root - INFO - Epoch: 32 | LR: 0.0009 | Loss 0.9441 | Val MaF1: 0.9158 (Best: 0.9158) | Test MaF1: 0.9111 (Best: 0.9111) | MiF1: 0.9193 (Best: 0.9193)
2024-04-18 00:48:22,067 - root - INFO - Epoch: 33 | LR: 0.0009 | Loss 0.9150 | Val MaF1: 0.9205 (Best: 0.9205) | Test MaF1: 0.9117 (Best: 0.9117) | MiF1: 0.9200 (Best: 0.9200)
2024-04-18 00:48:32,217 - root - INFO - Epoch: 34 | LR: 0.0009 | Loss 0.8925 | Val MaF1: 0.9226 (Best: 0.9226) | Test MaF1: 0.9144 (Best: 0.9144) | MiF1: 0.9222 (Best: 0.9222)
2024-04-18 00:48:42,596 - root - INFO - Epoch: 35 | LR: 0.0009 | Loss 0.8682 | Val MaF1: 0.9228 (Best: 0.9228) | Test MaF1: 0.9168 (Best: 0.9168) | MiF1: 0.9243 (Best: 0.9243)
2024-04-18 00:48:52,703 - root - INFO - Epoch: 36 | LR: 0.0009 | Loss 0.8476 | Val MaF1: 0.9233 (Best: 0.9233) | Test MaF1: 0.9185 (Best: 0.9185) | MiF1: 0.9257 (Best: 0.9257)
2024-04-18 00:49:02,735 - root - INFO - Epoch: 37 | LR: 0.0009 | Loss 0.8278 | Val MaF1: 0.9233 (Best: 0.9233) | Test MaF1: 0.9221 (Best: 0.9221) | MiF1: 0.9288 (Best: 0.9288)
2024-04-18 00:49:12,954 - root - INFO - Epoch: 38 | LR: 0.0008 | Loss 0.8108 | Val MaF1: 0.9233 (Best: 0.9233) | Test MaF1: 0.9254 (Best: 0.9254) | MiF1: 0.9317 (Best: 0.9317)
2024-04-18 00:49:23,246 - root - INFO - Epoch: 39 | LR: 0.0008 | Loss 0.7951 | Val MaF1: 0.9233 (Best: 0.9233) | Test MaF1: 0.9251 (Best: 0.9254) | MiF1: 0.9317 (Best: 0.9317)
2024-04-18 00:49:33,423 - root - INFO - Epoch: 40 | LR: 0.0008 | Loss 0.7784 | Val MaF1: 0.9229 (Best: 0.9229) | Test MaF1: 0.9267 (Best: 0.9267) | MiF1: 0.9334 (Best: 0.9334)
2024-04-18 00:49:43,462 - root - INFO - Epoch: 41 | LR: 0.0008 | Loss 0.7602 | Val MaF1: 0.9198 (Best: 0.9198) | Test MaF1: 0.9272 (Best: 0.9272) | MiF1: 0.9341 (Best: 0.9341)
2024-04-18 00:49:53,374 - root - INFO - Epoch: 42 | LR: 0.0007 | Loss 0.7528 | Val MaF1: 0.9198 (Best: 0.9198) | Test MaF1: 0.9284 (Best: 0.9284) | MiF1: 0.9352 (Best: 0.9352)
2024-04-18 00:50:03,486 - root - INFO - Epoch: 43 | LR: 0.0007 | Loss 0.7426 | Val MaF1: 0.9198 (Best: 0.9198) | Test MaF1: 0.9304 (Best: 0.9304) | MiF1: 0.9366 (Best: 0.9366)
2024-04-18 00:50:13,559 - root - INFO - Epoch: 44 | LR: 0.0007 | Loss 0.7312 | Val MaF1: 0.9198 (Best: 0.9198) | Test MaF1: 0.9307 (Best: 0.9307) | MiF1: 0.9369 (Best: 0.9369)
2024-04-18 00:50:23,626 - root - INFO - Epoch: 45 | LR: 0.0007 | Loss 0.7180 | Val MaF1: 0.9198 (Best: 0.9198) | Test MaF1: 0.9305 (Best: 0.9307) | MiF1: 0.9369 (Best: 0.9369)
2024-04-18 00:50:33,555 - root - INFO - Epoch: 46 | LR: 0.0006 | Loss 0.7173 | Val MaF1: 0.9198 (Best: 0.9198) | Test MaF1: 0.9324 (Best: 0.9324) | MiF1: 0.9384 (Best: 0.9384)
2024-04-18 00:50:43,741 - root - INFO - Epoch: 47 | LR: 0.0006 | Loss 0.7031 | Val MaF1: 0.9260 (Best: 0.9198) | Test MaF1: 0.9316 (Best: 0.9324) | MiF1: 0.9373 (Best: 0.9384)
2024-04-18 00:50:53,924 - root - INFO - Epoch: 48 | LR: 0.0006 | Loss 0.6944 | Val MaF1: 0.9260 (Best: 0.9260) | Test MaF1: 0.9327 (Best: 0.9327) | MiF1: 0.9384 (Best: 0.9384)
2024-04-18 00:51:04,050 - root - INFO - Epoch: 49 | LR: 0.0006 | Loss 0.6908 | Val MaF1: 0.9300 (Best: 0.9300) | Test MaF1: 0.9335 (Best: 0.9335) | MiF1: 0.9391 (Best: 0.9391)
2024-04-18 00:51:14,168 - root - INFO - Epoch: 50 | LR: 0.0005 | Loss 0.6812 | Val MaF1: 0.9361 (Best: 0.9361) | Test MaF1: 0.9349 (Best: 0.9349) | MiF1: 0.9401 (Best: 0.9401)
2024-04-18 00:51:24,159 - root - INFO - Epoch: 51 | LR: 0.0005 | Loss 0.6811 | Val MaF1: 0.9356 (Best: 0.9356) | Test MaF1: 0.9359 (Best: 0.9359) | MiF1: 0.9408 (Best: 0.9408)
2024-04-18 00:51:34,102 - root - INFO - Epoch: 52 | LR: 0.0005 | Loss 0.6762 | Val MaF1: 0.9334 (Best: 0.9356) | Test MaF1: 0.9351 (Best: 0.9359) | MiF1: 0.9401 (Best: 0.9408)
2024-04-18 00:51:44,112 - root - INFO - Epoch: 53 | LR: 0.0004 | Loss 0.6690 | Val MaF1: 0.9334 (Best: 0.9356) | Test MaF1: 0.9349 (Best: 0.9359) | MiF1: 0.9398 (Best: 0.9408)
2024-04-18 00:51:54,258 - root - INFO - Epoch: 54 | LR: 0.0004 | Loss 0.6643 | Val MaF1: 0.9334 (Best: 0.9356) | Test MaF1: 0.9349 (Best: 0.9359) | MiF1: 0.9398 (Best: 0.9408)
2024-04-18 00:52:04,420 - root - INFO - Epoch: 55 | LR: 0.0004 | Loss 0.6646 | Val MaF1: 0.9334 (Best: 0.9356) | Test MaF1: 0.9333 (Best: 0.9359) | MiF1: 0.9384 (Best: 0.9408)
2024-04-18 00:52:14,418 - root - INFO - Epoch: 56 | LR: 0.0004 | Loss 0.6619 | Val MaF1: 0.9334 (Best: 0.9356) | Test MaF1: 0.9341 (Best: 0.9359) | MiF1: 0.9391 (Best: 0.9408)
2024-04-18 00:52:24,558 - root - INFO - Epoch: 57 | LR: 0.0003 | Loss 0.6539 | Val MaF1: 0.9334 (Best: 0.9356) | Test MaF1: 0.9345 (Best: 0.9359) | MiF1: 0.9394 (Best: 0.9408)
2024-04-18 00:52:34,845 - root - INFO - Epoch: 58 | LR: 0.0003 | Loss 0.6525 | Val MaF1: 0.9334 (Best: 0.9356) | Test MaF1: 0.9345 (Best: 0.9359) | MiF1: 0.9394 (Best: 0.9408)
2024-04-18 00:52:44,962 - root - INFO - Epoch: 59 | LR: 0.0003 | Loss 0.6458 | Val MaF1: 0.9334 (Best: 0.9356) | Test MaF1: 0.9345 (Best: 0.9359) | MiF1: 0.9394 (Best: 0.9408)
2024-04-18 00:52:54,950 - root - INFO - Epoch: 60 | LR: 0.0003 | Loss 0.6453 | Val MaF1: 0.9334 (Best: 0.9356) | Test MaF1: 0.9349 (Best: 0.9359) | MiF1: 0.9398 (Best: 0.9408)
2024-04-18 00:53:04,866 - root - INFO - Epoch: 61 | LR: 0.0002 | Loss 0.6420 | Val MaF1: 0.9334 (Best: 0.9356) | Test MaF1: 0.9353 (Best: 0.9359) | MiF1: 0.9401 (Best: 0.9408)
2024-04-18 00:53:14,976 - root - INFO - Epoch: 62 | LR: 0.0002 | Loss 0.6419 | Val MaF1: 0.9334 (Best: 0.9356) | Test MaF1: 0.9349 (Best: 0.9359) | MiF1: 0.9398 (Best: 0.9408)
2024-04-18 00:53:25,028 - root - INFO - Epoch: 63 | LR: 0.0002 | Loss 0.6412 | Val MaF1: 0.9338 (Best: 0.9356) | Test MaF1: 0.9345 (Best: 0.9359) | MiF1: 0.9394 (Best: 0.9408)
2024-04-18 00:53:35,261 - root - INFO - Epoch: 64 | LR: 0.0002 | Loss 0.6422 | Val MaF1: 0.9338 (Best: 0.9356) | Test MaF1: 0.9353 (Best: 0.9359) | MiF1: 0.9401 (Best: 0.9408)
2024-04-18 00:53:45,447 - root - INFO - Epoch: 65 | LR: 0.0001 | Loss 0.6377 | Val MaF1: 0.9338 (Best: 0.9356) | Test MaF1: 0.9349 (Best: 0.9359) | MiF1: 0.9398 (Best: 0.9408)
2024-04-18 00:53:55,482 - root - INFO - Epoch: 66 | LR: 0.0001 | Loss 0.6379 | Val MaF1: 0.9338 (Best: 0.9356) | Test MaF1: 0.9352 (Best: 0.9359) | MiF1: 0.9401 (Best: 0.9408)
2024-04-18 00:54:05,811 - root - INFO - Epoch: 67 | LR: 0.0001 | Loss 0.6384 | Val MaF1: 0.9338 (Best: 0.9356) | Test MaF1: 0.9352 (Best: 0.9359) | MiF1: 0.9401 (Best: 0.9408)
2024-04-18 00:54:15,737 - root - INFO - Epoch: 68 | LR: 0.0001 | Loss 0.6348 | Val MaF1: 0.9278 (Best: 0.9356) | Test MaF1: 0.9356 (Best: 0.9359) | MiF1: 0.9405 (Best: 0.9408)
2024-04-18 00:54:26,071 - root - INFO - Epoch: 69 | LR: 0.0001 | Loss 0.6334 | Val MaF1: 0.9278 (Best: 0.9278) | Test MaF1: 0.9365 (Best: 0.9365) | MiF1: 0.9412 (Best: 0.9412)
2024-04-18 00:54:36,442 - root - INFO - Epoch: 70 | LR: 0.0001 | Loss 0.6334 | Val MaF1: 0.9278 (Best: 0.9278) | Test MaF1: 0.9372 (Best: 0.9372) | MiF1: 0.9419 (Best: 0.9419)
2024-04-18 00:54:46,415 - root - INFO - Epoch: 71 | LR: 0.0000 | Loss 0.6341 | Val MaF1: 0.9300 (Best: 0.9278) | Test MaF1: 0.9372 (Best: 0.9372) | MiF1: 0.9419 (Best: 0.9419)
2024-04-18 00:54:57,042 - root - INFO - Epoch: 72 | LR: 0.0000 | Loss 0.6331 | Val MaF1: 0.9300 (Best: 0.9300) | Test MaF1: 0.9376 (Best: 0.9376) | MiF1: 0.9422 (Best: 0.9422)
2024-04-18 00:55:07,241 - root - INFO - Epoch: 73 | LR: 0.0000 | Loss 0.6318 | Val MaF1: 0.9300 (Best: 0.9300) | Test MaF1: 0.9380 (Best: 0.9380) | MiF1: 0.9426 (Best: 0.9426)
2024-04-18 00:55:17,407 - root - INFO - Epoch: 74 | LR: 0.0000 | Loss 0.6324 | Val MaF1: 0.9300 (Best: 0.9300) | Test MaF1: 0.9380 (Best: 0.9380) | MiF1: 0.9426 (Best: 0.9426)
2024-04-18 00:55:27,845 - root - INFO - Epoch: 75 | LR: 0.0000 | Loss 0.6325 | Val MaF1: 0.9300 (Best: 0.9300) | Test MaF1: 0.9380 (Best: 0.9380) | MiF1: 0.9426 (Best: 0.9426)
2024-04-18 00:55:37,948 - root - INFO - Epoch: 76 | LR: 0.0000 | Loss 0.6310 | Val MaF1: 0.9300 (Best: 0.9300) | Test MaF1: 0.9380 (Best: 0.9380) | MiF1: 0.9426 (Best: 0.9426)
2024-04-18 00:55:48,275 - root - INFO - Epoch: 77 | LR: 0.0000 | Loss 0.6308 | Val MaF1: 0.9300 (Best: 0.9300) | Test MaF1: 0.9380 (Best: 0.9380) | MiF1: 0.9426 (Best: 0.9426)
2024-04-18 00:55:58,514 - root - INFO - Epoch: 78 | LR: 0.0000 | Loss 0.6307 | Val MaF1: 0.9300 (Best: 0.9300) | Test MaF1: 0.9380 (Best: 0.9380) | MiF1: 0.9426 (Best: 0.9426)
2024-04-18 00:56:08,884 - root - INFO - Epoch: 79 | LR: 0.0000 | Loss 0.6335 | Val MaF1: 0.9300 (Best: 0.9300) | Test MaF1: 0.9380 (Best: 0.9380) | MiF1: 0.9426 (Best: 0.9426)
2024-04-18 00:56:19,174 - root - INFO - Epoch: 80 | LR: 0.0000 | Loss 0.6309 | Val MaF1: 0.9300 (Best: 0.9300) | Test MaF1: 0.9380 (Best: 0.9380) | MiF1: 0.9426 (Best: 0.9426)
2024-04-18 00:56:19,175 - root - INFO - Best Epoch: 73 | Train MiF1: 0.9840,  MaF1: 0.9822 | Val MiF1: 0.9358, MaF1: 0.9300 | Test MaF1: 0.9380, MiF1: 0.9426
2024-04-18 00:56:22,379 - root - INFO - ARI: 0.7594 | NMI: 0.6919
