2024-04-22 23:29:24,653 - root - INFO - {'prefix': 'SR-HGN', 'gpu': 0, 'feat': 1, 'seed': 0, 'verbose': 1, 'train_split': 0.2, 'val_split': 0.3, 'num_type_heads': 4, 'num_node_heads': 4, 'hidden_dim': 256, 'clip': 1.0, 'num_layers': 3, 'alpha': 0.5, 'epochs': 79, 'dataset': 'imdb', 'input_dim': 256, 'aggregate': 'concat', 'iscuda': True, 'cluster': True, 'max_lr': 0.001, 'weight_decay': 1e-05, 'heads': 8, 'han_heads': [4], 'hh_heads': 3, 'dropout': 0.2}
2024-04-22 23:29:27,330 - root - INFO - Training SR-HGN with #param: 52934419
2024-04-22 23:29:29,534 - root - INFO - ARI: 0.0015 | NMI: 0.0022
2024-04-22 23:29:29,535 - root - INFO - Epoch: 1 | LR: 0.0000 | Loss 1.0986 | Val MaF1: 0.1817 (Best: 0.1817) | Test MaF1: 0.1798 (Best: 0.1798) | MiF1: 0.3647 (Best: 0.3647)
2024-04-22 23:29:30,799 - root - INFO - ARI: 0.0365 | NMI: 0.0366
2024-04-22 23:29:30,799 - root - INFO - Epoch: 2 | LR: 0.0001 | Loss 1.0955 | Val MaF1: 0.1948 (Best: 0.1948) | Test MaF1: 0.1829 (Best: 0.1829) | MiF1: 0.3647 (Best: 0.3647)
2024-04-22 23:29:32,047 - root - INFO - ARI: 0.0917 | NMI: 0.0863
2024-04-22 23:29:32,047 - root - INFO - Epoch: 3 | LR: 0.0001 | Loss 1.0910 | Val MaF1: 0.2189 (Best: 0.2189) | Test MaF1: 0.2034 (Best: 0.2034) | MiF1: 0.3727 (Best: 0.3727)
2024-04-22 23:29:33,267 - root - INFO - ARI: 0.1353 | NMI: 0.1284
2024-04-22 23:29:33,268 - root - INFO - Epoch: 4 | LR: 0.0001 | Loss 1.0864 | Val MaF1: 0.2693 (Best: 0.2693) | Test MaF1: 0.2709 (Best: 0.2709) | MiF1: 0.4061 (Best: 0.4061)
2024-04-22 23:29:34,537 - root - INFO - ARI: 0.1718 | NMI: 0.1605
2024-04-22 23:29:34,538 - root - INFO - Epoch: 5 | LR: 0.0002 | Loss 1.0796 | Val MaF1: 0.3650 (Best: 0.3650) | Test MaF1: 0.3573 (Best: 0.3573) | MiF1: 0.4706 (Best: 0.4706)
2024-04-22 23:29:35,770 - root - INFO - ARI: 0.1986 | NMI: 0.1863
2024-04-22 23:29:35,770 - root - INFO - Epoch: 6 | LR: 0.0002 | Loss 1.0704 | Val MaF1: 0.3838 (Best: 0.3838) | Test MaF1: 0.3845 (Best: 0.3845) | MiF1: 0.5000 (Best: 0.5000)
2024-04-22 23:29:36,379 - root - INFO - Epoch: 7 | LR: 0.0002 | Loss 1.0615 | Val MaF1: 0.3571 (Best: 0.3838) | Test MaF1: 0.3667 (Best: 0.3845) | MiF1: 0.4873 (Best: 0.5000)
2024-04-22 23:29:36,950 - root - INFO - Epoch: 8 | LR: 0.0003 | Loss 1.0523 | Val MaF1: 0.3454 (Best: 0.3838) | Test MaF1: 0.3429 (Best: 0.3845) | MiF1: 0.4669 (Best: 0.5000)
2024-04-22 23:29:37,519 - root - INFO - Epoch: 9 | LR: 0.0004 | Loss 1.0390 | Val MaF1: 0.3466 (Best: 0.3838) | Test MaF1: 0.3402 (Best: 0.3845) | MiF1: 0.4659 (Best: 0.5000)
2024-04-22 23:29:38,089 - root - INFO - Epoch: 10 | LR: 0.0004 | Loss 1.0228 | Val MaF1: 0.3544 (Best: 0.3838) | Test MaF1: 0.3555 (Best: 0.3845) | MiF1: 0.4790 (Best: 0.5000)
2024-04-22 23:29:38,658 - root - INFO - Epoch: 11 | LR: 0.0005 | Loss 1.0008 | Val MaF1: 0.3636 (Best: 0.3838) | Test MaF1: 0.3773 (Best: 0.3845) | MiF1: 0.4960 (Best: 0.5000)
2024-04-22 23:29:39,823 - root - INFO - ARI: 0.2700 | NMI: 0.2368
2024-04-22 23:29:39,824 - root - INFO - Epoch: 12 | LR: 0.0006 | Loss 0.9712 | Val MaF1: 0.3847 (Best: 0.3847) | Test MaF1: 0.4136 (Best: 0.4136) | MiF1: 0.5170 (Best: 0.5170)
2024-04-22 23:29:41,119 - root - INFO - ARI: 0.2774 | NMI: 0.2447
2024-04-22 23:29:41,119 - root - INFO - Epoch: 13 | LR: 0.0006 | Loss 0.9258 | Val MaF1: 0.5630 (Best: 0.5630) | Test MaF1: 0.5369 (Best: 0.5369) | MiF1: 0.5762 (Best: 0.5762)
2024-04-22 23:29:42,369 - root - INFO - ARI: 0.2809 | NMI: 0.2504
2024-04-22 23:29:42,369 - root - INFO - Epoch: 14 | LR: 0.0007 | Loss 0.8695 | Val MaF1: 0.6530 (Best: 0.6530) | Test MaF1: 0.6297 (Best: 0.6297) | MiF1: 0.6283 (Best: 0.6283)
2024-04-22 23:29:43,009 - root - INFO - Epoch: 15 | LR: 0.0008 | Loss 0.8021 | Val MaF1: 0.6328 (Best: 0.6530) | Test MaF1: 0.6185 (Best: 0.6297) | MiF1: 0.6179 (Best: 0.6283)
2024-04-22 23:29:43,591 - root - INFO - Epoch: 16 | LR: 0.0008 | Loss 0.7364 | Val MaF1: 0.6372 (Best: 0.6530) | Test MaF1: 0.6244 (Best: 0.6297) | MiF1: 0.6236 (Best: 0.6283)
2024-04-22 23:29:44,807 - root - INFO - ARI: 0.3043 | NMI: 0.2658
2024-04-22 23:29:44,807 - root - INFO - Epoch: 17 | LR: 0.0009 | Loss 0.6650 | Val MaF1: 0.6592 (Best: 0.6592) | Test MaF1: 0.6420 (Best: 0.6420) | MiF1: 0.6409 (Best: 0.6409)
2024-04-22 23:29:45,425 - root - INFO - Epoch: 18 | LR: 0.0009 | Loss 0.6010 | Val MaF1: 0.6498 (Best: 0.6592) | Test MaF1: 0.6339 (Best: 0.6420) | MiF1: 0.6353 (Best: 0.6409)
2024-04-22 23:29:46,008 - root - INFO - Epoch: 19 | LR: 0.0009 | Loss 0.5530 | Val MaF1: 0.6455 (Best: 0.6592) | Test MaF1: 0.6331 (Best: 0.6420) | MiF1: 0.6346 (Best: 0.6409)
2024-04-22 23:29:46,587 - root - INFO - Epoch: 20 | LR: 0.0010 | Loss 0.5162 | Val MaF1: 0.6385 (Best: 0.6592) | Test MaF1: 0.6401 (Best: 0.6420) | MiF1: 0.6406 (Best: 0.6409)
2024-04-22 23:29:47,179 - root - INFO - Epoch: 21 | LR: 0.0010 | Loss 0.4843 | Val MaF1: 0.6343 (Best: 0.6592) | Test MaF1: 0.6383 (Best: 0.6420) | MiF1: 0.6383 (Best: 0.6409)
2024-04-22 23:29:47,761 - root - INFO - Epoch: 22 | LR: 0.0010 | Loss 0.4615 | Val MaF1: 0.6327 (Best: 0.6592) | Test MaF1: 0.6348 (Best: 0.6420) | MiF1: 0.6343 (Best: 0.6409)
2024-04-22 23:29:48,393 - root - INFO - Epoch: 23 | LR: 0.0010 | Loss 0.4432 | Val MaF1: 0.6199 (Best: 0.6592) | Test MaF1: 0.6286 (Best: 0.6420) | MiF1: 0.6283 (Best: 0.6409)
2024-04-22 23:29:48,971 - root - INFO - Epoch: 24 | LR: 0.0010 | Loss 0.4294 | Val MaF1: 0.6325 (Best: 0.6592) | Test MaF1: 0.6274 (Best: 0.6420) | MiF1: 0.6276 (Best: 0.6409)
2024-04-22 23:29:49,552 - root - INFO - Epoch: 25 | LR: 0.0010 | Loss 0.4179 | Val MaF1: 0.6201 (Best: 0.6592) | Test MaF1: 0.6205 (Best: 0.6420) | MiF1: 0.6219 (Best: 0.6409)
2024-04-22 23:29:50,150 - root - INFO - Epoch: 26 | LR: 0.0010 | Loss 0.4107 | Val MaF1: 0.6109 (Best: 0.6592) | Test MaF1: 0.6154 (Best: 0.6420) | MiF1: 0.6176 (Best: 0.6409)
2024-04-22 23:29:50,736 - root - INFO - Epoch: 27 | LR: 0.0010 | Loss 0.4048 | Val MaF1: 0.6101 (Best: 0.6592) | Test MaF1: 0.6154 (Best: 0.6420) | MiF1: 0.6179 (Best: 0.6409)
2024-04-22 23:29:51,336 - root - INFO - Epoch: 28 | LR: 0.0010 | Loss 0.4008 | Val MaF1: 0.6128 (Best: 0.6592) | Test MaF1: 0.6150 (Best: 0.6420) | MiF1: 0.6172 (Best: 0.6409)
2024-04-22 23:29:51,923 - root - INFO - Epoch: 29 | LR: 0.0010 | Loss 0.3964 | Val MaF1: 0.6152 (Best: 0.6592) | Test MaF1: 0.6162 (Best: 0.6420) | MiF1: 0.6179 (Best: 0.6409)
2024-04-22 23:29:52,511 - root - INFO - Epoch: 30 | LR: 0.0010 | Loss 0.3925 | Val MaF1: 0.6136 (Best: 0.6592) | Test MaF1: 0.6147 (Best: 0.6420) | MiF1: 0.6159 (Best: 0.6409)
2024-04-22 23:29:53,084 - root - INFO - Epoch: 31 | LR: 0.0009 | Loss 0.3900 | Val MaF1: 0.6155 (Best: 0.6592) | Test MaF1: 0.6148 (Best: 0.6420) | MiF1: 0.6152 (Best: 0.6409)
2024-04-22 23:29:53,655 - root - INFO - Epoch: 32 | LR: 0.0009 | Loss 0.3875 | Val MaF1: 0.6149 (Best: 0.6592) | Test MaF1: 0.6098 (Best: 0.6420) | MiF1: 0.6106 (Best: 0.6409)
2024-04-22 23:29:54,226 - root - INFO - Epoch: 33 | LR: 0.0009 | Loss 0.3864 | Val MaF1: 0.6153 (Best: 0.6592) | Test MaF1: 0.6094 (Best: 0.6420) | MiF1: 0.6102 (Best: 0.6409)
2024-04-22 23:29:54,843 - root - INFO - Epoch: 34 | LR: 0.0009 | Loss 0.3844 | Val MaF1: 0.6101 (Best: 0.6592) | Test MaF1: 0.6093 (Best: 0.6420) | MiF1: 0.6099 (Best: 0.6409)
2024-04-22 23:29:55,413 - root - INFO - Epoch: 35 | LR: 0.0009 | Loss 0.3831 | Val MaF1: 0.6072 (Best: 0.6592) | Test MaF1: 0.6092 (Best: 0.6420) | MiF1: 0.6099 (Best: 0.6409)
2024-04-22 23:29:55,996 - root - INFO - Epoch: 36 | LR: 0.0009 | Loss 0.3820 | Val MaF1: 0.6076 (Best: 0.6592) | Test MaF1: 0.6079 (Best: 0.6420) | MiF1: 0.6086 (Best: 0.6409)
2024-04-22 23:29:56,592 - root - INFO - Epoch: 37 | LR: 0.0008 | Loss 0.3810 | Val MaF1: 0.6050 (Best: 0.6592) | Test MaF1: 0.6067 (Best: 0.6420) | MiF1: 0.6075 (Best: 0.6409)
2024-04-22 23:29:57,163 - root - INFO - Epoch: 38 | LR: 0.0008 | Loss 0.3798 | Val MaF1: 0.6050 (Best: 0.6592) | Test MaF1: 0.6065 (Best: 0.6420) | MiF1: 0.6075 (Best: 0.6409)
2024-04-22 23:29:57,729 - root - INFO - Epoch: 39 | LR: 0.0008 | Loss 0.3794 | Val MaF1: 0.6042 (Best: 0.6592) | Test MaF1: 0.6072 (Best: 0.6420) | MiF1: 0.6082 (Best: 0.6409)
2024-04-22 23:29:58,309 - root - INFO - Epoch: 40 | LR: 0.0008 | Loss 0.3787 | Val MaF1: 0.6015 (Best: 0.6592) | Test MaF1: 0.6070 (Best: 0.6420) | MiF1: 0.6079 (Best: 0.6409)
2024-04-22 23:29:58,884 - root - INFO - Epoch: 41 | LR: 0.0008 | Loss 0.3781 | Val MaF1: 0.6039 (Best: 0.6592) | Test MaF1: 0.6058 (Best: 0.6420) | MiF1: 0.6065 (Best: 0.6409)
2024-04-22 23:29:59,459 - root - INFO - Epoch: 42 | LR: 0.0007 | Loss 0.3775 | Val MaF1: 0.6019 (Best: 0.6592) | Test MaF1: 0.6047 (Best: 0.6420) | MiF1: 0.6052 (Best: 0.6409)
2024-04-22 23:30:00,026 - root - INFO - Epoch: 43 | LR: 0.0007 | Loss 0.3772 | Val MaF1: 0.6019 (Best: 0.6592) | Test MaF1: 0.6049 (Best: 0.6420) | MiF1: 0.6052 (Best: 0.6409)
2024-04-22 23:30:00,605 - root - INFO - Epoch: 44 | LR: 0.0007 | Loss 0.3764 | Val MaF1: 0.6019 (Best: 0.6592) | Test MaF1: 0.6080 (Best: 0.6420) | MiF1: 0.6082 (Best: 0.6409)
2024-04-22 23:30:01,175 - root - INFO - Epoch: 45 | LR: 0.0006 | Loss 0.3766 | Val MaF1: 0.6022 (Best: 0.6592) | Test MaF1: 0.6094 (Best: 0.6420) | MiF1: 0.6096 (Best: 0.6409)
2024-04-22 23:30:01,743 - root - INFO - Epoch: 46 | LR: 0.0006 | Loss 0.3763 | Val MaF1: 0.6002 (Best: 0.6592) | Test MaF1: 0.6094 (Best: 0.6420) | MiF1: 0.6096 (Best: 0.6409)
2024-04-22 23:30:02,356 - root - INFO - Epoch: 47 | LR: 0.0006 | Loss 0.3758 | Val MaF1: 0.6027 (Best: 0.6592) | Test MaF1: 0.6097 (Best: 0.6420) | MiF1: 0.6099 (Best: 0.6409)
2024-04-22 23:30:02,925 - root - INFO - Epoch: 48 | LR: 0.0006 | Loss 0.3758 | Val MaF1: 0.6027 (Best: 0.6592) | Test MaF1: 0.6076 (Best: 0.6420) | MiF1: 0.6079 (Best: 0.6409)
2024-04-22 23:30:03,496 - root - INFO - Epoch: 49 | LR: 0.0005 | Loss 0.3755 | Val MaF1: 0.6046 (Best: 0.6592) | Test MaF1: 0.6089 (Best: 0.6420) | MiF1: 0.6092 (Best: 0.6409)
2024-04-22 23:30:04,070 - root - INFO - Epoch: 50 | LR: 0.0005 | Loss 0.3756 | Val MaF1: 0.6021 (Best: 0.6592) | Test MaF1: 0.6094 (Best: 0.6420) | MiF1: 0.6099 (Best: 0.6409)
2024-04-22 23:30:04,647 - root - INFO - Epoch: 51 | LR: 0.0005 | Loss 0.3754 | Val MaF1: 0.6021 (Best: 0.6592) | Test MaF1: 0.6099 (Best: 0.6420) | MiF1: 0.6102 (Best: 0.6409)
2024-04-22 23:30:05,225 - root - INFO - Epoch: 52 | LR: 0.0005 | Loss 0.3752 | Val MaF1: 0.6021 (Best: 0.6592) | Test MaF1: 0.6104 (Best: 0.6420) | MiF1: 0.6109 (Best: 0.6409)
2024-04-22 23:30:05,833 - root - INFO - Epoch: 53 | LR: 0.0004 | Loss 0.3749 | Val MaF1: 0.6021 (Best: 0.6592) | Test MaF1: 0.6101 (Best: 0.6420) | MiF1: 0.6106 (Best: 0.6409)
2024-04-22 23:30:06,418 - root - INFO - Epoch: 54 | LR: 0.0004 | Loss 0.3748 | Val MaF1: 0.6047 (Best: 0.6592) | Test MaF1: 0.6107 (Best: 0.6420) | MiF1: 0.6112 (Best: 0.6409)
2024-04-22 23:30:07,011 - root - INFO - Epoch: 55 | LR: 0.0004 | Loss 0.3748 | Val MaF1: 0.6047 (Best: 0.6592) | Test MaF1: 0.6107 (Best: 0.6420) | MiF1: 0.6112 (Best: 0.6409)
2024-04-22 23:30:07,588 - root - INFO - Epoch: 56 | LR: 0.0003 | Loss 0.3745 | Val MaF1: 0.6067 (Best: 0.6592) | Test MaF1: 0.6107 (Best: 0.6420) | MiF1: 0.6112 (Best: 0.6409)
2024-04-22 23:30:08,164 - root - INFO - Epoch: 57 | LR: 0.0003 | Loss 0.3744 | Val MaF1: 0.6067 (Best: 0.6592) | Test MaF1: 0.6106 (Best: 0.6420) | MiF1: 0.6112 (Best: 0.6409)
2024-04-22 23:30:08,759 - root - INFO - Epoch: 58 | LR: 0.0003 | Loss 0.3742 | Val MaF1: 0.6093 (Best: 0.6592) | Test MaF1: 0.6100 (Best: 0.6420) | MiF1: 0.6106 (Best: 0.6409)
2024-04-22 23:30:09,346 - root - INFO - Epoch: 59 | LR: 0.0003 | Loss 0.3743 | Val MaF1: 0.6093 (Best: 0.6592) | Test MaF1: 0.6106 (Best: 0.6420) | MiF1: 0.6112 (Best: 0.6409)
2024-04-22 23:30:09,934 - root - INFO - Epoch: 60 | LR: 0.0002 | Loss 0.3739 | Val MaF1: 0.6093 (Best: 0.6592) | Test MaF1: 0.6100 (Best: 0.6420) | MiF1: 0.6106 (Best: 0.6409)
2024-04-22 23:30:10,575 - root - INFO - Epoch: 61 | LR: 0.0002 | Loss 0.3743 | Val MaF1: 0.6093 (Best: 0.6592) | Test MaF1: 0.6107 (Best: 0.6420) | MiF1: 0.6112 (Best: 0.6409)
2024-04-22 23:30:11,164 - root - INFO - Epoch: 62 | LR: 0.0002 | Loss 0.3739 | Val MaF1: 0.6093 (Best: 0.6592) | Test MaF1: 0.6107 (Best: 0.6420) | MiF1: 0.6112 (Best: 0.6409)
2024-04-22 23:30:11,760 - root - INFO - Epoch: 63 | LR: 0.0002 | Loss 0.3740 | Val MaF1: 0.6093 (Best: 0.6592) | Test MaF1: 0.6110 (Best: 0.6420) | MiF1: 0.6116 (Best: 0.6409)
2024-04-22 23:30:12,351 - root - INFO - Epoch: 64 | LR: 0.0001 | Loss 0.3740 | Val MaF1: 0.6093 (Best: 0.6592) | Test MaF1: 0.6110 (Best: 0.6420) | MiF1: 0.6116 (Best: 0.6409)
2024-04-22 23:30:12,922 - root - INFO - Epoch: 65 | LR: 0.0001 | Loss 0.3737 | Val MaF1: 0.6093 (Best: 0.6592) | Test MaF1: 0.6106 (Best: 0.6420) | MiF1: 0.6112 (Best: 0.6409)
2024-04-22 23:30:13,500 - root - INFO - Epoch: 66 | LR: 0.0001 | Loss 0.3741 | Val MaF1: 0.6093 (Best: 0.6592) | Test MaF1: 0.6106 (Best: 0.6420) | MiF1: 0.6112 (Best: 0.6409)
2024-04-22 23:30:14,082 - root - INFO - Epoch: 67 | LR: 0.0001 | Loss 0.3743 | Val MaF1: 0.6093 (Best: 0.6592) | Test MaF1: 0.6106 (Best: 0.6420) | MiF1: 0.6112 (Best: 0.6409)
2024-04-22 23:30:14,672 - root - INFO - Epoch: 68 | LR: 0.0001 | Loss 0.3743 | Val MaF1: 0.6093 (Best: 0.6592) | Test MaF1: 0.6102 (Best: 0.6420) | MiF1: 0.6109 (Best: 0.6409)
2024-04-22 23:30:15,260 - root - INFO - Epoch: 69 | LR: 0.0001 | Loss 0.3740 | Val MaF1: 0.6093 (Best: 0.6592) | Test MaF1: 0.6099 (Best: 0.6420) | MiF1: 0.6106 (Best: 0.6409)
2024-04-22 23:30:15,832 - root - INFO - Epoch: 70 | LR: 0.0001 | Loss 0.3741 | Val MaF1: 0.6093 (Best: 0.6592) | Test MaF1: 0.6099 (Best: 0.6420) | MiF1: 0.6106 (Best: 0.6409)
2024-04-22 23:30:16,436 - root - INFO - Epoch: 71 | LR: 0.0000 | Loss 0.3738 | Val MaF1: 0.6093 (Best: 0.6592) | Test MaF1: 0.6096 (Best: 0.6420) | MiF1: 0.6102 (Best: 0.6409)
2024-04-22 23:30:17,052 - root - INFO - Epoch: 72 | LR: 0.0000 | Loss 0.3743 | Val MaF1: 0.6093 (Best: 0.6592) | Test MaF1: 0.6096 (Best: 0.6420) | MiF1: 0.6102 (Best: 0.6409)
2024-04-22 23:30:17,645 - root - INFO - Epoch: 73 | LR: 0.0000 | Loss 0.3742 | Val MaF1: 0.6093 (Best: 0.6592) | Test MaF1: 0.6096 (Best: 0.6420) | MiF1: 0.6102 (Best: 0.6409)
2024-04-22 23:30:18,266 - root - INFO - Epoch: 74 | LR: 0.0000 | Loss 0.3741 | Val MaF1: 0.6093 (Best: 0.6592) | Test MaF1: 0.6096 (Best: 0.6420) | MiF1: 0.6102 (Best: 0.6409)
2024-04-22 23:30:18,846 - root - INFO - Epoch: 75 | LR: 0.0000 | Loss 0.3738 | Val MaF1: 0.6093 (Best: 0.6592) | Test MaF1: 0.6096 (Best: 0.6420) | MiF1: 0.6102 (Best: 0.6409)
2024-04-22 23:30:19,450 - root - INFO - Epoch: 76 | LR: 0.0000 | Loss 0.3740 | Val MaF1: 0.6093 (Best: 0.6592) | Test MaF1: 0.6096 (Best: 0.6420) | MiF1: 0.6102 (Best: 0.6409)
2024-04-22 23:30:20,031 - root - INFO - Epoch: 77 | LR: 0.0000 | Loss 0.3739 | Val MaF1: 0.6093 (Best: 0.6592) | Test MaF1: 0.6096 (Best: 0.6420) | MiF1: 0.6102 (Best: 0.6409)
2024-04-22 23:30:20,619 - root - INFO - Epoch: 78 | LR: 0.0000 | Loss 0.3741 | Val MaF1: 0.6093 (Best: 0.6592) | Test MaF1: 0.6096 (Best: 0.6420) | MiF1: 0.6102 (Best: 0.6409)
2024-04-22 23:30:21,223 - root - INFO - Epoch: 79 | LR: 0.0000 | Loss 0.3743 | Val MaF1: 0.6093 (Best: 0.6592) | Test MaF1: 0.6096 (Best: 0.6420) | MiF1: 0.6102 (Best: 0.6409)
2024-04-22 23:30:21,224 - root - INFO - Best Epoch: 17 | Train MiF1: 0.9603,  MaF1: 0.9601 | Val MiF1: 0.6589, MaF1: 0.6592 | Test MaF1: 0.6420, MiF1: 0.6409
2024-04-22 23:30:21,628 - root - INFO - ARI: 0.3043 | NMI: 0.2658
