2024-04-18 16:47:08,353 - root - INFO - {'prefix': 'SR-HGN', 'gpu': 0, 'feat': 1, 'seed': 0, 'verbose': 1, 'train_split': 0.2, 'val_split': 0.3, 'num_type_heads': 4, 'num_node_heads': 4, 'hidden_dim': 512, 'clip': 1.0, 'num_layers': 3, 'alpha': 0.5, 'epochs': 50, 'dataset': 'acm', 'input_dim': 256, 'aggregate': 'concat', 'iscuda': True, 'cluster': True, 'max_lr': 0.001, 'weight_decay': 1e-05, 'heads': 4, 'han_heads': [6], 'hh_heads': 3, 'dropout': 0.2}
2024-04-18 16:47:11,337 - root - INFO - Training SR-HGN with #param: 98737359
2024-04-18 16:47:14,967 - root - INFO - ARI: 0.0113 | NMI: 0.0068
2024-04-18 16:47:14,967 - root - INFO - Epoch: 1 | LR: 0.0001 | Loss 1.0976 | Val MaF1: 0.2204 (Best: 0.2204) | Test MaF1: 0.2210 (Best: 0.2210) | MiF1: 0.4957 (Best: 0.4957)
2024-04-18 16:47:16,074 - root - INFO - Epoch: 2 | LR: 0.0001 | Loss 1.0451 | Val MaF1: 0.2204 (Best: 0.2204) | Test MaF1: 0.2210 (Best: 0.2210) | MiF1: 0.4957 (Best: 0.4957)
2024-04-18 16:47:17,065 - root - INFO - Epoch: 3 | LR: 0.0001 | Loss 1.0197 | Val MaF1: 0.2204 (Best: 0.2204) | Test MaF1: 0.2210 (Best: 0.2210) | MiF1: 0.4957 (Best: 0.4957)
2024-04-18 16:47:18,055 - root - INFO - Epoch: 4 | LR: 0.0002 | Loss 0.9988 | Val MaF1: 0.2204 (Best: 0.2204) | Test MaF1: 0.2210 (Best: 0.2210) | MiF1: 0.4957 (Best: 0.4957)
2024-04-18 16:47:19,046 - root - INFO - Epoch: 5 | LR: 0.0003 | Loss 0.9416 | Val MaF1: 0.2204 (Best: 0.2204) | Test MaF1: 0.2210 (Best: 0.2210) | MiF1: 0.4957 (Best: 0.4957)
2024-04-18 16:47:20,040 - root - INFO - Epoch: 6 | LR: 0.0004 | Loss 0.9121 | Val MaF1: 0.2204 (Best: 0.2204) | Test MaF1: 0.2210 (Best: 0.2210) | MiF1: 0.4957 (Best: 0.4957)
2024-04-18 16:47:22,141 - root - INFO - ARI: 0.6634 | NMI: 0.6364
2024-04-18 16:47:22,141 - root - INFO - Epoch: 7 | LR: 0.0005 | Loss 0.8286 | Val MaF1: 0.2275 (Best: 0.2275) | Test MaF1: 0.2362 (Best: 0.2362) | MiF1: 0.5011 (Best: 0.5011)
2024-04-18 16:47:24,243 - root - INFO - ARI: 0.7061 | NMI: 0.6838
2024-04-18 16:47:24,243 - root - INFO - Epoch: 8 | LR: 0.0006 | Loss 0.8084 | Val MaF1: 0.5668 (Best: 0.5668) | Test MaF1: 0.5347 (Best: 0.5347) | MiF1: 0.6445 (Best: 0.6445)
2024-04-18 16:47:26,345 - root - INFO - ARI: 0.7163 | NMI: 0.6999
2024-04-18 16:47:26,345 - root - INFO - Epoch: 9 | LR: 0.0007 | Loss 0.7542 | Val MaF1: 0.9015 (Best: 0.9015) | Test MaF1: 0.8985 (Best: 0.8985) | MiF1: 0.9016 (Best: 0.9016)
2024-04-18 16:47:28,473 - root - INFO - ARI: 0.7077 | NMI: 0.7038
2024-04-18 16:47:28,473 - root - INFO - Epoch: 10 | LR: 0.0008 | Loss 0.7118 | Val MaF1: 0.9284 (Best: 0.9284) | Test MaF1: 0.9260 (Best: 0.9260) | MiF1: 0.9258 (Best: 0.9258)
2024-04-18 16:47:30,573 - root - INFO - ARI: 0.7562 | NMI: 0.7364
2024-04-18 16:47:30,573 - root - INFO - Epoch: 11 | LR: 0.0009 | Loss 0.6747 | Val MaF1: 0.9444 (Best: 0.9444) | Test MaF1: 0.9315 (Best: 0.9315) | MiF1: 0.9311 (Best: 0.9311)
2024-04-18 16:47:31,612 - root - INFO - Epoch: 12 | LR: 0.0010 | Loss 0.6231 | Val MaF1: 0.9061 (Best: 0.9444) | Test MaF1: 0.9106 (Best: 0.9315) | MiF1: 0.9126 (Best: 0.9311)
2024-04-18 16:47:32,599 - root - INFO - Epoch: 13 | LR: 0.0010 | Loss 0.5883 | Val MaF1: 0.9090 (Best: 0.9444) | Test MaF1: 0.9135 (Best: 0.9315) | MiF1: 0.9155 (Best: 0.9311)
2024-04-18 16:47:34,655 - root - INFO - ARI: 0.8114 | NMI: 0.7698
2024-04-18 16:47:34,655 - root - INFO - Epoch: 14 | LR: 0.0010 | Loss 0.5559 | Val MaF1: 0.9387 (Best: 0.9387) | Test MaF1: 0.9386 (Best: 0.9386) | MiF1: 0.9386 (Best: 0.9386)
2024-04-18 16:47:36,763 - root - INFO - ARI: 0.8166 | NMI: 0.7730
2024-04-18 16:47:36,763 - root - INFO - Epoch: 15 | LR: 0.0010 | Loss 0.5189 | Val MaF1: 0.9414 (Best: 0.9414) | Test MaF1: 0.9400 (Best: 0.9400) | MiF1: 0.9400 (Best: 0.9400)
2024-04-18 16:47:37,794 - root - INFO - Epoch: 16 | LR: 0.0010 | Loss 0.4831 | Val MaF1: 0.9315 (Best: 0.9414) | Test MaF1: 0.9295 (Best: 0.9400) | MiF1: 0.9283 (Best: 0.9400)
2024-04-18 16:47:38,786 - root - INFO - Epoch: 17 | LR: 0.0010 | Loss 0.4920 | Val MaF1: 0.8898 (Best: 0.9414) | Test MaF1: 0.9066 (Best: 0.9400) | MiF1: 0.9094 (Best: 0.9400)
2024-04-18 16:47:39,783 - root - INFO - Epoch: 18 | LR: 0.0010 | Loss 0.4706 | Val MaF1: 0.9110 (Best: 0.9414) | Test MaF1: 0.9159 (Best: 0.9400) | MiF1: 0.9176 (Best: 0.9400)
2024-04-18 16:47:40,777 - root - INFO - Epoch: 19 | LR: 0.0010 | Loss 0.4704 | Val MaF1: 0.9291 (Best: 0.9414) | Test MaF1: 0.9380 (Best: 0.9400) | MiF1: 0.9379 (Best: 0.9400)
2024-04-18 16:47:41,807 - root - INFO - Epoch: 20 | LR: 0.0009 | Loss 0.4574 | Val MaF1: 0.9377 (Best: 0.9414) | Test MaF1: 0.9398 (Best: 0.9400) | MiF1: 0.9389 (Best: 0.9400)
2024-04-18 16:47:43,847 - root - INFO - ARI: 0.8263 | NMI: 0.7812
2024-04-18 16:47:43,848 - root - INFO - Epoch: 21 | LR: 0.0009 | Loss 0.4481 | Val MaF1: 0.9304 (Best: 0.9304) | Test MaF1: 0.9416 (Best: 0.9416) | MiF1: 0.9411 (Best: 0.9411)
2024-04-18 16:47:44,883 - root - INFO - Epoch: 22 | LR: 0.0009 | Loss 0.4350 | Val MaF1: 0.9345 (Best: 0.9304) | Test MaF1: 0.9414 (Best: 0.9416) | MiF1: 0.9414 (Best: 0.9411)
2024-04-18 16:47:45,873 - root - INFO - Epoch: 23 | LR: 0.0008 | Loss 0.4237 | Val MaF1: 0.9409 (Best: 0.9304) | Test MaF1: 0.9386 (Best: 0.9416) | MiF1: 0.9386 (Best: 0.9411)
2024-04-18 16:47:46,859 - root - INFO - Epoch: 24 | LR: 0.0008 | Loss 0.4191 | Val MaF1: 0.9331 (Best: 0.9304) | Test MaF1: 0.9349 (Best: 0.9416) | MiF1: 0.9354 (Best: 0.9411)
2024-04-18 16:47:47,853 - root - INFO - Epoch: 25 | LR: 0.0008 | Loss 0.4180 | Val MaF1: 0.9434 (Best: 0.9304) | Test MaF1: 0.9366 (Best: 0.9416) | MiF1: 0.9371 (Best: 0.9411)
2024-04-18 16:47:48,843 - root - INFO - Epoch: 26 | LR: 0.0007 | Loss 0.4128 | Val MaF1: 0.9485 (Best: 0.9304) | Test MaF1: 0.9400 (Best: 0.9416) | MiF1: 0.9400 (Best: 0.9411)
2024-04-18 16:47:49,936 - root - INFO - Epoch: 27 | LR: 0.0007 | Loss 0.4088 | Val MaF1: 0.9447 (Best: 0.9304) | Test MaF1: 0.9414 (Best: 0.9416) | MiF1: 0.9411 (Best: 0.9411)
2024-04-18 16:47:52,044 - root - INFO - ARI: 0.8425 | NMI: 0.7988
2024-04-18 16:47:52,044 - root - INFO - Epoch: 28 | LR: 0.0007 | Loss 0.4052 | Val MaF1: 0.9451 (Best: 0.9451) | Test MaF1: 0.9424 (Best: 0.9424) | MiF1: 0.9418 (Best: 0.9418)
2024-04-18 16:47:53,068 - root - INFO - Epoch: 29 | LR: 0.0006 | Loss 0.4016 | Val MaF1: 0.9475 (Best: 0.9451) | Test MaF1: 0.9421 (Best: 0.9424) | MiF1: 0.9414 (Best: 0.9418)
2024-04-18 16:47:54,056 - root - INFO - Epoch: 30 | LR: 0.0006 | Loss 0.3973 | Val MaF1: 0.9414 (Best: 0.9451) | Test MaF1: 0.9409 (Best: 0.9424) | MiF1: 0.9403 (Best: 0.9418)
2024-04-18 16:47:55,087 - root - INFO - Epoch: 31 | LR: 0.0005 | Loss 0.3940 | Val MaF1: 0.9425 (Best: 0.9451) | Test MaF1: 0.9385 (Best: 0.9424) | MiF1: 0.9386 (Best: 0.9418)
2024-04-18 16:47:56,074 - root - INFO - Epoch: 32 | LR: 0.0005 | Loss 0.3916 | Val MaF1: 0.9400 (Best: 0.9451) | Test MaF1: 0.9370 (Best: 0.9424) | MiF1: 0.9375 (Best: 0.9418)
2024-04-18 16:47:57,059 - root - INFO - Epoch: 33 | LR: 0.0004 | Loss 0.3894 | Val MaF1: 0.9372 (Best: 0.9451) | Test MaF1: 0.9361 (Best: 0.9424) | MiF1: 0.9368 (Best: 0.9418)
2024-04-18 16:47:58,047 - root - INFO - Epoch: 34 | LR: 0.0004 | Loss 0.3868 | Val MaF1: 0.9355 (Best: 0.9451) | Test MaF1: 0.9346 (Best: 0.9424) | MiF1: 0.9354 (Best: 0.9418)
2024-04-18 16:47:59,030 - root - INFO - Epoch: 35 | LR: 0.0003 | Loss 0.3847 | Val MaF1: 0.9376 (Best: 0.9451) | Test MaF1: 0.9357 (Best: 0.9424) | MiF1: 0.9364 (Best: 0.9418)
2024-04-18 16:48:00,020 - root - INFO - Epoch: 36 | LR: 0.0003 | Loss 0.3814 | Val MaF1: 0.9402 (Best: 0.9451) | Test MaF1: 0.9363 (Best: 0.9424) | MiF1: 0.9368 (Best: 0.9418)
2024-04-18 16:48:01,013 - root - INFO - Epoch: 37 | LR: 0.0003 | Loss 0.3804 | Val MaF1: 0.9351 (Best: 0.9451) | Test MaF1: 0.9379 (Best: 0.9424) | MiF1: 0.9382 (Best: 0.9418)
2024-04-18 16:48:02,007 - root - INFO - Epoch: 38 | LR: 0.0002 | Loss 0.3802 | Val MaF1: 0.9376 (Best: 0.9451) | Test MaF1: 0.9380 (Best: 0.9424) | MiF1: 0.9382 (Best: 0.9418)
2024-04-18 16:48:02,990 - root - INFO - Epoch: 39 | LR: 0.0002 | Loss 0.3784 | Val MaF1: 0.9353 (Best: 0.9451) | Test MaF1: 0.9380 (Best: 0.9424) | MiF1: 0.9382 (Best: 0.9418)
2024-04-18 16:48:03,977 - root - INFO - Epoch: 40 | LR: 0.0002 | Loss 0.3784 | Val MaF1: 0.9404 (Best: 0.9451) | Test MaF1: 0.9391 (Best: 0.9424) | MiF1: 0.9393 (Best: 0.9418)
2024-04-18 16:48:04,961 - root - INFO - Epoch: 41 | LR: 0.0001 | Loss 0.3770 | Val MaF1: 0.9379 (Best: 0.9451) | Test MaF1: 0.9396 (Best: 0.9424) | MiF1: 0.9396 (Best: 0.9418)
2024-04-18 16:48:05,947 - root - INFO - Epoch: 42 | LR: 0.0001 | Loss 0.3763 | Val MaF1: 0.9404 (Best: 0.9451) | Test MaF1: 0.9393 (Best: 0.9424) | MiF1: 0.9393 (Best: 0.9418)
2024-04-18 16:48:06,953 - root - INFO - Epoch: 43 | LR: 0.0001 | Loss 0.3757 | Val MaF1: 0.9404 (Best: 0.9451) | Test MaF1: 0.9393 (Best: 0.9424) | MiF1: 0.9393 (Best: 0.9418)
2024-04-18 16:48:08,026 - root - INFO - Epoch: 44 | LR: 0.0000 | Loss 0.3753 | Val MaF1: 0.9379 (Best: 0.9451) | Test MaF1: 0.9393 (Best: 0.9424) | MiF1: 0.9393 (Best: 0.9418)
2024-04-18 16:48:09,106 - root - INFO - Epoch: 45 | LR: 0.0000 | Loss 0.3749 | Val MaF1: 0.9379 (Best: 0.9451) | Test MaF1: 0.9396 (Best: 0.9424) | MiF1: 0.9396 (Best: 0.9418)
2024-04-18 16:48:10,135 - root - INFO - Epoch: 46 | LR: 0.0000 | Loss 0.3748 | Val MaF1: 0.9379 (Best: 0.9451) | Test MaF1: 0.9393 (Best: 0.9424) | MiF1: 0.9393 (Best: 0.9418)
2024-04-18 16:48:11,196 - root - INFO - Epoch: 47 | LR: 0.0000 | Loss 0.3753 | Val MaF1: 0.9379 (Best: 0.9451) | Test MaF1: 0.9393 (Best: 0.9424) | MiF1: 0.9393 (Best: 0.9418)
2024-04-18 16:48:12,176 - root - INFO - Epoch: 48 | LR: 0.0000 | Loss 0.3745 | Val MaF1: 0.9379 (Best: 0.9451) | Test MaF1: 0.9393 (Best: 0.9424) | MiF1: 0.9393 (Best: 0.9418)
2024-04-18 16:48:13,169 - root - INFO - Epoch: 49 | LR: 0.0000 | Loss 0.3749 | Val MaF1: 0.9379 (Best: 0.9451) | Test MaF1: 0.9393 (Best: 0.9424) | MiF1: 0.9393 (Best: 0.9418)
2024-04-18 16:48:14,151 - root - INFO - Epoch: 50 | LR: 0.0000 | Loss 0.3745 | Val MaF1: 0.9379 (Best: 0.9451) | Test MaF1: 0.9393 (Best: 0.9424) | MiF1: 0.9393 (Best: 0.9418)
2024-04-18 16:48:14,152 - root - INFO - Best Epoch: 28 | Train MiF1: 0.9901,  MaF1: 0.9900 | Val MiF1: 0.9426, MaF1: 0.9451 | Test MaF1: 0.9424, MiF1: 0.9418
2024-04-18 16:48:14,858 - root - INFO - ARI: 0.8425 | NMI: 0.7988
