2024-04-18 00:27:28,894 - root - INFO - {'prefix': 'SR-HGN', 'gpu': 0, 'feat': 1, 'seed': 0, 'verbose': 1, 'train_split': 0.2, 'val_split': 0.3, 'num_type_heads': 4, 'num_node_heads': 4, 'hidden_dim': 16, 'clip': 1.0, 'num_layers': 3, 'alpha': 0.5, 'epochs': 35, 'dataset': 'dblp', 'input_dim': 256, 'aggregate': 'concat', 'iscuda': False, 'cluster': True, 'max_lr': 0.001, 'weight_decay': 1e-05, 'heads': 8, 'han_heads': [4], 'hh_heads': 3, 'dropout': 0.2}
2024-04-18 00:27:29,824 - root - INFO - Training SR-HGN with #param: 974494
2024-04-18 00:27:46,188 - root - INFO - Epoch: 1 | LR: 0.0001 | Loss 1.3943 | Val MaF1: 0.0990 (Best: 0.0990) | Test MaF1: 0.0994 (Best: 0.0994) | MiF1: 0.2480 (Best: 0.2480)
2024-04-18 00:27:55,437 - root - INFO - Epoch: 2 | LR: 0.0001 | Loss 1.3898 | Val MaF1: 0.0990 (Best: 0.0990) | Test MaF1: 0.1000 (Best: 0.1000) | MiF1: 0.2483 (Best: 0.2483)
2024-04-18 00:28:04,114 - root - INFO - Epoch: 3 | LR: 0.0003 | Loss 1.3893 | Val MaF1: 0.1035 (Best: 0.1035) | Test MaF1: 0.1006 (Best: 0.1006) | MiF1: 0.2487 (Best: 0.2487)
2024-04-18 00:28:12,503 - root - INFO - Epoch: 4 | LR: 0.0004 | Loss 1.3844 | Val MaF1: 0.1078 (Best: 0.1078) | Test MaF1: 0.1049 (Best: 0.1049) | MiF1: 0.2511 (Best: 0.2511)
2024-04-18 00:28:21,157 - root - INFO - Epoch: 5 | LR: 0.0006 | Loss 1.3837 | Val MaF1: 0.1282 (Best: 0.1282) | Test MaF1: 0.1255 (Best: 0.1255) | MiF1: 0.2635 (Best: 0.2635)
2024-04-18 00:28:29,986 - root - INFO - Epoch: 6 | LR: 0.0007 | Loss 1.3760 | Val MaF1: 0.1955 (Best: 0.1955) | Test MaF1: 0.1915 (Best: 0.1915) | MiF1: 0.3117 (Best: 0.3117)
2024-04-18 00:28:38,717 - root - INFO - Epoch: 7 | LR: 0.0008 | Loss 1.3742 | Val MaF1: 0.3087 (Best: 0.3087) | Test MaF1: 0.2957 (Best: 0.2957) | MiF1: 0.4368 (Best: 0.4368)
2024-04-18 00:28:47,603 - root - INFO - Epoch: 8 | LR: 0.0009 | Loss 1.3557 | Val MaF1: 0.3149 (Best: 0.3149) | Test MaF1: 0.3237 (Best: 0.3237) | MiF1: 0.5012 (Best: 0.5012)
2024-04-18 00:28:56,346 - root - INFO - Epoch: 9 | LR: 0.0010 | Loss 1.3460 | Val MaF1: 0.3169 (Best: 0.3149) | Test MaF1: 0.3227 (Best: 0.3237) | MiF1: 0.4671 (Best: 0.5012)
2024-04-18 00:29:05,251 - root - INFO - Epoch: 10 | LR: 0.0010 | Loss 1.3309 | Val MaF1: 0.3624 (Best: 0.3624) | Test MaF1: 0.3469 (Best: 0.3469) | MiF1: 0.4512 (Best: 0.4512)
2024-04-18 00:29:15,114 - root - INFO - Epoch: 11 | LR: 0.0010 | Loss 1.3177 | Val MaF1: 0.4248 (Best: 0.4248) | Test MaF1: 0.3950 (Best: 0.3950) | MiF1: 0.4822 (Best: 0.4822)
2024-04-18 00:29:24,795 - root - INFO - Epoch: 12 | LR: 0.0010 | Loss 1.3034 | Val MaF1: 0.4706 (Best: 0.4706) | Test MaF1: 0.4575 (Best: 0.4575) | MiF1: 0.5477 (Best: 0.5477)
2024-04-18 00:29:33,902 - root - INFO - Epoch: 13 | LR: 0.0010 | Loss 1.2867 | Val MaF1: 0.5386 (Best: 0.5386) | Test MaF1: 0.5128 (Best: 0.5128) | MiF1: 0.6157 (Best: 0.6157)
2024-04-18 00:29:42,849 - root - INFO - Epoch: 14 | LR: 0.0009 | Loss 1.2683 | Val MaF1: 0.5615 (Best: 0.5615) | Test MaF1: 0.5517 (Best: 0.5517) | MiF1: 0.6647 (Best: 0.6647)
2024-04-18 00:29:51,886 - root - INFO - Epoch: 15 | LR: 0.0009 | Loss 1.2481 | Val MaF1: 0.5829 (Best: 0.5829) | Test MaF1: 0.5815 (Best: 0.5815) | MiF1: 0.7006 (Best: 0.7006)
2024-04-18 00:30:00,607 - root - INFO - Epoch: 16 | LR: 0.0008 | Loss 1.2352 | Val MaF1: 0.6107 (Best: 0.6107) | Test MaF1: 0.6033 (Best: 0.6033) | MiF1: 0.7256 (Best: 0.7256)
2024-04-18 00:30:09,401 - root - INFO - Epoch: 17 | LR: 0.0008 | Loss 1.2037 | Val MaF1: 0.6344 (Best: 0.6344) | Test MaF1: 0.6245 (Best: 0.6245) | MiF1: 0.7464 (Best: 0.7464)
2024-04-18 00:30:18,308 - root - INFO - Epoch: 18 | LR: 0.0007 | Loss 1.1861 | Val MaF1: 0.6598 (Best: 0.6598) | Test MaF1: 0.6583 (Best: 0.6583) | MiF1: 0.7665 (Best: 0.7665)
2024-04-18 00:30:27,299 - root - INFO - Epoch: 19 | LR: 0.0007 | Loss 1.1707 | Val MaF1: 0.6991 (Best: 0.6991) | Test MaF1: 0.7023 (Best: 0.7023) | MiF1: 0.7904 (Best: 0.7904)
2024-04-18 00:30:36,236 - root - INFO - Epoch: 20 | LR: 0.0006 | Loss 1.1447 | Val MaF1: 0.7212 (Best: 0.7212) | Test MaF1: 0.7469 (Best: 0.7469) | MiF1: 0.8126 (Best: 0.8126)
2024-04-18 00:30:44,999 - root - INFO - Epoch: 21 | LR: 0.0005 | Loss 1.1253 | Val MaF1: 0.7646 (Best: 0.7646) | Test MaF1: 0.7860 (Best: 0.7860) | MiF1: 0.8341 (Best: 0.8341)
2024-04-18 00:30:53,763 - root - INFO - Epoch: 22 | LR: 0.0005 | Loss 1.1081 | Val MaF1: 0.8226 (Best: 0.8226) | Test MaF1: 0.8163 (Best: 0.8163) | MiF1: 0.8521 (Best: 0.8521)
2024-04-18 00:31:02,644 - root - INFO - Epoch: 23 | LR: 0.0004 | Loss 1.0937 | Val MaF1: 0.8430 (Best: 0.8430) | Test MaF1: 0.8376 (Best: 0.8376) | MiF1: 0.8658 (Best: 0.8658)
2024-04-18 00:31:11,724 - root - INFO - Epoch: 24 | LR: 0.0004 | Loss 1.0814 | Val MaF1: 0.8584 (Best: 0.8584) | Test MaF1: 0.8517 (Best: 0.8517) | MiF1: 0.8753 (Best: 0.8753)
2024-04-18 00:31:20,729 - root - INFO - Epoch: 25 | LR: 0.0003 | Loss 1.0648 | Val MaF1: 0.8701 (Best: 0.8701) | Test MaF1: 0.8640 (Best: 0.8640) | MiF1: 0.8838 (Best: 0.8838)
2024-04-18 00:31:29,589 - root - INFO - Epoch: 26 | LR: 0.0002 | Loss 1.0499 | Val MaF1: 0.8807 (Best: 0.8807) | Test MaF1: 0.8695 (Best: 0.8695) | MiF1: 0.8876 (Best: 0.8876)
2024-04-18 00:31:38,551 - root - INFO - Epoch: 27 | LR: 0.0002 | Loss 1.0430 | Val MaF1: 0.8886 (Best: 0.8886) | Test MaF1: 0.8745 (Best: 0.8745) | MiF1: 0.8912 (Best: 0.8912)
2024-04-18 00:31:47,534 - root - INFO - Epoch: 28 | LR: 0.0001 | Loss 1.0407 | Val MaF1: 0.8909 (Best: 0.8909) | Test MaF1: 0.8786 (Best: 0.8786) | MiF1: 0.8940 (Best: 0.8940)
2024-04-18 00:31:56,798 - root - INFO - Epoch: 29 | LR: 0.0001 | Loss 1.0229 | Val MaF1: 0.8942 (Best: 0.8942) | Test MaF1: 0.8792 (Best: 0.8792) | MiF1: 0.8943 (Best: 0.8943)
2024-04-18 00:32:06,293 - root - INFO - Epoch: 30 | LR: 0.0001 | Loss 1.0240 | Val MaF1: 0.9004 (Best: 0.9004) | Test MaF1: 0.8802 (Best: 0.8802) | MiF1: 0.8950 (Best: 0.8950)
2024-04-18 00:32:15,507 - root - INFO - Epoch: 31 | LR: 0.0000 | Loss 1.0198 | Val MaF1: 0.9004 (Best: 0.9004) | Test MaF1: 0.8825 (Best: 0.8825) | MiF1: 0.8968 (Best: 0.8968)
2024-04-18 00:32:24,402 - root - INFO - Epoch: 32 | LR: 0.0000 | Loss 1.0185 | Val MaF1: 0.9004 (Best: 0.9004) | Test MaF1: 0.8840 (Best: 0.8840) | MiF1: 0.8979 (Best: 0.8979)
2024-04-18 00:32:33,218 - root - INFO - Epoch: 33 | LR: 0.0000 | Loss 1.0140 | Val MaF1: 0.9004 (Best: 0.9004) | Test MaF1: 0.8844 (Best: 0.8844) | MiF1: 0.8982 (Best: 0.8982)
2024-04-18 00:32:42,253 - root - INFO - Epoch: 34 | LR: 0.0000 | Loss 1.0176 | Val MaF1: 0.9004 (Best: 0.9004) | Test MaF1: 0.8849 (Best: 0.8849) | MiF1: 0.8986 (Best: 0.8986)
2024-04-18 00:32:51,358 - root - INFO - Epoch: 35 | LR: 0.0000 | Loss 1.0161 | Val MaF1: 0.9004 (Best: 0.9004) | Test MaF1: 0.8849 (Best: 0.8849) | MiF1: 0.8986 (Best: 0.8986)
2024-04-18 00:32:51,358 - root - INFO - Best Epoch: 34 | Train MiF1: 0.9373,  MaF1: 0.9293 | Val MiF1: 0.9111, MaF1: 0.9004 | Test MaF1: 0.8849, MiF1: 0.8986
2024-04-18 00:32:54,158 - root - INFO - ARI: 0.4247 | NMI: 0.4254
