2024-04-19 11:04:35,157 - root - INFO - {'prefix': 'SR-HGN', 'gpu': 0, 'feat': 1, 'seed': 0, 'verbose': 1, 'train_split': 0.2, 'val_split': 0.3, 'num_type_heads': 4, 'num_node_heads': 4, 'hidden_dim': 512, 'clip': 1.0, 'num_layers': 3, 'alpha': 0.5, 'epochs': 100, 'dataset': 'imdb', 'input_dim': 256, 'aggregate': 'concat', 'iscuda': True, 'cluster': True, 'max_lr': 0.001, 'weight_decay': 1e-05, 'heads': 8, 'han_heads': [4], 'hh_heads': 3, 'dropout': 0.2}
2024-04-19 11:04:38,385 - root - INFO - Training SR-HGN with #param: 134767571
2024-04-19 11:04:41,290 - root - INFO - ARI: 0.0364 | NMI: 0.0416
2024-04-19 11:04:41,291 - root - INFO - Epoch: 1 | LR: 0.0000 | Loss 1.0995 | Val MaF1: 0.3030 (Best: 0.3030) | Test MaF1: 0.2905 (Best: 0.2905) | MiF1: 0.3988 (Best: 0.3988)
2024-04-19 11:04:43,009 - root - INFO - ARI: 0.0655 | NMI: 0.0769
2024-04-19 11:04:43,010 - root - INFO - Epoch: 2 | LR: 0.0001 | Loss 1.0928 | Val MaF1: 0.3049 (Best: 0.3049) | Test MaF1: 0.3018 (Best: 0.3018) | MiF1: 0.4262 (Best: 0.4262)
2024-04-19 11:04:44,765 - root - INFO - ARI: 0.1371 | NMI: 0.1330
2024-04-19 11:04:44,765 - root - INFO - Epoch: 3 | LR: 0.0001 | Loss 1.0862 | Val MaF1: 0.3011 (Best: 0.3011) | Test MaF1: 0.3066 (Best: 0.3066) | MiF1: 0.4345 (Best: 0.4345)
2024-04-19 11:04:46,487 - root - INFO - ARI: 0.1671 | NMI: 0.1633
2024-04-19 11:04:46,488 - root - INFO - Epoch: 4 | LR: 0.0001 | Loss 1.0792 | Val MaF1: 0.3169 (Best: 0.3169) | Test MaF1: 0.3153 (Best: 0.3153) | MiF1: 0.4422 (Best: 0.4422)
2024-04-19 11:04:48,551 - root - INFO - ARI: 0.1842 | NMI: 0.1775
2024-04-19 11:04:48,551 - root - INFO - Epoch: 5 | LR: 0.0001 | Loss 1.0702 | Val MaF1: 0.3233 (Best: 0.3233) | Test MaF1: 0.3241 (Best: 0.3241) | MiF1: 0.4499 (Best: 0.4499)
2024-04-19 11:04:50,271 - root - INFO - ARI: 0.1889 | NMI: 0.1806
2024-04-19 11:04:50,272 - root - INFO - Epoch: 6 | LR: 0.0001 | Loss 1.0609 | Val MaF1: 0.3363 (Best: 0.3363) | Test MaF1: 0.3371 (Best: 0.3371) | MiF1: 0.4623 (Best: 0.4623)
2024-04-19 11:04:52,052 - root - INFO - ARI: 0.1978 | NMI: 0.1858
2024-04-19 11:04:52,053 - root - INFO - Epoch: 7 | LR: 0.0002 | Loss 1.0506 | Val MaF1: 0.3441 (Best: 0.3441) | Test MaF1: 0.3509 (Best: 0.3509) | MiF1: 0.4746 (Best: 0.4746)
2024-04-19 11:04:53,843 - root - INFO - ARI: 0.2150 | NMI: 0.1962
2024-04-19 11:04:53,844 - root - INFO - Epoch: 8 | LR: 0.0002 | Loss 1.0381 | Val MaF1: 0.3589 (Best: 0.3589) | Test MaF1: 0.3646 (Best: 0.3646) | MiF1: 0.4866 (Best: 0.4866)
2024-04-19 11:04:55,650 - root - INFO - ARI: 0.2292 | NMI: 0.2054
2024-04-19 11:04:55,650 - root - INFO - Epoch: 9 | LR: 0.0003 | Loss 1.0226 | Val MaF1: 0.3716 (Best: 0.3716) | Test MaF1: 0.3812 (Best: 0.3812) | MiF1: 0.5013 (Best: 0.5013)
2024-04-19 11:04:57,395 - root - INFO - ARI: 0.2431 | NMI: 0.2140
2024-04-19 11:04:57,396 - root - INFO - Epoch: 10 | LR: 0.0003 | Loss 1.0020 | Val MaF1: 0.3858 (Best: 0.3858) | Test MaF1: 0.4007 (Best: 0.4007) | MiF1: 0.5180 (Best: 0.5180)
2024-04-19 11:04:59,126 - root - INFO - ARI: 0.2535 | NMI: 0.2221
2024-04-19 11:04:59,126 - root - INFO - Epoch: 11 | LR: 0.0003 | Loss 0.9733 | Val MaF1: 0.3913 (Best: 0.3913) | Test MaF1: 0.4150 (Best: 0.4150) | MiF1: 0.5244 (Best: 0.5244)
2024-04-19 11:05:00,840 - root - INFO - ARI: 0.2609 | NMI: 0.2280
2024-04-19 11:05:00,840 - root - INFO - Epoch: 12 | LR: 0.0004 | Loss 0.9323 | Val MaF1: 0.4791 (Best: 0.4791) | Test MaF1: 0.4836 (Best: 0.4836) | MiF1: 0.5514 (Best: 0.5514)
2024-04-19 11:05:02,507 - root - INFO - ARI: 0.2639 | NMI: 0.2315
2024-04-19 11:05:02,508 - root - INFO - Epoch: 13 | LR: 0.0004 | Loss 0.8789 | Val MaF1: 0.6399 (Best: 0.6399) | Test MaF1: 0.6161 (Best: 0.6161) | MiF1: 0.6192 (Best: 0.6192)
2024-04-19 11:05:03,312 - root - INFO - Epoch: 14 | LR: 0.0005 | Loss 0.8182 | Val MaF1: 0.6211 (Best: 0.6399) | Test MaF1: 0.6088 (Best: 0.6161) | MiF1: 0.6099 (Best: 0.6192)
2024-04-19 11:05:04,085 - root - INFO - Epoch: 15 | LR: 0.0005 | Loss 0.7560 | Val MaF1: 0.6061 (Best: 0.6399) | Test MaF1: 0.5993 (Best: 0.6161) | MiF1: 0.6029 (Best: 0.6192)
2024-04-19 11:05:05,724 - root - INFO - ARI: 0.2893 | NMI: 0.2523
2024-04-19 11:05:05,724 - root - INFO - Epoch: 16 | LR: 0.0006 | Loss 0.6941 | Val MaF1: 0.6264 (Best: 0.6264) | Test MaF1: 0.6316 (Best: 0.6316) | MiF1: 0.6323 (Best: 0.6323)
2024-04-19 11:05:07,379 - root - INFO - ARI: 0.2990 | NMI: 0.2579
2024-04-19 11:05:07,379 - root - INFO - Epoch: 17 | LR: 0.0006 | Loss 0.6211 | Val MaF1: 0.6428 (Best: 0.6428) | Test MaF1: 0.6362 (Best: 0.6362) | MiF1: 0.6376 (Best: 0.6376)
2024-04-19 11:05:08,197 - root - INFO - Epoch: 18 | LR: 0.0007 | Loss 0.5643 | Val MaF1: 0.6300 (Best: 0.6428) | Test MaF1: 0.6272 (Best: 0.6362) | MiF1: 0.6309 (Best: 0.6376)
2024-04-19 11:05:08,939 - root - INFO - Epoch: 19 | LR: 0.0007 | Loss 0.5220 | Val MaF1: 0.6386 (Best: 0.6428) | Test MaF1: 0.6344 (Best: 0.6362) | MiF1: 0.6363 (Best: 0.6376)
2024-04-19 11:05:09,671 - root - INFO - Epoch: 20 | LR: 0.0008 | Loss 0.4818 | Val MaF1: 0.6335 (Best: 0.6428) | Test MaF1: 0.6336 (Best: 0.6362) | MiF1: 0.6343 (Best: 0.6376)
2024-04-19 11:05:10,388 - root - INFO - Epoch: 21 | LR: 0.0008 | Loss 0.4478 | Val MaF1: 0.6187 (Best: 0.6428) | Test MaF1: 0.6293 (Best: 0.6362) | MiF1: 0.6299 (Best: 0.6376)
2024-04-19 11:05:11,135 - root - INFO - Epoch: 22 | LR: 0.0009 | Loss 0.4279 | Val MaF1: 0.6175 (Best: 0.6428) | Test MaF1: 0.6271 (Best: 0.6362) | MiF1: 0.6273 (Best: 0.6376)
2024-04-19 11:05:11,899 - root - INFO - Epoch: 23 | LR: 0.0009 | Loss 0.4088 | Val MaF1: 0.6093 (Best: 0.6428) | Test MaF1: 0.6241 (Best: 0.6362) | MiF1: 0.6249 (Best: 0.6376)
2024-04-19 11:05:12,706 - root - INFO - Epoch: 24 | LR: 0.0009 | Loss 0.3936 | Val MaF1: 0.6181 (Best: 0.6428) | Test MaF1: 0.6228 (Best: 0.6362) | MiF1: 0.6246 (Best: 0.6376)
2024-04-19 11:05:13,569 - root - INFO - Epoch: 25 | LR: 0.0010 | Loss 0.3832 | Val MaF1: 0.6121 (Best: 0.6428) | Test MaF1: 0.6150 (Best: 0.6362) | MiF1: 0.6179 (Best: 0.6376)
2024-04-19 11:05:14,294 - root - INFO - Epoch: 26 | LR: 0.0010 | Loss 0.3761 | Val MaF1: 0.6147 (Best: 0.6428) | Test MaF1: 0.6131 (Best: 0.6362) | MiF1: 0.6156 (Best: 0.6376)
2024-04-19 11:05:15,103 - root - INFO - Epoch: 27 | LR: 0.0010 | Loss 0.3689 | Val MaF1: 0.6074 (Best: 0.6428) | Test MaF1: 0.6151 (Best: 0.6362) | MiF1: 0.6169 (Best: 0.6376)
2024-04-19 11:05:15,860 - root - INFO - Epoch: 28 | LR: 0.0010 | Loss 0.3639 | Val MaF1: 0.6056 (Best: 0.6428) | Test MaF1: 0.6112 (Best: 0.6362) | MiF1: 0.6126 (Best: 0.6376)
2024-04-19 11:05:16,701 - root - INFO - Epoch: 29 | LR: 0.0010 | Loss 0.3599 | Val MaF1: 0.6124 (Best: 0.6428) | Test MaF1: 0.6119 (Best: 0.6362) | MiF1: 0.6126 (Best: 0.6376)
2024-04-19 11:05:17,443 - root - INFO - Epoch: 30 | LR: 0.0010 | Loss 0.3570 | Val MaF1: 0.6118 (Best: 0.6428) | Test MaF1: 0.6121 (Best: 0.6362) | MiF1: 0.6126 (Best: 0.6376)
2024-04-19 11:05:18,161 - root - INFO - Epoch: 31 | LR: 0.0010 | Loss 0.3549 | Val MaF1: 0.6120 (Best: 0.6428) | Test MaF1: 0.6098 (Best: 0.6362) | MiF1: 0.6102 (Best: 0.6376)
2024-04-19 11:05:18,879 - root - INFO - Epoch: 32 | LR: 0.0010 | Loss 0.3530 | Val MaF1: 0.6073 (Best: 0.6428) | Test MaF1: 0.6086 (Best: 0.6362) | MiF1: 0.6092 (Best: 0.6376)
2024-04-19 11:05:19,626 - root - INFO - Epoch: 33 | LR: 0.0010 | Loss 0.3506 | Val MaF1: 0.6067 (Best: 0.6428) | Test MaF1: 0.6095 (Best: 0.6362) | MiF1: 0.6102 (Best: 0.6376)
2024-04-19 11:05:20,391 - root - INFO - Epoch: 34 | LR: 0.0010 | Loss 0.3492 | Val MaF1: 0.5991 (Best: 0.6428) | Test MaF1: 0.6088 (Best: 0.6362) | MiF1: 0.6099 (Best: 0.6376)
2024-04-19 11:05:21,153 - root - INFO - Epoch: 35 | LR: 0.0010 | Loss 0.3483 | Val MaF1: 0.5957 (Best: 0.6428) | Test MaF1: 0.6052 (Best: 0.6362) | MiF1: 0.6065 (Best: 0.6376)
2024-04-19 11:05:21,890 - root - INFO - Epoch: 36 | LR: 0.0010 | Loss 0.3474 | Val MaF1: 0.5933 (Best: 0.6428) | Test MaF1: 0.6043 (Best: 0.6362) | MiF1: 0.6059 (Best: 0.6376)
2024-04-19 11:05:22,654 - root - INFO - Epoch: 37 | LR: 0.0010 | Loss 0.3461 | Val MaF1: 0.6012 (Best: 0.6428) | Test MaF1: 0.6055 (Best: 0.6362) | MiF1: 0.6072 (Best: 0.6376)
2024-04-19 11:05:23,378 - root - INFO - Epoch: 38 | LR: 0.0010 | Loss 0.3454 | Val MaF1: 0.5987 (Best: 0.6428) | Test MaF1: 0.6070 (Best: 0.6362) | MiF1: 0.6089 (Best: 0.6376)
2024-04-19 11:05:24,107 - root - INFO - Epoch: 39 | LR: 0.0010 | Loss 0.3457 | Val MaF1: 0.5942 (Best: 0.6428) | Test MaF1: 0.6068 (Best: 0.6362) | MiF1: 0.6086 (Best: 0.6376)
2024-04-19 11:05:24,839 - root - INFO - Epoch: 40 | LR: 0.0009 | Loss 0.3449 | Val MaF1: 0.5942 (Best: 0.6428) | Test MaF1: 0.6055 (Best: 0.6362) | MiF1: 0.6072 (Best: 0.6376)
2024-04-19 11:05:25,576 - root - INFO - Epoch: 41 | LR: 0.0009 | Loss 0.3441 | Val MaF1: 0.5963 (Best: 0.6428) | Test MaF1: 0.6045 (Best: 0.6362) | MiF1: 0.6062 (Best: 0.6376)
2024-04-19 11:05:26,306 - root - INFO - Epoch: 42 | LR: 0.0009 | Loss 0.3437 | Val MaF1: 0.6003 (Best: 0.6428) | Test MaF1: 0.6034 (Best: 0.6362) | MiF1: 0.6052 (Best: 0.6376)
2024-04-19 11:05:27,071 - root - INFO - Epoch: 43 | LR: 0.0009 | Loss 0.3441 | Val MaF1: 0.5959 (Best: 0.6428) | Test MaF1: 0.6015 (Best: 0.6362) | MiF1: 0.6035 (Best: 0.6376)
2024-04-19 11:05:27,835 - root - INFO - Epoch: 44 | LR: 0.0009 | Loss 0.3432 | Val MaF1: 0.5939 (Best: 0.6428) | Test MaF1: 0.6010 (Best: 0.6362) | MiF1: 0.6032 (Best: 0.6376)
2024-04-19 11:05:28,575 - root - INFO - Epoch: 45 | LR: 0.0009 | Loss 0.3428 | Val MaF1: 0.5962 (Best: 0.6428) | Test MaF1: 0.6019 (Best: 0.6362) | MiF1: 0.6039 (Best: 0.6376)
2024-04-19 11:05:29,302 - root - INFO - Epoch: 46 | LR: 0.0009 | Loss 0.3422 | Val MaF1: 0.5962 (Best: 0.6428) | Test MaF1: 0.6035 (Best: 0.6362) | MiF1: 0.6055 (Best: 0.6376)
2024-04-19 11:05:30,086 - root - INFO - Epoch: 47 | LR: 0.0008 | Loss 0.3426 | Val MaF1: 0.5914 (Best: 0.6428) | Test MaF1: 0.6039 (Best: 0.6362) | MiF1: 0.6059 (Best: 0.6376)
2024-04-19 11:05:30,805 - root - INFO - Epoch: 48 | LR: 0.0008 | Loss 0.3421 | Val MaF1: 0.5966 (Best: 0.6428) | Test MaF1: 0.6045 (Best: 0.6362) | MiF1: 0.6065 (Best: 0.6376)
2024-04-19 11:05:31,584 - root - INFO - Epoch: 49 | LR: 0.0008 | Loss 0.3422 | Val MaF1: 0.5992 (Best: 0.6428) | Test MaF1: 0.6037 (Best: 0.6362) | MiF1: 0.6055 (Best: 0.6376)
2024-04-19 11:05:32,362 - root - INFO - Epoch: 50 | LR: 0.0008 | Loss 0.3415 | Val MaF1: 0.5968 (Best: 0.6428) | Test MaF1: 0.6032 (Best: 0.6362) | MiF1: 0.6049 (Best: 0.6376)
2024-04-19 11:05:33,119 - root - INFO - Epoch: 51 | LR: 0.0008 | Loss 0.3417 | Val MaF1: 0.5948 (Best: 0.6428) | Test MaF1: 0.6040 (Best: 0.6362) | MiF1: 0.6055 (Best: 0.6376)
2024-04-19 11:05:33,903 - root - INFO - Epoch: 52 | LR: 0.0008 | Loss 0.3413 | Val MaF1: 0.5997 (Best: 0.6428) | Test MaF1: 0.6034 (Best: 0.6362) | MiF1: 0.6049 (Best: 0.6376)
2024-04-19 11:05:34,665 - root - INFO - Epoch: 53 | LR: 0.0007 | Loss 0.3416 | Val MaF1: 0.5997 (Best: 0.6428) | Test MaF1: 0.6031 (Best: 0.6362) | MiF1: 0.6045 (Best: 0.6376)
2024-04-19 11:05:35,395 - root - INFO - Epoch: 54 | LR: 0.0007 | Loss 0.3414 | Val MaF1: 0.5996 (Best: 0.6428) | Test MaF1: 0.6037 (Best: 0.6362) | MiF1: 0.6049 (Best: 0.6376)
2024-04-19 11:05:36,124 - root - INFO - Epoch: 55 | LR: 0.0007 | Loss 0.3415 | Val MaF1: 0.6016 (Best: 0.6428) | Test MaF1: 0.6041 (Best: 0.6362) | MiF1: 0.6052 (Best: 0.6376)
2024-04-19 11:05:36,854 - root - INFO - Epoch: 56 | LR: 0.0007 | Loss 0.3416 | Val MaF1: 0.6014 (Best: 0.6428) | Test MaF1: 0.6037 (Best: 0.6362) | MiF1: 0.6049 (Best: 0.6376)
2024-04-19 11:05:37,628 - root - INFO - Epoch: 57 | LR: 0.0007 | Loss 0.3409 | Val MaF1: 0.6014 (Best: 0.6428) | Test MaF1: 0.6048 (Best: 0.6362) | MiF1: 0.6062 (Best: 0.6376)
2024-04-19 11:05:38,459 - root - INFO - Epoch: 58 | LR: 0.0006 | Loss 0.3405 | Val MaF1: 0.6039 (Best: 0.6428) | Test MaF1: 0.6069 (Best: 0.6362) | MiF1: 0.6082 (Best: 0.6376)
2024-04-19 11:05:39,187 - root - INFO - Epoch: 59 | LR: 0.0006 | Loss 0.3408 | Val MaF1: 0.6091 (Best: 0.6428) | Test MaF1: 0.6063 (Best: 0.6362) | MiF1: 0.6079 (Best: 0.6376)
2024-04-19 11:05:39,925 - root - INFO - Epoch: 60 | LR: 0.0006 | Loss 0.3413 | Val MaF1: 0.6074 (Best: 0.6428) | Test MaF1: 0.6057 (Best: 0.6362) | MiF1: 0.6072 (Best: 0.6376)
2024-04-19 11:05:40,645 - root - INFO - Epoch: 61 | LR: 0.0006 | Loss 0.3411 | Val MaF1: 0.6095 (Best: 0.6428) | Test MaF1: 0.6061 (Best: 0.6362) | MiF1: 0.6075 (Best: 0.6376)
2024-04-19 11:05:41,387 - root - INFO - Epoch: 62 | LR: 0.0005 | Loss 0.3405 | Val MaF1: 0.6072 (Best: 0.6428) | Test MaF1: 0.6055 (Best: 0.6362) | MiF1: 0.6069 (Best: 0.6376)
2024-04-19 11:05:42,197 - root - INFO - Epoch: 63 | LR: 0.0005 | Loss 0.3405 | Val MaF1: 0.6067 (Best: 0.6428) | Test MaF1: 0.6049 (Best: 0.6362) | MiF1: 0.6062 (Best: 0.6376)
2024-04-19 11:05:42,936 - root - INFO - Epoch: 64 | LR: 0.0005 | Loss 0.3403 | Val MaF1: 0.6020 (Best: 0.6428) | Test MaF1: 0.6036 (Best: 0.6362) | MiF1: 0.6052 (Best: 0.6376)
2024-04-19 11:05:43,709 - root - INFO - Epoch: 65 | LR: 0.0005 | Loss 0.3403 | Val MaF1: 0.6039 (Best: 0.6428) | Test MaF1: 0.6026 (Best: 0.6362) | MiF1: 0.6042 (Best: 0.6376)
2024-04-19 11:05:44,437 - root - INFO - Epoch: 66 | LR: 0.0005 | Loss 0.3409 | Val MaF1: 0.6057 (Best: 0.6428) | Test MaF1: 0.6039 (Best: 0.6362) | MiF1: 0.6055 (Best: 0.6376)
2024-04-19 11:05:45,189 - root - INFO - Epoch: 67 | LR: 0.0004 | Loss 0.3404 | Val MaF1: 0.6081 (Best: 0.6428) | Test MaF1: 0.6047 (Best: 0.6362) | MiF1: 0.6062 (Best: 0.6376)
2024-04-19 11:05:45,914 - root - INFO - Epoch: 68 | LR: 0.0004 | Loss 0.3409 | Val MaF1: 0.6059 (Best: 0.6428) | Test MaF1: 0.6038 (Best: 0.6362) | MiF1: 0.6052 (Best: 0.6376)
2024-04-19 11:05:46,640 - root - INFO - Epoch: 69 | LR: 0.0004 | Loss 0.3406 | Val MaF1: 0.6039 (Best: 0.6428) | Test MaF1: 0.6044 (Best: 0.6362) | MiF1: 0.6055 (Best: 0.6376)
2024-04-19 11:05:47,433 - root - INFO - Epoch: 70 | LR: 0.0004 | Loss 0.3404 | Val MaF1: 0.6039 (Best: 0.6428) | Test MaF1: 0.6062 (Best: 0.6362) | MiF1: 0.6072 (Best: 0.6376)
2024-04-19 11:05:48,168 - root - INFO - Epoch: 71 | LR: 0.0003 | Loss 0.3408 | Val MaF1: 0.6062 (Best: 0.6428) | Test MaF1: 0.6058 (Best: 0.6362) | MiF1: 0.6069 (Best: 0.6376)
2024-04-19 11:05:48,894 - root - INFO - Epoch: 72 | LR: 0.0003 | Loss 0.3404 | Val MaF1: 0.6062 (Best: 0.6428) | Test MaF1: 0.6059 (Best: 0.6362) | MiF1: 0.6069 (Best: 0.6376)
2024-04-19 11:05:51,374 - root - INFO - Epoch: 73 | LR: 0.0003 | Loss 0.3408 | Val MaF1: 0.6062 (Best: 0.6428) | Test MaF1: 0.6066 (Best: 0.6362) | MiF1: 0.6075 (Best: 0.6376)
2024-04-19 11:05:52,142 - root - INFO - Epoch: 74 | LR: 0.0003 | Loss 0.3403 | Val MaF1: 0.6062 (Best: 0.6428) | Test MaF1: 0.6073 (Best: 0.6362) | MiF1: 0.6082 (Best: 0.6376)
2024-04-19 11:05:52,865 - root - INFO - Epoch: 75 | LR: 0.0003 | Loss 0.3404 | Val MaF1: 0.6088 (Best: 0.6428) | Test MaF1: 0.6057 (Best: 0.6362) | MiF1: 0.6065 (Best: 0.6376)
2024-04-19 11:05:53,646 - root - INFO - Epoch: 76 | LR: 0.0002 | Loss 0.3404 | Val MaF1: 0.6064 (Best: 0.6428) | Test MaF1: 0.6068 (Best: 0.6362) | MiF1: 0.6075 (Best: 0.6376)
2024-04-19 11:05:54,371 - root - INFO - Epoch: 77 | LR: 0.0002 | Loss 0.3408 | Val MaF1: 0.6064 (Best: 0.6428) | Test MaF1: 0.6072 (Best: 0.6362) | MiF1: 0.6079 (Best: 0.6376)
2024-04-19 11:05:55,124 - root - INFO - Epoch: 78 | LR: 0.0002 | Loss 0.3409 | Val MaF1: 0.6039 (Best: 0.6428) | Test MaF1: 0.6076 (Best: 0.6362) | MiF1: 0.6082 (Best: 0.6376)
2024-04-19 11:05:55,905 - root - INFO - Epoch: 79 | LR: 0.0002 | Loss 0.3400 | Val MaF1: 0.6059 (Best: 0.6428) | Test MaF1: 0.6078 (Best: 0.6362) | MiF1: 0.6086 (Best: 0.6376)
2024-04-19 11:05:56,688 - root - INFO - Epoch: 80 | LR: 0.0002 | Loss 0.3412 | Val MaF1: 0.6059 (Best: 0.6428) | Test MaF1: 0.6074 (Best: 0.6362) | MiF1: 0.6082 (Best: 0.6376)
2024-04-19 11:05:57,578 - root - INFO - Epoch: 81 | LR: 0.0002 | Loss 0.3406 | Val MaF1: 0.6059 (Best: 0.6428) | Test MaF1: 0.6067 (Best: 0.6362) | MiF1: 0.6075 (Best: 0.6376)
2024-04-19 11:05:58,312 - root - INFO - Epoch: 82 | LR: 0.0001 | Loss 0.3404 | Val MaF1: 0.6059 (Best: 0.6428) | Test MaF1: 0.6074 (Best: 0.6362) | MiF1: 0.6082 (Best: 0.6376)
2024-04-19 11:05:59,083 - root - INFO - Epoch: 83 | LR: 0.0001 | Loss 0.3396 | Val MaF1: 0.6079 (Best: 0.6428) | Test MaF1: 0.6074 (Best: 0.6362) | MiF1: 0.6082 (Best: 0.6376)
2024-04-19 11:05:59,915 - root - INFO - Epoch: 84 | LR: 0.0001 | Loss 0.3404 | Val MaF1: 0.6079 (Best: 0.6428) | Test MaF1: 0.6074 (Best: 0.6362) | MiF1: 0.6082 (Best: 0.6376)
2024-04-19 11:06:03,510 - root - INFO - Epoch: 85 | LR: 0.0001 | Loss 0.3406 | Val MaF1: 0.6079 (Best: 0.6428) | Test MaF1: 0.6071 (Best: 0.6362) | MiF1: 0.6079 (Best: 0.6376)
2024-04-19 11:06:04,267 - root - INFO - Epoch: 86 | LR: 0.0001 | Loss 0.3402 | Val MaF1: 0.6079 (Best: 0.6428) | Test MaF1: 0.6071 (Best: 0.6362) | MiF1: 0.6079 (Best: 0.6376)
2024-04-19 11:06:08,284 - root - INFO - Epoch: 87 | LR: 0.0001 | Loss 0.3400 | Val MaF1: 0.6079 (Best: 0.6428) | Test MaF1: 0.6068 (Best: 0.6362) | MiF1: 0.6075 (Best: 0.6376)
2024-04-19 11:06:12,202 - root - INFO - Epoch: 88 | LR: 0.0001 | Loss 0.3405 | Val MaF1: 0.6079 (Best: 0.6428) | Test MaF1: 0.6072 (Best: 0.6362) | MiF1: 0.6079 (Best: 0.6376)
2024-04-19 11:06:12,982 - root - INFO - Epoch: 89 | LR: 0.0000 | Loss 0.3403 | Val MaF1: 0.6079 (Best: 0.6428) | Test MaF1: 0.6072 (Best: 0.6362) | MiF1: 0.6079 (Best: 0.6376)
2024-04-19 11:06:13,737 - root - INFO - Epoch: 90 | LR: 0.0000 | Loss 0.3409 | Val MaF1: 0.6079 (Best: 0.6428) | Test MaF1: 0.6072 (Best: 0.6362) | MiF1: 0.6079 (Best: 0.6376)
2024-04-19 11:06:18,127 - root - INFO - Epoch: 91 | LR: 0.0000 | Loss 0.3401 | Val MaF1: 0.6079 (Best: 0.6428) | Test MaF1: 0.6072 (Best: 0.6362) | MiF1: 0.6079 (Best: 0.6376)
2024-04-19 11:06:18,859 - root - INFO - Epoch: 92 | LR: 0.0000 | Loss 0.3400 | Val MaF1: 0.6079 (Best: 0.6428) | Test MaF1: 0.6072 (Best: 0.6362) | MiF1: 0.6079 (Best: 0.6376)
2024-04-19 11:06:19,576 - root - INFO - Epoch: 93 | LR: 0.0000 | Loss 0.3406 | Val MaF1: 0.6079 (Best: 0.6428) | Test MaF1: 0.6075 (Best: 0.6362) | MiF1: 0.6082 (Best: 0.6376)
2024-04-19 11:06:20,299 - root - INFO - Epoch: 94 | LR: 0.0000 | Loss 0.3401 | Val MaF1: 0.6059 (Best: 0.6428) | Test MaF1: 0.6078 (Best: 0.6362) | MiF1: 0.6086 (Best: 0.6376)
2024-04-19 11:06:21,027 - root - INFO - Epoch: 95 | LR: 0.0000 | Loss 0.3402 | Val MaF1: 0.6034 (Best: 0.6428) | Test MaF1: 0.6082 (Best: 0.6362) | MiF1: 0.6089 (Best: 0.6376)
2024-04-19 11:06:21,856 - root - INFO - Epoch: 96 | LR: 0.0000 | Loss 0.3396 | Val MaF1: 0.6034 (Best: 0.6428) | Test MaF1: 0.6085 (Best: 0.6362) | MiF1: 0.6092 (Best: 0.6376)
2024-04-19 11:06:22,589 - root - INFO - Epoch: 97 | LR: 0.0000 | Loss 0.3401 | Val MaF1: 0.6034 (Best: 0.6428) | Test MaF1: 0.6089 (Best: 0.6362) | MiF1: 0.6096 (Best: 0.6376)
2024-04-19 11:06:23,335 - root - INFO - Epoch: 98 | LR: 0.0000 | Loss 0.3399 | Val MaF1: 0.6034 (Best: 0.6428) | Test MaF1: 0.6089 (Best: 0.6362) | MiF1: 0.6096 (Best: 0.6376)
2024-04-19 11:06:24,186 - root - INFO - Epoch: 99 | LR: 0.0000 | Loss 0.3397 | Val MaF1: 0.6034 (Best: 0.6428) | Test MaF1: 0.6089 (Best: 0.6362) | MiF1: 0.6096 (Best: 0.6376)
2024-04-19 11:06:25,093 - root - INFO - Epoch: 100 | LR: 0.0000 | Loss 0.3398 | Val MaF1: 0.6034 (Best: 0.6428) | Test MaF1: 0.6089 (Best: 0.6362) | MiF1: 0.6096 (Best: 0.6376)
2024-04-19 11:06:25,093 - root - INFO - Best Epoch: 17 | Train MiF1: 0.9451,  MaF1: 0.9437 | Val MiF1: 0.6425, MaF1: 0.6428 | Test MaF1: 0.6362, MiF1: 0.6376
2024-04-19 11:06:25,722 - root - INFO - ARI: 0.2990 | NMI: 0.2579
