2024-04-22 20:50:28,488 - root - INFO - {'prefix': 'SR-HGN', 'gpu': 0, 'feat': 1, 'seed': 0, 'verbose': 1, 'train_split': 0.2, 'val_split': 0.3, 'num_type_heads': 4, 'num_node_heads': 4, 'hidden_dim': 256, 'clip': 1.0, 'num_layers': 3, 'alpha': 0.5, 'epochs': 100, 'dataset': 'imdb', 'input_dim': 256, 'aggregate': 'concat', 'iscuda': True, 'cluster': True, 'max_lr': 0.001, 'weight_decay': 1e-05, 'heads': 1, 'han_heads': [4], 'hh_heads': 3, 'dropout': 0.2}
2024-04-22 20:50:30,976 - root - INFO - Training SR-HGN with #param: 26248004
2024-04-22 20:50:32,181 - root - INFO - ARI: 0.0036 | NMI: 0.0057
2024-04-22 20:50:32,181 - root - INFO - Epoch: 1 | LR: 0.0000 | Loss 1.1003 | Val MaF1: 0.3252 (Best: 0.3252) | Test MaF1: 0.3054 (Best: 0.3054) | MiF1: 0.3664 (Best: 0.3664)
2024-04-22 20:50:32,599 - root - INFO - ARI: 0.0156 | NMI: 0.0218
2024-04-22 20:50:32,600 - root - INFO - Epoch: 2 | LR: 0.0001 | Loss 1.0969 | Val MaF1: 0.3661 (Best: 0.3661) | Test MaF1: 0.3391 (Best: 0.3391) | MiF1: 0.4142 (Best: 0.4142)
2024-04-22 20:50:32,738 - root - INFO - Epoch: 3 | LR: 0.0001 | Loss 1.0933 | Val MaF1: 0.3759 (Best: 0.3661) | Test MaF1: 0.3388 (Best: 0.3391) | MiF1: 0.4195 (Best: 0.4142)
2024-04-22 20:50:33,048 - root - INFO - ARI: 0.0653 | NMI: 0.0763
2024-04-22 20:50:33,048 - root - INFO - Epoch: 4 | LR: 0.0001 | Loss 1.0893 | Val MaF1: 0.4057 (Best: 0.4057) | Test MaF1: 0.3429 (Best: 0.3429) | MiF1: 0.4259 (Best: 0.4259)
2024-04-22 20:50:33,189 - root - INFO - Epoch: 5 | LR: 0.0001 | Loss 1.0838 | Val MaF1: 0.3988 (Best: 0.4057) | Test MaF1: 0.3425 (Best: 0.3429) | MiF1: 0.4289 (Best: 0.4259)
2024-04-22 20:50:33,495 - root - INFO - ARI: 0.0821 | NMI: 0.0926
2024-04-22 20:50:33,496 - root - INFO - Epoch: 6 | LR: 0.0001 | Loss 1.0776 | Val MaF1: 0.3963 (Best: 0.3963) | Test MaF1: 0.3553 (Best: 0.3553) | MiF1: 0.4436 (Best: 0.4436)
2024-04-22 20:50:33,858 - root - INFO - ARI: 0.0845 | NMI: 0.0965
2024-04-22 20:50:33,858 - root - INFO - Epoch: 7 | LR: 0.0002 | Loss 1.0693 | Val MaF1: 0.3905 (Best: 0.3905) | Test MaF1: 0.3685 (Best: 0.3685) | MiF1: 0.4579 (Best: 0.4579)
2024-04-22 20:50:34,216 - root - INFO - ARI: 0.0902 | NMI: 0.1025
2024-04-22 20:50:34,216 - root - INFO - Epoch: 8 | LR: 0.0002 | Loss 1.0588 | Val MaF1: 0.3923 (Best: 0.3923) | Test MaF1: 0.3807 (Best: 0.3807) | MiF1: 0.4689 (Best: 0.4689)
2024-04-22 20:50:34,564 - root - INFO - ARI: 0.0940 | NMI: 0.1077
2024-04-22 20:50:34,564 - root - INFO - Epoch: 9 | LR: 0.0003 | Loss 1.0458 | Val MaF1: 0.3850 (Best: 0.3850) | Test MaF1: 0.3904 (Best: 0.3904) | MiF1: 0.4783 (Best: 0.4783)
2024-04-22 20:50:34,916 - root - INFO - ARI: 0.0993 | NMI: 0.1188
2024-04-22 20:50:34,916 - root - INFO - Epoch: 10 | LR: 0.0003 | Loss 1.0288 | Val MaF1: 0.3804 (Best: 0.3804) | Test MaF1: 0.4042 (Best: 0.4042) | MiF1: 0.4896 (Best: 0.4896)
2024-04-22 20:50:35,274 - root - INFO - ARI: 0.1091 | NMI: 0.1302
2024-04-22 20:50:35,275 - root - INFO - Epoch: 11 | LR: 0.0003 | Loss 1.0060 | Val MaF1: 0.4034 (Best: 0.4034) | Test MaF1: 0.4189 (Best: 0.4189) | MiF1: 0.5023 (Best: 0.5023)
2024-04-22 20:50:35,650 - root - INFO - ARI: 0.1278 | NMI: 0.1451
2024-04-22 20:50:35,650 - root - INFO - Epoch: 12 | LR: 0.0004 | Loss 0.9820 | Val MaF1: 0.4304 (Best: 0.4304) | Test MaF1: 0.4343 (Best: 0.4343) | MiF1: 0.5140 (Best: 0.5140)
2024-04-22 20:50:35,991 - root - INFO - ARI: 0.1526 | NMI: 0.1604
2024-04-22 20:50:35,991 - root - INFO - Epoch: 13 | LR: 0.0004 | Loss 0.9496 | Val MaF1: 0.4662 (Best: 0.4662) | Test MaF1: 0.4651 (Best: 0.4651) | MiF1: 0.5354 (Best: 0.5354)
2024-04-22 20:50:36,329 - root - INFO - ARI: 0.1742 | NMI: 0.1719
2024-04-22 20:50:36,329 - root - INFO - Epoch: 14 | LR: 0.0005 | Loss 0.9090 | Val MaF1: 0.4834 (Best: 0.4834) | Test MaF1: 0.4935 (Best: 0.4935) | MiF1: 0.5484 (Best: 0.5484)
2024-04-22 20:50:36,663 - root - INFO - ARI: 0.2170 | NMI: 0.1961
2024-04-22 20:50:36,664 - root - INFO - Epoch: 15 | LR: 0.0005 | Loss 0.8581 | Val MaF1: 0.5726 (Best: 0.5726) | Test MaF1: 0.5421 (Best: 0.5421) | MiF1: 0.5731 (Best: 0.5731)
2024-04-22 20:50:37,000 - root - INFO - ARI: 0.2388 | NMI: 0.2089
2024-04-22 20:50:37,000 - root - INFO - Epoch: 16 | LR: 0.0006 | Loss 0.7920 | Val MaF1: 0.5920 (Best: 0.5920) | Test MaF1: 0.5855 (Best: 0.5855) | MiF1: 0.5989 (Best: 0.5989)
2024-04-22 20:50:37,339 - root - INFO - ARI: 0.2506 | NMI: 0.2198
2024-04-22 20:50:37,339 - root - INFO - Epoch: 17 | LR: 0.0006 | Loss 0.7215 | Val MaF1: 0.5992 (Best: 0.5992) | Test MaF1: 0.6145 (Best: 0.6145) | MiF1: 0.6176 (Best: 0.6176)
2024-04-22 20:50:37,695 - root - INFO - ARI: 0.2514 | NMI: 0.2209
2024-04-22 20:50:37,695 - root - INFO - Epoch: 18 | LR: 0.0007 | Loss 0.6470 | Val MaF1: 0.6080 (Best: 0.6080) | Test MaF1: 0.6204 (Best: 0.6204) | MiF1: 0.6206 (Best: 0.6206)
2024-04-22 20:50:37,834 - root - INFO - Epoch: 19 | LR: 0.0007 | Loss 0.5725 | Val MaF1: 0.6165 (Best: 0.6080) | Test MaF1: 0.6153 (Best: 0.6204) | MiF1: 0.6159 (Best: 0.6206)
2024-04-22 20:50:37,949 - root - INFO - Epoch: 20 | LR: 0.0008 | Loss 0.5105 | Val MaF1: 0.6132 (Best: 0.6080) | Test MaF1: 0.6159 (Best: 0.6204) | MiF1: 0.6172 (Best: 0.6206)
2024-04-22 20:50:38,057 - root - INFO - Epoch: 21 | LR: 0.0008 | Loss 0.4619 | Val MaF1: 0.6248 (Best: 0.6080) | Test MaF1: 0.6165 (Best: 0.6204) | MiF1: 0.6182 (Best: 0.6206)
2024-04-22 20:50:38,366 - root - INFO - ARI: 0.2751 | NMI: 0.2362
2024-04-22 20:50:38,366 - root - INFO - Epoch: 22 | LR: 0.0009 | Loss 0.4152 | Val MaF1: 0.6227 (Best: 0.6227) | Test MaF1: 0.6206 (Best: 0.6206) | MiF1: 0.6226 (Best: 0.6226)
2024-04-22 20:50:38,519 - root - INFO - Epoch: 23 | LR: 0.0009 | Loss 0.3857 | Val MaF1: 0.6021 (Best: 0.6227) | Test MaF1: 0.6181 (Best: 0.6206) | MiF1: 0.6202 (Best: 0.6226)
2024-04-22 20:50:38,629 - root - INFO - Epoch: 24 | LR: 0.0009 | Loss 0.3578 | Val MaF1: 0.5973 (Best: 0.6227) | Test MaF1: 0.6181 (Best: 0.6206) | MiF1: 0.6199 (Best: 0.6226)
2024-04-22 20:50:38,738 - root - INFO - Epoch: 25 | LR: 0.0010 | Loss 0.3338 | Val MaF1: 0.5935 (Best: 0.6227) | Test MaF1: 0.6127 (Best: 0.6206) | MiF1: 0.6146 (Best: 0.6226)
2024-04-22 20:50:38,843 - root - INFO - Epoch: 26 | LR: 0.0010 | Loss 0.3174 | Val MaF1: 0.5904 (Best: 0.6227) | Test MaF1: 0.6101 (Best: 0.6206) | MiF1: 0.6119 (Best: 0.6226)
2024-04-22 20:50:38,947 - root - INFO - Epoch: 27 | LR: 0.0010 | Loss 0.3042 | Val MaF1: 0.5995 (Best: 0.6227) | Test MaF1: 0.6081 (Best: 0.6206) | MiF1: 0.6099 (Best: 0.6226)
2024-04-22 20:50:39,051 - root - INFO - Epoch: 28 | LR: 0.0010 | Loss 0.2924 | Val MaF1: 0.6011 (Best: 0.6227) | Test MaF1: 0.6071 (Best: 0.6206) | MiF1: 0.6089 (Best: 0.6226)
2024-04-22 20:50:39,155 - root - INFO - Epoch: 29 | LR: 0.0010 | Loss 0.2882 | Val MaF1: 0.5899 (Best: 0.6227) | Test MaF1: 0.6062 (Best: 0.6206) | MiF1: 0.6079 (Best: 0.6226)
2024-04-22 20:50:39,259 - root - INFO - Epoch: 30 | LR: 0.0010 | Loss 0.2809 | Val MaF1: 0.5847 (Best: 0.6227) | Test MaF1: 0.6076 (Best: 0.6206) | MiF1: 0.6096 (Best: 0.6226)
2024-04-22 20:50:39,364 - root - INFO - Epoch: 31 | LR: 0.0010 | Loss 0.2750 | Val MaF1: 0.5817 (Best: 0.6227) | Test MaF1: 0.6084 (Best: 0.6206) | MiF1: 0.6109 (Best: 0.6226)
2024-04-22 20:50:39,469 - root - INFO - Epoch: 32 | LR: 0.0010 | Loss 0.2718 | Val MaF1: 0.5835 (Best: 0.6227) | Test MaF1: 0.6055 (Best: 0.6206) | MiF1: 0.6082 (Best: 0.6226)
2024-04-22 20:50:39,574 - root - INFO - Epoch: 33 | LR: 0.0010 | Loss 0.2649 | Val MaF1: 0.5782 (Best: 0.6227) | Test MaF1: 0.6045 (Best: 0.6206) | MiF1: 0.6075 (Best: 0.6226)
2024-04-22 20:50:39,678 - root - INFO - Epoch: 34 | LR: 0.0010 | Loss 0.2650 | Val MaF1: 0.5830 (Best: 0.6227) | Test MaF1: 0.6058 (Best: 0.6206) | MiF1: 0.6089 (Best: 0.6226)
2024-04-22 20:50:39,783 - root - INFO - Epoch: 35 | LR: 0.0010 | Loss 0.2618 | Val MaF1: 0.5827 (Best: 0.6227) | Test MaF1: 0.6020 (Best: 0.6206) | MiF1: 0.6049 (Best: 0.6226)
2024-04-22 20:50:39,887 - root - INFO - Epoch: 36 | LR: 0.0010 | Loss 0.2599 | Val MaF1: 0.5806 (Best: 0.6227) | Test MaF1: 0.6008 (Best: 0.6206) | MiF1: 0.6035 (Best: 0.6226)
2024-04-22 20:50:39,991 - root - INFO - Epoch: 37 | LR: 0.0010 | Loss 0.2585 | Val MaF1: 0.5807 (Best: 0.6227) | Test MaF1: 0.6000 (Best: 0.6206) | MiF1: 0.6025 (Best: 0.6226)
2024-04-22 20:50:40,095 - root - INFO - Epoch: 38 | LR: 0.0010 | Loss 0.2567 | Val MaF1: 0.5803 (Best: 0.6227) | Test MaF1: 0.5994 (Best: 0.6206) | MiF1: 0.6019 (Best: 0.6226)
2024-04-22 20:50:40,202 - root - INFO - Epoch: 39 | LR: 0.0010 | Loss 0.2540 | Val MaF1: 0.5799 (Best: 0.6227) | Test MaF1: 0.5958 (Best: 0.6206) | MiF1: 0.5982 (Best: 0.6226)
2024-04-22 20:50:40,307 - root - INFO - Epoch: 40 | LR: 0.0009 | Loss 0.2541 | Val MaF1: 0.5753 (Best: 0.6227) | Test MaF1: 0.5951 (Best: 0.6206) | MiF1: 0.5975 (Best: 0.6226)
2024-04-22 20:50:40,411 - root - INFO - Epoch: 41 | LR: 0.0009 | Loss 0.2536 | Val MaF1: 0.5749 (Best: 0.6227) | Test MaF1: 0.5983 (Best: 0.6206) | MiF1: 0.6005 (Best: 0.6226)
2024-04-22 20:50:40,515 - root - INFO - Epoch: 42 | LR: 0.0009 | Loss 0.2519 | Val MaF1: 0.5774 (Best: 0.6227) | Test MaF1: 0.5970 (Best: 0.6206) | MiF1: 0.5992 (Best: 0.6226)
2024-04-22 20:50:40,617 - root - INFO - Epoch: 43 | LR: 0.0009 | Loss 0.2518 | Val MaF1: 0.5781 (Best: 0.6227) | Test MaF1: 0.5985 (Best: 0.6206) | MiF1: 0.6005 (Best: 0.6226)
2024-04-22 20:50:40,722 - root - INFO - Epoch: 44 | LR: 0.0009 | Loss 0.2518 | Val MaF1: 0.5765 (Best: 0.6227) | Test MaF1: 0.5963 (Best: 0.6206) | MiF1: 0.5982 (Best: 0.6226)
2024-04-22 20:50:40,827 - root - INFO - Epoch: 45 | LR: 0.0009 | Loss 0.2508 | Val MaF1: 0.5771 (Best: 0.6227) | Test MaF1: 0.5975 (Best: 0.6206) | MiF1: 0.5992 (Best: 0.6226)
2024-04-22 20:50:40,931 - root - INFO - Epoch: 46 | LR: 0.0009 | Loss 0.2518 | Val MaF1: 0.5771 (Best: 0.6227) | Test MaF1: 0.5968 (Best: 0.6206) | MiF1: 0.5985 (Best: 0.6226)
2024-04-22 20:50:41,037 - root - INFO - Epoch: 47 | LR: 0.0008 | Loss 0.2509 | Val MaF1: 0.5748 (Best: 0.6227) | Test MaF1: 0.5957 (Best: 0.6206) | MiF1: 0.5975 (Best: 0.6226)
2024-04-22 20:50:41,140 - root - INFO - Epoch: 48 | LR: 0.0008 | Loss 0.2507 | Val MaF1: 0.5748 (Best: 0.6227) | Test MaF1: 0.5968 (Best: 0.6206) | MiF1: 0.5985 (Best: 0.6226)
2024-04-22 20:50:41,245 - root - INFO - Epoch: 49 | LR: 0.0008 | Loss 0.2509 | Val MaF1: 0.5748 (Best: 0.6227) | Test MaF1: 0.5969 (Best: 0.6206) | MiF1: 0.5989 (Best: 0.6226)
2024-04-22 20:50:41,351 - root - INFO - Epoch: 50 | LR: 0.0008 | Loss 0.2510 | Val MaF1: 0.5748 (Best: 0.6227) | Test MaF1: 0.5970 (Best: 0.6206) | MiF1: 0.5992 (Best: 0.6226)
2024-04-22 20:50:41,455 - root - INFO - Epoch: 51 | LR: 0.0008 | Loss 0.2503 | Val MaF1: 0.5847 (Best: 0.6227) | Test MaF1: 0.5970 (Best: 0.6206) | MiF1: 0.5995 (Best: 0.6226)
2024-04-22 20:50:41,559 - root - INFO - Epoch: 52 | LR: 0.0008 | Loss 0.2504 | Val MaF1: 0.5821 (Best: 0.6227) | Test MaF1: 0.5969 (Best: 0.6206) | MiF1: 0.5995 (Best: 0.6226)
2024-04-22 20:50:41,663 - root - INFO - Epoch: 53 | LR: 0.0007 | Loss 0.2499 | Val MaF1: 0.5794 (Best: 0.6227) | Test MaF1: 0.5953 (Best: 0.6206) | MiF1: 0.5982 (Best: 0.6226)
2024-04-22 20:50:41,766 - root - INFO - Epoch: 54 | LR: 0.0007 | Loss 0.2498 | Val MaF1: 0.5768 (Best: 0.6227) | Test MaF1: 0.5953 (Best: 0.6206) | MiF1: 0.5982 (Best: 0.6226)
2024-04-22 20:50:41,876 - root - INFO - Epoch: 55 | LR: 0.0007 | Loss 0.2496 | Val MaF1: 0.5743 (Best: 0.6227) | Test MaF1: 0.5952 (Best: 0.6206) | MiF1: 0.5982 (Best: 0.6226)
2024-04-22 20:50:41,980 - root - INFO - Epoch: 56 | LR: 0.0007 | Loss 0.2498 | Val MaF1: 0.5698 (Best: 0.6227) | Test MaF1: 0.5949 (Best: 0.6206) | MiF1: 0.5979 (Best: 0.6226)
2024-04-22 20:50:42,084 - root - INFO - Epoch: 57 | LR: 0.0007 | Loss 0.2497 | Val MaF1: 0.5725 (Best: 0.6227) | Test MaF1: 0.5957 (Best: 0.6206) | MiF1: 0.5985 (Best: 0.6226)
2024-04-22 20:50:42,187 - root - INFO - Epoch: 58 | LR: 0.0006 | Loss 0.2492 | Val MaF1: 0.5725 (Best: 0.6227) | Test MaF1: 0.5972 (Best: 0.6206) | MiF1: 0.5999 (Best: 0.6226)
2024-04-22 20:50:42,292 - root - INFO - Epoch: 59 | LR: 0.0006 | Loss 0.2492 | Val MaF1: 0.5725 (Best: 0.6227) | Test MaF1: 0.5951 (Best: 0.6206) | MiF1: 0.5975 (Best: 0.6226)
2024-04-22 20:50:42,396 - root - INFO - Epoch: 60 | LR: 0.0006 | Loss 0.2493 | Val MaF1: 0.5725 (Best: 0.6227) | Test MaF1: 0.5939 (Best: 0.6206) | MiF1: 0.5962 (Best: 0.6226)
2024-04-22 20:50:42,501 - root - INFO - Epoch: 61 | LR: 0.0006 | Loss 0.2491 | Val MaF1: 0.5725 (Best: 0.6227) | Test MaF1: 0.5943 (Best: 0.6206) | MiF1: 0.5965 (Best: 0.6226)
2024-04-22 20:50:42,606 - root - INFO - Epoch: 62 | LR: 0.0005 | Loss 0.2493 | Val MaF1: 0.5725 (Best: 0.6227) | Test MaF1: 0.5939 (Best: 0.6206) | MiF1: 0.5962 (Best: 0.6226)
2024-04-22 20:50:42,710 - root - INFO - Epoch: 63 | LR: 0.0005 | Loss 0.2492 | Val MaF1: 0.5751 (Best: 0.6227) | Test MaF1: 0.5933 (Best: 0.6206) | MiF1: 0.5955 (Best: 0.6226)
2024-04-22 20:50:42,814 - root - INFO - Epoch: 64 | LR: 0.0005 | Loss 0.2492 | Val MaF1: 0.5751 (Best: 0.6227) | Test MaF1: 0.5941 (Best: 0.6206) | MiF1: 0.5962 (Best: 0.6226)
2024-04-22 20:50:42,919 - root - INFO - Epoch: 65 | LR: 0.0005 | Loss 0.2499 | Val MaF1: 0.5751 (Best: 0.6227) | Test MaF1: 0.5943 (Best: 0.6206) | MiF1: 0.5965 (Best: 0.6226)
2024-04-22 20:50:43,022 - root - INFO - Epoch: 66 | LR: 0.0005 | Loss 0.2505 | Val MaF1: 0.5751 (Best: 0.6227) | Test MaF1: 0.5940 (Best: 0.6206) | MiF1: 0.5962 (Best: 0.6226)
2024-04-22 20:50:43,126 - root - INFO - Epoch: 67 | LR: 0.0004 | Loss 0.2494 | Val MaF1: 0.5729 (Best: 0.6227) | Test MaF1: 0.5950 (Best: 0.6206) | MiF1: 0.5972 (Best: 0.6226)
2024-04-22 20:50:43,230 - root - INFO - Epoch: 68 | LR: 0.0004 | Loss 0.2487 | Val MaF1: 0.5729 (Best: 0.6227) | Test MaF1: 0.5938 (Best: 0.6206) | MiF1: 0.5959 (Best: 0.6226)
2024-04-22 20:50:43,335 - root - INFO - Epoch: 69 | LR: 0.0004 | Loss 0.2488 | Val MaF1: 0.5729 (Best: 0.6227) | Test MaF1: 0.5960 (Best: 0.6206) | MiF1: 0.5979 (Best: 0.6226)
2024-04-22 20:50:43,439 - root - INFO - Epoch: 70 | LR: 0.0004 | Loss 0.2494 | Val MaF1: 0.5729 (Best: 0.6227) | Test MaF1: 0.5960 (Best: 0.6206) | MiF1: 0.5979 (Best: 0.6226)
2024-04-22 20:50:43,543 - root - INFO - Epoch: 71 | LR: 0.0003 | Loss 0.2485 | Val MaF1: 0.5781 (Best: 0.6227) | Test MaF1: 0.5960 (Best: 0.6206) | MiF1: 0.5979 (Best: 0.6226)
2024-04-22 20:50:43,648 - root - INFO - Epoch: 72 | LR: 0.0003 | Loss 0.2486 | Val MaF1: 0.5806 (Best: 0.6227) | Test MaF1: 0.5960 (Best: 0.6206) | MiF1: 0.5979 (Best: 0.6226)
2024-04-22 20:50:43,751 - root - INFO - Epoch: 73 | LR: 0.0003 | Loss 0.2484 | Val MaF1: 0.5806 (Best: 0.6227) | Test MaF1: 0.5960 (Best: 0.6206) | MiF1: 0.5979 (Best: 0.6226)
2024-04-22 20:50:43,856 - root - INFO - Epoch: 74 | LR: 0.0003 | Loss 0.2486 | Val MaF1: 0.5806 (Best: 0.6227) | Test MaF1: 0.5957 (Best: 0.6206) | MiF1: 0.5975 (Best: 0.6226)
2024-04-22 20:50:43,960 - root - INFO - Epoch: 75 | LR: 0.0003 | Loss 0.2486 | Val MaF1: 0.5780 (Best: 0.6227) | Test MaF1: 0.5961 (Best: 0.6206) | MiF1: 0.5979 (Best: 0.6226)
2024-04-22 20:50:44,064 - root - INFO - Epoch: 76 | LR: 0.0002 | Loss 0.2488 | Val MaF1: 0.5759 (Best: 0.6227) | Test MaF1: 0.5961 (Best: 0.6206) | MiF1: 0.5979 (Best: 0.6226)
2024-04-22 20:50:44,170 - root - INFO - Epoch: 77 | LR: 0.0002 | Loss 0.2487 | Val MaF1: 0.5733 (Best: 0.6227) | Test MaF1: 0.5953 (Best: 0.6206) | MiF1: 0.5972 (Best: 0.6226)
2024-04-22 20:50:44,274 - root - INFO - Epoch: 78 | LR: 0.0002 | Loss 0.2487 | Val MaF1: 0.5733 (Best: 0.6227) | Test MaF1: 0.5953 (Best: 0.6206) | MiF1: 0.5972 (Best: 0.6226)
2024-04-22 20:50:44,379 - root - INFO - Epoch: 79 | LR: 0.0002 | Loss 0.2491 | Val MaF1: 0.5733 (Best: 0.6227) | Test MaF1: 0.5952 (Best: 0.6206) | MiF1: 0.5972 (Best: 0.6226)
2024-04-22 20:50:44,483 - root - INFO - Epoch: 80 | LR: 0.0002 | Loss 0.2486 | Val MaF1: 0.5733 (Best: 0.6227) | Test MaF1: 0.5945 (Best: 0.6206) | MiF1: 0.5965 (Best: 0.6226)
2024-04-22 20:50:44,587 - root - INFO - Epoch: 81 | LR: 0.0002 | Loss 0.2489 | Val MaF1: 0.5754 (Best: 0.6227) | Test MaF1: 0.5948 (Best: 0.6206) | MiF1: 0.5969 (Best: 0.6226)
2024-04-22 20:50:44,691 - root - INFO - Epoch: 82 | LR: 0.0001 | Loss 0.2489 | Val MaF1: 0.5754 (Best: 0.6227) | Test MaF1: 0.5951 (Best: 0.6206) | MiF1: 0.5972 (Best: 0.6226)
2024-04-22 20:50:44,795 - root - INFO - Epoch: 83 | LR: 0.0001 | Loss 0.2488 | Val MaF1: 0.5754 (Best: 0.6227) | Test MaF1: 0.5957 (Best: 0.6206) | MiF1: 0.5979 (Best: 0.6226)
2024-04-22 20:50:44,900 - root - INFO - Epoch: 84 | LR: 0.0001 | Loss 0.2489 | Val MaF1: 0.5754 (Best: 0.6227) | Test MaF1: 0.5956 (Best: 0.6206) | MiF1: 0.5979 (Best: 0.6226)
2024-04-22 20:50:45,004 - root - INFO - Epoch: 85 | LR: 0.0001 | Loss 0.2485 | Val MaF1: 0.5754 (Best: 0.6227) | Test MaF1: 0.5956 (Best: 0.6206) | MiF1: 0.5979 (Best: 0.6226)
2024-04-22 20:50:45,109 - root - INFO - Epoch: 86 | LR: 0.0001 | Loss 0.2489 | Val MaF1: 0.5754 (Best: 0.6227) | Test MaF1: 0.5958 (Best: 0.6206) | MiF1: 0.5982 (Best: 0.6226)
2024-04-22 20:50:45,213 - root - INFO - Epoch: 87 | LR: 0.0001 | Loss 0.2486 | Val MaF1: 0.5754 (Best: 0.6227) | Test MaF1: 0.5961 (Best: 0.6206) | MiF1: 0.5985 (Best: 0.6226)
2024-04-22 20:50:45,318 - root - INFO - Epoch: 88 | LR: 0.0001 | Loss 0.2484 | Val MaF1: 0.5754 (Best: 0.6227) | Test MaF1: 0.5961 (Best: 0.6206) | MiF1: 0.5985 (Best: 0.6226)
2024-04-22 20:50:45,422 - root - INFO - Epoch: 89 | LR: 0.0000 | Loss 0.2489 | Val MaF1: 0.5754 (Best: 0.6227) | Test MaF1: 0.5961 (Best: 0.6206) | MiF1: 0.5985 (Best: 0.6226)
2024-04-22 20:50:45,526 - root - INFO - Epoch: 90 | LR: 0.0000 | Loss 0.2495 | Val MaF1: 0.5754 (Best: 0.6227) | Test MaF1: 0.5961 (Best: 0.6206) | MiF1: 0.5985 (Best: 0.6226)
2024-04-22 20:50:45,630 - root - INFO - Epoch: 91 | LR: 0.0000 | Loss 0.2489 | Val MaF1: 0.5754 (Best: 0.6227) | Test MaF1: 0.5957 (Best: 0.6206) | MiF1: 0.5982 (Best: 0.6226)
2024-04-22 20:50:45,735 - root - INFO - Epoch: 92 | LR: 0.0000 | Loss 0.2486 | Val MaF1: 0.5754 (Best: 0.6227) | Test MaF1: 0.5954 (Best: 0.6206) | MiF1: 0.5979 (Best: 0.6226)
2024-04-22 20:50:45,846 - root - INFO - Epoch: 93 | LR: 0.0000 | Loss 0.2485 | Val MaF1: 0.5754 (Best: 0.6227) | Test MaF1: 0.5954 (Best: 0.6206) | MiF1: 0.5979 (Best: 0.6226)
2024-04-22 20:50:45,949 - root - INFO - Epoch: 94 | LR: 0.0000 | Loss 0.2486 | Val MaF1: 0.5754 (Best: 0.6227) | Test MaF1: 0.5951 (Best: 0.6206) | MiF1: 0.5975 (Best: 0.6226)
2024-04-22 20:50:46,054 - root - INFO - Epoch: 95 | LR: 0.0000 | Loss 0.2490 | Val MaF1: 0.5754 (Best: 0.6227) | Test MaF1: 0.5951 (Best: 0.6206) | MiF1: 0.5975 (Best: 0.6226)
2024-04-22 20:50:46,158 - root - INFO - Epoch: 96 | LR: 0.0000 | Loss 0.2486 | Val MaF1: 0.5754 (Best: 0.6227) | Test MaF1: 0.5951 (Best: 0.6206) | MiF1: 0.5975 (Best: 0.6226)
2024-04-22 20:50:46,261 - root - INFO - Epoch: 97 | LR: 0.0000 | Loss 0.2494 | Val MaF1: 0.5754 (Best: 0.6227) | Test MaF1: 0.5951 (Best: 0.6206) | MiF1: 0.5975 (Best: 0.6226)
2024-04-22 20:50:46,365 - root - INFO - Epoch: 98 | LR: 0.0000 | Loss 0.2485 | Val MaF1: 0.5754 (Best: 0.6227) | Test MaF1: 0.5951 (Best: 0.6206) | MiF1: 0.5975 (Best: 0.6226)
2024-04-22 20:50:46,469 - root - INFO - Epoch: 99 | LR: 0.0000 | Loss 0.2484 | Val MaF1: 0.5754 (Best: 0.6227) | Test MaF1: 0.5951 (Best: 0.6206) | MiF1: 0.5975 (Best: 0.6226)
2024-04-22 20:50:46,574 - root - INFO - Epoch: 100 | LR: 0.0000 | Loss 0.2488 | Val MaF1: 0.5754 (Best: 0.6227) | Test MaF1: 0.5951 (Best: 0.6206) | MiF1: 0.5975 (Best: 0.6226)
2024-04-22 20:50:46,575 - root - INFO - Best Epoch: 22 | Train MiF1: 0.9381,  MaF1: 0.9374 | Val MiF1: 0.6238, MaF1: 0.6227 | Test MaF1: 0.6206, MiF1: 0.6226
2024-04-22 20:50:46,685 - root - INFO - ARI: 0.2751 | NMI: 0.2362
