2024-04-18 12:54:39,552 - root - INFO - {'prefix': 'SR-HGN', 'gpu': 0, 'feat': 1, 'seed': 0, 'verbose': 1, 'train_split': 0.2, 'val_split': 0.3, 'num_type_heads': 4, 'num_node_heads': 4, 'hidden_dim': 16, 'clip': 1.0, 'num_layers': 3, 'alpha': 0.5, 'epochs': 100, 'dataset': 'imdb', 'input_dim': 256, 'aggregate': 'concat', 'iscuda': False, 'cluster': True, 'max_lr': 0.001, 'weight_decay': 1e-05, 'heads': 8, 'han_heads': [4], 'hh_heads': 3, 'dropout': 0.2}
2024-04-18 12:54:39,753 - root - INFO - Training SR-HGN with #param: 2475411
2024-04-18 12:54:44,452 - root - INFO - ARI: 0.0014 | NMI: 0.0017
2024-04-18 12:54:44,452 - root - INFO - Epoch: 1 | LR: 0.0000 | Loss 1.1090 | Val MaF1: 0.1402 (Best: 0.1402) | Test MaF1: 0.1397 (Best: 0.1397) | MiF1: 0.2652 (Best: 0.2652)
2024-04-18 12:54:47,921 - root - INFO - Epoch: 2 | LR: 0.0001 | Loss 1.1061 | Val MaF1: 0.1402 (Best: 0.1402) | Test MaF1: 0.1397 (Best: 0.1397) | MiF1: 0.2652 (Best: 0.2652)
2024-04-18 12:54:51,597 - root - INFO - Epoch: 3 | LR: 0.0001 | Loss 1.1061 | Val MaF1: 0.1402 (Best: 0.1402) | Test MaF1: 0.1397 (Best: 0.1397) | MiF1: 0.2652 (Best: 0.2652)
2024-04-18 12:54:55,099 - root - INFO - Epoch: 4 | LR: 0.0001 | Loss 1.1060 | Val MaF1: 0.1402 (Best: 0.1402) | Test MaF1: 0.1397 (Best: 0.1397) | MiF1: 0.2652 (Best: 0.2652)
2024-04-18 12:54:58,616 - root - INFO - Epoch: 5 | LR: 0.0001 | Loss 1.1017 | Val MaF1: 0.1402 (Best: 0.1402) | Test MaF1: 0.1397 (Best: 0.1397) | MiF1: 0.2652 (Best: 0.2652)
2024-04-18 12:55:03,151 - root - INFO - ARI: 0.0018 | NMI: 0.0022
2024-04-18 12:55:03,151 - root - INFO - Epoch: 6 | LR: 0.0001 | Loss 1.1010 | Val MaF1: 0.1402 (Best: 0.1402) | Test MaF1: 0.1404 (Best: 0.1404) | MiF1: 0.2655 (Best: 0.2655)
2024-04-18 12:55:07,827 - root - INFO - ARI: 0.0022 | NMI: 0.0027
2024-04-18 12:55:07,827 - root - INFO - Epoch: 7 | LR: 0.0002 | Loss 1.1024 | Val MaF1: 0.1449 (Best: 0.1449) | Test MaF1: 0.1417 (Best: 0.1417) | MiF1: 0.2662 (Best: 0.2662)
2024-04-18 12:55:12,295 - root - INFO - ARI: 0.0029 | NMI: 0.0032
2024-04-18 12:55:12,295 - root - INFO - Epoch: 8 | LR: 0.0002 | Loss 1.1000 | Val MaF1: 0.1537 (Best: 0.1537) | Test MaF1: 0.1461 (Best: 0.1461) | MiF1: 0.2682 (Best: 0.2682)
2024-04-18 12:55:17,291 - root - INFO - ARI: 0.0033 | NMI: 0.0039
2024-04-18 12:55:17,291 - root - INFO - Epoch: 9 | LR: 0.0003 | Loss 1.0947 | Val MaF1: 0.1751 (Best: 0.1751) | Test MaF1: 0.1732 (Best: 0.1732) | MiF1: 0.2802 (Best: 0.2802)
2024-04-18 12:55:22,000 - root - INFO - ARI: 0.0053 | NMI: 0.0063
2024-04-18 12:55:22,000 - root - INFO - Epoch: 10 | LR: 0.0003 | Loss 1.0930 | Val MaF1: 0.3069 (Best: 0.3069) | Test MaF1: 0.3172 (Best: 0.3172) | MiF1: 0.3604 (Best: 0.3604)
2024-04-18 12:55:26,649 - root - INFO - ARI: 0.0059 | NMI: 0.0069
2024-04-18 12:55:26,649 - root - INFO - Epoch: 11 | LR: 0.0003 | Loss 1.0916 | Val MaF1: 0.5255 (Best: 0.5255) | Test MaF1: 0.4892 (Best: 0.4892) | MiF1: 0.4890 (Best: 0.4890)
2024-04-18 12:55:31,483 - root - INFO - ARI: 0.0088 | NMI: 0.0099
2024-04-18 12:55:31,483 - root - INFO - Epoch: 12 | LR: 0.0004 | Loss 1.0849 | Val MaF1: 0.4874 (Best: 0.4874) | Test MaF1: 0.5093 (Best: 0.5093) | MiF1: 0.5307 (Best: 0.5307)
2024-04-18 12:55:35,211 - root - INFO - Epoch: 13 | LR: 0.0004 | Loss 1.0839 | Val MaF1: 0.4056 (Best: 0.4874) | Test MaF1: 0.4164 (Best: 0.5093) | MiF1: 0.4983 (Best: 0.5307)
2024-04-18 12:55:38,823 - root - INFO - Epoch: 14 | LR: 0.0005 | Loss 1.0792 | Val MaF1: 0.3775 (Best: 0.4874) | Test MaF1: 0.3905 (Best: 0.5093) | MiF1: 0.4927 (Best: 0.5307)
2024-04-18 12:55:43,228 - root - INFO - Epoch: 15 | LR: 0.0005 | Loss 1.0730 | Val MaF1: 0.3713 (Best: 0.4874) | Test MaF1: 0.3709 (Best: 0.5093) | MiF1: 0.4853 (Best: 0.5307)
2024-04-18 12:55:49,296 - root - INFO - Epoch: 16 | LR: 0.0006 | Loss 1.0664 | Val MaF1: 0.3723 (Best: 0.4874) | Test MaF1: 0.3625 (Best: 0.5093) | MiF1: 0.4800 (Best: 0.5307)
2024-04-18 12:55:53,718 - root - INFO - Epoch: 17 | LR: 0.0006 | Loss 1.0581 | Val MaF1: 0.3633 (Best: 0.4874) | Test MaF1: 0.3531 (Best: 0.5093) | MiF1: 0.4729 (Best: 0.5307)
2024-04-18 12:55:57,746 - root - INFO - Epoch: 18 | LR: 0.0007 | Loss 1.0529 | Val MaF1: 0.3620 (Best: 0.4874) | Test MaF1: 0.3483 (Best: 0.5093) | MiF1: 0.4696 (Best: 0.5307)
2024-04-18 12:56:01,800 - root - INFO - Epoch: 19 | LR: 0.0007 | Loss 1.0441 | Val MaF1: 0.3629 (Best: 0.4874) | Test MaF1: 0.3478 (Best: 0.5093) | MiF1: 0.4706 (Best: 0.5307)
2024-04-18 12:56:05,477 - root - INFO - Epoch: 20 | LR: 0.0008 | Loss 1.0380 | Val MaF1: 0.3538 (Best: 0.4874) | Test MaF1: 0.3501 (Best: 0.5093) | MiF1: 0.4733 (Best: 0.5307)
2024-04-18 12:56:09,169 - root - INFO - Epoch: 21 | LR: 0.0008 | Loss 1.0293 | Val MaF1: 0.3552 (Best: 0.4874) | Test MaF1: 0.3520 (Best: 0.5093) | MiF1: 0.4746 (Best: 0.5307)
2024-04-18 12:56:12,843 - root - INFO - Epoch: 22 | LR: 0.0009 | Loss 1.0211 | Val MaF1: 0.3676 (Best: 0.4874) | Test MaF1: 0.3609 (Best: 0.5093) | MiF1: 0.4833 (Best: 0.5307)
2024-04-18 12:56:16,458 - root - INFO - Epoch: 23 | LR: 0.0009 | Loss 1.0092 | Val MaF1: 0.3661 (Best: 0.4874) | Test MaF1: 0.3688 (Best: 0.5093) | MiF1: 0.4880 (Best: 0.5307)
2024-04-18 12:56:20,191 - root - INFO - Epoch: 24 | LR: 0.0009 | Loss 0.9956 | Val MaF1: 0.3714 (Best: 0.4874) | Test MaF1: 0.3824 (Best: 0.5093) | MiF1: 0.4947 (Best: 0.5307)
2024-04-18 12:56:23,888 - root - INFO - Epoch: 25 | LR: 0.0010 | Loss 0.9796 | Val MaF1: 0.3904 (Best: 0.4874) | Test MaF1: 0.4031 (Best: 0.5093) | MiF1: 0.5070 (Best: 0.5307)
2024-04-18 12:56:27,513 - root - INFO - Epoch: 26 | LR: 0.0010 | Loss 0.9641 | Val MaF1: 0.4259 (Best: 0.4874) | Test MaF1: 0.4352 (Best: 0.5093) | MiF1: 0.5237 (Best: 0.5307)
2024-04-18 12:56:31,180 - root - INFO - Epoch: 27 | LR: 0.0010 | Loss 0.9388 | Val MaF1: 0.4602 (Best: 0.4874) | Test MaF1: 0.4682 (Best: 0.5093) | MiF1: 0.5387 (Best: 0.5307)
2024-04-18 12:56:36,001 - root - INFO - ARI: 0.1276 | NMI: 0.1624
2024-04-18 12:56:36,001 - root - INFO - Epoch: 28 | LR: 0.0010 | Loss 0.9218 | Val MaF1: 0.5282 (Best: 0.5282) | Test MaF1: 0.5127 (Best: 0.5127) | MiF1: 0.5605 (Best: 0.5605)
2024-04-18 12:56:40,734 - root - INFO - ARI: 0.1282 | NMI: 0.1622
2024-04-18 12:56:40,735 - root - INFO - Epoch: 29 | LR: 0.0010 | Loss 0.8965 | Val MaF1: 0.5924 (Best: 0.5924) | Test MaF1: 0.5701 (Best: 0.5701) | MiF1: 0.5915 (Best: 0.5915)
2024-04-18 12:56:45,868 - root - INFO - ARI: 0.1539 | NMI: 0.1680
2024-04-18 12:56:45,869 - root - INFO - Epoch: 30 | LR: 0.0010 | Loss 0.8708 | Val MaF1: 0.6391 (Best: 0.6391) | Test MaF1: 0.6026 (Best: 0.6026) | MiF1: 0.6096 (Best: 0.6096)
2024-04-18 12:56:50,694 - root - INFO - ARI: 0.1912 | NMI: 0.1877
2024-04-18 12:56:50,695 - root - INFO - Epoch: 31 | LR: 0.0010 | Loss 0.8421 | Val MaF1: 0.6636 (Best: 0.6636) | Test MaF1: 0.6218 (Best: 0.6218) | MiF1: 0.6219 (Best: 0.6219)
2024-04-18 12:56:55,536 - root - INFO - ARI: 0.2230 | NMI: 0.2166
2024-04-18 12:56:55,536 - root - INFO - Epoch: 32 | LR: 0.0010 | Loss 0.8169 | Val MaF1: 0.6523 (Best: 0.6523) | Test MaF1: 0.6257 (Best: 0.6257) | MiF1: 0.6242 (Best: 0.6242)
2024-04-18 12:57:00,283 - root - INFO - ARI: 0.2214 | NMI: 0.2160
2024-04-18 12:57:00,283 - root - INFO - Epoch: 33 | LR: 0.0010 | Loss 0.7860 | Val MaF1: 0.6597 (Best: 0.6597) | Test MaF1: 0.6287 (Best: 0.6287) | MiF1: 0.6269 (Best: 0.6269)
2024-04-18 12:57:05,008 - root - INFO - ARI: 0.2182 | NMI: 0.2148
2024-04-18 12:57:05,008 - root - INFO - Epoch: 34 | LR: 0.0010 | Loss 0.7630 | Val MaF1: 0.6497 (Best: 0.6497) | Test MaF1: 0.6318 (Best: 0.6318) | MiF1: 0.6303 (Best: 0.6303)
2024-04-18 12:57:09,628 - root - INFO - ARI: 0.2160 | NMI: 0.2161
2024-04-18 12:57:09,628 - root - INFO - Epoch: 35 | LR: 0.0010 | Loss 0.7337 | Val MaF1: 0.6540 (Best: 0.6540) | Test MaF1: 0.6341 (Best: 0.6341) | MiF1: 0.6326 (Best: 0.6326)
2024-04-18 12:57:13,416 - root - INFO - Epoch: 36 | LR: 0.0010 | Loss 0.7068 | Val MaF1: 0.6597 (Best: 0.6540) | Test MaF1: 0.6340 (Best: 0.6341) | MiF1: 0.6326 (Best: 0.6326)
2024-04-18 12:57:18,080 - root - INFO - ARI: 0.1998 | NMI: 0.2110
2024-04-18 12:57:18,080 - root - INFO - Epoch: 37 | LR: 0.0010 | Loss 0.6824 | Val MaF1: 0.6646 (Best: 0.6646) | Test MaF1: 0.6378 (Best: 0.6378) | MiF1: 0.6363 (Best: 0.6363)
2024-04-18 12:57:21,641 - root - INFO - Epoch: 38 | LR: 0.0010 | Loss 0.6565 | Val MaF1: 0.6558 (Best: 0.6646) | Test MaF1: 0.6362 (Best: 0.6378) | MiF1: 0.6349 (Best: 0.6363)
2024-04-18 12:57:26,462 - root - INFO - ARI: 0.2045 | NMI: 0.2129
2024-04-18 12:57:26,462 - root - INFO - Epoch: 39 | LR: 0.0010 | Loss 0.6325 | Val MaF1: 0.6564 (Best: 0.6564) | Test MaF1: 0.6395 (Best: 0.6395) | MiF1: 0.6383 (Best: 0.6383)
2024-04-18 12:57:30,101 - root - INFO - Epoch: 40 | LR: 0.0009 | Loss 0.6110 | Val MaF1: 0.6565 (Best: 0.6564) | Test MaF1: 0.6379 (Best: 0.6395) | MiF1: 0.6369 (Best: 0.6383)
2024-04-18 12:57:33,750 - root - INFO - Epoch: 41 | LR: 0.0009 | Loss 0.5939 | Val MaF1: 0.6630 (Best: 0.6564) | Test MaF1: 0.6366 (Best: 0.6395) | MiF1: 0.6356 (Best: 0.6383)
2024-04-18 12:57:37,342 - root - INFO - Epoch: 42 | LR: 0.0009 | Loss 0.5762 | Val MaF1: 0.6656 (Best: 0.6564) | Test MaF1: 0.6372 (Best: 0.6395) | MiF1: 0.6363 (Best: 0.6383)
2024-04-18 12:57:41,117 - root - INFO - Epoch: 43 | LR: 0.0009 | Loss 0.5564 | Val MaF1: 0.6679 (Best: 0.6564) | Test MaF1: 0.6354 (Best: 0.6395) | MiF1: 0.6346 (Best: 0.6383)
2024-04-18 12:57:44,859 - root - INFO - Epoch: 44 | LR: 0.0009 | Loss 0.5419 | Val MaF1: 0.6673 (Best: 0.6564) | Test MaF1: 0.6328 (Best: 0.6395) | MiF1: 0.6319 (Best: 0.6383)
2024-04-18 12:57:48,486 - root - INFO - Epoch: 45 | LR: 0.0009 | Loss 0.5302 | Val MaF1: 0.6676 (Best: 0.6564) | Test MaF1: 0.6300 (Best: 0.6395) | MiF1: 0.6293 (Best: 0.6383)
2024-04-18 12:57:52,231 - root - INFO - Epoch: 46 | LR: 0.0009 | Loss 0.5171 | Val MaF1: 0.6678 (Best: 0.6564) | Test MaF1: 0.6293 (Best: 0.6395) | MiF1: 0.6286 (Best: 0.6383)
2024-04-18 12:57:55,924 - root - INFO - Epoch: 47 | LR: 0.0008 | Loss 0.5065 | Val MaF1: 0.6678 (Best: 0.6564) | Test MaF1: 0.6289 (Best: 0.6395) | MiF1: 0.6283 (Best: 0.6383)
2024-04-18 12:57:59,676 - root - INFO - Epoch: 48 | LR: 0.0008 | Loss 0.4954 | Val MaF1: 0.6678 (Best: 0.6564) | Test MaF1: 0.6284 (Best: 0.6395) | MiF1: 0.6276 (Best: 0.6383)
2024-04-18 12:58:03,233 - root - INFO - Epoch: 49 | LR: 0.0008 | Loss 0.4886 | Val MaF1: 0.6649 (Best: 0.6564) | Test MaF1: 0.6286 (Best: 0.6395) | MiF1: 0.6279 (Best: 0.6383)
2024-04-18 12:58:06,967 - root - INFO - Epoch: 50 | LR: 0.0008 | Loss 0.4792 | Val MaF1: 0.6655 (Best: 0.6564) | Test MaF1: 0.6290 (Best: 0.6395) | MiF1: 0.6283 (Best: 0.6383)
2024-04-18 12:58:10,584 - root - INFO - Epoch: 51 | LR: 0.0008 | Loss 0.4706 | Val MaF1: 0.6677 (Best: 0.6564) | Test MaF1: 0.6323 (Best: 0.6395) | MiF1: 0.6316 (Best: 0.6383)
2024-04-18 12:58:14,455 - root - INFO - Epoch: 52 | LR: 0.0008 | Loss 0.4660 | Val MaF1: 0.6657 (Best: 0.6564) | Test MaF1: 0.6332 (Best: 0.6395) | MiF1: 0.6326 (Best: 0.6383)
2024-04-18 12:58:18,212 - root - INFO - Epoch: 53 | LR: 0.0007 | Loss 0.4577 | Val MaF1: 0.6656 (Best: 0.6564) | Test MaF1: 0.6326 (Best: 0.6395) | MiF1: 0.6319 (Best: 0.6383)
2024-04-18 12:58:22,046 - root - INFO - Epoch: 54 | LR: 0.0007 | Loss 0.4529 | Val MaF1: 0.6604 (Best: 0.6564) | Test MaF1: 0.6329 (Best: 0.6395) | MiF1: 0.6323 (Best: 0.6383)
2024-04-18 12:58:25,676 - root - INFO - Epoch: 55 | LR: 0.0007 | Loss 0.4465 | Val MaF1: 0.6514 (Best: 0.6564) | Test MaF1: 0.6352 (Best: 0.6395) | MiF1: 0.6346 (Best: 0.6383)
2024-04-18 12:58:29,421 - root - INFO - Epoch: 56 | LR: 0.0007 | Loss 0.4430 | Val MaF1: 0.6561 (Best: 0.6564) | Test MaF1: 0.6345 (Best: 0.6395) | MiF1: 0.6339 (Best: 0.6383)
2024-04-18 12:58:33,063 - root - INFO - Epoch: 57 | LR: 0.0007 | Loss 0.4377 | Val MaF1: 0.6563 (Best: 0.6564) | Test MaF1: 0.6350 (Best: 0.6395) | MiF1: 0.6346 (Best: 0.6383)
2024-04-18 12:58:36,880 - root - INFO - Epoch: 58 | LR: 0.0006 | Loss 0.4346 | Val MaF1: 0.6583 (Best: 0.6564) | Test MaF1: 0.6354 (Best: 0.6395) | MiF1: 0.6349 (Best: 0.6383)
2024-04-18 12:58:41,169 - root - INFO - Epoch: 59 | LR: 0.0006 | Loss 0.4307 | Val MaF1: 0.6563 (Best: 0.6564) | Test MaF1: 0.6362 (Best: 0.6395) | MiF1: 0.6356 (Best: 0.6383)
2024-04-18 12:58:44,879 - root - INFO - Epoch: 60 | LR: 0.0006 | Loss 0.4286 | Val MaF1: 0.6514 (Best: 0.6564) | Test MaF1: 0.6346 (Best: 0.6395) | MiF1: 0.6343 (Best: 0.6383)
2024-04-18 12:58:48,393 - root - INFO - Epoch: 61 | LR: 0.0006 | Loss 0.4236 | Val MaF1: 0.6494 (Best: 0.6564) | Test MaF1: 0.6348 (Best: 0.6395) | MiF1: 0.6343 (Best: 0.6383)
2024-04-18 12:58:52,427 - root - INFO - Epoch: 62 | LR: 0.0005 | Loss 0.4210 | Val MaF1: 0.6514 (Best: 0.6564) | Test MaF1: 0.6344 (Best: 0.6395) | MiF1: 0.6339 (Best: 0.6383)
2024-04-18 12:58:56,498 - root - INFO - Epoch: 63 | LR: 0.0005 | Loss 0.4200 | Val MaF1: 0.6514 (Best: 0.6564) | Test MaF1: 0.6346 (Best: 0.6395) | MiF1: 0.6343 (Best: 0.6383)
2024-04-18 12:59:00,140 - root - INFO - Epoch: 64 | LR: 0.0005 | Loss 0.4183 | Val MaF1: 0.6489 (Best: 0.6564) | Test MaF1: 0.6337 (Best: 0.6395) | MiF1: 0.6333 (Best: 0.6383)
2024-04-18 12:59:04,234 - root - INFO - Epoch: 65 | LR: 0.0005 | Loss 0.4160 | Val MaF1: 0.6486 (Best: 0.6564) | Test MaF1: 0.6330 (Best: 0.6395) | MiF1: 0.6326 (Best: 0.6383)
2024-04-18 12:59:07,956 - root - INFO - Epoch: 66 | LR: 0.0005 | Loss 0.4138 | Val MaF1: 0.6487 (Best: 0.6564) | Test MaF1: 0.6321 (Best: 0.6395) | MiF1: 0.6316 (Best: 0.6383)
2024-04-18 12:59:11,647 - root - INFO - Epoch: 67 | LR: 0.0004 | Loss 0.4125 | Val MaF1: 0.6487 (Best: 0.6564) | Test MaF1: 0.6308 (Best: 0.6395) | MiF1: 0.6303 (Best: 0.6383)
2024-04-18 12:59:15,348 - root - INFO - Epoch: 68 | LR: 0.0004 | Loss 0.4094 | Val MaF1: 0.6487 (Best: 0.6564) | Test MaF1: 0.6316 (Best: 0.6395) | MiF1: 0.6309 (Best: 0.6383)
2024-04-18 12:59:19,181 - root - INFO - Epoch: 69 | LR: 0.0004 | Loss 0.4098 | Val MaF1: 0.6487 (Best: 0.6564) | Test MaF1: 0.6317 (Best: 0.6395) | MiF1: 0.6309 (Best: 0.6383)
2024-04-18 12:59:22,983 - root - INFO - Epoch: 70 | LR: 0.0004 | Loss 0.4086 | Val MaF1: 0.6487 (Best: 0.6564) | Test MaF1: 0.6313 (Best: 0.6395) | MiF1: 0.6306 (Best: 0.6383)
2024-04-18 12:59:26,862 - root - INFO - Epoch: 71 | LR: 0.0003 | Loss 0.4061 | Val MaF1: 0.6507 (Best: 0.6564) | Test MaF1: 0.6312 (Best: 0.6395) | MiF1: 0.6303 (Best: 0.6383)
2024-04-18 12:59:30,572 - root - INFO - Epoch: 72 | LR: 0.0003 | Loss 0.4047 | Val MaF1: 0.6507 (Best: 0.6564) | Test MaF1: 0.6315 (Best: 0.6395) | MiF1: 0.6306 (Best: 0.6383)
2024-04-18 12:59:34,268 - root - INFO - Epoch: 73 | LR: 0.0003 | Loss 0.4055 | Val MaF1: 0.6507 (Best: 0.6564) | Test MaF1: 0.6318 (Best: 0.6395) | MiF1: 0.6309 (Best: 0.6383)
2024-04-18 12:59:37,870 - root - INFO - Epoch: 74 | LR: 0.0003 | Loss 0.4039 | Val MaF1: 0.6487 (Best: 0.6564) | Test MaF1: 0.6316 (Best: 0.6395) | MiF1: 0.6309 (Best: 0.6383)
2024-04-18 12:59:41,563 - root - INFO - Epoch: 75 | LR: 0.0003 | Loss 0.4027 | Val MaF1: 0.6487 (Best: 0.6564) | Test MaF1: 0.6310 (Best: 0.6395) | MiF1: 0.6303 (Best: 0.6383)
2024-04-18 12:59:45,313 - root - INFO - Epoch: 76 | LR: 0.0002 | Loss 0.4021 | Val MaF1: 0.6487 (Best: 0.6564) | Test MaF1: 0.6314 (Best: 0.6395) | MiF1: 0.6306 (Best: 0.6383)
2024-04-18 12:59:49,030 - root - INFO - Epoch: 77 | LR: 0.0002 | Loss 0.4010 | Val MaF1: 0.6466 (Best: 0.6564) | Test MaF1: 0.6313 (Best: 0.6395) | MiF1: 0.6306 (Best: 0.6383)
2024-04-18 12:59:52,716 - root - INFO - Epoch: 78 | LR: 0.0002 | Loss 0.4018 | Val MaF1: 0.6441 (Best: 0.6564) | Test MaF1: 0.6314 (Best: 0.6395) | MiF1: 0.6306 (Best: 0.6383)
2024-04-18 12:59:56,948 - root - INFO - Epoch: 79 | LR: 0.0002 | Loss 0.4008 | Val MaF1: 0.6395 (Best: 0.6564) | Test MaF1: 0.6307 (Best: 0.6395) | MiF1: 0.6299 (Best: 0.6383)
2024-04-18 13:00:01,294 - root - INFO - Epoch: 80 | LR: 0.0002 | Loss 0.3995 | Val MaF1: 0.6395 (Best: 0.6564) | Test MaF1: 0.6301 (Best: 0.6395) | MiF1: 0.6293 (Best: 0.6383)
2024-04-18 13:00:05,547 - root - INFO - Epoch: 81 | LR: 0.0002 | Loss 0.3984 | Val MaF1: 0.6395 (Best: 0.6564) | Test MaF1: 0.6308 (Best: 0.6395) | MiF1: 0.6299 (Best: 0.6383)
2024-04-18 13:00:09,650 - root - INFO - Epoch: 82 | LR: 0.0001 | Loss 0.3986 | Val MaF1: 0.6395 (Best: 0.6564) | Test MaF1: 0.6308 (Best: 0.6395) | MiF1: 0.6299 (Best: 0.6383)
2024-04-18 13:00:19,363 - root - INFO - Epoch: 83 | LR: 0.0001 | Loss 0.3987 | Val MaF1: 0.6395 (Best: 0.6564) | Test MaF1: 0.6308 (Best: 0.6395) | MiF1: 0.6299 (Best: 0.6383)
2024-04-18 13:00:23,154 - root - INFO - Epoch: 84 | LR: 0.0001 | Loss 0.3988 | Val MaF1: 0.6395 (Best: 0.6564) | Test MaF1: 0.6308 (Best: 0.6395) | MiF1: 0.6299 (Best: 0.6383)
2024-04-18 13:00:26,988 - root - INFO - Epoch: 85 | LR: 0.0001 | Loss 0.3975 | Val MaF1: 0.6395 (Best: 0.6564) | Test MaF1: 0.6311 (Best: 0.6395) | MiF1: 0.6303 (Best: 0.6383)
2024-04-18 13:00:30,671 - root - INFO - Epoch: 86 | LR: 0.0001 | Loss 0.3978 | Val MaF1: 0.6395 (Best: 0.6564) | Test MaF1: 0.6311 (Best: 0.6395) | MiF1: 0.6303 (Best: 0.6383)
2024-04-18 13:00:34,426 - root - INFO - Epoch: 87 | LR: 0.0001 | Loss 0.3971 | Val MaF1: 0.6395 (Best: 0.6564) | Test MaF1: 0.6311 (Best: 0.6395) | MiF1: 0.6303 (Best: 0.6383)
2024-04-18 13:00:38,394 - root - INFO - Epoch: 88 | LR: 0.0001 | Loss 0.3985 | Val MaF1: 0.6395 (Best: 0.6564) | Test MaF1: 0.6308 (Best: 0.6395) | MiF1: 0.6299 (Best: 0.6383)
2024-04-18 13:00:42,342 - root - INFO - Epoch: 89 | LR: 0.0000 | Loss 0.3973 | Val MaF1: 0.6417 (Best: 0.6564) | Test MaF1: 0.6308 (Best: 0.6395) | MiF1: 0.6299 (Best: 0.6383)
2024-04-18 13:00:46,195 - root - INFO - Epoch: 90 | LR: 0.0000 | Loss 0.3962 | Val MaF1: 0.6417 (Best: 0.6564) | Test MaF1: 0.6311 (Best: 0.6395) | MiF1: 0.6303 (Best: 0.6383)
2024-04-18 13:00:49,887 - root - INFO - Epoch: 91 | LR: 0.0000 | Loss 0.3952 | Val MaF1: 0.6417 (Best: 0.6564) | Test MaF1: 0.6314 (Best: 0.6395) | MiF1: 0.6306 (Best: 0.6383)
2024-04-18 13:00:53,598 - root - INFO - Epoch: 92 | LR: 0.0000 | Loss 0.3976 | Val MaF1: 0.6417 (Best: 0.6564) | Test MaF1: 0.6314 (Best: 0.6395) | MiF1: 0.6306 (Best: 0.6383)
2024-04-18 13:00:57,254 - root - INFO - Epoch: 93 | LR: 0.0000 | Loss 0.3964 | Val MaF1: 0.6417 (Best: 0.6564) | Test MaF1: 0.6314 (Best: 0.6395) | MiF1: 0.6306 (Best: 0.6383)
2024-04-18 13:01:01,076 - root - INFO - Epoch: 94 | LR: 0.0000 | Loss 0.3967 | Val MaF1: 0.6417 (Best: 0.6564) | Test MaF1: 0.6314 (Best: 0.6395) | MiF1: 0.6306 (Best: 0.6383)
2024-04-18 13:01:04,964 - root - INFO - Epoch: 95 | LR: 0.0000 | Loss 0.3965 | Val MaF1: 0.6417 (Best: 0.6564) | Test MaF1: 0.6311 (Best: 0.6395) | MiF1: 0.6303 (Best: 0.6383)
2024-04-18 13:01:08,832 - root - INFO - Epoch: 96 | LR: 0.0000 | Loss 0.3960 | Val MaF1: 0.6417 (Best: 0.6564) | Test MaF1: 0.6311 (Best: 0.6395) | MiF1: 0.6303 (Best: 0.6383)
2024-04-18 13:01:12,584 - root - INFO - Epoch: 97 | LR: 0.0000 | Loss 0.3968 | Val MaF1: 0.6417 (Best: 0.6564) | Test MaF1: 0.6311 (Best: 0.6395) | MiF1: 0.6303 (Best: 0.6383)
2024-04-18 13:01:16,740 - root - INFO - Epoch: 98 | LR: 0.0000 | Loss 0.3974 | Val MaF1: 0.6417 (Best: 0.6564) | Test MaF1: 0.6311 (Best: 0.6395) | MiF1: 0.6303 (Best: 0.6383)
2024-04-18 13:01:20,727 - root - INFO - Epoch: 99 | LR: 0.0000 | Loss 0.3963 | Val MaF1: 0.6417 (Best: 0.6564) | Test MaF1: 0.6311 (Best: 0.6395) | MiF1: 0.6303 (Best: 0.6383)
2024-04-18 13:01:24,624 - root - INFO - Epoch: 100 | LR: 0.0000 | Loss 0.3966 | Val MaF1: 0.6417 (Best: 0.6564) | Test MaF1: 0.6311 (Best: 0.6395) | MiF1: 0.6303 (Best: 0.6383)
2024-04-18 13:01:24,624 - root - INFO - Best Epoch: 39 | Train MiF1: 0.9755,  MaF1: 0.9754 | Val MiF1: 0.6542, MaF1: 0.6564 | Test MaF1: 0.6395, MiF1: 0.6383
2024-04-18 13:01:25,557 - root - INFO - ARI: 0.2045 | NMI: 0.2129
