2024-04-22 21:27:37,324 - root - INFO - {'prefix': 'SR-HGN', 'gpu': 0, 'feat': 1, 'seed': 0, 'verbose': 1, 'train_split': 0.2, 'val_split': 0.3, 'num_type_heads': 4, 'num_node_heads': 4, 'hidden_dim': 256, 'clip': 1.0, 'num_layers': 3, 'alpha': 0.5, 'epochs': 100, 'dataset': 'imdb', 'input_dim': 256, 'aggregate': 'concat', 'iscuda': True, 'cluster': True, 'max_lr': 0.001, 'weight_decay': 1e-05, 'heads': 1, 'han_heads': [4], 'hh_heads': 3, 'dropout': 0.2}
2024-04-22 21:27:39,801 - root - INFO - Training SR-HGN with #param: 26248004
2024-04-22 21:27:41,064 - root - INFO - ARI: 0.0059 | NMI: 0.0084
2024-04-22 21:27:41,065 - root - INFO - Epoch: 1 | LR: 0.0000 | Loss 1.0995 | Val MaF1: 0.2681 (Best: 0.2681) | Test MaF1: 0.2724 (Best: 0.2724) | MiF1: 0.3881 (Best: 0.3881)
2024-04-22 21:27:41,283 - root - INFO - Epoch: 2 | LR: 0.0001 | Loss 1.0970 | Val MaF1: 0.2383 (Best: 0.2681) | Test MaF1: 0.2252 (Best: 0.2724) | MiF1: 0.3778 (Best: 0.3881)
2024-04-22 21:27:41,408 - root - INFO - Epoch: 3 | LR: 0.0001 | Loss 1.0947 | Val MaF1: 0.1978 (Best: 0.2681) | Test MaF1: 0.2047 (Best: 0.2724) | MiF1: 0.3781 (Best: 0.3881)
2024-04-22 21:27:41,532 - root - INFO - Epoch: 4 | LR: 0.0001 | Loss 1.0916 | Val MaF1: 0.1797 (Best: 0.2681) | Test MaF1: 0.1918 (Best: 0.2724) | MiF1: 0.3741 (Best: 0.3881)
2024-04-22 21:27:41,657 - root - INFO - Epoch: 5 | LR: 0.0001 | Loss 1.0878 | Val MaF1: 0.1933 (Best: 0.2681) | Test MaF1: 0.1946 (Best: 0.2724) | MiF1: 0.3754 (Best: 0.3881)
2024-04-22 21:27:41,779 - root - INFO - Epoch: 6 | LR: 0.0001 | Loss 1.0837 | Val MaF1: 0.2068 (Best: 0.2681) | Test MaF1: 0.2062 (Best: 0.2724) | MiF1: 0.3808 (Best: 0.3881)
2024-04-22 21:27:41,905 - root - INFO - Epoch: 7 | LR: 0.0002 | Loss 1.0778 | Val MaF1: 0.2333 (Best: 0.2681) | Test MaF1: 0.2272 (Best: 0.2724) | MiF1: 0.3901 (Best: 0.3881)
2024-04-22 21:27:42,028 - root - INFO - Epoch: 8 | LR: 0.0002 | Loss 1.0713 | Val MaF1: 0.2606 (Best: 0.2681) | Test MaF1: 0.2609 (Best: 0.2724) | MiF1: 0.4075 (Best: 0.3881)
2024-04-22 21:27:42,372 - root - INFO - ARI: 0.1201 | NMI: 0.1406
2024-04-22 21:27:42,372 - root - INFO - Epoch: 9 | LR: 0.0003 | Loss 1.0619 | Val MaF1: 0.3041 (Best: 0.3041) | Test MaF1: 0.2994 (Best: 0.2994) | MiF1: 0.4312 (Best: 0.4312)
2024-04-22 21:27:42,764 - root - INFO - ARI: 0.1323 | NMI: 0.1514
2024-04-22 21:27:42,765 - root - INFO - Epoch: 10 | LR: 0.0003 | Loss 1.0523 | Val MaF1: 0.3311 (Best: 0.3311) | Test MaF1: 0.3449 (Best: 0.3449) | MiF1: 0.4673 (Best: 0.4673)
2024-04-22 21:27:43,138 - root - INFO - ARI: 0.1529 | NMI: 0.1639
2024-04-22 21:27:43,139 - root - INFO - Epoch: 11 | LR: 0.0003 | Loss 1.0382 | Val MaF1: 0.3541 (Best: 0.3541) | Test MaF1: 0.3731 (Best: 0.3731) | MiF1: 0.4910 (Best: 0.4910)
2024-04-22 21:27:43,507 - root - INFO - ARI: 0.1686 | NMI: 0.1708
2024-04-22 21:27:43,508 - root - INFO - Epoch: 12 | LR: 0.0004 | Loss 1.0230 | Val MaF1: 0.3794 (Best: 0.3794) | Test MaF1: 0.3879 (Best: 0.3879) | MiF1: 0.5040 (Best: 0.5040)
2024-04-22 21:27:43,881 - root - INFO - ARI: 0.2062 | NMI: 0.1907
2024-04-22 21:27:43,881 - root - INFO - Epoch: 13 | LR: 0.0004 | Loss 1.0044 | Val MaF1: 0.3840 (Best: 0.3840) | Test MaF1: 0.4098 (Best: 0.4098) | MiF1: 0.5180 (Best: 0.5180)
2024-04-22 21:27:44,250 - root - INFO - ARI: 0.2200 | NMI: 0.1995
2024-04-22 21:27:44,250 - root - INFO - Epoch: 14 | LR: 0.0005 | Loss 0.9797 | Val MaF1: 0.4031 (Best: 0.4031) | Test MaF1: 0.4264 (Best: 0.4264) | MiF1: 0.5274 (Best: 0.5274)
2024-04-22 21:27:44,619 - root - INFO - ARI: 0.2401 | NMI: 0.2112
2024-04-22 21:27:44,619 - root - INFO - Epoch: 15 | LR: 0.0005 | Loss 0.9483 | Val MaF1: 0.4304 (Best: 0.4304) | Test MaF1: 0.4562 (Best: 0.4562) | MiF1: 0.5394 (Best: 0.5394)
2024-04-22 21:27:44,977 - root - INFO - ARI: 0.2471 | NMI: 0.2179
2024-04-22 21:27:44,978 - root - INFO - Epoch: 16 | LR: 0.0006 | Loss 0.9071 | Val MaF1: 0.5162 (Best: 0.5162) | Test MaF1: 0.5132 (Best: 0.5132) | MiF1: 0.5638 (Best: 0.5638)
2024-04-22 21:27:45,327 - root - INFO - ARI: 0.2582 | NMI: 0.2256
2024-04-22 21:27:45,328 - root - INFO - Epoch: 17 | LR: 0.0006 | Loss 0.8596 | Val MaF1: 0.5988 (Best: 0.5988) | Test MaF1: 0.5912 (Best: 0.5912) | MiF1: 0.6029 (Best: 0.6029)
2024-04-22 21:27:45,704 - root - INFO - ARI: 0.2698 | NMI: 0.2377
2024-04-22 21:27:45,704 - root - INFO - Epoch: 18 | LR: 0.0007 | Loss 0.8067 | Val MaF1: 0.6133 (Best: 0.6133) | Test MaF1: 0.6274 (Best: 0.6274) | MiF1: 0.6276 (Best: 0.6276)
2024-04-22 21:27:45,865 - root - INFO - Epoch: 19 | LR: 0.0007 | Loss 0.7523 | Val MaF1: 0.6179 (Best: 0.6133) | Test MaF1: 0.6244 (Best: 0.6274) | MiF1: 0.6253 (Best: 0.6276)
2024-04-22 21:27:46,004 - root - INFO - Epoch: 20 | LR: 0.0008 | Loss 0.7067 | Val MaF1: 0.6093 (Best: 0.6133) | Test MaF1: 0.6163 (Best: 0.6274) | MiF1: 0.6189 (Best: 0.6276)
2024-04-22 21:27:46,136 - root - INFO - Epoch: 21 | LR: 0.0008 | Loss 0.6682 | Val MaF1: 0.6215 (Best: 0.6133) | Test MaF1: 0.6177 (Best: 0.6274) | MiF1: 0.6202 (Best: 0.6276)
2024-04-22 21:27:46,263 - root - INFO - Epoch: 22 | LR: 0.0009 | Loss 0.6295 | Val MaF1: 0.6230 (Best: 0.6133) | Test MaF1: 0.6234 (Best: 0.6274) | MiF1: 0.6256 (Best: 0.6276)
2024-04-22 21:27:46,635 - root - INFO - ARI: 0.2923 | NMI: 0.2496
2024-04-22 21:27:46,635 - root - INFO - Epoch: 23 | LR: 0.0009 | Loss 0.6027 | Val MaF1: 0.6217 (Best: 0.6217) | Test MaF1: 0.6277 (Best: 0.6277) | MiF1: 0.6293 (Best: 0.6293)
2024-04-22 21:27:46,786 - root - INFO - Epoch: 24 | LR: 0.0009 | Loss 0.5792 | Val MaF1: 0.6097 (Best: 0.6217) | Test MaF1: 0.6261 (Best: 0.6277) | MiF1: 0.6279 (Best: 0.6293)
2024-04-22 21:27:46,914 - root - INFO - Epoch: 25 | LR: 0.0010 | Loss 0.5591 | Val MaF1: 0.6085 (Best: 0.6217) | Test MaF1: 0.6228 (Best: 0.6277) | MiF1: 0.6249 (Best: 0.6293)
2024-04-22 21:27:47,043 - root - INFO - Epoch: 26 | LR: 0.0010 | Loss 0.5424 | Val MaF1: 0.6075 (Best: 0.6217) | Test MaF1: 0.6193 (Best: 0.6277) | MiF1: 0.6216 (Best: 0.6293)
2024-04-22 21:27:47,173 - root - INFO - Epoch: 27 | LR: 0.0010 | Loss 0.5288 | Val MaF1: 0.6060 (Best: 0.6217) | Test MaF1: 0.6201 (Best: 0.6277) | MiF1: 0.6222 (Best: 0.6293)
2024-04-22 21:27:47,302 - root - INFO - Epoch: 28 | LR: 0.0010 | Loss 0.5173 | Val MaF1: 0.6112 (Best: 0.6217) | Test MaF1: 0.6158 (Best: 0.6277) | MiF1: 0.6176 (Best: 0.6293)
2024-04-22 21:27:47,430 - root - INFO - Epoch: 29 | LR: 0.0010 | Loss 0.5099 | Val MaF1: 0.6004 (Best: 0.6217) | Test MaF1: 0.6180 (Best: 0.6277) | MiF1: 0.6196 (Best: 0.6293)
2024-04-22 21:27:47,562 - root - INFO - Epoch: 30 | LR: 0.0010 | Loss 0.5026 | Val MaF1: 0.5959 (Best: 0.6217) | Test MaF1: 0.6139 (Best: 0.6277) | MiF1: 0.6149 (Best: 0.6293)
2024-04-22 21:27:47,691 - root - INFO - Epoch: 31 | LR: 0.0010 | Loss 0.4958 | Val MaF1: 0.5932 (Best: 0.6217) | Test MaF1: 0.6152 (Best: 0.6277) | MiF1: 0.6166 (Best: 0.6293)
2024-04-22 21:27:47,818 - root - INFO - Epoch: 32 | LR: 0.0010 | Loss 0.4909 | Val MaF1: 0.5969 (Best: 0.6217) | Test MaF1: 0.6106 (Best: 0.6277) | MiF1: 0.6132 (Best: 0.6293)
2024-04-22 21:27:47,943 - root - INFO - Epoch: 33 | LR: 0.0010 | Loss 0.4843 | Val MaF1: 0.6018 (Best: 0.6217) | Test MaF1: 0.6095 (Best: 0.6277) | MiF1: 0.6126 (Best: 0.6293)
2024-04-22 21:27:48,069 - root - INFO - Epoch: 34 | LR: 0.0010 | Loss 0.4806 | Val MaF1: 0.5940 (Best: 0.6217) | Test MaF1: 0.6083 (Best: 0.6277) | MiF1: 0.6112 (Best: 0.6293)
2024-04-22 21:27:48,206 - root - INFO - Epoch: 35 | LR: 0.0010 | Loss 0.4763 | Val MaF1: 0.5940 (Best: 0.6217) | Test MaF1: 0.6108 (Best: 0.6277) | MiF1: 0.6132 (Best: 0.6293)
2024-04-22 21:27:48,337 - root - INFO - Epoch: 36 | LR: 0.0010 | Loss 0.4723 | Val MaF1: 0.5897 (Best: 0.6217) | Test MaF1: 0.6127 (Best: 0.6277) | MiF1: 0.6149 (Best: 0.6293)
2024-04-22 21:27:48,463 - root - INFO - Epoch: 37 | LR: 0.0010 | Loss 0.4694 | Val MaF1: 0.5874 (Best: 0.6217) | Test MaF1: 0.6131 (Best: 0.6277) | MiF1: 0.6152 (Best: 0.6293)
2024-04-22 21:27:48,593 - root - INFO - Epoch: 38 | LR: 0.0010 | Loss 0.4660 | Val MaF1: 0.5874 (Best: 0.6217) | Test MaF1: 0.6119 (Best: 0.6277) | MiF1: 0.6136 (Best: 0.6293)
2024-04-22 21:27:48,721 - root - INFO - Epoch: 39 | LR: 0.0010 | Loss 0.4623 | Val MaF1: 0.5845 (Best: 0.6217) | Test MaF1: 0.6098 (Best: 0.6277) | MiF1: 0.6116 (Best: 0.6293)
2024-04-22 21:27:48,849 - root - INFO - Epoch: 40 | LR: 0.0009 | Loss 0.4603 | Val MaF1: 0.5820 (Best: 0.6217) | Test MaF1: 0.6093 (Best: 0.6277) | MiF1: 0.6109 (Best: 0.6293)
2024-04-22 21:27:48,976 - root - INFO - Epoch: 41 | LR: 0.0009 | Loss 0.4581 | Val MaF1: 0.5791 (Best: 0.6217) | Test MaF1: 0.6109 (Best: 0.6277) | MiF1: 0.6126 (Best: 0.6293)
2024-04-22 21:27:49,106 - root - INFO - Epoch: 42 | LR: 0.0009 | Loss 0.4553 | Val MaF1: 0.5772 (Best: 0.6217) | Test MaF1: 0.6102 (Best: 0.6277) | MiF1: 0.6116 (Best: 0.6293)
2024-04-22 21:27:49,236 - root - INFO - Epoch: 43 | LR: 0.0009 | Loss 0.4535 | Val MaF1: 0.5825 (Best: 0.6217) | Test MaF1: 0.6081 (Best: 0.6277) | MiF1: 0.6096 (Best: 0.6293)
2024-04-22 21:27:49,363 - root - INFO - Epoch: 44 | LR: 0.0009 | Loss 0.4520 | Val MaF1: 0.5800 (Best: 0.6217) | Test MaF1: 0.6079 (Best: 0.6277) | MiF1: 0.6092 (Best: 0.6293)
2024-04-22 21:27:49,495 - root - INFO - Epoch: 45 | LR: 0.0009 | Loss 0.4496 | Val MaF1: 0.5746 (Best: 0.6217) | Test MaF1: 0.6079 (Best: 0.6277) | MiF1: 0.6089 (Best: 0.6293)
2024-04-22 21:27:49,619 - root - INFO - Epoch: 46 | LR: 0.0009 | Loss 0.4489 | Val MaF1: 0.5746 (Best: 0.6217) | Test MaF1: 0.6079 (Best: 0.6277) | MiF1: 0.6089 (Best: 0.6293)
2024-04-22 21:27:49,743 - root - INFO - Epoch: 47 | LR: 0.0008 | Loss 0.4468 | Val MaF1: 0.5720 (Best: 0.6217) | Test MaF1: 0.6074 (Best: 0.6277) | MiF1: 0.6086 (Best: 0.6293)
2024-04-22 21:27:49,870 - root - INFO - Epoch: 48 | LR: 0.0008 | Loss 0.4449 | Val MaF1: 0.5699 (Best: 0.6217) | Test MaF1: 0.6081 (Best: 0.6277) | MiF1: 0.6092 (Best: 0.6293)
2024-04-22 21:27:49,994 - root - INFO - Epoch: 49 | LR: 0.0008 | Loss 0.4439 | Val MaF1: 0.5674 (Best: 0.6217) | Test MaF1: 0.6089 (Best: 0.6277) | MiF1: 0.6099 (Best: 0.6293)
2024-04-22 21:27:50,118 - root - INFO - Epoch: 50 | LR: 0.0008 | Loss 0.4424 | Val MaF1: 0.5693 (Best: 0.6217) | Test MaF1: 0.6078 (Best: 0.6277) | MiF1: 0.6089 (Best: 0.6293)
2024-04-22 21:27:50,243 - root - INFO - Epoch: 51 | LR: 0.0008 | Loss 0.4411 | Val MaF1: 0.5667 (Best: 0.6217) | Test MaF1: 0.6071 (Best: 0.6277) | MiF1: 0.6082 (Best: 0.6293)
2024-04-22 21:27:50,372 - root - INFO - Epoch: 52 | LR: 0.0008 | Loss 0.4400 | Val MaF1: 0.5669 (Best: 0.6217) | Test MaF1: 0.6081 (Best: 0.6277) | MiF1: 0.6092 (Best: 0.6293)
2024-04-22 21:27:50,494 - root - INFO - Epoch: 53 | LR: 0.0007 | Loss 0.4386 | Val MaF1: 0.5691 (Best: 0.6217) | Test MaF1: 0.6073 (Best: 0.6277) | MiF1: 0.6086 (Best: 0.6293)
2024-04-22 21:27:50,616 - root - INFO - Epoch: 54 | LR: 0.0007 | Loss 0.4376 | Val MaF1: 0.5691 (Best: 0.6217) | Test MaF1: 0.6065 (Best: 0.6277) | MiF1: 0.6079 (Best: 0.6293)
2024-04-22 21:27:50,744 - root - INFO - Epoch: 55 | LR: 0.0007 | Loss 0.4361 | Val MaF1: 0.5691 (Best: 0.6217) | Test MaF1: 0.6071 (Best: 0.6277) | MiF1: 0.6086 (Best: 0.6293)
2024-04-22 21:27:50,879 - root - INFO - Epoch: 56 | LR: 0.0007 | Loss 0.4357 | Val MaF1: 0.5675 (Best: 0.6217) | Test MaF1: 0.6064 (Best: 0.6277) | MiF1: 0.6079 (Best: 0.6293)
2024-04-22 21:27:51,004 - root - INFO - Epoch: 57 | LR: 0.0007 | Loss 0.4348 | Val MaF1: 0.5675 (Best: 0.6217) | Test MaF1: 0.6054 (Best: 0.6277) | MiF1: 0.6069 (Best: 0.6293)
2024-04-22 21:27:51,130 - root - INFO - Epoch: 58 | LR: 0.0006 | Loss 0.4335 | Val MaF1: 0.5701 (Best: 0.6217) | Test MaF1: 0.6052 (Best: 0.6277) | MiF1: 0.6069 (Best: 0.6293)
2024-04-22 21:27:51,257 - root - INFO - Epoch: 59 | LR: 0.0006 | Loss 0.4328 | Val MaF1: 0.5701 (Best: 0.6217) | Test MaF1: 0.6043 (Best: 0.6277) | MiF1: 0.6059 (Best: 0.6293)
2024-04-22 21:27:51,384 - root - INFO - Epoch: 60 | LR: 0.0006 | Loss 0.4320 | Val MaF1: 0.5701 (Best: 0.6217) | Test MaF1: 0.6047 (Best: 0.6277) | MiF1: 0.6062 (Best: 0.6293)
2024-04-22 21:27:51,511 - root - INFO - Epoch: 61 | LR: 0.0006 | Loss 0.4313 | Val MaF1: 0.5701 (Best: 0.6217) | Test MaF1: 0.6045 (Best: 0.6277) | MiF1: 0.6062 (Best: 0.6293)
2024-04-22 21:27:51,641 - root - INFO - Epoch: 62 | LR: 0.0005 | Loss 0.4310 | Val MaF1: 0.5721 (Best: 0.6217) | Test MaF1: 0.6039 (Best: 0.6277) | MiF1: 0.6055 (Best: 0.6293)
2024-04-22 21:27:51,770 - root - INFO - Epoch: 63 | LR: 0.0005 | Loss 0.4306 | Val MaF1: 0.5746 (Best: 0.6217) | Test MaF1: 0.6041 (Best: 0.6277) | MiF1: 0.6059 (Best: 0.6293)
2024-04-22 21:27:51,906 - root - INFO - Epoch: 64 | LR: 0.0005 | Loss 0.4297 | Val MaF1: 0.5726 (Best: 0.6217) | Test MaF1: 0.6041 (Best: 0.6277) | MiF1: 0.6059 (Best: 0.6293)
2024-04-22 21:27:52,064 - root - INFO - Epoch: 65 | LR: 0.0005 | Loss 0.4293 | Val MaF1: 0.5726 (Best: 0.6217) | Test MaF1: 0.6044 (Best: 0.6277) | MiF1: 0.6062 (Best: 0.6293)
2024-04-22 21:27:52,204 - root - INFO - Epoch: 66 | LR: 0.0005 | Loss 0.4293 | Val MaF1: 0.5726 (Best: 0.6217) | Test MaF1: 0.6044 (Best: 0.6277) | MiF1: 0.6062 (Best: 0.6293)
2024-04-22 21:27:52,332 - root - INFO - Epoch: 67 | LR: 0.0004 | Loss 0.4281 | Val MaF1: 0.5751 (Best: 0.6217) | Test MaF1: 0.6047 (Best: 0.6277) | MiF1: 0.6065 (Best: 0.6293)
2024-04-22 21:27:52,467 - root - INFO - Epoch: 68 | LR: 0.0004 | Loss 0.4277 | Val MaF1: 0.5778 (Best: 0.6217) | Test MaF1: 0.6040 (Best: 0.6277) | MiF1: 0.6059 (Best: 0.6293)
2024-04-22 21:27:52,601 - root - INFO - Epoch: 69 | LR: 0.0004 | Loss 0.4269 | Val MaF1: 0.5804 (Best: 0.6217) | Test MaF1: 0.6044 (Best: 0.6277) | MiF1: 0.6062 (Best: 0.6293)
2024-04-22 21:27:52,737 - root - INFO - Epoch: 70 | LR: 0.0004 | Loss 0.4268 | Val MaF1: 0.5804 (Best: 0.6217) | Test MaF1: 0.6043 (Best: 0.6277) | MiF1: 0.6062 (Best: 0.6293)
2024-04-22 21:27:52,864 - root - INFO - Epoch: 71 | LR: 0.0003 | Loss 0.4261 | Val MaF1: 0.5804 (Best: 0.6217) | Test MaF1: 0.6043 (Best: 0.6277) | MiF1: 0.6062 (Best: 0.6293)
2024-04-22 21:27:52,988 - root - INFO - Epoch: 72 | LR: 0.0003 | Loss 0.4260 | Val MaF1: 0.5804 (Best: 0.6217) | Test MaF1: 0.6041 (Best: 0.6277) | MiF1: 0.6059 (Best: 0.6293)
2024-04-22 21:27:53,111 - root - INFO - Epoch: 73 | LR: 0.0003 | Loss 0.4255 | Val MaF1: 0.5779 (Best: 0.6217) | Test MaF1: 0.6042 (Best: 0.6277) | MiF1: 0.6059 (Best: 0.6293)
2024-04-22 21:27:53,237 - root - INFO - Epoch: 74 | LR: 0.0003 | Loss 0.4255 | Val MaF1: 0.5779 (Best: 0.6217) | Test MaF1: 0.6042 (Best: 0.6277) | MiF1: 0.6059 (Best: 0.6293)
2024-04-22 21:27:53,364 - root - INFO - Epoch: 75 | LR: 0.0003 | Loss 0.4247 | Val MaF1: 0.5779 (Best: 0.6217) | Test MaF1: 0.6046 (Best: 0.6277) | MiF1: 0.6062 (Best: 0.6293)
2024-04-22 21:27:53,487 - root - INFO - Epoch: 76 | LR: 0.0002 | Loss 0.4251 | Val MaF1: 0.5779 (Best: 0.6217) | Test MaF1: 0.6049 (Best: 0.6277) | MiF1: 0.6065 (Best: 0.6293)
2024-04-22 21:27:53,610 - root - INFO - Epoch: 77 | LR: 0.0002 | Loss 0.4243 | Val MaF1: 0.5779 (Best: 0.6217) | Test MaF1: 0.6045 (Best: 0.6277) | MiF1: 0.6062 (Best: 0.6293)
2024-04-22 21:27:53,742 - root - INFO - Epoch: 78 | LR: 0.0002 | Loss 0.4245 | Val MaF1: 0.5779 (Best: 0.6217) | Test MaF1: 0.6044 (Best: 0.6277) | MiF1: 0.6062 (Best: 0.6293)
2024-04-22 21:27:53,881 - root - INFO - Epoch: 79 | LR: 0.0002 | Loss 0.4239 | Val MaF1: 0.5779 (Best: 0.6217) | Test MaF1: 0.6037 (Best: 0.6277) | MiF1: 0.6055 (Best: 0.6293)
2024-04-22 21:27:54,024 - root - INFO - Epoch: 80 | LR: 0.0002 | Loss 0.4237 | Val MaF1: 0.5779 (Best: 0.6217) | Test MaF1: 0.6037 (Best: 0.6277) | MiF1: 0.6055 (Best: 0.6293)
2024-04-22 21:27:54,159 - root - INFO - Epoch: 81 | LR: 0.0002 | Loss 0.4238 | Val MaF1: 0.5779 (Best: 0.6217) | Test MaF1: 0.6037 (Best: 0.6277) | MiF1: 0.6055 (Best: 0.6293)
2024-04-22 21:27:54,292 - root - INFO - Epoch: 82 | LR: 0.0001 | Loss 0.4240 | Val MaF1: 0.5779 (Best: 0.6217) | Test MaF1: 0.6037 (Best: 0.6277) | MiF1: 0.6055 (Best: 0.6293)
2024-04-22 21:27:54,421 - root - INFO - Epoch: 83 | LR: 0.0001 | Loss 0.4240 | Val MaF1: 0.5779 (Best: 0.6217) | Test MaF1: 0.6037 (Best: 0.6277) | MiF1: 0.6055 (Best: 0.6293)
2024-04-22 21:27:54,547 - root - INFO - Epoch: 84 | LR: 0.0001 | Loss 0.4238 | Val MaF1: 0.5779 (Best: 0.6217) | Test MaF1: 0.6040 (Best: 0.6277) | MiF1: 0.6059 (Best: 0.6293)
2024-04-22 21:27:54,672 - root - INFO - Epoch: 85 | LR: 0.0001 | Loss 0.4228 | Val MaF1: 0.5779 (Best: 0.6217) | Test MaF1: 0.6040 (Best: 0.6277) | MiF1: 0.6059 (Best: 0.6293)
2024-04-22 21:27:54,801 - root - INFO - Epoch: 86 | LR: 0.0001 | Loss 0.4232 | Val MaF1: 0.5779 (Best: 0.6217) | Test MaF1: 0.6040 (Best: 0.6277) | MiF1: 0.6059 (Best: 0.6293)
2024-04-22 21:27:54,926 - root - INFO - Epoch: 87 | LR: 0.0001 | Loss 0.4231 | Val MaF1: 0.5779 (Best: 0.6217) | Test MaF1: 0.6040 (Best: 0.6277) | MiF1: 0.6059 (Best: 0.6293)
2024-04-22 21:27:55,053 - root - INFO - Epoch: 88 | LR: 0.0001 | Loss 0.4229 | Val MaF1: 0.5754 (Best: 0.6217) | Test MaF1: 0.6037 (Best: 0.6277) | MiF1: 0.6055 (Best: 0.6293)
2024-04-22 21:27:55,178 - root - INFO - Epoch: 89 | LR: 0.0000 | Loss 0.4229 | Val MaF1: 0.5754 (Best: 0.6217) | Test MaF1: 0.6037 (Best: 0.6277) | MiF1: 0.6055 (Best: 0.6293)
2024-04-22 21:27:55,305 - root - INFO - Epoch: 90 | LR: 0.0000 | Loss 0.4238 | Val MaF1: 0.5754 (Best: 0.6217) | Test MaF1: 0.6034 (Best: 0.6277) | MiF1: 0.6052 (Best: 0.6293)
2024-04-22 21:27:55,429 - root - INFO - Epoch: 91 | LR: 0.0000 | Loss 0.4225 | Val MaF1: 0.5754 (Best: 0.6217) | Test MaF1: 0.6034 (Best: 0.6277) | MiF1: 0.6052 (Best: 0.6293)
2024-04-22 21:27:55,554 - root - INFO - Epoch: 92 | LR: 0.0000 | Loss 0.4227 | Val MaF1: 0.5754 (Best: 0.6217) | Test MaF1: 0.6038 (Best: 0.6277) | MiF1: 0.6055 (Best: 0.6293)
2024-04-22 21:27:55,680 - root - INFO - Epoch: 93 | LR: 0.0000 | Loss 0.4225 | Val MaF1: 0.5754 (Best: 0.6217) | Test MaF1: 0.6048 (Best: 0.6277) | MiF1: 0.6065 (Best: 0.6293)
2024-04-22 21:27:55,805 - root - INFO - Epoch: 94 | LR: 0.0000 | Loss 0.4225 | Val MaF1: 0.5754 (Best: 0.6217) | Test MaF1: 0.6048 (Best: 0.6277) | MiF1: 0.6065 (Best: 0.6293)
2024-04-22 21:27:55,930 - root - INFO - Epoch: 95 | LR: 0.0000 | Loss 0.4226 | Val MaF1: 0.5754 (Best: 0.6217) | Test MaF1: 0.6052 (Best: 0.6277) | MiF1: 0.6069 (Best: 0.6293)
2024-04-22 21:27:56,055 - root - INFO - Epoch: 96 | LR: 0.0000 | Loss 0.4226 | Val MaF1: 0.5754 (Best: 0.6217) | Test MaF1: 0.6052 (Best: 0.6277) | MiF1: 0.6069 (Best: 0.6293)
2024-04-22 21:27:56,181 - root - INFO - Epoch: 97 | LR: 0.0000 | Loss 0.4228 | Val MaF1: 0.5754 (Best: 0.6217) | Test MaF1: 0.6052 (Best: 0.6277) | MiF1: 0.6069 (Best: 0.6293)
2024-04-22 21:27:56,306 - root - INFO - Epoch: 98 | LR: 0.0000 | Loss 0.4227 | Val MaF1: 0.5754 (Best: 0.6217) | Test MaF1: 0.6052 (Best: 0.6277) | MiF1: 0.6069 (Best: 0.6293)
2024-04-22 21:27:56,434 - root - INFO - Epoch: 99 | LR: 0.0000 | Loss 0.4226 | Val MaF1: 0.5754 (Best: 0.6217) | Test MaF1: 0.6052 (Best: 0.6277) | MiF1: 0.6069 (Best: 0.6293)
2024-04-22 21:27:56,559 - root - INFO - Epoch: 100 | LR: 0.0000 | Loss 0.4227 | Val MaF1: 0.5754 (Best: 0.6217) | Test MaF1: 0.6052 (Best: 0.6277) | MiF1: 0.6069 (Best: 0.6293)
2024-04-22 21:27:56,560 - root - INFO - Best Epoch: 23 | Train MiF1: 0.9579,  MaF1: 0.9569 | Val MiF1: 0.6215, MaF1: 0.6217 | Test MaF1: 0.6277, MiF1: 0.6293
2024-04-22 21:27:56,672 - root - INFO - ARI: 0.2923 | NMI: 0.2496
