2024-04-22 20:40:15,408 - root - INFO - {'prefix': 'SR-HGN', 'gpu': 0, 'feat': 1, 'seed': 0, 'verbose': 1, 'train_split': 0.2, 'val_split': 0.3, 'num_type_heads': 4, 'num_node_heads': 4, 'hidden_dim': 256, 'clip': 1.0, 'num_layers': 3, 'alpha': 0.5, 'epochs': 100, 'dataset': 'acm', 'input_dim': 256, 'aggregate': 'concat', 'iscuda': True, 'cluster': True, 'max_lr': 0.001, 'weight_decay': 1e-05, 'heads': 1, 'han_heads': [4], 'hh_heads': 3, 'dropout': 0.2}
2024-04-22 20:40:18,117 - root - INFO - Training SR-HGN with #param: 17786812
2024-04-22 20:40:19,913 - root - INFO - ARI: 0.1068 | NMI: 0.1253
2024-04-22 20:40:19,913 - root - INFO - Epoch: 1 | LR: 0.0000 | Loss 1.0951 | Val MaF1: 0.2211 (Best: 0.2211) | Test MaF1: 0.2208 (Best: 0.2208) | MiF1: 0.4953 (Best: 0.4953)
2024-04-22 20:40:20,514 - root - INFO - ARI: 0.2947 | NMI: 0.3053
2024-04-22 20:40:20,514 - root - INFO - Epoch: 2 | LR: 0.0001 | Loss 1.0532 | Val MaF1: 0.2211 (Best: 0.2211) | Test MaF1: 0.2208 (Best: 0.2208) | MiF1: 0.4953 (Best: 0.4953)
2024-04-22 20:40:21,023 - root - INFO - ARI: 0.4250 | NMI: 0.4374
2024-04-22 20:40:21,023 - root - INFO - Epoch: 3 | LR: 0.0001 | Loss 1.0265 | Val MaF1: 0.2211 (Best: 0.2211) | Test MaF1: 0.2208 (Best: 0.2208) | MiF1: 0.4953 (Best: 0.4953)
2024-04-22 20:40:21,527 - root - INFO - ARI: 0.5477 | NMI: 0.5370
2024-04-22 20:40:21,528 - root - INFO - Epoch: 4 | LR: 0.0001 | Loss 1.0084 | Val MaF1: 0.2211 (Best: 0.2211) | Test MaF1: 0.2208 (Best: 0.2208) | MiF1: 0.4953 (Best: 0.4953)
2024-04-22 20:40:22,021 - root - INFO - ARI: 0.6044 | NMI: 0.5860
2024-04-22 20:40:22,021 - root - INFO - Epoch: 5 | LR: 0.0001 | Loss 0.9949 | Val MaF1: 0.2211 (Best: 0.2211) | Test MaF1: 0.2208 (Best: 0.2208) | MiF1: 0.4953 (Best: 0.4953)
2024-04-22 20:40:22,525 - root - INFO - ARI: 0.6469 | NMI: 0.6229
2024-04-22 20:40:22,526 - root - INFO - Epoch: 6 | LR: 0.0001 | Loss 0.9781 | Val MaF1: 0.2211 (Best: 0.2211) | Test MaF1: 0.2208 (Best: 0.2208) | MiF1: 0.4953 (Best: 0.4953)
2024-04-22 20:40:23,025 - root - INFO - ARI: 0.6704 | NMI: 0.6448
2024-04-22 20:40:23,025 - root - INFO - Epoch: 7 | LR: 0.0002 | Loss 0.9496 | Val MaF1: 0.2211 (Best: 0.2211) | Test MaF1: 0.2208 (Best: 0.2208) | MiF1: 0.4953 (Best: 0.4953)
2024-04-22 20:40:23,552 - root - INFO - ARI: 0.6756 | NMI: 0.6537
2024-04-22 20:40:23,552 - root - INFO - Epoch: 8 | LR: 0.0002 | Loss 0.9064 | Val MaF1: 0.2211 (Best: 0.2211) | Test MaF1: 0.2237 (Best: 0.2237) | MiF1: 0.4963 (Best: 0.4963)
2024-04-22 20:40:24,051 - root - INFO - ARI: 0.6829 | NMI: 0.6645
2024-04-22 20:40:24,051 - root - INFO - Epoch: 9 | LR: 0.0003 | Loss 0.8497 | Val MaF1: 0.6984 (Best: 0.6984) | Test MaF1: 0.6830 (Best: 0.6830) | MiF1: 0.7449 (Best: 0.7449)
2024-04-22 20:40:24,550 - root - INFO - ARI: 0.6993 | NMI: 0.6746
2024-04-22 20:40:24,551 - root - INFO - Epoch: 10 | LR: 0.0003 | Loss 0.7936 | Val MaF1: 0.8840 (Best: 0.8840) | Test MaF1: 0.9156 (Best: 0.9156) | MiF1: 0.9155 (Best: 0.9155)
2024-04-22 20:40:25,051 - root - INFO - ARI: 0.7285 | NMI: 0.6949
2024-04-22 20:40:25,051 - root - INFO - Epoch: 11 | LR: 0.0003 | Loss 0.7351 | Val MaF1: 0.8900 (Best: 0.8900) | Test MaF1: 0.9195 (Best: 0.9195) | MiF1: 0.9184 (Best: 0.9184)
2024-04-22 20:40:25,332 - root - INFO - Epoch: 12 | LR: 0.0004 | Loss 0.6588 | Val MaF1: 0.8888 (Best: 0.8900) | Test MaF1: 0.9159 (Best: 0.9195) | MiF1: 0.9155 (Best: 0.9184)
2024-04-22 20:40:25,594 - root - INFO - Epoch: 13 | LR: 0.0004 | Loss 0.5725 | Val MaF1: 0.8639 (Best: 0.8900) | Test MaF1: 0.9019 (Best: 0.9195) | MiF1: 0.9030 (Best: 0.9184)
2024-04-22 20:40:25,860 - root - INFO - Epoch: 14 | LR: 0.0005 | Loss 0.5232 | Val MaF1: 0.8674 (Best: 0.8900) | Test MaF1: 0.9042 (Best: 0.9195) | MiF1: 0.9045 (Best: 0.9184)
2024-04-22 20:40:26,121 - root - INFO - Epoch: 15 | LR: 0.0005 | Loss 0.4733 | Val MaF1: 0.8819 (Best: 0.8900) | Test MaF1: 0.9121 (Best: 0.9195) | MiF1: 0.9115 (Best: 0.9184)
2024-04-22 20:40:26,383 - root - INFO - Epoch: 16 | LR: 0.0006 | Loss 0.4344 | Val MaF1: 0.8928 (Best: 0.8900) | Test MaF1: 0.9135 (Best: 0.9195) | MiF1: 0.9135 (Best: 0.9184)
2024-04-22 20:40:26,646 - root - INFO - Epoch: 17 | LR: 0.0006 | Loss 0.4025 | Val MaF1: 0.8762 (Best: 0.8900) | Test MaF1: 0.9115 (Best: 0.9195) | MiF1: 0.9120 (Best: 0.9184)
2024-04-22 20:40:26,908 - root - INFO - Epoch: 18 | LR: 0.0007 | Loss 0.3889 | Val MaF1: 0.8896 (Best: 0.8900) | Test MaF1: 0.9134 (Best: 0.9195) | MiF1: 0.9140 (Best: 0.9184)
2024-04-22 20:40:27,169 - root - INFO - Epoch: 19 | LR: 0.0007 | Loss 0.3756 | Val MaF1: 0.8945 (Best: 0.8900) | Test MaF1: 0.9127 (Best: 0.9195) | MiF1: 0.9130 (Best: 0.9184)
2024-04-22 20:40:27,428 - root - INFO - Epoch: 20 | LR: 0.0008 | Loss 0.3642 | Val MaF1: 0.8930 (Best: 0.8900) | Test MaF1: 0.9148 (Best: 0.9195) | MiF1: 0.9145 (Best: 0.9184)
2024-04-22 20:40:27,690 - root - INFO - Epoch: 21 | LR: 0.0008 | Loss 0.3563 | Val MaF1: 0.8901 (Best: 0.8900) | Test MaF1: 0.9144 (Best: 0.9195) | MiF1: 0.9145 (Best: 0.9184)
2024-04-22 20:40:27,950 - root - INFO - Epoch: 22 | LR: 0.0009 | Loss 0.3462 | Val MaF1: 0.8912 (Best: 0.8900) | Test MaF1: 0.9136 (Best: 0.9195) | MiF1: 0.9140 (Best: 0.9184)
2024-04-22 20:40:28,214 - root - INFO - Epoch: 23 | LR: 0.0009 | Loss 0.3397 | Val MaF1: 0.8912 (Best: 0.8900) | Test MaF1: 0.9138 (Best: 0.9195) | MiF1: 0.9145 (Best: 0.9184)
2024-04-22 20:40:28,475 - root - INFO - Epoch: 24 | LR: 0.0009 | Loss 0.3336 | Val MaF1: 0.8939 (Best: 0.8900) | Test MaF1: 0.9143 (Best: 0.9195) | MiF1: 0.9145 (Best: 0.9184)
2024-04-22 20:40:28,739 - root - INFO - Epoch: 25 | LR: 0.0010 | Loss 0.3248 | Val MaF1: 0.8921 (Best: 0.8900) | Test MaF1: 0.9121 (Best: 0.9195) | MiF1: 0.9120 (Best: 0.9184)
2024-04-22 20:40:28,997 - root - INFO - Epoch: 26 | LR: 0.0010 | Loss 0.3223 | Val MaF1: 0.8941 (Best: 0.8900) | Test MaF1: 0.9123 (Best: 0.9195) | MiF1: 0.9125 (Best: 0.9184)
2024-04-22 20:40:29,259 - root - INFO - Epoch: 27 | LR: 0.0010 | Loss 0.3205 | Val MaF1: 0.8886 (Best: 0.8900) | Test MaF1: 0.9118 (Best: 0.9195) | MiF1: 0.9125 (Best: 0.9184)
2024-04-22 20:40:29,519 - root - INFO - Epoch: 28 | LR: 0.0010 | Loss 0.3176 | Val MaF1: 0.8864 (Best: 0.8900) | Test MaF1: 0.9124 (Best: 0.9195) | MiF1: 0.9130 (Best: 0.9184)
2024-04-22 20:40:29,782 - root - INFO - Epoch: 29 | LR: 0.0010 | Loss 0.3136 | Val MaF1: 0.8842 (Best: 0.8900) | Test MaF1: 0.9102 (Best: 0.9195) | MiF1: 0.9105 (Best: 0.9184)
2024-04-22 20:40:30,042 - root - INFO - Epoch: 30 | LR: 0.0010 | Loss 0.3111 | Val MaF1: 0.8821 (Best: 0.8900) | Test MaF1: 0.9104 (Best: 0.9195) | MiF1: 0.9105 (Best: 0.9184)
2024-04-22 20:40:30,305 - root - INFO - Epoch: 31 | LR: 0.0010 | Loss 0.3096 | Val MaF1: 0.8817 (Best: 0.8900) | Test MaF1: 0.9058 (Best: 0.9195) | MiF1: 0.9065 (Best: 0.9184)
2024-04-22 20:40:30,562 - root - INFO - Epoch: 32 | LR: 0.0010 | Loss 0.3052 | Val MaF1: 0.8788 (Best: 0.8900) | Test MaF1: 0.9038 (Best: 0.9195) | MiF1: 0.9050 (Best: 0.9184)
2024-04-22 20:40:30,823 - root - INFO - Epoch: 33 | LR: 0.0010 | Loss 0.3033 | Val MaF1: 0.8767 (Best: 0.8900) | Test MaF1: 0.9007 (Best: 0.9195) | MiF1: 0.9020 (Best: 0.9184)
2024-04-22 20:40:31,082 - root - INFO - Epoch: 34 | LR: 0.0010 | Loss 0.3020 | Val MaF1: 0.8843 (Best: 0.8900) | Test MaF1: 0.9037 (Best: 0.9195) | MiF1: 0.9040 (Best: 0.9184)
2024-04-22 20:40:31,344 - root - INFO - Epoch: 35 | LR: 0.0010 | Loss 0.3016 | Val MaF1: 0.8792 (Best: 0.8900) | Test MaF1: 0.9005 (Best: 0.9195) | MiF1: 0.9010 (Best: 0.9184)
2024-04-22 20:40:31,605 - root - INFO - Epoch: 36 | LR: 0.0010 | Loss 0.2979 | Val MaF1: 0.8811 (Best: 0.8900) | Test MaF1: 0.8985 (Best: 0.9195) | MiF1: 0.8996 (Best: 0.9184)
2024-04-22 20:40:31,867 - root - INFO - Epoch: 37 | LR: 0.0010 | Loss 0.2978 | Val MaF1: 0.8808 (Best: 0.8900) | Test MaF1: 0.9070 (Best: 0.9195) | MiF1: 0.9060 (Best: 0.9184)
2024-04-22 20:40:32,128 - root - INFO - Epoch: 38 | LR: 0.0010 | Loss 0.3078 | Val MaF1: 0.8780 (Best: 0.8900) | Test MaF1: 0.9049 (Best: 0.9195) | MiF1: 0.9060 (Best: 0.9184)
2024-04-22 20:40:32,389 - root - INFO - Epoch: 39 | LR: 0.0010 | Loss 0.2955 | Val MaF1: 0.8784 (Best: 0.8900) | Test MaF1: 0.9034 (Best: 0.9195) | MiF1: 0.9045 (Best: 0.9184)
2024-04-22 20:40:32,652 - root - INFO - Epoch: 40 | LR: 0.0009 | Loss 0.2934 | Val MaF1: 0.8873 (Best: 0.8900) | Test MaF1: 0.9083 (Best: 0.9195) | MiF1: 0.9090 (Best: 0.9184)
2024-04-22 20:40:32,925 - root - INFO - Epoch: 41 | LR: 0.0009 | Loss 0.2871 | Val MaF1: 0.8822 (Best: 0.8900) | Test MaF1: 0.9083 (Best: 0.9195) | MiF1: 0.9090 (Best: 0.9184)
2024-04-22 20:40:33,188 - root - INFO - Epoch: 42 | LR: 0.0009 | Loss 0.2899 | Val MaF1: 0.8724 (Best: 0.8900) | Test MaF1: 0.8895 (Best: 0.9195) | MiF1: 0.8946 (Best: 0.9184)
2024-04-22 20:40:33,470 - root - INFO - Epoch: 43 | LR: 0.0009 | Loss 0.3166 | Val MaF1: 0.8881 (Best: 0.8900) | Test MaF1: 0.9121 (Best: 0.9195) | MiF1: 0.9120 (Best: 0.9184)
2024-04-22 20:40:33,752 - root - INFO - Epoch: 44 | LR: 0.0009 | Loss 0.2819 | Val MaF1: 0.8853 (Best: 0.8900) | Test MaF1: 0.9095 (Best: 0.9195) | MiF1: 0.9090 (Best: 0.9184)
2024-04-22 20:40:34,033 - root - INFO - Epoch: 45 | LR: 0.0009 | Loss 0.2874 | Val MaF1: 0.8920 (Best: 0.8900) | Test MaF1: 0.9035 (Best: 0.9195) | MiF1: 0.9050 (Best: 0.9184)
2024-04-22 20:40:34,297 - root - INFO - Epoch: 46 | LR: 0.0009 | Loss 0.2857 | Val MaF1: 0.8916 (Best: 0.8900) | Test MaF1: 0.9022 (Best: 0.9195) | MiF1: 0.9040 (Best: 0.9184)
2024-04-22 20:40:34,557 - root - INFO - Epoch: 47 | LR: 0.0008 | Loss 0.2864 | Val MaF1: 0.8898 (Best: 0.8900) | Test MaF1: 0.9147 (Best: 0.9195) | MiF1: 0.9155 (Best: 0.9184)
2024-04-22 20:40:34,816 - root - INFO - Epoch: 48 | LR: 0.0008 | Loss 0.2782 | Val MaF1: 0.8779 (Best: 0.8900) | Test MaF1: 0.9093 (Best: 0.9195) | MiF1: 0.9085 (Best: 0.9184)
2024-04-22 20:40:35,076 - root - INFO - Epoch: 49 | LR: 0.0008 | Loss 0.2789 | Val MaF1: 0.8863 (Best: 0.8900) | Test MaF1: 0.9113 (Best: 0.9195) | MiF1: 0.9110 (Best: 0.9184)
2024-04-22 20:40:35,339 - root - INFO - Epoch: 50 | LR: 0.0008 | Loss 0.2733 | Val MaF1: 0.8861 (Best: 0.8900) | Test MaF1: 0.9141 (Best: 0.9195) | MiF1: 0.9150 (Best: 0.9184)
2024-04-22 20:40:35,600 - root - INFO - Epoch: 51 | LR: 0.0008 | Loss 0.2736 | Val MaF1: 0.8902 (Best: 0.8900) | Test MaF1: 0.9076 (Best: 0.9195) | MiF1: 0.9100 (Best: 0.9184)
2024-04-22 20:40:35,862 - root - INFO - Epoch: 52 | LR: 0.0008 | Loss 0.2758 | Val MaF1: 0.8906 (Best: 0.8900) | Test MaF1: 0.9089 (Best: 0.9195) | MiF1: 0.9110 (Best: 0.9184)
2024-04-22 20:40:36,124 - root - INFO - Epoch: 53 | LR: 0.0007 | Loss 0.2725 | Val MaF1: 0.8873 (Best: 0.8900) | Test MaF1: 0.9161 (Best: 0.9195) | MiF1: 0.9165 (Best: 0.9184)
2024-04-22 20:40:36,396 - root - INFO - Epoch: 54 | LR: 0.0007 | Loss 0.2708 | Val MaF1: 0.8815 (Best: 0.8900) | Test MaF1: 0.9101 (Best: 0.9195) | MiF1: 0.9100 (Best: 0.9184)
2024-04-22 20:40:36,658 - root - INFO - Epoch: 55 | LR: 0.0007 | Loss 0.2709 | Val MaF1: 0.8811 (Best: 0.8900) | Test MaF1: 0.9098 (Best: 0.9195) | MiF1: 0.9095 (Best: 0.9184)
2024-04-22 20:40:36,919 - root - INFO - Epoch: 56 | LR: 0.0007 | Loss 0.2706 | Val MaF1: 0.8851 (Best: 0.8900) | Test MaF1: 0.9100 (Best: 0.9195) | MiF1: 0.9105 (Best: 0.9184)
2024-04-22 20:40:37,181 - root - INFO - Epoch: 57 | LR: 0.0007 | Loss 0.2689 | Val MaF1: 0.8890 (Best: 0.8900) | Test MaF1: 0.9081 (Best: 0.9195) | MiF1: 0.9090 (Best: 0.9184)
2024-04-22 20:40:37,440 - root - INFO - Epoch: 58 | LR: 0.0006 | Loss 0.2691 | Val MaF1: 0.8913 (Best: 0.8900) | Test MaF1: 0.9084 (Best: 0.9195) | MiF1: 0.9095 (Best: 0.9184)
2024-04-22 20:40:37,703 - root - INFO - Epoch: 59 | LR: 0.0006 | Loss 0.2701 | Val MaF1: 0.8891 (Best: 0.8900) | Test MaF1: 0.9096 (Best: 0.9195) | MiF1: 0.9105 (Best: 0.9184)
2024-04-22 20:40:37,962 - root - INFO - Epoch: 60 | LR: 0.0006 | Loss 0.2694 | Val MaF1: 0.8868 (Best: 0.8900) | Test MaF1: 0.9084 (Best: 0.9195) | MiF1: 0.9090 (Best: 0.9184)
2024-04-22 20:40:38,225 - root - INFO - Epoch: 61 | LR: 0.0006 | Loss 0.2659 | Val MaF1: 0.8855 (Best: 0.8900) | Test MaF1: 0.9094 (Best: 0.9195) | MiF1: 0.9095 (Best: 0.9184)
2024-04-22 20:40:38,487 - root - INFO - Epoch: 62 | LR: 0.0005 | Loss 0.2648 | Val MaF1: 0.8837 (Best: 0.8900) | Test MaF1: 0.9090 (Best: 0.9195) | MiF1: 0.9085 (Best: 0.9184)
2024-04-22 20:40:38,749 - root - INFO - Epoch: 63 | LR: 0.0005 | Loss 0.2676 | Val MaF1: 0.8859 (Best: 0.8900) | Test MaF1: 0.9079 (Best: 0.9195) | MiF1: 0.9075 (Best: 0.9184)
2024-04-22 20:40:39,019 - root - INFO - Epoch: 64 | LR: 0.0005 | Loss 0.2669 | Val MaF1: 0.8855 (Best: 0.8900) | Test MaF1: 0.9101 (Best: 0.9195) | MiF1: 0.9100 (Best: 0.9184)
2024-04-22 20:40:39,306 - root - INFO - Epoch: 65 | LR: 0.0005 | Loss 0.2648 | Val MaF1: 0.8946 (Best: 0.8900) | Test MaF1: 0.9128 (Best: 0.9195) | MiF1: 0.9130 (Best: 0.9184)
2024-04-22 20:40:39,588 - root - INFO - Epoch: 66 | LR: 0.0005 | Loss 0.2638 | Val MaF1: 0.8908 (Best: 0.8900) | Test MaF1: 0.9098 (Best: 0.9195) | MiF1: 0.9105 (Best: 0.9184)
2024-04-22 20:40:39,873 - root - INFO - Epoch: 67 | LR: 0.0004 | Loss 0.2632 | Val MaF1: 0.8915 (Best: 0.8900) | Test MaF1: 0.9079 (Best: 0.9195) | MiF1: 0.9090 (Best: 0.9184)
2024-04-22 20:40:40,147 - root - INFO - Epoch: 68 | LR: 0.0004 | Loss 0.2659 | Val MaF1: 0.8937 (Best: 0.8900) | Test MaF1: 0.9078 (Best: 0.9195) | MiF1: 0.9090 (Best: 0.9184)
2024-04-22 20:40:40,408 - root - INFO - Epoch: 69 | LR: 0.0004 | Loss 0.2657 | Val MaF1: 0.8923 (Best: 0.8900) | Test MaF1: 0.9076 (Best: 0.9195) | MiF1: 0.9085 (Best: 0.9184)
2024-04-22 20:40:40,671 - root - INFO - Epoch: 70 | LR: 0.0004 | Loss 0.2649 | Val MaF1: 0.8918 (Best: 0.8900) | Test MaF1: 0.9089 (Best: 0.9195) | MiF1: 0.9095 (Best: 0.9184)
2024-04-22 20:40:40,930 - root - INFO - Epoch: 71 | LR: 0.0003 | Loss 0.2623 | Val MaF1: 0.8920 (Best: 0.8900) | Test MaF1: 0.9117 (Best: 0.9195) | MiF1: 0.9120 (Best: 0.9184)
2024-04-22 20:40:41,192 - root - INFO - Epoch: 72 | LR: 0.0003 | Loss 0.2620 | Val MaF1: 0.8877 (Best: 0.8900) | Test MaF1: 0.9122 (Best: 0.9195) | MiF1: 0.9125 (Best: 0.9184)
2024-04-22 20:40:41,453 - root - INFO - Epoch: 73 | LR: 0.0003 | Loss 0.2636 | Val MaF1: 0.8877 (Best: 0.8900) | Test MaF1: 0.9109 (Best: 0.9195) | MiF1: 0.9110 (Best: 0.9184)
2024-04-22 20:40:41,719 - root - INFO - Epoch: 74 | LR: 0.0003 | Loss 0.2643 | Val MaF1: 0.8855 (Best: 0.8900) | Test MaF1: 0.9118 (Best: 0.9195) | MiF1: 0.9120 (Best: 0.9184)
2024-04-22 20:40:41,981 - root - INFO - Epoch: 75 | LR: 0.0003 | Loss 0.2630 | Val MaF1: 0.8877 (Best: 0.8900) | Test MaF1: 0.9123 (Best: 0.9195) | MiF1: 0.9125 (Best: 0.9184)
2024-04-22 20:40:42,244 - root - INFO - Epoch: 76 | LR: 0.0002 | Loss 0.2638 | Val MaF1: 0.8852 (Best: 0.8900) | Test MaF1: 0.9121 (Best: 0.9195) | MiF1: 0.9125 (Best: 0.9184)
2024-04-22 20:40:42,504 - root - INFO - Epoch: 77 | LR: 0.0002 | Loss 0.2621 | Val MaF1: 0.8873 (Best: 0.8900) | Test MaF1: 0.9117 (Best: 0.9195) | MiF1: 0.9120 (Best: 0.9184)
2024-04-22 20:40:42,779 - root - INFO - Epoch: 78 | LR: 0.0002 | Loss 0.2625 | Val MaF1: 0.8869 (Best: 0.8900) | Test MaF1: 0.9106 (Best: 0.9195) | MiF1: 0.9110 (Best: 0.9184)
2024-04-22 20:40:43,040 - root - INFO - Epoch: 79 | LR: 0.0002 | Loss 0.2625 | Val MaF1: 0.8887 (Best: 0.8900) | Test MaF1: 0.9106 (Best: 0.9195) | MiF1: 0.9110 (Best: 0.9184)
2024-04-22 20:40:43,301 - root - INFO - Epoch: 80 | LR: 0.0002 | Loss 0.2607 | Val MaF1: 0.8909 (Best: 0.8900) | Test MaF1: 0.9106 (Best: 0.9195) | MiF1: 0.9110 (Best: 0.9184)
2024-04-22 20:40:43,561 - root - INFO - Epoch: 81 | LR: 0.0002 | Loss 0.2605 | Val MaF1: 0.8909 (Best: 0.8900) | Test MaF1: 0.9090 (Best: 0.9195) | MiF1: 0.9095 (Best: 0.9184)
2024-04-22 20:40:43,821 - root - INFO - Epoch: 82 | LR: 0.0001 | Loss 0.2608 | Val MaF1: 0.8909 (Best: 0.8900) | Test MaF1: 0.9095 (Best: 0.9195) | MiF1: 0.9100 (Best: 0.9184)
2024-04-22 20:40:44,082 - root - INFO - Epoch: 83 | LR: 0.0001 | Loss 0.2612 | Val MaF1: 0.8909 (Best: 0.8900) | Test MaF1: 0.9105 (Best: 0.9195) | MiF1: 0.9110 (Best: 0.9184)
2024-04-22 20:40:44,344 - root - INFO - Epoch: 84 | LR: 0.0001 | Loss 0.2618 | Val MaF1: 0.8909 (Best: 0.8900) | Test MaF1: 0.9105 (Best: 0.9195) | MiF1: 0.9110 (Best: 0.9184)
2024-04-22 20:40:44,606 - root - INFO - Epoch: 85 | LR: 0.0001 | Loss 0.2610 | Val MaF1: 0.8909 (Best: 0.8900) | Test MaF1: 0.9095 (Best: 0.9195) | MiF1: 0.9100 (Best: 0.9184)
2024-04-22 20:40:44,867 - root - INFO - Epoch: 86 | LR: 0.0001 | Loss 0.2618 | Val MaF1: 0.8909 (Best: 0.8900) | Test MaF1: 0.9095 (Best: 0.9195) | MiF1: 0.9100 (Best: 0.9184)
2024-04-22 20:40:45,128 - root - INFO - Epoch: 87 | LR: 0.0001 | Loss 0.2607 | Val MaF1: 0.8909 (Best: 0.8900) | Test MaF1: 0.9106 (Best: 0.9195) | MiF1: 0.9110 (Best: 0.9184)
2024-04-22 20:40:45,389 - root - INFO - Epoch: 88 | LR: 0.0001 | Loss 0.2610 | Val MaF1: 0.8909 (Best: 0.8900) | Test MaF1: 0.9111 (Best: 0.9195) | MiF1: 0.9115 (Best: 0.9184)
2024-04-22 20:40:45,653 - root - INFO - Epoch: 89 | LR: 0.0000 | Loss 0.2618 | Val MaF1: 0.8909 (Best: 0.8900) | Test MaF1: 0.9111 (Best: 0.9195) | MiF1: 0.9115 (Best: 0.9184)
2024-04-22 20:40:45,914 - root - INFO - Epoch: 90 | LR: 0.0000 | Loss 0.2613 | Val MaF1: 0.8909 (Best: 0.8900) | Test MaF1: 0.9111 (Best: 0.9195) | MiF1: 0.9115 (Best: 0.9184)
2024-04-22 20:40:46,175 - root - INFO - Epoch: 91 | LR: 0.0000 | Loss 0.2612 | Val MaF1: 0.8913 (Best: 0.8900) | Test MaF1: 0.9111 (Best: 0.9195) | MiF1: 0.9115 (Best: 0.9184)
2024-04-22 20:40:46,435 - root - INFO - Epoch: 92 | LR: 0.0000 | Loss 0.2597 | Val MaF1: 0.8913 (Best: 0.8900) | Test MaF1: 0.9111 (Best: 0.9195) | MiF1: 0.9115 (Best: 0.9184)
2024-04-22 20:40:46,701 - root - INFO - Epoch: 93 | LR: 0.0000 | Loss 0.2604 | Val MaF1: 0.8913 (Best: 0.8900) | Test MaF1: 0.9111 (Best: 0.9195) | MiF1: 0.9115 (Best: 0.9184)
2024-04-22 20:40:46,960 - root - INFO - Epoch: 94 | LR: 0.0000 | Loss 0.2606 | Val MaF1: 0.8913 (Best: 0.8900) | Test MaF1: 0.9111 (Best: 0.9195) | MiF1: 0.9115 (Best: 0.9184)
2024-04-22 20:40:47,222 - root - INFO - Epoch: 95 | LR: 0.0000 | Loss 0.2606 | Val MaF1: 0.8913 (Best: 0.8900) | Test MaF1: 0.9126 (Best: 0.9195) | MiF1: 0.9130 (Best: 0.9184)
2024-04-22 20:40:47,481 - root - INFO - Epoch: 96 | LR: 0.0000 | Loss 0.2610 | Val MaF1: 0.8913 (Best: 0.8900) | Test MaF1: 0.9126 (Best: 0.9195) | MiF1: 0.9130 (Best: 0.9184)
2024-04-22 20:40:47,746 - root - INFO - Epoch: 97 | LR: 0.0000 | Loss 0.2609 | Val MaF1: 0.8913 (Best: 0.8900) | Test MaF1: 0.9126 (Best: 0.9195) | MiF1: 0.9130 (Best: 0.9184)
2024-04-22 20:40:48,004 - root - INFO - Epoch: 98 | LR: 0.0000 | Loss 0.2610 | Val MaF1: 0.8913 (Best: 0.8900) | Test MaF1: 0.9126 (Best: 0.9195) | MiF1: 0.9130 (Best: 0.9184)
2024-04-22 20:40:48,267 - root - INFO - Epoch: 99 | LR: 0.0000 | Loss 0.2604 | Val MaF1: 0.8913 (Best: 0.8900) | Test MaF1: 0.9126 (Best: 0.9195) | MiF1: 0.9130 (Best: 0.9184)
2024-04-22 20:40:48,529 - root - INFO - Epoch: 100 | LR: 0.0000 | Loss 0.2618 | Val MaF1: 0.8913 (Best: 0.8900) | Test MaF1: 0.9126 (Best: 0.9195) | MiF1: 0.9130 (Best: 0.9184)
2024-04-22 20:40:48,530 - root - INFO - Best Epoch: 11 | Train MiF1: 0.9168,  MaF1: 0.9180 | Val MiF1: 0.8883, MaF1: 0.8900 | Test MaF1: 0.9195, MiF1: 0.9184
2024-04-22 20:40:48,690 - root - INFO - ARI: 0.7285 | NMI: 0.6949
