2024-04-18 18:08:07,519 - root - INFO - {'prefix': 'SR-HGN', 'gpu': 0, 'feat': 1, 'seed': 0, 'verbose': 1, 'train_split': 0.2, 'val_split': 0.3, 'num_type_heads': 4, 'num_node_heads': 4, 'hidden_dim': 256, 'clip': 1.0, 'num_layers': 3, 'alpha': 0.5, 'epochs': 60, 'dataset': 'acm', 'input_dim': 256, 'aggregate': 'concat', 'iscuda': True, 'cluster': True, 'max_lr': 0.001, 'weight_decay': 1e-05, 'heads': 8, 'han_heads': [4], 'hh_heads': 3, 'dropout': 0.2}
2024-04-18 18:08:10,473 - root - INFO - Training SR-HGN with #param: 35207827
2024-04-18 18:08:13,704 - root - INFO - ARI: 0.0127 | NMI: 0.0078
2024-04-18 18:08:13,705 - root - INFO - Epoch: 1 | LR: 0.0000 | Loss 1.0978 | Val MaF1: 0.2204 (Best: 0.2204) | Test MaF1: 0.2220 (Best: 0.2220) | MiF1: 0.4961 (Best: 0.4961)
2024-04-18 18:08:14,690 - root - INFO - Epoch: 2 | LR: 0.0001 | Loss 1.0710 | Val MaF1: 0.2204 (Best: 0.2204) | Test MaF1: 0.2210 (Best: 0.2220) | MiF1: 0.4957 (Best: 0.4961)
2024-04-18 18:08:15,634 - root - INFO - Epoch: 3 | LR: 0.0001 | Loss 1.0481 | Val MaF1: 0.2204 (Best: 0.2204) | Test MaF1: 0.2210 (Best: 0.2220) | MiF1: 0.4957 (Best: 0.4961)
2024-04-18 18:08:16,542 - root - INFO - Epoch: 4 | LR: 0.0002 | Loss 1.0258 | Val MaF1: 0.2204 (Best: 0.2204) | Test MaF1: 0.2210 (Best: 0.2220) | MiF1: 0.4957 (Best: 0.4961)
2024-04-18 18:08:17,508 - root - INFO - Epoch: 5 | LR: 0.0002 | Loss 1.0055 | Val MaF1: 0.2204 (Best: 0.2204) | Test MaF1: 0.2210 (Best: 0.2220) | MiF1: 0.4957 (Best: 0.4961)
2024-04-18 18:08:18,427 - root - INFO - Epoch: 6 | LR: 0.0003 | Loss 0.9868 | Val MaF1: 0.2204 (Best: 0.2204) | Test MaF1: 0.2210 (Best: 0.2220) | MiF1: 0.4957 (Best: 0.4961)
2024-04-18 18:08:19,345 - root - INFO - Epoch: 7 | LR: 0.0004 | Loss 0.9583 | Val MaF1: 0.2204 (Best: 0.2204) | Test MaF1: 0.2210 (Best: 0.2220) | MiF1: 0.4957 (Best: 0.4961)
2024-04-18 18:08:20,270 - root - INFO - Epoch: 8 | LR: 0.0005 | Loss 0.9054 | Val MaF1: 0.2204 (Best: 0.2204) | Test MaF1: 0.2220 (Best: 0.2220) | MiF1: 0.4961 (Best: 0.4961)
2024-04-18 18:08:22,080 - root - INFO - ARI: 0.3072 | NMI: 0.3805
2024-04-18 18:08:22,080 - root - INFO - Epoch: 9 | LR: 0.0006 | Loss 0.8626 | Val MaF1: 0.2808 (Best: 0.2808) | Test MaF1: 0.2857 (Best: 0.2857) | MiF1: 0.5199 (Best: 0.5199)
2024-04-18 18:08:23,884 - root - INFO - ARI: 0.6664 | NMI: 0.6432
2024-04-18 18:08:23,884 - root - INFO - Epoch: 10 | LR: 0.0007 | Loss 0.8100 | Val MaF1: 0.5874 (Best: 0.5874) | Test MaF1: 0.5603 (Best: 0.5603) | MiF1: 0.6591 (Best: 0.6591)
2024-04-18 18:08:25,662 - root - INFO - ARI: 0.6901 | NMI: 0.6791
2024-04-18 18:08:25,662 - root - INFO - Epoch: 11 | LR: 0.0007 | Loss 0.7382 | Val MaF1: 0.8265 (Best: 0.8265) | Test MaF1: 0.8238 (Best: 0.8238) | MiF1: 0.8359 (Best: 0.8359)
2024-04-18 18:08:27,477 - root - INFO - ARI: 0.6765 | NMI: 0.6832
2024-04-18 18:08:27,477 - root - INFO - Epoch: 12 | LR: 0.0008 | Loss 0.6815 | Val MaF1: 0.9257 (Best: 0.9257) | Test MaF1: 0.9230 (Best: 0.9230) | MiF1: 0.9229 (Best: 0.9229)
2024-04-18 18:08:28,426 - root - INFO - Epoch: 13 | LR: 0.0009 | Loss 0.6158 | Val MaF1: 0.9125 (Best: 0.9257) | Test MaF1: 0.9098 (Best: 0.9230) | MiF1: 0.9077 (Best: 0.9229)
2024-04-18 18:08:29,330 - root - INFO - Epoch: 14 | LR: 0.0009 | Loss 0.5948 | Val MaF1: 0.9117 (Best: 0.9257) | Test MaF1: 0.9216 (Best: 0.9230) | MiF1: 0.9229 (Best: 0.9229)
2024-04-18 18:08:30,232 - root - INFO - Epoch: 15 | LR: 0.0010 | Loss 0.5279 | Val MaF1: 0.8748 (Best: 0.9257) | Test MaF1: 0.8815 (Best: 0.9230) | MiF1: 0.8874 (Best: 0.9229)
2024-04-18 18:08:31,150 - root - INFO - Epoch: 16 | LR: 0.0010 | Loss 0.5144 | Val MaF1: 0.9166 (Best: 0.9257) | Test MaF1: 0.9228 (Best: 0.9230) | MiF1: 0.9244 (Best: 0.9229)
2024-04-18 18:08:32,903 - root - INFO - ARI: 0.8061 | NMI: 0.7715
2024-04-18 18:08:32,903 - root - INFO - Epoch: 17 | LR: 0.0010 | Loss 0.4782 | Val MaF1: 0.9398 (Best: 0.9398) | Test MaF1: 0.9420 (Best: 0.9420) | MiF1: 0.9414 (Best: 0.9414)
2024-04-18 18:08:33,863 - root - INFO - Epoch: 18 | LR: 0.0010 | Loss 0.4481 | Val MaF1: 0.9289 (Best: 0.9398) | Test MaF1: 0.9323 (Best: 0.9420) | MiF1: 0.9308 (Best: 0.9414)
2024-04-18 18:08:34,776 - root - INFO - Epoch: 19 | LR: 0.0010 | Loss 0.4380 | Val MaF1: 0.9378 (Best: 0.9398) | Test MaF1: 0.9379 (Best: 0.9420) | MiF1: 0.9375 (Best: 0.9414)
2024-04-18 18:08:36,647 - root - INFO - ARI: 0.8268 | NMI: 0.7755
2024-04-18 18:08:36,647 - root - INFO - Epoch: 20 | LR: 0.0010 | Loss 0.4254 | Val MaF1: 0.9490 (Best: 0.9490) | Test MaF1: 0.9435 (Best: 0.9435) | MiF1: 0.9439 (Best: 0.9439)
2024-04-18 18:08:37,604 - root - INFO - Epoch: 21 | LR: 0.0010 | Loss 0.4143 | Val MaF1: 0.9388 (Best: 0.9490) | Test MaF1: 0.9395 (Best: 0.9435) | MiF1: 0.9400 (Best: 0.9439)
2024-04-18 18:08:38,505 - root - INFO - Epoch: 22 | LR: 0.0010 | Loss 0.4048 | Val MaF1: 0.9388 (Best: 0.9490) | Test MaF1: 0.9377 (Best: 0.9435) | MiF1: 0.9379 (Best: 0.9439)
2024-04-18 18:08:39,412 - root - INFO - Epoch: 23 | LR: 0.0010 | Loss 0.3973 | Val MaF1: 0.9438 (Best: 0.9490) | Test MaF1: 0.9369 (Best: 0.9435) | MiF1: 0.9375 (Best: 0.9439)
2024-04-18 18:08:40,320 - root - INFO - Epoch: 24 | LR: 0.0009 | Loss 0.3909 | Val MaF1: 0.9387 (Best: 0.9490) | Test MaF1: 0.9375 (Best: 0.9435) | MiF1: 0.9379 (Best: 0.9439)
2024-04-18 18:08:41,268 - root - INFO - Epoch: 25 | LR: 0.0009 | Loss 0.3855 | Val MaF1: 0.9366 (Best: 0.9490) | Test MaF1: 0.9394 (Best: 0.9435) | MiF1: 0.9396 (Best: 0.9439)
2024-04-18 18:08:42,174 - root - INFO - Epoch: 26 | LR: 0.0009 | Loss 0.3815 | Val MaF1: 0.9364 (Best: 0.9490) | Test MaF1: 0.9401 (Best: 0.9435) | MiF1: 0.9403 (Best: 0.9439)
2024-04-18 18:08:43,085 - root - INFO - Epoch: 27 | LR: 0.0009 | Loss 0.3769 | Val MaF1: 0.9433 (Best: 0.9490) | Test MaF1: 0.9403 (Best: 0.9435) | MiF1: 0.9407 (Best: 0.9439)
2024-04-18 18:08:44,009 - root - INFO - Epoch: 28 | LR: 0.0008 | Loss 0.3730 | Val MaF1: 0.9461 (Best: 0.9490) | Test MaF1: 0.9388 (Best: 0.9435) | MiF1: 0.9396 (Best: 0.9439)
2024-04-18 18:08:44,913 - root - INFO - Epoch: 29 | LR: 0.0008 | Loss 0.3707 | Val MaF1: 0.9385 (Best: 0.9490) | Test MaF1: 0.9345 (Best: 0.9435) | MiF1: 0.9354 (Best: 0.9439)
2024-04-18 18:08:45,817 - root - INFO - Epoch: 30 | LR: 0.0008 | Loss 0.3680 | Val MaF1: 0.9360 (Best: 0.9490) | Test MaF1: 0.9356 (Best: 0.9435) | MiF1: 0.9364 (Best: 0.9439)
2024-04-18 18:08:46,724 - root - INFO - Epoch: 31 | LR: 0.0008 | Loss 0.3654 | Val MaF1: 0.9411 (Best: 0.9490) | Test MaF1: 0.9374 (Best: 0.9435) | MiF1: 0.9382 (Best: 0.9439)
2024-04-18 18:08:47,675 - root - INFO - Epoch: 32 | LR: 0.0007 | Loss 0.3631 | Val MaF1: 0.9411 (Best: 0.9490) | Test MaF1: 0.9404 (Best: 0.9435) | MiF1: 0.9407 (Best: 0.9439)
2024-04-18 18:08:48,645 - root - INFO - Epoch: 33 | LR: 0.0007 | Loss 0.3618 | Val MaF1: 0.9440 (Best: 0.9490) | Test MaF1: 0.9412 (Best: 0.9435) | MiF1: 0.9414 (Best: 0.9439)
2024-04-18 18:08:49,662 - root - INFO - Epoch: 34 | LR: 0.0006 | Loss 0.3603 | Val MaF1: 0.9465 (Best: 0.9490) | Test MaF1: 0.9424 (Best: 0.9435) | MiF1: 0.9425 (Best: 0.9439)
2024-04-18 18:08:50,568 - root - INFO - Epoch: 35 | LR: 0.0006 | Loss 0.3590 | Val MaF1: 0.9465 (Best: 0.9490) | Test MaF1: 0.9428 (Best: 0.9435) | MiF1: 0.9428 (Best: 0.9439)
2024-04-18 18:08:51,485 - root - INFO - Epoch: 36 | LR: 0.0006 | Loss 0.3578 | Val MaF1: 0.9465 (Best: 0.9490) | Test MaF1: 0.9432 (Best: 0.9435) | MiF1: 0.9432 (Best: 0.9439)
2024-04-18 18:08:52,386 - root - INFO - Epoch: 37 | LR: 0.0005 | Loss 0.3572 | Val MaF1: 0.9406 (Best: 0.9490) | Test MaF1: 0.9425 (Best: 0.9435) | MiF1: 0.9425 (Best: 0.9439)
2024-04-18 18:08:53,326 - root - INFO - Epoch: 38 | LR: 0.0005 | Loss 0.3561 | Val MaF1: 0.9429 (Best: 0.9490) | Test MaF1: 0.9428 (Best: 0.9435) | MiF1: 0.9428 (Best: 0.9439)
2024-04-18 18:08:54,225 - root - INFO - Epoch: 39 | LR: 0.0005 | Loss 0.3553 | Val MaF1: 0.9404 (Best: 0.9490) | Test MaF1: 0.9416 (Best: 0.9435) | MiF1: 0.9418 (Best: 0.9439)
2024-04-18 18:08:55,141 - root - INFO - Epoch: 40 | LR: 0.0004 | Loss 0.3547 | Val MaF1: 0.9353 (Best: 0.9490) | Test MaF1: 0.9397 (Best: 0.9435) | MiF1: 0.9400 (Best: 0.9439)
2024-04-18 18:08:56,093 - root - INFO - Epoch: 41 | LR: 0.0004 | Loss 0.3542 | Val MaF1: 0.9328 (Best: 0.9490) | Test MaF1: 0.9384 (Best: 0.9435) | MiF1: 0.9389 (Best: 0.9439)
2024-04-18 18:08:56,991 - root - INFO - Epoch: 42 | LR: 0.0004 | Loss 0.3537 | Val MaF1: 0.9328 (Best: 0.9490) | Test MaF1: 0.9369 (Best: 0.9435) | MiF1: 0.9375 (Best: 0.9439)
2024-04-18 18:08:57,890 - root - INFO - Epoch: 43 | LR: 0.0003 | Loss 0.3530 | Val MaF1: 0.9328 (Best: 0.9490) | Test MaF1: 0.9369 (Best: 0.9435) | MiF1: 0.9375 (Best: 0.9439)
2024-04-18 18:08:58,795 - root - INFO - Epoch: 44 | LR: 0.0003 | Loss 0.3525 | Val MaF1: 0.9328 (Best: 0.9490) | Test MaF1: 0.9358 (Best: 0.9435) | MiF1: 0.9364 (Best: 0.9439)
2024-04-18 18:08:59,738 - root - INFO - Epoch: 45 | LR: 0.0003 | Loss 0.3525 | Val MaF1: 0.9328 (Best: 0.9490) | Test MaF1: 0.9358 (Best: 0.9435) | MiF1: 0.9364 (Best: 0.9439)
2024-04-18 18:09:00,638 - root - INFO - Epoch: 46 | LR: 0.0002 | Loss 0.3522 | Val MaF1: 0.9328 (Best: 0.9490) | Test MaF1: 0.9361 (Best: 0.9435) | MiF1: 0.9368 (Best: 0.9439)
2024-04-18 18:09:01,542 - root - INFO - Epoch: 47 | LR: 0.0002 | Loss 0.3517 | Val MaF1: 0.9328 (Best: 0.9490) | Test MaF1: 0.9361 (Best: 0.9435) | MiF1: 0.9368 (Best: 0.9439)
2024-04-18 18:09:02,444 - root - INFO - Epoch: 48 | LR: 0.0002 | Loss 0.3515 | Val MaF1: 0.9328 (Best: 0.9490) | Test MaF1: 0.9361 (Best: 0.9435) | MiF1: 0.9368 (Best: 0.9439)
2024-04-18 18:09:03,347 - root - INFO - Epoch: 49 | LR: 0.0001 | Loss 0.3514 | Val MaF1: 0.9328 (Best: 0.9490) | Test MaF1: 0.9358 (Best: 0.9435) | MiF1: 0.9364 (Best: 0.9439)
2024-04-18 18:09:04,247 - root - INFO - Epoch: 50 | LR: 0.0001 | Loss 0.3514 | Val MaF1: 0.9328 (Best: 0.9490) | Test MaF1: 0.9366 (Best: 0.9435) | MiF1: 0.9371 (Best: 0.9439)
2024-04-18 18:09:05,199 - root - INFO - Epoch: 51 | LR: 0.0001 | Loss 0.3509 | Val MaF1: 0.9328 (Best: 0.9490) | Test MaF1: 0.9366 (Best: 0.9435) | MiF1: 0.9371 (Best: 0.9439)
2024-04-18 18:09:06,100 - root - INFO - Epoch: 52 | LR: 0.0001 | Loss 0.3508 | Val MaF1: 0.9328 (Best: 0.9490) | Test MaF1: 0.9369 (Best: 0.9435) | MiF1: 0.9375 (Best: 0.9439)
2024-04-18 18:09:07,006 - root - INFO - Epoch: 53 | LR: 0.0000 | Loss 0.3510 | Val MaF1: 0.9328 (Best: 0.9490) | Test MaF1: 0.9373 (Best: 0.9435) | MiF1: 0.9379 (Best: 0.9439)
2024-04-18 18:09:07,903 - root - INFO - Epoch: 54 | LR: 0.0000 | Loss 0.3512 | Val MaF1: 0.9328 (Best: 0.9490) | Test MaF1: 0.9370 (Best: 0.9435) | MiF1: 0.9375 (Best: 0.9439)
2024-04-18 18:09:08,803 - root - INFO - Epoch: 55 | LR: 0.0000 | Loss 0.3507 | Val MaF1: 0.9328 (Best: 0.9490) | Test MaF1: 0.9373 (Best: 0.9435) | MiF1: 0.9379 (Best: 0.9439)
2024-04-18 18:09:09,703 - root - INFO - Epoch: 56 | LR: 0.0000 | Loss 0.3508 | Val MaF1: 0.9328 (Best: 0.9490) | Test MaF1: 0.9370 (Best: 0.9435) | MiF1: 0.9375 (Best: 0.9439)
2024-04-18 18:09:10,609 - root - INFO - Epoch: 57 | LR: 0.0000 | Loss 0.3507 | Val MaF1: 0.9328 (Best: 0.9490) | Test MaF1: 0.9370 (Best: 0.9435) | MiF1: 0.9375 (Best: 0.9439)
2024-04-18 18:09:11,669 - root - INFO - Epoch: 58 | LR: 0.0000 | Loss 0.3507 | Val MaF1: 0.9328 (Best: 0.9490) | Test MaF1: 0.9370 (Best: 0.9435) | MiF1: 0.9375 (Best: 0.9439)
2024-04-18 18:09:12,586 - root - INFO - Epoch: 59 | LR: 0.0000 | Loss 0.3508 | Val MaF1: 0.9328 (Best: 0.9490) | Test MaF1: 0.9370 (Best: 0.9435) | MiF1: 0.9375 (Best: 0.9439)
2024-04-18 18:09:13,505 - root - INFO - Epoch: 60 | LR: 0.0000 | Loss 0.3508 | Val MaF1: 0.9328 (Best: 0.9490) | Test MaF1: 0.9370 (Best: 0.9435) | MiF1: 0.9375 (Best: 0.9439)
2024-04-18 18:09:13,505 - root - INFO - Best Epoch: 20 | Train MiF1: 0.9728,  MaF1: 0.9727 | Val MiF1: 0.9476, MaF1: 0.9490 | Test MaF1: 0.9435, MiF1: 0.9439
2024-04-18 18:09:14,131 - root - INFO - ARI: 0.8268 | NMI: 0.7755
