2024-04-19 01:29:48,758 - root - INFO - {'prefix': 'SR-HGN', 'gpu': 0, 'feat': 1, 'seed': 0, 'verbose': 1, 'train_split': 0.2, 'val_split': 0.3, 'num_type_heads': 4, 'num_node_heads': 4, 'hidden_dim': 32, 'clip': 1.0, 'num_layers': 3, 'alpha': 0.5, 'epochs': 100, 'dataset': 'acm', 'input_dim': 256, 'aggregate': 'concat', 'iscuda': True, 'cluster': True, 'max_lr': 0.001, 'weight_decay': 1e-05, 'heads': 8, 'han_heads': [4], 'hh_heads': 3, 'dropout': 0.2}
2024-04-19 01:29:51,630 - root - INFO - Training SR-HGN with #param: 2561299
2024-04-19 01:29:54,423 - root - INFO - ARI: 0.0079 | NMI: 0.0074
2024-04-19 01:29:54,424 - root - INFO - Epoch: 1 | LR: 0.0000 | Loss 1.0961 | Val MaF1: 0.3505 (Best: 0.3505) | Test MaF1: 0.3553 (Best: 0.3553) | MiF1: 0.4315 (Best: 0.4315)
2024-04-19 01:29:55,296 - root - INFO - Epoch: 2 | LR: 0.0001 | Loss 1.0958 | Val MaF1: 0.3071 (Best: 0.3505) | Test MaF1: 0.3451 (Best: 0.3553) | MiF1: 0.4691 (Best: 0.4315)
2024-04-19 01:29:56,580 - root - INFO - Epoch: 3 | LR: 0.0001 | Loss 1.0872 | Val MaF1: 0.2772 (Best: 0.3505) | Test MaF1: 0.3163 (Best: 0.3553) | MiF1: 0.4925 (Best: 0.4315)
2024-04-19 01:29:58,165 - root - INFO - Epoch: 4 | LR: 0.0001 | Loss 1.0835 | Val MaF1: 0.2630 (Best: 0.3505) | Test MaF1: 0.2686 (Best: 0.3553) | MiF1: 0.5025 (Best: 0.4315)
2024-04-19 01:29:59,088 - root - INFO - Epoch: 5 | LR: 0.0001 | Loss 1.0785 | Val MaF1: 0.2328 (Best: 0.3505) | Test MaF1: 0.2362 (Best: 0.3553) | MiF1: 0.5011 (Best: 0.4315)
2024-04-19 01:29:59,974 - root - INFO - Epoch: 6 | LR: 0.0001 | Loss 1.0663 | Val MaF1: 0.2270 (Best: 0.3505) | Test MaF1: 0.2229 (Best: 0.3553) | MiF1: 0.4964 (Best: 0.4315)
2024-04-19 01:30:00,812 - root - INFO - Epoch: 7 | LR: 0.0002 | Loss 1.0474 | Val MaF1: 0.2204 (Best: 0.3505) | Test MaF1: 0.2210 (Best: 0.3553) | MiF1: 0.4957 (Best: 0.4315)
2024-04-19 01:30:01,672 - root - INFO - Epoch: 8 | LR: 0.0002 | Loss 1.0389 | Val MaF1: 0.2204 (Best: 0.3505) | Test MaF1: 0.2210 (Best: 0.3553) | MiF1: 0.4957 (Best: 0.4315)
2024-04-19 01:30:02,538 - root - INFO - Epoch: 9 | LR: 0.0003 | Loss 1.0268 | Val MaF1: 0.2204 (Best: 0.3505) | Test MaF1: 0.2210 (Best: 0.3553) | MiF1: 0.4957 (Best: 0.4315)
2024-04-19 01:30:03,414 - root - INFO - Epoch: 10 | LR: 0.0003 | Loss 1.0103 | Val MaF1: 0.2204 (Best: 0.3505) | Test MaF1: 0.2210 (Best: 0.3553) | MiF1: 0.4957 (Best: 0.4315)
2024-04-19 01:30:04,326 - root - INFO - Epoch: 11 | LR: 0.0003 | Loss 0.9993 | Val MaF1: 0.2204 (Best: 0.3505) | Test MaF1: 0.2210 (Best: 0.3553) | MiF1: 0.4957 (Best: 0.4315)
2024-04-19 01:30:05,169 - root - INFO - Epoch: 12 | LR: 0.0004 | Loss 0.9876 | Val MaF1: 0.2204 (Best: 0.3505) | Test MaF1: 0.2210 (Best: 0.3553) | MiF1: 0.4957 (Best: 0.4315)
2024-04-19 01:30:06,066 - root - INFO - Epoch: 13 | LR: 0.0004 | Loss 0.9702 | Val MaF1: 0.2204 (Best: 0.3505) | Test MaF1: 0.2210 (Best: 0.3553) | MiF1: 0.4957 (Best: 0.4315)
2024-04-19 01:30:06,904 - root - INFO - Epoch: 14 | LR: 0.0005 | Loss 0.9549 | Val MaF1: 0.2204 (Best: 0.3505) | Test MaF1: 0.2210 (Best: 0.3553) | MiF1: 0.4957 (Best: 0.4315)
2024-04-19 01:30:07,724 - root - INFO - Epoch: 15 | LR: 0.0005 | Loss 0.9361 | Val MaF1: 0.2204 (Best: 0.3505) | Test MaF1: 0.2210 (Best: 0.3553) | MiF1: 0.4957 (Best: 0.4315)
2024-04-19 01:30:08,564 - root - INFO - Epoch: 16 | LR: 0.0006 | Loss 0.9114 | Val MaF1: 0.2204 (Best: 0.3505) | Test MaF1: 0.2230 (Best: 0.3553) | MiF1: 0.4964 (Best: 0.4315)
2024-04-19 01:30:09,405 - root - INFO - Epoch: 17 | LR: 0.0006 | Loss 0.8825 | Val MaF1: 0.2412 (Best: 0.3505) | Test MaF1: 0.2449 (Best: 0.3553) | MiF1: 0.5043 (Best: 0.4315)
2024-04-19 01:30:10,837 - root - INFO - ARI: 0.7010 | NMI: 0.6697
2024-04-19 01:30:10,837 - root - INFO - Epoch: 18 | LR: 0.0007 | Loss 0.8451 | Val MaF1: 0.4533 (Best: 0.4533) | Test MaF1: 0.4464 (Best: 0.4464) | MiF1: 0.5909 (Best: 0.5909)
2024-04-19 01:30:12,391 - root - INFO - ARI: 0.6945 | NMI: 0.6703
2024-04-19 01:30:12,391 - root - INFO - Epoch: 19 | LR: 0.0007 | Loss 0.8126 | Val MaF1: 0.7427 (Best: 0.7427) | Test MaF1: 0.7445 (Best: 0.7445) | MiF1: 0.7724 (Best: 0.7724)
2024-04-19 01:30:13,947 - root - INFO - ARI: 0.7003 | NMI: 0.6785
2024-04-19 01:30:13,947 - root - INFO - Epoch: 20 | LR: 0.0008 | Loss 0.7837 | Val MaF1: 0.8709 (Best: 0.8709) | Test MaF1: 0.8827 (Best: 0.8827) | MiF1: 0.8864 (Best: 0.8864)
2024-04-19 01:30:15,426 - root - INFO - ARI: 0.7172 | NMI: 0.6941
2024-04-19 01:30:15,427 - root - INFO - Epoch: 21 | LR: 0.0008 | Loss 0.7473 | Val MaF1: 0.9196 (Best: 0.9196) | Test MaF1: 0.9171 (Best: 0.9171) | MiF1: 0.9180 (Best: 0.9180)
2024-04-19 01:30:16,896 - root - INFO - ARI: 0.7460 | NMI: 0.7114
2024-04-19 01:30:16,896 - root - INFO - Epoch: 22 | LR: 0.0009 | Loss 0.7134 | Val MaF1: 0.9352 (Best: 0.9352) | Test MaF1: 0.9226 (Best: 0.9226) | MiF1: 0.9229 (Best: 0.9229)
2024-04-19 01:30:18,417 - root - INFO - ARI: 0.7736 | NMI: 0.7275
2024-04-19 01:30:18,417 - root - INFO - Epoch: 23 | LR: 0.0009 | Loss 0.6790 | Val MaF1: 0.9297 (Best: 0.9297) | Test MaF1: 0.9250 (Best: 0.9250) | MiF1: 0.9258 (Best: 0.9258)
2024-04-19 01:30:19,346 - root - INFO - Epoch: 24 | LR: 0.0009 | Loss 0.6447 | Val MaF1: 0.9112 (Best: 0.9297) | Test MaF1: 0.9203 (Best: 0.9250) | MiF1: 0.9219 (Best: 0.9258)
2024-04-19 01:30:20,261 - root - INFO - Epoch: 25 | LR: 0.0010 | Loss 0.6071 | Val MaF1: 0.9032 (Best: 0.9297) | Test MaF1: 0.9174 (Best: 0.9250) | MiF1: 0.9190 (Best: 0.9258)
2024-04-19 01:30:21,112 - root - INFO - Epoch: 26 | LR: 0.0010 | Loss 0.5785 | Val MaF1: 0.9172 (Best: 0.9297) | Test MaF1: 0.9220 (Best: 0.9250) | MiF1: 0.9229 (Best: 0.9258)
2024-04-19 01:30:22,651 - root - INFO - ARI: 0.8140 | NMI: 0.7612
2024-04-19 01:30:22,652 - root - INFO - Epoch: 27 | LR: 0.0010 | Loss 0.5546 | Val MaF1: 0.9229 (Best: 0.9229) | Test MaF1: 0.9266 (Best: 0.9266) | MiF1: 0.9272 (Best: 0.9272)
2024-04-19 01:30:24,201 - root - INFO - ARI: 0.8187 | NMI: 0.7661
2024-04-19 01:30:24,201 - root - INFO - Epoch: 28 | LR: 0.0010 | Loss 0.5318 | Val MaF1: 0.9229 (Best: 0.9229) | Test MaF1: 0.9297 (Best: 0.9297) | MiF1: 0.9304 (Best: 0.9304)
2024-04-19 01:30:25,702 - root - INFO - ARI: 0.8230 | NMI: 0.7697
2024-04-19 01:30:25,702 - root - INFO - Epoch: 29 | LR: 0.0010 | Loss 0.5125 | Val MaF1: 0.9204 (Best: 0.9204) | Test MaF1: 0.9311 (Best: 0.9311) | MiF1: 0.9318 (Best: 0.9318)
2024-04-19 01:30:27,188 - root - INFO - ARI: 0.8240 | NMI: 0.7701
2024-04-19 01:30:27,188 - root - INFO - Epoch: 30 | LR: 0.0010 | Loss 0.4942 | Val MaF1: 0.9280 (Best: 0.9280) | Test MaF1: 0.9317 (Best: 0.9317) | MiF1: 0.9325 (Best: 0.9325)
2024-04-19 01:30:28,764 - root - INFO - ARI: 0.8242 | NMI: 0.7692
2024-04-19 01:30:28,765 - root - INFO - Epoch: 31 | LR: 0.0010 | Loss 0.4816 | Val MaF1: 0.9308 (Best: 0.9308) | Test MaF1: 0.9332 (Best: 0.9332) | MiF1: 0.9339 (Best: 0.9339)
2024-04-19 01:30:30,275 - root - INFO - ARI: 0.8263 | NMI: 0.7712
2024-04-19 01:30:30,275 - root - INFO - Epoch: 32 | LR: 0.0010 | Loss 0.4668 | Val MaF1: 0.9286 (Best: 0.9286) | Test MaF1: 0.9344 (Best: 0.9344) | MiF1: 0.9350 (Best: 0.9350)
2024-04-19 01:30:31,183 - root - INFO - Epoch: 33 | LR: 0.0010 | Loss 0.4568 | Val MaF1: 0.9254 (Best: 0.9286) | Test MaF1: 0.9333 (Best: 0.9344) | MiF1: 0.9339 (Best: 0.9350)
2024-04-19 01:30:32,594 - root - INFO - ARI: 0.8338 | NMI: 0.7792
2024-04-19 01:30:32,594 - root - INFO - Epoch: 34 | LR: 0.0010 | Loss 0.4476 | Val MaF1: 0.9303 (Best: 0.9303) | Test MaF1: 0.9355 (Best: 0.9355) | MiF1: 0.9361 (Best: 0.9361)
2024-04-19 01:30:33,449 - root - INFO - Epoch: 35 | LR: 0.0010 | Loss 0.4404 | Val MaF1: 0.9303 (Best: 0.9303) | Test MaF1: 0.9347 (Best: 0.9355) | MiF1: 0.9354 (Best: 0.9361)
2024-04-19 01:30:34,257 - root - INFO - Epoch: 36 | LR: 0.0010 | Loss 0.4334 | Val MaF1: 0.9301 (Best: 0.9303) | Test MaF1: 0.9336 (Best: 0.9355) | MiF1: 0.9347 (Best: 0.9361)
2024-04-19 01:30:35,696 - root - INFO - ARI: 0.8390 | NMI: 0.7823
2024-04-19 01:30:35,696 - root - INFO - Epoch: 37 | LR: 0.0010 | Loss 0.4273 | Val MaF1: 0.9356 (Best: 0.9356) | Test MaF1: 0.9355 (Best: 0.9355) | MiF1: 0.9364 (Best: 0.9364)
2024-04-19 01:30:36,595 - root - INFO - Epoch: 38 | LR: 0.0010 | Loss 0.4218 | Val MaF1: 0.9356 (Best: 0.9356) | Test MaF1: 0.9354 (Best: 0.9355) | MiF1: 0.9364 (Best: 0.9364)
2024-04-19 01:30:37,407 - root - INFO - Epoch: 39 | LR: 0.0010 | Loss 0.4169 | Val MaF1: 0.9299 (Best: 0.9356) | Test MaF1: 0.9354 (Best: 0.9355) | MiF1: 0.9364 (Best: 0.9364)
2024-04-19 01:30:38,216 - root - INFO - Epoch: 40 | LR: 0.0009 | Loss 0.4111 | Val MaF1: 0.9299 (Best: 0.9356) | Test MaF1: 0.9352 (Best: 0.9355) | MiF1: 0.9361 (Best: 0.9364)
2024-04-19 01:30:39,031 - root - INFO - Epoch: 41 | LR: 0.0009 | Loss 0.4074 | Val MaF1: 0.9324 (Best: 0.9356) | Test MaF1: 0.9333 (Best: 0.9355) | MiF1: 0.9343 (Best: 0.9364)
2024-04-19 01:30:39,841 - root - INFO - Epoch: 42 | LR: 0.0009 | Loss 0.4045 | Val MaF1: 0.9324 (Best: 0.9356) | Test MaF1: 0.9331 (Best: 0.9355) | MiF1: 0.9339 (Best: 0.9364)
2024-04-19 01:30:40,677 - root - INFO - Epoch: 43 | LR: 0.0009 | Loss 0.4001 | Val MaF1: 0.9324 (Best: 0.9356) | Test MaF1: 0.9327 (Best: 0.9355) | MiF1: 0.9336 (Best: 0.9364)
2024-04-19 01:30:41,548 - root - INFO - Epoch: 44 | LR: 0.0009 | Loss 0.3980 | Val MaF1: 0.9299 (Best: 0.9356) | Test MaF1: 0.9325 (Best: 0.9355) | MiF1: 0.9336 (Best: 0.9364)
2024-04-19 01:30:42,358 - root - INFO - Epoch: 45 | LR: 0.0009 | Loss 0.3944 | Val MaF1: 0.9331 (Best: 0.9356) | Test MaF1: 0.9322 (Best: 0.9355) | MiF1: 0.9332 (Best: 0.9364)
2024-04-19 01:30:43,168 - root - INFO - Epoch: 46 | LR: 0.0009 | Loss 0.3925 | Val MaF1: 0.9331 (Best: 0.9356) | Test MaF1: 0.9317 (Best: 0.9355) | MiF1: 0.9329 (Best: 0.9364)
2024-04-19 01:30:43,986 - root - INFO - Epoch: 47 | LR: 0.0008 | Loss 0.3898 | Val MaF1: 0.9389 (Best: 0.9356) | Test MaF1: 0.9311 (Best: 0.9355) | MiF1: 0.9322 (Best: 0.9364)
2024-04-19 01:30:44,819 - root - INFO - Epoch: 48 | LR: 0.0008 | Loss 0.3872 | Val MaF1: 0.9387 (Best: 0.9356) | Test MaF1: 0.9314 (Best: 0.9355) | MiF1: 0.9325 (Best: 0.9364)
2024-04-19 01:30:45,638 - root - INFO - Epoch: 49 | LR: 0.0008 | Loss 0.3862 | Val MaF1: 0.9387 (Best: 0.9356) | Test MaF1: 0.9310 (Best: 0.9355) | MiF1: 0.9322 (Best: 0.9364)
2024-04-19 01:30:46,466 - root - INFO - Epoch: 50 | LR: 0.0008 | Loss 0.3842 | Val MaF1: 0.9387 (Best: 0.9356) | Test MaF1: 0.9310 (Best: 0.9355) | MiF1: 0.9322 (Best: 0.9364)
2024-04-19 01:30:47,321 - root - INFO - Epoch: 51 | LR: 0.0008 | Loss 0.3823 | Val MaF1: 0.9362 (Best: 0.9356) | Test MaF1: 0.9302 (Best: 0.9355) | MiF1: 0.9315 (Best: 0.9364)
2024-04-19 01:30:48,137 - root - INFO - Epoch: 52 | LR: 0.0008 | Loss 0.3807 | Val MaF1: 0.9362 (Best: 0.9356) | Test MaF1: 0.9295 (Best: 0.9355) | MiF1: 0.9308 (Best: 0.9364)
2024-04-19 01:30:48,989 - root - INFO - Epoch: 53 | LR: 0.0007 | Loss 0.3796 | Val MaF1: 0.9362 (Best: 0.9356) | Test MaF1: 0.9295 (Best: 0.9355) | MiF1: 0.9308 (Best: 0.9364)
2024-04-19 01:30:49,801 - root - INFO - Epoch: 54 | LR: 0.0007 | Loss 0.3784 | Val MaF1: 0.9362 (Best: 0.9356) | Test MaF1: 0.9295 (Best: 0.9355) | MiF1: 0.9308 (Best: 0.9364)
2024-04-19 01:30:50,615 - root - INFO - Epoch: 55 | LR: 0.0007 | Loss 0.3770 | Val MaF1: 0.9362 (Best: 0.9356) | Test MaF1: 0.9294 (Best: 0.9355) | MiF1: 0.9308 (Best: 0.9364)
2024-04-19 01:30:51,428 - root - INFO - Epoch: 56 | LR: 0.0007 | Loss 0.3763 | Val MaF1: 0.9362 (Best: 0.9356) | Test MaF1: 0.9294 (Best: 0.9355) | MiF1: 0.9308 (Best: 0.9364)
2024-04-19 01:30:52,240 - root - INFO - Epoch: 57 | LR: 0.0007 | Loss 0.3746 | Val MaF1: 0.9385 (Best: 0.9356) | Test MaF1: 0.9291 (Best: 0.9355) | MiF1: 0.9304 (Best: 0.9364)
2024-04-19 01:30:53,129 - root - INFO - Epoch: 58 | LR: 0.0006 | Loss 0.3741 | Val MaF1: 0.9385 (Best: 0.9356) | Test MaF1: 0.9295 (Best: 0.9355) | MiF1: 0.9308 (Best: 0.9364)
2024-04-19 01:30:53,939 - root - INFO - Epoch: 59 | LR: 0.0006 | Loss 0.3730 | Val MaF1: 0.9385 (Best: 0.9356) | Test MaF1: 0.9295 (Best: 0.9355) | MiF1: 0.9308 (Best: 0.9364)
2024-04-19 01:30:54,768 - root - INFO - Epoch: 60 | LR: 0.0006 | Loss 0.3724 | Val MaF1: 0.9385 (Best: 0.9356) | Test MaF1: 0.9301 (Best: 0.9355) | MiF1: 0.9311 (Best: 0.9364)
2024-04-19 01:30:55,579 - root - INFO - Epoch: 61 | LR: 0.0006 | Loss 0.3713 | Val MaF1: 0.9385 (Best: 0.9356) | Test MaF1: 0.9304 (Best: 0.9355) | MiF1: 0.9315 (Best: 0.9364)
2024-04-19 01:30:56,396 - root - INFO - Epoch: 62 | LR: 0.0005 | Loss 0.3710 | Val MaF1: 0.9385 (Best: 0.9356) | Test MaF1: 0.9304 (Best: 0.9355) | MiF1: 0.9315 (Best: 0.9364)
2024-04-19 01:30:57,207 - root - INFO - Epoch: 63 | LR: 0.0005 | Loss 0.3703 | Val MaF1: 0.9385 (Best: 0.9356) | Test MaF1: 0.9307 (Best: 0.9355) | MiF1: 0.9318 (Best: 0.9364)
2024-04-19 01:30:58,018 - root - INFO - Epoch: 64 | LR: 0.0005 | Loss 0.3696 | Val MaF1: 0.9385 (Best: 0.9356) | Test MaF1: 0.9315 (Best: 0.9355) | MiF1: 0.9325 (Best: 0.9364)
2024-04-19 01:30:58,878 - root - INFO - Epoch: 65 | LR: 0.0005 | Loss 0.3684 | Val MaF1: 0.9351 (Best: 0.9356) | Test MaF1: 0.9311 (Best: 0.9355) | MiF1: 0.9322 (Best: 0.9364)
2024-04-19 01:30:59,691 - root - INFO - Epoch: 66 | LR: 0.0005 | Loss 0.3687 | Val MaF1: 0.9351 (Best: 0.9356) | Test MaF1: 0.9314 (Best: 0.9355) | MiF1: 0.9325 (Best: 0.9364)
2024-04-19 01:31:00,523 - root - INFO - Epoch: 67 | LR: 0.0004 | Loss 0.3677 | Val MaF1: 0.9351 (Best: 0.9356) | Test MaF1: 0.9311 (Best: 0.9355) | MiF1: 0.9322 (Best: 0.9364)
2024-04-19 01:31:01,355 - root - INFO - Epoch: 68 | LR: 0.0004 | Loss 0.3665 | Val MaF1: 0.9351 (Best: 0.9356) | Test MaF1: 0.9311 (Best: 0.9355) | MiF1: 0.9322 (Best: 0.9364)
2024-04-19 01:31:02,168 - root - INFO - Epoch: 69 | LR: 0.0004 | Loss 0.3669 | Val MaF1: 0.9376 (Best: 0.9356) | Test MaF1: 0.9312 (Best: 0.9355) | MiF1: 0.9322 (Best: 0.9364)
2024-04-19 01:31:02,984 - root - INFO - Epoch: 70 | LR: 0.0004 | Loss 0.3663 | Val MaF1: 0.9376 (Best: 0.9356) | Test MaF1: 0.9313 (Best: 0.9355) | MiF1: 0.9322 (Best: 0.9364)
2024-04-19 01:31:03,792 - root - INFO - Epoch: 71 | LR: 0.0003 | Loss 0.3658 | Val MaF1: 0.9376 (Best: 0.9356) | Test MaF1: 0.9320 (Best: 0.9355) | MiF1: 0.9329 (Best: 0.9364)
2024-04-19 01:31:04,654 - root - INFO - Epoch: 72 | LR: 0.0003 | Loss 0.3657 | Val MaF1: 0.9353 (Best: 0.9356) | Test MaF1: 0.9324 (Best: 0.9355) | MiF1: 0.9332 (Best: 0.9364)
2024-04-19 01:31:05,465 - root - INFO - Epoch: 73 | LR: 0.0003 | Loss 0.3651 | Val MaF1: 0.9353 (Best: 0.9356) | Test MaF1: 0.9321 (Best: 0.9355) | MiF1: 0.9329 (Best: 0.9364)
2024-04-19 01:31:06,275 - root - INFO - Epoch: 74 | LR: 0.0003 | Loss 0.3654 | Val MaF1: 0.9353 (Best: 0.9356) | Test MaF1: 0.9314 (Best: 0.9355) | MiF1: 0.9322 (Best: 0.9364)
2024-04-19 01:31:07,086 - root - INFO - Epoch: 75 | LR: 0.0003 | Loss 0.3644 | Val MaF1: 0.9353 (Best: 0.9356) | Test MaF1: 0.9314 (Best: 0.9355) | MiF1: 0.9322 (Best: 0.9364)
2024-04-19 01:31:07,906 - root - INFO - Epoch: 76 | LR: 0.0002 | Loss 0.3648 | Val MaF1: 0.9353 (Best: 0.9356) | Test MaF1: 0.9317 (Best: 0.9355) | MiF1: 0.9325 (Best: 0.9364)
2024-04-19 01:31:08,752 - root - INFO - Epoch: 77 | LR: 0.0002 | Loss 0.3641 | Val MaF1: 0.9353 (Best: 0.9356) | Test MaF1: 0.9317 (Best: 0.9355) | MiF1: 0.9325 (Best: 0.9364)
2024-04-19 01:31:09,567 - root - INFO - Epoch: 78 | LR: 0.0002 | Loss 0.3636 | Val MaF1: 0.9353 (Best: 0.9356) | Test MaF1: 0.9317 (Best: 0.9355) | MiF1: 0.9325 (Best: 0.9364)
2024-04-19 01:31:10,425 - root - INFO - Epoch: 79 | LR: 0.0002 | Loss 0.3631 | Val MaF1: 0.9351 (Best: 0.9356) | Test MaF1: 0.9317 (Best: 0.9355) | MiF1: 0.9325 (Best: 0.9364)
2024-04-19 01:31:11,233 - root - INFO - Epoch: 80 | LR: 0.0002 | Loss 0.3637 | Val MaF1: 0.9351 (Best: 0.9356) | Test MaF1: 0.9317 (Best: 0.9355) | MiF1: 0.9325 (Best: 0.9364)
2024-04-19 01:31:12,049 - root - INFO - Epoch: 81 | LR: 0.0002 | Loss 0.3634 | Val MaF1: 0.9325 (Best: 0.9356) | Test MaF1: 0.9320 (Best: 0.9355) | MiF1: 0.9329 (Best: 0.9364)
2024-04-19 01:31:12,863 - root - INFO - Epoch: 82 | LR: 0.0001 | Loss 0.3638 | Val MaF1: 0.9325 (Best: 0.9356) | Test MaF1: 0.9323 (Best: 0.9355) | MiF1: 0.9332 (Best: 0.9364)
2024-04-19 01:31:13,675 - root - INFO - Epoch: 83 | LR: 0.0001 | Loss 0.3630 | Val MaF1: 0.9325 (Best: 0.9356) | Test MaF1: 0.9323 (Best: 0.9355) | MiF1: 0.9332 (Best: 0.9364)
2024-04-19 01:31:14,496 - root - INFO - Epoch: 84 | LR: 0.0001 | Loss 0.3632 | Val MaF1: 0.9325 (Best: 0.9356) | Test MaF1: 0.9326 (Best: 0.9355) | MiF1: 0.9336 (Best: 0.9364)
2024-04-19 01:31:15,313 - root - INFO - Epoch: 85 | LR: 0.0001 | Loss 0.3629 | Val MaF1: 0.9325 (Best: 0.9356) | Test MaF1: 0.9326 (Best: 0.9355) | MiF1: 0.9336 (Best: 0.9364)
2024-04-19 01:31:16,187 - root - INFO - Epoch: 86 | LR: 0.0001 | Loss 0.3629 | Val MaF1: 0.9325 (Best: 0.9356) | Test MaF1: 0.9326 (Best: 0.9355) | MiF1: 0.9336 (Best: 0.9364)
2024-04-19 01:31:17,031 - root - INFO - Epoch: 87 | LR: 0.0001 | Loss 0.3630 | Val MaF1: 0.9325 (Best: 0.9356) | Test MaF1: 0.9322 (Best: 0.9355) | MiF1: 0.9332 (Best: 0.9364)
2024-04-19 01:31:17,841 - root - INFO - Epoch: 88 | LR: 0.0001 | Loss 0.3625 | Val MaF1: 0.9325 (Best: 0.9356) | Test MaF1: 0.9322 (Best: 0.9355) | MiF1: 0.9332 (Best: 0.9364)
2024-04-19 01:31:18,653 - root - INFO - Epoch: 89 | LR: 0.0000 | Loss 0.3625 | Val MaF1: 0.9325 (Best: 0.9356) | Test MaF1: 0.9322 (Best: 0.9355) | MiF1: 0.9332 (Best: 0.9364)
2024-04-19 01:31:19,469 - root - INFO - Epoch: 90 | LR: 0.0000 | Loss 0.3626 | Val MaF1: 0.9325 (Best: 0.9356) | Test MaF1: 0.9319 (Best: 0.9355) | MiF1: 0.9329 (Best: 0.9364)
2024-04-19 01:31:20,282 - root - INFO - Epoch: 91 | LR: 0.0000 | Loss 0.3628 | Val MaF1: 0.9325 (Best: 0.9356) | Test MaF1: 0.9319 (Best: 0.9355) | MiF1: 0.9329 (Best: 0.9364)
2024-04-19 01:31:21,099 - root - INFO - Epoch: 92 | LR: 0.0000 | Loss 0.3623 | Val MaF1: 0.9325 (Best: 0.9356) | Test MaF1: 0.9322 (Best: 0.9355) | MiF1: 0.9332 (Best: 0.9364)
2024-04-19 01:31:21,986 - root - INFO - Epoch: 93 | LR: 0.0000 | Loss 0.3623 | Val MaF1: 0.9325 (Best: 0.9356) | Test MaF1: 0.9319 (Best: 0.9355) | MiF1: 0.9329 (Best: 0.9364)
2024-04-19 01:31:22,798 - root - INFO - Epoch: 94 | LR: 0.0000 | Loss 0.3627 | Val MaF1: 0.9325 (Best: 0.9356) | Test MaF1: 0.9319 (Best: 0.9355) | MiF1: 0.9329 (Best: 0.9364)
2024-04-19 01:31:23,614 - root - INFO - Epoch: 95 | LR: 0.0000 | Loss 0.3619 | Val MaF1: 0.9302 (Best: 0.9356) | Test MaF1: 0.9319 (Best: 0.9355) | MiF1: 0.9329 (Best: 0.9364)
2024-04-19 01:31:24,421 - root - INFO - Epoch: 96 | LR: 0.0000 | Loss 0.3630 | Val MaF1: 0.9302 (Best: 0.9356) | Test MaF1: 0.9319 (Best: 0.9355) | MiF1: 0.9329 (Best: 0.9364)
2024-04-19 01:31:25,238 - root - INFO - Epoch: 97 | LR: 0.0000 | Loss 0.3628 | Val MaF1: 0.9302 (Best: 0.9356) | Test MaF1: 0.9319 (Best: 0.9355) | MiF1: 0.9329 (Best: 0.9364)
2024-04-19 01:31:26,052 - root - INFO - Epoch: 98 | LR: 0.0000 | Loss 0.3625 | Val MaF1: 0.9302 (Best: 0.9356) | Test MaF1: 0.9319 (Best: 0.9355) | MiF1: 0.9329 (Best: 0.9364)
2024-04-19 01:31:26,864 - root - INFO - Epoch: 99 | LR: 0.0000 | Loss 0.3625 | Val MaF1: 0.9302 (Best: 0.9356) | Test MaF1: 0.9319 (Best: 0.9355) | MiF1: 0.9329 (Best: 0.9364)
2024-04-19 01:31:27,722 - root - INFO - Epoch: 100 | LR: 0.0000 | Loss 0.3621 | Val MaF1: 0.9302 (Best: 0.9356) | Test MaF1: 0.9319 (Best: 0.9355) | MiF1: 0.9329 (Best: 0.9364)
2024-04-19 01:31:27,722 - root - INFO - Best Epoch: 37 | Train MiF1: 0.9950,  MaF1: 0.9951 | Val MiF1: 0.9352, MaF1: 0.9356 | Test MaF1: 0.9355, MiF1: 0.9364
2024-04-19 01:31:28,191 - root - INFO - ARI: 0.8390 | NMI: 0.7823
