2024-04-23 02:32:46,361 - root - INFO - {'prefix': 'SR-HGN', 'gpu': 0, 'feat': 1, 'seed': 0, 'verbose': 1, 'train_split': 0.2, 'val_split': 0.3, 'num_type_heads': 4, 'num_node_heads': 4, 'hidden_dim': 256, 'clip': 1.0, 'num_layers': 3, 'alpha': 0.5, 'epochs': 50, 'dataset': 'acm', 'input_dim': 256, 'aggregate': 'concat', 'iscuda': True, 'cluster': True, 'max_lr': 0.001, 'weight_decay': 1e-05, 'heads': 8, 'han_heads': [4], 'hh_heads': 3, 'dropout': 0.2}
2024-04-23 02:32:49,264 - root - INFO - Training SR-HGN with #param: 35306195
2024-04-23 02:32:52,220 - root - INFO - ARI: 0.0720 | NMI: 0.0651
2024-04-23 02:32:52,220 - root - INFO - Epoch: 1 | LR: 0.0001 | Loss 1.0930 | Val MaF1: 0.2204 (Best: 0.2204) | Test MaF1: 0.2210 (Best: 0.2210) | MiF1: 0.4957 (Best: 0.4957)
2024-04-23 02:32:53,919 - root - INFO - ARI: 0.1936 | NMI: 0.1977
2024-04-23 02:32:53,919 - root - INFO - Epoch: 2 | LR: 0.0001 | Loss 1.0674 | Val MaF1: 0.2204 (Best: 0.2204) | Test MaF1: 0.2210 (Best: 0.2210) | MiF1: 0.4957 (Best: 0.4957)
2024-04-23 02:32:55,543 - root - INFO - ARI: 0.3247 | NMI: 0.3730
2024-04-23 02:32:55,543 - root - INFO - Epoch: 3 | LR: 0.0001 | Loss 1.0408 | Val MaF1: 0.2204 (Best: 0.2204) | Test MaF1: 0.2210 (Best: 0.2210) | MiF1: 0.4957 (Best: 0.4957)
2024-04-23 02:32:57,195 - root - INFO - ARI: 0.5432 | NMI: 0.5313
2024-04-23 02:32:57,196 - root - INFO - Epoch: 4 | LR: 0.0002 | Loss 1.0202 | Val MaF1: 0.2204 (Best: 0.2204) | Test MaF1: 0.2210 (Best: 0.2210) | MiF1: 0.4957 (Best: 0.4957)
2024-04-23 02:32:58,839 - root - INFO - ARI: 0.6687 | NMI: 0.6377
2024-04-23 02:32:58,839 - root - INFO - Epoch: 5 | LR: 0.0003 | Loss 1.0045 | Val MaF1: 0.2204 (Best: 0.2204) | Test MaF1: 0.2210 (Best: 0.2210) | MiF1: 0.4957 (Best: 0.4957)
2024-04-23 02:33:00,450 - root - INFO - ARI: 0.6946 | NMI: 0.6625
2024-04-23 02:33:00,450 - root - INFO - Epoch: 6 | LR: 0.0004 | Loss 0.9790 | Val MaF1: 0.2204 (Best: 0.2204) | Test MaF1: 0.2210 (Best: 0.2210) | MiF1: 0.4957 (Best: 0.4957)
2024-04-23 02:33:02,054 - root - INFO - ARI: 0.6392 | NMI: 0.6390
2024-04-23 02:33:02,054 - root - INFO - Epoch: 7 | LR: 0.0005 | Loss 0.9296 | Val MaF1: 0.2204 (Best: 0.2204) | Test MaF1: 0.2210 (Best: 0.2210) | MiF1: 0.4957 (Best: 0.4957)
2024-04-23 02:33:03,703 - root - INFO - ARI: 0.6382 | NMI: 0.6469
2024-04-23 02:33:03,703 - root - INFO - Epoch: 8 | LR: 0.0006 | Loss 0.9000 | Val MaF1: 0.2204 (Best: 0.2204) | Test MaF1: 0.2210 (Best: 0.2210) | MiF1: 0.4957 (Best: 0.4957)
2024-04-23 02:33:05,330 - root - INFO - ARI: 0.7500 | NMI: 0.7045
2024-04-23 02:33:05,330 - root - INFO - Epoch: 9 | LR: 0.0007 | Loss 0.8460 | Val MaF1: 0.3040 (Best: 0.3040) | Test MaF1: 0.3089 (Best: 0.3089) | MiF1: 0.5298 (Best: 0.5298)
2024-04-23 02:33:06,939 - root - INFO - ARI: 0.7279 | NMI: 0.7016
2024-04-23 02:33:06,939 - root - INFO - Epoch: 10 | LR: 0.0008 | Loss 0.7910 | Val MaF1: 0.6768 (Best: 0.6768) | Test MaF1: 0.6528 (Best: 0.6528) | MiF1: 0.7326 (Best: 0.7326)
2024-04-23 02:33:08,572 - root - INFO - ARI: 0.7404 | NMI: 0.7124
2024-04-23 02:33:08,573 - root - INFO - Epoch: 11 | LR: 0.0009 | Loss 0.7368 | Val MaF1: 0.8941 (Best: 0.8941) | Test MaF1: 0.8976 (Best: 0.8976) | MiF1: 0.8995 (Best: 0.8995)
2024-04-23 02:33:09,463 - root - INFO - Epoch: 12 | LR: 0.0010 | Loss 0.6894 | Val MaF1: 0.8910 (Best: 0.8941) | Test MaF1: 0.8973 (Best: 0.8976) | MiF1: 0.9002 (Best: 0.8995)
2024-04-23 02:33:10,309 - root - INFO - Epoch: 13 | LR: 0.0010 | Loss 0.6451 | Val MaF1: 0.8782 (Best: 0.8941) | Test MaF1: 0.8888 (Best: 0.8976) | MiF1: 0.8931 (Best: 0.8995)
2024-04-23 02:33:11,875 - root - INFO - ARI: 0.7577 | NMI: 0.7367
2024-04-23 02:33:11,875 - root - INFO - Epoch: 14 | LR: 0.0010 | Loss 0.6103 | Val MaF1: 0.9178 (Best: 0.9178) | Test MaF1: 0.9197 (Best: 0.9197) | MiF1: 0.9208 (Best: 0.9208)
2024-04-23 02:33:13,543 - root - INFO - ARI: 0.7682 | NMI: 0.7428
2024-04-23 02:33:13,543 - root - INFO - Epoch: 15 | LR: 0.0010 | Loss 0.5840 | Val MaF1: 0.9538 (Best: 0.9538) | Test MaF1: 0.9362 (Best: 0.9362) | MiF1: 0.9357 (Best: 0.9357)
2024-04-23 02:33:15,141 - root - INFO - ARI: 0.7948 | NMI: 0.7607
2024-04-23 02:33:15,141 - root - INFO - Epoch: 16 | LR: 0.0010 | Loss 0.5571 | Val MaF1: 0.9518 (Best: 0.9518) | Test MaF1: 0.9367 (Best: 0.9367) | MiF1: 0.9361 (Best: 0.9361)
2024-04-23 02:33:16,022 - root - INFO - Epoch: 17 | LR: 0.0010 | Loss 0.5383 | Val MaF1: 0.9564 (Best: 0.9518) | Test MaF1: 0.9355 (Best: 0.9367) | MiF1: 0.9354 (Best: 0.9361)
2024-04-23 02:33:17,630 - root - INFO - ARI: 0.8313 | NMI: 0.7871
2024-04-23 02:33:17,630 - root - INFO - Epoch: 18 | LR: 0.0010 | Loss 0.5190 | Val MaF1: 0.9505 (Best: 0.9505) | Test MaF1: 0.9401 (Best: 0.9401) | MiF1: 0.9400 (Best: 0.9400)
2024-04-23 02:33:19,239 - root - INFO - ARI: 0.8377 | NMI: 0.7948
2024-04-23 02:33:19,240 - root - INFO - Epoch: 19 | LR: 0.0010 | Loss 0.5059 | Val MaF1: 0.9436 (Best: 0.9436) | Test MaF1: 0.9403 (Best: 0.9403) | MiF1: 0.9403 (Best: 0.9403)
2024-04-23 02:33:20,819 - root - INFO - ARI: 0.8479 | NMI: 0.8018
2024-04-23 02:33:20,820 - root - INFO - Epoch: 20 | LR: 0.0009 | Loss 0.4888 | Val MaF1: 0.9469 (Best: 0.9469) | Test MaF1: 0.9409 (Best: 0.9409) | MiF1: 0.9407 (Best: 0.9407)
2024-04-23 02:33:22,457 - root - INFO - ARI: 0.8478 | NMI: 0.8020
2024-04-23 02:33:22,457 - root - INFO - Epoch: 21 | LR: 0.0009 | Loss 0.4677 | Val MaF1: 0.9450 (Best: 0.9450) | Test MaF1: 0.9414 (Best: 0.9414) | MiF1: 0.9411 (Best: 0.9411)
2024-04-23 02:33:23,354 - root - INFO - Epoch: 22 | LR: 0.0009 | Loss 0.4643 | Val MaF1: 0.9517 (Best: 0.9450) | Test MaF1: 0.9394 (Best: 0.9414) | MiF1: 0.9393 (Best: 0.9411)
2024-04-23 02:33:24,193 - root - INFO - Epoch: 23 | LR: 0.0008 | Loss 0.4598 | Val MaF1: 0.9379 (Best: 0.9450) | Test MaF1: 0.9407 (Best: 0.9414) | MiF1: 0.9407 (Best: 0.9411)
2024-04-23 02:33:25,041 - root - INFO - Epoch: 24 | LR: 0.0008 | Loss 0.4520 | Val MaF1: 0.9298 (Best: 0.9450) | Test MaF1: 0.9396 (Best: 0.9414) | MiF1: 0.9396 (Best: 0.9411)
2024-04-23 02:33:25,884 - root - INFO - Epoch: 25 | LR: 0.0008 | Loss 0.4471 | Val MaF1: 0.9321 (Best: 0.9450) | Test MaF1: 0.9397 (Best: 0.9414) | MiF1: 0.9396 (Best: 0.9411)
2024-04-23 02:33:26,726 - root - INFO - Epoch: 26 | LR: 0.0007 | Loss 0.4430 | Val MaF1: 0.9354 (Best: 0.9450) | Test MaF1: 0.9412 (Best: 0.9414) | MiF1: 0.9411 (Best: 0.9411)
2024-04-23 02:33:27,566 - root - INFO - Epoch: 27 | LR: 0.0007 | Loss 0.4397 | Val MaF1: 0.9354 (Best: 0.9450) | Test MaF1: 0.9400 (Best: 0.9414) | MiF1: 0.9400 (Best: 0.9411)
2024-04-23 02:33:28,408 - root - INFO - Epoch: 28 | LR: 0.0007 | Loss 0.4365 | Val MaF1: 0.9355 (Best: 0.9450) | Test MaF1: 0.9397 (Best: 0.9414) | MiF1: 0.9396 (Best: 0.9411)
2024-04-23 02:33:29,308 - root - INFO - Epoch: 29 | LR: 0.0006 | Loss 0.4342 | Val MaF1: 0.9385 (Best: 0.9450) | Test MaF1: 0.9395 (Best: 0.9414) | MiF1: 0.9393 (Best: 0.9411)
2024-04-23 02:33:30,144 - root - INFO - Epoch: 30 | LR: 0.0006 | Loss 0.4322 | Val MaF1: 0.9360 (Best: 0.9450) | Test MaF1: 0.9377 (Best: 0.9414) | MiF1: 0.9375 (Best: 0.9411)
2024-04-23 02:33:30,988 - root - INFO - Epoch: 31 | LR: 0.0005 | Loss 0.4299 | Val MaF1: 0.9328 (Best: 0.9450) | Test MaF1: 0.9379 (Best: 0.9414) | MiF1: 0.9379 (Best: 0.9411)
2024-04-23 02:33:31,834 - root - INFO - Epoch: 32 | LR: 0.0005 | Loss 0.4277 | Val MaF1: 0.9351 (Best: 0.9450) | Test MaF1: 0.9379 (Best: 0.9414) | MiF1: 0.9379 (Best: 0.9411)
2024-04-23 02:33:32,672 - root - INFO - Epoch: 33 | LR: 0.0004 | Loss 0.4263 | Val MaF1: 0.9377 (Best: 0.9450) | Test MaF1: 0.9382 (Best: 0.9414) | MiF1: 0.9382 (Best: 0.9411)
2024-04-23 02:33:33,510 - root - INFO - Epoch: 34 | LR: 0.0004 | Loss 0.4249 | Val MaF1: 0.9402 (Best: 0.9450) | Test MaF1: 0.9379 (Best: 0.9414) | MiF1: 0.9379 (Best: 0.9411)
2024-04-23 02:33:34,354 - root - INFO - Epoch: 35 | LR: 0.0003 | Loss 0.4236 | Val MaF1: 0.9377 (Best: 0.9450) | Test MaF1: 0.9373 (Best: 0.9414) | MiF1: 0.9371 (Best: 0.9411)
2024-04-23 02:33:35,193 - root - INFO - Epoch: 36 | LR: 0.0003 | Loss 0.4225 | Val MaF1: 0.9377 (Best: 0.9450) | Test MaF1: 0.9369 (Best: 0.9414) | MiF1: 0.9368 (Best: 0.9411)
2024-04-23 02:33:36,032 - root - INFO - Epoch: 37 | LR: 0.0003 | Loss 0.4219 | Val MaF1: 0.9352 (Best: 0.9450) | Test MaF1: 0.9384 (Best: 0.9414) | MiF1: 0.9382 (Best: 0.9411)
2024-04-23 02:33:36,872 - root - INFO - Epoch: 38 | LR: 0.0002 | Loss 0.4213 | Val MaF1: 0.9326 (Best: 0.9450) | Test MaF1: 0.9384 (Best: 0.9414) | MiF1: 0.9382 (Best: 0.9411)
2024-04-23 02:33:37,767 - root - INFO - Epoch: 39 | LR: 0.0002 | Loss 0.4208 | Val MaF1: 0.9326 (Best: 0.9450) | Test MaF1: 0.9377 (Best: 0.9414) | MiF1: 0.9375 (Best: 0.9411)
2024-04-23 02:33:38,602 - root - INFO - Epoch: 40 | LR: 0.0002 | Loss 0.4202 | Val MaF1: 0.9349 (Best: 0.9450) | Test MaF1: 0.9378 (Best: 0.9414) | MiF1: 0.9375 (Best: 0.9411)
2024-04-23 02:33:39,440 - root - INFO - Epoch: 41 | LR: 0.0001 | Loss 0.4194 | Val MaF1: 0.9349 (Best: 0.9450) | Test MaF1: 0.9381 (Best: 0.9414) | MiF1: 0.9379 (Best: 0.9411)
2024-04-23 02:33:40,280 - root - INFO - Epoch: 42 | LR: 0.0001 | Loss 0.4197 | Val MaF1: 0.9355 (Best: 0.9450) | Test MaF1: 0.9378 (Best: 0.9414) | MiF1: 0.9375 (Best: 0.9411)
2024-04-23 02:33:41,122 - root - INFO - Epoch: 43 | LR: 0.0001 | Loss 0.4188 | Val MaF1: 0.9355 (Best: 0.9450) | Test MaF1: 0.9381 (Best: 0.9414) | MiF1: 0.9379 (Best: 0.9411)
2024-04-23 02:33:41,959 - root - INFO - Epoch: 44 | LR: 0.0000 | Loss 0.4186 | Val MaF1: 0.9355 (Best: 0.9450) | Test MaF1: 0.9386 (Best: 0.9414) | MiF1: 0.9382 (Best: 0.9411)
2024-04-23 02:33:42,801 - root - INFO - Epoch: 45 | LR: 0.0000 | Loss 0.4182 | Val MaF1: 0.9355 (Best: 0.9450) | Test MaF1: 0.9386 (Best: 0.9414) | MiF1: 0.9382 (Best: 0.9411)
2024-04-23 02:33:43,639 - root - INFO - Epoch: 46 | LR: 0.0000 | Loss 0.4186 | Val MaF1: 0.9355 (Best: 0.9450) | Test MaF1: 0.9386 (Best: 0.9414) | MiF1: 0.9382 (Best: 0.9411)
2024-04-23 02:33:44,473 - root - INFO - Epoch: 47 | LR: 0.0000 | Loss 0.4179 | Val MaF1: 0.9355 (Best: 0.9450) | Test MaF1: 0.9386 (Best: 0.9414) | MiF1: 0.9382 (Best: 0.9411)
2024-04-23 02:33:45,326 - root - INFO - Epoch: 48 | LR: 0.0000 | Loss 0.4181 | Val MaF1: 0.9355 (Best: 0.9450) | Test MaF1: 0.9386 (Best: 0.9414) | MiF1: 0.9382 (Best: 0.9411)
2024-04-23 02:33:46,233 - root - INFO - Epoch: 49 | LR: 0.0000 | Loss 0.4182 | Val MaF1: 0.9355 (Best: 0.9450) | Test MaF1: 0.9386 (Best: 0.9414) | MiF1: 0.9382 (Best: 0.9411)
2024-04-23 02:33:47,073 - root - INFO - Epoch: 50 | LR: 0.0000 | Loss 0.4182 | Val MaF1: 0.9355 (Best: 0.9450) | Test MaF1: 0.9386 (Best: 0.9414) | MiF1: 0.9382 (Best: 0.9411)
2024-04-23 02:33:47,074 - root - INFO - Best Epoch: 21 | Train MiF1: 0.9703,  MaF1: 0.9706 | Val MiF1: 0.9426, MaF1: 0.9450 | Test MaF1: 0.9414, MiF1: 0.9411
2024-04-23 02:33:47,608 - root - INFO - ARI: 0.8478 | NMI: 0.8020
