2024-04-18 17:33:56,222 - root - INFO - {'prefix': 'SR-HGN', 'gpu': 0, 'feat': 1, 'seed': 0, 'verbose': 1, 'train_split': 0.2, 'val_split': 0.3, 'num_type_heads': 4, 'num_node_heads': 4, 'hidden_dim': 128, 'clip': 1.0, 'num_layers': 3, 'alpha': 0.5, 'epochs': 50, 'dataset': 'imdb', 'input_dim': 256, 'aggregate': 'concat', 'iscuda': True, 'cluster': True, 'max_lr': 0.001, 'weight_decay': 1e-05, 'heads': 8, 'han_heads': [4], 'hh_heads': 3, 'dropout': 0.2}
2024-04-18 17:33:58,735 - root - INFO - Training SR-HGN with #param: 22880467
2024-04-18 17:34:00,951 - root - INFO - ARI: 0.0011 | NMI: 0.0055
2024-04-18 17:34:00,951 - root - INFO - Epoch: 1 | LR: 0.0001 | Loss 1.0962 | Val MaF1: 0.1772 (Best: 0.1772) | Test MaF1: 0.1791 (Best: 0.1791) | MiF1: 0.3637 (Best: 0.3637)
2024-04-18 17:34:02,152 - root - INFO - ARI: 0.0018 | NMI: 0.0057
2024-04-18 17:34:02,152 - root - INFO - Epoch: 2 | LR: 0.0001 | Loss 1.0947 | Val MaF1: 0.1770 (Best: 0.1770) | Test MaF1: 0.1816 (Best: 0.1816) | MiF1: 0.3637 (Best: 0.3637)
2024-04-18 17:34:03,359 - root - INFO - ARI: 0.0024 | NMI: 0.0068
2024-04-18 17:34:03,359 - root - INFO - Epoch: 3 | LR: 0.0001 | Loss 1.0918 | Val MaF1: 0.2106 (Best: 0.2106) | Test MaF1: 0.1935 (Best: 0.1935) | MiF1: 0.3676 (Best: 0.3676)
2024-04-18 17:34:04,581 - root - INFO - ARI: 0.0039 | NMI: 0.0083
2024-04-18 17:34:04,581 - root - INFO - Epoch: 4 | LR: 0.0002 | Loss 1.0877 | Val MaF1: 0.2957 (Best: 0.2957) | Test MaF1: 0.2797 (Best: 0.2797) | MiF1: 0.4159 (Best: 0.4159)
2024-04-18 17:34:05,814 - root - INFO - ARI: 0.0083 | NMI: 0.0184
2024-04-18 17:34:05,814 - root - INFO - Epoch: 5 | LR: 0.0003 | Loss 1.0828 | Val MaF1: 0.3922 (Best: 0.3922) | Test MaF1: 0.3724 (Best: 0.3724) | MiF1: 0.4868 (Best: 0.4868)
2024-04-18 17:34:07,086 - root - INFO - ARI: 0.0236 | NMI: 0.0352
2024-04-18 17:34:07,086 - root - INFO - Epoch: 6 | LR: 0.0004 | Loss 1.0761 | Val MaF1: 0.4071 (Best: 0.4071) | Test MaF1: 0.3912 (Best: 0.3912) | MiF1: 0.5109 (Best: 0.5109)
2024-04-18 17:34:07,685 - root - INFO - Epoch: 7 | LR: 0.0005 | Loss 1.0678 | Val MaF1: 0.3785 (Best: 0.4071) | Test MaF1: 0.3614 (Best: 0.3912) | MiF1: 0.4836 (Best: 0.5109)
2024-04-18 17:34:08,224 - root - INFO - Epoch: 8 | LR: 0.0006 | Loss 1.0581 | Val MaF1: 0.3646 (Best: 0.4071) | Test MaF1: 0.3545 (Best: 0.3912) | MiF1: 0.4798 (Best: 0.5109)
2024-04-18 17:34:08,764 - root - INFO - Epoch: 9 | LR: 0.0007 | Loss 1.0459 | Val MaF1: 0.3837 (Best: 0.4071) | Test MaF1: 0.3655 (Best: 0.3912) | MiF1: 0.4907 (Best: 0.5109)
2024-04-18 17:34:09,304 - root - INFO - Epoch: 10 | LR: 0.0008 | Loss 1.0287 | Val MaF1: 0.4148 (Best: 0.4071) | Test MaF1: 0.3855 (Best: 0.3912) | MiF1: 0.5047 (Best: 0.5109)
2024-04-18 17:34:10,391 - root - INFO - ARI: 0.3540 | NMI: 0.3159
2024-04-18 17:34:10,391 - root - INFO - Epoch: 11 | LR: 0.0009 | Loss 1.0035 | Val MaF1: 0.4579 (Best: 0.4579) | Test MaF1: 0.4472 (Best: 0.4472) | MiF1: 0.5428 (Best: 0.5428)
2024-04-18 17:34:11,579 - root - INFO - ARI: 0.3723 | NMI: 0.3310
2024-04-18 17:34:11,579 - root - INFO - Epoch: 12 | LR: 0.0010 | Loss 0.9630 | Val MaF1: 0.6466 (Best: 0.6466) | Test MaF1: 0.5941 (Best: 0.5941) | MiF1: 0.6145 (Best: 0.6145)
2024-04-18 17:34:12,750 - root - INFO - ARI: 0.3927 | NMI: 0.3477
2024-04-18 17:34:12,751 - root - INFO - Epoch: 13 | LR: 0.0010 | Loss 0.9109 | Val MaF1: 0.6989 (Best: 0.6989) | Test MaF1: 0.6543 (Best: 0.6543) | MiF1: 0.6534 (Best: 0.6534)
2024-04-18 17:34:13,342 - root - INFO - Epoch: 14 | LR: 0.0010 | Loss 0.8537 | Val MaF1: 0.7040 (Best: 0.6989) | Test MaF1: 0.6514 (Best: 0.6543) | MiF1: 0.6511 (Best: 0.6534)
2024-04-18 17:34:14,426 - root - INFO - ARI: 0.4257 | NMI: 0.3727
2024-04-18 17:34:14,427 - root - INFO - Epoch: 15 | LR: 0.0010 | Loss 0.7934 | Val MaF1: 0.7184 (Best: 0.7184) | Test MaF1: 0.6617 (Best: 0.6617) | MiF1: 0.6612 (Best: 0.6612)
2024-04-18 17:34:14,994 - root - INFO - Epoch: 16 | LR: 0.0010 | Loss 0.7296 | Val MaF1: 0.7146 (Best: 0.7184) | Test MaF1: 0.6601 (Best: 0.6617) | MiF1: 0.6620 (Best: 0.6612)
2024-04-18 17:34:15,521 - root - INFO - Epoch: 17 | LR: 0.0010 | Loss 0.6756 | Val MaF1: 0.7192 (Best: 0.7184) | Test MaF1: 0.6590 (Best: 0.6617) | MiF1: 0.6628 (Best: 0.6612)
2024-04-18 17:34:16,620 - root - INFO - ARI: 0.4986 | NMI: 0.4328
2024-04-18 17:34:16,620 - root - INFO - Epoch: 18 | LR: 0.0010 | Loss 0.6340 | Val MaF1: 0.7199 (Best: 0.7199) | Test MaF1: 0.6624 (Best: 0.6624) | MiF1: 0.6651 (Best: 0.6651)
2024-04-18 17:34:17,805 - root - INFO - ARI: 0.5242 | NMI: 0.4562
2024-04-18 17:34:17,805 - root - INFO - Epoch: 19 | LR: 0.0010 | Loss 0.5971 | Val MaF1: 0.7214 (Best: 0.7214) | Test MaF1: 0.6720 (Best: 0.6720) | MiF1: 0.6721 (Best: 0.6721)
2024-04-18 17:34:18,961 - root - INFO - ARI: 0.5396 | NMI: 0.4706
2024-04-18 17:34:18,962 - root - INFO - Epoch: 20 | LR: 0.0009 | Loss 0.5671 | Val MaF1: 0.7234 (Best: 0.7234) | Test MaF1: 0.6730 (Best: 0.6730) | MiF1: 0.6729 (Best: 0.6729)
2024-04-18 17:34:20,121 - root - INFO - ARI: 0.5499 | NMI: 0.4801
2024-04-18 17:34:20,122 - root - INFO - Epoch: 21 | LR: 0.0009 | Loss 0.5417 | Val MaF1: 0.7189 (Best: 0.7189) | Test MaF1: 0.6743 (Best: 0.6743) | MiF1: 0.6745 (Best: 0.6745)
2024-04-18 17:34:21,278 - root - INFO - ARI: 0.5657 | NMI: 0.4939
2024-04-18 17:34:21,279 - root - INFO - Epoch: 22 | LR: 0.0009 | Loss 0.5207 | Val MaF1: 0.7245 (Best: 0.7245) | Test MaF1: 0.6792 (Best: 0.6792) | MiF1: 0.6799 (Best: 0.6799)
2024-04-18 17:34:21,903 - root - INFO - Epoch: 23 | LR: 0.0008 | Loss 0.5012 | Val MaF1: 0.7166 (Best: 0.7245) | Test MaF1: 0.6768 (Best: 0.6792) | MiF1: 0.6776 (Best: 0.6799)
2024-04-18 17:34:22,434 - root - INFO - Epoch: 24 | LR: 0.0008 | Loss 0.4853 | Val MaF1: 0.7260 (Best: 0.7245) | Test MaF1: 0.6757 (Best: 0.6792) | MiF1: 0.6760 (Best: 0.6799)
2024-04-18 17:34:22,963 - root - INFO - Epoch: 25 | LR: 0.0008 | Loss 0.4706 | Val MaF1: 0.7194 (Best: 0.7245) | Test MaF1: 0.6675 (Best: 0.6792) | MiF1: 0.6682 (Best: 0.6799)
2024-04-18 17:34:23,495 - root - INFO - Epoch: 26 | LR: 0.0007 | Loss 0.4586 | Val MaF1: 0.7158 (Best: 0.7245) | Test MaF1: 0.6627 (Best: 0.6792) | MiF1: 0.6636 (Best: 0.6799)
2024-04-18 17:34:24,038 - root - INFO - Epoch: 27 | LR: 0.0007 | Loss 0.4488 | Val MaF1: 0.7027 (Best: 0.7245) | Test MaF1: 0.6595 (Best: 0.6792) | MiF1: 0.6604 (Best: 0.6799)
2024-04-18 17:34:24,589 - root - INFO - Epoch: 28 | LR: 0.0007 | Loss 0.4407 | Val MaF1: 0.7107 (Best: 0.7245) | Test MaF1: 0.6591 (Best: 0.6792) | MiF1: 0.6597 (Best: 0.6799)
2024-04-18 17:34:25,127 - root - INFO - Epoch: 29 | LR: 0.0006 | Loss 0.4324 | Val MaF1: 0.7135 (Best: 0.7245) | Test MaF1: 0.6614 (Best: 0.6792) | MiF1: 0.6612 (Best: 0.6799)
2024-04-18 17:34:25,665 - root - INFO - Epoch: 30 | LR: 0.0006 | Loss 0.4257 | Val MaF1: 0.7094 (Best: 0.7245) | Test MaF1: 0.6554 (Best: 0.6792) | MiF1: 0.6550 (Best: 0.6799)
2024-04-18 17:34:26,196 - root - INFO - Epoch: 31 | LR: 0.0005 | Loss 0.4208 | Val MaF1: 0.7123 (Best: 0.7245) | Test MaF1: 0.6511 (Best: 0.6792) | MiF1: 0.6503 (Best: 0.6799)
2024-04-18 17:34:26,725 - root - INFO - Epoch: 32 | LR: 0.0005 | Loss 0.4165 | Val MaF1: 0.7138 (Best: 0.7245) | Test MaF1: 0.6498 (Best: 0.6792) | MiF1: 0.6488 (Best: 0.6799)
2024-04-18 17:34:27,268 - root - INFO - Epoch: 33 | LR: 0.0004 | Loss 0.4122 | Val MaF1: 0.7110 (Best: 0.7245) | Test MaF1: 0.6489 (Best: 0.6792) | MiF1: 0.6480 (Best: 0.6799)
2024-04-18 17:34:27,833 - root - INFO - Epoch: 34 | LR: 0.0004 | Loss 0.4081 | Val MaF1: 0.7135 (Best: 0.7245) | Test MaF1: 0.6488 (Best: 0.6792) | MiF1: 0.6480 (Best: 0.6799)
2024-04-18 17:34:28,360 - root - INFO - Epoch: 35 | LR: 0.0003 | Loss 0.4057 | Val MaF1: 0.7128 (Best: 0.7245) | Test MaF1: 0.6467 (Best: 0.6792) | MiF1: 0.6464 (Best: 0.6799)
2024-04-18 17:34:28,891 - root - INFO - Epoch: 36 | LR: 0.0003 | Loss 0.4035 | Val MaF1: 0.7107 (Best: 0.7245) | Test MaF1: 0.6484 (Best: 0.6792) | MiF1: 0.6480 (Best: 0.6799)
2024-04-18 17:34:29,436 - root - INFO - Epoch: 37 | LR: 0.0003 | Loss 0.4009 | Val MaF1: 0.7107 (Best: 0.7245) | Test MaF1: 0.6504 (Best: 0.6792) | MiF1: 0.6503 (Best: 0.6799)
2024-04-18 17:34:29,979 - root - INFO - Epoch: 38 | LR: 0.0002 | Loss 0.3997 | Val MaF1: 0.7128 (Best: 0.7245) | Test MaF1: 0.6488 (Best: 0.6792) | MiF1: 0.6488 (Best: 0.6799)
2024-04-18 17:34:30,518 - root - INFO - Epoch: 39 | LR: 0.0002 | Loss 0.3975 | Val MaF1: 0.7103 (Best: 0.7245) | Test MaF1: 0.6511 (Best: 0.6792) | MiF1: 0.6511 (Best: 0.6799)
2024-04-18 17:34:31,046 - root - INFO - Epoch: 40 | LR: 0.0002 | Loss 0.3963 | Val MaF1: 0.7103 (Best: 0.7245) | Test MaF1: 0.6511 (Best: 0.6792) | MiF1: 0.6511 (Best: 0.6799)
2024-04-18 17:34:31,575 - root - INFO - Epoch: 41 | LR: 0.0001 | Loss 0.3955 | Val MaF1: 0.7099 (Best: 0.7245) | Test MaF1: 0.6511 (Best: 0.6792) | MiF1: 0.6511 (Best: 0.6799)
2024-04-18 17:34:32,100 - root - INFO - Epoch: 42 | LR: 0.0001 | Loss 0.3946 | Val MaF1: 0.7099 (Best: 0.7245) | Test MaF1: 0.6504 (Best: 0.6792) | MiF1: 0.6503 (Best: 0.6799)
2024-04-18 17:34:32,638 - root - INFO - Epoch: 43 | LR: 0.0001 | Loss 0.3929 | Val MaF1: 0.7127 (Best: 0.7245) | Test MaF1: 0.6504 (Best: 0.6792) | MiF1: 0.6503 (Best: 0.6799)
2024-04-18 17:34:33,169 - root - INFO - Epoch: 44 | LR: 0.0000 | Loss 0.3933 | Val MaF1: 0.7148 (Best: 0.7245) | Test MaF1: 0.6504 (Best: 0.6792) | MiF1: 0.6503 (Best: 0.6799)
2024-04-18 17:34:33,742 - root - INFO - Epoch: 45 | LR: 0.0000 | Loss 0.3930 | Val MaF1: 0.7148 (Best: 0.7245) | Test MaF1: 0.6513 (Best: 0.6792) | MiF1: 0.6511 (Best: 0.6799)
2024-04-18 17:34:34,271 - root - INFO - Epoch: 46 | LR: 0.0000 | Loss 0.3923 | Val MaF1: 0.7148 (Best: 0.7245) | Test MaF1: 0.6513 (Best: 0.6792) | MiF1: 0.6511 (Best: 0.6799)
2024-04-18 17:34:34,800 - root - INFO - Epoch: 47 | LR: 0.0000 | Loss 0.3919 | Val MaF1: 0.7148 (Best: 0.7245) | Test MaF1: 0.6513 (Best: 0.6792) | MiF1: 0.6511 (Best: 0.6799)
2024-04-18 17:34:35,327 - root - INFO - Epoch: 48 | LR: 0.0000 | Loss 0.3927 | Val MaF1: 0.7148 (Best: 0.7245) | Test MaF1: 0.6513 (Best: 0.6792) | MiF1: 0.6511 (Best: 0.6799)
2024-04-18 17:34:35,855 - root - INFO - Epoch: 49 | LR: 0.0000 | Loss 0.3922 | Val MaF1: 0.7148 (Best: 0.7245) | Test MaF1: 0.6513 (Best: 0.6792) | MiF1: 0.6511 (Best: 0.6799)
2024-04-18 17:34:36,395 - root - INFO - Epoch: 50 | LR: 0.0000 | Loss 0.3919 | Val MaF1: 0.7148 (Best: 0.7245) | Test MaF1: 0.6513 (Best: 0.6792) | MiF1: 0.6511 (Best: 0.6799)
2024-04-18 17:34:36,396 - root - INFO - Best Epoch: 22 | Train MiF1: 0.9400,  MaF1: 0.9399 | Val MiF1: 0.7243, MaF1: 0.7245 | Test MaF1: 0.6792, MiF1: 0.6799
2024-04-18 17:34:36,820 - root - INFO - ARI: 0.5657 | NMI: 0.4939
