2024-04-22 21:29:05,282 - root - INFO - {'prefix': 'SR-HGN', 'gpu': 0, 'feat': 1, 'seed': 0, 'verbose': 1, 'train_split': 0.2, 'val_split': 0.3, 'num_type_heads': 4, 'num_node_heads': 4, 'hidden_dim': 256, 'clip': 1.0, 'num_layers': 3, 'alpha': 0.5, 'epochs': 100, 'dataset': 'imdb', 'input_dim': 256, 'aggregate': 'concat', 'iscuda': True, 'cluster': True, 'max_lr': 0.001, 'weight_decay': 1e-05, 'heads': 1, 'han_heads': [4], 'hh_heads': 3, 'dropout': 0.2}
2024-04-22 21:29:07,785 - root - INFO - Training SR-HGN with #param: 26248004
2024-04-22 21:29:09,007 - root - INFO - ARI: 0.0048 | NMI: 0.0067
2024-04-22 21:29:09,008 - root - INFO - Epoch: 1 | LR: 0.0000 | Loss 1.0994 | Val MaF1: 0.2651 (Best: 0.2651) | Test MaF1: 0.2575 (Best: 0.2575) | MiF1: 0.3851 (Best: 0.3851)
2024-04-22 21:29:09,207 - root - INFO - Epoch: 2 | LR: 0.0001 | Loss 1.0971 | Val MaF1: 0.2066 (Best: 0.2651) | Test MaF1: 0.2121 (Best: 0.2575) | MiF1: 0.3754 (Best: 0.3851)
2024-04-22 21:29:09,332 - root - INFO - Epoch: 3 | LR: 0.0001 | Loss 1.0951 | Val MaF1: 0.1850 (Best: 0.2651) | Test MaF1: 0.1932 (Best: 0.2575) | MiF1: 0.3747 (Best: 0.3851)
2024-04-22 21:29:09,457 - root - INFO - Epoch: 4 | LR: 0.0001 | Loss 1.0921 | Val MaF1: 0.1797 (Best: 0.2651) | Test MaF1: 0.1850 (Best: 0.2575) | MiF1: 0.3724 (Best: 0.3851)
2024-04-22 21:29:09,580 - root - INFO - Epoch: 5 | LR: 0.0001 | Loss 1.0886 | Val MaF1: 0.1797 (Best: 0.2651) | Test MaF1: 0.1874 (Best: 0.2575) | MiF1: 0.3727 (Best: 0.3851)
2024-04-22 21:29:09,706 - root - INFO - Epoch: 6 | LR: 0.0001 | Loss 1.0850 | Val MaF1: 0.1977 (Best: 0.2651) | Test MaF1: 0.1986 (Best: 0.2575) | MiF1: 0.3778 (Best: 0.3851)
2024-04-22 21:29:09,830 - root - INFO - Epoch: 7 | LR: 0.0002 | Loss 1.0795 | Val MaF1: 0.2201 (Best: 0.2651) | Test MaF1: 0.2138 (Best: 0.2575) | MiF1: 0.3844 (Best: 0.3851)
2024-04-22 21:29:09,954 - root - INFO - Epoch: 8 | LR: 0.0002 | Loss 1.0738 | Val MaF1: 0.2514 (Best: 0.2651) | Test MaF1: 0.2472 (Best: 0.2575) | MiF1: 0.4008 (Best: 0.3851)
2024-04-22 21:29:10,282 - root - INFO - ARI: 0.1393 | NMI: 0.1524
2024-04-22 21:29:10,282 - root - INFO - Epoch: 9 | LR: 0.0003 | Loss 1.0652 | Val MaF1: 0.2860 (Best: 0.2860) | Test MaF1: 0.2887 (Best: 0.2887) | MiF1: 0.4248 (Best: 0.4248)
2024-04-22 21:29:10,653 - root - INFO - ARI: 0.1625 | NMI: 0.1659
2024-04-22 21:29:10,653 - root - INFO - Epoch: 10 | LR: 0.0003 | Loss 1.0570 | Val MaF1: 0.3353 (Best: 0.3353) | Test MaF1: 0.3347 (Best: 0.3347) | MiF1: 0.4596 (Best: 0.4596)
2024-04-22 21:29:11,025 - root - INFO - ARI: 0.1755 | NMI: 0.1734
2024-04-22 21:29:11,025 - root - INFO - Epoch: 11 | LR: 0.0003 | Loss 1.0446 | Val MaF1: 0.3599 (Best: 0.3599) | Test MaF1: 0.3741 (Best: 0.3741) | MiF1: 0.4943 (Best: 0.4943)
2024-04-22 21:29:11,408 - root - INFO - ARI: 0.1947 | NMI: 0.1855
2024-04-22 21:29:11,409 - root - INFO - Epoch: 12 | LR: 0.0004 | Loss 1.0311 | Val MaF1: 0.3777 (Best: 0.3777) | Test MaF1: 0.3915 (Best: 0.3915) | MiF1: 0.5084 (Best: 0.5084)
2024-04-22 21:29:11,783 - root - INFO - ARI: 0.2105 | NMI: 0.1946
2024-04-22 21:29:11,783 - root - INFO - Epoch: 13 | LR: 0.0004 | Loss 1.0152 | Val MaF1: 0.3857 (Best: 0.3857) | Test MaF1: 0.4036 (Best: 0.4036) | MiF1: 0.5184 (Best: 0.5184)
2024-04-22 21:29:12,149 - root - INFO - ARI: 0.2241 | NMI: 0.2031
2024-04-22 21:29:12,150 - root - INFO - Epoch: 14 | LR: 0.0005 | Loss 0.9937 | Val MaF1: 0.3902 (Best: 0.3902) | Test MaF1: 0.4161 (Best: 0.4161) | MiF1: 0.5244 (Best: 0.5244)
2024-04-22 21:29:12,531 - root - INFO - ARI: 0.2345 | NMI: 0.2129
2024-04-22 21:29:12,531 - root - INFO - Epoch: 15 | LR: 0.0005 | Loss 0.9661 | Val MaF1: 0.4088 (Best: 0.4088) | Test MaF1: 0.4355 (Best: 0.4355) | MiF1: 0.5321 (Best: 0.5321)
2024-04-22 21:29:12,916 - root - INFO - ARI: 0.2483 | NMI: 0.2203
2024-04-22 21:29:12,916 - root - INFO - Epoch: 16 | LR: 0.0006 | Loss 0.9300 | Val MaF1: 0.4525 (Best: 0.4525) | Test MaF1: 0.4838 (Best: 0.4838) | MiF1: 0.5501 (Best: 0.5501)
2024-04-22 21:29:13,274 - root - INFO - ARI: 0.2586 | NMI: 0.2278
2024-04-22 21:29:13,274 - root - INFO - Epoch: 17 | LR: 0.0006 | Loss 0.8869 | Val MaF1: 0.5702 (Best: 0.5702) | Test MaF1: 0.5667 (Best: 0.5667) | MiF1: 0.5905 (Best: 0.5905)
2024-04-22 21:29:13,610 - root - INFO - ARI: 0.2711 | NMI: 0.2393
2024-04-22 21:29:13,610 - root - INFO - Epoch: 18 | LR: 0.0007 | Loss 0.8376 | Val MaF1: 0.6240 (Best: 0.6240) | Test MaF1: 0.6261 (Best: 0.6261) | MiF1: 0.6263 (Best: 0.6263)
2024-04-22 21:29:13,777 - root - INFO - Epoch: 19 | LR: 0.0007 | Loss 0.7856 | Val MaF1: 0.6252 (Best: 0.6240) | Test MaF1: 0.6253 (Best: 0.6261) | MiF1: 0.6256 (Best: 0.6263)
2024-04-22 21:29:13,905 - root - INFO - Epoch: 20 | LR: 0.0008 | Loss 0.7417 | Val MaF1: 0.6136 (Best: 0.6240) | Test MaF1: 0.6145 (Best: 0.6261) | MiF1: 0.6172 (Best: 0.6263)
2024-04-22 21:29:14,029 - root - INFO - Epoch: 21 | LR: 0.0008 | Loss 0.7041 | Val MaF1: 0.6180 (Best: 0.6240) | Test MaF1: 0.6183 (Best: 0.6261) | MiF1: 0.6206 (Best: 0.6263)
2024-04-22 21:29:14,152 - root - INFO - Epoch: 22 | LR: 0.0009 | Loss 0.6656 | Val MaF1: 0.6277 (Best: 0.6240) | Test MaF1: 0.6229 (Best: 0.6261) | MiF1: 0.6246 (Best: 0.6263)
2024-04-22 21:29:14,461 - root - INFO - ARI: 0.2921 | NMI: 0.2499
2024-04-22 21:29:14,462 - root - INFO - Epoch: 23 | LR: 0.0009 | Loss 0.6377 | Val MaF1: 0.6359 (Best: 0.6359) | Test MaF1: 0.6319 (Best: 0.6319) | MiF1: 0.6329 (Best: 0.6329)
2024-04-22 21:29:14,625 - root - INFO - Epoch: 24 | LR: 0.0009 | Loss 0.6136 | Val MaF1: 0.6192 (Best: 0.6359) | Test MaF1: 0.6254 (Best: 0.6319) | MiF1: 0.6276 (Best: 0.6329)
2024-04-22 21:29:14,751 - root - INFO - Epoch: 25 | LR: 0.0010 | Loss 0.5933 | Val MaF1: 0.6157 (Best: 0.6359) | Test MaF1: 0.6279 (Best: 0.6319) | MiF1: 0.6306 (Best: 0.6329)
2024-04-22 21:29:14,875 - root - INFO - Epoch: 26 | LR: 0.0010 | Loss 0.5756 | Val MaF1: 0.6156 (Best: 0.6359) | Test MaF1: 0.6239 (Best: 0.6319) | MiF1: 0.6263 (Best: 0.6329)
2024-04-22 21:29:14,997 - root - INFO - Epoch: 27 | LR: 0.0010 | Loss 0.5611 | Val MaF1: 0.6094 (Best: 0.6359) | Test MaF1: 0.6218 (Best: 0.6319) | MiF1: 0.6236 (Best: 0.6329)
2024-04-22 21:29:15,126 - root - INFO - Epoch: 28 | LR: 0.0010 | Loss 0.5488 | Val MaF1: 0.6110 (Best: 0.6359) | Test MaF1: 0.6161 (Best: 0.6319) | MiF1: 0.6179 (Best: 0.6329)
2024-04-22 21:29:15,250 - root - INFO - Epoch: 29 | LR: 0.0010 | Loss 0.5401 | Val MaF1: 0.6100 (Best: 0.6359) | Test MaF1: 0.6178 (Best: 0.6319) | MiF1: 0.6192 (Best: 0.6329)
2024-04-22 21:29:15,374 - root - INFO - Epoch: 30 | LR: 0.0010 | Loss 0.5318 | Val MaF1: 0.6054 (Best: 0.6359) | Test MaF1: 0.6153 (Best: 0.6319) | MiF1: 0.6166 (Best: 0.6329)
2024-04-22 21:29:15,497 - root - INFO - Epoch: 31 | LR: 0.0010 | Loss 0.5245 | Val MaF1: 0.6030 (Best: 0.6359) | Test MaF1: 0.6133 (Best: 0.6319) | MiF1: 0.6149 (Best: 0.6329)
2024-04-22 21:29:15,621 - root - INFO - Epoch: 32 | LR: 0.0010 | Loss 0.5188 | Val MaF1: 0.6025 (Best: 0.6359) | Test MaF1: 0.6134 (Best: 0.6319) | MiF1: 0.6156 (Best: 0.6329)
2024-04-22 21:29:15,745 - root - INFO - Epoch: 33 | LR: 0.0010 | Loss 0.5119 | Val MaF1: 0.6023 (Best: 0.6359) | Test MaF1: 0.6127 (Best: 0.6319) | MiF1: 0.6152 (Best: 0.6329)
2024-04-22 21:29:15,870 - root - INFO - Epoch: 34 | LR: 0.0010 | Loss 0.5073 | Val MaF1: 0.5973 (Best: 0.6359) | Test MaF1: 0.6110 (Best: 0.6319) | MiF1: 0.6139 (Best: 0.6329)
2024-04-22 21:29:15,997 - root - INFO - Epoch: 35 | LR: 0.0010 | Loss 0.5023 | Val MaF1: 0.5877 (Best: 0.6359) | Test MaF1: 0.6138 (Best: 0.6319) | MiF1: 0.6162 (Best: 0.6329)
2024-04-22 21:29:16,121 - root - INFO - Epoch: 36 | LR: 0.0010 | Loss 0.4975 | Val MaF1: 0.5852 (Best: 0.6359) | Test MaF1: 0.6138 (Best: 0.6319) | MiF1: 0.6159 (Best: 0.6329)
2024-04-22 21:29:16,246 - root - INFO - Epoch: 37 | LR: 0.0010 | Loss 0.4940 | Val MaF1: 0.5879 (Best: 0.6359) | Test MaF1: 0.6134 (Best: 0.6319) | MiF1: 0.6152 (Best: 0.6329)
2024-04-22 21:29:16,370 - root - INFO - Epoch: 38 | LR: 0.0010 | Loss 0.4897 | Val MaF1: 0.5859 (Best: 0.6359) | Test MaF1: 0.6137 (Best: 0.6319) | MiF1: 0.6152 (Best: 0.6329)
2024-04-22 21:29:16,495 - root - INFO - Epoch: 39 | LR: 0.0010 | Loss 0.4857 | Val MaF1: 0.5859 (Best: 0.6359) | Test MaF1: 0.6115 (Best: 0.6319) | MiF1: 0.6129 (Best: 0.6329)
2024-04-22 21:29:16,617 - root - INFO - Epoch: 40 | LR: 0.0009 | Loss 0.4830 | Val MaF1: 0.5859 (Best: 0.6359) | Test MaF1: 0.6124 (Best: 0.6319) | MiF1: 0.6139 (Best: 0.6329)
2024-04-22 21:29:16,742 - root - INFO - Epoch: 41 | LR: 0.0009 | Loss 0.4801 | Val MaF1: 0.5836 (Best: 0.6359) | Test MaF1: 0.6123 (Best: 0.6319) | MiF1: 0.6139 (Best: 0.6329)
2024-04-22 21:29:16,868 - root - INFO - Epoch: 42 | LR: 0.0009 | Loss 0.4770 | Val MaF1: 0.5853 (Best: 0.6359) | Test MaF1: 0.6102 (Best: 0.6319) | MiF1: 0.6119 (Best: 0.6329)
2024-04-22 21:29:16,990 - root - INFO - Epoch: 43 | LR: 0.0009 | Loss 0.4744 | Val MaF1: 0.5824 (Best: 0.6359) | Test MaF1: 0.6106 (Best: 0.6319) | MiF1: 0.6122 (Best: 0.6329)
2024-04-22 21:29:17,113 - root - INFO - Epoch: 44 | LR: 0.0009 | Loss 0.4723 | Val MaF1: 0.5795 (Best: 0.6359) | Test MaF1: 0.6092 (Best: 0.6319) | MiF1: 0.6109 (Best: 0.6329)
2024-04-22 21:29:17,238 - root - INFO - Epoch: 45 | LR: 0.0009 | Loss 0.4697 | Val MaF1: 0.5844 (Best: 0.6359) | Test MaF1: 0.6124 (Best: 0.6319) | MiF1: 0.6142 (Best: 0.6329)
2024-04-22 21:29:17,360 - root - INFO - Epoch: 46 | LR: 0.0009 | Loss 0.4682 | Val MaF1: 0.5841 (Best: 0.6359) | Test MaF1: 0.6123 (Best: 0.6319) | MiF1: 0.6139 (Best: 0.6329)
2024-04-22 21:29:17,483 - root - INFO - Epoch: 47 | LR: 0.0008 | Loss 0.4659 | Val MaF1: 0.5792 (Best: 0.6359) | Test MaF1: 0.6100 (Best: 0.6319) | MiF1: 0.6116 (Best: 0.6329)
2024-04-22 21:29:17,607 - root - INFO - Epoch: 48 | LR: 0.0008 | Loss 0.4635 | Val MaF1: 0.5723 (Best: 0.6359) | Test MaF1: 0.6102 (Best: 0.6319) | MiF1: 0.6119 (Best: 0.6329)
2024-04-22 21:29:17,732 - root - INFO - Epoch: 49 | LR: 0.0008 | Loss 0.4621 | Val MaF1: 0.5723 (Best: 0.6359) | Test MaF1: 0.6108 (Best: 0.6319) | MiF1: 0.6126 (Best: 0.6329)
2024-04-22 21:29:17,855 - root - INFO - Epoch: 50 | LR: 0.0008 | Loss 0.4603 | Val MaF1: 0.5744 (Best: 0.6359) | Test MaF1: 0.6108 (Best: 0.6319) | MiF1: 0.6122 (Best: 0.6329)
2024-04-22 21:29:17,979 - root - INFO - Epoch: 51 | LR: 0.0008 | Loss 0.4587 | Val MaF1: 0.5747 (Best: 0.6359) | Test MaF1: 0.6096 (Best: 0.6319) | MiF1: 0.6112 (Best: 0.6329)
2024-04-22 21:29:18,109 - root - INFO - Epoch: 52 | LR: 0.0008 | Loss 0.4573 | Val MaF1: 0.5793 (Best: 0.6359) | Test MaF1: 0.6076 (Best: 0.6319) | MiF1: 0.6092 (Best: 0.6329)
2024-04-22 21:29:18,237 - root - INFO - Epoch: 53 | LR: 0.0007 | Loss 0.4558 | Val MaF1: 0.5793 (Best: 0.6359) | Test MaF1: 0.6086 (Best: 0.6319) | MiF1: 0.6102 (Best: 0.6329)
2024-04-22 21:29:18,360 - root - INFO - Epoch: 54 | LR: 0.0007 | Loss 0.4545 | Val MaF1: 0.5793 (Best: 0.6359) | Test MaF1: 0.6082 (Best: 0.6319) | MiF1: 0.6099 (Best: 0.6329)
2024-04-22 21:29:18,483 - root - INFO - Epoch: 55 | LR: 0.0007 | Loss 0.4525 | Val MaF1: 0.5797 (Best: 0.6359) | Test MaF1: 0.6086 (Best: 0.6319) | MiF1: 0.6102 (Best: 0.6329)
2024-04-22 21:29:18,607 - root - INFO - Epoch: 56 | LR: 0.0007 | Loss 0.4519 | Val MaF1: 0.5751 (Best: 0.6359) | Test MaF1: 0.6077 (Best: 0.6319) | MiF1: 0.6092 (Best: 0.6329)
2024-04-22 21:29:18,740 - root - INFO - Epoch: 57 | LR: 0.0007 | Loss 0.4508 | Val MaF1: 0.5711 (Best: 0.6359) | Test MaF1: 0.6079 (Best: 0.6319) | MiF1: 0.6096 (Best: 0.6329)
2024-04-22 21:29:18,865 - root - INFO - Epoch: 58 | LR: 0.0006 | Loss 0.4492 | Val MaF1: 0.5711 (Best: 0.6359) | Test MaF1: 0.6060 (Best: 0.6319) | MiF1: 0.6075 (Best: 0.6329)
2024-04-22 21:29:18,993 - root - INFO - Epoch: 59 | LR: 0.0006 | Loss 0.4484 | Val MaF1: 0.5711 (Best: 0.6359) | Test MaF1: 0.6061 (Best: 0.6319) | MiF1: 0.6079 (Best: 0.6329)
2024-04-22 21:29:19,125 - root - INFO - Epoch: 60 | LR: 0.0006 | Loss 0.4474 | Val MaF1: 0.5711 (Best: 0.6359) | Test MaF1: 0.6050 (Best: 0.6319) | MiF1: 0.6069 (Best: 0.6329)
2024-04-22 21:29:19,257 - root - INFO - Epoch: 61 | LR: 0.0006 | Loss 0.4464 | Val MaF1: 0.5737 (Best: 0.6359) | Test MaF1: 0.6048 (Best: 0.6319) | MiF1: 0.6065 (Best: 0.6329)
2024-04-22 21:29:19,386 - root - INFO - Epoch: 62 | LR: 0.0005 | Loss 0.4460 | Val MaF1: 0.5737 (Best: 0.6359) | Test MaF1: 0.6054 (Best: 0.6319) | MiF1: 0.6072 (Best: 0.6329)
2024-04-22 21:29:19,513 - root - INFO - Epoch: 63 | LR: 0.0005 | Loss 0.4454 | Val MaF1: 0.5762 (Best: 0.6359) | Test MaF1: 0.6037 (Best: 0.6319) | MiF1: 0.6055 (Best: 0.6329)
2024-04-22 21:29:19,642 - root - INFO - Epoch: 64 | LR: 0.0005 | Loss 0.4442 | Val MaF1: 0.5787 (Best: 0.6359) | Test MaF1: 0.6026 (Best: 0.6319) | MiF1: 0.6045 (Best: 0.6329)
2024-04-22 21:29:19,772 - root - INFO - Epoch: 65 | LR: 0.0005 | Loss 0.4437 | Val MaF1: 0.5787 (Best: 0.6359) | Test MaF1: 0.6033 (Best: 0.6319) | MiF1: 0.6052 (Best: 0.6329)
2024-04-22 21:29:19,900 - root - INFO - Epoch: 66 | LR: 0.0005 | Loss 0.4435 | Val MaF1: 0.5787 (Best: 0.6359) | Test MaF1: 0.6037 (Best: 0.6319) | MiF1: 0.6055 (Best: 0.6329)
2024-04-22 21:29:20,030 - root - INFO - Epoch: 67 | LR: 0.0004 | Loss 0.4422 | Val MaF1: 0.5787 (Best: 0.6359) | Test MaF1: 0.6037 (Best: 0.6319) | MiF1: 0.6055 (Best: 0.6329)
2024-04-22 21:29:20,161 - root - INFO - Epoch: 68 | LR: 0.0004 | Loss 0.4418 | Val MaF1: 0.5763 (Best: 0.6359) | Test MaF1: 0.6037 (Best: 0.6319) | MiF1: 0.6055 (Best: 0.6329)
2024-04-22 21:29:20,290 - root - INFO - Epoch: 69 | LR: 0.0004 | Loss 0.4408 | Val MaF1: 0.5763 (Best: 0.6359) | Test MaF1: 0.6044 (Best: 0.6319) | MiF1: 0.6062 (Best: 0.6329)
2024-04-22 21:29:20,416 - root - INFO - Epoch: 70 | LR: 0.0004 | Loss 0.4406 | Val MaF1: 0.5763 (Best: 0.6359) | Test MaF1: 0.6054 (Best: 0.6319) | MiF1: 0.6072 (Best: 0.6329)
2024-04-22 21:29:20,545 - root - INFO - Epoch: 71 | LR: 0.0003 | Loss 0.4398 | Val MaF1: 0.5763 (Best: 0.6359) | Test MaF1: 0.6051 (Best: 0.6319) | MiF1: 0.6069 (Best: 0.6329)
2024-04-22 21:29:20,672 - root - INFO - Epoch: 72 | LR: 0.0003 | Loss 0.4397 | Val MaF1: 0.5763 (Best: 0.6359) | Test MaF1: 0.6048 (Best: 0.6319) | MiF1: 0.6065 (Best: 0.6329)
2024-04-22 21:29:20,796 - root - INFO - Epoch: 73 | LR: 0.0003 | Loss 0.4390 | Val MaF1: 0.5713 (Best: 0.6359) | Test MaF1: 0.6052 (Best: 0.6319) | MiF1: 0.6069 (Best: 0.6329)
2024-04-22 21:29:20,919 - root - INFO - Epoch: 74 | LR: 0.0003 | Loss 0.4390 | Val MaF1: 0.5739 (Best: 0.6359) | Test MaF1: 0.6049 (Best: 0.6319) | MiF1: 0.6065 (Best: 0.6329)
2024-04-22 21:29:21,047 - root - INFO - Epoch: 75 | LR: 0.0003 | Loss 0.4380 | Val MaF1: 0.5739 (Best: 0.6359) | Test MaF1: 0.6048 (Best: 0.6319) | MiF1: 0.6065 (Best: 0.6329)
2024-04-22 21:29:21,171 - root - INFO - Epoch: 76 | LR: 0.0002 | Loss 0.4384 | Val MaF1: 0.5739 (Best: 0.6359) | Test MaF1: 0.6058 (Best: 0.6319) | MiF1: 0.6075 (Best: 0.6329)
2024-04-22 21:29:21,298 - root - INFO - Epoch: 77 | LR: 0.0002 | Loss 0.4375 | Val MaF1: 0.5759 (Best: 0.6359) | Test MaF1: 0.6062 (Best: 0.6319) | MiF1: 0.6079 (Best: 0.6329)
2024-04-22 21:29:21,426 - root - INFO - Epoch: 78 | LR: 0.0002 | Loss 0.4377 | Val MaF1: 0.5759 (Best: 0.6359) | Test MaF1: 0.6065 (Best: 0.6319) | MiF1: 0.6082 (Best: 0.6329)
2024-04-22 21:29:21,555 - root - INFO - Epoch: 79 | LR: 0.0002 | Loss 0.4370 | Val MaF1: 0.5759 (Best: 0.6359) | Test MaF1: 0.6068 (Best: 0.6319) | MiF1: 0.6086 (Best: 0.6329)
2024-04-22 21:29:21,680 - root - INFO - Epoch: 80 | LR: 0.0002 | Loss 0.4367 | Val MaF1: 0.5759 (Best: 0.6359) | Test MaF1: 0.6072 (Best: 0.6319) | MiF1: 0.6089 (Best: 0.6329)
2024-04-22 21:29:21,807 - root - INFO - Epoch: 81 | LR: 0.0002 | Loss 0.4368 | Val MaF1: 0.5759 (Best: 0.6359) | Test MaF1: 0.6069 (Best: 0.6319) | MiF1: 0.6086 (Best: 0.6329)
2024-04-22 21:29:21,935 - root - INFO - Epoch: 82 | LR: 0.0001 | Loss 0.4371 | Val MaF1: 0.5759 (Best: 0.6359) | Test MaF1: 0.6072 (Best: 0.6319) | MiF1: 0.6089 (Best: 0.6329)
2024-04-22 21:29:22,063 - root - INFO - Epoch: 83 | LR: 0.0001 | Loss 0.4370 | Val MaF1: 0.5759 (Best: 0.6359) | Test MaF1: 0.6069 (Best: 0.6319) | MiF1: 0.6086 (Best: 0.6329)
2024-04-22 21:29:22,191 - root - INFO - Epoch: 84 | LR: 0.0001 | Loss 0.4368 | Val MaF1: 0.5759 (Best: 0.6359) | Test MaF1: 0.6063 (Best: 0.6319) | MiF1: 0.6079 (Best: 0.6329)
2024-04-22 21:29:22,318 - root - INFO - Epoch: 85 | LR: 0.0001 | Loss 0.4356 | Val MaF1: 0.5782 (Best: 0.6359) | Test MaF1: 0.6061 (Best: 0.6319) | MiF1: 0.6075 (Best: 0.6329)
2024-04-22 21:29:22,447 - root - INFO - Epoch: 86 | LR: 0.0001 | Loss 0.4359 | Val MaF1: 0.5782 (Best: 0.6359) | Test MaF1: 0.6061 (Best: 0.6319) | MiF1: 0.6075 (Best: 0.6329)
2024-04-22 21:29:22,575 - root - INFO - Epoch: 87 | LR: 0.0001 | Loss 0.4360 | Val MaF1: 0.5782 (Best: 0.6359) | Test MaF1: 0.6061 (Best: 0.6319) | MiF1: 0.6075 (Best: 0.6329)
2024-04-22 21:29:22,703 - root - INFO - Epoch: 88 | LR: 0.0001 | Loss 0.4357 | Val MaF1: 0.5808 (Best: 0.6359) | Test MaF1: 0.6068 (Best: 0.6319) | MiF1: 0.6082 (Best: 0.6329)
2024-04-22 21:29:22,826 - root - INFO - Epoch: 89 | LR: 0.0000 | Loss 0.4356 | Val MaF1: 0.5808 (Best: 0.6359) | Test MaF1: 0.6067 (Best: 0.6319) | MiF1: 0.6082 (Best: 0.6329)
2024-04-22 21:29:22,948 - root - INFO - Epoch: 90 | LR: 0.0000 | Loss 0.4364 | Val MaF1: 0.5808 (Best: 0.6359) | Test MaF1: 0.6067 (Best: 0.6319) | MiF1: 0.6082 (Best: 0.6329)
2024-04-22 21:29:23,072 - root - INFO - Epoch: 91 | LR: 0.0000 | Loss 0.4351 | Val MaF1: 0.5834 (Best: 0.6359) | Test MaF1: 0.6067 (Best: 0.6319) | MiF1: 0.6082 (Best: 0.6329)
2024-04-22 21:29:23,201 - root - INFO - Epoch: 92 | LR: 0.0000 | Loss 0.4354 | Val MaF1: 0.5834 (Best: 0.6359) | Test MaF1: 0.6067 (Best: 0.6319) | MiF1: 0.6082 (Best: 0.6329)
2024-04-22 21:29:23,325 - root - INFO - Epoch: 93 | LR: 0.0000 | Loss 0.4352 | Val MaF1: 0.5834 (Best: 0.6359) | Test MaF1: 0.6064 (Best: 0.6319) | MiF1: 0.6079 (Best: 0.6329)
2024-04-22 21:29:23,448 - root - INFO - Epoch: 94 | LR: 0.0000 | Loss 0.4352 | Val MaF1: 0.5834 (Best: 0.6359) | Test MaF1: 0.6064 (Best: 0.6319) | MiF1: 0.6079 (Best: 0.6329)
2024-04-22 21:29:23,572 - root - INFO - Epoch: 95 | LR: 0.0000 | Loss 0.4352 | Val MaF1: 0.5834 (Best: 0.6359) | Test MaF1: 0.6064 (Best: 0.6319) | MiF1: 0.6079 (Best: 0.6329)
2024-04-22 21:29:23,696 - root - INFO - Epoch: 96 | LR: 0.0000 | Loss 0.4352 | Val MaF1: 0.5834 (Best: 0.6359) | Test MaF1: 0.6064 (Best: 0.6319) | MiF1: 0.6079 (Best: 0.6329)
2024-04-22 21:29:23,819 - root - INFO - Epoch: 97 | LR: 0.0000 | Loss 0.4354 | Val MaF1: 0.5834 (Best: 0.6359) | Test MaF1: 0.6064 (Best: 0.6319) | MiF1: 0.6079 (Best: 0.6329)
2024-04-22 21:29:23,943 - root - INFO - Epoch: 98 | LR: 0.0000 | Loss 0.4355 | Val MaF1: 0.5834 (Best: 0.6359) | Test MaF1: 0.6061 (Best: 0.6319) | MiF1: 0.6075 (Best: 0.6329)
2024-04-22 21:29:24,068 - root - INFO - Epoch: 99 | LR: 0.0000 | Loss 0.4354 | Val MaF1: 0.5834 (Best: 0.6359) | Test MaF1: 0.6061 (Best: 0.6319) | MiF1: 0.6075 (Best: 0.6329)
2024-04-22 21:29:24,192 - root - INFO - Epoch: 100 | LR: 0.0000 | Loss 0.4354 | Val MaF1: 0.5834 (Best: 0.6359) | Test MaF1: 0.6061 (Best: 0.6319) | MiF1: 0.6075 (Best: 0.6329)
2024-04-22 21:29:24,192 - root - INFO - Best Epoch: 23 | Train MiF1: 0.9579,  MaF1: 0.9569 | Val MiF1: 0.6355, MaF1: 0.6359 | Test MaF1: 0.6319, MiF1: 0.6329
2024-04-22 21:29:24,303 - root - INFO - ARI: 0.2921 | NMI: 0.2499
