2024-04-18 01:31:01,990 - root - INFO - {'prefix': 'SR-HGN', 'gpu': 0, 'feat': 1, 'seed': 0, 'verbose': 1, 'train_split': 0.2, 'val_split': 0.3, 'num_type_heads': 4, 'num_node_heads': 4, 'hidden_dim': 64, 'clip': 1.0, 'num_layers': 3, 'alpha': 0.5, 'epochs': 80, 'dataset': 'dblp', 'input_dim': 256, 'aggregate': 'concat', 'iscuda': False, 'cluster': True, 'max_lr': 0.001, 'weight_decay': 1e-05, 'heads': 8, 'han_heads': [4], 'hh_heads': 3, 'dropout': 0.2}
2024-04-18 01:31:02,936 - root - INFO - Training SR-HGN with #param: 4771486
2024-04-18 01:31:22,057 - root - INFO - Epoch: 1 | LR: 0.0000 | Loss 1.3875 | Val MaF1: 0.1300 (Best: 0.1300) | Test MaF1: 0.1477 (Best: 0.1477) | MiF1: 0.2987 (Best: 0.2987)
2024-04-18 01:31:41,184 - root - INFO - Epoch: 2 | LR: 0.0001 | Loss 1.3871 | Val MaF1: 0.1316 (Best: 0.1300) | Test MaF1: 0.1406 (Best: 0.1477) | MiF1: 0.3001 (Best: 0.2987)
2024-04-18 01:31:58,940 - root - INFO - Epoch: 3 | LR: 0.0001 | Loss 1.3834 | Val MaF1: 0.1146 (Best: 0.1300) | Test MaF1: 0.1354 (Best: 0.1477) | MiF1: 0.3022 (Best: 0.2987)
2024-04-18 01:32:16,318 - root - INFO - Epoch: 4 | LR: 0.0001 | Loss 1.3818 | Val MaF1: 0.1137 (Best: 0.1300) | Test MaF1: 0.1305 (Best: 0.1477) | MiF1: 0.3015 (Best: 0.2987)
2024-04-18 01:32:33,928 - root - INFO - Epoch: 5 | LR: 0.0001 | Loss 1.3767 | Val MaF1: 0.1184 (Best: 0.1300) | Test MaF1: 0.1288 (Best: 0.1477) | MiF1: 0.3026 (Best: 0.2987)
2024-04-18 01:32:51,348 - root - INFO - Epoch: 6 | LR: 0.0002 | Loss 1.3723 | Val MaF1: 0.1230 (Best: 0.1300) | Test MaF1: 0.1301 (Best: 0.1477) | MiF1: 0.3036 (Best: 0.2987)
2024-04-18 01:33:09,131 - root - INFO - Epoch: 7 | LR: 0.0002 | Loss 1.3616 | Val MaF1: 0.1276 (Best: 0.1300) | Test MaF1: 0.1366 (Best: 0.1477) | MiF1: 0.3072 (Best: 0.2987)
2024-04-18 01:33:26,874 - root - INFO - Epoch: 8 | LR: 0.0003 | Loss 1.3533 | Val MaF1: 0.1320 (Best: 0.1300) | Test MaF1: 0.1465 (Best: 0.1477) | MiF1: 0.3128 (Best: 0.2987)
2024-04-18 01:33:44,445 - root - INFO - Epoch: 9 | LR: 0.0004 | Loss 1.3416 | Val MaF1: 0.1447 (Best: 0.1447) | Test MaF1: 0.1807 (Best: 0.1807) | MiF1: 0.3336 (Best: 0.3336)
2024-04-18 01:34:02,502 - root - INFO - Epoch: 10 | LR: 0.0004 | Loss 1.3283 | Val MaF1: 0.2103 (Best: 0.2103) | Test MaF1: 0.2374 (Best: 0.2374) | MiF1: 0.3741 (Best: 0.3741)
2024-04-18 01:34:19,864 - root - INFO - Epoch: 11 | LR: 0.0005 | Loss 1.3156 | Val MaF1: 0.3030 (Best: 0.3030) | Test MaF1: 0.3269 (Best: 0.3269) | MiF1: 0.4477 (Best: 0.4477)
2024-04-18 01:34:37,690 - root - INFO - Epoch: 12 | LR: 0.0006 | Loss 1.2989 | Val MaF1: 0.4274 (Best: 0.4274) | Test MaF1: 0.4190 (Best: 0.4190) | MiF1: 0.5336 (Best: 0.5336)
2024-04-18 01:34:55,658 - root - INFO - Epoch: 13 | LR: 0.0006 | Loss 1.2776 | Val MaF1: 0.5231 (Best: 0.5231) | Test MaF1: 0.5192 (Best: 0.5192) | MiF1: 0.6330 (Best: 0.6330)
2024-04-18 01:35:13,578 - root - INFO - Epoch: 14 | LR: 0.0007 | Loss 1.2571 | Val MaF1: 0.5781 (Best: 0.5781) | Test MaF1: 0.5729 (Best: 0.5729) | MiF1: 0.6932 (Best: 0.6932)
2024-04-18 01:35:31,219 - root - INFO - Epoch: 15 | LR: 0.0007 | Loss 1.2253 | Val MaF1: 0.6205 (Best: 0.6205) | Test MaF1: 0.6093 (Best: 0.6093) | MiF1: 0.7348 (Best: 0.7348)
2024-04-18 01:35:48,995 - root - INFO - Epoch: 16 | LR: 0.0008 | Loss 1.1885 | Val MaF1: 0.6401 (Best: 0.6401) | Test MaF1: 0.6354 (Best: 0.6354) | MiF1: 0.7563 (Best: 0.7563)
2024-04-18 01:36:06,724 - root - INFO - Epoch: 17 | LR: 0.0008 | Loss 1.1465 | Val MaF1: 0.7062 (Best: 0.7062) | Test MaF1: 0.7186 (Best: 0.7186) | MiF1: 0.7950 (Best: 0.7950)
2024-04-18 01:36:24,541 - root - INFO - Epoch: 18 | LR: 0.0009 | Loss 1.0974 | Val MaF1: 0.8263 (Best: 0.8263) | Test MaF1: 0.8017 (Best: 0.8017) | MiF1: 0.8380 (Best: 0.8380)
2024-04-18 01:36:42,267 - root - INFO - Epoch: 19 | LR: 0.0009 | Loss 1.0458 | Val MaF1: 0.8939 (Best: 0.8939) | Test MaF1: 0.8570 (Best: 0.8570) | MiF1: 0.8735 (Best: 0.8735)
2024-04-18 01:36:59,796 - root - INFO - Epoch: 20 | LR: 0.0010 | Loss 0.9945 | Val MaF1: 0.9089 (Best: 0.9089) | Test MaF1: 0.8802 (Best: 0.8802) | MiF1: 0.8912 (Best: 0.8912)
2024-04-18 01:37:17,306 - root - INFO - Epoch: 21 | LR: 0.0010 | Loss 0.9425 | Val MaF1: 0.9081 (Best: 0.9081) | Test MaF1: 0.8957 (Best: 0.8957) | MiF1: 0.9045 (Best: 0.9045)
2024-04-18 01:37:34,843 - root - INFO - Epoch: 22 | LR: 0.0010 | Loss 0.8914 | Val MaF1: 0.9148 (Best: 0.9148) | Test MaF1: 0.9057 (Best: 0.9057) | MiF1: 0.9137 (Best: 0.9137)
2024-04-18 01:37:52,393 - root - INFO - Epoch: 23 | LR: 0.0010 | Loss 0.8458 | Val MaF1: 0.9146 (Best: 0.9146) | Test MaF1: 0.9095 (Best: 0.9095) | MiF1: 0.9172 (Best: 0.9172)
2024-04-18 01:38:10,114 - root - INFO - Epoch: 24 | LR: 0.0010 | Loss 0.8006 | Val MaF1: 0.9148 (Best: 0.9148) | Test MaF1: 0.9138 (Best: 0.9138) | MiF1: 0.9211 (Best: 0.9211)
2024-04-18 01:38:27,481 - root - INFO - Epoch: 25 | LR: 0.0010 | Loss 0.7651 | Val MaF1: 0.9205 (Best: 0.9205) | Test MaF1: 0.9219 (Best: 0.9219) | MiF1: 0.9285 (Best: 0.9285)
2024-04-18 01:38:44,778 - root - INFO - Epoch: 26 | LR: 0.0010 | Loss 0.7334 | Val MaF1: 0.9212 (Best: 0.9212) | Test MaF1: 0.9222 (Best: 0.9222) | MiF1: 0.9288 (Best: 0.9288)
2024-04-18 01:39:02,487 - root - INFO - Epoch: 27 | LR: 0.0010 | Loss 0.7082 | Val MaF1: 0.9281 (Best: 0.9281) | Test MaF1: 0.9303 (Best: 0.9303) | MiF1: 0.9355 (Best: 0.9355)
2024-04-18 01:39:19,900 - root - INFO - Epoch: 28 | LR: 0.0010 | Loss 0.6824 | Val MaF1: 0.9299 (Best: 0.9299) | Test MaF1: 0.9322 (Best: 0.9322) | MiF1: 0.9369 (Best: 0.9369)
2024-04-18 01:39:37,474 - root - INFO - Epoch: 29 | LR: 0.0010 | Loss 0.6623 | Val MaF1: 0.9345 (Best: 0.9345) | Test MaF1: 0.9343 (Best: 0.9343) | MiF1: 0.9391 (Best: 0.9391)
2024-04-18 01:39:55,445 - root - INFO - Epoch: 30 | LR: 0.0010 | Loss 0.6404 | Val MaF1: 0.9321 (Best: 0.9321) | Test MaF1: 0.9360 (Best: 0.9360) | MiF1: 0.9405 (Best: 0.9405)
2024-04-18 01:40:13,389 - root - INFO - Epoch: 31 | LR: 0.0010 | Loss 0.6298 | Val MaF1: 0.9346 (Best: 0.9346) | Test MaF1: 0.9373 (Best: 0.9373) | MiF1: 0.9415 (Best: 0.9415)
2024-04-18 01:40:31,282 - root - INFO - Epoch: 32 | LR: 0.0009 | Loss 0.6147 | Val MaF1: 0.9371 (Best: 0.9371) | Test MaF1: 0.9373 (Best: 0.9373) | MiF1: 0.9415 (Best: 0.9415)
2024-04-18 01:40:48,746 - root - INFO - Epoch: 33 | LR: 0.0009 | Loss 0.6042 | Val MaF1: 0.9371 (Best: 0.9371) | Test MaF1: 0.9371 (Best: 0.9373) | MiF1: 0.9415 (Best: 0.9415)
2024-04-18 01:41:06,471 - root - INFO - Epoch: 34 | LR: 0.0009 | Loss 0.5938 | Val MaF1: 0.9345 (Best: 0.9371) | Test MaF1: 0.9371 (Best: 0.9373) | MiF1: 0.9415 (Best: 0.9415)
2024-04-18 01:41:24,417 - root - INFO - Epoch: 35 | LR: 0.0009 | Loss 0.5855 | Val MaF1: 0.9346 (Best: 0.9346) | Test MaF1: 0.9400 (Best: 0.9400) | MiF1: 0.9440 (Best: 0.9440)
2024-04-18 01:41:42,228 - root - INFO - Epoch: 36 | LR: 0.0009 | Loss 0.5802 | Val MaF1: 0.9346 (Best: 0.9346) | Test MaF1: 0.9406 (Best: 0.9406) | MiF1: 0.9443 (Best: 0.9443)
2024-04-18 01:41:59,942 - root - INFO - Epoch: 37 | LR: 0.0009 | Loss 0.5718 | Val MaF1: 0.9346 (Best: 0.9346) | Test MaF1: 0.9362 (Best: 0.9406) | MiF1: 0.9408 (Best: 0.9443)
2024-04-18 01:42:17,557 - root - INFO - Epoch: 38 | LR: 0.0008 | Loss 0.5658 | Val MaF1: 0.9322 (Best: 0.9346) | Test MaF1: 0.9368 (Best: 0.9406) | MiF1: 0.9415 (Best: 0.9443)
2024-04-18 01:42:35,358 - root - INFO - Epoch: 39 | LR: 0.0008 | Loss 0.5587 | Val MaF1: 0.9322 (Best: 0.9346) | Test MaF1: 0.9372 (Best: 0.9406) | MiF1: 0.9419 (Best: 0.9443)
2024-04-18 01:42:53,313 - root - INFO - Epoch: 40 | LR: 0.0008 | Loss 0.5558 | Val MaF1: 0.9323 (Best: 0.9346) | Test MaF1: 0.9371 (Best: 0.9406) | MiF1: 0.9415 (Best: 0.9443)
2024-04-18 01:43:11,177 - root - INFO - Epoch: 41 | LR: 0.0008 | Loss 0.5515 | Val MaF1: 0.9323 (Best: 0.9346) | Test MaF1: 0.9388 (Best: 0.9406) | MiF1: 0.9429 (Best: 0.9443)
2024-04-18 01:43:29,136 - root - INFO - Epoch: 42 | LR: 0.0007 | Loss 0.5467 | Val MaF1: 0.9323 (Best: 0.9346) | Test MaF1: 0.9395 (Best: 0.9406) | MiF1: 0.9436 (Best: 0.9443)
2024-04-18 01:43:46,660 - root - INFO - Epoch: 43 | LR: 0.0007 | Loss 0.5438 | Val MaF1: 0.9323 (Best: 0.9346) | Test MaF1: 0.9384 (Best: 0.9406) | MiF1: 0.9426 (Best: 0.9443)
2024-04-18 01:44:04,208 - root - INFO - Epoch: 44 | LR: 0.0007 | Loss 0.5398 | Val MaF1: 0.9323 (Best: 0.9346) | Test MaF1: 0.9384 (Best: 0.9406) | MiF1: 0.9426 (Best: 0.9443)
2024-04-18 01:44:21,902 - root - INFO - Epoch: 45 | LR: 0.0007 | Loss 0.5373 | Val MaF1: 0.9323 (Best: 0.9346) | Test MaF1: 0.9397 (Best: 0.9406) | MiF1: 0.9436 (Best: 0.9443)
2024-04-18 01:44:39,276 - root - INFO - Epoch: 46 | LR: 0.0006 | Loss 0.5338 | Val MaF1: 0.9323 (Best: 0.9346) | Test MaF1: 0.9375 (Best: 0.9406) | MiF1: 0.9419 (Best: 0.9443)
2024-04-18 01:44:57,057 - root - INFO - Epoch: 47 | LR: 0.0006 | Loss 0.5318 | Val MaF1: 0.9294 (Best: 0.9346) | Test MaF1: 0.9367 (Best: 0.9406) | MiF1: 0.9412 (Best: 0.9443)
2024-04-18 01:45:14,634 - root - INFO - Epoch: 48 | LR: 0.0006 | Loss 0.5296 | Val MaF1: 0.9294 (Best: 0.9346) | Test MaF1: 0.9354 (Best: 0.9406) | MiF1: 0.9401 (Best: 0.9443)
2024-04-18 01:45:32,197 - root - INFO - Epoch: 49 | LR: 0.0006 | Loss 0.5279 | Val MaF1: 0.9323 (Best: 0.9346) | Test MaF1: 0.9354 (Best: 0.9406) | MiF1: 0.9401 (Best: 0.9443)
2024-04-18 01:45:49,787 - root - INFO - Epoch: 50 | LR: 0.0005 | Loss 0.5264 | Val MaF1: 0.9323 (Best: 0.9346) | Test MaF1: 0.9369 (Best: 0.9406) | MiF1: 0.9415 (Best: 0.9443)
2024-04-18 01:46:07,468 - root - INFO - Epoch: 51 | LR: 0.0005 | Loss 0.5243 | Val MaF1: 0.9323 (Best: 0.9346) | Test MaF1: 0.9376 (Best: 0.9406) | MiF1: 0.9422 (Best: 0.9443)
2024-04-18 01:46:25,164 - root - INFO - Epoch: 52 | LR: 0.0005 | Loss 0.5233 | Val MaF1: 0.9323 (Best: 0.9346) | Test MaF1: 0.9381 (Best: 0.9406) | MiF1: 0.9426 (Best: 0.9443)
2024-04-18 01:46:42,822 - root - INFO - Epoch: 53 | LR: 0.0004 | Loss 0.5211 | Val MaF1: 0.9323 (Best: 0.9346) | Test MaF1: 0.9386 (Best: 0.9406) | MiF1: 0.9429 (Best: 0.9443)
2024-04-18 01:47:02,399 - root - INFO - Epoch: 54 | LR: 0.0004 | Loss 0.5199 | Val MaF1: 0.9323 (Best: 0.9346) | Test MaF1: 0.9386 (Best: 0.9406) | MiF1: 0.9429 (Best: 0.9443)
2024-04-18 01:47:20,360 - root - INFO - Epoch: 55 | LR: 0.0004 | Loss 0.5197 | Val MaF1: 0.9322 (Best: 0.9346) | Test MaF1: 0.9382 (Best: 0.9406) | MiF1: 0.9426 (Best: 0.9443)
2024-04-18 01:47:37,894 - root - INFO - Epoch: 56 | LR: 0.0004 | Loss 0.5188 | Val MaF1: 0.9322 (Best: 0.9346) | Test MaF1: 0.9379 (Best: 0.9406) | MiF1: 0.9422 (Best: 0.9443)
2024-04-18 01:47:55,547 - root - INFO - Epoch: 57 | LR: 0.0003 | Loss 0.5170 | Val MaF1: 0.9322 (Best: 0.9346) | Test MaF1: 0.9382 (Best: 0.9406) | MiF1: 0.9426 (Best: 0.9443)
2024-04-18 01:48:12,976 - root - INFO - Epoch: 58 | LR: 0.0003 | Loss 0.5164 | Val MaF1: 0.9322 (Best: 0.9346) | Test MaF1: 0.9382 (Best: 0.9406) | MiF1: 0.9426 (Best: 0.9443)
2024-04-18 01:48:30,426 - root - INFO - Epoch: 59 | LR: 0.0003 | Loss 0.5156 | Val MaF1: 0.9322 (Best: 0.9346) | Test MaF1: 0.9378 (Best: 0.9406) | MiF1: 0.9422 (Best: 0.9443)
2024-04-18 01:48:48,131 - root - INFO - Epoch: 60 | LR: 0.0003 | Loss 0.5154 | Val MaF1: 0.9322 (Best: 0.9346) | Test MaF1: 0.9374 (Best: 0.9406) | MiF1: 0.9419 (Best: 0.9443)
2024-04-18 01:49:05,739 - root - INFO - Epoch: 61 | LR: 0.0002 | Loss 0.5153 | Val MaF1: 0.9322 (Best: 0.9346) | Test MaF1: 0.9362 (Best: 0.9406) | MiF1: 0.9408 (Best: 0.9443)
2024-04-18 01:49:23,489 - root - INFO - Epoch: 62 | LR: 0.0002 | Loss 0.5140 | Val MaF1: 0.9322 (Best: 0.9346) | Test MaF1: 0.9358 (Best: 0.9406) | MiF1: 0.9405 (Best: 0.9443)
2024-04-18 01:49:41,151 - root - INFO - Epoch: 63 | LR: 0.0002 | Loss 0.5137 | Val MaF1: 0.9322 (Best: 0.9346) | Test MaF1: 0.9351 (Best: 0.9406) | MiF1: 0.9398 (Best: 0.9443)
2024-04-18 01:49:58,757 - root - INFO - Epoch: 64 | LR: 0.0002 | Loss 0.5140 | Val MaF1: 0.9322 (Best: 0.9346) | Test MaF1: 0.9357 (Best: 0.9406) | MiF1: 0.9405 (Best: 0.9443)
2024-04-18 01:50:16,511 - root - INFO - Epoch: 65 | LR: 0.0001 | Loss 0.5126 | Val MaF1: 0.9322 (Best: 0.9346) | Test MaF1: 0.9357 (Best: 0.9406) | MiF1: 0.9405 (Best: 0.9443)
2024-04-18 01:50:34,337 - root - INFO - Epoch: 66 | LR: 0.0001 | Loss 0.5134 | Val MaF1: 0.9322 (Best: 0.9346) | Test MaF1: 0.9357 (Best: 0.9406) | MiF1: 0.9405 (Best: 0.9443)
2024-04-18 01:50:51,959 - root - INFO - Epoch: 67 | LR: 0.0001 | Loss 0.5121 | Val MaF1: 0.9322 (Best: 0.9346) | Test MaF1: 0.9357 (Best: 0.9406) | MiF1: 0.9405 (Best: 0.9443)
2024-04-18 01:51:09,629 - root - INFO - Epoch: 68 | LR: 0.0001 | Loss 0.5111 | Val MaF1: 0.9322 (Best: 0.9346) | Test MaF1: 0.9354 (Best: 0.9406) | MiF1: 0.9401 (Best: 0.9443)
2024-04-18 01:51:27,437 - root - INFO - Epoch: 69 | LR: 0.0001 | Loss 0.5112 | Val MaF1: 0.9322 (Best: 0.9346) | Test MaF1: 0.9354 (Best: 0.9406) | MiF1: 0.9401 (Best: 0.9443)
2024-04-18 01:51:45,150 - root - INFO - Epoch: 70 | LR: 0.0001 | Loss 0.5121 | Val MaF1: 0.9322 (Best: 0.9346) | Test MaF1: 0.9351 (Best: 0.9406) | MiF1: 0.9398 (Best: 0.9443)
2024-04-18 01:52:02,780 - root - INFO - Epoch: 71 | LR: 0.0000 | Loss 0.5108 | Val MaF1: 0.9322 (Best: 0.9346) | Test MaF1: 0.9351 (Best: 0.9406) | MiF1: 0.9398 (Best: 0.9443)
2024-04-18 01:52:20,145 - root - INFO - Epoch: 72 | LR: 0.0000 | Loss 0.5124 | Val MaF1: 0.9322 (Best: 0.9346) | Test MaF1: 0.9354 (Best: 0.9406) | MiF1: 0.9401 (Best: 0.9443)
2024-04-18 01:52:37,796 - root - INFO - Epoch: 73 | LR: 0.0000 | Loss 0.5116 | Val MaF1: 0.9322 (Best: 0.9346) | Test MaF1: 0.9354 (Best: 0.9406) | MiF1: 0.9401 (Best: 0.9443)
2024-04-18 01:52:55,344 - root - INFO - Epoch: 74 | LR: 0.0000 | Loss 0.5121 | Val MaF1: 0.9322 (Best: 0.9346) | Test MaF1: 0.9354 (Best: 0.9406) | MiF1: 0.9401 (Best: 0.9443)
2024-04-18 01:53:12,926 - root - INFO - Epoch: 75 | LR: 0.0000 | Loss 0.5110 | Val MaF1: 0.9322 (Best: 0.9346) | Test MaF1: 0.9354 (Best: 0.9406) | MiF1: 0.9401 (Best: 0.9443)
2024-04-18 01:53:30,313 - root - INFO - Epoch: 76 | LR: 0.0000 | Loss 0.5115 | Val MaF1: 0.9322 (Best: 0.9346) | Test MaF1: 0.9354 (Best: 0.9406) | MiF1: 0.9401 (Best: 0.9443)
2024-04-18 01:53:47,421 - root - INFO - Epoch: 77 | LR: 0.0000 | Loss 0.5129 | Val MaF1: 0.9322 (Best: 0.9346) | Test MaF1: 0.9354 (Best: 0.9406) | MiF1: 0.9401 (Best: 0.9443)
2024-04-18 01:54:04,821 - root - INFO - Epoch: 78 | LR: 0.0000 | Loss 0.5112 | Val MaF1: 0.9322 (Best: 0.9346) | Test MaF1: 0.9354 (Best: 0.9406) | MiF1: 0.9401 (Best: 0.9443)
2024-04-18 01:54:22,347 - root - INFO - Epoch: 79 | LR: 0.0000 | Loss 0.5126 | Val MaF1: 0.9322 (Best: 0.9346) | Test MaF1: 0.9354 (Best: 0.9406) | MiF1: 0.9401 (Best: 0.9443)
2024-04-18 01:54:39,651 - root - INFO - Epoch: 80 | LR: 0.0000 | Loss 0.5100 | Val MaF1: 0.9322 (Best: 0.9346) | Test MaF1: 0.9354 (Best: 0.9406) | MiF1: 0.9401 (Best: 0.9443)
2024-04-18 01:54:39,651 - root - INFO - Best Epoch: 36 | Train MiF1: 0.9914,  MaF1: 0.9904 | Val MiF1: 0.9407, MaF1: 0.9346 | Test MaF1: 0.9406, MiF1: 0.9443
2024-04-18 01:54:44,697 - root - INFO - ARI: 0.8590 | NMI: 0.7998
