2024-04-18 14:22:34,929 - root - INFO - {'prefix': 'SR-HGN', 'gpu': 0, 'feat': 1, 'seed': 0, 'verbose': 1, 'train_split': 0.2, 'val_split': 0.3, 'num_type_heads': 4, 'num_node_heads': 4, 'hidden_dim': 256, 'clip': 1.0, 'num_layers': 3, 'alpha': 0.5, 'epochs': 70, 'dataset': 'imdb', 'input_dim': 256, 'aggregate': 'concat', 'iscuda': True, 'cluster': True, 'max_lr': 0.001, 'weight_decay': 1e-05, 'heads': 8, 'han_heads': [4], 'hh_heads': 3, 'dropout': 0.2}
2024-04-18 14:22:36,444 - root - INFO - Training SR-HGN with #param: 52836051
2024-04-18 14:22:39,284 - root - INFO - ARI: -0.0008 | NMI: 0.0135
2024-04-18 14:22:39,284 - root - INFO - Epoch: 1 | LR: 0.0000 | Loss 1.0991 | Val MaF1: 0.1784 (Best: 0.1784) | Test MaF1: 0.1839 (Best: 0.1839) | MiF1: 0.3660 (Best: 0.3660)
2024-04-18 14:22:40,229 - root - INFO - Epoch: 2 | LR: 0.0001 | Loss 1.0958 | Val MaF1: 0.1784 (Best: 0.1784) | Test MaF1: 0.1781 (Best: 0.1839) | MiF1: 0.3636 (Best: 0.3660)
2024-04-18 14:22:42,195 - root - INFO - ARI: -0.0017 | NMI: 0.0138
2024-04-18 14:22:42,195 - root - INFO - Epoch: 3 | LR: 0.0001 | Loss 1.0924 | Val MaF1: 0.1873 (Best: 0.1873) | Test MaF1: 0.1860 (Best: 0.1860) | MiF1: 0.3660 (Best: 0.3660)
2024-04-18 14:22:44,114 - root - INFO - ARI: -0.0007 | NMI: 0.0159
2024-04-18 14:22:44,114 - root - INFO - Epoch: 4 | LR: 0.0001 | Loss 1.0876 | Val MaF1: 0.2627 (Best: 0.2627) | Test MaF1: 0.2668 (Best: 0.2668) | MiF1: 0.4103 (Best: 0.4103)
2024-04-18 14:22:46,040 - root - INFO - ARI: 0.0028 | NMI: 0.0219
2024-04-18 14:22:46,040 - root - INFO - Epoch: 5 | LR: 0.0002 | Loss 1.0816 | Val MaF1: 0.3942 (Best: 0.3942) | Test MaF1: 0.3983 (Best: 0.3983) | MiF1: 0.5175 (Best: 0.5175)
2024-04-18 14:22:47,009 - root - INFO - Epoch: 6 | LR: 0.0002 | Loss 1.0742 | Val MaF1: 0.4095 (Best: 0.3942) | Test MaF1: 0.3772 (Best: 0.3983) | MiF1: 0.4942 (Best: 0.5175)
2024-04-18 14:22:47,869 - root - INFO - Epoch: 7 | LR: 0.0003 | Loss 1.0660 | Val MaF1: 0.3838 (Best: 0.3942) | Test MaF1: 0.3529 (Best: 0.3983) | MiF1: 0.4779 (Best: 0.5175)
2024-04-18 14:22:48,751 - root - INFO - Epoch: 8 | LR: 0.0004 | Loss 1.0570 | Val MaF1: 0.3630 (Best: 0.3942) | Test MaF1: 0.3283 (Best: 0.3983) | MiF1: 0.4569 (Best: 0.5175)
2024-04-18 14:22:49,630 - root - INFO - Epoch: 9 | LR: 0.0004 | Loss 1.0454 | Val MaF1: 0.3643 (Best: 0.3942) | Test MaF1: 0.3375 (Best: 0.3983) | MiF1: 0.4639 (Best: 0.5175)
2024-04-18 14:22:50,500 - root - INFO - Epoch: 10 | LR: 0.0005 | Loss 1.0310 | Val MaF1: 0.3925 (Best: 0.3942) | Test MaF1: 0.3561 (Best: 0.3983) | MiF1: 0.4825 (Best: 0.5175)
2024-04-18 14:22:51,373 - root - INFO - Epoch: 11 | LR: 0.0006 | Loss 1.0091 | Val MaF1: 0.4537 (Best: 0.3942) | Test MaF1: 0.3973 (Best: 0.3983) | MiF1: 0.5035 (Best: 0.5175)
2024-04-18 14:22:53,218 - root - INFO - ARI: 0.4311 | NMI: 0.3785
2024-04-18 14:22:53,219 - root - INFO - Epoch: 12 | LR: 0.0007 | Loss 0.9746 | Val MaF1: 0.5519 (Best: 0.5519) | Test MaF1: 0.5095 (Best: 0.5095) | MiF1: 0.5594 (Best: 0.5594)
2024-04-18 14:22:55,155 - root - INFO - ARI: 0.4440 | NMI: 0.3906
2024-04-18 14:22:55,155 - root - INFO - Epoch: 13 | LR: 0.0007 | Loss 0.9254 | Val MaF1: 0.6649 (Best: 0.6649) | Test MaF1: 0.6348 (Best: 0.6348) | MiF1: 0.6387 (Best: 0.6387)
2024-04-18 14:22:57,037 - root - INFO - ARI: 0.4625 | NMI: 0.4080
2024-04-18 14:22:57,037 - root - INFO - Epoch: 14 | LR: 0.0008 | Loss 0.8696 | Val MaF1: 0.6735 (Best: 0.6735) | Test MaF1: 0.6488 (Best: 0.6488) | MiF1: 0.6480 (Best: 0.6480)
2024-04-18 14:22:58,927 - root - INFO - ARI: 0.4821 | NMI: 0.4232
2024-04-18 14:22:58,927 - root - INFO - Epoch: 15 | LR: 0.0009 | Loss 0.8147 | Val MaF1: 0.6840 (Best: 0.6840) | Test MaF1: 0.6602 (Best: 0.6602) | MiF1: 0.6597 (Best: 0.6597)
2024-04-18 14:22:59,848 - root - INFO - Epoch: 16 | LR: 0.0009 | Loss 0.7519 | Val MaF1: 0.6945 (Best: 0.6840) | Test MaF1: 0.6584 (Best: 0.6602) | MiF1: 0.6620 (Best: 0.6597)
2024-04-18 14:23:01,781 - root - INFO - ARI: 0.5476 | NMI: 0.4753
2024-04-18 14:23:01,782 - root - INFO - Epoch: 17 | LR: 0.0009 | Loss 0.6933 | Val MaF1: 0.6854 (Best: 0.6854) | Test MaF1: 0.6652 (Best: 0.6652) | MiF1: 0.6690 (Best: 0.6690)
2024-04-18 14:23:02,682 - root - INFO - Epoch: 18 | LR: 0.0010 | Loss 0.6482 | Val MaF1: 0.6983 (Best: 0.6854) | Test MaF1: 0.6606 (Best: 0.6652) | MiF1: 0.6643 (Best: 0.6690)
2024-04-18 14:23:03,553 - root - INFO - Epoch: 19 | LR: 0.0010 | Loss 0.6077 | Val MaF1: 0.7231 (Best: 0.6854) | Test MaF1: 0.6582 (Best: 0.6652) | MiF1: 0.6597 (Best: 0.6690)
2024-04-18 14:23:05,408 - root - INFO - ARI: 0.6310 | NMI: 0.5527
2024-04-18 14:23:05,408 - root - INFO - Epoch: 20 | LR: 0.0010 | Loss 0.5725 | Val MaF1: 0.7057 (Best: 0.7057) | Test MaF1: 0.6741 (Best: 0.6741) | MiF1: 0.6737 (Best: 0.6737)
2024-04-18 14:23:07,345 - root - INFO - ARI: 0.6546 | NMI: 0.5744
2024-04-18 14:23:07,345 - root - INFO - Epoch: 21 | LR: 0.0010 | Loss 0.5457 | Val MaF1: 0.7152 (Best: 0.7152) | Test MaF1: 0.6810 (Best: 0.6810) | MiF1: 0.6807 (Best: 0.6807)
2024-04-18 14:23:08,257 - root - INFO - Epoch: 22 | LR: 0.0010 | Loss 0.5203 | Val MaF1: 0.7047 (Best: 0.7152) | Test MaF1: 0.6729 (Best: 0.6810) | MiF1: 0.6737 (Best: 0.6807)
2024-04-18 14:23:09,138 - root - INFO - Epoch: 23 | LR: 0.0010 | Loss 0.4985 | Val MaF1: 0.7063 (Best: 0.7152) | Test MaF1: 0.6582 (Best: 0.6810) | MiF1: 0.6597 (Best: 0.6807)
2024-04-18 14:23:10,015 - root - INFO - Epoch: 24 | LR: 0.0010 | Loss 0.4801 | Val MaF1: 0.7101 (Best: 0.7152) | Test MaF1: 0.6655 (Best: 0.6810) | MiF1: 0.6667 (Best: 0.6807)
2024-04-18 14:23:10,886 - root - INFO - Epoch: 25 | LR: 0.0010 | Loss 0.4646 | Val MaF1: 0.7092 (Best: 0.7152) | Test MaF1: 0.6544 (Best: 0.6810) | MiF1: 0.6550 (Best: 0.6807)
2024-04-18 14:23:11,762 - root - INFO - Epoch: 26 | LR: 0.0010 | Loss 0.4506 | Val MaF1: 0.7001 (Best: 0.7152) | Test MaF1: 0.6604 (Best: 0.6810) | MiF1: 0.6597 (Best: 0.6807)
2024-04-18 14:23:12,628 - root - INFO - Epoch: 27 | LR: 0.0010 | Loss 0.4401 | Val MaF1: 0.7092 (Best: 0.7152) | Test MaF1: 0.6487 (Best: 0.6810) | MiF1: 0.6480 (Best: 0.6807)
2024-04-18 14:23:13,496 - root - INFO - Epoch: 28 | LR: 0.0009 | Loss 0.4311 | Val MaF1: 0.7043 (Best: 0.7152) | Test MaF1: 0.6467 (Best: 0.6810) | MiF1: 0.6457 (Best: 0.6807)
2024-04-18 14:23:14,408 - root - INFO - Epoch: 29 | LR: 0.0009 | Loss 0.4221 | Val MaF1: 0.6909 (Best: 0.7152) | Test MaF1: 0.6407 (Best: 0.6810) | MiF1: 0.6387 (Best: 0.6807)
2024-04-18 14:23:15,282 - root - INFO - Epoch: 30 | LR: 0.0009 | Loss 0.4146 | Val MaF1: 0.6813 (Best: 0.7152) | Test MaF1: 0.6464 (Best: 0.6810) | MiF1: 0.6434 (Best: 0.6807)
2024-04-18 14:23:16,144 - root - INFO - Epoch: 31 | LR: 0.0009 | Loss 0.4085 | Val MaF1: 0.6796 (Best: 0.7152) | Test MaF1: 0.6508 (Best: 0.6810) | MiF1: 0.6480 (Best: 0.6807)
2024-04-18 14:23:17,017 - root - INFO - Epoch: 32 | LR: 0.0009 | Loss 0.4025 | Val MaF1: 0.6832 (Best: 0.7152) | Test MaF1: 0.6552 (Best: 0.6810) | MiF1: 0.6527 (Best: 0.6807)
2024-04-18 14:23:17,889 - root - INFO - Epoch: 33 | LR: 0.0008 | Loss 0.3992 | Val MaF1: 0.6855 (Best: 0.7152) | Test MaF1: 0.6480 (Best: 0.6810) | MiF1: 0.6457 (Best: 0.6807)
2024-04-18 14:23:18,749 - root - INFO - Epoch: 34 | LR: 0.0008 | Loss 0.3947 | Val MaF1: 0.6855 (Best: 0.7152) | Test MaF1: 0.6436 (Best: 0.6810) | MiF1: 0.6410 (Best: 0.6807)
2024-04-18 14:23:19,609 - root - INFO - Epoch: 35 | LR: 0.0008 | Loss 0.3909 | Val MaF1: 0.6706 (Best: 0.7152) | Test MaF1: 0.6413 (Best: 0.6810) | MiF1: 0.6387 (Best: 0.6807)
2024-04-18 14:23:20,471 - root - INFO - Epoch: 36 | LR: 0.0008 | Loss 0.3875 | Val MaF1: 0.6699 (Best: 0.7152) | Test MaF1: 0.6459 (Best: 0.6810) | MiF1: 0.6434 (Best: 0.6807)
2024-04-18 14:23:21,340 - root - INFO - Epoch: 37 | LR: 0.0007 | Loss 0.3857 | Val MaF1: 0.6677 (Best: 0.7152) | Test MaF1: 0.6461 (Best: 0.6810) | MiF1: 0.6434 (Best: 0.6807)
2024-04-18 14:23:22,221 - root - INFO - Epoch: 38 | LR: 0.0007 | Loss 0.3825 | Val MaF1: 0.6632 (Best: 0.7152) | Test MaF1: 0.6409 (Best: 0.6810) | MiF1: 0.6364 (Best: 0.6807)
2024-04-18 14:23:23,138 - root - INFO - Epoch: 39 | LR: 0.0007 | Loss 0.3803 | Val MaF1: 0.6620 (Best: 0.7152) | Test MaF1: 0.6388 (Best: 0.6810) | MiF1: 0.6340 (Best: 0.6807)
2024-04-18 14:23:24,003 - root - INFO - Epoch: 40 | LR: 0.0006 | Loss 0.3785 | Val MaF1: 0.6601 (Best: 0.7152) | Test MaF1: 0.6393 (Best: 0.6810) | MiF1: 0.6340 (Best: 0.6807)
2024-04-18 14:23:24,868 - root - INFO - Epoch: 41 | LR: 0.0006 | Loss 0.3774 | Val MaF1: 0.6573 (Best: 0.7152) | Test MaF1: 0.6293 (Best: 0.6810) | MiF1: 0.6247 (Best: 0.6807)
2024-04-18 14:23:25,741 - root - INFO - Epoch: 42 | LR: 0.0006 | Loss 0.3749 | Val MaF1: 0.6560 (Best: 0.7152) | Test MaF1: 0.6266 (Best: 0.6810) | MiF1: 0.6224 (Best: 0.6807)
2024-04-18 14:23:26,605 - root - INFO - Epoch: 43 | LR: 0.0005 | Loss 0.3745 | Val MaF1: 0.6540 (Best: 0.7152) | Test MaF1: 0.6269 (Best: 0.6810) | MiF1: 0.6224 (Best: 0.6807)
2024-04-18 14:23:27,470 - root - INFO - Epoch: 44 | LR: 0.0005 | Loss 0.3734 | Val MaF1: 0.6540 (Best: 0.7152) | Test MaF1: 0.6241 (Best: 0.6810) | MiF1: 0.6200 (Best: 0.6807)
2024-04-18 14:23:28,346 - root - INFO - Epoch: 45 | LR: 0.0005 | Loss 0.3720 | Val MaF1: 0.6563 (Best: 0.7152) | Test MaF1: 0.6241 (Best: 0.6810) | MiF1: 0.6200 (Best: 0.6807)
2024-04-18 14:23:29,210 - root - INFO - Epoch: 46 | LR: 0.0005 | Loss 0.3714 | Val MaF1: 0.6563 (Best: 0.7152) | Test MaF1: 0.6246 (Best: 0.6810) | MiF1: 0.6200 (Best: 0.6807)
2024-04-18 14:23:30,076 - root - INFO - Epoch: 47 | LR: 0.0004 | Loss 0.3705 | Val MaF1: 0.6564 (Best: 0.7152) | Test MaF1: 0.6225 (Best: 0.6810) | MiF1: 0.6177 (Best: 0.6807)
2024-04-18 14:23:30,993 - root - INFO - Epoch: 48 | LR: 0.0004 | Loss 0.3696 | Val MaF1: 0.6564 (Best: 0.7152) | Test MaF1: 0.6191 (Best: 0.6810) | MiF1: 0.6154 (Best: 0.6807)
2024-04-18 14:23:31,858 - root - INFO - Epoch: 49 | LR: 0.0004 | Loss 0.3693 | Val MaF1: 0.6541 (Best: 0.7152) | Test MaF1: 0.6196 (Best: 0.6810) | MiF1: 0.6154 (Best: 0.6807)
2024-04-18 14:23:32,725 - root - INFO - Epoch: 50 | LR: 0.0003 | Loss 0.3686 | Val MaF1: 0.6541 (Best: 0.7152) | Test MaF1: 0.6193 (Best: 0.6810) | MiF1: 0.6154 (Best: 0.6807)
2024-04-18 14:23:33,594 - root - INFO - Epoch: 51 | LR: 0.0003 | Loss 0.3680 | Val MaF1: 0.6568 (Best: 0.7152) | Test MaF1: 0.6163 (Best: 0.6810) | MiF1: 0.6131 (Best: 0.6807)
2024-04-18 14:23:34,465 - root - INFO - Epoch: 52 | LR: 0.0003 | Loss 0.3673 | Val MaF1: 0.6541 (Best: 0.7152) | Test MaF1: 0.6163 (Best: 0.6810) | MiF1: 0.6131 (Best: 0.6807)
2024-04-18 14:23:35,327 - root - INFO - Epoch: 53 | LR: 0.0002 | Loss 0.3669 | Val MaF1: 0.6541 (Best: 0.7152) | Test MaF1: 0.6163 (Best: 0.6810) | MiF1: 0.6131 (Best: 0.6807)
2024-04-18 14:23:36,191 - root - INFO - Epoch: 54 | LR: 0.0002 | Loss 0.3665 | Val MaF1: 0.6543 (Best: 0.7152) | Test MaF1: 0.6187 (Best: 0.6810) | MiF1: 0.6154 (Best: 0.6807)
2024-04-18 14:23:37,048 - root - INFO - Epoch: 55 | LR: 0.0002 | Loss 0.3665 | Val MaF1: 0.6522 (Best: 0.7152) | Test MaF1: 0.6193 (Best: 0.6810) | MiF1: 0.6154 (Best: 0.6807)
2024-04-18 14:23:37,919 - root - INFO - Epoch: 56 | LR: 0.0002 | Loss 0.3665 | Val MaF1: 0.6522 (Best: 0.7152) | Test MaF1: 0.6166 (Best: 0.6810) | MiF1: 0.6131 (Best: 0.6807)
2024-04-18 14:23:38,779 - root - INFO - Epoch: 57 | LR: 0.0001 | Loss 0.3656 | Val MaF1: 0.6522 (Best: 0.7152) | Test MaF1: 0.6166 (Best: 0.6810) | MiF1: 0.6131 (Best: 0.6807)
2024-04-18 14:23:39,650 - root - INFO - Epoch: 58 | LR: 0.0001 | Loss 0.3659 | Val MaF1: 0.6522 (Best: 0.7152) | Test MaF1: 0.6245 (Best: 0.6810) | MiF1: 0.6200 (Best: 0.6807)
2024-04-18 14:23:40,565 - root - INFO - Epoch: 59 | LR: 0.0001 | Loss 0.3655 | Val MaF1: 0.6522 (Best: 0.7152) | Test MaF1: 0.6245 (Best: 0.6810) | MiF1: 0.6200 (Best: 0.6807)
2024-04-18 14:23:41,428 - root - INFO - Epoch: 60 | LR: 0.0001 | Loss 0.3654 | Val MaF1: 0.6522 (Best: 0.7152) | Test MaF1: 0.6245 (Best: 0.6810) | MiF1: 0.6200 (Best: 0.6807)
2024-04-18 14:23:42,313 - root - INFO - Epoch: 61 | LR: 0.0001 | Loss 0.3656 | Val MaF1: 0.6522 (Best: 0.7152) | Test MaF1: 0.6219 (Best: 0.6810) | MiF1: 0.6177 (Best: 0.6807)
2024-04-18 14:23:43,174 - root - INFO - Epoch: 62 | LR: 0.0000 | Loss 0.3650 | Val MaF1: 0.6522 (Best: 0.7152) | Test MaF1: 0.6219 (Best: 0.6810) | MiF1: 0.6177 (Best: 0.6807)
2024-04-18 14:23:44,053 - root - INFO - Epoch: 63 | LR: 0.0000 | Loss 0.3652 | Val MaF1: 0.6522 (Best: 0.7152) | Test MaF1: 0.6219 (Best: 0.6810) | MiF1: 0.6177 (Best: 0.6807)
2024-04-18 14:23:44,938 - root - INFO - Epoch: 64 | LR: 0.0000 | Loss 0.3647 | Val MaF1: 0.6522 (Best: 0.7152) | Test MaF1: 0.6219 (Best: 0.6810) | MiF1: 0.6177 (Best: 0.6807)
2024-04-18 14:23:45,816 - root - INFO - Epoch: 65 | LR: 0.0000 | Loss 0.3656 | Val MaF1: 0.6522 (Best: 0.7152) | Test MaF1: 0.6219 (Best: 0.6810) | MiF1: 0.6177 (Best: 0.6807)
2024-04-18 14:23:46,688 - root - INFO - Epoch: 66 | LR: 0.0000 | Loss 0.3652 | Val MaF1: 0.6522 (Best: 0.7152) | Test MaF1: 0.6192 (Best: 0.6810) | MiF1: 0.6154 (Best: 0.6807)
2024-04-18 14:23:47,562 - root - INFO - Epoch: 67 | LR: 0.0000 | Loss 0.3646 | Val MaF1: 0.6522 (Best: 0.7152) | Test MaF1: 0.6192 (Best: 0.6810) | MiF1: 0.6154 (Best: 0.6807)
2024-04-18 14:23:48,444 - root - INFO - Epoch: 68 | LR: 0.0000 | Loss 0.3647 | Val MaF1: 0.6522 (Best: 0.7152) | Test MaF1: 0.6192 (Best: 0.6810) | MiF1: 0.6154 (Best: 0.6807)
2024-04-18 14:23:49,363 - root - INFO - Epoch: 69 | LR: 0.0000 | Loss 0.3650 | Val MaF1: 0.6522 (Best: 0.7152) | Test MaF1: 0.6192 (Best: 0.6810) | MiF1: 0.6154 (Best: 0.6807)
2024-04-18 14:23:50,231 - root - INFO - Epoch: 70 | LR: 0.0000 | Loss 0.3646 | Val MaF1: 0.6522 (Best: 0.7152) | Test MaF1: 0.6192 (Best: 0.6810) | MiF1: 0.6154 (Best: 0.6807)
2024-04-18 14:23:50,231 - root - INFO - Best Epoch: 21 | Train MiF1: 0.9120,  MaF1: 0.9113 | Val MiF1: 0.7190, MaF1: 0.7152 | Test MaF1: 0.6810, MiF1: 0.6807
2024-04-18 14:23:50,921 - root - INFO - ARI: 0.6546 | NMI: 0.5744
