2024-04-19 01:25:18,726 - root - INFO - {'prefix': 'SR-HGN', 'gpu': 0, 'feat': 1, 'seed': 0, 'verbose': 1, 'train_split': 0.2, 'val_split': 0.3, 'num_type_heads': 4, 'num_node_heads': 4, 'hidden_dim': 32, 'clip': 1.0, 'num_layers': 3, 'alpha': 0.5, 'epochs': 100, 'dataset': 'acm', 'input_dim': 256, 'aggregate': 'concat', 'iscuda': True, 'cluster': True, 'max_lr': 0.001, 'weight_decay': 1e-05, 'heads': 8, 'han_heads': [4], 'hh_heads': 3, 'dropout': 0.2}
2024-04-19 01:25:21,449 - root - INFO - Training SR-HGN with #param: 2561299
2024-04-19 01:25:24,218 - root - INFO - ARI: 0.0079 | NMI: 0.0074
2024-04-19 01:25:24,218 - root - INFO - Epoch: 1 | LR: 0.0000 | Loss 1.0961 | Val MaF1: 0.3505 (Best: 0.3505) | Test MaF1: 0.3553 (Best: 0.3553) | MiF1: 0.4315 (Best: 0.4315)
2024-04-19 01:25:25,083 - root - INFO - Epoch: 2 | LR: 0.0001 | Loss 1.0958 | Val MaF1: 0.3071 (Best: 0.3505) | Test MaF1: 0.3451 (Best: 0.3553) | MiF1: 0.4691 (Best: 0.4315)
2024-04-19 01:25:25,954 - root - INFO - Epoch: 3 | LR: 0.0001 | Loss 1.0872 | Val MaF1: 0.2772 (Best: 0.3505) | Test MaF1: 0.3163 (Best: 0.3553) | MiF1: 0.4925 (Best: 0.4315)
2024-04-19 01:25:26,765 - root - INFO - Epoch: 4 | LR: 0.0001 | Loss 1.0835 | Val MaF1: 0.2630 (Best: 0.3505) | Test MaF1: 0.2686 (Best: 0.3553) | MiF1: 0.5025 (Best: 0.4315)
2024-04-19 01:25:27,577 - root - INFO - Epoch: 5 | LR: 0.0001 | Loss 1.0785 | Val MaF1: 0.2328 (Best: 0.3505) | Test MaF1: 0.2362 (Best: 0.3553) | MiF1: 0.5011 (Best: 0.4315)
2024-04-19 01:25:28,392 - root - INFO - Epoch: 6 | LR: 0.0001 | Loss 1.0663 | Val MaF1: 0.2270 (Best: 0.3505) | Test MaF1: 0.2229 (Best: 0.3553) | MiF1: 0.4964 (Best: 0.4315)
2024-04-19 01:25:29,206 - root - INFO - Epoch: 7 | LR: 0.0002 | Loss 1.0474 | Val MaF1: 0.2204 (Best: 0.3505) | Test MaF1: 0.2210 (Best: 0.3553) | MiF1: 0.4957 (Best: 0.4315)
2024-04-19 01:25:30,046 - root - INFO - Epoch: 8 | LR: 0.0002 | Loss 1.0389 | Val MaF1: 0.2204 (Best: 0.3505) | Test MaF1: 0.2210 (Best: 0.3553) | MiF1: 0.4957 (Best: 0.4315)
2024-04-19 01:25:30,924 - root - INFO - Epoch: 9 | LR: 0.0003 | Loss 1.0268 | Val MaF1: 0.2204 (Best: 0.3505) | Test MaF1: 0.2210 (Best: 0.3553) | MiF1: 0.4957 (Best: 0.4315)
2024-04-19 01:25:31,743 - root - INFO - Epoch: 10 | LR: 0.0003 | Loss 1.0103 | Val MaF1: 0.2204 (Best: 0.3505) | Test MaF1: 0.2210 (Best: 0.3553) | MiF1: 0.4957 (Best: 0.4315)
2024-04-19 01:25:32,601 - root - INFO - Epoch: 11 | LR: 0.0003 | Loss 0.9993 | Val MaF1: 0.2204 (Best: 0.3505) | Test MaF1: 0.2210 (Best: 0.3553) | MiF1: 0.4957 (Best: 0.4315)
2024-04-19 01:25:33,438 - root - INFO - Epoch: 12 | LR: 0.0004 | Loss 0.9876 | Val MaF1: 0.2204 (Best: 0.3505) | Test MaF1: 0.2210 (Best: 0.3553) | MiF1: 0.4957 (Best: 0.4315)
2024-04-19 01:25:34,270 - root - INFO - Epoch: 13 | LR: 0.0004 | Loss 0.9702 | Val MaF1: 0.2204 (Best: 0.3505) | Test MaF1: 0.2210 (Best: 0.3553) | MiF1: 0.4957 (Best: 0.4315)
2024-04-19 01:25:35,109 - root - INFO - Epoch: 14 | LR: 0.0005 | Loss 0.9549 | Val MaF1: 0.2204 (Best: 0.3505) | Test MaF1: 0.2210 (Best: 0.3553) | MiF1: 0.4957 (Best: 0.4315)
2024-04-19 01:25:35,914 - root - INFO - Epoch: 15 | LR: 0.0005 | Loss 0.9361 | Val MaF1: 0.2204 (Best: 0.3505) | Test MaF1: 0.2210 (Best: 0.3553) | MiF1: 0.4957 (Best: 0.4315)
2024-04-19 01:25:36,724 - root - INFO - Epoch: 16 | LR: 0.0006 | Loss 0.9114 | Val MaF1: 0.2204 (Best: 0.3505) | Test MaF1: 0.2230 (Best: 0.3553) | MiF1: 0.4964 (Best: 0.4315)
2024-04-19 01:25:37,531 - root - INFO - Epoch: 17 | LR: 0.0006 | Loss 0.8825 | Val MaF1: 0.2412 (Best: 0.3505) | Test MaF1: 0.2449 (Best: 0.3553) | MiF1: 0.5043 (Best: 0.4315)
2024-04-19 01:25:38,984 - root - INFO - ARI: 0.7010 | NMI: 0.6697
2024-04-19 01:25:38,984 - root - INFO - Epoch: 18 | LR: 0.0007 | Loss 0.8451 | Val MaF1: 0.4533 (Best: 0.4533) | Test MaF1: 0.4464 (Best: 0.4464) | MiF1: 0.5909 (Best: 0.5909)
2024-04-19 01:25:40,486 - root - INFO - ARI: 0.6945 | NMI: 0.6703
2024-04-19 01:25:40,487 - root - INFO - Epoch: 19 | LR: 0.0007 | Loss 0.8126 | Val MaF1: 0.7427 (Best: 0.7427) | Test MaF1: 0.7445 (Best: 0.7445) | MiF1: 0.7724 (Best: 0.7724)
2024-04-19 01:25:41,965 - root - INFO - ARI: 0.7003 | NMI: 0.6785
2024-04-19 01:25:41,965 - root - INFO - Epoch: 20 | LR: 0.0008 | Loss 0.7837 | Val MaF1: 0.8709 (Best: 0.8709) | Test MaF1: 0.8827 (Best: 0.8827) | MiF1: 0.8864 (Best: 0.8864)
2024-04-19 01:25:43,413 - root - INFO - ARI: 0.7172 | NMI: 0.6941
2024-04-19 01:25:43,413 - root - INFO - Epoch: 21 | LR: 0.0008 | Loss 0.7473 | Val MaF1: 0.9196 (Best: 0.9196) | Test MaF1: 0.9171 (Best: 0.9171) | MiF1: 0.9180 (Best: 0.9180)
2024-04-19 01:25:44,880 - root - INFO - ARI: 0.7460 | NMI: 0.7114
2024-04-19 01:25:44,881 - root - INFO - Epoch: 22 | LR: 0.0009 | Loss 0.7134 | Val MaF1: 0.9352 (Best: 0.9352) | Test MaF1: 0.9226 (Best: 0.9226) | MiF1: 0.9229 (Best: 0.9229)
2024-04-19 01:25:46,371 - root - INFO - ARI: 0.7736 | NMI: 0.7275
2024-04-19 01:25:46,371 - root - INFO - Epoch: 23 | LR: 0.0009 | Loss 0.6790 | Val MaF1: 0.9297 (Best: 0.9297) | Test MaF1: 0.9250 (Best: 0.9250) | MiF1: 0.9258 (Best: 0.9258)
2024-04-19 01:25:47,234 - root - INFO - Epoch: 24 | LR: 0.0009 | Loss 0.6447 | Val MaF1: 0.9112 (Best: 0.9297) | Test MaF1: 0.9203 (Best: 0.9250) | MiF1: 0.9219 (Best: 0.9258)
2024-04-19 01:25:48,078 - root - INFO - Epoch: 25 | LR: 0.0010 | Loss 0.6071 | Val MaF1: 0.9032 (Best: 0.9297) | Test MaF1: 0.9174 (Best: 0.9250) | MiF1: 0.9190 (Best: 0.9258)
2024-04-19 01:25:48,886 - root - INFO - Epoch: 26 | LR: 0.0010 | Loss 0.5785 | Val MaF1: 0.9172 (Best: 0.9297) | Test MaF1: 0.9220 (Best: 0.9250) | MiF1: 0.9229 (Best: 0.9258)
2024-04-19 01:25:50,320 - root - INFO - ARI: 0.8140 | NMI: 0.7612
2024-04-19 01:25:50,320 - root - INFO - Epoch: 27 | LR: 0.0010 | Loss 0.5546 | Val MaF1: 0.9229 (Best: 0.9229) | Test MaF1: 0.9266 (Best: 0.9266) | MiF1: 0.9272 (Best: 0.9272)
2024-04-19 01:25:51,745 - root - INFO - ARI: 0.8187 | NMI: 0.7661
2024-04-19 01:25:51,745 - root - INFO - Epoch: 28 | LR: 0.0010 | Loss 0.5318 | Val MaF1: 0.9229 (Best: 0.9229) | Test MaF1: 0.9297 (Best: 0.9297) | MiF1: 0.9304 (Best: 0.9304)
2024-04-19 01:25:53,206 - root - INFO - ARI: 0.8230 | NMI: 0.7697
2024-04-19 01:25:53,208 - root - INFO - Epoch: 29 | LR: 0.0010 | Loss 0.5125 | Val MaF1: 0.9204 (Best: 0.9204) | Test MaF1: 0.9311 (Best: 0.9311) | MiF1: 0.9318 (Best: 0.9318)
2024-04-19 01:25:54,708 - root - INFO - ARI: 0.8240 | NMI: 0.7701
2024-04-19 01:25:54,709 - root - INFO - Epoch: 30 | LR: 0.0010 | Loss 0.4942 | Val MaF1: 0.9280 (Best: 0.9280) | Test MaF1: 0.9317 (Best: 0.9317) | MiF1: 0.9325 (Best: 0.9325)
2024-04-19 01:25:56,117 - root - INFO - ARI: 0.8242 | NMI: 0.7692
2024-04-19 01:25:56,118 - root - INFO - Epoch: 31 | LR: 0.0010 | Loss 0.4816 | Val MaF1: 0.9308 (Best: 0.9308) | Test MaF1: 0.9332 (Best: 0.9332) | MiF1: 0.9339 (Best: 0.9339)
2024-04-19 01:25:57,553 - root - INFO - ARI: 0.8263 | NMI: 0.7712
2024-04-19 01:25:57,553 - root - INFO - Epoch: 32 | LR: 0.0010 | Loss 0.4668 | Val MaF1: 0.9286 (Best: 0.9286) | Test MaF1: 0.9344 (Best: 0.9344) | MiF1: 0.9350 (Best: 0.9350)
2024-04-19 01:25:58,486 - root - INFO - Epoch: 33 | LR: 0.0010 | Loss 0.4568 | Val MaF1: 0.9254 (Best: 0.9286) | Test MaF1: 0.9333 (Best: 0.9344) | MiF1: 0.9339 (Best: 0.9350)
2024-04-19 01:25:59,851 - root - INFO - ARI: 0.8338 | NMI: 0.7792
2024-04-19 01:25:59,851 - root - INFO - Epoch: 34 | LR: 0.0010 | Loss 0.4476 | Val MaF1: 0.9303 (Best: 0.9303) | Test MaF1: 0.9355 (Best: 0.9355) | MiF1: 0.9361 (Best: 0.9361)
2024-04-19 01:26:00,707 - root - INFO - Epoch: 35 | LR: 0.0010 | Loss 0.4404 | Val MaF1: 0.9303 (Best: 0.9303) | Test MaF1: 0.9347 (Best: 0.9355) | MiF1: 0.9354 (Best: 0.9361)
2024-04-19 01:26:01,510 - root - INFO - Epoch: 36 | LR: 0.0010 | Loss 0.4334 | Val MaF1: 0.9301 (Best: 0.9303) | Test MaF1: 0.9336 (Best: 0.9355) | MiF1: 0.9347 (Best: 0.9361)
2024-04-19 01:26:02,942 - root - INFO - ARI: 0.8390 | NMI: 0.7823
2024-04-19 01:26:02,942 - root - INFO - Epoch: 37 | LR: 0.0010 | Loss 0.4273 | Val MaF1: 0.9356 (Best: 0.9356) | Test MaF1: 0.9355 (Best: 0.9355) | MiF1: 0.9364 (Best: 0.9364)
2024-04-19 01:26:03,795 - root - INFO - Epoch: 38 | LR: 0.0010 | Loss 0.4218 | Val MaF1: 0.9356 (Best: 0.9356) | Test MaF1: 0.9354 (Best: 0.9355) | MiF1: 0.9364 (Best: 0.9364)
2024-04-19 01:26:04,622 - root - INFO - Epoch: 39 | LR: 0.0010 | Loss 0.4169 | Val MaF1: 0.9299 (Best: 0.9356) | Test MaF1: 0.9354 (Best: 0.9355) | MiF1: 0.9364 (Best: 0.9364)
2024-04-19 01:26:05,464 - root - INFO - Epoch: 40 | LR: 0.0009 | Loss 0.4111 | Val MaF1: 0.9299 (Best: 0.9356) | Test MaF1: 0.9352 (Best: 0.9355) | MiF1: 0.9361 (Best: 0.9364)
2024-04-19 01:26:06,284 - root - INFO - Epoch: 41 | LR: 0.0009 | Loss 0.4074 | Val MaF1: 0.9324 (Best: 0.9356) | Test MaF1: 0.9333 (Best: 0.9355) | MiF1: 0.9343 (Best: 0.9364)
2024-04-19 01:26:07,094 - root - INFO - Epoch: 42 | LR: 0.0009 | Loss 0.4045 | Val MaF1: 0.9324 (Best: 0.9356) | Test MaF1: 0.9331 (Best: 0.9355) | MiF1: 0.9339 (Best: 0.9364)
2024-04-19 01:26:07,903 - root - INFO - Epoch: 43 | LR: 0.0009 | Loss 0.4001 | Val MaF1: 0.9324 (Best: 0.9356) | Test MaF1: 0.9327 (Best: 0.9355) | MiF1: 0.9336 (Best: 0.9364)
2024-04-19 01:26:08,758 - root - INFO - Epoch: 44 | LR: 0.0009 | Loss 0.3980 | Val MaF1: 0.9299 (Best: 0.9356) | Test MaF1: 0.9325 (Best: 0.9355) | MiF1: 0.9336 (Best: 0.9364)
2024-04-19 01:26:09,560 - root - INFO - Epoch: 45 | LR: 0.0009 | Loss 0.3944 | Val MaF1: 0.9331 (Best: 0.9356) | Test MaF1: 0.9322 (Best: 0.9355) | MiF1: 0.9332 (Best: 0.9364)
2024-04-19 01:26:10,380 - root - INFO - Epoch: 46 | LR: 0.0009 | Loss 0.3925 | Val MaF1: 0.9331 (Best: 0.9356) | Test MaF1: 0.9317 (Best: 0.9355) | MiF1: 0.9329 (Best: 0.9364)
2024-04-19 01:26:11,192 - root - INFO - Epoch: 47 | LR: 0.0008 | Loss 0.3898 | Val MaF1: 0.9389 (Best: 0.9356) | Test MaF1: 0.9311 (Best: 0.9355) | MiF1: 0.9322 (Best: 0.9364)
2024-04-19 01:26:12,025 - root - INFO - Epoch: 48 | LR: 0.0008 | Loss 0.3872 | Val MaF1: 0.9387 (Best: 0.9356) | Test MaF1: 0.9314 (Best: 0.9355) | MiF1: 0.9325 (Best: 0.9364)
2024-04-19 01:26:12,839 - root - INFO - Epoch: 49 | LR: 0.0008 | Loss 0.3862 | Val MaF1: 0.9387 (Best: 0.9356) | Test MaF1: 0.9310 (Best: 0.9355) | MiF1: 0.9322 (Best: 0.9364)
2024-04-19 01:26:13,652 - root - INFO - Epoch: 50 | LR: 0.0008 | Loss 0.3842 | Val MaF1: 0.9387 (Best: 0.9356) | Test MaF1: 0.9310 (Best: 0.9355) | MiF1: 0.9322 (Best: 0.9364)
2024-04-19 01:26:14,521 - root - INFO - Epoch: 51 | LR: 0.0008 | Loss 0.3823 | Val MaF1: 0.9362 (Best: 0.9356) | Test MaF1: 0.9302 (Best: 0.9355) | MiF1: 0.9315 (Best: 0.9364)
2024-04-19 01:26:15,341 - root - INFO - Epoch: 52 | LR: 0.0008 | Loss 0.3807 | Val MaF1: 0.9362 (Best: 0.9356) | Test MaF1: 0.9295 (Best: 0.9355) | MiF1: 0.9308 (Best: 0.9364)
2024-04-19 01:26:16,158 - root - INFO - Epoch: 53 | LR: 0.0007 | Loss 0.3796 | Val MaF1: 0.9362 (Best: 0.9356) | Test MaF1: 0.9295 (Best: 0.9355) | MiF1: 0.9308 (Best: 0.9364)
2024-04-19 01:26:16,972 - root - INFO - Epoch: 54 | LR: 0.0007 | Loss 0.3784 | Val MaF1: 0.9362 (Best: 0.9356) | Test MaF1: 0.9295 (Best: 0.9355) | MiF1: 0.9308 (Best: 0.9364)
2024-04-19 01:26:17,783 - root - INFO - Epoch: 55 | LR: 0.0007 | Loss 0.3770 | Val MaF1: 0.9362 (Best: 0.9356) | Test MaF1: 0.9294 (Best: 0.9355) | MiF1: 0.9308 (Best: 0.9364)
2024-04-19 01:26:18,607 - root - INFO - Epoch: 56 | LR: 0.0007 | Loss 0.3763 | Val MaF1: 0.9362 (Best: 0.9356) | Test MaF1: 0.9294 (Best: 0.9355) | MiF1: 0.9308 (Best: 0.9364)
2024-04-19 01:26:19,445 - root - INFO - Epoch: 57 | LR: 0.0007 | Loss 0.3746 | Val MaF1: 0.9385 (Best: 0.9356) | Test MaF1: 0.9291 (Best: 0.9355) | MiF1: 0.9304 (Best: 0.9364)
2024-04-19 01:26:20,299 - root - INFO - Epoch: 58 | LR: 0.0006 | Loss 0.3741 | Val MaF1: 0.9385 (Best: 0.9356) | Test MaF1: 0.9295 (Best: 0.9355) | MiF1: 0.9308 (Best: 0.9364)
2024-04-19 01:26:21,103 - root - INFO - Epoch: 59 | LR: 0.0006 | Loss 0.3730 | Val MaF1: 0.9385 (Best: 0.9356) | Test MaF1: 0.9295 (Best: 0.9355) | MiF1: 0.9308 (Best: 0.9364)
2024-04-19 01:26:21,905 - root - INFO - Epoch: 60 | LR: 0.0006 | Loss 0.3724 | Val MaF1: 0.9385 (Best: 0.9356) | Test MaF1: 0.9301 (Best: 0.9355) | MiF1: 0.9311 (Best: 0.9364)
2024-04-19 01:26:22,739 - root - INFO - Epoch: 61 | LR: 0.0006 | Loss 0.3713 | Val MaF1: 0.9385 (Best: 0.9356) | Test MaF1: 0.9304 (Best: 0.9355) | MiF1: 0.9315 (Best: 0.9364)
2024-04-19 01:26:23,555 - root - INFO - Epoch: 62 | LR: 0.0005 | Loss 0.3710 | Val MaF1: 0.9385 (Best: 0.9356) | Test MaF1: 0.9304 (Best: 0.9355) | MiF1: 0.9315 (Best: 0.9364)
2024-04-19 01:26:24,363 - root - INFO - Epoch: 63 | LR: 0.0005 | Loss 0.3703 | Val MaF1: 0.9385 (Best: 0.9356) | Test MaF1: 0.9307 (Best: 0.9355) | MiF1: 0.9318 (Best: 0.9364)
2024-04-19 01:26:25,174 - root - INFO - Epoch: 64 | LR: 0.0005 | Loss 0.3696 | Val MaF1: 0.9385 (Best: 0.9356) | Test MaF1: 0.9315 (Best: 0.9355) | MiF1: 0.9325 (Best: 0.9364)
2024-04-19 01:26:26,034 - root - INFO - Epoch: 65 | LR: 0.0005 | Loss 0.3684 | Val MaF1: 0.9351 (Best: 0.9356) | Test MaF1: 0.9311 (Best: 0.9355) | MiF1: 0.9322 (Best: 0.9364)
2024-04-19 01:26:26,846 - root - INFO - Epoch: 66 | LR: 0.0005 | Loss 0.3687 | Val MaF1: 0.9351 (Best: 0.9356) | Test MaF1: 0.9314 (Best: 0.9355) | MiF1: 0.9325 (Best: 0.9364)
2024-04-19 01:26:27,655 - root - INFO - Epoch: 67 | LR: 0.0004 | Loss 0.3677 | Val MaF1: 0.9351 (Best: 0.9356) | Test MaF1: 0.9311 (Best: 0.9355) | MiF1: 0.9322 (Best: 0.9364)
2024-04-19 01:26:28,461 - root - INFO - Epoch: 68 | LR: 0.0004 | Loss 0.3665 | Val MaF1: 0.9351 (Best: 0.9356) | Test MaF1: 0.9311 (Best: 0.9355) | MiF1: 0.9322 (Best: 0.9364)
2024-04-19 01:26:29,269 - root - INFO - Epoch: 69 | LR: 0.0004 | Loss 0.3669 | Val MaF1: 0.9376 (Best: 0.9356) | Test MaF1: 0.9312 (Best: 0.9355) | MiF1: 0.9322 (Best: 0.9364)
2024-04-19 01:26:30,075 - root - INFO - Epoch: 70 | LR: 0.0004 | Loss 0.3663 | Val MaF1: 0.9376 (Best: 0.9356) | Test MaF1: 0.9313 (Best: 0.9355) | MiF1: 0.9322 (Best: 0.9364)
2024-04-19 01:26:30,901 - root - INFO - Epoch: 71 | LR: 0.0003 | Loss 0.3658 | Val MaF1: 0.9376 (Best: 0.9356) | Test MaF1: 0.9320 (Best: 0.9355) | MiF1: 0.9329 (Best: 0.9364)
2024-04-19 01:26:31,754 - root - INFO - Epoch: 72 | LR: 0.0003 | Loss 0.3657 | Val MaF1: 0.9353 (Best: 0.9356) | Test MaF1: 0.9324 (Best: 0.9355) | MiF1: 0.9332 (Best: 0.9364)
2024-04-19 01:26:32,557 - root - INFO - Epoch: 73 | LR: 0.0003 | Loss 0.3651 | Val MaF1: 0.9353 (Best: 0.9356) | Test MaF1: 0.9321 (Best: 0.9355) | MiF1: 0.9329 (Best: 0.9364)
2024-04-19 01:26:33,371 - root - INFO - Epoch: 74 | LR: 0.0003 | Loss 0.3654 | Val MaF1: 0.9353 (Best: 0.9356) | Test MaF1: 0.9314 (Best: 0.9355) | MiF1: 0.9322 (Best: 0.9364)
2024-04-19 01:26:34,187 - root - INFO - Epoch: 75 | LR: 0.0003 | Loss 0.3644 | Val MaF1: 0.9353 (Best: 0.9356) | Test MaF1: 0.9314 (Best: 0.9355) | MiF1: 0.9322 (Best: 0.9364)
2024-04-19 01:26:35,016 - root - INFO - Epoch: 76 | LR: 0.0002 | Loss 0.3648 | Val MaF1: 0.9353 (Best: 0.9356) | Test MaF1: 0.9317 (Best: 0.9355) | MiF1: 0.9325 (Best: 0.9364)
2024-04-19 01:26:35,855 - root - INFO - Epoch: 77 | LR: 0.0002 | Loss 0.3641 | Val MaF1: 0.9353 (Best: 0.9356) | Test MaF1: 0.9317 (Best: 0.9355) | MiF1: 0.9325 (Best: 0.9364)
2024-04-19 01:26:36,665 - root - INFO - Epoch: 78 | LR: 0.0002 | Loss 0.3636 | Val MaF1: 0.9353 (Best: 0.9356) | Test MaF1: 0.9317 (Best: 0.9355) | MiF1: 0.9325 (Best: 0.9364)
2024-04-19 01:26:37,514 - root - INFO - Epoch: 79 | LR: 0.0002 | Loss 0.3631 | Val MaF1: 0.9351 (Best: 0.9356) | Test MaF1: 0.9317 (Best: 0.9355) | MiF1: 0.9325 (Best: 0.9364)
2024-04-19 01:26:38,319 - root - INFO - Epoch: 80 | LR: 0.0002 | Loss 0.3637 | Val MaF1: 0.9351 (Best: 0.9356) | Test MaF1: 0.9317 (Best: 0.9355) | MiF1: 0.9325 (Best: 0.9364)
2024-04-19 01:26:39,165 - root - INFO - Epoch: 81 | LR: 0.0002 | Loss 0.3634 | Val MaF1: 0.9325 (Best: 0.9356) | Test MaF1: 0.9320 (Best: 0.9355) | MiF1: 0.9329 (Best: 0.9364)
2024-04-19 01:26:39,997 - root - INFO - Epoch: 82 | LR: 0.0001 | Loss 0.3638 | Val MaF1: 0.9325 (Best: 0.9356) | Test MaF1: 0.9323 (Best: 0.9355) | MiF1: 0.9332 (Best: 0.9364)
2024-04-19 01:26:40,821 - root - INFO - Epoch: 83 | LR: 0.0001 | Loss 0.3630 | Val MaF1: 0.9325 (Best: 0.9356) | Test MaF1: 0.9323 (Best: 0.9355) | MiF1: 0.9332 (Best: 0.9364)
2024-04-19 01:26:41,664 - root - INFO - Epoch: 84 | LR: 0.0001 | Loss 0.3632 | Val MaF1: 0.9325 (Best: 0.9356) | Test MaF1: 0.9326 (Best: 0.9355) | MiF1: 0.9336 (Best: 0.9364)
2024-04-19 01:26:42,476 - root - INFO - Epoch: 85 | LR: 0.0001 | Loss 0.3629 | Val MaF1: 0.9325 (Best: 0.9356) | Test MaF1: 0.9326 (Best: 0.9355) | MiF1: 0.9336 (Best: 0.9364)
2024-04-19 01:26:43,332 - root - INFO - Epoch: 86 | LR: 0.0001 | Loss 0.3629 | Val MaF1: 0.9325 (Best: 0.9356) | Test MaF1: 0.9326 (Best: 0.9355) | MiF1: 0.9336 (Best: 0.9364)
2024-04-19 01:26:44,159 - root - INFO - Epoch: 87 | LR: 0.0001 | Loss 0.3630 | Val MaF1: 0.9325 (Best: 0.9356) | Test MaF1: 0.9322 (Best: 0.9355) | MiF1: 0.9332 (Best: 0.9364)
2024-04-19 01:26:44,975 - root - INFO - Epoch: 88 | LR: 0.0001 | Loss 0.3625 | Val MaF1: 0.9325 (Best: 0.9356) | Test MaF1: 0.9322 (Best: 0.9355) | MiF1: 0.9332 (Best: 0.9364)
2024-04-19 01:26:45,782 - root - INFO - Epoch: 89 | LR: 0.0000 | Loss 0.3625 | Val MaF1: 0.9325 (Best: 0.9356) | Test MaF1: 0.9322 (Best: 0.9355) | MiF1: 0.9332 (Best: 0.9364)
2024-04-19 01:26:46,606 - root - INFO - Epoch: 90 | LR: 0.0000 | Loss 0.3626 | Val MaF1: 0.9325 (Best: 0.9356) | Test MaF1: 0.9319 (Best: 0.9355) | MiF1: 0.9329 (Best: 0.9364)
2024-04-19 01:26:47,440 - root - INFO - Epoch: 91 | LR: 0.0000 | Loss 0.3628 | Val MaF1: 0.9325 (Best: 0.9356) | Test MaF1: 0.9319 (Best: 0.9355) | MiF1: 0.9329 (Best: 0.9364)
2024-04-19 01:26:48,256 - root - INFO - Epoch: 92 | LR: 0.0000 | Loss 0.3623 | Val MaF1: 0.9325 (Best: 0.9356) | Test MaF1: 0.9322 (Best: 0.9355) | MiF1: 0.9332 (Best: 0.9364)
2024-04-19 01:26:49,112 - root - INFO - Epoch: 93 | LR: 0.0000 | Loss 0.3623 | Val MaF1: 0.9325 (Best: 0.9356) | Test MaF1: 0.9319 (Best: 0.9355) | MiF1: 0.9329 (Best: 0.9364)
2024-04-19 01:26:49,919 - root - INFO - Epoch: 94 | LR: 0.0000 | Loss 0.3627 | Val MaF1: 0.9325 (Best: 0.9356) | Test MaF1: 0.9319 (Best: 0.9355) | MiF1: 0.9329 (Best: 0.9364)
2024-04-19 01:26:50,746 - root - INFO - Epoch: 95 | LR: 0.0000 | Loss 0.3619 | Val MaF1: 0.9302 (Best: 0.9356) | Test MaF1: 0.9319 (Best: 0.9355) | MiF1: 0.9329 (Best: 0.9364)
2024-04-19 01:26:51,553 - root - INFO - Epoch: 96 | LR: 0.0000 | Loss 0.3630 | Val MaF1: 0.9302 (Best: 0.9356) | Test MaF1: 0.9319 (Best: 0.9355) | MiF1: 0.9329 (Best: 0.9364)
2024-04-19 01:26:52,362 - root - INFO - Epoch: 97 | LR: 0.0000 | Loss 0.3628 | Val MaF1: 0.9302 (Best: 0.9356) | Test MaF1: 0.9319 (Best: 0.9355) | MiF1: 0.9329 (Best: 0.9364)
2024-04-19 01:26:53,178 - root - INFO - Epoch: 98 | LR: 0.0000 | Loss 0.3625 | Val MaF1: 0.9302 (Best: 0.9356) | Test MaF1: 0.9319 (Best: 0.9355) | MiF1: 0.9329 (Best: 0.9364)
2024-04-19 01:26:53,991 - root - INFO - Epoch: 99 | LR: 0.0000 | Loss 0.3625 | Val MaF1: 0.9302 (Best: 0.9356) | Test MaF1: 0.9319 (Best: 0.9355) | MiF1: 0.9329 (Best: 0.9364)
2024-04-19 01:26:54,875 - root - INFO - Epoch: 100 | LR: 0.0000 | Loss 0.3621 | Val MaF1: 0.9302 (Best: 0.9356) | Test MaF1: 0.9319 (Best: 0.9355) | MiF1: 0.9329 (Best: 0.9364)
2024-04-19 01:26:54,876 - root - INFO - Best Epoch: 37 | Train MiF1: 0.9950,  MaF1: 0.9951 | Val MiF1: 0.9352, MaF1: 0.9356 | Test MaF1: 0.9355, MiF1: 0.9364
2024-04-19 01:26:55,342 - root - INFO - ARI: 0.8390 | NMI: 0.7823
