2024-04-22 20:39:32,581 - root - INFO - {'prefix': 'SR-HGN', 'gpu': 0, 'feat': 1, 'seed': 0, 'verbose': 1, 'train_split': 0.2, 'val_split': 0.3, 'num_type_heads': 4, 'num_node_heads': 4, 'hidden_dim': 256, 'clip': 1.0, 'num_layers': 3, 'alpha': 0.5, 'epochs': 100, 'dataset': 'acm', 'input_dim': 256, 'aggregate': 'concat', 'iscuda': True, 'cluster': True, 'max_lr': 0.001, 'weight_decay': 1e-05, 'heads': 1, 'han_heads': [4], 'hh_heads': 3, 'dropout': 0.2}
2024-04-22 20:39:35,255 - root - INFO - Training SR-HGN with #param: 17786812
2024-04-22 20:39:37,073 - root - INFO - ARI: 0.1077 | NMI: 0.1248
2024-04-22 20:39:37,074 - root - INFO - Epoch: 1 | LR: 0.0000 | Loss 1.0944 | Val MaF1: 0.2204 (Best: 0.2204) | Test MaF1: 0.2210 (Best: 0.2210) | MiF1: 0.4957 (Best: 0.4957)
2024-04-22 20:39:37,662 - root - INFO - ARI: 0.2907 | NMI: 0.3005
2024-04-22 20:39:37,662 - root - INFO - Epoch: 2 | LR: 0.0001 | Loss 1.0528 | Val MaF1: 0.2204 (Best: 0.2204) | Test MaF1: 0.2210 (Best: 0.2210) | MiF1: 0.4957 (Best: 0.4957)
2024-04-22 20:39:38,181 - root - INFO - ARI: 0.3948 | NMI: 0.4163
2024-04-22 20:39:38,181 - root - INFO - Epoch: 3 | LR: 0.0001 | Loss 1.0264 | Val MaF1: 0.2204 (Best: 0.2204) | Test MaF1: 0.2210 (Best: 0.2210) | MiF1: 0.4957 (Best: 0.4957)
2024-04-22 20:39:38,675 - root - INFO - ARI: 0.5316 | NMI: 0.5257
2024-04-22 20:39:38,675 - root - INFO - Epoch: 4 | LR: 0.0001 | Loss 1.0078 | Val MaF1: 0.2204 (Best: 0.2204) | Test MaF1: 0.2210 (Best: 0.2210) | MiF1: 0.4957 (Best: 0.4957)
2024-04-22 20:39:39,169 - root - INFO - ARI: 0.6032 | NMI: 0.5860
2024-04-22 20:39:39,169 - root - INFO - Epoch: 5 | LR: 0.0001 | Loss 0.9948 | Val MaF1: 0.2204 (Best: 0.2204) | Test MaF1: 0.2210 (Best: 0.2210) | MiF1: 0.4957 (Best: 0.4957)
2024-04-22 20:39:39,673 - root - INFO - ARI: 0.6444 | NMI: 0.6205
2024-04-22 20:39:39,674 - root - INFO - Epoch: 6 | LR: 0.0001 | Loss 0.9774 | Val MaF1: 0.2204 (Best: 0.2204) | Test MaF1: 0.2210 (Best: 0.2210) | MiF1: 0.4957 (Best: 0.4957)
2024-04-22 20:39:40,160 - root - INFO - ARI: 0.6696 | NMI: 0.6443
2024-04-22 20:39:40,161 - root - INFO - Epoch: 7 | LR: 0.0002 | Loss 0.9478 | Val MaF1: 0.2204 (Best: 0.2204) | Test MaF1: 0.2210 (Best: 0.2210) | MiF1: 0.4957 (Best: 0.4957)
2024-04-22 20:39:40,651 - root - INFO - ARI: 0.6729 | NMI: 0.6503
2024-04-22 20:39:40,651 - root - INFO - Epoch: 8 | LR: 0.0002 | Loss 0.9035 | Val MaF1: 0.2204 (Best: 0.2204) | Test MaF1: 0.2269 (Best: 0.2269) | MiF1: 0.4979 (Best: 0.4979)
2024-04-22 20:39:41,148 - root - INFO - ARI: 0.6833 | NMI: 0.6625
2024-04-22 20:39:41,148 - root - INFO - Epoch: 9 | LR: 0.0003 | Loss 0.8470 | Val MaF1: 0.7147 (Best: 0.7147) | Test MaF1: 0.7092 (Best: 0.7092) | MiF1: 0.7589 (Best: 0.7589)
2024-04-22 20:39:41,664 - root - INFO - ARI: 0.7054 | NMI: 0.6790
2024-04-22 20:39:41,664 - root - INFO - Epoch: 10 | LR: 0.0003 | Loss 0.7903 | Val MaF1: 0.9076 (Best: 0.9076) | Test MaF1: 0.9106 (Best: 0.9106) | MiF1: 0.9102 (Best: 0.9102)
2024-04-22 20:39:42,161 - root - INFO - ARI: 0.7246 | NMI: 0.6913
2024-04-22 20:39:42,162 - root - INFO - Epoch: 11 | LR: 0.0003 | Loss 0.7299 | Val MaF1: 0.9144 (Best: 0.9144) | Test MaF1: 0.9109 (Best: 0.9109) | MiF1: 0.9098 (Best: 0.9098)
2024-04-22 20:39:42,451 - root - INFO - Epoch: 12 | LR: 0.0004 | Loss 0.6508 | Val MaF1: 0.9054 (Best: 0.9144) | Test MaF1: 0.9087 (Best: 0.9109) | MiF1: 0.9080 (Best: 0.9098)
2024-04-22 20:39:42,711 - root - INFO - Epoch: 13 | LR: 0.0004 | Loss 0.5653 | Val MaF1: 0.8850 (Best: 0.9144) | Test MaF1: 0.8873 (Best: 0.9109) | MiF1: 0.8888 (Best: 0.9098)
2024-04-22 20:39:42,974 - root - INFO - Epoch: 14 | LR: 0.0005 | Loss 0.5163 | Val MaF1: 0.8887 (Best: 0.9144) | Test MaF1: 0.8986 (Best: 0.9109) | MiF1: 0.8984 (Best: 0.9098)
2024-04-22 20:39:43,232 - root - INFO - Epoch: 15 | LR: 0.0005 | Loss 0.4626 | Val MaF1: 0.9140 (Best: 0.9144) | Test MaF1: 0.9078 (Best: 0.9109) | MiF1: 0.9066 (Best: 0.9098)
2024-04-22 20:39:43,493 - root - INFO - Epoch: 16 | LR: 0.0006 | Loss 0.4227 | Val MaF1: 0.9218 (Best: 0.9144) | Test MaF1: 0.9060 (Best: 0.9109) | MiF1: 0.9055 (Best: 0.9098)
2024-04-22 20:39:43,753 - root - INFO - Epoch: 17 | LR: 0.0006 | Loss 0.3916 | Val MaF1: 0.9190 (Best: 0.9144) | Test MaF1: 0.9060 (Best: 0.9109) | MiF1: 0.9062 (Best: 0.9098)
2024-04-22 20:39:44,015 - root - INFO - Epoch: 18 | LR: 0.0007 | Loss 0.3795 | Val MaF1: 0.9190 (Best: 0.9144) | Test MaF1: 0.9073 (Best: 0.9109) | MiF1: 0.9073 (Best: 0.9098)
2024-04-22 20:39:44,274 - root - INFO - Epoch: 19 | LR: 0.0007 | Loss 0.3657 | Val MaF1: 0.9139 (Best: 0.9144) | Test MaF1: 0.9099 (Best: 0.9109) | MiF1: 0.9091 (Best: 0.9098)
2024-04-22 20:39:44,534 - root - INFO - Epoch: 20 | LR: 0.0008 | Loss 0.3537 | Val MaF1: 0.9200 (Best: 0.9144) | Test MaF1: 0.9072 (Best: 0.9109) | MiF1: 0.9062 (Best: 0.9098)
2024-04-22 20:39:44,795 - root - INFO - Epoch: 21 | LR: 0.0008 | Loss 0.3489 | Val MaF1: 0.9152 (Best: 0.9144) | Test MaF1: 0.9106 (Best: 0.9109) | MiF1: 0.9102 (Best: 0.9098)
2024-04-22 20:39:45,057 - root - INFO - Epoch: 22 | LR: 0.0009 | Loss 0.3395 | Val MaF1: 0.9143 (Best: 0.9144) | Test MaF1: 0.9092 (Best: 0.9109) | MiF1: 0.9091 (Best: 0.9098)
2024-04-22 20:39:45,318 - root - INFO - Epoch: 23 | LR: 0.0009 | Loss 0.3336 | Val MaF1: 0.9095 (Best: 0.9144) | Test MaF1: 0.9083 (Best: 0.9109) | MiF1: 0.9084 (Best: 0.9098)
2024-04-22 20:39:45,582 - root - INFO - Epoch: 24 | LR: 0.0009 | Loss 0.3249 | Val MaF1: 0.9021 (Best: 0.9144) | Test MaF1: 0.9080 (Best: 0.9109) | MiF1: 0.9080 (Best: 0.9098)
2024-04-22 20:39:45,845 - root - INFO - Epoch: 25 | LR: 0.0010 | Loss 0.3180 | Val MaF1: 0.9024 (Best: 0.9144) | Test MaF1: 0.9045 (Best: 0.9109) | MiF1: 0.9048 (Best: 0.9098)
2024-04-22 20:39:46,107 - root - INFO - Epoch: 26 | LR: 0.0010 | Loss 0.3139 | Val MaF1: 0.8999 (Best: 0.9144) | Test MaF1: 0.9031 (Best: 0.9109) | MiF1: 0.9034 (Best: 0.9098)
2024-04-22 20:39:46,371 - root - INFO - Epoch: 27 | LR: 0.0010 | Loss 0.3121 | Val MaF1: 0.9021 (Best: 0.9144) | Test MaF1: 0.9015 (Best: 0.9109) | MiF1: 0.9020 (Best: 0.9098)
2024-04-22 20:39:46,630 - root - INFO - Epoch: 28 | LR: 0.0010 | Loss 0.3071 | Val MaF1: 0.9021 (Best: 0.9144) | Test MaF1: 0.8989 (Best: 0.9109) | MiF1: 0.8988 (Best: 0.9098)
2024-04-22 20:39:46,890 - root - INFO - Epoch: 29 | LR: 0.0010 | Loss 0.3054 | Val MaF1: 0.8952 (Best: 0.9144) | Test MaF1: 0.8970 (Best: 0.9109) | MiF1: 0.8963 (Best: 0.9098)
2024-04-22 20:39:47,150 - root - INFO - Epoch: 30 | LR: 0.0010 | Loss 0.3023 | Val MaF1: 0.9007 (Best: 0.9144) | Test MaF1: 0.8937 (Best: 0.9109) | MiF1: 0.8938 (Best: 0.9098)
2024-04-22 20:39:47,414 - root - INFO - Epoch: 31 | LR: 0.0010 | Loss 0.3002 | Val MaF1: 0.9034 (Best: 0.9144) | Test MaF1: 0.8922 (Best: 0.9109) | MiF1: 0.8920 (Best: 0.9098)
2024-04-22 20:39:47,673 - root - INFO - Epoch: 32 | LR: 0.0010 | Loss 0.2994 | Val MaF1: 0.9072 (Best: 0.9144) | Test MaF1: 0.8933 (Best: 0.9109) | MiF1: 0.8945 (Best: 0.9098)
2024-04-22 20:39:47,940 - root - INFO - Epoch: 33 | LR: 0.0010 | Loss 0.2976 | Val MaF1: 0.9049 (Best: 0.9144) | Test MaF1: 0.8909 (Best: 0.9109) | MiF1: 0.8920 (Best: 0.9098)
2024-04-22 20:39:48,200 - root - INFO - Epoch: 34 | LR: 0.0010 | Loss 0.2969 | Val MaF1: 0.8967 (Best: 0.9144) | Test MaF1: 0.8951 (Best: 0.9109) | MiF1: 0.8945 (Best: 0.9098)
2024-04-22 20:39:48,462 - root - INFO - Epoch: 35 | LR: 0.0010 | Loss 0.2947 | Val MaF1: 0.8908 (Best: 0.9144) | Test MaF1: 0.8897 (Best: 0.9109) | MiF1: 0.8896 (Best: 0.9098)
2024-04-22 20:39:48,723 - root - INFO - Epoch: 36 | LR: 0.0010 | Loss 0.2930 | Val MaF1: 0.9048 (Best: 0.9144) | Test MaF1: 0.8931 (Best: 0.9109) | MiF1: 0.8938 (Best: 0.9098)
2024-04-22 20:39:48,985 - root - INFO - Epoch: 37 | LR: 0.0010 | Loss 0.2906 | Val MaF1: 0.9105 (Best: 0.9144) | Test MaF1: 0.8972 (Best: 0.9109) | MiF1: 0.8977 (Best: 0.9098)
2024-04-22 20:39:49,248 - root - INFO - Epoch: 38 | LR: 0.0010 | Loss 0.2878 | Val MaF1: 0.9044 (Best: 0.9144) | Test MaF1: 0.8982 (Best: 0.9109) | MiF1: 0.8988 (Best: 0.9098)
2024-04-22 20:39:49,510 - root - INFO - Epoch: 39 | LR: 0.0010 | Loss 0.2827 | Val MaF1: 0.9019 (Best: 0.9144) | Test MaF1: 0.8984 (Best: 0.9109) | MiF1: 0.8988 (Best: 0.9098)
2024-04-22 20:39:49,769 - root - INFO - Epoch: 40 | LR: 0.0009 | Loss 0.2835 | Val MaF1: 0.9018 (Best: 0.9144) | Test MaF1: 0.9004 (Best: 0.9109) | MiF1: 0.9009 (Best: 0.9098)
2024-04-22 20:39:50,032 - root - INFO - Epoch: 41 | LR: 0.0009 | Loss 0.2786 | Val MaF1: 0.8957 (Best: 0.9144) | Test MaF1: 0.8980 (Best: 0.9109) | MiF1: 0.8995 (Best: 0.9098)
2024-04-22 20:39:50,292 - root - INFO - Epoch: 42 | LR: 0.0009 | Loss 0.2781 | Val MaF1: 0.9035 (Best: 0.9144) | Test MaF1: 0.8980 (Best: 0.9109) | MiF1: 0.8984 (Best: 0.9098)
2024-04-22 20:39:50,552 - root - INFO - Epoch: 43 | LR: 0.0009 | Loss 0.2774 | Val MaF1: 0.9063 (Best: 0.9144) | Test MaF1: 0.8992 (Best: 0.9109) | MiF1: 0.8988 (Best: 0.9098)
2024-04-22 20:39:50,812 - root - INFO - Epoch: 44 | LR: 0.0009 | Loss 0.2733 | Val MaF1: 0.9015 (Best: 0.9144) | Test MaF1: 0.8967 (Best: 0.9109) | MiF1: 0.8984 (Best: 0.9098)
2024-04-22 20:39:51,074 - root - INFO - Epoch: 45 | LR: 0.0009 | Loss 0.2756 | Val MaF1: 0.9057 (Best: 0.9144) | Test MaF1: 0.8981 (Best: 0.9109) | MiF1: 0.8988 (Best: 0.9098)
2024-04-22 20:39:51,337 - root - INFO - Epoch: 46 | LR: 0.0009 | Loss 0.2698 | Val MaF1: 0.9133 (Best: 0.9144) | Test MaF1: 0.8971 (Best: 0.9109) | MiF1: 0.8970 (Best: 0.9098)
2024-04-22 20:39:51,599 - root - INFO - Epoch: 47 | LR: 0.0008 | Loss 0.2687 | Val MaF1: 0.9108 (Best: 0.9144) | Test MaF1: 0.8967 (Best: 0.9109) | MiF1: 0.8970 (Best: 0.9098)
2024-04-22 20:39:51,861 - root - INFO - Epoch: 48 | LR: 0.0008 | Loss 0.2683 | Val MaF1: 0.9108 (Best: 0.9144) | Test MaF1: 0.8975 (Best: 0.9109) | MiF1: 0.8977 (Best: 0.9098)
2024-04-22 20:39:52,123 - root - INFO - Epoch: 49 | LR: 0.0008 | Loss 0.2680 | Val MaF1: 0.9082 (Best: 0.9144) | Test MaF1: 0.8987 (Best: 0.9109) | MiF1: 0.8991 (Best: 0.9098)
2024-04-22 20:39:52,387 - root - INFO - Epoch: 50 | LR: 0.0008 | Loss 0.2661 | Val MaF1: 0.9086 (Best: 0.9144) | Test MaF1: 0.9000 (Best: 0.9109) | MiF1: 0.9002 (Best: 0.9098)
2024-04-22 20:39:52,648 - root - INFO - Epoch: 51 | LR: 0.0008 | Loss 0.2667 | Val MaF1: 0.9086 (Best: 0.9144) | Test MaF1: 0.8971 (Best: 0.9109) | MiF1: 0.8974 (Best: 0.9098)
2024-04-22 20:39:52,913 - root - INFO - Epoch: 52 | LR: 0.0008 | Loss 0.2656 | Val MaF1: 0.9025 (Best: 0.9144) | Test MaF1: 0.8995 (Best: 0.9109) | MiF1: 0.9009 (Best: 0.9098)
2024-04-22 20:39:53,175 - root - INFO - Epoch: 53 | LR: 0.0007 | Loss 0.2639 | Val MaF1: 0.8945 (Best: 0.9144) | Test MaF1: 0.8978 (Best: 0.9109) | MiF1: 0.8995 (Best: 0.9098)
2024-04-22 20:39:53,439 - root - INFO - Epoch: 54 | LR: 0.0007 | Loss 0.2645 | Val MaF1: 0.8951 (Best: 0.9144) | Test MaF1: 0.9036 (Best: 0.9109) | MiF1: 0.9045 (Best: 0.9098)
2024-04-22 20:39:53,698 - root - INFO - Epoch: 55 | LR: 0.0007 | Loss 0.2618 | Val MaF1: 0.8975 (Best: 0.9144) | Test MaF1: 0.9016 (Best: 0.9109) | MiF1: 0.9020 (Best: 0.9098)
2024-04-22 20:39:53,960 - root - INFO - Epoch: 56 | LR: 0.0007 | Loss 0.2647 | Val MaF1: 0.8846 (Best: 0.9144) | Test MaF1: 0.9026 (Best: 0.9109) | MiF1: 0.9038 (Best: 0.9098)
2024-04-22 20:39:54,220 - root - INFO - Epoch: 57 | LR: 0.0007 | Loss 0.2615 | Val MaF1: 0.8873 (Best: 0.9144) | Test MaF1: 0.8978 (Best: 0.9109) | MiF1: 0.8995 (Best: 0.9098)
2024-04-22 20:39:54,482 - root - INFO - Epoch: 58 | LR: 0.0006 | Loss 0.2598 | Val MaF1: 0.8923 (Best: 0.9144) | Test MaF1: 0.8984 (Best: 0.9109) | MiF1: 0.9002 (Best: 0.9098)
2024-04-22 20:39:54,742 - root - INFO - Epoch: 59 | LR: 0.0006 | Loss 0.2612 | Val MaF1: 0.8979 (Best: 0.9144) | Test MaF1: 0.9037 (Best: 0.9109) | MiF1: 0.9048 (Best: 0.9098)
2024-04-22 20:39:55,004 - root - INFO - Epoch: 60 | LR: 0.0006 | Loss 0.2589 | Val MaF1: 0.9025 (Best: 0.9144) | Test MaF1: 0.8998 (Best: 0.9109) | MiF1: 0.8999 (Best: 0.9098)
2024-04-22 20:39:55,264 - root - INFO - Epoch: 61 | LR: 0.0006 | Loss 0.2603 | Val MaF1: 0.9025 (Best: 0.9144) | Test MaF1: 0.8997 (Best: 0.9109) | MiF1: 0.8995 (Best: 0.9098)
2024-04-22 20:39:55,526 - root - INFO - Epoch: 62 | LR: 0.0005 | Loss 0.2580 | Val MaF1: 0.9047 (Best: 0.9144) | Test MaF1: 0.9006 (Best: 0.9109) | MiF1: 0.9009 (Best: 0.9098)
2024-04-22 20:39:55,801 - root - INFO - Epoch: 63 | LR: 0.0005 | Loss 0.2594 | Val MaF1: 0.9108 (Best: 0.9144) | Test MaF1: 0.9022 (Best: 0.9109) | MiF1: 0.9031 (Best: 0.9098)
2024-04-22 20:39:56,063 - root - INFO - Epoch: 64 | LR: 0.0005 | Loss 0.2584 | Val MaF1: 0.9053 (Best: 0.9144) | Test MaF1: 0.9027 (Best: 0.9109) | MiF1: 0.9038 (Best: 0.9098)
2024-04-22 20:39:56,324 - root - INFO - Epoch: 65 | LR: 0.0005 | Loss 0.2589 | Val MaF1: 0.9050 (Best: 0.9144) | Test MaF1: 0.9026 (Best: 0.9109) | MiF1: 0.9041 (Best: 0.9098)
2024-04-22 20:39:56,584 - root - INFO - Epoch: 66 | LR: 0.0005 | Loss 0.2609 | Val MaF1: 0.9076 (Best: 0.9144) | Test MaF1: 0.9014 (Best: 0.9109) | MiF1: 0.9031 (Best: 0.9098)
2024-04-22 20:39:56,849 - root - INFO - Epoch: 67 | LR: 0.0004 | Loss 0.2594 | Val MaF1: 0.9050 (Best: 0.9144) | Test MaF1: 0.9019 (Best: 0.9109) | MiF1: 0.9034 (Best: 0.9098)
2024-04-22 20:39:57,111 - root - INFO - Epoch: 68 | LR: 0.0004 | Loss 0.2577 | Val MaF1: 0.9050 (Best: 0.9144) | Test MaF1: 0.9024 (Best: 0.9109) | MiF1: 0.9038 (Best: 0.9098)
2024-04-22 20:39:57,373 - root - INFO - Epoch: 69 | LR: 0.0004 | Loss 0.2588 | Val MaF1: 0.9105 (Best: 0.9144) | Test MaF1: 0.9029 (Best: 0.9109) | MiF1: 0.9041 (Best: 0.9098)
2024-04-22 20:39:57,635 - root - INFO - Epoch: 70 | LR: 0.0004 | Loss 0.2592 | Val MaF1: 0.9069 (Best: 0.9144) | Test MaF1: 0.8999 (Best: 0.9109) | MiF1: 0.9006 (Best: 0.9098)
2024-04-22 20:39:57,897 - root - INFO - Epoch: 71 | LR: 0.0003 | Loss 0.2576 | Val MaF1: 0.9069 (Best: 0.9144) | Test MaF1: 0.8996 (Best: 0.9109) | MiF1: 0.8999 (Best: 0.9098)
2024-04-22 20:39:58,159 - root - INFO - Epoch: 72 | LR: 0.0003 | Loss 0.2577 | Val MaF1: 0.8981 (Best: 0.9144) | Test MaF1: 0.8993 (Best: 0.9109) | MiF1: 0.8991 (Best: 0.9098)
2024-04-22 20:39:58,422 - root - INFO - Epoch: 73 | LR: 0.0003 | Loss 0.2583 | Val MaF1: 0.8981 (Best: 0.9144) | Test MaF1: 0.9000 (Best: 0.9109) | MiF1: 0.8999 (Best: 0.9098)
2024-04-22 20:39:58,681 - root - INFO - Epoch: 74 | LR: 0.0003 | Loss 0.2584 | Val MaF1: 0.8981 (Best: 0.9144) | Test MaF1: 0.8996 (Best: 0.9109) | MiF1: 0.8995 (Best: 0.9098)
2024-04-22 20:39:58,947 - root - INFO - Epoch: 75 | LR: 0.0003 | Loss 0.2585 | Val MaF1: 0.8981 (Best: 0.9144) | Test MaF1: 0.8999 (Best: 0.9109) | MiF1: 0.8999 (Best: 0.9098)
2024-04-22 20:39:59,210 - root - INFO - Epoch: 76 | LR: 0.0002 | Loss 0.2573 | Val MaF1: 0.8981 (Best: 0.9144) | Test MaF1: 0.8997 (Best: 0.9109) | MiF1: 0.8999 (Best: 0.9098)
2024-04-22 20:39:59,472 - root - INFO - Epoch: 77 | LR: 0.0002 | Loss 0.2584 | Val MaF1: 0.9025 (Best: 0.9144) | Test MaF1: 0.8975 (Best: 0.9109) | MiF1: 0.8977 (Best: 0.9098)
2024-04-22 20:39:59,740 - root - INFO - Epoch: 78 | LR: 0.0002 | Loss 0.2576 | Val MaF1: 0.9055 (Best: 0.9144) | Test MaF1: 0.8968 (Best: 0.9109) | MiF1: 0.8970 (Best: 0.9098)
2024-04-22 20:40:00,004 - root - INFO - Epoch: 79 | LR: 0.0002 | Loss 0.2572 | Val MaF1: 0.9035 (Best: 0.9144) | Test MaF1: 0.8990 (Best: 0.9109) | MiF1: 0.8995 (Best: 0.9098)
2024-04-22 20:40:00,266 - root - INFO - Epoch: 80 | LR: 0.0002 | Loss 0.2585 | Val MaF1: 0.9035 (Best: 0.9144) | Test MaF1: 0.8995 (Best: 0.9109) | MiF1: 0.9002 (Best: 0.9098)
2024-04-22 20:40:00,527 - root - INFO - Epoch: 81 | LR: 0.0002 | Loss 0.2573 | Val MaF1: 0.9035 (Best: 0.9144) | Test MaF1: 0.9003 (Best: 0.9109) | MiF1: 0.9013 (Best: 0.9098)
2024-04-22 20:40:00,787 - root - INFO - Epoch: 82 | LR: 0.0001 | Loss 0.2571 | Val MaF1: 0.9035 (Best: 0.9144) | Test MaF1: 0.8999 (Best: 0.9109) | MiF1: 0.9009 (Best: 0.9098)
2024-04-22 20:40:01,049 - root - INFO - Epoch: 83 | LR: 0.0001 | Loss 0.2574 | Val MaF1: 0.9035 (Best: 0.9144) | Test MaF1: 0.9002 (Best: 0.9109) | MiF1: 0.9013 (Best: 0.9098)
2024-04-22 20:40:01,322 - root - INFO - Epoch: 84 | LR: 0.0001 | Loss 0.2588 | Val MaF1: 0.9035 (Best: 0.9144) | Test MaF1: 0.9002 (Best: 0.9109) | MiF1: 0.9013 (Best: 0.9098)
2024-04-22 20:40:01,583 - root - INFO - Epoch: 85 | LR: 0.0001 | Loss 0.2578 | Val MaF1: 0.9035 (Best: 0.9144) | Test MaF1: 0.8999 (Best: 0.9109) | MiF1: 0.9009 (Best: 0.9098)
2024-04-22 20:40:01,846 - root - INFO - Epoch: 86 | LR: 0.0001 | Loss 0.2576 | Val MaF1: 0.9035 (Best: 0.9144) | Test MaF1: 0.9003 (Best: 0.9109) | MiF1: 0.9013 (Best: 0.9098)
2024-04-22 20:40:02,106 - root - INFO - Epoch: 87 | LR: 0.0001 | Loss 0.2574 | Val MaF1: 0.9035 (Best: 0.9144) | Test MaF1: 0.9007 (Best: 0.9109) | MiF1: 0.9016 (Best: 0.9098)
2024-04-22 20:40:02,371 - root - INFO - Epoch: 88 | LR: 0.0001 | Loss 0.2579 | Val MaF1: 0.9035 (Best: 0.9144) | Test MaF1: 0.9007 (Best: 0.9109) | MiF1: 0.9016 (Best: 0.9098)
2024-04-22 20:40:02,630 - root - INFO - Epoch: 89 | LR: 0.0000 | Loss 0.2570 | Val MaF1: 0.9035 (Best: 0.9144) | Test MaF1: 0.9004 (Best: 0.9109) | MiF1: 0.9013 (Best: 0.9098)
2024-04-22 20:40:02,893 - root - INFO - Epoch: 90 | LR: 0.0000 | Loss 0.2582 | Val MaF1: 0.9035 (Best: 0.9144) | Test MaF1: 0.9004 (Best: 0.9109) | MiF1: 0.9013 (Best: 0.9098)
2024-04-22 20:40:03,154 - root - INFO - Epoch: 91 | LR: 0.0000 | Loss 0.2576 | Val MaF1: 0.9035 (Best: 0.9144) | Test MaF1: 0.9001 (Best: 0.9109) | MiF1: 0.9009 (Best: 0.9098)
2024-04-22 20:40:03,419 - root - INFO - Epoch: 92 | LR: 0.0000 | Loss 0.2571 | Val MaF1: 0.9035 (Best: 0.9144) | Test MaF1: 0.8998 (Best: 0.9109) | MiF1: 0.9006 (Best: 0.9098)
2024-04-22 20:40:03,680 - root - INFO - Epoch: 93 | LR: 0.0000 | Loss 0.2572 | Val MaF1: 0.9035 (Best: 0.9144) | Test MaF1: 0.8995 (Best: 0.9109) | MiF1: 0.9002 (Best: 0.9098)
2024-04-22 20:40:03,943 - root - INFO - Epoch: 94 | LR: 0.0000 | Loss 0.2572 | Val MaF1: 0.9035 (Best: 0.9144) | Test MaF1: 0.8995 (Best: 0.9109) | MiF1: 0.9002 (Best: 0.9098)
2024-04-22 20:40:04,205 - root - INFO - Epoch: 95 | LR: 0.0000 | Loss 0.2579 | Val MaF1: 0.9035 (Best: 0.9144) | Test MaF1: 0.8999 (Best: 0.9109) | MiF1: 0.9006 (Best: 0.9098)
2024-04-22 20:40:04,468 - root - INFO - Epoch: 96 | LR: 0.0000 | Loss 0.2578 | Val MaF1: 0.9035 (Best: 0.9144) | Test MaF1: 0.9002 (Best: 0.9109) | MiF1: 0.9009 (Best: 0.9098)
2024-04-22 20:40:04,728 - root - INFO - Epoch: 97 | LR: 0.0000 | Loss 0.2570 | Val MaF1: 0.9035 (Best: 0.9144) | Test MaF1: 0.9002 (Best: 0.9109) | MiF1: 0.9009 (Best: 0.9098)
2024-04-22 20:40:04,993 - root - INFO - Epoch: 98 | LR: 0.0000 | Loss 0.2586 | Val MaF1: 0.9035 (Best: 0.9144) | Test MaF1: 0.9002 (Best: 0.9109) | MiF1: 0.9009 (Best: 0.9098)
2024-04-22 20:40:05,253 - root - INFO - Epoch: 99 | LR: 0.0000 | Loss 0.2569 | Val MaF1: 0.9035 (Best: 0.9144) | Test MaF1: 0.9002 (Best: 0.9109) | MiF1: 0.9009 (Best: 0.9098)
2024-04-22 20:40:05,514 - root - INFO - Epoch: 100 | LR: 0.0000 | Loss 0.2575 | Val MaF1: 0.9035 (Best: 0.9144) | Test MaF1: 0.9002 (Best: 0.9109) | MiF1: 0.9009 (Best: 0.9098)
2024-04-22 20:40:05,515 - root - INFO - Best Epoch: 11 | Train MiF1: 0.9233,  MaF1: 0.9236 | Val MiF1: 0.9127, MaF1: 0.9144 | Test MaF1: 0.9109, MiF1: 0.9098
2024-04-22 20:40:05,665 - root - INFO - ARI: 0.7246 | NMI: 0.6913
