2024-04-19 11:21:50,714 - root - INFO - {'prefix': 'SR-HGN', 'gpu': 0, 'feat': 1, 'seed': 0, 'verbose': 1, 'train_split': 0.2, 'val_split': 0.3, 'num_type_heads': 4, 'num_node_heads': 4, 'hidden_dim': 256, 'clip': 1.0, 'num_layers': 3, 'alpha': 0.5, 'epochs': 50, 'dataset': 'acm', 'input_dim': 256, 'aggregate': 'concat', 'iscuda': True, 'cluster': True, 'max_lr': 0.001, 'weight_decay': 1e-05, 'heads': 8, 'han_heads': [4], 'hh_heads': 3, 'dropout': 0.2}
2024-04-19 11:21:53,567 - root - INFO - Training SR-HGN with #param: 35601299
2024-04-19 11:22:02,659 - matplotlib.pyplot - DEBUG - Loaded backend tkagg version 8.6.
2024-04-19 11:22:02,691 - PIL.PngImagePlugin - DEBUG - STREAM b'IHDR' 16 13
2024-04-19 11:22:02,691 - PIL.PngImagePlugin - DEBUG - STREAM b'sBIT' 41 4
2024-04-19 11:22:02,691 - PIL.PngImagePlugin - DEBUG - b'sBIT' 41 4 (unknown)
2024-04-19 11:22:02,692 - PIL.PngImagePlugin - DEBUG - STREAM b'pHYs' 57 9
2024-04-19 11:22:02,692 - PIL.PngImagePlugin - DEBUG - STREAM b'IDAT' 78 1189
2024-04-19 11:22:02,696 - PIL.PngImagePlugin - DEBUG - STREAM b'IHDR' 16 13
2024-04-19 11:22:02,697 - PIL.PngImagePlugin - DEBUG - STREAM b'sBIT' 41 4
2024-04-19 11:22:02,697 - PIL.PngImagePlugin - DEBUG - b'sBIT' 41 4 (unknown)
2024-04-19 11:22:02,697 - PIL.PngImagePlugin - DEBUG - STREAM b'pHYs' 57 9
2024-04-19 11:22:02,697 - PIL.PngImagePlugin - DEBUG - STREAM b'IDAT' 78 2994
2024-04-19 11:22:02,716 - PIL.PngImagePlugin - DEBUG - STREAM b'IHDR' 16 13
2024-04-19 11:22:02,717 - PIL.PngImagePlugin - DEBUG - STREAM b'sBIT' 41 4
2024-04-19 11:22:02,717 - PIL.PngImagePlugin - DEBUG - b'sBIT' 41 4 (unknown)
2024-04-19 11:22:02,717 - PIL.PngImagePlugin - DEBUG - STREAM b'pHYs' 57 9
2024-04-19 11:22:02,717 - PIL.PngImagePlugin - DEBUG - STREAM b'IDAT' 78 374
2024-04-19 11:22:02,719 - PIL.PngImagePlugin - DEBUG - STREAM b'IHDR' 16 13
2024-04-19 11:22:02,719 - PIL.PngImagePlugin - DEBUG - STREAM b'sBIT' 41 4
2024-04-19 11:22:02,719 - PIL.PngImagePlugin - DEBUG - b'sBIT' 41 4 (unknown)
2024-04-19 11:22:02,720 - PIL.PngImagePlugin - DEBUG - STREAM b'pHYs' 57 9
2024-04-19 11:22:02,720 - PIL.PngImagePlugin - DEBUG - STREAM b'IDAT' 78 286
2024-04-19 11:22:02,721 - PIL.PngImagePlugin - DEBUG - STREAM b'IHDR' 16 13
2024-04-19 11:22:02,721 - PIL.PngImagePlugin - DEBUG - STREAM b'sBIT' 41 4
2024-04-19 11:22:02,721 - PIL.PngImagePlugin - DEBUG - b'sBIT' 41 4 (unknown)
2024-04-19 11:22:02,722 - PIL.PngImagePlugin - DEBUG - STREAM b'pHYs' 57 9
2024-04-19 11:22:02,722 - PIL.PngImagePlugin - DEBUG - STREAM b'IDAT' 78 263
2024-04-19 11:22:02,723 - PIL.PngImagePlugin - DEBUG - STREAM b'IHDR' 16 13
2024-04-19 11:22:02,723 - PIL.PngImagePlugin - DEBUG - STREAM b'sBIT' 41 4
2024-04-19 11:22:02,724 - PIL.PngImagePlugin - DEBUG - b'sBIT' 41 4 (unknown)
2024-04-19 11:22:02,724 - PIL.PngImagePlugin - DEBUG - STREAM b'pHYs' 57 9
2024-04-19 11:22:02,724 - PIL.PngImagePlugin - DEBUG - STREAM b'IDAT' 78 387
2024-04-19 11:22:02,725 - PIL.PngImagePlugin - DEBUG - STREAM b'IHDR' 16 13
2024-04-19 11:22:02,726 - PIL.PngImagePlugin - DEBUG - STREAM b'sBIT' 41 4
2024-04-19 11:22:02,726 - PIL.PngImagePlugin - DEBUG - b'sBIT' 41 4 (unknown)
2024-04-19 11:22:02,726 - PIL.PngImagePlugin - DEBUG - STREAM b'pHYs' 57 9
2024-04-19 11:22:02,726 - PIL.PngImagePlugin - DEBUG - STREAM b'IDAT' 78 436
2024-04-19 11:22:02,728 - PIL.PngImagePlugin - DEBUG - STREAM b'IHDR' 16 13
2024-04-19 11:22:02,728 - PIL.PngImagePlugin - DEBUG - STREAM b'sBIT' 41 4
2024-04-19 11:22:02,728 - PIL.PngImagePlugin - DEBUG - b'sBIT' 41 4 (unknown)
2024-04-19 11:22:02,728 - PIL.PngImagePlugin - DEBUG - STREAM b'pHYs' 57 9
2024-04-19 11:22:02,729 - PIL.PngImagePlugin - DEBUG - STREAM b'IDAT' 78 351
2024-04-19 11:22:02,730 - PIL.PngImagePlugin - DEBUG - STREAM b'IHDR' 16 13
2024-04-19 11:22:02,730 - PIL.PngImagePlugin - DEBUG - STREAM b'sBIT' 41 4
2024-04-19 11:22:02,730 - PIL.PngImagePlugin - DEBUG - b'sBIT' 41 4 (unknown)
2024-04-19 11:22:02,731 - PIL.PngImagePlugin - DEBUG - STREAM b'pHYs' 57 9
2024-04-19 11:22:02,731 - PIL.PngImagePlugin - DEBUG - STREAM b'IDAT' 78 364
2024-04-19 11:22:02,735 - matplotlib.font_manager - DEBUG - findfont: Matching sans\-serif:style=normal:variant=normal:weight=normal:stretch=normal:size=10.0.
2024-04-19 11:22:02,735 - matplotlib.font_manager - DEBUG - findfont: score(FontEntry(fname='D:\\anaconda3\\envs\\cpf\\lib\\site-packages\\matplotlib\\mpl-data\\fonts\\ttf\\DejaVuSerif.ttf', name='DejaVu Serif', style='normal', variant='normal', weight=400, stretch='normal', size='scalable')) = 10.05
2024-04-19 11:22:02,736 - matplotlib.font_manager - DEBUG - findfont: score(FontEntry(fname='D:\\anaconda3\\envs\\cpf\\lib\\site-packages\\matplotlib\\mpl-data\\fonts\\ttf\\STIXGeneral.ttf', name='STIXGeneral', style='normal', variant='normal', weight=400, stretch='normal', size='scalable')) = 10.05
2024-04-19 11:22:02,736 - matplotlib.font_manager - DEBUG - findfont: score(FontEntry(fname='D:\\anaconda3\\envs\\cpf\\lib\\site-packages\\matplotlib\\mpl-data\\fonts\\ttf\\STIXSizFiveSymReg.ttf', name='STIXSizeFiveSym', style='normal', variant='normal', weight=400, stretch='normal', size='scalable')) = 10.05
2024-04-19 11:22:02,736 - matplotlib.font_manager - DEBUG - findfont: score(FontEntry(fname='D:\\anaconda3\\envs\\cpf\\lib\\site-packages\\matplotlib\\mpl-data\\fonts\\ttf\\STIXGeneralItalic.ttf', name='STIXGeneral', style='italic', variant='normal', weight=400, stretch='normal', size='scalable')) = 11.05
2024-04-19 11:22:02,737 - matplotlib.font_manager - DEBUG - findfont: score(FontEntry(fname='D:\\anaconda3\\envs\\cpf\\lib\\site-packages\\matplotlib\\mpl-data\\fonts\\ttf\\STIXSizThreeSymReg.ttf', name='STIXSizeThreeSym', style='normal', variant='normal', weight=400, stretch='normal', size='scalable')) = 10.05
2024-04-19 11:22:02,737 - matplotlib.font_manager - DEBUG - findfont: score(FontEntry(fname='D:\\anaconda3\\envs\\cpf\\lib\\site-packages\\matplotlib\\mpl-data\\fonts\\ttf\\STIXSizOneSymBol.ttf', name='STIXSizeOneSym', style='normal', variant='normal', weight=700, stretch='normal', size='scalable')) = 10.335
2024-04-19 11:22:02,737 - matplotlib.font_manager - DEBUG - findfont: score(FontEntry(fname='D:\\anaconda3\\envs\\cpf\\lib\\site-packages\\matplotlib\\mpl-data\\fonts\\ttf\\DejaVuSansDisplay.ttf', name='DejaVu Sans Display', style='normal', variant='normal', weight=400, stretch='normal', size='scalable')) = 10.05
2024-04-19 11:22:02,737 - matplotlib.font_manager - DEBUG - findfont: score(FontEntry(fname='D:\\anaconda3\\envs\\cpf\\lib\\site-packages\\matplotlib\\mpl-data\\fonts\\ttf\\DejaVuSansMono-Bold.ttf', name='DejaVu Sans Mono', style='normal', variant='normal', weight=700, stretch='normal', size='scalable')) = 10.335
2024-04-19 11:22:02,738 - matplotlib.font_manager - DEBUG - findfont: score(FontEntry(fname='D:\\anaconda3\\envs\\cpf\\lib\\site-packages\\matplotlib\\mpl-data\\fonts\\ttf\\DejaVuSans-Bold.ttf', name='DejaVu Sans', style='normal', variant='normal', weight=700, stretch='normal', size='scalable')) = 0.33499999999999996
2024-04-19 11:22:02,738 - matplotlib.font_manager - DEBUG - findfont: score(FontEntry(fname='D:\\anaconda3\\envs\\cpf\\lib\\site-packages\\matplotlib\\mpl-data\\fonts\\ttf\\cmtt10.ttf', name='cmtt10', style='normal', variant='normal', weight=400, stretch='normal', size='scalable')) = 10.05
2024-04-19 11:22:02,738 - matplotlib.font_manager - DEBUG - findfont: score(FontEntry(fname='D:\\anaconda3\\envs\\cpf\\lib\\site-packages\\matplotlib\\mpl-data\\fonts\\ttf\\DejaVuSerif-BoldItalic.ttf', name='DejaVu Serif', style='italic', variant='normal', weight=700, stretch='normal', size='scalable')) = 11.335
2024-04-19 11:22:02,739 - matplotlib.font_manager - DEBUG - findfont: score(FontEntry(fname='D:\\anaconda3\\envs\\cpf\\lib\\site-packages\\matplotlib\\mpl-data\\fonts\\ttf\\DejaVuSansMono.ttf', name='DejaVu Sans Mono', style='normal', variant='normal', weight=400, stretch='normal', size='scalable')) = 10.05
2024-04-19 11:22:02,739 - matplotlib.font_manager - DEBUG - findfont: score(FontEntry(fname='D:\\anaconda3\\envs\\cpf\\lib\\site-packages\\matplotlib\\mpl-data\\fonts\\ttf\\cmb10.ttf', name='cmb10', style='normal', variant='normal', weight=400, stretch='normal', size='scalable')) = 10.05
2024-04-19 11:22:02,739 - matplotlib.font_manager - DEBUG - findfont: score(FontEntry(fname='D:\\anaconda3\\envs\\cpf\\lib\\site-packages\\matplotlib\\mpl-data\\fonts\\ttf\\cmsy10.ttf', name='cmsy10', style='normal', variant='normal', weight=400, stretch='normal', size='scalable')) = 10.05
2024-04-19 11:22:02,739 - matplotlib.font_manager - DEBUG - findfont: score(FontEntry(fname='D:\\anaconda3\\envs\\cpf\\lib\\site-packages\\matplotlib\\mpl-data\\fonts\\ttf\\DejaVuSansMono-BoldOblique.ttf', name='DejaVu Sans Mono', style='oblique', variant='normal', weight=700, stretch='normal', size='scalable')) = 11.335
2024-04-19 11:22:02,740 - matplotlib.font_manager - DEBUG - findfont: score(FontEntry(fname='D:\\anaconda3\\envs\\cpf\\lib\\site-packages\\matplotlib\\mpl-data\\fonts\\ttf\\STIXSizOneSymReg.ttf', name='STIXSizeOneSym', style='normal', variant='normal', weight=400, stretch='normal', size='scalable')) = 10.05
2024-04-19 11:22:02,740 - matplotlib.font_manager - DEBUG - findfont: score(FontEntry(fname='D:\\anaconda3\\envs\\cpf\\lib\\site-packages\\matplotlib\\mpl-data\\fonts\\ttf\\DejaVuSans.ttf', name='DejaVu Sans', style='normal', variant='normal', weight=400, stretch='normal', size='scalable')) = 0.05
2024-04-19 11:22:02,740 - matplotlib.font_manager - DEBUG - findfont: score(FontEntry(fname='D:\\anaconda3\\envs\\cpf\\lib\\site-packages\\matplotlib\\mpl-data\\fonts\\ttf\\STIXSizTwoSymReg.ttf', name='STIXSizeTwoSym', style='normal', variant='normal', weight=400, stretch='normal', size='scalable')) = 10.05
2024-04-19 11:22:02,741 - matplotlib.font_manager - DEBUG - findfont: score(FontEntry(fname='D:\\anaconda3\\envs\\cpf\\lib\\site-packages\\matplotlib\\mpl-data\\fonts\\ttf\\STIXSizFourSymReg.ttf', name='STIXSizeFourSym', style='normal', variant='normal', weight=400, stretch='normal', size='scalable')) = 10.05
2024-04-19 11:22:02,741 - matplotlib.font_manager - DEBUG - findfont: score(FontEntry(fname='D:\\anaconda3\\envs\\cpf\\lib\\site-packages\\matplotlib\\mpl-data\\fonts\\ttf\\cmss10.ttf', name='cmss10', style='normal', variant='normal', weight=400, stretch='normal', size='scalable')) = 10.05
2024-04-19 11:22:02,741 - matplotlib.font_manager - DEBUG - findfont: score(FontEntry(fname='D:\\anaconda3\\envs\\cpf\\lib\\site-packages\\matplotlib\\mpl-data\\fonts\\ttf\\STIXNonUniIta.ttf', name='STIXNonUnicode', style='italic', variant='normal', weight=400, stretch='normal', size='scalable')) = 11.05
2024-04-19 11:22:02,742 - matplotlib.font_manager - DEBUG - findfont: score(FontEntry(fname='D:\\anaconda3\\envs\\cpf\\lib\\site-packages\\matplotlib\\mpl-data\\fonts\\ttf\\STIXSizFourSymBol.ttf', name='STIXSizeFourSym', style='normal', variant='normal', weight=700, stretch='normal', size='scalable')) = 10.335
2024-04-19 11:22:02,742 - matplotlib.font_manager - DEBUG - findfont: score(FontEntry(fname='D:\\anaconda3\\envs\\cpf\\lib\\site-packages\\matplotlib\\mpl-data\\fonts\\ttf\\cmex10.ttf', name='cmex10', style='normal', variant='normal', weight=400, stretch='normal', size='scalable')) = 10.05
2024-04-19 11:22:02,742 - matplotlib.font_manager - DEBUG - findfont: score(FontEntry(fname='D:\\anaconda3\\envs\\cpf\\lib\\site-packages\\matplotlib\\mpl-data\\fonts\\ttf\\cmr10.ttf', name='cmr10', style='normal', variant='normal', weight=400, stretch='normal', size='scalable')) = 10.05
2024-04-19 11:22:02,742 - matplotlib.font_manager - DEBUG - findfont: score(FontEntry(fname='D:\\anaconda3\\envs\\cpf\\lib\\site-packages\\matplotlib\\mpl-data\\fonts\\ttf\\DejaVuSans-BoldOblique.ttf', name='DejaVu Sans', style='oblique', variant='normal', weight=700, stretch='normal', size='scalable')) = 1.335
2024-04-19 11:22:02,743 - matplotlib.font_manager - DEBUG - findfont: score(FontEntry(fname='D:\\anaconda3\\envs\\cpf\\lib\\site-packages\\matplotlib\\mpl-data\\fonts\\ttf\\STIXGeneralBolIta.ttf', name='STIXGeneral', style='italic', variant='normal', weight=700, stretch='normal', size='scalable')) = 11.335
2024-04-19 11:22:02,743 - matplotlib.font_manager - DEBUG - findfont: score(FontEntry(fname='D:\\anaconda3\\envs\\cpf\\lib\\site-packages\\matplotlib\\mpl-data\\fonts\\ttf\\DejaVuSans-Oblique.ttf', name='DejaVu Sans', style='oblique', variant='normal', weight=400, stretch='normal', size='scalable')) = 1.05
2024-04-19 11:22:02,743 - matplotlib.font_manager - DEBUG - findfont: score(FontEntry(fname='D:\\anaconda3\\envs\\cpf\\lib\\site-packages\\matplotlib\\mpl-data\\fonts\\ttf\\DejaVuSerifDisplay.ttf', name='DejaVu Serif Display', style='normal', variant='normal', weight=400, stretch='normal', size='scalable')) = 10.05
2024-04-19 11:22:02,744 - matplotlib.font_manager - DEBUG - findfont: score(FontEntry(fname='D:\\anaconda3\\envs\\cpf\\lib\\site-packages\\matplotlib\\mpl-data\\fonts\\ttf\\STIXSizThreeSymBol.ttf', name='STIXSizeThreeSym', style='normal', variant='normal', weight=700, stretch='normal', size='scalable')) = 10.335
2024-04-19 11:22:02,744 - matplotlib.font_manager - DEBUG - findfont: score(FontEntry(fname='D:\\anaconda3\\envs\\cpf\\lib\\site-packages\\matplotlib\\mpl-data\\fonts\\ttf\\DejaVuSansMono-Oblique.ttf', name='DejaVu Sans Mono', style='oblique', variant='normal', weight=400, stretch='normal', size='scalable')) = 11.05
2024-04-19 11:22:02,744 - matplotlib.font_manager - DEBUG - findfont: score(FontEntry(fname='D:\\anaconda3\\envs\\cpf\\lib\\site-packages\\matplotlib\\mpl-data\\fonts\\ttf\\STIXNonUniBol.ttf', name='STIXNonUnicode', style='normal', variant='normal', weight=700, stretch='normal', size='scalable')) = 10.335
2024-04-19 11:22:02,745 - matplotlib.font_manager - DEBUG - findfont: score(FontEntry(fname='D:\\anaconda3\\envs\\cpf\\lib\\site-packages\\matplotlib\\mpl-data\\fonts\\ttf\\DejaVuSerif-Bold.ttf', name='DejaVu Serif', style='normal', variant='normal', weight=700, stretch='normal', size='scalable')) = 10.335
2024-04-19 11:22:02,745 - matplotlib.font_manager - DEBUG - findfont: score(FontEntry(fname='D:\\anaconda3\\envs\\cpf\\lib\\site-packages\\matplotlib\\mpl-data\\fonts\\ttf\\STIXNonUniBolIta.ttf', name='STIXNonUnicode', style='italic', variant='normal', weight=700, stretch='normal', size='scalable')) = 11.335
2024-04-19 11:22:02,745 - matplotlib.font_manager - DEBUG - findfont: score(FontEntry(fname='D:\\anaconda3\\envs\\cpf\\lib\\site-packages\\matplotlib\\mpl-data\\fonts\\ttf\\STIXSizTwoSymBol.ttf', name='STIXSizeTwoSym', style='normal', variant='normal', weight=700, stretch='normal', size='scalable')) = 10.335
2024-04-19 11:22:02,746 - matplotlib.font_manager - DEBUG - findfont: score(FontEntry(fname='D:\\anaconda3\\envs\\cpf\\lib\\site-packages\\matplotlib\\mpl-data\\fonts\\ttf\\DejaVuSerif-Italic.ttf', name='DejaVu Serif', style='italic', variant='normal', weight=400, stretch='normal', size='scalable')) = 11.05
2024-04-19 11:22:02,746 - matplotlib.font_manager - DEBUG - findfont: score(FontEntry(fname='D:\\anaconda3\\envs\\cpf\\lib\\site-packages\\matplotlib\\mpl-data\\fonts\\ttf\\STIXGeneralBol.ttf', name='STIXGeneral', style='normal', variant='normal', weight=700, stretch='normal', size='scalable')) = 10.335
2024-04-19 11:22:02,746 - matplotlib.font_manager - DEBUG - findfont: score(FontEntry(fname='D:\\anaconda3\\envs\\cpf\\lib\\site-packages\\matplotlib\\mpl-data\\fonts\\ttf\\STIXNonUni.ttf', name='STIXNonUnicode', style='normal', variant='normal', weight=400, stretch='normal', size='scalable')) = 10.05
2024-04-19 11:22:02,746 - matplotlib.font_manager - DEBUG - findfont: score(FontEntry(fname='D:\\anaconda3\\envs\\cpf\\lib\\site-packages\\matplotlib\\mpl-data\\fonts\\ttf\\cmmi10.ttf', name='cmmi10', style='normal', variant='normal', weight=400, stretch='normal', size='scalable')) = 10.05
2024-04-19 11:22:02,747 - matplotlib.font_manager - DEBUG - findfont: score(FontEntry(fname='C:\\Windows\\Fonts\\seguiemj.ttf', name='Segoe UI Emoji', style='normal', variant='normal', weight=400, stretch='normal', size='scalable')) = 10.05
2024-04-19 11:22:02,747 - matplotlib.font_manager - DEBUG - findfont: score(FontEntry(fname='C:\\Windows\\Fonts\\arial.ttf', name='Arial', style='normal', variant='normal', weight=400, stretch='normal', size='scalable')) = 6.413636363636363
2024-04-19 11:22:02,747 - matplotlib.font_manager - DEBUG - findfont: score(FontEntry(fname='C:\\Windows\\Fonts\\tahoma.ttf', name='Tahoma', style='normal', variant='normal', weight=400, stretch='normal', size='scalable')) = 10.05
2024-04-19 11:22:02,747 - matplotlib.font_manager - DEBUG - findfont: score(FontEntry(fname='C:\\Windows\\Fonts\\cambriaz.ttf', name='Cambria', style='italic', variant='normal', weight=700, stretch='normal', size='scalable')) = 11.335
2024-04-19 11:22:02,748 - matplotlib.font_manager - DEBUG - findfont: score(FontEntry(fname='C:\\Windows\\Fonts\\seguisym.ttf', name='Segoe UI Symbol', style='normal', variant='normal', weight=400, stretch='normal', size='scalable')) = 10.05
2024-04-19 11:22:02,748 - matplotlib.font_manager - DEBUG - findfont: score(FontEntry(fname='C:\\Windows\\Fonts\\malgunsl.ttf', name='Malgun Gothic', style='normal', variant='normal', weight=300, stretch='normal', size='scalable')) = 10.145
2024-04-19 11:22:02,748 - matplotlib.font_manager - DEBUG - findfont: score(FontEntry(fname='C:\\Windows\\Fonts\\constani.ttf', name='Constantia', style='italic', variant='normal', weight=400, stretch='normal', size='scalable')) = 11.05
2024-04-19 11:22:02,748 - matplotlib.font_manager - DEBUG - findfont: score(FontEntry(fname='C:\\Windows\\Fonts\\malgunbd.ttf', name='Malgun Gothic', style='normal', variant='normal', weight=700, stretch='normal', size='scalable')) = 10.335
2024-04-19 11:22:02,748 - matplotlib.font_manager - DEBUG - findfont: score(FontEntry(fname='C:\\Windows\\Fonts\\YuGothB.ttc', name='Yu Gothic', style='normal', variant='normal', weight=700, stretch='normal', size='scalable')) = 10.335
2024-04-19 11:22:02,749 - matplotlib.font_manager - DEBUG - findfont: score(FontEntry(fname='C:\\Windows\\Fonts\\georgia.ttf', name='Georgia', style='normal', variant='normal', weight=400, stretch='normal', size='scalable')) = 10.05
2024-04-19 11:22:02,749 - matplotlib.font_manager - DEBUG - findfont: score(FontEntry(fname='C:\\Windows\\Fonts\\calibril.ttf', name='Calibri', style='normal', variant='normal', weight=300, stretch='normal', size='scalable')) = 10.145
2024-04-19 11:22:02,749 - matplotlib.font_manager - DEBUG - findfont: score(FontEntry(fname='C:\\Windows\\Fonts\\georgiaz.ttf', name='Georgia', style='italic', variant='normal', weight=700, stretch='normal', size='scalable')) = 11.335
2024-04-19 11:22:02,749 - matplotlib.font_manager - DEBUG - findfont: score(FontEntry(fname='C:\\Windows\\Fonts\\arialbd.ttf', name='Arial', style='normal', variant='normal', weight=700, stretch='normal', size='scalable')) = 6.698636363636363
2024-04-19 11:22:02,749 - matplotlib.font_manager - DEBUG - findfont: score(FontEntry(fname='C:\\Windows\\Fonts\\LeelUIsl.ttf', name='Leelawadee UI', style='normal', variant='normal', weight=350, stretch='normal', size='scalable')) = 10.0975
2024-04-19 11:22:02,750 - matplotlib.font_manager - DEBUG - findfont: score(FontEntry(fname='C:\\Windows\\Fonts\\georgiab.ttf', name='Georgia', style='normal', variant='normal', weight=700, stretch='normal', size='scalable')) = 10.335
2024-04-19 11:22:02,750 - matplotlib.font_manager - DEBUG - findfont: score(FontEntry(fname='C:\\Windows\\Fonts\\timesbd.ttf', name='Times New Roman', style='normal', variant='normal', weight=700, stretch='normal', size='scalable')) = 10.335
2024-04-19 11:22:02,750 - matplotlib.font_manager - DEBUG - findfont: score(FontEntry(fname='C:\\Windows\\Fonts\\Nirmala.ttf', name='Nirmala UI', style='normal', variant='normal', weight=400, stretch='normal', size='scalable')) = 10.05
2024-04-19 11:22:02,750 - matplotlib.font_manager - DEBUG - findfont: score(FontEntry(fname='C:\\Windows\\Fonts\\ebrimabd.ttf', name='Ebrima', style='normal', variant='normal', weight=700, stretch='normal', size='scalable')) = 10.335
2024-04-19 11:22:02,751 - matplotlib.font_manager - DEBUG - findfont: score(FontEntry(fname='C:\\Windows\\Fonts\\webdings.ttf', name='Webdings', style='normal', variant='normal', weight=400, stretch='normal', size='scalable')) = 10.05
2024-04-19 11:22:02,751 - matplotlib.font_manager - DEBUG - findfont: score(FontEntry(fname='C:\\Windows\\Fonts\\arialbi.ttf', name='Arial', style='italic', variant='normal', weight=700, stretch='normal', size='scalable')) = 7.698636363636363
2024-04-19 11:22:02,751 - matplotlib.font_manager - DEBUG - findfont: score(FontEntry(fname='C:\\Windows\\Fonts\\simsun.ttc', name='SimSun', style='normal', variant='normal', weight=400, stretch='normal', size='scalable')) = 10.05
2024-04-19 11:22:02,751 - matplotlib.font_manager - DEBUG - findfont: score(FontEntry(fname='C:\\Windows\\Fonts\\palabi.ttf', name='Palatino Linotype', style='italic', variant='normal', weight=700, stretch='normal', size='scalable')) = 11.335
2024-04-19 11:22:02,752 - matplotlib.font_manager - DEBUG - findfont: score(FontEntry(fname='C:\\Windows\\Fonts\\segoeuii.ttf', name='Segoe UI', style='italic', variant='normal', weight=400, stretch='normal', size='scalable')) = 11.05
2024-04-19 11:22:02,752 - matplotlib.font_manager - DEBUG - findfont: score(FontEntry(fname='C:\\Windows\\Fonts\\javatext.ttf', name='Javanese Text', style='normal', variant='normal', weight=400, stretch='normal', size='scalable')) = 10.05
2024-04-19 11:22:02,752 - matplotlib.font_manager - DEBUG - findfont: score(FontEntry(fname='C:\\Windows\\Fonts\\ntailub.ttf', name='Microsoft New Tai Lue', style='normal', variant='normal', weight=700, stretch='normal', size='scalable')) = 10.335
2024-04-19 11:22:02,752 - matplotlib.font_manager - DEBUG - findfont: score(FontEntry(fname='C:\\Windows\\Fonts\\calibrili.ttf', name='Calibri', style='italic', variant='normal', weight=300, stretch='normal', size='scalable')) = 11.145
2024-04-19 11:22:02,753 - matplotlib.font_manager - DEBUG - findfont: score(FontEntry(fname='C:\\Windows\\Fonts\\pala.ttf', name='Palatino Linotype', style='normal', variant='normal', weight=400, stretch='normal', size='scalable')) = 10.05
2024-04-19 11:22:02,753 - matplotlib.font_manager - DEBUG - findfont: score(FontEntry(fname='C:\\Windows\\Fonts\\Inkfree.ttf', name='Ink Free', style='normal', variant='normal', weight=400, stretch='normal', size='scalable')) = 10.05
2024-04-19 11:22:02,753 - matplotlib.font_manager - DEBUG - findfont: score(FontEntry(fname='C:\\Windows\\Fonts\\courbi.ttf', name='Courier New', style='italic', variant='normal', weight=700, stretch='normal', size='scalable')) = 11.335
2024-04-19 11:22:02,753 - matplotlib.font_manager - DEBUG - findfont: score(FontEntry(fname='C:\\Windows\\Fonts\\Sitka.ttc', name='Sitka Small', style='normal', variant='normal', weight=400, stretch='normal', size='scalable')) = 10.05
2024-04-19 11:22:02,754 - matplotlib.font_manager - DEBUG - findfont: score(FontEntry(fname='C:\\Windows\\Fonts\\YuGothR.ttc', name='Yu Gothic', style='normal', variant='normal', weight=400, stretch='normal', size='scalable')) = 10.05
2024-04-19 11:22:02,754 - matplotlib.font_manager - DEBUG - findfont: score(FontEntry(fname='C:\\Windows\\Fonts\\Candaraz.ttf', name='Candara', style='italic', variant='normal', weight=700, stretch='normal', size='scalable')) = 11.335
2024-04-19 11:22:02,754 - matplotlib.font_manager - DEBUG - findfont: score(FontEntry(fname='C:\\Windows\\Fonts\\msyhl.ttc', name='Microsoft YaHei', style='normal', variant='normal', weight=290, stretch='normal', size='scalable')) = 10.1545
2024-04-19 11:22:02,754 - matplotlib.font_manager - DEBUG - findfont: score(FontEntry(fname='C:\\Windows\\Fonts\\segoeuiz.ttf', name='Segoe UI', style='italic', variant='normal', weight=700, stretch='normal', size='scalable')) = 11.335
2024-04-19 11:22:02,755 - matplotlib.font_manager - DEBUG - findfont: score(FontEntry(fname='C:\\Windows\\Fonts\\calibriz.ttf', name='Calibri', style='italic', variant='normal', weight=700, stretch='normal', size='scalable')) = 11.335
2024-04-19 11:22:02,755 - matplotlib.font_manager - DEBUG - findfont: score(FontEntry(fname='C:\\Windows\\Fonts\\Candara.ttf', name='Candara', style='normal', variant='normal', weight=400, stretch='normal', size='scalable')) = 10.05
2024-04-19 11:22:02,755 - matplotlib.font_manager - DEBUG - findfont: score(FontEntry(fname='C:\\Windows\\Fonts\\tahomabd.ttf', name='Tahoma', style='normal', variant='normal', weight=700, stretch='normal', size='scalable')) = 10.335
2024-04-19 11:22:02,755 - matplotlib.font_manager - DEBUG - findfont: score(FontEntry(fname='C:\\Windows\\Fonts\\NirmalaS.ttf', name='Nirmala UI', style='normal', variant='normal', weight=350, stretch='normal', size='scalable')) = 10.0975
2024-04-19 11:22:02,755 - matplotlib.font_manager - DEBUG - findfont: score(FontEntry(fname='C:\\Windows\\Fonts\\ariali.ttf', name='Arial', style='italic', variant='normal', weight=400, stretch='normal', size='scalable')) = 7.413636363636363
2024-04-19 11:22:02,756 - matplotlib.font_manager - DEBUG - findfont: score(FontEntry(fname='C:\\Windows\\Fonts\\comic.ttf', name='Comic Sans MS', style='normal', variant='normal', weight=400, stretch='normal', size='scalable')) = 10.05
2024-04-19 11:22:02,756 - matplotlib.font_manager - DEBUG - findfont: score(FontEntry(fname='C:\\Windows\\Fonts\\NirmalaB.ttf', name='Nirmala UI', style='normal', variant='normal', weight=700, stretch='normal', size='scalable')) = 10.335
2024-04-19 11:22:02,756 - matplotlib.font_manager - DEBUG - findfont: score(FontEntry(fname='C:\\Windows\\Fonts\\seguisli.ttf', name='Segoe UI', style='italic', variant='normal', weight=350, stretch='normal', size='scalable')) = 11.0975
2024-04-19 11:22:02,757 - matplotlib.font_manager - DEBUG - findfont: score(FontEntry(fname='C:\\Windows\\Fonts\\times.ttf', name='Times New Roman', style='normal', variant='normal', weight=400, stretch='normal', size='scalable')) = 10.05
2024-04-19 11:22:02,757 - matplotlib.font_manager - DEBUG - findfont: score(FontEntry(fname='C:\\Windows\\Fonts\\symbol.ttf', name='Symbol', style='normal', variant='normal', weight=400, stretch='normal', size='scalable')) = 10.05
2024-04-19 11:22:02,757 - matplotlib.font_manager - DEBUG - findfont: score(FontEntry(fname='C:\\Windows\\Fonts\\SitkaZ.ttc', name='Sitka Small', style='italic', variant='normal', weight=700, stretch='normal', size='scalable')) = 11.335
2024-04-19 11:22:02,757 - matplotlib.font_manager - DEBUG - findfont: score(FontEntry(fname='C:\\Windows\\Fonts\\LeelawUI.ttf', name='Leelawadee UI', style='normal', variant='normal', weight=400, stretch='normal', size='scalable')) = 10.05
2024-04-19 11:22:02,758 - matplotlib.font_manager - DEBUG - findfont: score(FontEntry(fname='C:\\Windows\\Fonts\\courbd.ttf', name='Courier New', style='normal', variant='normal', weight=700, stretch='normal', size='scalable')) = 10.335
2024-04-19 11:22:02,758 - matplotlib.font_manager - DEBUG - findfont: score(FontEntry(fname='C:\\Windows\\Fonts\\seguihis.ttf', name='Segoe UI Historic', style='normal', variant='normal', weight=400, stretch='normal', size='scalable')) = 10.05
2024-04-19 11:22:02,758 - matplotlib.font_manager - DEBUG - findfont: score(FontEntry(fname='C:\\Windows\\Fonts\\ntailu.ttf', name='Microsoft New Tai Lue', style='normal', variant='normal', weight=400, stretch='normal', size='scalable')) = 10.05
2024-04-19 11:22:02,758 - matplotlib.font_manager - DEBUG - findfont: score(FontEntry(fname='C:\\Windows\\Fonts\\seguibl.ttf', name='Segoe UI', style='normal', variant='normal', weight=900, stretch='normal', size='scalable')) = 10.525
2024-04-19 11:22:02,759 - matplotlib.font_manager - DEBUG - findfont: score(FontEntry(fname='C:\\Windows\\Fonts\\consolai.ttf', name='Consolas', style='italic', variant='normal', weight=400, stretch='normal', size='scalable')) = 11.05
2024-04-19 11:22:02,759 - matplotlib.font_manager - DEBUG - findfont: score(FontEntry(fname='C:\\Windows\\Fonts\\msjhbd.ttc', name='Microsoft JhengHei', style='normal', variant='normal', weight=700, stretch='normal', size='scalable')) = 10.335
2024-04-19 11:22:02,759 - matplotlib.font_manager - DEBUG - findfont: score(FontEntry(fname='C:\\Windows\\Fonts\\monbaiti.ttf', name='Mongolian Baiti', style='normal', variant='normal', weight=400, stretch='normal', size='scalable')) = 10.05
2024-04-19 11:22:02,759 - matplotlib.font_manager - DEBUG - findfont: score(FontEntry(fname='C:\\Windows\\Fonts\\Deng.ttf', name='DengXian', style='normal', variant='normal', weight=400, stretch='normal', size='scalable')) = 10.05
2024-04-19 11:22:02,760 - matplotlib.font_manager - DEBUG - findfont: score(FontEntry(fname='C:\\Windows\\Fonts\\georgiai.ttf', name='Georgia', style='italic', variant='normal', weight=400, stretch='normal', size='scalable')) = 11.05
2024-04-19 11:22:02,760 - matplotlib.font_manager - DEBUG - findfont: score(FontEntry(fname='C:\\Windows\\Fonts\\holomdl2.ttf', name='HoloLens MDL2 Assets', style='normal', variant='normal', weight=400, stretch='normal', size='scalable')) = 10.05
2024-04-19 11:22:02,760 - matplotlib.font_manager - DEBUG - findfont: score(FontEntry(fname='C:\\Windows\\Fonts\\Gabriola.ttf', name='Gabriola', style='normal', variant='normal', weight=400, stretch='normal', size='scalable')) = 10.05
2024-04-19 11:22:02,760 - matplotlib.font_manager - DEBUG - findfont: score(FontEntry(fname='C:\\Windows\\Fonts\\sylfaen.ttf', name='Sylfaen', style='normal', variant='normal', weight=400, stretch='normal', size='scalable')) = 10.05
2024-04-19 11:22:02,761 - matplotlib.font_manager - DEBUG - findfont: score(FontEntry(fname='C:\\Windows\\Fonts\\mvboli.ttf', name='MV Boli', style='normal', variant='normal', weight=400, stretch='normal', size='scalable')) = 10.05
2024-04-19 11:22:02,761 - matplotlib.font_manager - DEBUG - findfont: score(FontEntry(fname='C:\\Windows\\Fonts\\couri.ttf', name='Courier New', style='italic', variant='normal', weight=400, stretch='normal', size='scalable')) = 11.05
2024-04-19 11:22:02,761 - matplotlib.font_manager - DEBUG - findfont: score(FontEntry(fname='C:\\Windows\\Fonts\\segoeui.ttf', name='Segoe UI', style='normal', variant='normal', weight=400, stretch='normal', size='scalable')) = 10.05
2024-04-19 11:22:02,761 - matplotlib.font_manager - DEBUG - findfont: score(FontEntry(fname='C:\\Windows\\Fonts\\taileb.ttf', name='Microsoft Tai Le', style='normal', variant='normal', weight=700, stretch='normal', size='scalable')) = 10.335
2024-04-19 11:22:02,761 - matplotlib.font_manager - DEBUG - findfont: score(FontEntry(fname='C:\\Windows\\Fonts\\segoeuib.ttf', name='Segoe UI', style='normal', variant='normal', weight=700, stretch='normal', size='scalable')) = 10.335
2024-04-19 11:22:02,762 - matplotlib.font_manager - DEBUG - findfont: score(FontEntry(fname='C:\\Windows\\Fonts\\LeelaUIb.ttf', name='Leelawadee UI', style='normal', variant='normal', weight=700, stretch='normal', size='scalable')) = 10.335
2024-04-19 11:22:02,762 - matplotlib.font_manager - DEBUG - findfont: score(FontEntry(fname='C:\\Windows\\Fonts\\consolab.ttf', name='Consolas', style='normal', variant='normal', weight=700, stretch='normal', size='scalable')) = 10.335
2024-04-19 11:22:02,762 - matplotlib.font_manager - DEBUG - findfont: score(FontEntry(fname='C:\\Windows\\Fonts\\trebuc.ttf', name='Trebuchet MS', style='normal', variant='normal', weight=400, stretch='normal', size='scalable')) = 10.05
2024-04-19 11:22:02,762 - matplotlib.font_manager - DEBUG - findfont: score(FontEntry(fname='C:\\Windows\\Fonts\\micross.ttf', name='Microsoft Sans Serif', style='normal', variant='normal', weight=400, stretch='normal', size='scalable')) = 10.05
2024-04-19 11:22:02,763 - matplotlib.font_manager - DEBUG - findfont: score(FontEntry(fname='C:\\Windows\\Fonts\\msyh.ttc', name='Microsoft YaHei', style='normal', variant='normal', weight=400, stretch='normal', size='scalable')) = 10.05
2024-04-19 11:22:02,763 - matplotlib.font_manager - DEBUG - findfont: score(FontEntry(fname='C:\\Windows\\Fonts\\segoesc.ttf', name='Segoe Script', style='normal', variant='normal', weight=400, stretch='normal', size='scalable')) = 10.05
2024-04-19 11:22:02,763 - matplotlib.font_manager - DEBUG - findfont: score(FontEntry(fname='C:\\Windows\\Fonts\\trebucbd.ttf', name='Trebuchet MS', style='normal', variant='normal', weight=700, stretch='normal', size='scalable')) = 10.335
2024-04-19 11:22:02,763 - matplotlib.font_manager - DEBUG - findfont: score(FontEntry(fname='C:\\Windows\\Fonts\\corbelz.ttf', name='Corbel', style='italic', variant='normal', weight=700, stretch='normal', size='scalable')) = 11.335
2024-04-19 11:22:02,764 - matplotlib.font_manager - DEBUG - findfont: score(FontEntry(fname='C:\\Windows\\Fonts\\msgothic.ttc', name='MS Gothic', style='normal', variant='normal', weight=400, stretch='normal', size='scalable')) = 10.05
2024-04-19 11:22:02,764 - matplotlib.font_manager - DEBUG - findfont: score(FontEntry(fname='C:\\Windows\\Fonts\\consola.ttf', name='Consolas', style='normal', variant='normal', weight=400, stretch='normal', size='scalable')) = 10.05
2024-04-19 11:22:02,764 - matplotlib.font_manager - DEBUG - findfont: score(FontEntry(fname='C:\\Windows\\Fonts\\verdanab.ttf', name='Verdana', style='normal', variant='normal', weight=700, stretch='normal', size='scalable')) = 3.9713636363636367
2024-04-19 11:22:02,764 - matplotlib.font_manager - DEBUG - findfont: score(FontEntry(fname='C:\\Windows\\Fonts\\timesi.ttf', name='Times New Roman', style='italic', variant='normal', weight=400, stretch='normal', size='scalable')) = 11.05
2024-04-19 11:22:02,764 - matplotlib.font_manager - DEBUG - findfont: score(FontEntry(fname='C:\\Windows\\Fonts\\msjh.ttc', name='Microsoft JhengHei', style='normal', variant='normal', weight=400, stretch='normal', size='scalable')) = 10.05
2024-04-19 11:22:02,765 - matplotlib.font_manager - DEBUG - findfont: score(FontEntry(fname='C:\\Windows\\Fonts\\mmrtext.ttf', name='Myanmar Text', style='normal', variant='normal', weight=400, stretch='normal', size='scalable')) = 10.05
2024-04-19 11:22:02,765 - matplotlib.font_manager - DEBUG - findfont: score(FontEntry(fname='C:\\Windows\\Fonts\\bahnschrift.ttf', name='Bahnschrift', style='normal', variant='normal', weight=400, stretch='normal', size='scalable')) = 10.05
2024-04-19 11:22:02,765 - matplotlib.font_manager - DEBUG - findfont: score(FontEntry(fname='C:\\Windows\\Fonts\\corbel.ttf', name='Corbel', style='normal', variant='normal', weight=400, stretch='normal', size='scalable')) = 10.05
2024-04-19 11:22:02,765 - matplotlib.font_manager - DEBUG - findfont: score(FontEntry(fname='C:\\Windows\\Fonts\\comicbd.ttf', name='Comic Sans MS', style='normal', variant='normal', weight=700, stretch='normal', size='scalable')) = 10.335
2024-04-19 11:22:02,765 - matplotlib.font_manager - DEBUG - findfont: score(FontEntry(fname='C:\\Windows\\Fonts\\calibrii.ttf', name='Calibri', style='italic', variant='normal', weight=400, stretch='normal', size='scalable')) = 11.05
2024-04-19 11:22:02,766 - matplotlib.font_manager - DEBUG - findfont: score(FontEntry(fname='C:\\Windows\\Fonts\\msyhbd.ttc', name='Microsoft YaHei', style='normal', variant='normal', weight=700, stretch='normal', size='scalable')) = 10.335
2024-04-19 11:22:02,766 - matplotlib.font_manager - DEBUG - findfont: score(FontEntry(fname='C:\\Windows\\Fonts\\comicz.ttf', name='Comic Sans MS', style='italic', variant='normal', weight=700, stretch='normal', size='scalable')) = 11.335
2024-04-19 11:22:02,766 - matplotlib.font_manager - DEBUG - findfont: score(FontEntry(fname='C:\\Windows\\Fonts\\l_10646.ttf', name='Lucida Sans Unicode', style='normal', variant='normal', weight=400, stretch='normal', size='scalable')) = 10.05
2024-04-19 11:22:02,766 - matplotlib.font_manager - DEBUG - findfont: score(FontEntry(fname='C:\\Windows\\Fonts\\msjhl.ttc', name='Microsoft JhengHei', style='normal', variant='normal', weight=290, stretch='normal', size='scalable')) = 10.1545
2024-04-19 11:22:02,766 - matplotlib.font_manager - DEBUG - findfont: score(FontEntry(fname='C:\\Windows\\Fonts\\simhei.ttf', name='SimHei', style='normal', variant='normal', weight=400, stretch='normal', size='scalable')) = 10.05
2024-04-19 11:22:02,767 - matplotlib.font_manager - DEBUG - findfont: score(FontEntry(fname='C:\\Windows\\Fonts\\Candaral.ttf', name='Candara', style='normal', variant='normal', weight=400, stretch='normal', size='scalable')) = 10.05
2024-04-19 11:22:02,767 - matplotlib.font_manager - DEBUG - findfont: score(FontEntry(fname='C:\\Windows\\Fonts\\comici.ttf', name='Comic Sans MS', style='italic', variant='normal', weight=400, stretch='normal', size='scalable')) = 11.05
2024-04-19 11:22:02,767 - matplotlib.font_manager - DEBUG - findfont: score(FontEntry(fname='C:\\Windows\\Fonts\\impact.ttf', name='Impact', style='normal', variant='normal', weight=400, stretch='normal', size='scalable')) = 10.05
2024-04-19 11:22:02,767 - matplotlib.font_manager - DEBUG - findfont: score(FontEntry(fname='C:\\Windows\\Fonts\\trebucit.ttf', name='Trebuchet MS', style='italic', variant='normal', weight=400, stretch='normal', size='scalable')) = 11.05
2024-04-19 11:22:02,768 - matplotlib.font_manager - DEBUG - findfont: score(FontEntry(fname='C:\\Windows\\Fonts\\cambriai.ttf', name='Cambria', style='italic', variant='normal', weight=400, stretch='normal', size='scalable')) = 11.05
2024-04-19 11:22:02,768 - matplotlib.font_manager - DEBUG - findfont: score(FontEntry(fname='C:\\Windows\\Fonts\\trebucbi.ttf', name='Trebuchet MS', style='italic', variant='normal', weight=700, stretch='normal', size='scalable')) = 11.335
2024-04-19 11:22:02,768 - matplotlib.font_manager - DEBUG - findfont: score(FontEntry(fname='C:\\Windows\\Fonts\\corbelb.ttf', name='Corbel', style='normal', variant='normal', weight=700, stretch='normal', size='scalable')) = 10.335
2024-04-19 11:22:02,768 - matplotlib.font_manager - DEBUG - findfont: score(FontEntry(fname='C:\\Windows\\Fonts\\calibrib.ttf', name='Calibri', style='normal', variant='normal', weight=700, stretch='normal', size='scalable')) = 10.335
2024-04-19 11:22:02,768 - matplotlib.font_manager - DEBUG - findfont: score(FontEntry(fname='C:\\Windows\\Fonts\\calibri.ttf', name='Calibri', style='normal', variant='normal', weight=400, stretch='normal', size='scalable')) = 10.05
2024-04-19 11:22:02,769 - matplotlib.font_manager - DEBUG - findfont: score(FontEntry(fname='C:\\Windows\\Fonts\\seguisb.ttf', name='Segoe UI', style='normal', variant='normal', weight=600, stretch='normal', size='scalable')) = 10.24
2024-04-19 11:22:02,769 - matplotlib.font_manager - DEBUG - findfont: score(FontEntry(fname='C:\\Windows\\Fonts\\cour.ttf', name='Courier New', style='normal', variant='normal', weight=400, stretch='normal', size='scalable')) = 10.05
2024-04-19 11:22:02,769 - matplotlib.font_manager - DEBUG - findfont: score(FontEntry(fname='C:\\Windows\\Fonts\\seguibli.ttf', name='Segoe UI', style='italic', variant='normal', weight=900, stretch='normal', size='scalable')) = 11.525
2024-04-19 11:22:02,770 - matplotlib.font_manager - DEBUG - findfont: score(FontEntry(fname='C:\\Windows\\Fonts\\himalaya.ttf', name='Microsoft Himalaya', style='normal', variant='normal', weight=400, stretch='normal', size='scalable')) = 10.05
2024-04-19 11:22:02,770 - matplotlib.font_manager - DEBUG - findfont: score(FontEntry(fname='C:\\Windows\\Fonts\\verdanaz.ttf', name='Verdana', style='italic', variant='normal', weight=700, stretch='normal', size='scalable')) = 4.971363636363637
2024-04-19 11:22:02,771 - matplotlib.font_manager - DEBUG - findfont: score(FontEntry(fname='C:\\Windows\\Fonts\\gadugi.ttf', name='Gadugi', style='normal', variant='normal', weight=400, stretch='normal', size='scalable')) = 10.05
2024-04-19 11:22:02,771 - matplotlib.font_manager - DEBUG - findfont: score(FontEntry(fname='C:\\Windows\\Fonts\\verdana.ttf', name='Verdana', style='normal', variant='normal', weight=400, stretch='normal', size='scalable')) = 3.6863636363636365
2024-04-19 11:22:02,771 - matplotlib.font_manager - DEBUG - findfont: score(FontEntry(fname='C:\\Windows\\Fonts\\SitkaI.ttc', name='Sitka Small', style='italic', variant='normal', weight=400, stretch='normal', size='scalable')) = 11.05
2024-04-19 11:22:02,771 - matplotlib.font_manager - DEBUG - findfont: score(FontEntry(fname='C:\\Windows\\Fonts\\palab.ttf', name='Palatino Linotype', style='normal', variant='normal', weight=700, stretch='normal', size='scalable')) = 10.335
2024-04-19 11:22:02,772 - matplotlib.font_manager - DEBUG - findfont: score(FontEntry(fname='C:\\Windows\\Fonts\\seguili.ttf', name='Segoe UI', style='italic', variant='normal', weight=300, stretch='normal', size='scalable')) = 11.145
2024-04-19 11:22:02,772 - matplotlib.font_manager - DEBUG - findfont: score(FontEntry(fname='C:\\Windows\\Fonts\\Candarai.ttf', name='Candara', style='italic', variant='normal', weight=400, stretch='normal', size='scalable')) = 11.05
2024-04-19 11:22:02,772 - matplotlib.font_manager - DEBUG - findfont: score(FontEntry(fname='C:\\Windows\\Fonts\\corbell.ttf', name='Corbel', style='normal', variant='normal', weight=300, stretch='normal', size='scalable')) = 10.145
2024-04-19 11:22:02,773 - matplotlib.font_manager - DEBUG - findfont: score(FontEntry(fname='C:\\Windows\\Fonts\\lucon.ttf', name='Lucida Console', style='normal', variant='normal', weight=400, stretch='normal', size='scalable')) = 10.05
2024-04-19 11:22:02,773 - matplotlib.font_manager - DEBUG - findfont: score(FontEntry(fname='C:\\Windows\\Fonts\\seguisbi.ttf', name='Segoe UI', style='italic', variant='normal', weight=600, stretch='normal', size='scalable')) = 11.24
2024-04-19 11:22:02,773 - matplotlib.font_manager - DEBUG - findfont: score(FontEntry(fname='C:\\Windows\\Fonts\\constanb.ttf', name='Constantia', style='normal', variant='normal', weight=700, stretch='normal', size='scalable')) = 10.335
2024-04-19 11:22:02,773 - matplotlib.font_manager - DEBUG - findfont: score(FontEntry(fname='C:\\Windows\\Fonts\\Candarali.ttf', name='Candara', style='italic', variant='normal', weight=400, stretch='normal', size='scalable')) = 11.05
2024-04-19 11:22:02,774 - matplotlib.font_manager - DEBUG - findfont: score(FontEntry(fname='C:\\Windows\\Fonts\\Candarab.ttf', name='Candara', style='normal', variant='normal', weight=700, stretch='normal', size='scalable')) = 10.335
2024-04-19 11:22:02,774 - matplotlib.font_manager - DEBUG - findfont: score(FontEntry(fname='C:\\Windows\\Fonts\\gadugib.ttf', name='Gadugi', style='normal', variant='normal', weight=700, stretch='normal', size='scalable')) = 10.335
2024-04-19 11:22:02,774 - matplotlib.font_manager - DEBUG - findfont: score(FontEntry(fname='C:\\Windows\\Fonts\\ebrima.ttf', name='Ebrima', style='normal', variant='normal', weight=400, stretch='normal', size='scalable')) = 10.05
2024-04-19 11:22:02,774 - matplotlib.font_manager - DEBUG - findfont: score(FontEntry(fname='C:\\Windows\\Fonts\\YuGothL.ttc', name='Yu Gothic', style='normal', variant='normal', weight=300, stretch='normal', size='scalable')) = 10.145
2024-04-19 11:22:02,774 - matplotlib.font_manager - DEBUG - findfont: score(FontEntry(fname='C:\\Windows\\Fonts\\framdit.ttf', name='Franklin Gothic Medium', style='italic', variant='normal', weight=400, stretch='normal', size='scalable')) = 11.05
2024-04-19 11:22:02,775 - matplotlib.font_manager - DEBUG - findfont: score(FontEntry(fname='C:\\Windows\\Fonts\\Dengb.ttf', name='DengXian', style='normal', variant='normal', weight=700, stretch='normal', size='scalable')) = 10.335
2024-04-19 11:22:02,775 - matplotlib.font_manager - DEBUG - findfont: score(FontEntry(fname='C:\\Windows\\Fonts\\segoeuil.ttf', name='Segoe UI', style='normal', variant='normal', weight=300, stretch='normal', size='scalable')) = 10.145
2024-04-19 11:22:02,775 - matplotlib.font_manager - DEBUG - findfont: score(FontEntry(fname='C:\\Windows\\Fonts\\wingding.ttf', name='Wingdings', style='normal', variant='normal', weight=400, stretch='normal', size='scalable')) = 10.05
2024-04-19 11:22:02,776 - matplotlib.font_manager - DEBUG - findfont: score(FontEntry(fname='C:\\Windows\\Fonts\\corbelli.ttf', name='Corbel', style='italic', variant='normal', weight=300, stretch='normal', size='scalable')) = 11.145
2024-04-19 11:22:02,776 - matplotlib.font_manager - DEBUG - findfont: score(FontEntry(fname='C:\\Windows\\Fonts\\Dengl.ttf', name='DengXian', style='normal', variant='normal', weight=300, stretch='normal', size='scalable')) = 10.145
2024-04-19 11:22:02,776 - matplotlib.font_manager - DEBUG - findfont: score(FontEntry(fname='C:\\Windows\\Fonts\\msyi.ttf', name='Microsoft Yi Baiti', style='normal', variant='normal', weight=400, stretch='normal', size='scalable')) = 10.05
2024-04-19 11:22:02,776 - matplotlib.font_manager - DEBUG - findfont: score(FontEntry(fname='C:\\Windows\\Fonts\\constan.ttf', name='Constantia', style='normal', variant='normal', weight=400, stretch='normal', size='scalable')) = 10.05
2024-04-19 11:22:02,777 - matplotlib.font_manager - DEBUG - findfont: score(FontEntry(fname='C:\\Windows\\Fonts\\cambriab.ttf', name='Cambria', style='normal', variant='normal', weight=700, stretch='normal', size='scalable')) = 10.335
2024-04-19 11:22:02,777 - matplotlib.font_manager - DEBUG - findfont: score(FontEntry(fname='C:\\Windows\\Fonts\\mmrtextb.ttf', name='Myanmar Text', style='normal', variant='normal', weight=700, stretch='normal', size='scalable')) = 10.335
2024-04-19 11:22:02,777 - matplotlib.font_manager - DEBUG - findfont: score(FontEntry(fname='C:\\Windows\\Fonts\\constanz.ttf', name='Constantia', style='italic', variant='normal', weight=700, stretch='normal', size='scalable')) = 11.335
2024-04-19 11:22:02,778 - matplotlib.font_manager - DEBUG - findfont: score(FontEntry(fname='C:\\Windows\\Fonts\\segoescb.ttf', name='Segoe Script', style='normal', variant='normal', weight=700, stretch='normal', size='scalable')) = 10.335
2024-04-19 11:22:02,778 - matplotlib.font_manager - DEBUG - findfont: score(FontEntry(fname='C:\\Windows\\Fonts\\segoepr.ttf', name='Segoe Print', style='normal', variant='normal', weight=400, stretch='normal', size='scalable')) = 10.05
2024-04-19 11:22:02,778 - matplotlib.font_manager - DEBUG - findfont: score(FontEntry(fname='C:\\Windows\\Fonts\\simsunb.ttf', name='SimSun-ExtB', style='normal', variant='normal', weight=400, stretch='normal', size='scalable')) = 10.05
2024-04-19 11:22:02,778 - matplotlib.font_manager - DEBUG - findfont: score(FontEntry(fname='C:\\Windows\\Fonts\\framd.ttf', name='Franklin Gothic Medium', style='normal', variant='normal', weight=400, stretch='normal', size='scalable')) = 10.05
2024-04-19 11:22:02,779 - matplotlib.font_manager - DEBUG - findfont: score(FontEntry(fname='C:\\Windows\\Fonts\\simfang.ttf', name='FangSong', style='normal', variant='normal', weight=400, stretch='normal', size='scalable')) = 10.05
2024-04-19 11:22:02,779 - matplotlib.font_manager - DEBUG - findfont: score(FontEntry(fname='C:\\Windows\\Fonts\\segmdl2.ttf', name='Segoe MDL2 Assets', style='normal', variant='normal', weight=400, stretch='normal', size='scalable')) = 10.05
2024-04-19 11:22:02,779 - matplotlib.font_manager - DEBUG - findfont: score(FontEntry(fname='C:\\Windows\\Fonts\\verdanai.ttf', name='Verdana', style='italic', variant='normal', weight=400, stretch='normal', size='scalable')) = 4.6863636363636365
2024-04-19 11:22:02,779 - matplotlib.font_manager - DEBUG - findfont: score(FontEntry(fname='C:\\Windows\\Fonts\\timesbi.ttf', name='Times New Roman', style='italic', variant='normal', weight=700, stretch='normal', size='scalable')) = 11.335
2024-04-19 11:22:02,780 - matplotlib.font_manager - DEBUG - findfont: score(FontEntry(fname='C:\\Windows\\Fonts\\SitkaB.ttc', name='Sitka Small', style='normal', variant='normal', weight=700, stretch='normal', size='scalable')) = 10.335
2024-04-19 11:22:02,780 - matplotlib.font_manager - DEBUG - findfont: score(FontEntry(fname='C:\\Windows\\Fonts\\taile.ttf', name='Microsoft Tai Le', style='normal', variant='normal', weight=400, stretch='normal', size='scalable')) = 10.05
2024-04-19 11:22:02,780 - matplotlib.font_manager - DEBUG - findfont: score(FontEntry(fname='C:\\Windows\\Fonts\\corbeli.ttf', name='Corbel', style='italic', variant='normal', weight=400, stretch='normal', size='scalable')) = 11.05
2024-04-19 11:22:02,781 - matplotlib.font_manager - DEBUG - findfont: score(FontEntry(fname='C:\\Windows\\Fonts\\ariblk.ttf', name='Arial', style='normal', variant='normal', weight=900, stretch='normal', size='scalable')) = 6.888636363636364
2024-04-19 11:22:02,781 - matplotlib.font_manager - DEBUG - findfont: score(FontEntry(fname='C:\\Windows\\Fonts\\phagspab.ttf', name='Microsoft PhagsPa', style='normal', variant='normal', weight=700, stretch='normal', size='scalable')) = 10.335
2024-04-19 11:22:02,781 - matplotlib.font_manager - DEBUG - findfont: score(FontEntry(fname='C:\\Windows\\Fonts\\cambria.ttc', name='Cambria', style='normal', variant='normal', weight=400, stretch='normal', size='scalable')) = 10.05
2024-04-19 11:22:02,781 - matplotlib.font_manager - DEBUG - findfont: score(FontEntry(fname='C:\\Windows\\Fonts\\phagspa.ttf', name='Microsoft PhagsPa', style='normal', variant='normal', weight=400, stretch='normal', size='scalable')) = 10.05
2024-04-19 11:22:02,782 - matplotlib.font_manager - DEBUG - findfont: score(FontEntry(fname='C:\\Windows\\Fonts\\segoeuisl.ttf', name='Segoe UI', style='normal', variant='normal', weight=350, stretch='normal', size='scalable')) = 10.0975
2024-04-19 11:22:02,782 - matplotlib.font_manager - DEBUG - findfont: score(FontEntry(fname='C:\\Windows\\Fonts\\palai.ttf', name='Palatino Linotype', style='italic', variant='normal', weight=400, stretch='normal', size='scalable')) = 11.05
2024-04-19 11:22:02,782 - matplotlib.font_manager - DEBUG - findfont: score(FontEntry(fname='C:\\Windows\\Fonts\\YuGothM.ttc', name='Yu Gothic', style='normal', variant='normal', weight=500, stretch='normal', size='scalable')) = 10.145
2024-04-19 11:22:02,783 - matplotlib.font_manager - DEBUG - findfont: score(FontEntry(fname='C:\\Windows\\Fonts\\malgun.ttf', name='Malgun Gothic', style='normal', variant='normal', weight=400, stretch='normal', size='scalable')) = 10.05
2024-04-19 11:22:02,783 - matplotlib.font_manager - DEBUG - findfont: score(FontEntry(fname='C:\\Windows\\Fonts\\simkai.ttf', name='KaiTi', style='normal', variant='normal', weight=400, stretch='normal', size='scalable')) = 10.05
2024-04-19 11:22:02,783 - matplotlib.font_manager - DEBUG - findfont: score(FontEntry(fname='C:\\Windows\\Fonts\\consolaz.ttf', name='Consolas', style='italic', variant='normal', weight=700, stretch='normal', size='scalable')) = 11.335
2024-04-19 11:22:02,784 - matplotlib.font_manager - DEBUG - findfont: score(FontEntry(fname='C:\\Windows\\Fonts\\mingliub.ttc', name='MingLiU-ExtB', style='normal', variant='normal', weight=400, stretch='normal', size='scalable')) = 10.05
2024-04-19 11:22:02,784 - matplotlib.font_manager - DEBUG - findfont: score(FontEntry(fname='C:\\Windows\\Fonts\\segoeprb.ttf', name='Segoe Print', style='normal', variant='normal', weight=700, stretch='normal', size='scalable')) = 10.335
2024-04-19 11:22:02,784 - matplotlib.font_manager - DEBUG - findfont: Matching sans\-serif:style=normal:variant=normal:weight=normal:stretch=normal:size=10.0 to DejaVu Sans ('D:\\anaconda3\\envs\\cpf\\lib\\site-packages\\matplotlib\\mpl-data\\fonts\\ttf\\DejaVuSans.ttf') with score of 0.050000.
2024-04-19 11:22:04,485 - root - INFO - ARI: 0.0125 | NMI: 0.0077
2024-04-19 11:22:04,485 - root - INFO - Epoch: 1 | LR: 0.0001 | Loss 1.0978 | Val MaF1: 0.2211 (Best: 0.2211) | Test MaF1: 0.2223 (Best: 0.2223) | MiF1: 0.4958 (Best: 0.4958)
2024-04-19 11:22:05,736 - root - INFO - Epoch: 2 | LR: 0.0001 | Loss 1.0714 | Val MaF1: 0.2211 (Best: 0.2211) | Test MaF1: 0.2208 (Best: 0.2223) | MiF1: 0.4953 (Best: 0.4958)
2024-04-19 11:22:06,707 - root - INFO - Epoch: 3 | LR: 0.0001 | Loss 1.0490 | Val MaF1: 0.2211 (Best: 0.2211) | Test MaF1: 0.2208 (Best: 0.2223) | MiF1: 0.4953 (Best: 0.4958)
2024-04-19 11:22:07,627 - root - INFO - Epoch: 4 | LR: 0.0002 | Loss 1.0235 | Val MaF1: 0.2211 (Best: 0.2211) | Test MaF1: 0.2208 (Best: 0.2223) | MiF1: 0.4953 (Best: 0.4958)
2024-04-19 11:22:08,546 - root - INFO - Epoch: 5 | LR: 0.0003 | Loss 1.0007 | Val MaF1: 0.2211 (Best: 0.2211) | Test MaF1: 0.2208 (Best: 0.2223) | MiF1: 0.4953 (Best: 0.4958)
2024-04-19 11:22:09,478 - root - INFO - Epoch: 6 | LR: 0.0004 | Loss 0.9780 | Val MaF1: 0.2211 (Best: 0.2211) | Test MaF1: 0.2208 (Best: 0.2223) | MiF1: 0.4953 (Best: 0.4958)
2024-04-19 11:22:10,389 - root - INFO - Epoch: 7 | LR: 0.0005 | Loss 0.9365 | Val MaF1: 0.2211 (Best: 0.2211) | Test MaF1: 0.2208 (Best: 0.2223) | MiF1: 0.4953 (Best: 0.4958)
2024-04-19 11:22:18,020 - PIL.PngImagePlugin - DEBUG - STREAM b'IHDR' 16 13
2024-04-19 11:22:18,020 - PIL.PngImagePlugin - DEBUG - STREAM b'sBIT' 41 4
2024-04-19 11:22:18,020 - PIL.PngImagePlugin - DEBUG - b'sBIT' 41 4 (unknown)
2024-04-19 11:22:18,020 - PIL.PngImagePlugin - DEBUG - STREAM b'pHYs' 57 9
2024-04-19 11:22:18,021 - PIL.PngImagePlugin - DEBUG - STREAM b'IDAT' 78 1189
2024-04-19 11:22:18,024 - PIL.PngImagePlugin - DEBUG - STREAM b'IHDR' 16 13
2024-04-19 11:22:18,024 - PIL.PngImagePlugin - DEBUG - STREAM b'sBIT' 41 4
2024-04-19 11:22:18,024 - PIL.PngImagePlugin - DEBUG - b'sBIT' 41 4 (unknown)
2024-04-19 11:22:18,024 - PIL.PngImagePlugin - DEBUG - STREAM b'pHYs' 57 9
2024-04-19 11:22:18,024 - PIL.PngImagePlugin - DEBUG - STREAM b'IDAT' 78 2994
2024-04-19 11:22:18,033 - PIL.PngImagePlugin - DEBUG - STREAM b'IHDR' 16 13
2024-04-19 11:22:18,033 - PIL.PngImagePlugin - DEBUG - STREAM b'sBIT' 41 4
2024-04-19 11:22:18,033 - PIL.PngImagePlugin - DEBUG - b'sBIT' 41 4 (unknown)
2024-04-19 11:22:18,033 - PIL.PngImagePlugin - DEBUG - STREAM b'pHYs' 57 9
2024-04-19 11:22:18,034 - PIL.PngImagePlugin - DEBUG - STREAM b'IDAT' 78 374
2024-04-19 11:22:18,035 - PIL.PngImagePlugin - DEBUG - STREAM b'IHDR' 16 13
2024-04-19 11:22:18,035 - PIL.PngImagePlugin - DEBUG - STREAM b'sBIT' 41 4
2024-04-19 11:22:18,035 - PIL.PngImagePlugin - DEBUG - b'sBIT' 41 4 (unknown)
2024-04-19 11:22:18,036 - PIL.PngImagePlugin - DEBUG - STREAM b'pHYs' 57 9
2024-04-19 11:22:18,036 - PIL.PngImagePlugin - DEBUG - STREAM b'IDAT' 78 286
2024-04-19 11:22:18,037 - PIL.PngImagePlugin - DEBUG - STREAM b'IHDR' 16 13
2024-04-19 11:22:18,037 - PIL.PngImagePlugin - DEBUG - STREAM b'sBIT' 41 4
2024-04-19 11:22:18,038 - PIL.PngImagePlugin - DEBUG - b'sBIT' 41 4 (unknown)
2024-04-19 11:22:18,038 - PIL.PngImagePlugin - DEBUG - STREAM b'pHYs' 57 9
2024-04-19 11:22:18,038 - PIL.PngImagePlugin - DEBUG - STREAM b'IDAT' 78 263
2024-04-19 11:22:18,039 - PIL.PngImagePlugin - DEBUG - STREAM b'IHDR' 16 13
2024-04-19 11:22:18,040 - PIL.PngImagePlugin - DEBUG - STREAM b'sBIT' 41 4
2024-04-19 11:22:18,040 - PIL.PngImagePlugin - DEBUG - b'sBIT' 41 4 (unknown)
2024-04-19 11:22:18,040 - PIL.PngImagePlugin - DEBUG - STREAM b'pHYs' 57 9
2024-04-19 11:22:18,040 - PIL.PngImagePlugin - DEBUG - STREAM b'IDAT' 78 387
2024-04-19 11:22:18,042 - PIL.PngImagePlugin - DEBUG - STREAM b'IHDR' 16 13
2024-04-19 11:22:18,042 - PIL.PngImagePlugin - DEBUG - STREAM b'sBIT' 41 4
2024-04-19 11:22:18,042 - PIL.PngImagePlugin - DEBUG - b'sBIT' 41 4 (unknown)
2024-04-19 11:22:18,042 - PIL.PngImagePlugin - DEBUG - STREAM b'pHYs' 57 9
2024-04-19 11:22:18,042 - PIL.PngImagePlugin - DEBUG - STREAM b'IDAT' 78 436
2024-04-19 11:22:18,043 - PIL.PngImagePlugin - DEBUG - STREAM b'IHDR' 16 13
2024-04-19 11:22:18,044 - PIL.PngImagePlugin - DEBUG - STREAM b'sBIT' 41 4
2024-04-19 11:22:18,044 - PIL.PngImagePlugin - DEBUG - b'sBIT' 41 4 (unknown)
2024-04-19 11:22:18,044 - PIL.PngImagePlugin - DEBUG - STREAM b'pHYs' 57 9
2024-04-19 11:22:18,044 - PIL.PngImagePlugin - DEBUG - STREAM b'IDAT' 78 351
2024-04-19 11:22:18,045 - PIL.PngImagePlugin - DEBUG - STREAM b'IHDR' 16 13
2024-04-19 11:22:18,046 - PIL.PngImagePlugin - DEBUG - STREAM b'sBIT' 41 4
2024-04-19 11:22:18,046 - PIL.PngImagePlugin - DEBUG - b'sBIT' 41 4 (unknown)
2024-04-19 11:22:18,046 - PIL.PngImagePlugin - DEBUG - STREAM b'pHYs' 57 9
2024-04-19 11:22:18,046 - PIL.PngImagePlugin - DEBUG - STREAM b'IDAT' 78 364
2024-04-19 11:22:19,480 - root - INFO - ARI: 0.3073 | NMI: 0.3809
2024-04-19 11:22:19,481 - root - INFO - Epoch: 8 | LR: 0.0006 | Loss 0.8805 | Val MaF1: 0.2419 (Best: 0.2419) | Test MaF1: 0.2460 (Best: 0.2460) | MiF1: 0.5042 (Best: 0.5042)
2024-04-19 11:22:27,442 - PIL.PngImagePlugin - DEBUG - STREAM b'IHDR' 16 13
2024-04-19 11:22:27,442 - PIL.PngImagePlugin - DEBUG - STREAM b'sBIT' 41 4
2024-04-19 11:22:27,442 - PIL.PngImagePlugin - DEBUG - b'sBIT' 41 4 (unknown)
2024-04-19 11:22:27,443 - PIL.PngImagePlugin - DEBUG - STREAM b'pHYs' 57 9
2024-04-19 11:22:27,443 - PIL.PngImagePlugin - DEBUG - STREAM b'IDAT' 78 1189
2024-04-19 11:22:27,446 - PIL.PngImagePlugin - DEBUG - STREAM b'IHDR' 16 13
2024-04-19 11:22:27,446 - PIL.PngImagePlugin - DEBUG - STREAM b'sBIT' 41 4
2024-04-19 11:22:27,446 - PIL.PngImagePlugin - DEBUG - b'sBIT' 41 4 (unknown)
2024-04-19 11:22:27,446 - PIL.PngImagePlugin - DEBUG - STREAM b'pHYs' 57 9
2024-04-19 11:22:27,447 - PIL.PngImagePlugin - DEBUG - STREAM b'IDAT' 78 2994
2024-04-19 11:22:27,453 - PIL.PngImagePlugin - DEBUG - STREAM b'IHDR' 16 13
2024-04-19 11:22:27,454 - PIL.PngImagePlugin - DEBUG - STREAM b'sBIT' 41 4
2024-04-19 11:22:27,454 - PIL.PngImagePlugin - DEBUG - b'sBIT' 41 4 (unknown)
2024-04-19 11:22:27,454 - PIL.PngImagePlugin - DEBUG - STREAM b'pHYs' 57 9
2024-04-19 11:22:27,454 - PIL.PngImagePlugin - DEBUG - STREAM b'IDAT' 78 374
2024-04-19 11:22:27,456 - PIL.PngImagePlugin - DEBUG - STREAM b'IHDR' 16 13
2024-04-19 11:22:27,456 - PIL.PngImagePlugin - DEBUG - STREAM b'sBIT' 41 4
2024-04-19 11:22:27,456 - PIL.PngImagePlugin - DEBUG - b'sBIT' 41 4 (unknown)
2024-04-19 11:22:27,457 - PIL.PngImagePlugin - DEBUG - STREAM b'pHYs' 57 9
2024-04-19 11:22:27,457 - PIL.PngImagePlugin - DEBUG - STREAM b'IDAT' 78 286
2024-04-19 11:22:27,458 - PIL.PngImagePlugin - DEBUG - STREAM b'IHDR' 16 13
2024-04-19 11:22:27,458 - PIL.PngImagePlugin - DEBUG - STREAM b'sBIT' 41 4
2024-04-19 11:22:27,458 - PIL.PngImagePlugin - DEBUG - b'sBIT' 41 4 (unknown)
2024-04-19 11:22:27,459 - PIL.PngImagePlugin - DEBUG - STREAM b'pHYs' 57 9
2024-04-19 11:22:27,459 - PIL.PngImagePlugin - DEBUG - STREAM b'IDAT' 78 263
2024-04-19 11:22:27,460 - PIL.PngImagePlugin - DEBUG - STREAM b'IHDR' 16 13
2024-04-19 11:22:27,460 - PIL.PngImagePlugin - DEBUG - STREAM b'sBIT' 41 4
2024-04-19 11:22:27,460 - PIL.PngImagePlugin - DEBUG - b'sBIT' 41 4 (unknown)
2024-04-19 11:22:27,461 - PIL.PngImagePlugin - DEBUG - STREAM b'pHYs' 57 9
2024-04-19 11:22:27,461 - PIL.PngImagePlugin - DEBUG - STREAM b'IDAT' 78 387
2024-04-19 11:22:27,462 - PIL.PngImagePlugin - DEBUG - STREAM b'IHDR' 16 13
2024-04-19 11:22:27,462 - PIL.PngImagePlugin - DEBUG - STREAM b'sBIT' 41 4
2024-04-19 11:22:27,463 - PIL.PngImagePlugin - DEBUG - b'sBIT' 41 4 (unknown)
2024-04-19 11:22:27,463 - PIL.PngImagePlugin - DEBUG - STREAM b'pHYs' 57 9
2024-04-19 11:22:27,463 - PIL.PngImagePlugin - DEBUG - STREAM b'IDAT' 78 436
2024-04-19 11:22:27,464 - PIL.PngImagePlugin - DEBUG - STREAM b'IHDR' 16 13
2024-04-19 11:22:27,465 - PIL.PngImagePlugin - DEBUG - STREAM b'sBIT' 41 4
2024-04-19 11:22:27,465 - PIL.PngImagePlugin - DEBUG - b'sBIT' 41 4 (unknown)
2024-04-19 11:22:27,465 - PIL.PngImagePlugin - DEBUG - STREAM b'pHYs' 57 9
2024-04-19 11:22:27,465 - PIL.PngImagePlugin - DEBUG - STREAM b'IDAT' 78 351
2024-04-19 11:22:27,467 - PIL.PngImagePlugin - DEBUG - STREAM b'IHDR' 16 13
2024-04-19 11:22:27,467 - PIL.PngImagePlugin - DEBUG - STREAM b'sBIT' 41 4
2024-04-19 11:22:27,467 - PIL.PngImagePlugin - DEBUG - b'sBIT' 41 4 (unknown)
2024-04-19 11:22:27,467 - PIL.PngImagePlugin - DEBUG - STREAM b'pHYs' 57 9
2024-04-19 11:22:27,467 - PIL.PngImagePlugin - DEBUG - STREAM b'IDAT' 78 364
2024-04-19 11:22:29,337 - root - INFO - ARI: 0.6889 | NMI: 0.6630
2024-04-19 11:22:29,337 - root - INFO - Epoch: 9 | LR: 0.0007 | Loss 0.8334 | Val MaF1: 0.5127 (Best: 0.5127) | Test MaF1: 0.5226 (Best: 0.5226) | MiF1: 0.6350 (Best: 0.6350)
2024-04-19 11:22:37,236 - PIL.PngImagePlugin - DEBUG - STREAM b'IHDR' 16 13
2024-04-19 11:22:37,237 - PIL.PngImagePlugin - DEBUG - STREAM b'sBIT' 41 4
2024-04-19 11:22:37,237 - PIL.PngImagePlugin - DEBUG - b'sBIT' 41 4 (unknown)
2024-04-19 11:22:37,237 - PIL.PngImagePlugin - DEBUG - STREAM b'pHYs' 57 9
2024-04-19 11:22:37,237 - PIL.PngImagePlugin - DEBUG - STREAM b'IDAT' 78 1189
2024-04-19 11:22:37,240 - PIL.PngImagePlugin - DEBUG - STREAM b'IHDR' 16 13
2024-04-19 11:22:37,240 - PIL.PngImagePlugin - DEBUG - STREAM b'sBIT' 41 4
2024-04-19 11:22:37,240 - PIL.PngImagePlugin - DEBUG - b'sBIT' 41 4 (unknown)
2024-04-19 11:22:37,240 - PIL.PngImagePlugin - DEBUG - STREAM b'pHYs' 57 9
2024-04-19 11:22:37,240 - PIL.PngImagePlugin - DEBUG - STREAM b'IDAT' 78 2994
2024-04-19 11:22:37,248 - PIL.PngImagePlugin - DEBUG - STREAM b'IHDR' 16 13
2024-04-19 11:22:37,248 - PIL.PngImagePlugin - DEBUG - STREAM b'sBIT' 41 4
2024-04-19 11:22:37,249 - PIL.PngImagePlugin - DEBUG - b'sBIT' 41 4 (unknown)
2024-04-19 11:22:37,249 - PIL.PngImagePlugin - DEBUG - STREAM b'pHYs' 57 9
2024-04-19 11:22:37,249 - PIL.PngImagePlugin - DEBUG - STREAM b'IDAT' 78 374
2024-04-19 11:22:37,251 - PIL.PngImagePlugin - DEBUG - STREAM b'IHDR' 16 13
2024-04-19 11:22:37,251 - PIL.PngImagePlugin - DEBUG - STREAM b'sBIT' 41 4
2024-04-19 11:22:37,251 - PIL.PngImagePlugin - DEBUG - b'sBIT' 41 4 (unknown)
2024-04-19 11:22:37,251 - PIL.PngImagePlugin - DEBUG - STREAM b'pHYs' 57 9
2024-04-19 11:22:37,252 - PIL.PngImagePlugin - DEBUG - STREAM b'IDAT' 78 286
2024-04-19 11:22:37,253 - PIL.PngImagePlugin - DEBUG - STREAM b'IHDR' 16 13
2024-04-19 11:22:37,253 - PIL.PngImagePlugin - DEBUG - STREAM b'sBIT' 41 4
2024-04-19 11:22:37,253 - PIL.PngImagePlugin - DEBUG - b'sBIT' 41 4 (unknown)
2024-04-19 11:22:37,254 - PIL.PngImagePlugin - DEBUG - STREAM b'pHYs' 57 9
2024-04-19 11:22:37,254 - PIL.PngImagePlugin - DEBUG - STREAM b'IDAT' 78 263
2024-04-19 11:22:37,256 - PIL.PngImagePlugin - DEBUG - STREAM b'IHDR' 16 13
2024-04-19 11:22:37,256 - PIL.PngImagePlugin - DEBUG - STREAM b'sBIT' 41 4
2024-04-19 11:22:37,256 - PIL.PngImagePlugin - DEBUG - b'sBIT' 41 4 (unknown)
2024-04-19 11:22:37,256 - PIL.PngImagePlugin - DEBUG - STREAM b'pHYs' 57 9
2024-04-19 11:22:37,256 - PIL.PngImagePlugin - DEBUG - STREAM b'IDAT' 78 387
2024-04-19 11:22:37,258 - PIL.PngImagePlugin - DEBUG - STREAM b'IHDR' 16 13
2024-04-19 11:22:37,258 - PIL.PngImagePlugin - DEBUG - STREAM b'sBIT' 41 4
2024-04-19 11:22:37,258 - PIL.PngImagePlugin - DEBUG - b'sBIT' 41 4 (unknown)
2024-04-19 11:22:37,258 - PIL.PngImagePlugin - DEBUG - STREAM b'pHYs' 57 9
2024-04-19 11:22:37,258 - PIL.PngImagePlugin - DEBUG - STREAM b'IDAT' 78 436
2024-04-19 11:22:37,260 - PIL.PngImagePlugin - DEBUG - STREAM b'IHDR' 16 13
2024-04-19 11:22:37,260 - PIL.PngImagePlugin - DEBUG - STREAM b'sBIT' 41 4
2024-04-19 11:22:37,260 - PIL.PngImagePlugin - DEBUG - b'sBIT' 41 4 (unknown)
2024-04-19 11:22:37,260 - PIL.PngImagePlugin - DEBUG - STREAM b'pHYs' 57 9
2024-04-19 11:22:37,260 - PIL.PngImagePlugin - DEBUG - STREAM b'IDAT' 78 351
2024-04-19 11:22:37,262 - PIL.PngImagePlugin - DEBUG - STREAM b'IHDR' 16 13
2024-04-19 11:22:37,262 - PIL.PngImagePlugin - DEBUG - STREAM b'sBIT' 41 4
2024-04-19 11:22:37,262 - PIL.PngImagePlugin - DEBUG - b'sBIT' 41 4 (unknown)
2024-04-19 11:22:37,262 - PIL.PngImagePlugin - DEBUG - STREAM b'pHYs' 57 9
2024-04-19 11:22:37,262 - PIL.PngImagePlugin - DEBUG - STREAM b'IDAT' 78 364
2024-04-19 11:22:40,204 - root - INFO - ARI: 0.6956 | NMI: 0.6940
2024-04-19 11:22:40,204 - root - INFO - Epoch: 10 | LR: 0.0008 | Loss 0.7559 | Val MaF1: 0.8406 (Best: 0.8406) | Test MaF1: 0.8483 (Best: 0.8483) | MiF1: 0.8558 (Best: 0.8558)
2024-04-19 11:22:47,946 - PIL.PngImagePlugin - DEBUG - STREAM b'IHDR' 16 13
2024-04-19 11:22:47,947 - PIL.PngImagePlugin - DEBUG - STREAM b'sBIT' 41 4
2024-04-19 11:22:47,947 - PIL.PngImagePlugin - DEBUG - b'sBIT' 41 4 (unknown)
2024-04-19 11:22:47,947 - PIL.PngImagePlugin - DEBUG - STREAM b'pHYs' 57 9
2024-04-19 11:22:47,947 - PIL.PngImagePlugin - DEBUG - STREAM b'IDAT' 78 1189
2024-04-19 11:22:47,950 - PIL.PngImagePlugin - DEBUG - STREAM b'IHDR' 16 13
2024-04-19 11:22:47,950 - PIL.PngImagePlugin - DEBUG - STREAM b'sBIT' 41 4
2024-04-19 11:22:47,950 - PIL.PngImagePlugin - DEBUG - b'sBIT' 41 4 (unknown)
2024-04-19 11:22:47,950 - PIL.PngImagePlugin - DEBUG - STREAM b'pHYs' 57 9
2024-04-19 11:22:47,950 - PIL.PngImagePlugin - DEBUG - STREAM b'IDAT' 78 2994
2024-04-19 11:22:47,959 - PIL.PngImagePlugin - DEBUG - STREAM b'IHDR' 16 13
2024-04-19 11:22:47,959 - PIL.PngImagePlugin - DEBUG - STREAM b'sBIT' 41 4
2024-04-19 11:22:47,960 - PIL.PngImagePlugin - DEBUG - b'sBIT' 41 4 (unknown)
2024-04-19 11:22:47,960 - PIL.PngImagePlugin - DEBUG - STREAM b'pHYs' 57 9
2024-04-19 11:22:47,960 - PIL.PngImagePlugin - DEBUG - STREAM b'IDAT' 78 374
2024-04-19 11:22:47,962 - PIL.PngImagePlugin - DEBUG - STREAM b'IHDR' 16 13
2024-04-19 11:22:47,962 - PIL.PngImagePlugin - DEBUG - STREAM b'sBIT' 41 4
2024-04-19 11:22:47,962 - PIL.PngImagePlugin - DEBUG - b'sBIT' 41 4 (unknown)
2024-04-19 11:22:47,963 - PIL.PngImagePlugin - DEBUG - STREAM b'pHYs' 57 9
2024-04-19 11:22:47,963 - PIL.PngImagePlugin - DEBUG - STREAM b'IDAT' 78 286
2024-04-19 11:22:47,964 - PIL.PngImagePlugin - DEBUG - STREAM b'IHDR' 16 13
2024-04-19 11:22:47,964 - PIL.PngImagePlugin - DEBUG - STREAM b'sBIT' 41 4
2024-04-19 11:22:47,965 - PIL.PngImagePlugin - DEBUG - b'sBIT' 41 4 (unknown)
2024-04-19 11:22:47,965 - PIL.PngImagePlugin - DEBUG - STREAM b'pHYs' 57 9
2024-04-19 11:22:47,965 - PIL.PngImagePlugin - DEBUG - STREAM b'IDAT' 78 263
2024-04-19 11:22:47,966 - PIL.PngImagePlugin - DEBUG - STREAM b'IHDR' 16 13
2024-04-19 11:22:47,967 - PIL.PngImagePlugin - DEBUG - STREAM b'sBIT' 41 4
2024-04-19 11:22:47,967 - PIL.PngImagePlugin - DEBUG - b'sBIT' 41 4 (unknown)
2024-04-19 11:22:47,967 - PIL.PngImagePlugin - DEBUG - STREAM b'pHYs' 57 9
2024-04-19 11:22:47,967 - PIL.PngImagePlugin - DEBUG - STREAM b'IDAT' 78 387
2024-04-19 11:22:47,969 - PIL.PngImagePlugin - DEBUG - STREAM b'IHDR' 16 13
2024-04-19 11:22:47,969 - PIL.PngImagePlugin - DEBUG - STREAM b'sBIT' 41 4
2024-04-19 11:22:47,969 - PIL.PngImagePlugin - DEBUG - b'sBIT' 41 4 (unknown)
2024-04-19 11:22:47,969 - PIL.PngImagePlugin - DEBUG - STREAM b'pHYs' 57 9
2024-04-19 11:22:47,969 - PIL.PngImagePlugin - DEBUG - STREAM b'IDAT' 78 436
2024-04-19 11:22:47,971 - PIL.PngImagePlugin - DEBUG - STREAM b'IHDR' 16 13
2024-04-19 11:22:47,971 - PIL.PngImagePlugin - DEBUG - STREAM b'sBIT' 41 4
2024-04-19 11:22:47,971 - PIL.PngImagePlugin - DEBUG - b'sBIT' 41 4 (unknown)
2024-04-19 11:22:47,971 - PIL.PngImagePlugin - DEBUG - STREAM b'pHYs' 57 9
2024-04-19 11:22:47,972 - PIL.PngImagePlugin - DEBUG - STREAM b'IDAT' 78 351
2024-04-19 11:22:47,973 - PIL.PngImagePlugin - DEBUG - STREAM b'IHDR' 16 13
2024-04-19 11:22:47,973 - PIL.PngImagePlugin - DEBUG - STREAM b'sBIT' 41 4
2024-04-19 11:22:47,973 - PIL.PngImagePlugin - DEBUG - b'sBIT' 41 4 (unknown)
2024-04-19 11:22:47,973 - PIL.PngImagePlugin - DEBUG - STREAM b'pHYs' 57 9
2024-04-19 11:22:47,973 - PIL.PngImagePlugin - DEBUG - STREAM b'IDAT' 78 364
2024-04-19 11:22:50,020 - root - INFO - ARI: 0.6810 | NMI: 0.6882
2024-04-19 11:22:50,020 - root - INFO - Epoch: 11 | LR: 0.0009 | Loss 0.6964 | Val MaF1: 0.9099 (Best: 0.9099) | Test MaF1: 0.9294 (Best: 0.9294) | MiF1: 0.9284 (Best: 0.9284)
2024-04-19 11:22:51,016 - root - INFO - Epoch: 12 | LR: 0.0010 | Loss 0.6255 | Val MaF1: 0.9005 (Best: 0.9099) | Test MaF1: 0.9186 (Best: 0.9294) | MiF1: 0.9170 (Best: 0.9284)
2024-04-19 11:22:51,961 - root - INFO - Epoch: 13 | LR: 0.0010 | Loss 0.6071 | Val MaF1: 0.8826 (Best: 0.9099) | Test MaF1: 0.9083 (Best: 0.9294) | MiF1: 0.9110 (Best: 0.9284)
2024-04-19 11:22:52,881 - root - INFO - Epoch: 14 | LR: 0.0010 | Loss 0.5448 | Val MaF1: 0.8853 (Best: 0.9099) | Test MaF1: 0.9051 (Best: 0.9294) | MiF1: 0.9080 (Best: 0.9284)
2024-04-19 11:23:00,372 - PIL.PngImagePlugin - DEBUG - STREAM b'IHDR' 16 13
2024-04-19 11:23:00,372 - PIL.PngImagePlugin - DEBUG - STREAM b'sBIT' 41 4
2024-04-19 11:23:00,373 - PIL.PngImagePlugin - DEBUG - b'sBIT' 41 4 (unknown)
2024-04-19 11:23:00,373 - PIL.PngImagePlugin - DEBUG - STREAM b'pHYs' 57 9
2024-04-19 11:23:00,373 - PIL.PngImagePlugin - DEBUG - STREAM b'IDAT' 78 1189
2024-04-19 11:23:00,376 - PIL.PngImagePlugin - DEBUG - STREAM b'IHDR' 16 13
2024-04-19 11:23:00,376 - PIL.PngImagePlugin - DEBUG - STREAM b'sBIT' 41 4
2024-04-19 11:23:00,377 - PIL.PngImagePlugin - DEBUG - b'sBIT' 41 4 (unknown)
2024-04-19 11:23:00,377 - PIL.PngImagePlugin - DEBUG - STREAM b'pHYs' 57 9
2024-04-19 11:23:00,377 - PIL.PngImagePlugin - DEBUG - STREAM b'IDAT' 78 2994
2024-04-19 11:23:00,386 - PIL.PngImagePlugin - DEBUG - STREAM b'IHDR' 16 13
2024-04-19 11:23:00,386 - PIL.PngImagePlugin - DEBUG - STREAM b'sBIT' 41 4
2024-04-19 11:23:00,387 - PIL.PngImagePlugin - DEBUG - b'sBIT' 41 4 (unknown)
2024-04-19 11:23:00,387 - PIL.PngImagePlugin - DEBUG - STREAM b'pHYs' 57 9
2024-04-19 11:23:00,387 - PIL.PngImagePlugin - DEBUG - STREAM b'IDAT' 78 374
2024-04-19 11:23:00,388 - PIL.PngImagePlugin - DEBUG - STREAM b'IHDR' 16 13
2024-04-19 11:23:00,388 - PIL.PngImagePlugin - DEBUG - STREAM b'sBIT' 41 4
2024-04-19 11:23:00,389 - PIL.PngImagePlugin - DEBUG - b'sBIT' 41 4 (unknown)
2024-04-19 11:23:00,389 - PIL.PngImagePlugin - DEBUG - STREAM b'pHYs' 57 9
2024-04-19 11:23:00,389 - PIL.PngImagePlugin - DEBUG - STREAM b'IDAT' 78 286
2024-04-19 11:23:00,390 - PIL.PngImagePlugin - DEBUG - STREAM b'IHDR' 16 13
2024-04-19 11:23:00,390 - PIL.PngImagePlugin - DEBUG - STREAM b'sBIT' 41 4
2024-04-19 11:23:00,391 - PIL.PngImagePlugin - DEBUG - b'sBIT' 41 4 (unknown)
2024-04-19 11:23:00,391 - PIL.PngImagePlugin - DEBUG - STREAM b'pHYs' 57 9
2024-04-19 11:23:00,391 - PIL.PngImagePlugin - DEBUG - STREAM b'IDAT' 78 263
2024-04-19 11:23:00,392 - PIL.PngImagePlugin - DEBUG - STREAM b'IHDR' 16 13
2024-04-19 11:23:00,393 - PIL.PngImagePlugin - DEBUG - STREAM b'sBIT' 41 4
2024-04-19 11:23:00,393 - PIL.PngImagePlugin - DEBUG - b'sBIT' 41 4 (unknown)
2024-04-19 11:23:00,393 - PIL.PngImagePlugin - DEBUG - STREAM b'pHYs' 57 9
2024-04-19 11:23:00,393 - PIL.PngImagePlugin - DEBUG - STREAM b'IDAT' 78 387
2024-04-19 11:23:00,394 - PIL.PngImagePlugin - DEBUG - STREAM b'IHDR' 16 13
2024-04-19 11:23:00,395 - PIL.PngImagePlugin - DEBUG - STREAM b'sBIT' 41 4
2024-04-19 11:23:00,395 - PIL.PngImagePlugin - DEBUG - b'sBIT' 41 4 (unknown)
2024-04-19 11:23:00,395 - PIL.PngImagePlugin - DEBUG - STREAM b'pHYs' 57 9
2024-04-19 11:23:00,395 - PIL.PngImagePlugin - DEBUG - STREAM b'IDAT' 78 436
2024-04-19 11:23:00,396 - PIL.PngImagePlugin - DEBUG - STREAM b'IHDR' 16 13
2024-04-19 11:23:00,397 - PIL.PngImagePlugin - DEBUG - STREAM b'sBIT' 41 4
2024-04-19 11:23:00,397 - PIL.PngImagePlugin - DEBUG - b'sBIT' 41 4 (unknown)
2024-04-19 11:23:00,397 - PIL.PngImagePlugin - DEBUG - STREAM b'pHYs' 57 9
2024-04-19 11:23:00,397 - PIL.PngImagePlugin - DEBUG - STREAM b'IDAT' 78 351
2024-04-19 11:23:00,398 - PIL.PngImagePlugin - DEBUG - STREAM b'IHDR' 16 13
2024-04-19 11:23:00,399 - PIL.PngImagePlugin - DEBUG - STREAM b'sBIT' 41 4
2024-04-19 11:23:00,399 - PIL.PngImagePlugin - DEBUG - b'sBIT' 41 4 (unknown)
2024-04-19 11:23:00,399 - PIL.PngImagePlugin - DEBUG - STREAM b'pHYs' 57 9
2024-04-19 11:23:00,399 - PIL.PngImagePlugin - DEBUG - STREAM b'IDAT' 78 364
2024-04-19 11:23:04,579 - root - INFO - ARI: 0.8148 | NMI: 0.7831
2024-04-19 11:23:04,580 - root - INFO - Epoch: 15 | LR: 0.0010 | Loss 0.5260 | Val MaF1: 0.9158 (Best: 0.9158) | Test MaF1: 0.9429 (Best: 0.9429) | MiF1: 0.9433 (Best: 0.9433)
2024-04-19 11:23:05,709 - root - INFO - Epoch: 16 | LR: 0.0010 | Loss 0.4840 | Val MaF1: 0.9186 (Best: 0.9158) | Test MaF1: 0.9408 (Best: 0.9429) | MiF1: 0.9393 (Best: 0.9433)
2024-04-19 11:23:06,624 - root - INFO - Epoch: 17 | LR: 0.0010 | Loss 0.4690 | Val MaF1: 0.9157 (Best: 0.9158) | Test MaF1: 0.9415 (Best: 0.9429) | MiF1: 0.9403 (Best: 0.9433)
2024-04-19 11:23:14,030 - PIL.PngImagePlugin - DEBUG - STREAM b'IHDR' 16 13
2024-04-19 11:23:14,031 - PIL.PngImagePlugin - DEBUG - STREAM b'sBIT' 41 4
2024-04-19 11:23:14,031 - PIL.PngImagePlugin - DEBUG - b'sBIT' 41 4 (unknown)
2024-04-19 11:23:14,031 - PIL.PngImagePlugin - DEBUG - STREAM b'pHYs' 57 9
2024-04-19 11:23:14,031 - PIL.PngImagePlugin - DEBUG - STREAM b'IDAT' 78 1189
2024-04-19 11:23:14,035 - PIL.PngImagePlugin - DEBUG - STREAM b'IHDR' 16 13
2024-04-19 11:23:14,035 - PIL.PngImagePlugin - DEBUG - STREAM b'sBIT' 41 4
2024-04-19 11:23:14,035 - PIL.PngImagePlugin - DEBUG - b'sBIT' 41 4 (unknown)
2024-04-19 11:23:14,035 - PIL.PngImagePlugin - DEBUG - STREAM b'pHYs' 57 9
2024-04-19 11:23:14,035 - PIL.PngImagePlugin - DEBUG - STREAM b'IDAT' 78 2994
2024-04-19 11:23:14,044 - PIL.PngImagePlugin - DEBUG - STREAM b'IHDR' 16 13
2024-04-19 11:23:14,044 - PIL.PngImagePlugin - DEBUG - STREAM b'sBIT' 41 4
2024-04-19 11:23:14,044 - PIL.PngImagePlugin - DEBUG - b'sBIT' 41 4 (unknown)
2024-04-19 11:23:14,044 - PIL.PngImagePlugin - DEBUG - STREAM b'pHYs' 57 9
2024-04-19 11:23:14,045 - PIL.PngImagePlugin - DEBUG - STREAM b'IDAT' 78 374
2024-04-19 11:23:14,046 - PIL.PngImagePlugin - DEBUG - STREAM b'IHDR' 16 13
2024-04-19 11:23:14,046 - PIL.PngImagePlugin - DEBUG - STREAM b'sBIT' 41 4
2024-04-19 11:23:14,046 - PIL.PngImagePlugin - DEBUG - b'sBIT' 41 4 (unknown)
2024-04-19 11:23:14,046 - PIL.PngImagePlugin - DEBUG - STREAM b'pHYs' 57 9
2024-04-19 11:23:14,047 - PIL.PngImagePlugin - DEBUG - STREAM b'IDAT' 78 286
2024-04-19 11:23:14,048 - PIL.PngImagePlugin - DEBUG - STREAM b'IHDR' 16 13
2024-04-19 11:23:14,048 - PIL.PngImagePlugin - DEBUG - STREAM b'sBIT' 41 4
2024-04-19 11:23:14,048 - PIL.PngImagePlugin - DEBUG - b'sBIT' 41 4 (unknown)
2024-04-19 11:23:14,049 - PIL.PngImagePlugin - DEBUG - STREAM b'pHYs' 57 9
2024-04-19 11:23:14,049 - PIL.PngImagePlugin - DEBUG - STREAM b'IDAT' 78 263
2024-04-19 11:23:14,050 - PIL.PngImagePlugin - DEBUG - STREAM b'IHDR' 16 13
2024-04-19 11:23:14,050 - PIL.PngImagePlugin - DEBUG - STREAM b'sBIT' 41 4
2024-04-19 11:23:14,051 - PIL.PngImagePlugin - DEBUG - b'sBIT' 41 4 (unknown)
2024-04-19 11:23:14,051 - PIL.PngImagePlugin - DEBUG - STREAM b'pHYs' 57 9
2024-04-19 11:23:14,051 - PIL.PngImagePlugin - DEBUG - STREAM b'IDAT' 78 387
2024-04-19 11:23:14,052 - PIL.PngImagePlugin - DEBUG - STREAM b'IHDR' 16 13
2024-04-19 11:23:14,053 - PIL.PngImagePlugin - DEBUG - STREAM b'sBIT' 41 4
2024-04-19 11:23:14,053 - PIL.PngImagePlugin - DEBUG - b'sBIT' 41 4 (unknown)
2024-04-19 11:23:14,053 - PIL.PngImagePlugin - DEBUG - STREAM b'pHYs' 57 9
2024-04-19 11:23:14,053 - PIL.PngImagePlugin - DEBUG - STREAM b'IDAT' 78 436
2024-04-19 11:23:14,055 - PIL.PngImagePlugin - DEBUG - STREAM b'IHDR' 16 13
2024-04-19 11:23:14,055 - PIL.PngImagePlugin - DEBUG - STREAM b'sBIT' 41 4
2024-04-19 11:23:14,055 - PIL.PngImagePlugin - DEBUG - b'sBIT' 41 4 (unknown)
2024-04-19 11:23:14,055 - PIL.PngImagePlugin - DEBUG - STREAM b'pHYs' 57 9
2024-04-19 11:23:14,055 - PIL.PngImagePlugin - DEBUG - STREAM b'IDAT' 78 351
2024-04-19 11:23:14,057 - PIL.PngImagePlugin - DEBUG - STREAM b'IHDR' 16 13
2024-04-19 11:23:14,057 - PIL.PngImagePlugin - DEBUG - STREAM b'sBIT' 41 4
2024-04-19 11:23:14,057 - PIL.PngImagePlugin - DEBUG - b'sBIT' 41 4 (unknown)
2024-04-19 11:23:14,057 - PIL.PngImagePlugin - DEBUG - STREAM b'pHYs' 57 9
2024-04-19 11:23:14,057 - PIL.PngImagePlugin - DEBUG - STREAM b'IDAT' 78 364
2024-04-19 11:23:19,961 - root - INFO - ARI: 0.8553 | NMI: 0.8110
2024-04-19 11:23:19,962 - root - INFO - Epoch: 18 | LR: 0.0010 | Loss 0.4551 | Val MaF1: 0.9288 (Best: 0.9288) | Test MaF1: 0.9478 (Best: 0.9478) | MiF1: 0.9478 (Best: 0.9478)
2024-04-19 11:23:27,515 - PIL.PngImagePlugin - DEBUG - STREAM b'IHDR' 16 13
2024-04-19 11:23:27,515 - PIL.PngImagePlugin - DEBUG - STREAM b'sBIT' 41 4
2024-04-19 11:23:27,515 - PIL.PngImagePlugin - DEBUG - b'sBIT' 41 4 (unknown)
2024-04-19 11:23:27,516 - PIL.PngImagePlugin - DEBUG - STREAM b'pHYs' 57 9
2024-04-19 11:23:27,516 - PIL.PngImagePlugin - DEBUG - STREAM b'IDAT' 78 1189
2024-04-19 11:23:27,518 - PIL.PngImagePlugin - DEBUG - STREAM b'IHDR' 16 13
2024-04-19 11:23:27,518 - PIL.PngImagePlugin - DEBUG - STREAM b'sBIT' 41 4
2024-04-19 11:23:27,519 - PIL.PngImagePlugin - DEBUG - b'sBIT' 41 4 (unknown)
2024-04-19 11:23:27,519 - PIL.PngImagePlugin - DEBUG - STREAM b'pHYs' 57 9
2024-04-19 11:23:27,519 - PIL.PngImagePlugin - DEBUG - STREAM b'IDAT' 78 2994
2024-04-19 11:23:27,527 - PIL.PngImagePlugin - DEBUG - STREAM b'IHDR' 16 13
2024-04-19 11:23:27,527 - PIL.PngImagePlugin - DEBUG - STREAM b'sBIT' 41 4
2024-04-19 11:23:27,527 - PIL.PngImagePlugin - DEBUG - b'sBIT' 41 4 (unknown)
2024-04-19 11:23:27,527 - PIL.PngImagePlugin - DEBUG - STREAM b'pHYs' 57 9
2024-04-19 11:23:27,528 - PIL.PngImagePlugin - DEBUG - STREAM b'IDAT' 78 374
2024-04-19 11:23:27,529 - PIL.PngImagePlugin - DEBUG - STREAM b'IHDR' 16 13
2024-04-19 11:23:27,529 - PIL.PngImagePlugin - DEBUG - STREAM b'sBIT' 41 4
2024-04-19 11:23:27,529 - PIL.PngImagePlugin - DEBUG - b'sBIT' 41 4 (unknown)
2024-04-19 11:23:27,530 - PIL.PngImagePlugin - DEBUG - STREAM b'pHYs' 57 9
2024-04-19 11:23:27,530 - PIL.PngImagePlugin - DEBUG - STREAM b'IDAT' 78 286
2024-04-19 11:23:27,531 - PIL.PngImagePlugin - DEBUG - STREAM b'IHDR' 16 13
2024-04-19 11:23:27,531 - PIL.PngImagePlugin - DEBUG - STREAM b'sBIT' 41 4
2024-04-19 11:23:27,531 - PIL.PngImagePlugin - DEBUG - b'sBIT' 41 4 (unknown)
2024-04-19 11:23:27,532 - PIL.PngImagePlugin - DEBUG - STREAM b'pHYs' 57 9
2024-04-19 11:23:27,532 - PIL.PngImagePlugin - DEBUG - STREAM b'IDAT' 78 263
2024-04-19 11:23:27,533 - PIL.PngImagePlugin - DEBUG - STREAM b'IHDR' 16 13
2024-04-19 11:23:27,534 - PIL.PngImagePlugin - DEBUG - STREAM b'sBIT' 41 4
2024-04-19 11:23:27,534 - PIL.PngImagePlugin - DEBUG - b'sBIT' 41 4 (unknown)
2024-04-19 11:23:27,534 - PIL.PngImagePlugin - DEBUG - STREAM b'pHYs' 57 9
2024-04-19 11:23:27,534 - PIL.PngImagePlugin - DEBUG - STREAM b'IDAT' 78 387
2024-04-19 11:23:27,536 - PIL.PngImagePlugin - DEBUG - STREAM b'IHDR' 16 13
2024-04-19 11:23:27,536 - PIL.PngImagePlugin - DEBUG - STREAM b'sBIT' 41 4
2024-04-19 11:23:27,536 - PIL.PngImagePlugin - DEBUG - b'sBIT' 41 4 (unknown)
2024-04-19 11:23:27,536 - PIL.PngImagePlugin - DEBUG - STREAM b'pHYs' 57 9
2024-04-19 11:23:27,536 - PIL.PngImagePlugin - DEBUG - STREAM b'IDAT' 78 436
2024-04-19 11:23:27,538 - PIL.PngImagePlugin - DEBUG - STREAM b'IHDR' 16 13
2024-04-19 11:23:27,538 - PIL.PngImagePlugin - DEBUG - STREAM b'sBIT' 41 4
2024-04-19 11:23:27,538 - PIL.PngImagePlugin - DEBUG - b'sBIT' 41 4 (unknown)
2024-04-19 11:23:27,538 - PIL.PngImagePlugin - DEBUG - STREAM b'pHYs' 57 9
2024-04-19 11:23:27,539 - PIL.PngImagePlugin - DEBUG - STREAM b'IDAT' 78 351
2024-04-19 11:23:27,540 - PIL.PngImagePlugin - DEBUG - STREAM b'IHDR' 16 13
2024-04-19 11:23:27,540 - PIL.PngImagePlugin - DEBUG - STREAM b'sBIT' 41 4
2024-04-19 11:23:27,540 - PIL.PngImagePlugin - DEBUG - b'sBIT' 41 4 (unknown)
2024-04-19 11:23:27,540 - PIL.PngImagePlugin - DEBUG - STREAM b'pHYs' 57 9
2024-04-19 11:23:27,540 - PIL.PngImagePlugin - DEBUG - STREAM b'IDAT' 78 364
2024-04-19 11:23:31,018 - root - INFO - ARI: 0.8592 | NMI: 0.8127
2024-04-19 11:23:31,019 - root - INFO - Epoch: 19 | LR: 0.0010 | Loss 0.4414 | Val MaF1: 0.9229 (Best: 0.9229) | Test MaF1: 0.9529 (Best: 0.9529) | MiF1: 0.9538 (Best: 0.9538)
2024-04-19 11:23:32,127 - root - INFO - Epoch: 20 | LR: 0.0009 | Loss 0.4303 | Val MaF1: 0.9172 (Best: 0.9229) | Test MaF1: 0.9486 (Best: 0.9529) | MiF1: 0.9488 (Best: 0.9538)
2024-04-19 11:23:33,042 - root - INFO - Epoch: 21 | LR: 0.0009 | Loss 0.4213 | Val MaF1: 0.9184 (Best: 0.9229) | Test MaF1: 0.9526 (Best: 0.9529) | MiF1: 0.9523 (Best: 0.9538)
2024-04-19 11:23:40,544 - PIL.PngImagePlugin - DEBUG - STREAM b'IHDR' 16 13
2024-04-19 11:23:40,544 - PIL.PngImagePlugin - DEBUG - STREAM b'sBIT' 41 4
2024-04-19 11:23:40,544 - PIL.PngImagePlugin - DEBUG - b'sBIT' 41 4 (unknown)
2024-04-19 11:23:40,544 - PIL.PngImagePlugin - DEBUG - STREAM b'pHYs' 57 9
2024-04-19 11:23:40,545 - PIL.PngImagePlugin - DEBUG - STREAM b'IDAT' 78 1189
2024-04-19 11:23:40,548 - PIL.PngImagePlugin - DEBUG - STREAM b'IHDR' 16 13
2024-04-19 11:23:40,548 - PIL.PngImagePlugin - DEBUG - STREAM b'sBIT' 41 4
2024-04-19 11:23:40,548 - PIL.PngImagePlugin - DEBUG - b'sBIT' 41 4 (unknown)
2024-04-19 11:23:40,549 - PIL.PngImagePlugin - DEBUG - STREAM b'pHYs' 57 9
2024-04-19 11:23:40,549 - PIL.PngImagePlugin - DEBUG - STREAM b'IDAT' 78 2994
2024-04-19 11:23:40,558 - PIL.PngImagePlugin - DEBUG - STREAM b'IHDR' 16 13
2024-04-19 11:23:40,558 - PIL.PngImagePlugin - DEBUG - STREAM b'sBIT' 41 4
2024-04-19 11:23:40,558 - PIL.PngImagePlugin - DEBUG - b'sBIT' 41 4 (unknown)
2024-04-19 11:23:40,559 - PIL.PngImagePlugin - DEBUG - STREAM b'pHYs' 57 9
2024-04-19 11:23:40,559 - PIL.PngImagePlugin - DEBUG - STREAM b'IDAT' 78 374
2024-04-19 11:23:40,560 - PIL.PngImagePlugin - DEBUG - STREAM b'IHDR' 16 13
2024-04-19 11:23:40,561 - PIL.PngImagePlugin - DEBUG - STREAM b'sBIT' 41 4
2024-04-19 11:23:40,561 - PIL.PngImagePlugin - DEBUG - b'sBIT' 41 4 (unknown)
2024-04-19 11:23:40,561 - PIL.PngImagePlugin - DEBUG - STREAM b'pHYs' 57 9
2024-04-19 11:23:40,561 - PIL.PngImagePlugin - DEBUG - STREAM b'IDAT' 78 286
2024-04-19 11:23:40,563 - PIL.PngImagePlugin - DEBUG - STREAM b'IHDR' 16 13
2024-04-19 11:23:40,563 - PIL.PngImagePlugin - DEBUG - STREAM b'sBIT' 41 4
2024-04-19 11:23:40,563 - PIL.PngImagePlugin - DEBUG - b'sBIT' 41 4 (unknown)
2024-04-19 11:23:40,563 - PIL.PngImagePlugin - DEBUG - STREAM b'pHYs' 57 9
2024-04-19 11:23:40,563 - PIL.PngImagePlugin - DEBUG - STREAM b'IDAT' 78 263
2024-04-19 11:23:40,565 - PIL.PngImagePlugin - DEBUG - STREAM b'IHDR' 16 13
2024-04-19 11:23:40,565 - PIL.PngImagePlugin - DEBUG - STREAM b'sBIT' 41 4
2024-04-19 11:23:40,565 - PIL.PngImagePlugin - DEBUG - b'sBIT' 41 4 (unknown)
2024-04-19 11:23:40,565 - PIL.PngImagePlugin - DEBUG - STREAM b'pHYs' 57 9
2024-04-19 11:23:40,566 - PIL.PngImagePlugin - DEBUG - STREAM b'IDAT' 78 387
2024-04-19 11:23:40,567 - PIL.PngImagePlugin - DEBUG - STREAM b'IHDR' 16 13
2024-04-19 11:23:40,567 - PIL.PngImagePlugin - DEBUG - STREAM b'sBIT' 41 4
2024-04-19 11:23:40,567 - PIL.PngImagePlugin - DEBUG - b'sBIT' 41 4 (unknown)
2024-04-19 11:23:40,567 - PIL.PngImagePlugin - DEBUG - STREAM b'pHYs' 57 9
2024-04-19 11:23:40,567 - PIL.PngImagePlugin - DEBUG - STREAM b'IDAT' 78 436
2024-04-19 11:23:40,568 - PIL.PngImagePlugin - DEBUG - STREAM b'IHDR' 16 13
2024-04-19 11:23:40,568 - PIL.PngImagePlugin - DEBUG - STREAM b'sBIT' 41 4
2024-04-19 11:23:40,569 - PIL.PngImagePlugin - DEBUG - b'sBIT' 41 4 (unknown)
2024-04-19 11:23:40,569 - PIL.PngImagePlugin - DEBUG - STREAM b'pHYs' 57 9
2024-04-19 11:23:40,569 - PIL.PngImagePlugin - DEBUG - STREAM b'IDAT' 78 351
2024-04-19 11:23:40,570 - PIL.PngImagePlugin - DEBUG - STREAM b'IHDR' 16 13
2024-04-19 11:23:40,571 - PIL.PngImagePlugin - DEBUG - STREAM b'sBIT' 41 4
2024-04-19 11:23:40,571 - PIL.PngImagePlugin - DEBUG - b'sBIT' 41 4 (unknown)
2024-04-19 11:23:40,571 - PIL.PngImagePlugin - DEBUG - STREAM b'pHYs' 57 9
2024-04-19 11:23:40,571 - PIL.PngImagePlugin - DEBUG - STREAM b'IDAT' 78 364
2024-04-19 11:23:45,234 - root - INFO - ARI: 0.8632 | NMI: 0.8230
2024-04-19 11:23:45,234 - root - INFO - Epoch: 22 | LR: 0.0009 | Loss 0.4135 | Val MaF1: 0.9189 (Best: 0.9189) | Test MaF1: 0.9545 (Best: 0.9545) | MiF1: 0.9543 (Best: 0.9543)
2024-04-19 11:23:46,238 - root - INFO - Epoch: 23 | LR: 0.0008 | Loss 0.4076 | Val MaF1: 0.9182 (Best: 0.9189) | Test MaF1: 0.9519 (Best: 0.9545) | MiF1: 0.9518 (Best: 0.9543)
2024-04-19 11:23:47,169 - root - INFO - Epoch: 24 | LR: 0.0008 | Loss 0.4029 | Val MaF1: 0.9182 (Best: 0.9189) | Test MaF1: 0.9524 (Best: 0.9545) | MiF1: 0.9523 (Best: 0.9543)
2024-04-19 11:23:48,095 - root - INFO - Epoch: 25 | LR: 0.0008 | Loss 0.3968 | Val MaF1: 0.9202 (Best: 0.9189) | Test MaF1: 0.9532 (Best: 0.9545) | MiF1: 0.9533 (Best: 0.9543)
2024-04-19 11:23:49,017 - root - INFO - Epoch: 26 | LR: 0.0007 | Loss 0.3916 | Val MaF1: 0.9257 (Best: 0.9189) | Test MaF1: 0.9525 (Best: 0.9545) | MiF1: 0.9528 (Best: 0.9543)
2024-04-19 11:23:49,933 - root - INFO - Epoch: 27 | LR: 0.0007 | Loss 0.3883 | Val MaF1: 0.9232 (Best: 0.9189) | Test MaF1: 0.9503 (Best: 0.9545) | MiF1: 0.9508 (Best: 0.9543)
2024-04-19 11:23:50,848 - root - INFO - Epoch: 28 | LR: 0.0007 | Loss 0.3861 | Val MaF1: 0.9229 (Best: 0.9189) | Test MaF1: 0.9493 (Best: 0.9545) | MiF1: 0.9498 (Best: 0.9543)
2024-04-19 11:23:51,844 - root - INFO - Epoch: 29 | LR: 0.0006 | Loss 0.3834 | Val MaF1: 0.9257 (Best: 0.9189) | Test MaF1: 0.9514 (Best: 0.9545) | MiF1: 0.9518 (Best: 0.9543)
2024-04-19 11:23:52,769 - root - INFO - Epoch: 30 | LR: 0.0006 | Loss 0.3800 | Val MaF1: 0.9257 (Best: 0.9189) | Test MaF1: 0.9524 (Best: 0.9545) | MiF1: 0.9528 (Best: 0.9543)
2024-04-19 11:23:53,682 - root - INFO - Epoch: 31 | LR: 0.0005 | Loss 0.3775 | Val MaF1: 0.9260 (Best: 0.9189) | Test MaF1: 0.9525 (Best: 0.9545) | MiF1: 0.9528 (Best: 0.9543)
2024-04-19 11:23:54,599 - root - INFO - Epoch: 32 | LR: 0.0005 | Loss 0.3757 | Val MaF1: 0.9260 (Best: 0.9189) | Test MaF1: 0.9537 (Best: 0.9545) | MiF1: 0.9538 (Best: 0.9543)
2024-04-19 11:23:55,513 - root - INFO - Epoch: 33 | LR: 0.0004 | Loss 0.3736 | Val MaF1: 0.9260 (Best: 0.9189) | Test MaF1: 0.9537 (Best: 0.9545) | MiF1: 0.9538 (Best: 0.9543)
2024-04-19 11:23:56,437 - root - INFO - Epoch: 34 | LR: 0.0004 | Loss 0.3729 | Val MaF1: 0.9260 (Best: 0.9189) | Test MaF1: 0.9527 (Best: 0.9545) | MiF1: 0.9528 (Best: 0.9543)
2024-04-19 11:23:57,359 - root - INFO - Epoch: 35 | LR: 0.0003 | Loss 0.3712 | Val MaF1: 0.9260 (Best: 0.9189) | Test MaF1: 0.9518 (Best: 0.9545) | MiF1: 0.9518 (Best: 0.9543)
2024-04-19 11:23:58,273 - root - INFO - Epoch: 36 | LR: 0.0003 | Loss 0.3701 | Val MaF1: 0.9283 (Best: 0.9189) | Test MaF1: 0.9518 (Best: 0.9545) | MiF1: 0.9518 (Best: 0.9543)
2024-04-19 11:23:59,232 - root - INFO - Epoch: 37 | LR: 0.0003 | Loss 0.3692 | Val MaF1: 0.9258 (Best: 0.9189) | Test MaF1: 0.9515 (Best: 0.9545) | MiF1: 0.9518 (Best: 0.9543)
2024-04-19 11:24:00,168 - root - INFO - Epoch: 38 | LR: 0.0002 | Loss 0.3687 | Val MaF1: 0.9280 (Best: 0.9189) | Test MaF1: 0.9511 (Best: 0.9545) | MiF1: 0.9513 (Best: 0.9543)
2024-04-19 11:24:01,082 - root - INFO - Epoch: 39 | LR: 0.0002 | Loss 0.3675 | Val MaF1: 0.9303 (Best: 0.9189) | Test MaF1: 0.9510 (Best: 0.9545) | MiF1: 0.9513 (Best: 0.9543)
2024-04-19 11:24:01,997 - root - INFO - Epoch: 40 | LR: 0.0002 | Loss 0.3671 | Val MaF1: 0.9303 (Best: 0.9189) | Test MaF1: 0.9509 (Best: 0.9545) | MiF1: 0.9513 (Best: 0.9543)
2024-04-19 11:24:02,911 - root - INFO - Epoch: 41 | LR: 0.0001 | Loss 0.3670 | Val MaF1: 0.9303 (Best: 0.9189) | Test MaF1: 0.9504 (Best: 0.9545) | MiF1: 0.9508 (Best: 0.9543)
2024-04-19 11:24:03,825 - root - INFO - Epoch: 42 | LR: 0.0001 | Loss 0.3662 | Val MaF1: 0.9303 (Best: 0.9189) | Test MaF1: 0.9494 (Best: 0.9545) | MiF1: 0.9498 (Best: 0.9543)
2024-04-19 11:24:04,735 - root - INFO - Epoch: 43 | LR: 0.0001 | Loss 0.3655 | Val MaF1: 0.9303 (Best: 0.9189) | Test MaF1: 0.9504 (Best: 0.9545) | MiF1: 0.9508 (Best: 0.9543)
2024-04-19 11:24:05,690 - root - INFO - Epoch: 44 | LR: 0.0000 | Loss 0.3655 | Val MaF1: 0.9303 (Best: 0.9189) | Test MaF1: 0.9504 (Best: 0.9545) | MiF1: 0.9508 (Best: 0.9543)
2024-04-19 11:24:06,598 - root - INFO - Epoch: 45 | LR: 0.0000 | Loss 0.3655 | Val MaF1: 0.9303 (Best: 0.9189) | Test MaF1: 0.9500 (Best: 0.9545) | MiF1: 0.9503 (Best: 0.9543)
2024-04-19 11:24:07,525 - root - INFO - Epoch: 46 | LR: 0.0000 | Loss 0.3652 | Val MaF1: 0.9303 (Best: 0.9189) | Test MaF1: 0.9500 (Best: 0.9545) | MiF1: 0.9503 (Best: 0.9543)
2024-04-19 11:24:08,473 - root - INFO - Epoch: 47 | LR: 0.0000 | Loss 0.3651 | Val MaF1: 0.9303 (Best: 0.9189) | Test MaF1: 0.9505 (Best: 0.9545) | MiF1: 0.9508 (Best: 0.9543)
2024-04-19 11:24:09,394 - root - INFO - Epoch: 48 | LR: 0.0000 | Loss 0.3650 | Val MaF1: 0.9303 (Best: 0.9189) | Test MaF1: 0.9505 (Best: 0.9545) | MiF1: 0.9508 (Best: 0.9543)
2024-04-19 11:24:10,314 - root - INFO - Epoch: 49 | LR: 0.0000 | Loss 0.3650 | Val MaF1: 0.9303 (Best: 0.9189) | Test MaF1: 0.9505 (Best: 0.9545) | MiF1: 0.9508 (Best: 0.9543)
2024-04-19 11:24:11,229 - root - INFO - Epoch: 50 | LR: 0.0000 | Loss 0.3651 | Val MaF1: 0.9303 (Best: 0.9189) | Test MaF1: 0.9505 (Best: 0.9545) | MiF1: 0.9508 (Best: 0.9543)
2024-04-19 11:24:11,229 - root - INFO - Best Epoch: 22 | Train MiF1: 0.9708,  MaF1: 0.9713 | Val MiF1: 0.9181, MaF1: 0.9189 | Test MaF1: 0.9545, MiF1: 0.9543
2024-04-19 11:24:17,621 - PIL.PngImagePlugin - DEBUG - STREAM b'IHDR' 16 13
2024-04-19 11:24:17,621 - PIL.PngImagePlugin - DEBUG - STREAM b'sBIT' 41 4
2024-04-19 11:24:17,621 - PIL.PngImagePlugin - DEBUG - b'sBIT' 41 4 (unknown)
2024-04-19 11:24:17,622 - PIL.PngImagePlugin - DEBUG - STREAM b'pHYs' 57 9
2024-04-19 11:24:17,622 - PIL.PngImagePlugin - DEBUG - STREAM b'IDAT' 78 1189
2024-04-19 11:24:17,625 - PIL.PngImagePlugin - DEBUG - STREAM b'IHDR' 16 13
2024-04-19 11:24:17,625 - PIL.PngImagePlugin - DEBUG - STREAM b'sBIT' 41 4
2024-04-19 11:24:17,625 - PIL.PngImagePlugin - DEBUG - b'sBIT' 41 4 (unknown)
2024-04-19 11:24:17,625 - PIL.PngImagePlugin - DEBUG - STREAM b'pHYs' 57 9
2024-04-19 11:24:17,626 - PIL.PngImagePlugin - DEBUG - STREAM b'IDAT' 78 2994
2024-04-19 11:24:17,635 - PIL.PngImagePlugin - DEBUG - STREAM b'IHDR' 16 13
2024-04-19 11:24:17,635 - PIL.PngImagePlugin - DEBUG - STREAM b'sBIT' 41 4
2024-04-19 11:24:17,635 - PIL.PngImagePlugin - DEBUG - b'sBIT' 41 4 (unknown)
2024-04-19 11:24:17,635 - PIL.PngImagePlugin - DEBUG - STREAM b'pHYs' 57 9
2024-04-19 11:24:17,636 - PIL.PngImagePlugin - DEBUG - STREAM b'IDAT' 78 374
2024-04-19 11:24:17,637 - PIL.PngImagePlugin - DEBUG - STREAM b'IHDR' 16 13
2024-04-19 11:24:17,637 - PIL.PngImagePlugin - DEBUG - STREAM b'sBIT' 41 4
2024-04-19 11:24:17,637 - PIL.PngImagePlugin - DEBUG - b'sBIT' 41 4 (unknown)
2024-04-19 11:24:17,638 - PIL.PngImagePlugin - DEBUG - STREAM b'pHYs' 57 9
2024-04-19 11:24:17,638 - PIL.PngImagePlugin - DEBUG - STREAM b'IDAT' 78 286
2024-04-19 11:24:17,639 - PIL.PngImagePlugin - DEBUG - STREAM b'IHDR' 16 13
2024-04-19 11:24:17,639 - PIL.PngImagePlugin - DEBUG - STREAM b'sBIT' 41 4
2024-04-19 11:24:17,640 - PIL.PngImagePlugin - DEBUG - b'sBIT' 41 4 (unknown)
2024-04-19 11:24:17,640 - PIL.PngImagePlugin - DEBUG - STREAM b'pHYs' 57 9
2024-04-19 11:24:17,640 - PIL.PngImagePlugin - DEBUG - STREAM b'IDAT' 78 263
2024-04-19 11:24:17,641 - PIL.PngImagePlugin - DEBUG - STREAM b'IHDR' 16 13
2024-04-19 11:24:17,642 - PIL.PngImagePlugin - DEBUG - STREAM b'sBIT' 41 4
2024-04-19 11:24:17,642 - PIL.PngImagePlugin - DEBUG - b'sBIT' 41 4 (unknown)
2024-04-19 11:24:17,642 - PIL.PngImagePlugin - DEBUG - STREAM b'pHYs' 57 9
2024-04-19 11:24:17,642 - PIL.PngImagePlugin - DEBUG - STREAM b'IDAT' 78 387
2024-04-19 11:24:17,644 - PIL.PngImagePlugin - DEBUG - STREAM b'IHDR' 16 13
2024-04-19 11:24:17,644 - PIL.PngImagePlugin - DEBUG - STREAM b'sBIT' 41 4
2024-04-19 11:24:17,644 - PIL.PngImagePlugin - DEBUG - b'sBIT' 41 4 (unknown)
2024-04-19 11:24:17,644 - PIL.PngImagePlugin - DEBUG - STREAM b'pHYs' 57 9
2024-04-19 11:24:17,644 - PIL.PngImagePlugin - DEBUG - STREAM b'IDAT' 78 436
2024-04-19 11:24:17,646 - PIL.PngImagePlugin - DEBUG - STREAM b'IHDR' 16 13
2024-04-19 11:24:17,646 - PIL.PngImagePlugin - DEBUG - STREAM b'sBIT' 41 4
2024-04-19 11:24:17,646 - PIL.PngImagePlugin - DEBUG - b'sBIT' 41 4 (unknown)
2024-04-19 11:24:17,646 - PIL.PngImagePlugin - DEBUG - STREAM b'pHYs' 57 9
2024-04-19 11:24:17,647 - PIL.PngImagePlugin - DEBUG - STREAM b'IDAT' 78 351
2024-04-19 11:24:17,648 - PIL.PngImagePlugin - DEBUG - STREAM b'IHDR' 16 13
2024-04-19 11:24:17,648 - PIL.PngImagePlugin - DEBUG - STREAM b'sBIT' 41 4
2024-04-19 11:24:17,648 - PIL.PngImagePlugin - DEBUG - b'sBIT' 41 4 (unknown)
2024-04-19 11:24:17,648 - PIL.PngImagePlugin - DEBUG - STREAM b'pHYs' 57 9
2024-04-19 11:24:17,649 - PIL.PngImagePlugin - DEBUG - STREAM b'IDAT' 78 364
2024-04-19 11:24:21,206 - root - INFO - ARI: 0.8632 | NMI: 0.8230
