2024-04-18 17:40:56,090 - root - INFO - {'prefix': 'SR-HGN', 'gpu': 0, 'feat': 1, 'seed': 0, 'verbose': 1, 'train_split': 0.2, 'val_split': 0.3, 'num_type_heads': 4, 'num_node_heads': 4, 'hidden_dim': 256, 'clip': 1.0, 'num_layers': 3, 'alpha': 0.5, 'epochs': 80, 'dataset': 'imdb', 'input_dim': 256, 'aggregate': 'concat', 'iscuda': True, 'cluster': True, 'max_lr': 0.001, 'weight_decay': 1e-05, 'heads': 8, 'han_heads': [4], 'hh_heads': 3, 'dropout': 0.2}
2024-04-18 17:40:58,783 - root - INFO - Training SR-HGN with #param: 52836051
2024-04-18 17:41:01,262 - root - INFO - ARI: -0.0020 | NMI: 0.0128
2024-04-18 17:41:01,263 - root - INFO - Epoch: 1 | LR: 0.0000 | Loss 1.0995 | Val MaF1: 0.1784 (Best: 0.1784) | Test MaF1: 0.1839 (Best: 0.1839) | MiF1: 0.3660 (Best: 0.3660)
2024-04-18 17:41:01,929 - root - INFO - Epoch: 2 | LR: 0.0001 | Loss 1.0960 | Val MaF1: 0.1784 (Best: 0.1784) | Test MaF1: 0.1781 (Best: 0.1839) | MiF1: 0.3636 (Best: 0.3660)
2024-04-18 17:41:02,506 - root - INFO - Epoch: 3 | LR: 0.0001 | Loss 1.0922 | Val MaF1: 0.1873 (Best: 0.1784) | Test MaF1: 0.1825 (Best: 0.1839) | MiF1: 0.3660 (Best: 0.3660)
2024-04-18 17:41:03,916 - root - INFO - ARI: -0.0015 | NMI: 0.0149
2024-04-18 17:41:03,916 - root - INFO - Epoch: 4 | LR: 0.0001 | Loss 1.0881 | Val MaF1: 0.2423 (Best: 0.2423) | Test MaF1: 0.2461 (Best: 0.2461) | MiF1: 0.3963 (Best: 0.3963)
2024-04-18 17:41:05,383 - root - INFO - ARI: -0.0011 | NMI: 0.0166
2024-04-18 17:41:05,384 - root - INFO - Epoch: 5 | LR: 0.0001 | Loss 1.0825 | Val MaF1: 0.3790 (Best: 0.3790) | Test MaF1: 0.3655 (Best: 0.3655) | MiF1: 0.4825 (Best: 0.4825)
2024-04-18 17:41:06,850 - root - INFO - ARI: 0.0028 | NMI: 0.0227
2024-04-18 17:41:06,850 - root - INFO - Epoch: 6 | LR: 0.0002 | Loss 1.0761 | Val MaF1: 0.4086 (Best: 0.4086) | Test MaF1: 0.4108 (Best: 0.4108) | MiF1: 0.5338 (Best: 0.5338)
2024-04-18 17:41:07,497 - root - INFO - Epoch: 7 | LR: 0.0002 | Loss 1.0692 | Val MaF1: 0.3937 (Best: 0.4086) | Test MaF1: 0.3547 (Best: 0.4108) | MiF1: 0.4779 (Best: 0.5338)
2024-04-18 17:41:08,124 - root - INFO - Epoch: 8 | LR: 0.0003 | Loss 1.0619 | Val MaF1: 0.3676 (Best: 0.4086) | Test MaF1: 0.3375 (Best: 0.4108) | MiF1: 0.4639 (Best: 0.5338)
2024-04-18 17:41:08,703 - root - INFO - Epoch: 9 | LR: 0.0004 | Loss 1.0525 | Val MaF1: 0.3578 (Best: 0.4086) | Test MaF1: 0.3294 (Best: 0.4108) | MiF1: 0.4569 (Best: 0.5338)
2024-04-18 17:41:09,273 - root - INFO - Epoch: 10 | LR: 0.0004 | Loss 1.0413 | Val MaF1: 0.3693 (Best: 0.4086) | Test MaF1: 0.3493 (Best: 0.4108) | MiF1: 0.4755 (Best: 0.5338)
2024-04-18 17:41:09,843 - root - INFO - Epoch: 11 | LR: 0.0005 | Loss 1.0259 | Val MaF1: 0.4020 (Best: 0.4086) | Test MaF1: 0.3751 (Best: 0.4108) | MiF1: 0.4942 (Best: 0.5338)
2024-04-18 17:41:10,420 - root - INFO - Epoch: 12 | LR: 0.0006 | Loss 1.0038 | Val MaF1: 0.4588 (Best: 0.4086) | Test MaF1: 0.4062 (Best: 0.4108) | MiF1: 0.5082 (Best: 0.5338)
2024-04-18 17:41:11,737 - root - INFO - ARI: 0.4305 | NMI: 0.3770
2024-04-18 17:41:11,737 - root - INFO - Epoch: 13 | LR: 0.0006 | Loss 0.9699 | Val MaF1: 0.5681 (Best: 0.5681) | Test MaF1: 0.5296 (Best: 0.5296) | MiF1: 0.5688 (Best: 0.5688)
2024-04-18 17:41:13,075 - root - INFO - ARI: 0.4421 | NMI: 0.3886
2024-04-18 17:41:13,075 - root - INFO - Epoch: 14 | LR: 0.0007 | Loss 0.9245 | Val MaF1: 0.6645 (Best: 0.6645) | Test MaF1: 0.6369 (Best: 0.6369) | MiF1: 0.6410 (Best: 0.6410)
2024-04-18 17:41:14,446 - root - INFO - ARI: 0.4615 | NMI: 0.4065
2024-04-18 17:41:14,446 - root - INFO - Epoch: 15 | LR: 0.0007 | Loss 0.8732 | Val MaF1: 0.6738 (Best: 0.6738) | Test MaF1: 0.6529 (Best: 0.6529) | MiF1: 0.6527 (Best: 0.6527)
2024-04-18 17:41:15,775 - root - INFO - ARI: 0.4751 | NMI: 0.4172
2024-04-18 17:41:15,775 - root - INFO - Epoch: 16 | LR: 0.0008 | Loss 0.8222 | Val MaF1: 0.6822 (Best: 0.6822) | Test MaF1: 0.6530 (Best: 0.6530) | MiF1: 0.6527 (Best: 0.6527)
2024-04-18 17:41:17,115 - root - INFO - ARI: 0.5073 | NMI: 0.4407
2024-04-18 17:41:17,116 - root - INFO - Epoch: 17 | LR: 0.0008 | Loss 0.7632 | Val MaF1: 0.6949 (Best: 0.6949) | Test MaF1: 0.6605 (Best: 0.6605) | MiF1: 0.6620 (Best: 0.6620)
2024-04-18 17:41:18,452 - root - INFO - ARI: 0.5356 | NMI: 0.4643
2024-04-18 17:41:18,452 - root - INFO - Epoch: 18 | LR: 0.0009 | Loss 0.7048 | Val MaF1: 0.6862 (Best: 0.6862) | Test MaF1: 0.6632 (Best: 0.6632) | MiF1: 0.6667 (Best: 0.6667)
2024-04-18 17:41:19,064 - root - INFO - Epoch: 19 | LR: 0.0009 | Loss 0.6604 | Val MaF1: 0.6919 (Best: 0.6862) | Test MaF1: 0.6606 (Best: 0.6632) | MiF1: 0.6643 (Best: 0.6667)
2024-04-18 17:41:19,628 - root - INFO - Epoch: 20 | LR: 0.0010 | Loss 0.6216 | Val MaF1: 0.7201 (Best: 0.6862) | Test MaF1: 0.6602 (Best: 0.6632) | MiF1: 0.6620 (Best: 0.6667)
2024-04-18 17:41:20,909 - root - INFO - ARI: 0.6259 | NMI: 0.5467
2024-04-18 17:41:20,909 - root - INFO - Epoch: 21 | LR: 0.0010 | Loss 0.5864 | Val MaF1: 0.7081 (Best: 0.7081) | Test MaF1: 0.6675 (Best: 0.6675) | MiF1: 0.6667 (Best: 0.6667)
2024-04-18 17:41:22,283 - root - INFO - ARI: 0.6465 | NMI: 0.5672
2024-04-18 17:41:22,284 - root - INFO - Epoch: 22 | LR: 0.0010 | Loss 0.5568 | Val MaF1: 0.7057 (Best: 0.7057) | Test MaF1: 0.6700 (Best: 0.6700) | MiF1: 0.6690 (Best: 0.6690)
2024-04-18 17:41:23,598 - root - INFO - ARI: 0.6687 | NMI: 0.5874
2024-04-18 17:41:23,598 - root - INFO - Epoch: 23 | LR: 0.0010 | Loss 0.5323 | Val MaF1: 0.7173 (Best: 0.7173) | Test MaF1: 0.6741 (Best: 0.6741) | MiF1: 0.6737 (Best: 0.6737)
2024-04-18 17:41:24,220 - root - INFO - Epoch: 24 | LR: 0.0010 | Loss 0.5070 | Val MaF1: 0.7063 (Best: 0.7173) | Test MaF1: 0.6615 (Best: 0.6741) | MiF1: 0.6643 (Best: 0.6737)
2024-04-18 17:41:24,789 - root - INFO - Epoch: 25 | LR: 0.0010 | Loss 0.4879 | Val MaF1: 0.7040 (Best: 0.7173) | Test MaF1: 0.6607 (Best: 0.6741) | MiF1: 0.6620 (Best: 0.6737)
2024-04-18 17:41:25,359 - root - INFO - Epoch: 26 | LR: 0.0010 | Loss 0.4723 | Val MaF1: 0.7133 (Best: 0.7173) | Test MaF1: 0.6546 (Best: 0.6741) | MiF1: 0.6550 (Best: 0.6737)
2024-04-18 17:41:25,922 - root - INFO - Epoch: 27 | LR: 0.0010 | Loss 0.4561 | Val MaF1: 0.6999 (Best: 0.7173) | Test MaF1: 0.6553 (Best: 0.6741) | MiF1: 0.6550 (Best: 0.6737)
2024-04-18 17:41:26,483 - root - INFO - Epoch: 28 | LR: 0.0010 | Loss 0.4449 | Val MaF1: 0.7049 (Best: 0.7173) | Test MaF1: 0.6563 (Best: 0.6741) | MiF1: 0.6550 (Best: 0.6737)
2024-04-18 17:41:27,043 - root - INFO - Epoch: 29 | LR: 0.0010 | Loss 0.4360 | Val MaF1: 0.7076 (Best: 0.7173) | Test MaF1: 0.6469 (Best: 0.6741) | MiF1: 0.6457 (Best: 0.6737)
2024-04-18 17:41:27,647 - root - INFO - Epoch: 30 | LR: 0.0010 | Loss 0.4268 | Val MaF1: 0.6920 (Best: 0.7173) | Test MaF1: 0.6421 (Best: 0.6741) | MiF1: 0.6410 (Best: 0.6737)
2024-04-18 17:41:28,212 - root - INFO - Epoch: 31 | LR: 0.0010 | Loss 0.4185 | Val MaF1: 0.6881 (Best: 0.7173) | Test MaF1: 0.6427 (Best: 0.6741) | MiF1: 0.6410 (Best: 0.6737)
2024-04-18 17:41:28,775 - root - INFO - Epoch: 32 | LR: 0.0009 | Loss 0.4112 | Val MaF1: 0.6851 (Best: 0.7173) | Test MaF1: 0.6440 (Best: 0.6741) | MiF1: 0.6410 (Best: 0.6737)
2024-04-18 17:41:29,351 - root - INFO - Epoch: 33 | LR: 0.0009 | Loss 0.4045 | Val MaF1: 0.6932 (Best: 0.7173) | Test MaF1: 0.6457 (Best: 0.6741) | MiF1: 0.6434 (Best: 0.6737)
2024-04-18 17:41:29,916 - root - INFO - Epoch: 34 | LR: 0.0009 | Loss 0.3998 | Val MaF1: 0.6914 (Best: 0.7173) | Test MaF1: 0.6427 (Best: 0.6741) | MiF1: 0.6410 (Best: 0.6737)
2024-04-18 17:41:30,481 - root - INFO - Epoch: 35 | LR: 0.0009 | Loss 0.3958 | Val MaF1: 0.6889 (Best: 0.7173) | Test MaF1: 0.6454 (Best: 0.6741) | MiF1: 0.6434 (Best: 0.6737)
2024-04-18 17:41:31,045 - root - INFO - Epoch: 36 | LR: 0.0009 | Loss 0.3919 | Val MaF1: 0.6850 (Best: 0.7173) | Test MaF1: 0.6373 (Best: 0.6741) | MiF1: 0.6340 (Best: 0.6737)
2024-04-18 17:41:31,608 - root - INFO - Epoch: 37 | LR: 0.0009 | Loss 0.3893 | Val MaF1: 0.6749 (Best: 0.7173) | Test MaF1: 0.6419 (Best: 0.6741) | MiF1: 0.6387 (Best: 0.6737)
2024-04-18 17:41:32,171 - root - INFO - Epoch: 38 | LR: 0.0008 | Loss 0.3855 | Val MaF1: 0.6735 (Best: 0.7173) | Test MaF1: 0.6379 (Best: 0.6741) | MiF1: 0.6340 (Best: 0.6737)
2024-04-18 17:41:32,737 - root - INFO - Epoch: 39 | LR: 0.0008 | Loss 0.3831 | Val MaF1: 0.6722 (Best: 0.7173) | Test MaF1: 0.6405 (Best: 0.6741) | MiF1: 0.6364 (Best: 0.6737)
2024-04-18 17:41:33,307 - root - INFO - Epoch: 40 | LR: 0.0008 | Loss 0.3813 | Val MaF1: 0.6725 (Best: 0.7173) | Test MaF1: 0.6360 (Best: 0.6741) | MiF1: 0.6317 (Best: 0.6737)
2024-04-18 17:41:33,868 - root - INFO - Epoch: 41 | LR: 0.0008 | Loss 0.3788 | Val MaF1: 0.6727 (Best: 0.7173) | Test MaF1: 0.6324 (Best: 0.6741) | MiF1: 0.6270 (Best: 0.6737)
2024-04-18 17:41:34,467 - root - INFO - Epoch: 42 | LR: 0.0007 | Loss 0.3771 | Val MaF1: 0.6722 (Best: 0.7173) | Test MaF1: 0.6295 (Best: 0.6741) | MiF1: 0.6247 (Best: 0.6737)
2024-04-18 17:41:35,026 - root - INFO - Epoch: 43 | LR: 0.0007 | Loss 0.3752 | Val MaF1: 0.6641 (Best: 0.7173) | Test MaF1: 0.6263 (Best: 0.6741) | MiF1: 0.6224 (Best: 0.6737)
2024-04-18 17:41:35,584 - root - INFO - Epoch: 44 | LR: 0.0007 | Loss 0.3732 | Val MaF1: 0.6609 (Best: 0.7173) | Test MaF1: 0.6342 (Best: 0.6741) | MiF1: 0.6294 (Best: 0.6737)
2024-04-18 17:41:36,144 - root - INFO - Epoch: 45 | LR: 0.0007 | Loss 0.3728 | Val MaF1: 0.6560 (Best: 0.7173) | Test MaF1: 0.6317 (Best: 0.6741) | MiF1: 0.6270 (Best: 0.6737)
2024-04-18 17:41:36,703 - root - INFO - Epoch: 46 | LR: 0.0006 | Loss 0.3716 | Val MaF1: 0.6564 (Best: 0.7173) | Test MaF1: 0.6293 (Best: 0.6741) | MiF1: 0.6247 (Best: 0.6737)
2024-04-18 17:41:37,272 - root - INFO - Epoch: 47 | LR: 0.0006 | Loss 0.3702 | Val MaF1: 0.6541 (Best: 0.7173) | Test MaF1: 0.6240 (Best: 0.6741) | MiF1: 0.6200 (Best: 0.6737)
2024-04-18 17:41:37,827 - root - INFO - Epoch: 48 | LR: 0.0006 | Loss 0.3694 | Val MaF1: 0.6541 (Best: 0.7173) | Test MaF1: 0.6214 (Best: 0.6741) | MiF1: 0.6177 (Best: 0.6737)
2024-04-18 17:41:38,386 - root - INFO - Epoch: 49 | LR: 0.0006 | Loss 0.3685 | Val MaF1: 0.6541 (Best: 0.7173) | Test MaF1: 0.6185 (Best: 0.6741) | MiF1: 0.6154 (Best: 0.6737)
2024-04-18 17:41:38,941 - root - INFO - Epoch: 50 | LR: 0.0005 | Loss 0.3675 | Val MaF1: 0.6564 (Best: 0.7173) | Test MaF1: 0.6168 (Best: 0.6741) | MiF1: 0.6131 (Best: 0.6737)
2024-04-18 17:41:39,498 - root - INFO - Epoch: 51 | LR: 0.0005 | Loss 0.3673 | Val MaF1: 0.6586 (Best: 0.7173) | Test MaF1: 0.6132 (Best: 0.6741) | MiF1: 0.6107 (Best: 0.6737)
2024-04-18 17:41:40,053 - root - INFO - Epoch: 52 | LR: 0.0005 | Loss 0.3659 | Val MaF1: 0.6613 (Best: 0.7173) | Test MaF1: 0.6132 (Best: 0.6741) | MiF1: 0.6107 (Best: 0.6737)
2024-04-18 17:41:40,650 - root - INFO - Epoch: 53 | LR: 0.0004 | Loss 0.3657 | Val MaF1: 0.6613 (Best: 0.7173) | Test MaF1: 0.6212 (Best: 0.6741) | MiF1: 0.6177 (Best: 0.6737)
2024-04-18 17:41:41,215 - root - INFO - Epoch: 54 | LR: 0.0004 | Loss 0.3657 | Val MaF1: 0.6613 (Best: 0.7173) | Test MaF1: 0.6186 (Best: 0.6741) | MiF1: 0.6154 (Best: 0.6737)
2024-04-18 17:41:41,771 - root - INFO - Epoch: 55 | LR: 0.0004 | Loss 0.3653 | Val MaF1: 0.6613 (Best: 0.7173) | Test MaF1: 0.6186 (Best: 0.6741) | MiF1: 0.6154 (Best: 0.6737)
2024-04-18 17:41:42,335 - root - INFO - Epoch: 56 | LR: 0.0004 | Loss 0.3647 | Val MaF1: 0.6586 (Best: 0.7173) | Test MaF1: 0.6165 (Best: 0.6741) | MiF1: 0.6131 (Best: 0.6737)
2024-04-18 17:41:42,899 - root - INFO - Epoch: 57 | LR: 0.0003 | Loss 0.3643 | Val MaF1: 0.6565 (Best: 0.7173) | Test MaF1: 0.6192 (Best: 0.6741) | MiF1: 0.6154 (Best: 0.6737)
2024-04-18 17:41:43,462 - root - INFO - Epoch: 58 | LR: 0.0003 | Loss 0.3637 | Val MaF1: 0.6565 (Best: 0.7173) | Test MaF1: 0.6214 (Best: 0.6741) | MiF1: 0.6177 (Best: 0.6737)
2024-04-18 17:41:44,019 - root - INFO - Epoch: 59 | LR: 0.0003 | Loss 0.3638 | Val MaF1: 0.6565 (Best: 0.7173) | Test MaF1: 0.6190 (Best: 0.6741) | MiF1: 0.6154 (Best: 0.6737)
2024-04-18 17:41:44,580 - root - INFO - Epoch: 60 | LR: 0.0003 | Loss 0.3632 | Val MaF1: 0.6565 (Best: 0.7173) | Test MaF1: 0.6144 (Best: 0.6741) | MiF1: 0.6107 (Best: 0.6737)
2024-04-18 17:41:45,156 - root - INFO - Epoch: 61 | LR: 0.0002 | Loss 0.3622 | Val MaF1: 0.6593 (Best: 0.7173) | Test MaF1: 0.6166 (Best: 0.6741) | MiF1: 0.6131 (Best: 0.6737)
2024-04-18 17:41:45,710 - root - INFO - Epoch: 62 | LR: 0.0002 | Loss 0.3626 | Val MaF1: 0.6620 (Best: 0.7173) | Test MaF1: 0.6166 (Best: 0.6741) | MiF1: 0.6131 (Best: 0.6737)
2024-04-18 17:41:46,274 - root - INFO - Epoch: 63 | LR: 0.0002 | Loss 0.3625 | Val MaF1: 0.6620 (Best: 0.7173) | Test MaF1: 0.6192 (Best: 0.6741) | MiF1: 0.6154 (Best: 0.6737)
2024-04-18 17:41:46,833 - root - INFO - Epoch: 64 | LR: 0.0002 | Loss 0.3622 | Val MaF1: 0.6598 (Best: 0.7173) | Test MaF1: 0.6192 (Best: 0.6741) | MiF1: 0.6154 (Best: 0.6737)
2024-04-18 17:41:47,435 - root - INFO - Epoch: 65 | LR: 0.0001 | Loss 0.3620 | Val MaF1: 0.6621 (Best: 0.7173) | Test MaF1: 0.6213 (Best: 0.6741) | MiF1: 0.6177 (Best: 0.6737)
2024-04-18 17:41:47,993 - root - INFO - Epoch: 66 | LR: 0.0001 | Loss 0.3620 | Val MaF1: 0.6621 (Best: 0.7173) | Test MaF1: 0.6192 (Best: 0.6741) | MiF1: 0.6154 (Best: 0.6737)
2024-04-18 17:41:48,554 - root - INFO - Epoch: 67 | LR: 0.0001 | Loss 0.3622 | Val MaF1: 0.6621 (Best: 0.7173) | Test MaF1: 0.6192 (Best: 0.6741) | MiF1: 0.6154 (Best: 0.6737)
2024-04-18 17:41:49,112 - root - INFO - Epoch: 68 | LR: 0.0001 | Loss 0.3616 | Val MaF1: 0.6621 (Best: 0.7173) | Test MaF1: 0.6192 (Best: 0.6741) | MiF1: 0.6154 (Best: 0.6737)
2024-04-18 17:41:49,686 - root - INFO - Epoch: 69 | LR: 0.0001 | Loss 0.3620 | Val MaF1: 0.6598 (Best: 0.7173) | Test MaF1: 0.6192 (Best: 0.6741) | MiF1: 0.6154 (Best: 0.6737)
2024-04-18 17:41:50,263 - root - INFO - Epoch: 70 | LR: 0.0001 | Loss 0.3619 | Val MaF1: 0.6598 (Best: 0.7173) | Test MaF1: 0.6169 (Best: 0.6741) | MiF1: 0.6131 (Best: 0.6737)
2024-04-18 17:41:50,825 - root - INFO - Epoch: 71 | LR: 0.0000 | Loss 0.3613 | Val MaF1: 0.6598 (Best: 0.7173) | Test MaF1: 0.6169 (Best: 0.6741) | MiF1: 0.6131 (Best: 0.6737)
2024-04-18 17:41:51,383 - root - INFO - Epoch: 72 | LR: 0.0000 | Loss 0.3612 | Val MaF1: 0.6598 (Best: 0.7173) | Test MaF1: 0.6169 (Best: 0.6741) | MiF1: 0.6131 (Best: 0.6737)
2024-04-18 17:41:51,944 - root - INFO - Epoch: 73 | LR: 0.0000 | Loss 0.3611 | Val MaF1: 0.6598 (Best: 0.7173) | Test MaF1: 0.6169 (Best: 0.6741) | MiF1: 0.6131 (Best: 0.6737)
2024-04-18 17:41:52,506 - root - INFO - Epoch: 74 | LR: 0.0000 | Loss 0.3614 | Val MaF1: 0.6598 (Best: 0.7173) | Test MaF1: 0.6169 (Best: 0.6741) | MiF1: 0.6131 (Best: 0.6737)
2024-04-18 17:41:53,066 - root - INFO - Epoch: 75 | LR: 0.0000 | Loss 0.3613 | Val MaF1: 0.6598 (Best: 0.7173) | Test MaF1: 0.6169 (Best: 0.6741) | MiF1: 0.6131 (Best: 0.6737)
2024-04-18 17:41:53,681 - root - INFO - Epoch: 76 | LR: 0.0000 | Loss 0.3610 | Val MaF1: 0.6598 (Best: 0.7173) | Test MaF1: 0.6169 (Best: 0.6741) | MiF1: 0.6131 (Best: 0.6737)
2024-04-18 17:41:54,241 - root - INFO - Epoch: 77 | LR: 0.0000 | Loss 0.3618 | Val MaF1: 0.6598 (Best: 0.7173) | Test MaF1: 0.6169 (Best: 0.6741) | MiF1: 0.6131 (Best: 0.6737)
2024-04-18 17:41:54,798 - root - INFO - Epoch: 78 | LR: 0.0000 | Loss 0.3606 | Val MaF1: 0.6598 (Best: 0.7173) | Test MaF1: 0.6169 (Best: 0.6741) | MiF1: 0.6131 (Best: 0.6737)
2024-04-18 17:41:55,365 - root - INFO - Epoch: 79 | LR: 0.0000 | Loss 0.3613 | Val MaF1: 0.6598 (Best: 0.7173) | Test MaF1: 0.6169 (Best: 0.6741) | MiF1: 0.6131 (Best: 0.6737)
2024-04-18 17:41:55,925 - root - INFO - Epoch: 80 | LR: 0.0000 | Loss 0.3612 | Val MaF1: 0.6598 (Best: 0.7173) | Test MaF1: 0.6169 (Best: 0.6741) | MiF1: 0.6131 (Best: 0.6737)
2024-04-18 17:41:55,925 - root - INFO - Best Epoch: 23 | Train MiF1: 0.9170,  MaF1: 0.9160 | Val MiF1: 0.7213, MaF1: 0.7173 | Test MaF1: 0.6741, MiF1: 0.6737
2024-04-18 17:41:56,451 - root - INFO - ARI: 0.6687 | NMI: 0.5874
