2024-04-19 00:52:49,479 - root - INFO - {'prefix': 'SR-HGN', 'gpu': 0, 'feat': 1, 'seed': 0, 'verbose': 1, 'train_split': 0.2, 'val_split': 0.3, 'num_type_heads': 4, 'num_node_heads': 4, 'hidden_dim': 256, 'clip': 1.0, 'num_layers': 3, 'alpha': 0.5, 'epochs': 47, 'dataset': 'acm', 'input_dim': 256, 'aggregate': 'concat', 'iscuda': True, 'cluster': True, 'max_lr': 0.001, 'weight_decay': 1e-05, 'heads': 8, 'han_heads': [4], 'hh_heads': 3, 'dropout': 0.2}
2024-04-19 00:52:52,371 - root - INFO - Training SR-HGN with #param: 35601299
2024-04-19 00:53:01,225 - matplotlib.pyplot - DEBUG - Loaded backend tkagg version 8.6.
2024-04-19 00:53:01,258 - PIL.PngImagePlugin - DEBUG - STREAM b'IHDR' 16 13
2024-04-19 00:53:01,258 - PIL.PngImagePlugin - DEBUG - STREAM b'sBIT' 41 4
2024-04-19 00:53:01,258 - PIL.PngImagePlugin - DEBUG - b'sBIT' 41 4 (unknown)
2024-04-19 00:53:01,259 - PIL.PngImagePlugin - DEBUG - STREAM b'pHYs' 57 9
2024-04-19 00:53:01,259 - PIL.PngImagePlugin - DEBUG - STREAM b'IDAT' 78 1189
2024-04-19 00:53:01,262 - PIL.PngImagePlugin - DEBUG - STREAM b'IHDR' 16 13
2024-04-19 00:53:01,262 - PIL.PngImagePlugin - DEBUG - STREAM b'sBIT' 41 4
2024-04-19 00:53:01,263 - PIL.PngImagePlugin - DEBUG - b'sBIT' 41 4 (unknown)
2024-04-19 00:53:01,263 - PIL.PngImagePlugin - DEBUG - STREAM b'pHYs' 57 9
2024-04-19 00:53:01,263 - PIL.PngImagePlugin - DEBUG - STREAM b'IDAT' 78 2994
2024-04-19 00:53:01,283 - PIL.PngImagePlugin - DEBUG - STREAM b'IHDR' 16 13
2024-04-19 00:53:01,283 - PIL.PngImagePlugin - DEBUG - STREAM b'sBIT' 41 4
2024-04-19 00:53:01,283 - PIL.PngImagePlugin - DEBUG - b'sBIT' 41 4 (unknown)
2024-04-19 00:53:01,283 - PIL.PngImagePlugin - DEBUG - STREAM b'pHYs' 57 9
2024-04-19 00:53:01,284 - PIL.PngImagePlugin - DEBUG - STREAM b'IDAT' 78 374
2024-04-19 00:53:01,285 - PIL.PngImagePlugin - DEBUG - STREAM b'IHDR' 16 13
2024-04-19 00:53:01,285 - PIL.PngImagePlugin - DEBUG - STREAM b'sBIT' 41 4
2024-04-19 00:53:01,286 - PIL.PngImagePlugin - DEBUG - b'sBIT' 41 4 (unknown)
2024-04-19 00:53:01,286 - PIL.PngImagePlugin - DEBUG - STREAM b'pHYs' 57 9
2024-04-19 00:53:01,286 - PIL.PngImagePlugin - DEBUG - STREAM b'IDAT' 78 286
2024-04-19 00:53:01,287 - PIL.PngImagePlugin - DEBUG - STREAM b'IHDR' 16 13
2024-04-19 00:53:01,288 - PIL.PngImagePlugin - DEBUG - STREAM b'sBIT' 41 4
2024-04-19 00:53:01,288 - PIL.PngImagePlugin - DEBUG - b'sBIT' 41 4 (unknown)
2024-04-19 00:53:01,288 - PIL.PngImagePlugin - DEBUG - STREAM b'pHYs' 57 9
2024-04-19 00:53:01,288 - PIL.PngImagePlugin - DEBUG - STREAM b'IDAT' 78 263
2024-04-19 00:53:01,290 - PIL.PngImagePlugin - DEBUG - STREAM b'IHDR' 16 13
2024-04-19 00:53:01,290 - PIL.PngImagePlugin - DEBUG - STREAM b'sBIT' 41 4
2024-04-19 00:53:01,290 - PIL.PngImagePlugin - DEBUG - b'sBIT' 41 4 (unknown)
2024-04-19 00:53:01,290 - PIL.PngImagePlugin - DEBUG - STREAM b'pHYs' 57 9
2024-04-19 00:53:01,291 - PIL.PngImagePlugin - DEBUG - STREAM b'IDAT' 78 387
2024-04-19 00:53:01,292 - PIL.PngImagePlugin - DEBUG - STREAM b'IHDR' 16 13
2024-04-19 00:53:01,292 - PIL.PngImagePlugin - DEBUG - STREAM b'sBIT' 41 4
2024-04-19 00:53:01,292 - PIL.PngImagePlugin - DEBUG - b'sBIT' 41 4 (unknown)
2024-04-19 00:53:01,292 - PIL.PngImagePlugin - DEBUG - STREAM b'pHYs' 57 9
2024-04-19 00:53:01,293 - PIL.PngImagePlugin - DEBUG - STREAM b'IDAT' 78 436
2024-04-19 00:53:01,294 - PIL.PngImagePlugin - DEBUG - STREAM b'IHDR' 16 13
2024-04-19 00:53:01,294 - PIL.PngImagePlugin - DEBUG - STREAM b'sBIT' 41 4
2024-04-19 00:53:01,294 - PIL.PngImagePlugin - DEBUG - b'sBIT' 41 4 (unknown)
2024-04-19 00:53:01,295 - PIL.PngImagePlugin - DEBUG - STREAM b'pHYs' 57 9
2024-04-19 00:53:01,295 - PIL.PngImagePlugin - DEBUG - STREAM b'IDAT' 78 351
2024-04-19 00:53:01,296 - PIL.PngImagePlugin - DEBUG - STREAM b'IHDR' 16 13
2024-04-19 00:53:01,296 - PIL.PngImagePlugin - DEBUG - STREAM b'sBIT' 41 4
2024-04-19 00:53:01,296 - PIL.PngImagePlugin - DEBUG - b'sBIT' 41 4 (unknown)
2024-04-19 00:53:01,296 - PIL.PngImagePlugin - DEBUG - STREAM b'pHYs' 57 9
2024-04-19 00:53:01,296 - PIL.PngImagePlugin - DEBUG - STREAM b'IDAT' 78 364
2024-04-19 00:53:01,299 - matplotlib.font_manager - DEBUG - findfont: Matching sans\-serif:style=normal:variant=normal:weight=normal:stretch=normal:size=10.0.
2024-04-19 00:53:01,299 - matplotlib.font_manager - DEBUG - findfont: score(FontEntry(fname='D:\\anaconda3\\envs\\cpf\\lib\\site-packages\\matplotlib\\mpl-data\\fonts\\ttf\\DejaVuSerif.ttf', name='DejaVu Serif', style='normal', variant='normal', weight=400, stretch='normal', size='scalable')) = 10.05
2024-04-19 00:53:01,300 - matplotlib.font_manager - DEBUG - findfont: score(FontEntry(fname='D:\\anaconda3\\envs\\cpf\\lib\\site-packages\\matplotlib\\mpl-data\\fonts\\ttf\\STIXGeneral.ttf', name='STIXGeneral', style='normal', variant='normal', weight=400, stretch='normal', size='scalable')) = 10.05
2024-04-19 00:53:01,300 - matplotlib.font_manager - DEBUG - findfont: score(FontEntry(fname='D:\\anaconda3\\envs\\cpf\\lib\\site-packages\\matplotlib\\mpl-data\\fonts\\ttf\\STIXSizFiveSymReg.ttf', name='STIXSizeFiveSym', style='normal', variant='normal', weight=400, stretch='normal', size='scalable')) = 10.05
2024-04-19 00:53:01,300 - matplotlib.font_manager - DEBUG - findfont: score(FontEntry(fname='D:\\anaconda3\\envs\\cpf\\lib\\site-packages\\matplotlib\\mpl-data\\fonts\\ttf\\STIXGeneralItalic.ttf', name='STIXGeneral', style='italic', variant='normal', weight=400, stretch='normal', size='scalable')) = 11.05
2024-04-19 00:53:01,300 - matplotlib.font_manager - DEBUG - findfont: score(FontEntry(fname='D:\\anaconda3\\envs\\cpf\\lib\\site-packages\\matplotlib\\mpl-data\\fonts\\ttf\\STIXSizThreeSymReg.ttf', name='STIXSizeThreeSym', style='normal', variant='normal', weight=400, stretch='normal', size='scalable')) = 10.05
2024-04-19 00:53:01,301 - matplotlib.font_manager - DEBUG - findfont: score(FontEntry(fname='D:\\anaconda3\\envs\\cpf\\lib\\site-packages\\matplotlib\\mpl-data\\fonts\\ttf\\STIXSizOneSymBol.ttf', name='STIXSizeOneSym', style='normal', variant='normal', weight=700, stretch='normal', size='scalable')) = 10.335
2024-04-19 00:53:01,301 - matplotlib.font_manager - DEBUG - findfont: score(FontEntry(fname='D:\\anaconda3\\envs\\cpf\\lib\\site-packages\\matplotlib\\mpl-data\\fonts\\ttf\\DejaVuSansDisplay.ttf', name='DejaVu Sans Display', style='normal', variant='normal', weight=400, stretch='normal', size='scalable')) = 10.05
2024-04-19 00:53:01,301 - matplotlib.font_manager - DEBUG - findfont: score(FontEntry(fname='D:\\anaconda3\\envs\\cpf\\lib\\site-packages\\matplotlib\\mpl-data\\fonts\\ttf\\DejaVuSansMono-Bold.ttf', name='DejaVu Sans Mono', style='normal', variant='normal', weight=700, stretch='normal', size='scalable')) = 10.335
2024-04-19 00:53:01,301 - matplotlib.font_manager - DEBUG - findfont: score(FontEntry(fname='D:\\anaconda3\\envs\\cpf\\lib\\site-packages\\matplotlib\\mpl-data\\fonts\\ttf\\DejaVuSans-Bold.ttf', name='DejaVu Sans', style='normal', variant='normal', weight=700, stretch='normal', size='scalable')) = 0.33499999999999996
2024-04-19 00:53:01,302 - matplotlib.font_manager - DEBUG - findfont: score(FontEntry(fname='D:\\anaconda3\\envs\\cpf\\lib\\site-packages\\matplotlib\\mpl-data\\fonts\\ttf\\cmtt10.ttf', name='cmtt10', style='normal', variant='normal', weight=400, stretch='normal', size='scalable')) = 10.05
2024-04-19 00:53:01,302 - matplotlib.font_manager - DEBUG - findfont: score(FontEntry(fname='D:\\anaconda3\\envs\\cpf\\lib\\site-packages\\matplotlib\\mpl-data\\fonts\\ttf\\DejaVuSerif-BoldItalic.ttf', name='DejaVu Serif', style='italic', variant='normal', weight=700, stretch='normal', size='scalable')) = 11.335
2024-04-19 00:53:01,302 - matplotlib.font_manager - DEBUG - findfont: score(FontEntry(fname='D:\\anaconda3\\envs\\cpf\\lib\\site-packages\\matplotlib\\mpl-data\\fonts\\ttf\\DejaVuSansMono.ttf', name='DejaVu Sans Mono', style='normal', variant='normal', weight=400, stretch='normal', size='scalable')) = 10.05
2024-04-19 00:53:01,302 - matplotlib.font_manager - DEBUG - findfont: score(FontEntry(fname='D:\\anaconda3\\envs\\cpf\\lib\\site-packages\\matplotlib\\mpl-data\\fonts\\ttf\\cmb10.ttf', name='cmb10', style='normal', variant='normal', weight=400, stretch='normal', size='scalable')) = 10.05
2024-04-19 00:53:01,303 - matplotlib.font_manager - DEBUG - findfont: score(FontEntry(fname='D:\\anaconda3\\envs\\cpf\\lib\\site-packages\\matplotlib\\mpl-data\\fonts\\ttf\\cmsy10.ttf', name='cmsy10', style='normal', variant='normal', weight=400, stretch='normal', size='scalable')) = 10.05
2024-04-19 00:53:01,303 - matplotlib.font_manager - DEBUG - findfont: score(FontEntry(fname='D:\\anaconda3\\envs\\cpf\\lib\\site-packages\\matplotlib\\mpl-data\\fonts\\ttf\\DejaVuSansMono-BoldOblique.ttf', name='DejaVu Sans Mono', style='oblique', variant='normal', weight=700, stretch='normal', size='scalable')) = 11.335
2024-04-19 00:53:01,303 - matplotlib.font_manager - DEBUG - findfont: score(FontEntry(fname='D:\\anaconda3\\envs\\cpf\\lib\\site-packages\\matplotlib\\mpl-data\\fonts\\ttf\\STIXSizOneSymReg.ttf', name='STIXSizeOneSym', style='normal', variant='normal', weight=400, stretch='normal', size='scalable')) = 10.05
2024-04-19 00:53:01,304 - matplotlib.font_manager - DEBUG - findfont: score(FontEntry(fname='D:\\anaconda3\\envs\\cpf\\lib\\site-packages\\matplotlib\\mpl-data\\fonts\\ttf\\DejaVuSans.ttf', name='DejaVu Sans', style='normal', variant='normal', weight=400, stretch='normal', size='scalable')) = 0.05
2024-04-19 00:53:01,304 - matplotlib.font_manager - DEBUG - findfont: score(FontEntry(fname='D:\\anaconda3\\envs\\cpf\\lib\\site-packages\\matplotlib\\mpl-data\\fonts\\ttf\\STIXSizTwoSymReg.ttf', name='STIXSizeTwoSym', style='normal', variant='normal', weight=400, stretch='normal', size='scalable')) = 10.05
2024-04-19 00:53:01,304 - matplotlib.font_manager - DEBUG - findfont: score(FontEntry(fname='D:\\anaconda3\\envs\\cpf\\lib\\site-packages\\matplotlib\\mpl-data\\fonts\\ttf\\STIXSizFourSymReg.ttf', name='STIXSizeFourSym', style='normal', variant='normal', weight=400, stretch='normal', size='scalable')) = 10.05
2024-04-19 00:53:01,304 - matplotlib.font_manager - DEBUG - findfont: score(FontEntry(fname='D:\\anaconda3\\envs\\cpf\\lib\\site-packages\\matplotlib\\mpl-data\\fonts\\ttf\\cmss10.ttf', name='cmss10', style='normal', variant='normal', weight=400, stretch='normal', size='scalable')) = 10.05
2024-04-19 00:53:01,305 - matplotlib.font_manager - DEBUG - findfont: score(FontEntry(fname='D:\\anaconda3\\envs\\cpf\\lib\\site-packages\\matplotlib\\mpl-data\\fonts\\ttf\\STIXNonUniIta.ttf', name='STIXNonUnicode', style='italic', variant='normal', weight=400, stretch='normal', size='scalable')) = 11.05
2024-04-19 00:53:01,305 - matplotlib.font_manager - DEBUG - findfont: score(FontEntry(fname='D:\\anaconda3\\envs\\cpf\\lib\\site-packages\\matplotlib\\mpl-data\\fonts\\ttf\\STIXSizFourSymBol.ttf', name='STIXSizeFourSym', style='normal', variant='normal', weight=700, stretch='normal', size='scalable')) = 10.335
2024-04-19 00:53:01,305 - matplotlib.font_manager - DEBUG - findfont: score(FontEntry(fname='D:\\anaconda3\\envs\\cpf\\lib\\site-packages\\matplotlib\\mpl-data\\fonts\\ttf\\cmex10.ttf', name='cmex10', style='normal', variant='normal', weight=400, stretch='normal', size='scalable')) = 10.05
2024-04-19 00:53:01,306 - matplotlib.font_manager - DEBUG - findfont: score(FontEntry(fname='D:\\anaconda3\\envs\\cpf\\lib\\site-packages\\matplotlib\\mpl-data\\fonts\\ttf\\cmr10.ttf', name='cmr10', style='normal', variant='normal', weight=400, stretch='normal', size='scalable')) = 10.05
2024-04-19 00:53:01,306 - matplotlib.font_manager - DEBUG - findfont: score(FontEntry(fname='D:\\anaconda3\\envs\\cpf\\lib\\site-packages\\matplotlib\\mpl-data\\fonts\\ttf\\DejaVuSans-BoldOblique.ttf', name='DejaVu Sans', style='oblique', variant='normal', weight=700, stretch='normal', size='scalable')) = 1.335
2024-04-19 00:53:01,306 - matplotlib.font_manager - DEBUG - findfont: score(FontEntry(fname='D:\\anaconda3\\envs\\cpf\\lib\\site-packages\\matplotlib\\mpl-data\\fonts\\ttf\\STIXGeneralBolIta.ttf', name='STIXGeneral', style='italic', variant='normal', weight=700, stretch='normal', size='scalable')) = 11.335
2024-04-19 00:53:01,306 - matplotlib.font_manager - DEBUG - findfont: score(FontEntry(fname='D:\\anaconda3\\envs\\cpf\\lib\\site-packages\\matplotlib\\mpl-data\\fonts\\ttf\\DejaVuSans-Oblique.ttf', name='DejaVu Sans', style='oblique', variant='normal', weight=400, stretch='normal', size='scalable')) = 1.05
2024-04-19 00:53:01,307 - matplotlib.font_manager - DEBUG - findfont: score(FontEntry(fname='D:\\anaconda3\\envs\\cpf\\lib\\site-packages\\matplotlib\\mpl-data\\fonts\\ttf\\DejaVuSerifDisplay.ttf', name='DejaVu Serif Display', style='normal', variant='normal', weight=400, stretch='normal', size='scalable')) = 10.05
2024-04-19 00:53:01,307 - matplotlib.font_manager - DEBUG - findfont: score(FontEntry(fname='D:\\anaconda3\\envs\\cpf\\lib\\site-packages\\matplotlib\\mpl-data\\fonts\\ttf\\STIXSizThreeSymBol.ttf', name='STIXSizeThreeSym', style='normal', variant='normal', weight=700, stretch='normal', size='scalable')) = 10.335
2024-04-19 00:53:01,307 - matplotlib.font_manager - DEBUG - findfont: score(FontEntry(fname='D:\\anaconda3\\envs\\cpf\\lib\\site-packages\\matplotlib\\mpl-data\\fonts\\ttf\\DejaVuSansMono-Oblique.ttf', name='DejaVu Sans Mono', style='oblique', variant='normal', weight=400, stretch='normal', size='scalable')) = 11.05
2024-04-19 00:53:01,308 - matplotlib.font_manager - DEBUG - findfont: score(FontEntry(fname='D:\\anaconda3\\envs\\cpf\\lib\\site-packages\\matplotlib\\mpl-data\\fonts\\ttf\\STIXNonUniBol.ttf', name='STIXNonUnicode', style='normal', variant='normal', weight=700, stretch='normal', size='scalable')) = 10.335
2024-04-19 00:53:01,308 - matplotlib.font_manager - DEBUG - findfont: score(FontEntry(fname='D:\\anaconda3\\envs\\cpf\\lib\\site-packages\\matplotlib\\mpl-data\\fonts\\ttf\\DejaVuSerif-Bold.ttf', name='DejaVu Serif', style='normal', variant='normal', weight=700, stretch='normal', size='scalable')) = 10.335
2024-04-19 00:53:01,308 - matplotlib.font_manager - DEBUG - findfont: score(FontEntry(fname='D:\\anaconda3\\envs\\cpf\\lib\\site-packages\\matplotlib\\mpl-data\\fonts\\ttf\\STIXNonUniBolIta.ttf', name='STIXNonUnicode', style='italic', variant='normal', weight=700, stretch='normal', size='scalable')) = 11.335
2024-04-19 00:53:01,309 - matplotlib.font_manager - DEBUG - findfont: score(FontEntry(fname='D:\\anaconda3\\envs\\cpf\\lib\\site-packages\\matplotlib\\mpl-data\\fonts\\ttf\\STIXSizTwoSymBol.ttf', name='STIXSizeTwoSym', style='normal', variant='normal', weight=700, stretch='normal', size='scalable')) = 10.335
2024-04-19 00:53:01,309 - matplotlib.font_manager - DEBUG - findfont: score(FontEntry(fname='D:\\anaconda3\\envs\\cpf\\lib\\site-packages\\matplotlib\\mpl-data\\fonts\\ttf\\DejaVuSerif-Italic.ttf', name='DejaVu Serif', style='italic', variant='normal', weight=400, stretch='normal', size='scalable')) = 11.05
2024-04-19 00:53:01,309 - matplotlib.font_manager - DEBUG - findfont: score(FontEntry(fname='D:\\anaconda3\\envs\\cpf\\lib\\site-packages\\matplotlib\\mpl-data\\fonts\\ttf\\STIXGeneralBol.ttf', name='STIXGeneral', style='normal', variant='normal', weight=700, stretch='normal', size='scalable')) = 10.335
2024-04-19 00:53:01,310 - matplotlib.font_manager - DEBUG - findfont: score(FontEntry(fname='D:\\anaconda3\\envs\\cpf\\lib\\site-packages\\matplotlib\\mpl-data\\fonts\\ttf\\STIXNonUni.ttf', name='STIXNonUnicode', style='normal', variant='normal', weight=400, stretch='normal', size='scalable')) = 10.05
2024-04-19 00:53:01,310 - matplotlib.font_manager - DEBUG - findfont: score(FontEntry(fname='D:\\anaconda3\\envs\\cpf\\lib\\site-packages\\matplotlib\\mpl-data\\fonts\\ttf\\cmmi10.ttf', name='cmmi10', style='normal', variant='normal', weight=400, stretch='normal', size='scalable')) = 10.05
2024-04-19 00:53:01,310 - matplotlib.font_manager - DEBUG - findfont: score(FontEntry(fname='C:\\Windows\\Fonts\\seguiemj.ttf', name='Segoe UI Emoji', style='normal', variant='normal', weight=400, stretch='normal', size='scalable')) = 10.05
2024-04-19 00:53:01,311 - matplotlib.font_manager - DEBUG - findfont: score(FontEntry(fname='C:\\Windows\\Fonts\\arial.ttf', name='Arial', style='normal', variant='normal', weight=400, stretch='normal', size='scalable')) = 6.413636363636363
2024-04-19 00:53:01,311 - matplotlib.font_manager - DEBUG - findfont: score(FontEntry(fname='C:\\Windows\\Fonts\\tahoma.ttf', name='Tahoma', style='normal', variant='normal', weight=400, stretch='normal', size='scalable')) = 10.05
2024-04-19 00:53:01,311 - matplotlib.font_manager - DEBUG - findfont: score(FontEntry(fname='C:\\Windows\\Fonts\\cambriaz.ttf', name='Cambria', style='italic', variant='normal', weight=700, stretch='normal', size='scalable')) = 11.335
2024-04-19 00:53:01,311 - matplotlib.font_manager - DEBUG - findfont: score(FontEntry(fname='C:\\Windows\\Fonts\\seguisym.ttf', name='Segoe UI Symbol', style='normal', variant='normal', weight=400, stretch='normal', size='scalable')) = 10.05
2024-04-19 00:53:01,312 - matplotlib.font_manager - DEBUG - findfont: score(FontEntry(fname='C:\\Windows\\Fonts\\malgunsl.ttf', name='Malgun Gothic', style='normal', variant='normal', weight=300, stretch='normal', size='scalable')) = 10.145
2024-04-19 00:53:01,312 - matplotlib.font_manager - DEBUG - findfont: score(FontEntry(fname='C:\\Windows\\Fonts\\constani.ttf', name='Constantia', style='italic', variant='normal', weight=400, stretch='normal', size='scalable')) = 11.05
2024-04-19 00:53:01,312 - matplotlib.font_manager - DEBUG - findfont: score(FontEntry(fname='C:\\Windows\\Fonts\\malgunbd.ttf', name='Malgun Gothic', style='normal', variant='normal', weight=700, stretch='normal', size='scalable')) = 10.335
2024-04-19 00:53:01,313 - matplotlib.font_manager - DEBUG - findfont: score(FontEntry(fname='C:\\Windows\\Fonts\\YuGothB.ttc', name='Yu Gothic', style='normal', variant='normal', weight=700, stretch='normal', size='scalable')) = 10.335
2024-04-19 00:53:01,313 - matplotlib.font_manager - DEBUG - findfont: score(FontEntry(fname='C:\\Windows\\Fonts\\georgia.ttf', name='Georgia', style='normal', variant='normal', weight=400, stretch='normal', size='scalable')) = 10.05
2024-04-19 00:53:01,313 - matplotlib.font_manager - DEBUG - findfont: score(FontEntry(fname='C:\\Windows\\Fonts\\calibril.ttf', name='Calibri', style='normal', variant='normal', weight=300, stretch='normal', size='scalable')) = 10.145
2024-04-19 00:53:01,313 - matplotlib.font_manager - DEBUG - findfont: score(FontEntry(fname='C:\\Windows\\Fonts\\georgiaz.ttf', name='Georgia', style='italic', variant='normal', weight=700, stretch='normal', size='scalable')) = 11.335
2024-04-19 00:53:01,314 - matplotlib.font_manager - DEBUG - findfont: score(FontEntry(fname='C:\\Windows\\Fonts\\arialbd.ttf', name='Arial', style='normal', variant='normal', weight=700, stretch='normal', size='scalable')) = 6.698636363636363
2024-04-19 00:53:01,314 - matplotlib.font_manager - DEBUG - findfont: score(FontEntry(fname='C:\\Windows\\Fonts\\LeelUIsl.ttf', name='Leelawadee UI', style='normal', variant='normal', weight=350, stretch='normal', size='scalable')) = 10.0975
2024-04-19 00:53:01,314 - matplotlib.font_manager - DEBUG - findfont: score(FontEntry(fname='C:\\Windows\\Fonts\\georgiab.ttf', name='Georgia', style='normal', variant='normal', weight=700, stretch='normal', size='scalable')) = 10.335
2024-04-19 00:53:01,315 - matplotlib.font_manager - DEBUG - findfont: score(FontEntry(fname='C:\\Windows\\Fonts\\timesbd.ttf', name='Times New Roman', style='normal', variant='normal', weight=700, stretch='normal', size='scalable')) = 10.335
2024-04-19 00:53:01,315 - matplotlib.font_manager - DEBUG - findfont: score(FontEntry(fname='C:\\Windows\\Fonts\\Nirmala.ttf', name='Nirmala UI', style='normal', variant='normal', weight=400, stretch='normal', size='scalable')) = 10.05
2024-04-19 00:53:01,315 - matplotlib.font_manager - DEBUG - findfont: score(FontEntry(fname='C:\\Windows\\Fonts\\ebrimabd.ttf', name='Ebrima', style='normal', variant='normal', weight=700, stretch='normal', size='scalable')) = 10.335
2024-04-19 00:53:01,315 - matplotlib.font_manager - DEBUG - findfont: score(FontEntry(fname='C:\\Windows\\Fonts\\webdings.ttf', name='Webdings', style='normal', variant='normal', weight=400, stretch='normal', size='scalable')) = 10.05
2024-04-19 00:53:01,316 - matplotlib.font_manager - DEBUG - findfont: score(FontEntry(fname='C:\\Windows\\Fonts\\arialbi.ttf', name='Arial', style='italic', variant='normal', weight=700, stretch='normal', size='scalable')) = 7.698636363636363
2024-04-19 00:53:01,316 - matplotlib.font_manager - DEBUG - findfont: score(FontEntry(fname='C:\\Windows\\Fonts\\simsun.ttc', name='SimSun', style='normal', variant='normal', weight=400, stretch='normal', size='scalable')) = 10.05
2024-04-19 00:53:01,316 - matplotlib.font_manager - DEBUG - findfont: score(FontEntry(fname='C:\\Windows\\Fonts\\palabi.ttf', name='Palatino Linotype', style='italic', variant='normal', weight=700, stretch='normal', size='scalable')) = 11.335
2024-04-19 00:53:01,316 - matplotlib.font_manager - DEBUG - findfont: score(FontEntry(fname='C:\\Windows\\Fonts\\segoeuii.ttf', name='Segoe UI', style='italic', variant='normal', weight=400, stretch='normal', size='scalable')) = 11.05
2024-04-19 00:53:01,317 - matplotlib.font_manager - DEBUG - findfont: score(FontEntry(fname='C:\\Windows\\Fonts\\javatext.ttf', name='Javanese Text', style='normal', variant='normal', weight=400, stretch='normal', size='scalable')) = 10.05
2024-04-19 00:53:01,317 - matplotlib.font_manager - DEBUG - findfont: score(FontEntry(fname='C:\\Windows\\Fonts\\ntailub.ttf', name='Microsoft New Tai Lue', style='normal', variant='normal', weight=700, stretch='normal', size='scalable')) = 10.335
2024-04-19 00:53:01,317 - matplotlib.font_manager - DEBUG - findfont: score(FontEntry(fname='C:\\Windows\\Fonts\\calibrili.ttf', name='Calibri', style='italic', variant='normal', weight=300, stretch='normal', size='scalable')) = 11.145
2024-04-19 00:53:01,317 - matplotlib.font_manager - DEBUG - findfont: score(FontEntry(fname='C:\\Windows\\Fonts\\pala.ttf', name='Palatino Linotype', style='normal', variant='normal', weight=400, stretch='normal', size='scalable')) = 10.05
2024-04-19 00:53:01,317 - matplotlib.font_manager - DEBUG - findfont: score(FontEntry(fname='C:\\Windows\\Fonts\\Inkfree.ttf', name='Ink Free', style='normal', variant='normal', weight=400, stretch='normal', size='scalable')) = 10.05
2024-04-19 00:53:01,318 - matplotlib.font_manager - DEBUG - findfont: score(FontEntry(fname='C:\\Windows\\Fonts\\courbi.ttf', name='Courier New', style='italic', variant='normal', weight=700, stretch='normal', size='scalable')) = 11.335
2024-04-19 00:53:01,318 - matplotlib.font_manager - DEBUG - findfont: score(FontEntry(fname='C:\\Windows\\Fonts\\Sitka.ttc', name='Sitka Small', style='normal', variant='normal', weight=400, stretch='normal', size='scalable')) = 10.05
2024-04-19 00:53:01,318 - matplotlib.font_manager - DEBUG - findfont: score(FontEntry(fname='C:\\Windows\\Fonts\\YuGothR.ttc', name='Yu Gothic', style='normal', variant='normal', weight=400, stretch='normal', size='scalable')) = 10.05
2024-04-19 00:53:01,318 - matplotlib.font_manager - DEBUG - findfont: score(FontEntry(fname='C:\\Windows\\Fonts\\Candaraz.ttf', name='Candara', style='italic', variant='normal', weight=700, stretch='normal', size='scalable')) = 11.335
2024-04-19 00:53:01,319 - matplotlib.font_manager - DEBUG - findfont: score(FontEntry(fname='C:\\Windows\\Fonts\\msyhl.ttc', name='Microsoft YaHei', style='normal', variant='normal', weight=290, stretch='normal', size='scalable')) = 10.1545
2024-04-19 00:53:01,319 - matplotlib.font_manager - DEBUG - findfont: score(FontEntry(fname='C:\\Windows\\Fonts\\segoeuiz.ttf', name='Segoe UI', style='italic', variant='normal', weight=700, stretch='normal', size='scalable')) = 11.335
2024-04-19 00:53:01,319 - matplotlib.font_manager - DEBUG - findfont: score(FontEntry(fname='C:\\Windows\\Fonts\\calibriz.ttf', name='Calibri', style='italic', variant='normal', weight=700, stretch='normal', size='scalable')) = 11.335
2024-04-19 00:53:01,319 - matplotlib.font_manager - DEBUG - findfont: score(FontEntry(fname='C:\\Windows\\Fonts\\Candara.ttf', name='Candara', style='normal', variant='normal', weight=400, stretch='normal', size='scalable')) = 10.05
2024-04-19 00:53:01,320 - matplotlib.font_manager - DEBUG - findfont: score(FontEntry(fname='C:\\Windows\\Fonts\\tahomabd.ttf', name='Tahoma', style='normal', variant='normal', weight=700, stretch='normal', size='scalable')) = 10.335
2024-04-19 00:53:01,320 - matplotlib.font_manager - DEBUG - findfont: score(FontEntry(fname='C:\\Windows\\Fonts\\NirmalaS.ttf', name='Nirmala UI', style='normal', variant='normal', weight=350, stretch='normal', size='scalable')) = 10.0975
2024-04-19 00:53:01,320 - matplotlib.font_manager - DEBUG - findfont: score(FontEntry(fname='C:\\Windows\\Fonts\\ariali.ttf', name='Arial', style='italic', variant='normal', weight=400, stretch='normal', size='scalable')) = 7.413636363636363
2024-04-19 00:53:01,320 - matplotlib.font_manager - DEBUG - findfont: score(FontEntry(fname='C:\\Windows\\Fonts\\comic.ttf', name='Comic Sans MS', style='normal', variant='normal', weight=400, stretch='normal', size='scalable')) = 10.05
2024-04-19 00:53:01,321 - matplotlib.font_manager - DEBUG - findfont: score(FontEntry(fname='C:\\Windows\\Fonts\\NirmalaB.ttf', name='Nirmala UI', style='normal', variant='normal', weight=700, stretch='normal', size='scalable')) = 10.335
2024-04-19 00:53:01,321 - matplotlib.font_manager - DEBUG - findfont: score(FontEntry(fname='C:\\Windows\\Fonts\\seguisli.ttf', name='Segoe UI', style='italic', variant='normal', weight=350, stretch='normal', size='scalable')) = 11.0975
2024-04-19 00:53:01,321 - matplotlib.font_manager - DEBUG - findfont: score(FontEntry(fname='C:\\Windows\\Fonts\\times.ttf', name='Times New Roman', style='normal', variant='normal', weight=400, stretch='normal', size='scalable')) = 10.05
2024-04-19 00:53:01,322 - matplotlib.font_manager - DEBUG - findfont: score(FontEntry(fname='C:\\Windows\\Fonts\\symbol.ttf', name='Symbol', style='normal', variant='normal', weight=400, stretch='normal', size='scalable')) = 10.05
2024-04-19 00:53:01,322 - matplotlib.font_manager - DEBUG - findfont: score(FontEntry(fname='C:\\Windows\\Fonts\\SitkaZ.ttc', name='Sitka Small', style='italic', variant='normal', weight=700, stretch='normal', size='scalable')) = 11.335
2024-04-19 00:53:01,322 - matplotlib.font_manager - DEBUG - findfont: score(FontEntry(fname='C:\\Windows\\Fonts\\LeelawUI.ttf', name='Leelawadee UI', style='normal', variant='normal', weight=400, stretch='normal', size='scalable')) = 10.05
2024-04-19 00:53:01,323 - matplotlib.font_manager - DEBUG - findfont: score(FontEntry(fname='C:\\Windows\\Fonts\\courbd.ttf', name='Courier New', style='normal', variant='normal', weight=700, stretch='normal', size='scalable')) = 10.335
2024-04-19 00:53:01,323 - matplotlib.font_manager - DEBUG - findfont: score(FontEntry(fname='C:\\Windows\\Fonts\\seguihis.ttf', name='Segoe UI Historic', style='normal', variant='normal', weight=400, stretch='normal', size='scalable')) = 10.05
2024-04-19 00:53:01,323 - matplotlib.font_manager - DEBUG - findfont: score(FontEntry(fname='C:\\Windows\\Fonts\\ntailu.ttf', name='Microsoft New Tai Lue', style='normal', variant='normal', weight=400, stretch='normal', size='scalable')) = 10.05
2024-04-19 00:53:01,323 - matplotlib.font_manager - DEBUG - findfont: score(FontEntry(fname='C:\\Windows\\Fonts\\seguibl.ttf', name='Segoe UI', style='normal', variant='normal', weight=900, stretch='normal', size='scalable')) = 10.525
2024-04-19 00:53:01,324 - matplotlib.font_manager - DEBUG - findfont: score(FontEntry(fname='C:\\Windows\\Fonts\\consolai.ttf', name='Consolas', style='italic', variant='normal', weight=400, stretch='normal', size='scalable')) = 11.05
2024-04-19 00:53:01,324 - matplotlib.font_manager - DEBUG - findfont: score(FontEntry(fname='C:\\Windows\\Fonts\\msjhbd.ttc', name='Microsoft JhengHei', style='normal', variant='normal', weight=700, stretch='normal', size='scalable')) = 10.335
2024-04-19 00:53:01,324 - matplotlib.font_manager - DEBUG - findfont: score(FontEntry(fname='C:\\Windows\\Fonts\\monbaiti.ttf', name='Mongolian Baiti', style='normal', variant='normal', weight=400, stretch='normal', size='scalable')) = 10.05
2024-04-19 00:53:01,324 - matplotlib.font_manager - DEBUG - findfont: score(FontEntry(fname='C:\\Windows\\Fonts\\Deng.ttf', name='DengXian', style='normal', variant='normal', weight=400, stretch='normal', size='scalable')) = 10.05
2024-04-19 00:53:01,325 - matplotlib.font_manager - DEBUG - findfont: score(FontEntry(fname='C:\\Windows\\Fonts\\georgiai.ttf', name='Georgia', style='italic', variant='normal', weight=400, stretch='normal', size='scalable')) = 11.05
2024-04-19 00:53:01,325 - matplotlib.font_manager - DEBUG - findfont: score(FontEntry(fname='C:\\Windows\\Fonts\\holomdl2.ttf', name='HoloLens MDL2 Assets', style='normal', variant='normal', weight=400, stretch='normal', size='scalable')) = 10.05
2024-04-19 00:53:01,325 - matplotlib.font_manager - DEBUG - findfont: score(FontEntry(fname='C:\\Windows\\Fonts\\Gabriola.ttf', name='Gabriola', style='normal', variant='normal', weight=400, stretch='normal', size='scalable')) = 10.05
2024-04-19 00:53:01,325 - matplotlib.font_manager - DEBUG - findfont: score(FontEntry(fname='C:\\Windows\\Fonts\\sylfaen.ttf', name='Sylfaen', style='normal', variant='normal', weight=400, stretch='normal', size='scalable')) = 10.05
2024-04-19 00:53:01,326 - matplotlib.font_manager - DEBUG - findfont: score(FontEntry(fname='C:\\Windows\\Fonts\\mvboli.ttf', name='MV Boli', style='normal', variant='normal', weight=400, stretch='normal', size='scalable')) = 10.05
2024-04-19 00:53:01,326 - matplotlib.font_manager - DEBUG - findfont: score(FontEntry(fname='C:\\Windows\\Fonts\\couri.ttf', name='Courier New', style='italic', variant='normal', weight=400, stretch='normal', size='scalable')) = 11.05
2024-04-19 00:53:01,326 - matplotlib.font_manager - DEBUG - findfont: score(FontEntry(fname='C:\\Windows\\Fonts\\segoeui.ttf', name='Segoe UI', style='normal', variant='normal', weight=400, stretch='normal', size='scalable')) = 10.05
2024-04-19 00:53:01,326 - matplotlib.font_manager - DEBUG - findfont: score(FontEntry(fname='C:\\Windows\\Fonts\\taileb.ttf', name='Microsoft Tai Le', style='normal', variant='normal', weight=700, stretch='normal', size='scalable')) = 10.335
2024-04-19 00:53:01,326 - matplotlib.font_manager - DEBUG - findfont: score(FontEntry(fname='C:\\Windows\\Fonts\\segoeuib.ttf', name='Segoe UI', style='normal', variant='normal', weight=700, stretch='normal', size='scalable')) = 10.335
2024-04-19 00:53:01,327 - matplotlib.font_manager - DEBUG - findfont: score(FontEntry(fname='C:\\Windows\\Fonts\\LeelaUIb.ttf', name='Leelawadee UI', style='normal', variant='normal', weight=700, stretch='normal', size='scalable')) = 10.335
2024-04-19 00:53:01,327 - matplotlib.font_manager - DEBUG - findfont: score(FontEntry(fname='C:\\Windows\\Fonts\\consolab.ttf', name='Consolas', style='normal', variant='normal', weight=700, stretch='normal', size='scalable')) = 10.335
2024-04-19 00:53:01,327 - matplotlib.font_manager - DEBUG - findfont: score(FontEntry(fname='C:\\Windows\\Fonts\\trebuc.ttf', name='Trebuchet MS', style='normal', variant='normal', weight=400, stretch='normal', size='scalable')) = 10.05
2024-04-19 00:53:01,327 - matplotlib.font_manager - DEBUG - findfont: score(FontEntry(fname='C:\\Windows\\Fonts\\micross.ttf', name='Microsoft Sans Serif', style='normal', variant='normal', weight=400, stretch='normal', size='scalable')) = 10.05
2024-04-19 00:53:01,328 - matplotlib.font_manager - DEBUG - findfont: score(FontEntry(fname='C:\\Windows\\Fonts\\msyh.ttc', name='Microsoft YaHei', style='normal', variant='normal', weight=400, stretch='normal', size='scalable')) = 10.05
2024-04-19 00:53:01,328 - matplotlib.font_manager - DEBUG - findfont: score(FontEntry(fname='C:\\Windows\\Fonts\\segoesc.ttf', name='Segoe Script', style='normal', variant='normal', weight=400, stretch='normal', size='scalable')) = 10.05
2024-04-19 00:53:01,328 - matplotlib.font_manager - DEBUG - findfont: score(FontEntry(fname='C:\\Windows\\Fonts\\trebucbd.ttf', name='Trebuchet MS', style='normal', variant='normal', weight=700, stretch='normal', size='scalable')) = 10.335
2024-04-19 00:53:01,328 - matplotlib.font_manager - DEBUG - findfont: score(FontEntry(fname='C:\\Windows\\Fonts\\corbelz.ttf', name='Corbel', style='italic', variant='normal', weight=700, stretch='normal', size='scalable')) = 11.335
2024-04-19 00:53:01,328 - matplotlib.font_manager - DEBUG - findfont: score(FontEntry(fname='C:\\Windows\\Fonts\\msgothic.ttc', name='MS Gothic', style='normal', variant='normal', weight=400, stretch='normal', size='scalable')) = 10.05
2024-04-19 00:53:01,329 - matplotlib.font_manager - DEBUG - findfont: score(FontEntry(fname='C:\\Windows\\Fonts\\consola.ttf', name='Consolas', style='normal', variant='normal', weight=400, stretch='normal', size='scalable')) = 10.05
2024-04-19 00:53:01,329 - matplotlib.font_manager - DEBUG - findfont: score(FontEntry(fname='C:\\Windows\\Fonts\\verdanab.ttf', name='Verdana', style='normal', variant='normal', weight=700, stretch='normal', size='scalable')) = 3.9713636363636367
2024-04-19 00:53:01,329 - matplotlib.font_manager - DEBUG - findfont: score(FontEntry(fname='C:\\Windows\\Fonts\\timesi.ttf', name='Times New Roman', style='italic', variant='normal', weight=400, stretch='normal', size='scalable')) = 11.05
2024-04-19 00:53:01,329 - matplotlib.font_manager - DEBUG - findfont: score(FontEntry(fname='C:\\Windows\\Fonts\\msjh.ttc', name='Microsoft JhengHei', style='normal', variant='normal', weight=400, stretch='normal', size='scalable')) = 10.05
2024-04-19 00:53:01,330 - matplotlib.font_manager - DEBUG - findfont: score(FontEntry(fname='C:\\Windows\\Fonts\\mmrtext.ttf', name='Myanmar Text', style='normal', variant='normal', weight=400, stretch='normal', size='scalable')) = 10.05
2024-04-19 00:53:01,330 - matplotlib.font_manager - DEBUG - findfont: score(FontEntry(fname='C:\\Windows\\Fonts\\bahnschrift.ttf', name='Bahnschrift', style='normal', variant='normal', weight=400, stretch='normal', size='scalable')) = 10.05
2024-04-19 00:53:01,330 - matplotlib.font_manager - DEBUG - findfont: score(FontEntry(fname='C:\\Windows\\Fonts\\corbel.ttf', name='Corbel', style='normal', variant='normal', weight=400, stretch='normal', size='scalable')) = 10.05
2024-04-19 00:53:01,330 - matplotlib.font_manager - DEBUG - findfont: score(FontEntry(fname='C:\\Windows\\Fonts\\comicbd.ttf', name='Comic Sans MS', style='normal', variant='normal', weight=700, stretch='normal', size='scalable')) = 10.335
2024-04-19 00:53:01,331 - matplotlib.font_manager - DEBUG - findfont: score(FontEntry(fname='C:\\Windows\\Fonts\\calibrii.ttf', name='Calibri', style='italic', variant='normal', weight=400, stretch='normal', size='scalable')) = 11.05
2024-04-19 00:53:01,331 - matplotlib.font_manager - DEBUG - findfont: score(FontEntry(fname='C:\\Windows\\Fonts\\msyhbd.ttc', name='Microsoft YaHei', style='normal', variant='normal', weight=700, stretch='normal', size='scalable')) = 10.335
2024-04-19 00:53:01,331 - matplotlib.font_manager - DEBUG - findfont: score(FontEntry(fname='C:\\Windows\\Fonts\\comicz.ttf', name='Comic Sans MS', style='italic', variant='normal', weight=700, stretch='normal', size='scalable')) = 11.335
2024-04-19 00:53:01,331 - matplotlib.font_manager - DEBUG - findfont: score(FontEntry(fname='C:\\Windows\\Fonts\\l_10646.ttf', name='Lucida Sans Unicode', style='normal', variant='normal', weight=400, stretch='normal', size='scalable')) = 10.05
2024-04-19 00:53:01,332 - matplotlib.font_manager - DEBUG - findfont: score(FontEntry(fname='C:\\Windows\\Fonts\\msjhl.ttc', name='Microsoft JhengHei', style='normal', variant='normal', weight=290, stretch='normal', size='scalable')) = 10.1545
2024-04-19 00:53:01,332 - matplotlib.font_manager - DEBUG - findfont: score(FontEntry(fname='C:\\Windows\\Fonts\\simhei.ttf', name='SimHei', style='normal', variant='normal', weight=400, stretch='normal', size='scalable')) = 10.05
2024-04-19 00:53:01,332 - matplotlib.font_manager - DEBUG - findfont: score(FontEntry(fname='C:\\Windows\\Fonts\\Candaral.ttf', name='Candara', style='normal', variant='normal', weight=400, stretch='normal', size='scalable')) = 10.05
2024-04-19 00:53:01,332 - matplotlib.font_manager - DEBUG - findfont: score(FontEntry(fname='C:\\Windows\\Fonts\\comici.ttf', name='Comic Sans MS', style='italic', variant='normal', weight=400, stretch='normal', size='scalable')) = 11.05
2024-04-19 00:53:01,333 - matplotlib.font_manager - DEBUG - findfont: score(FontEntry(fname='C:\\Windows\\Fonts\\impact.ttf', name='Impact', style='normal', variant='normal', weight=400, stretch='normal', size='scalable')) = 10.05
2024-04-19 00:53:01,333 - matplotlib.font_manager - DEBUG - findfont: score(FontEntry(fname='C:\\Windows\\Fonts\\trebucit.ttf', name='Trebuchet MS', style='italic', variant='normal', weight=400, stretch='normal', size='scalable')) = 11.05
2024-04-19 00:53:01,333 - matplotlib.font_manager - DEBUG - findfont: score(FontEntry(fname='C:\\Windows\\Fonts\\cambriai.ttf', name='Cambria', style='italic', variant='normal', weight=400, stretch='normal', size='scalable')) = 11.05
2024-04-19 00:53:01,333 - matplotlib.font_manager - DEBUG - findfont: score(FontEntry(fname='C:\\Windows\\Fonts\\trebucbi.ttf', name='Trebuchet MS', style='italic', variant='normal', weight=700, stretch='normal', size='scalable')) = 11.335
2024-04-19 00:53:01,334 - matplotlib.font_manager - DEBUG - findfont: score(FontEntry(fname='C:\\Windows\\Fonts\\corbelb.ttf', name='Corbel', style='normal', variant='normal', weight=700, stretch='normal', size='scalable')) = 10.335
2024-04-19 00:53:01,334 - matplotlib.font_manager - DEBUG - findfont: score(FontEntry(fname='C:\\Windows\\Fonts\\calibrib.ttf', name='Calibri', style='normal', variant='normal', weight=700, stretch='normal', size='scalable')) = 10.335
2024-04-19 00:53:01,334 - matplotlib.font_manager - DEBUG - findfont: score(FontEntry(fname='C:\\Windows\\Fonts\\calibri.ttf', name='Calibri', style='normal', variant='normal', weight=400, stretch='normal', size='scalable')) = 10.05
2024-04-19 00:53:01,335 - matplotlib.font_manager - DEBUG - findfont: score(FontEntry(fname='C:\\Windows\\Fonts\\seguisb.ttf', name='Segoe UI', style='normal', variant='normal', weight=600, stretch='normal', size='scalable')) = 10.24
2024-04-19 00:53:01,335 - matplotlib.font_manager - DEBUG - findfont: score(FontEntry(fname='C:\\Windows\\Fonts\\cour.ttf', name='Courier New', style='normal', variant='normal', weight=400, stretch='normal', size='scalable')) = 10.05
2024-04-19 00:53:01,335 - matplotlib.font_manager - DEBUG - findfont: score(FontEntry(fname='C:\\Windows\\Fonts\\seguibli.ttf', name='Segoe UI', style='italic', variant='normal', weight=900, stretch='normal', size='scalable')) = 11.525
2024-04-19 00:53:01,336 - matplotlib.font_manager - DEBUG - findfont: score(FontEntry(fname='C:\\Windows\\Fonts\\himalaya.ttf', name='Microsoft Himalaya', style='normal', variant='normal', weight=400, stretch='normal', size='scalable')) = 10.05
2024-04-19 00:53:01,336 - matplotlib.font_manager - DEBUG - findfont: score(FontEntry(fname='C:\\Windows\\Fonts\\verdanaz.ttf', name='Verdana', style='italic', variant='normal', weight=700, stretch='normal', size='scalable')) = 4.971363636363637
2024-04-19 00:53:01,336 - matplotlib.font_manager - DEBUG - findfont: score(FontEntry(fname='C:\\Windows\\Fonts\\gadugi.ttf', name='Gadugi', style='normal', variant='normal', weight=400, stretch='normal', size='scalable')) = 10.05
2024-04-19 00:53:01,336 - matplotlib.font_manager - DEBUG - findfont: score(FontEntry(fname='C:\\Windows\\Fonts\\verdana.ttf', name='Verdana', style='normal', variant='normal', weight=400, stretch='normal', size='scalable')) = 3.6863636363636365
2024-04-19 00:53:01,337 - matplotlib.font_manager - DEBUG - findfont: score(FontEntry(fname='C:\\Windows\\Fonts\\SitkaI.ttc', name='Sitka Small', style='italic', variant='normal', weight=400, stretch='normal', size='scalable')) = 11.05
2024-04-19 00:53:01,337 - matplotlib.font_manager - DEBUG - findfont: score(FontEntry(fname='C:\\Windows\\Fonts\\palab.ttf', name='Palatino Linotype', style='normal', variant='normal', weight=700, stretch='normal', size='scalable')) = 10.335
2024-04-19 00:53:01,337 - matplotlib.font_manager - DEBUG - findfont: score(FontEntry(fname='C:\\Windows\\Fonts\\seguili.ttf', name='Segoe UI', style='italic', variant='normal', weight=300, stretch='normal', size='scalable')) = 11.145
2024-04-19 00:53:01,337 - matplotlib.font_manager - DEBUG - findfont: score(FontEntry(fname='C:\\Windows\\Fonts\\Candarai.ttf', name='Candara', style='italic', variant='normal', weight=400, stretch='normal', size='scalable')) = 11.05
2024-04-19 00:53:01,338 - matplotlib.font_manager - DEBUG - findfont: score(FontEntry(fname='C:\\Windows\\Fonts\\corbell.ttf', name='Corbel', style='normal', variant='normal', weight=300, stretch='normal', size='scalable')) = 10.145
2024-04-19 00:53:01,338 - matplotlib.font_manager - DEBUG - findfont: score(FontEntry(fname='C:\\Windows\\Fonts\\lucon.ttf', name='Lucida Console', style='normal', variant='normal', weight=400, stretch='normal', size='scalable')) = 10.05
2024-04-19 00:53:01,338 - matplotlib.font_manager - DEBUG - findfont: score(FontEntry(fname='C:\\Windows\\Fonts\\seguisbi.ttf', name='Segoe UI', style='italic', variant='normal', weight=600, stretch='normal', size='scalable')) = 11.24
2024-04-19 00:53:01,339 - matplotlib.font_manager - DEBUG - findfont: score(FontEntry(fname='C:\\Windows\\Fonts\\constanb.ttf', name='Constantia', style='normal', variant='normal', weight=700, stretch='normal', size='scalable')) = 10.335
2024-04-19 00:53:01,339 - matplotlib.font_manager - DEBUG - findfont: score(FontEntry(fname='C:\\Windows\\Fonts\\Candarali.ttf', name='Candara', style='italic', variant='normal', weight=400, stretch='normal', size='scalable')) = 11.05
2024-04-19 00:53:01,339 - matplotlib.font_manager - DEBUG - findfont: score(FontEntry(fname='C:\\Windows\\Fonts\\Candarab.ttf', name='Candara', style='normal', variant='normal', weight=700, stretch='normal', size='scalable')) = 10.335
2024-04-19 00:53:01,339 - matplotlib.font_manager - DEBUG - findfont: score(FontEntry(fname='C:\\Windows\\Fonts\\gadugib.ttf', name='Gadugi', style='normal', variant='normal', weight=700, stretch='normal', size='scalable')) = 10.335
2024-04-19 00:53:01,340 - matplotlib.font_manager - DEBUG - findfont: score(FontEntry(fname='C:\\Windows\\Fonts\\ebrima.ttf', name='Ebrima', style='normal', variant='normal', weight=400, stretch='normal', size='scalable')) = 10.05
2024-04-19 00:53:01,340 - matplotlib.font_manager - DEBUG - findfont: score(FontEntry(fname='C:\\Windows\\Fonts\\YuGothL.ttc', name='Yu Gothic', style='normal', variant='normal', weight=300, stretch='normal', size='scalable')) = 10.145
2024-04-19 00:53:01,340 - matplotlib.font_manager - DEBUG - findfont: score(FontEntry(fname='C:\\Windows\\Fonts\\framdit.ttf', name='Franklin Gothic Medium', style='italic', variant='normal', weight=400, stretch='normal', size='scalable')) = 11.05
2024-04-19 00:53:01,340 - matplotlib.font_manager - DEBUG - findfont: score(FontEntry(fname='C:\\Windows\\Fonts\\Dengb.ttf', name='DengXian', style='normal', variant='normal', weight=700, stretch='normal', size='scalable')) = 10.335
2024-04-19 00:53:01,341 - matplotlib.font_manager - DEBUG - findfont: score(FontEntry(fname='C:\\Windows\\Fonts\\segoeuil.ttf', name='Segoe UI', style='normal', variant='normal', weight=300, stretch='normal', size='scalable')) = 10.145
2024-04-19 00:53:01,341 - matplotlib.font_manager - DEBUG - findfont: score(FontEntry(fname='C:\\Windows\\Fonts\\wingding.ttf', name='Wingdings', style='normal', variant='normal', weight=400, stretch='normal', size='scalable')) = 10.05
2024-04-19 00:53:01,341 - matplotlib.font_manager - DEBUG - findfont: score(FontEntry(fname='C:\\Windows\\Fonts\\corbelli.ttf', name='Corbel', style='italic', variant='normal', weight=300, stretch='normal', size='scalable')) = 11.145
2024-04-19 00:53:01,341 - matplotlib.font_manager - DEBUG - findfont: score(FontEntry(fname='C:\\Windows\\Fonts\\Dengl.ttf', name='DengXian', style='normal', variant='normal', weight=300, stretch='normal', size='scalable')) = 10.145
2024-04-19 00:53:01,342 - matplotlib.font_manager - DEBUG - findfont: score(FontEntry(fname='C:\\Windows\\Fonts\\msyi.ttf', name='Microsoft Yi Baiti', style='normal', variant='normal', weight=400, stretch='normal', size='scalable')) = 10.05
2024-04-19 00:53:01,342 - matplotlib.font_manager - DEBUG - findfont: score(FontEntry(fname='C:\\Windows\\Fonts\\constan.ttf', name='Constantia', style='normal', variant='normal', weight=400, stretch='normal', size='scalable')) = 10.05
2024-04-19 00:53:01,342 - matplotlib.font_manager - DEBUG - findfont: score(FontEntry(fname='C:\\Windows\\Fonts\\cambriab.ttf', name='Cambria', style='normal', variant='normal', weight=700, stretch='normal', size='scalable')) = 10.335
2024-04-19 00:53:01,343 - matplotlib.font_manager - DEBUG - findfont: score(FontEntry(fname='C:\\Windows\\Fonts\\mmrtextb.ttf', name='Myanmar Text', style='normal', variant='normal', weight=700, stretch='normal', size='scalable')) = 10.335
2024-04-19 00:53:01,343 - matplotlib.font_manager - DEBUG - findfont: score(FontEntry(fname='C:\\Windows\\Fonts\\constanz.ttf', name='Constantia', style='italic', variant='normal', weight=700, stretch='normal', size='scalable')) = 11.335
2024-04-19 00:53:01,343 - matplotlib.font_manager - DEBUG - findfont: score(FontEntry(fname='C:\\Windows\\Fonts\\segoescb.ttf', name='Segoe Script', style='normal', variant='normal', weight=700, stretch='normal', size='scalable')) = 10.335
2024-04-19 00:53:01,343 - matplotlib.font_manager - DEBUG - findfont: score(FontEntry(fname='C:\\Windows\\Fonts\\segoepr.ttf', name='Segoe Print', style='normal', variant='normal', weight=400, stretch='normal', size='scalable')) = 10.05
2024-04-19 00:53:01,344 - matplotlib.font_manager - DEBUG - findfont: score(FontEntry(fname='C:\\Windows\\Fonts\\simsunb.ttf', name='SimSun-ExtB', style='normal', variant='normal', weight=400, stretch='normal', size='scalable')) = 10.05
2024-04-19 00:53:01,344 - matplotlib.font_manager - DEBUG - findfont: score(FontEntry(fname='C:\\Windows\\Fonts\\framd.ttf', name='Franklin Gothic Medium', style='normal', variant='normal', weight=400, stretch='normal', size='scalable')) = 10.05
2024-04-19 00:53:01,344 - matplotlib.font_manager - DEBUG - findfont: score(FontEntry(fname='C:\\Windows\\Fonts\\simfang.ttf', name='FangSong', style='normal', variant='normal', weight=400, stretch='normal', size='scalable')) = 10.05
2024-04-19 00:53:01,345 - matplotlib.font_manager - DEBUG - findfont: score(FontEntry(fname='C:\\Windows\\Fonts\\segmdl2.ttf', name='Segoe MDL2 Assets', style='normal', variant='normal', weight=400, stretch='normal', size='scalable')) = 10.05
2024-04-19 00:53:01,345 - matplotlib.font_manager - DEBUG - findfont: score(FontEntry(fname='C:\\Windows\\Fonts\\verdanai.ttf', name='Verdana', style='italic', variant='normal', weight=400, stretch='normal', size='scalable')) = 4.6863636363636365
2024-04-19 00:53:01,345 - matplotlib.font_manager - DEBUG - findfont: score(FontEntry(fname='C:\\Windows\\Fonts\\timesbi.ttf', name='Times New Roman', style='italic', variant='normal', weight=700, stretch='normal', size='scalable')) = 11.335
2024-04-19 00:53:01,345 - matplotlib.font_manager - DEBUG - findfont: score(FontEntry(fname='C:\\Windows\\Fonts\\SitkaB.ttc', name='Sitka Small', style='normal', variant='normal', weight=700, stretch='normal', size='scalable')) = 10.335
2024-04-19 00:53:01,346 - matplotlib.font_manager - DEBUG - findfont: score(FontEntry(fname='C:\\Windows\\Fonts\\taile.ttf', name='Microsoft Tai Le', style='normal', variant='normal', weight=400, stretch='normal', size='scalable')) = 10.05
2024-04-19 00:53:01,346 - matplotlib.font_manager - DEBUG - findfont: score(FontEntry(fname='C:\\Windows\\Fonts\\corbeli.ttf', name='Corbel', style='italic', variant='normal', weight=400, stretch='normal', size='scalable')) = 11.05
2024-04-19 00:53:01,346 - matplotlib.font_manager - DEBUG - findfont: score(FontEntry(fname='C:\\Windows\\Fonts\\ariblk.ttf', name='Arial', style='normal', variant='normal', weight=900, stretch='normal', size='scalable')) = 6.888636363636364
2024-04-19 00:53:01,347 - matplotlib.font_manager - DEBUG - findfont: score(FontEntry(fname='C:\\Windows\\Fonts\\phagspab.ttf', name='Microsoft PhagsPa', style='normal', variant='normal', weight=700, stretch='normal', size='scalable')) = 10.335
2024-04-19 00:53:01,347 - matplotlib.font_manager - DEBUG - findfont: score(FontEntry(fname='C:\\Windows\\Fonts\\cambria.ttc', name='Cambria', style='normal', variant='normal', weight=400, stretch='normal', size='scalable')) = 10.05
2024-04-19 00:53:01,347 - matplotlib.font_manager - DEBUG - findfont: score(FontEntry(fname='C:\\Windows\\Fonts\\phagspa.ttf', name='Microsoft PhagsPa', style='normal', variant='normal', weight=400, stretch='normal', size='scalable')) = 10.05
2024-04-19 00:53:01,348 - matplotlib.font_manager - DEBUG - findfont: score(FontEntry(fname='C:\\Windows\\Fonts\\segoeuisl.ttf', name='Segoe UI', style='normal', variant='normal', weight=350, stretch='normal', size='scalable')) = 10.0975
2024-04-19 00:53:01,348 - matplotlib.font_manager - DEBUG - findfont: score(FontEntry(fname='C:\\Windows\\Fonts\\palai.ttf', name='Palatino Linotype', style='italic', variant='normal', weight=400, stretch='normal', size='scalable')) = 11.05
2024-04-19 00:53:01,348 - matplotlib.font_manager - DEBUG - findfont: score(FontEntry(fname='C:\\Windows\\Fonts\\YuGothM.ttc', name='Yu Gothic', style='normal', variant='normal', weight=500, stretch='normal', size='scalable')) = 10.145
2024-04-19 00:53:01,349 - matplotlib.font_manager - DEBUG - findfont: score(FontEntry(fname='C:\\Windows\\Fonts\\malgun.ttf', name='Malgun Gothic', style='normal', variant='normal', weight=400, stretch='normal', size='scalable')) = 10.05
2024-04-19 00:53:01,349 - matplotlib.font_manager - DEBUG - findfont: score(FontEntry(fname='C:\\Windows\\Fonts\\simkai.ttf', name='KaiTi', style='normal', variant='normal', weight=400, stretch='normal', size='scalable')) = 10.05
2024-04-19 00:53:01,349 - matplotlib.font_manager - DEBUG - findfont: score(FontEntry(fname='C:\\Windows\\Fonts\\consolaz.ttf', name='Consolas', style='italic', variant='normal', weight=700, stretch='normal', size='scalable')) = 11.335
2024-04-19 00:53:01,350 - matplotlib.font_manager - DEBUG - findfont: score(FontEntry(fname='C:\\Windows\\Fonts\\mingliub.ttc', name='MingLiU-ExtB', style='normal', variant='normal', weight=400, stretch='normal', size='scalable')) = 10.05
2024-04-19 00:53:01,350 - matplotlib.font_manager - DEBUG - findfont: score(FontEntry(fname='C:\\Windows\\Fonts\\segoeprb.ttf', name='Segoe Print', style='normal', variant='normal', weight=700, stretch='normal', size='scalable')) = 10.335
2024-04-19 00:53:01,350 - matplotlib.font_manager - DEBUG - findfont: Matching sans\-serif:style=normal:variant=normal:weight=normal:stretch=normal:size=10.0 to DejaVu Sans ('D:\\anaconda3\\envs\\cpf\\lib\\site-packages\\matplotlib\\mpl-data\\fonts\\ttf\\DejaVuSans.ttf') with score of 0.050000.
2024-04-19 00:53:01,359 - matplotlib.legend - WARNING - No artists with labels found to put in legend.  Note that artists whose label start with an underscore are ignored when legend() is called with no argument.
2024-04-19 00:53:28,362 - root - INFO - ARI: 0.0663 | NMI: 0.0671
2024-04-19 00:53:28,363 - root - INFO - Epoch: 1 | LR: 0.0001 | Loss 1.0975 | Val MaF1: 0.2215 (Best: 0.2215) | Test MaF1: 0.2231 (Best: 0.2231) | MiF1: 0.4959 (Best: 0.4959)
2024-04-19 00:53:29,385 - root - INFO - Epoch: 2 | LR: 0.0001 | Loss 1.0717 | Val MaF1: 0.2215 (Best: 0.2215) | Test MaF1: 0.2207 (Best: 0.2231) | MiF1: 0.4950 (Best: 0.4959)
2024-04-19 00:53:30,400 - root - INFO - Epoch: 3 | LR: 0.0002 | Loss 1.0484 | Val MaF1: 0.2215 (Best: 0.2215) | Test MaF1: 0.2207 (Best: 0.2231) | MiF1: 0.4950 (Best: 0.4959)
2024-04-19 00:53:31,353 - root - INFO - Epoch: 4 | LR: 0.0002 | Loss 1.0222 | Val MaF1: 0.2215 (Best: 0.2215) | Test MaF1: 0.2207 (Best: 0.2231) | MiF1: 0.4950 (Best: 0.4959)
2024-04-19 00:53:32,339 - root - INFO - Epoch: 5 | LR: 0.0003 | Loss 0.9994 | Val MaF1: 0.2215 (Best: 0.2215) | Test MaF1: 0.2207 (Best: 0.2231) | MiF1: 0.4950 (Best: 0.4959)
2024-04-19 00:53:33,361 - root - INFO - Epoch: 6 | LR: 0.0005 | Loss 0.9758 | Val MaF1: 0.2215 (Best: 0.2215) | Test MaF1: 0.2207 (Best: 0.2231) | MiF1: 0.4950 (Best: 0.4959)
2024-04-19 00:53:34,315 - root - INFO - Epoch: 7 | LR: 0.0006 | Loss 0.9293 | Val MaF1: 0.2215 (Best: 0.2215) | Test MaF1: 0.2207 (Best: 0.2231) | MiF1: 0.4950 (Best: 0.4959)
2024-04-19 00:53:42,122 - PIL.PngImagePlugin - DEBUG - STREAM b'IHDR' 16 13
2024-04-19 00:53:42,122 - PIL.PngImagePlugin - DEBUG - STREAM b'sBIT' 41 4
2024-04-19 00:53:42,122 - PIL.PngImagePlugin - DEBUG - b'sBIT' 41 4 (unknown)
2024-04-19 00:53:42,123 - PIL.PngImagePlugin - DEBUG - STREAM b'pHYs' 57 9
2024-04-19 00:53:42,123 - PIL.PngImagePlugin - DEBUG - STREAM b'IDAT' 78 1189
2024-04-19 00:53:42,126 - PIL.PngImagePlugin - DEBUG - STREAM b'IHDR' 16 13
2024-04-19 00:53:42,126 - PIL.PngImagePlugin - DEBUG - STREAM b'sBIT' 41 4
2024-04-19 00:53:42,127 - PIL.PngImagePlugin - DEBUG - b'sBIT' 41 4 (unknown)
2024-04-19 00:53:42,127 - PIL.PngImagePlugin - DEBUG - STREAM b'pHYs' 57 9
2024-04-19 00:53:42,127 - PIL.PngImagePlugin - DEBUG - STREAM b'IDAT' 78 2994
2024-04-19 00:53:42,137 - PIL.PngImagePlugin - DEBUG - STREAM b'IHDR' 16 13
2024-04-19 00:53:42,137 - PIL.PngImagePlugin - DEBUG - STREAM b'sBIT' 41 4
2024-04-19 00:53:42,137 - PIL.PngImagePlugin - DEBUG - b'sBIT' 41 4 (unknown)
2024-04-19 00:53:42,137 - PIL.PngImagePlugin - DEBUG - STREAM b'pHYs' 57 9
2024-04-19 00:53:42,138 - PIL.PngImagePlugin - DEBUG - STREAM b'IDAT' 78 374
2024-04-19 00:53:42,139 - PIL.PngImagePlugin - DEBUG - STREAM b'IHDR' 16 13
2024-04-19 00:53:42,139 - PIL.PngImagePlugin - DEBUG - STREAM b'sBIT' 41 4
2024-04-19 00:53:42,140 - PIL.PngImagePlugin - DEBUG - b'sBIT' 41 4 (unknown)
2024-04-19 00:53:42,140 - PIL.PngImagePlugin - DEBUG - STREAM b'pHYs' 57 9
2024-04-19 00:53:42,140 - PIL.PngImagePlugin - DEBUG - STREAM b'IDAT' 78 286
2024-04-19 00:53:42,141 - PIL.PngImagePlugin - DEBUG - STREAM b'IHDR' 16 13
2024-04-19 00:53:42,142 - PIL.PngImagePlugin - DEBUG - STREAM b'sBIT' 41 4
2024-04-19 00:53:42,142 - PIL.PngImagePlugin - DEBUG - b'sBIT' 41 4 (unknown)
2024-04-19 00:53:42,142 - PIL.PngImagePlugin - DEBUG - STREAM b'pHYs' 57 9
2024-04-19 00:53:42,142 - PIL.PngImagePlugin - DEBUG - STREAM b'IDAT' 78 263
2024-04-19 00:53:42,143 - PIL.PngImagePlugin - DEBUG - STREAM b'IHDR' 16 13
2024-04-19 00:53:42,144 - PIL.PngImagePlugin - DEBUG - STREAM b'sBIT' 41 4
2024-04-19 00:53:42,144 - PIL.PngImagePlugin - DEBUG - b'sBIT' 41 4 (unknown)
2024-04-19 00:53:42,144 - PIL.PngImagePlugin - DEBUG - STREAM b'pHYs' 57 9
2024-04-19 00:53:42,144 - PIL.PngImagePlugin - DEBUG - STREAM b'IDAT' 78 387
2024-04-19 00:53:42,146 - PIL.PngImagePlugin - DEBUG - STREAM b'IHDR' 16 13
2024-04-19 00:53:42,146 - PIL.PngImagePlugin - DEBUG - STREAM b'sBIT' 41 4
2024-04-19 00:53:42,146 - PIL.PngImagePlugin - DEBUG - b'sBIT' 41 4 (unknown)
2024-04-19 00:53:42,147 - PIL.PngImagePlugin - DEBUG - STREAM b'pHYs' 57 9
2024-04-19 00:53:42,147 - PIL.PngImagePlugin - DEBUG - STREAM b'IDAT' 78 436
2024-04-19 00:53:42,148 - PIL.PngImagePlugin - DEBUG - STREAM b'IHDR' 16 13
2024-04-19 00:53:42,148 - PIL.PngImagePlugin - DEBUG - STREAM b'sBIT' 41 4
2024-04-19 00:53:42,149 - PIL.PngImagePlugin - DEBUG - b'sBIT' 41 4 (unknown)
2024-04-19 00:53:42,149 - PIL.PngImagePlugin - DEBUG - STREAM b'pHYs' 57 9
2024-04-19 00:53:42,149 - PIL.PngImagePlugin - DEBUG - STREAM b'IDAT' 78 351
2024-04-19 00:53:42,150 - PIL.PngImagePlugin - DEBUG - STREAM b'IHDR' 16 13
2024-04-19 00:53:42,150 - PIL.PngImagePlugin - DEBUG - STREAM b'sBIT' 41 4
2024-04-19 00:53:42,151 - PIL.PngImagePlugin - DEBUG - b'sBIT' 41 4 (unknown)
2024-04-19 00:53:42,151 - PIL.PngImagePlugin - DEBUG - STREAM b'pHYs' 57 9
2024-04-19 00:53:42,151 - PIL.PngImagePlugin - DEBUG - STREAM b'IDAT' 78 364
2024-04-19 00:53:42,163 - matplotlib.legend - WARNING - No artists with labels found to put in legend.  Note that artists whose label start with an underscore are ignored when legend() is called with no argument.
2024-04-19 00:53:44,512 - root - INFO - ARI: 0.6698 | NMI: 0.6613
2024-04-19 00:53:44,512 - root - INFO - Epoch: 8 | LR: 0.0007 | Loss 0.8771 | Val MaF1: 0.2820 (Best: 0.2820) | Test MaF1: 0.2873 (Best: 0.2873) | MiF1: 0.5199 (Best: 0.5199)
2024-04-19 00:53:52,310 - PIL.PngImagePlugin - DEBUG - STREAM b'IHDR' 16 13
2024-04-19 00:53:52,311 - PIL.PngImagePlugin - DEBUG - STREAM b'sBIT' 41 4
2024-04-19 00:53:52,311 - PIL.PngImagePlugin - DEBUG - b'sBIT' 41 4 (unknown)
2024-04-19 00:53:52,311 - PIL.PngImagePlugin - DEBUG - STREAM b'pHYs' 57 9
2024-04-19 00:53:52,311 - PIL.PngImagePlugin - DEBUG - STREAM b'IDAT' 78 1189
2024-04-19 00:53:52,314 - PIL.PngImagePlugin - DEBUG - STREAM b'IHDR' 16 13
2024-04-19 00:53:52,315 - PIL.PngImagePlugin - DEBUG - STREAM b'sBIT' 41 4
2024-04-19 00:53:52,315 - PIL.PngImagePlugin - DEBUG - b'sBIT' 41 4 (unknown)
2024-04-19 00:53:52,315 - PIL.PngImagePlugin - DEBUG - STREAM b'pHYs' 57 9
2024-04-19 00:53:52,315 - PIL.PngImagePlugin - DEBUG - STREAM b'IDAT' 78 2994
2024-04-19 00:53:52,324 - PIL.PngImagePlugin - DEBUG - STREAM b'IHDR' 16 13
2024-04-19 00:53:52,324 - PIL.PngImagePlugin - DEBUG - STREAM b'sBIT' 41 4
2024-04-19 00:53:52,325 - PIL.PngImagePlugin - DEBUG - b'sBIT' 41 4 (unknown)
2024-04-19 00:53:52,325 - PIL.PngImagePlugin - DEBUG - STREAM b'pHYs' 57 9
2024-04-19 00:53:52,325 - PIL.PngImagePlugin - DEBUG - STREAM b'IDAT' 78 374
2024-04-19 00:53:52,327 - PIL.PngImagePlugin - DEBUG - STREAM b'IHDR' 16 13
2024-04-19 00:53:52,327 - PIL.PngImagePlugin - DEBUG - STREAM b'sBIT' 41 4
2024-04-19 00:53:52,327 - PIL.PngImagePlugin - DEBUG - b'sBIT' 41 4 (unknown)
2024-04-19 00:53:52,327 - PIL.PngImagePlugin - DEBUG - STREAM b'pHYs' 57 9
2024-04-19 00:53:52,327 - PIL.PngImagePlugin - DEBUG - STREAM b'IDAT' 78 286
2024-04-19 00:53:52,329 - PIL.PngImagePlugin - DEBUG - STREAM b'IHDR' 16 13
2024-04-19 00:53:52,329 - PIL.PngImagePlugin - DEBUG - STREAM b'sBIT' 41 4
2024-04-19 00:53:52,329 - PIL.PngImagePlugin - DEBUG - b'sBIT' 41 4 (unknown)
2024-04-19 00:53:52,329 - PIL.PngImagePlugin - DEBUG - STREAM b'pHYs' 57 9
2024-04-19 00:53:52,329 - PIL.PngImagePlugin - DEBUG - STREAM b'IDAT' 78 263
2024-04-19 00:53:52,331 - PIL.PngImagePlugin - DEBUG - STREAM b'IHDR' 16 13
2024-04-19 00:53:52,331 - PIL.PngImagePlugin - DEBUG - STREAM b'sBIT' 41 4
2024-04-19 00:53:52,331 - PIL.PngImagePlugin - DEBUG - b'sBIT' 41 4 (unknown)
2024-04-19 00:53:52,331 - PIL.PngImagePlugin - DEBUG - STREAM b'pHYs' 57 9
2024-04-19 00:53:52,331 - PIL.PngImagePlugin - DEBUG - STREAM b'IDAT' 78 387
2024-04-19 00:53:52,333 - PIL.PngImagePlugin - DEBUG - STREAM b'IHDR' 16 13
2024-04-19 00:53:52,333 - PIL.PngImagePlugin - DEBUG - STREAM b'sBIT' 41 4
2024-04-19 00:53:52,333 - PIL.PngImagePlugin - DEBUG - b'sBIT' 41 4 (unknown)
2024-04-19 00:53:52,333 - PIL.PngImagePlugin - DEBUG - STREAM b'pHYs' 57 9
2024-04-19 00:53:52,333 - PIL.PngImagePlugin - DEBUG - STREAM b'IDAT' 78 436
2024-04-19 00:53:52,335 - PIL.PngImagePlugin - DEBUG - STREAM b'IHDR' 16 13
2024-04-19 00:53:52,335 - PIL.PngImagePlugin - DEBUG - STREAM b'sBIT' 41 4
2024-04-19 00:53:52,335 - PIL.PngImagePlugin - DEBUG - b'sBIT' 41 4 (unknown)
2024-04-19 00:53:52,336 - PIL.PngImagePlugin - DEBUG - STREAM b'pHYs' 57 9
2024-04-19 00:53:52,336 - PIL.PngImagePlugin - DEBUG - STREAM b'IDAT' 78 351
2024-04-19 00:53:52,337 - PIL.PngImagePlugin - DEBUG - STREAM b'IHDR' 16 13
2024-04-19 00:53:52,337 - PIL.PngImagePlugin - DEBUG - STREAM b'sBIT' 41 4
2024-04-19 00:53:52,338 - PIL.PngImagePlugin - DEBUG - b'sBIT' 41 4 (unknown)
2024-04-19 00:53:52,338 - PIL.PngImagePlugin - DEBUG - STREAM b'pHYs' 57 9
2024-04-19 00:53:52,338 - PIL.PngImagePlugin - DEBUG - STREAM b'IDAT' 78 364
2024-04-19 00:53:52,350 - matplotlib.legend - WARNING - No artists with labels found to put in legend.  Note that artists whose label start with an underscore are ignored when legend() is called with no argument.
2024-04-19 00:53:54,810 - root - INFO - ARI: 0.7496 | NMI: 0.7170
2024-04-19 00:53:54,810 - root - INFO - Epoch: 9 | LR: 0.0008 | Loss 0.8190 | Val MaF1: 0.6208 (Best: 0.6208) | Test MaF1: 0.6135 (Best: 0.6135) | MiF1: 0.6863 (Best: 0.6863)
2024-04-19 00:54:02,554 - PIL.PngImagePlugin - DEBUG - STREAM b'IHDR' 16 13
2024-04-19 00:54:02,554 - PIL.PngImagePlugin - DEBUG - STREAM b'sBIT' 41 4
2024-04-19 00:54:02,554 - PIL.PngImagePlugin - DEBUG - b'sBIT' 41 4 (unknown)
2024-04-19 00:54:02,555 - PIL.PngImagePlugin - DEBUG - STREAM b'pHYs' 57 9
2024-04-19 00:54:02,555 - PIL.PngImagePlugin - DEBUG - STREAM b'IDAT' 78 1189
2024-04-19 00:54:02,558 - PIL.PngImagePlugin - DEBUG - STREAM b'IHDR' 16 13
2024-04-19 00:54:02,558 - PIL.PngImagePlugin - DEBUG - STREAM b'sBIT' 41 4
2024-04-19 00:54:02,558 - PIL.PngImagePlugin - DEBUG - b'sBIT' 41 4 (unknown)
2024-04-19 00:54:02,558 - PIL.PngImagePlugin - DEBUG - STREAM b'pHYs' 57 9
2024-04-19 00:54:02,559 - PIL.PngImagePlugin - DEBUG - STREAM b'IDAT' 78 2994
2024-04-19 00:54:02,568 - PIL.PngImagePlugin - DEBUG - STREAM b'IHDR' 16 13
2024-04-19 00:54:02,568 - PIL.PngImagePlugin - DEBUG - STREAM b'sBIT' 41 4
2024-04-19 00:54:02,568 - PIL.PngImagePlugin - DEBUG - b'sBIT' 41 4 (unknown)
2024-04-19 00:54:02,568 - PIL.PngImagePlugin - DEBUG - STREAM b'pHYs' 57 9
2024-04-19 00:54:02,568 - PIL.PngImagePlugin - DEBUG - STREAM b'IDAT' 78 374
2024-04-19 00:54:02,570 - PIL.PngImagePlugin - DEBUG - STREAM b'IHDR' 16 13
2024-04-19 00:54:02,570 - PIL.PngImagePlugin - DEBUG - STREAM b'sBIT' 41 4
2024-04-19 00:54:02,570 - PIL.PngImagePlugin - DEBUG - b'sBIT' 41 4 (unknown)
2024-04-19 00:54:02,570 - PIL.PngImagePlugin - DEBUG - STREAM b'pHYs' 57 9
2024-04-19 00:54:02,571 - PIL.PngImagePlugin - DEBUG - STREAM b'IDAT' 78 286
2024-04-19 00:54:02,572 - PIL.PngImagePlugin - DEBUG - STREAM b'IHDR' 16 13
2024-04-19 00:54:02,572 - PIL.PngImagePlugin - DEBUG - STREAM b'sBIT' 41 4
2024-04-19 00:54:02,572 - PIL.PngImagePlugin - DEBUG - b'sBIT' 41 4 (unknown)
2024-04-19 00:54:02,573 - PIL.PngImagePlugin - DEBUG - STREAM b'pHYs' 57 9
2024-04-19 00:54:02,573 - PIL.PngImagePlugin - DEBUG - STREAM b'IDAT' 78 263
2024-04-19 00:54:02,574 - PIL.PngImagePlugin - DEBUG - STREAM b'IHDR' 16 13
2024-04-19 00:54:02,574 - PIL.PngImagePlugin - DEBUG - STREAM b'sBIT' 41 4
2024-04-19 00:54:02,575 - PIL.PngImagePlugin - DEBUG - b'sBIT' 41 4 (unknown)
2024-04-19 00:54:02,575 - PIL.PngImagePlugin - DEBUG - STREAM b'pHYs' 57 9
2024-04-19 00:54:02,575 - PIL.PngImagePlugin - DEBUG - STREAM b'IDAT' 78 387
2024-04-19 00:54:02,577 - PIL.PngImagePlugin - DEBUG - STREAM b'IHDR' 16 13
2024-04-19 00:54:02,577 - PIL.PngImagePlugin - DEBUG - STREAM b'sBIT' 41 4
2024-04-19 00:54:02,577 - PIL.PngImagePlugin - DEBUG - b'sBIT' 41 4 (unknown)
2024-04-19 00:54:02,577 - PIL.PngImagePlugin - DEBUG - STREAM b'pHYs' 57 9
2024-04-19 00:54:02,577 - PIL.PngImagePlugin - DEBUG - STREAM b'IDAT' 78 436
2024-04-19 00:54:02,578 - PIL.PngImagePlugin - DEBUG - STREAM b'IHDR' 16 13
2024-04-19 00:54:02,579 - PIL.PngImagePlugin - DEBUG - STREAM b'sBIT' 41 4
2024-04-19 00:54:02,579 - PIL.PngImagePlugin - DEBUG - b'sBIT' 41 4 (unknown)
2024-04-19 00:54:02,579 - PIL.PngImagePlugin - DEBUG - STREAM b'pHYs' 57 9
2024-04-19 00:54:02,579 - PIL.PngImagePlugin - DEBUG - STREAM b'IDAT' 78 351
2024-04-19 00:54:02,581 - PIL.PngImagePlugin - DEBUG - STREAM b'IHDR' 16 13
2024-04-19 00:54:02,581 - PIL.PngImagePlugin - DEBUG - STREAM b'sBIT' 41 4
2024-04-19 00:54:02,581 - PIL.PngImagePlugin - DEBUG - b'sBIT' 41 4 (unknown)
2024-04-19 00:54:02,581 - PIL.PngImagePlugin - DEBUG - STREAM b'pHYs' 57 9
2024-04-19 00:54:02,581 - PIL.PngImagePlugin - DEBUG - STREAM b'IDAT' 78 364
2024-04-19 00:54:02,594 - matplotlib.legend - WARNING - No artists with labels found to put in legend.  Note that artists whose label start with an underscore are ignored when legend() is called with no argument.
2024-04-19 00:54:04,690 - root - INFO - ARI: 0.7716 | NMI: 0.7267
2024-04-19 00:54:04,691 - root - INFO - Epoch: 10 | LR: 0.0009 | Loss 0.7459 | Val MaF1: 0.9167 (Best: 0.9167) | Test MaF1: 0.8896 (Best: 0.8896) | MiF1: 0.8924 (Best: 0.8924)
2024-04-19 00:54:12,541 - PIL.PngImagePlugin - DEBUG - STREAM b'IHDR' 16 13
2024-04-19 00:54:12,541 - PIL.PngImagePlugin - DEBUG - STREAM b'sBIT' 41 4
2024-04-19 00:54:12,541 - PIL.PngImagePlugin - DEBUG - b'sBIT' 41 4 (unknown)
2024-04-19 00:54:12,542 - PIL.PngImagePlugin - DEBUG - STREAM b'pHYs' 57 9
2024-04-19 00:54:12,542 - PIL.PngImagePlugin - DEBUG - STREAM b'IDAT' 78 1189
2024-04-19 00:54:12,545 - PIL.PngImagePlugin - DEBUG - STREAM b'IHDR' 16 13
2024-04-19 00:54:12,545 - PIL.PngImagePlugin - DEBUG - STREAM b'sBIT' 41 4
2024-04-19 00:54:12,545 - PIL.PngImagePlugin - DEBUG - b'sBIT' 41 4 (unknown)
2024-04-19 00:54:12,546 - PIL.PngImagePlugin - DEBUG - STREAM b'pHYs' 57 9
2024-04-19 00:54:12,546 - PIL.PngImagePlugin - DEBUG - STREAM b'IDAT' 78 2994
2024-04-19 00:54:12,553 - PIL.PngImagePlugin - DEBUG - STREAM b'IHDR' 16 13
2024-04-19 00:54:12,553 - PIL.PngImagePlugin - DEBUG - STREAM b'sBIT' 41 4
2024-04-19 00:54:12,553 - PIL.PngImagePlugin - DEBUG - b'sBIT' 41 4 (unknown)
2024-04-19 00:54:12,553 - PIL.PngImagePlugin - DEBUG - STREAM b'pHYs' 57 9
2024-04-19 00:54:12,554 - PIL.PngImagePlugin - DEBUG - STREAM b'IDAT' 78 374
2024-04-19 00:54:12,555 - PIL.PngImagePlugin - DEBUG - STREAM b'IHDR' 16 13
2024-04-19 00:54:12,556 - PIL.PngImagePlugin - DEBUG - STREAM b'sBIT' 41 4
2024-04-19 00:54:12,556 - PIL.PngImagePlugin - DEBUG - b'sBIT' 41 4 (unknown)
2024-04-19 00:54:12,556 - PIL.PngImagePlugin - DEBUG - STREAM b'pHYs' 57 9
2024-04-19 00:54:12,556 - PIL.PngImagePlugin - DEBUG - STREAM b'IDAT' 78 286
2024-04-19 00:54:12,557 - PIL.PngImagePlugin - DEBUG - STREAM b'IHDR' 16 13
2024-04-19 00:54:12,558 - PIL.PngImagePlugin - DEBUG - STREAM b'sBIT' 41 4
2024-04-19 00:54:12,558 - PIL.PngImagePlugin - DEBUG - b'sBIT' 41 4 (unknown)
2024-04-19 00:54:12,558 - PIL.PngImagePlugin - DEBUG - STREAM b'pHYs' 57 9
2024-04-19 00:54:12,558 - PIL.PngImagePlugin - DEBUG - STREAM b'IDAT' 78 263
2024-04-19 00:54:12,560 - PIL.PngImagePlugin - DEBUG - STREAM b'IHDR' 16 13
2024-04-19 00:54:12,560 - PIL.PngImagePlugin - DEBUG - STREAM b'sBIT' 41 4
2024-04-19 00:54:12,560 - PIL.PngImagePlugin - DEBUG - b'sBIT' 41 4 (unknown)
2024-04-19 00:54:12,560 - PIL.PngImagePlugin - DEBUG - STREAM b'pHYs' 57 9
2024-04-19 00:54:12,561 - PIL.PngImagePlugin - DEBUG - STREAM b'IDAT' 78 387
2024-04-19 00:54:12,562 - PIL.PngImagePlugin - DEBUG - STREAM b'IHDR' 16 13
2024-04-19 00:54:12,562 - PIL.PngImagePlugin - DEBUG - STREAM b'sBIT' 41 4
2024-04-19 00:54:12,562 - PIL.PngImagePlugin - DEBUG - b'sBIT' 41 4 (unknown)
2024-04-19 00:54:12,563 - PIL.PngImagePlugin - DEBUG - STREAM b'pHYs' 57 9
2024-04-19 00:54:12,563 - PIL.PngImagePlugin - DEBUG - STREAM b'IDAT' 78 436
2024-04-19 00:54:12,564 - PIL.PngImagePlugin - DEBUG - STREAM b'IHDR' 16 13
2024-04-19 00:54:12,564 - PIL.PngImagePlugin - DEBUG - STREAM b'sBIT' 41 4
2024-04-19 00:54:12,565 - PIL.PngImagePlugin - DEBUG - b'sBIT' 41 4 (unknown)
2024-04-19 00:54:12,565 - PIL.PngImagePlugin - DEBUG - STREAM b'pHYs' 57 9
2024-04-19 00:54:12,565 - PIL.PngImagePlugin - DEBUG - STREAM b'IDAT' 78 351
2024-04-19 00:54:12,567 - PIL.PngImagePlugin - DEBUG - STREAM b'IHDR' 16 13
2024-04-19 00:54:12,567 - PIL.PngImagePlugin - DEBUG - STREAM b'sBIT' 41 4
2024-04-19 00:54:12,567 - PIL.PngImagePlugin - DEBUG - b'sBIT' 41 4 (unknown)
2024-04-19 00:54:12,567 - PIL.PngImagePlugin - DEBUG - STREAM b'pHYs' 57 9
2024-04-19 00:54:12,567 - PIL.PngImagePlugin - DEBUG - STREAM b'IDAT' 78 364
2024-04-19 00:54:12,579 - matplotlib.legend - WARNING - No artists with labels found to put in legend.  Note that artists whose label start with an underscore are ignored when legend() is called with no argument.
2024-04-19 00:54:14,468 - root - INFO - ARI: 0.7945 | NMI: 0.7599
2024-04-19 00:54:14,469 - root - INFO - Epoch: 11 | LR: 0.0009 | Loss 0.6882 | Val MaF1: 0.9316 (Best: 0.9316) | Test MaF1: 0.9355 (Best: 0.9355) | MiF1: 0.9346 (Best: 0.9346)
2024-04-19 00:54:15,544 - root - INFO - Epoch: 12 | LR: 0.0010 | Loss 0.6229 | Val MaF1: 0.9233 (Best: 0.9316) | Test MaF1: 0.9325 (Best: 0.9355) | MiF1: 0.9321 (Best: 0.9346)
2024-04-19 00:54:16,525 - root - INFO - Epoch: 13 | LR: 0.0010 | Loss 0.5807 | Val MaF1: 0.9259 (Best: 0.9316) | Test MaF1: 0.9012 (Best: 0.9355) | MiF1: 0.9048 (Best: 0.9346)
2024-04-19 00:54:17,517 - root - INFO - Epoch: 14 | LR: 0.0010 | Loss 0.5484 | Val MaF1: 0.9343 (Best: 0.9316) | Test MaF1: 0.9141 (Best: 0.9355) | MiF1: 0.9156 (Best: 0.9346)
2024-04-19 00:54:25,167 - PIL.PngImagePlugin - DEBUG - STREAM b'IHDR' 16 13
2024-04-19 00:54:25,167 - PIL.PngImagePlugin - DEBUG - STREAM b'sBIT' 41 4
2024-04-19 00:54:25,168 - PIL.PngImagePlugin - DEBUG - b'sBIT' 41 4 (unknown)
2024-04-19 00:54:25,168 - PIL.PngImagePlugin - DEBUG - STREAM b'pHYs' 57 9
2024-04-19 00:54:25,168 - PIL.PngImagePlugin - DEBUG - STREAM b'IDAT' 78 1189
2024-04-19 00:54:25,171 - PIL.PngImagePlugin - DEBUG - STREAM b'IHDR' 16 13
2024-04-19 00:54:25,172 - PIL.PngImagePlugin - DEBUG - STREAM b'sBIT' 41 4
2024-04-19 00:54:25,172 - PIL.PngImagePlugin - DEBUG - b'sBIT' 41 4 (unknown)
2024-04-19 00:54:25,172 - PIL.PngImagePlugin - DEBUG - STREAM b'pHYs' 57 9
2024-04-19 00:54:25,172 - PIL.PngImagePlugin - DEBUG - STREAM b'IDAT' 78 2994
2024-04-19 00:54:25,179 - PIL.PngImagePlugin - DEBUG - STREAM b'IHDR' 16 13
2024-04-19 00:54:25,179 - PIL.PngImagePlugin - DEBUG - STREAM b'sBIT' 41 4
2024-04-19 00:54:25,180 - PIL.PngImagePlugin - DEBUG - b'sBIT' 41 4 (unknown)
2024-04-19 00:54:25,180 - PIL.PngImagePlugin - DEBUG - STREAM b'pHYs' 57 9
2024-04-19 00:54:25,180 - PIL.PngImagePlugin - DEBUG - STREAM b'IDAT' 78 374
2024-04-19 00:54:25,181 - PIL.PngImagePlugin - DEBUG - STREAM b'IHDR' 16 13
2024-04-19 00:54:25,182 - PIL.PngImagePlugin - DEBUG - STREAM b'sBIT' 41 4
2024-04-19 00:54:25,182 - PIL.PngImagePlugin - DEBUG - b'sBIT' 41 4 (unknown)
2024-04-19 00:54:25,182 - PIL.PngImagePlugin - DEBUG - STREAM b'pHYs' 57 9
2024-04-19 00:54:25,182 - PIL.PngImagePlugin - DEBUG - STREAM b'IDAT' 78 286
2024-04-19 00:54:25,183 - PIL.PngImagePlugin - DEBUG - STREAM b'IHDR' 16 13
2024-04-19 00:54:25,184 - PIL.PngImagePlugin - DEBUG - STREAM b'sBIT' 41 4
2024-04-19 00:54:25,184 - PIL.PngImagePlugin - DEBUG - b'sBIT' 41 4 (unknown)
2024-04-19 00:54:25,184 - PIL.PngImagePlugin - DEBUG - STREAM b'pHYs' 57 9
2024-04-19 00:54:25,184 - PIL.PngImagePlugin - DEBUG - STREAM b'IDAT' 78 263
2024-04-19 00:54:25,186 - PIL.PngImagePlugin - DEBUG - STREAM b'IHDR' 16 13
2024-04-19 00:54:25,186 - PIL.PngImagePlugin - DEBUG - STREAM b'sBIT' 41 4
2024-04-19 00:54:25,186 - PIL.PngImagePlugin - DEBUG - b'sBIT' 41 4 (unknown)
2024-04-19 00:54:25,186 - PIL.PngImagePlugin - DEBUG - STREAM b'pHYs' 57 9
2024-04-19 00:54:25,186 - PIL.PngImagePlugin - DEBUG - STREAM b'IDAT' 78 387
2024-04-19 00:54:25,188 - PIL.PngImagePlugin - DEBUG - STREAM b'IHDR' 16 13
2024-04-19 00:54:25,188 - PIL.PngImagePlugin - DEBUG - STREAM b'sBIT' 41 4
2024-04-19 00:54:25,188 - PIL.PngImagePlugin - DEBUG - b'sBIT' 41 4 (unknown)
2024-04-19 00:54:25,189 - PIL.PngImagePlugin - DEBUG - STREAM b'pHYs' 57 9
2024-04-19 00:54:25,189 - PIL.PngImagePlugin - DEBUG - STREAM b'IDAT' 78 436
2024-04-19 00:54:25,190 - PIL.PngImagePlugin - DEBUG - STREAM b'IHDR' 16 13
2024-04-19 00:54:25,190 - PIL.PngImagePlugin - DEBUG - STREAM b'sBIT' 41 4
2024-04-19 00:54:25,191 - PIL.PngImagePlugin - DEBUG - b'sBIT' 41 4 (unknown)
2024-04-19 00:54:25,191 - PIL.PngImagePlugin - DEBUG - STREAM b'pHYs' 57 9
2024-04-19 00:54:25,191 - PIL.PngImagePlugin - DEBUG - STREAM b'IDAT' 78 351
2024-04-19 00:54:25,192 - PIL.PngImagePlugin - DEBUG - STREAM b'IHDR' 16 13
2024-04-19 00:54:25,193 - PIL.PngImagePlugin - DEBUG - STREAM b'sBIT' 41 4
2024-04-19 00:54:25,193 - PIL.PngImagePlugin - DEBUG - b'sBIT' 41 4 (unknown)
2024-04-19 00:54:25,193 - PIL.PngImagePlugin - DEBUG - STREAM b'pHYs' 57 9
2024-04-19 00:54:25,193 - PIL.PngImagePlugin - DEBUG - STREAM b'IDAT' 78 364
2024-04-19 00:54:25,207 - matplotlib.legend - WARNING - No artists with labels found to put in legend.  Note that artists whose label start with an underscore are ignored when legend() is called with no argument.
2024-04-19 00:54:27,414 - root - INFO - ARI: 0.8349 | NMI: 0.8056
2024-04-19 00:54:27,414 - root - INFO - Epoch: 15 | LR: 0.0010 | Loss 0.5210 | Val MaF1: 0.9532 (Best: 0.9532) | Test MaF1: 0.9546 (Best: 0.9546) | MiF1: 0.9536 (Best: 0.9536)
2024-04-19 00:54:28,423 - root - INFO - Epoch: 16 | LR: 0.0010 | Loss 0.4830 | Val MaF1: 0.9433 (Best: 0.9532) | Test MaF1: 0.9498 (Best: 0.9546) | MiF1: 0.9487 (Best: 0.9536)
2024-04-19 00:54:29,373 - root - INFO - Epoch: 17 | LR: 0.0010 | Loss 0.4729 | Val MaF1: 0.9530 (Best: 0.9532) | Test MaF1: 0.9523 (Best: 0.9546) | MiF1: 0.9520 (Best: 0.9536)
2024-04-19 00:54:30,330 - root - INFO - Epoch: 18 | LR: 0.0009 | Loss 0.4580 | Val MaF1: 0.9544 (Best: 0.9532) | Test MaF1: 0.9511 (Best: 0.9546) | MiF1: 0.9512 (Best: 0.9536)
2024-04-19 00:54:31,285 - root - INFO - Epoch: 19 | LR: 0.0009 | Loss 0.4454 | Val MaF1: 0.9540 (Best: 0.9532) | Test MaF1: 0.9486 (Best: 0.9546) | MiF1: 0.9495 (Best: 0.9536)
2024-04-19 00:54:32,241 - root - INFO - Epoch: 20 | LR: 0.0009 | Loss 0.4356 | Val MaF1: 0.9574 (Best: 0.9532) | Test MaF1: 0.9487 (Best: 0.9546) | MiF1: 0.9487 (Best: 0.9536)
2024-04-19 00:54:39,762 - PIL.PngImagePlugin - DEBUG - STREAM b'IHDR' 16 13
2024-04-19 00:54:39,762 - PIL.PngImagePlugin - DEBUG - STREAM b'sBIT' 41 4
2024-04-19 00:54:39,762 - PIL.PngImagePlugin - DEBUG - b'sBIT' 41 4 (unknown)
2024-04-19 00:54:39,762 - PIL.PngImagePlugin - DEBUG - STREAM b'pHYs' 57 9
2024-04-19 00:54:39,763 - PIL.PngImagePlugin - DEBUG - STREAM b'IDAT' 78 1189
2024-04-19 00:54:39,765 - PIL.PngImagePlugin - DEBUG - STREAM b'IHDR' 16 13
2024-04-19 00:54:39,765 - PIL.PngImagePlugin - DEBUG - STREAM b'sBIT' 41 4
2024-04-19 00:54:39,765 - PIL.PngImagePlugin - DEBUG - b'sBIT' 41 4 (unknown)
2024-04-19 00:54:39,766 - PIL.PngImagePlugin - DEBUG - STREAM b'pHYs' 57 9
2024-04-19 00:54:39,766 - PIL.PngImagePlugin - DEBUG - STREAM b'IDAT' 78 2994
2024-04-19 00:54:39,772 - PIL.PngImagePlugin - DEBUG - STREAM b'IHDR' 16 13
2024-04-19 00:54:39,773 - PIL.PngImagePlugin - DEBUG - STREAM b'sBIT' 41 4
2024-04-19 00:54:39,773 - PIL.PngImagePlugin - DEBUG - b'sBIT' 41 4 (unknown)
2024-04-19 00:54:39,773 - PIL.PngImagePlugin - DEBUG - STREAM b'pHYs' 57 9
2024-04-19 00:54:39,773 - PIL.PngImagePlugin - DEBUG - STREAM b'IDAT' 78 374
2024-04-19 00:54:39,774 - PIL.PngImagePlugin - DEBUG - STREAM b'IHDR' 16 13
2024-04-19 00:54:39,775 - PIL.PngImagePlugin - DEBUG - STREAM b'sBIT' 41 4
2024-04-19 00:54:39,775 - PIL.PngImagePlugin - DEBUG - b'sBIT' 41 4 (unknown)
2024-04-19 00:54:39,775 - PIL.PngImagePlugin - DEBUG - STREAM b'pHYs' 57 9
2024-04-19 00:54:39,775 - PIL.PngImagePlugin - DEBUG - STREAM b'IDAT' 78 286
2024-04-19 00:54:39,777 - PIL.PngImagePlugin - DEBUG - STREAM b'IHDR' 16 13
2024-04-19 00:54:39,777 - PIL.PngImagePlugin - DEBUG - STREAM b'sBIT' 41 4
2024-04-19 00:54:39,777 - PIL.PngImagePlugin - DEBUG - b'sBIT' 41 4 (unknown)
2024-04-19 00:54:39,777 - PIL.PngImagePlugin - DEBUG - STREAM b'pHYs' 57 9
2024-04-19 00:54:39,777 - PIL.PngImagePlugin - DEBUG - STREAM b'IDAT' 78 263
2024-04-19 00:54:39,779 - PIL.PngImagePlugin - DEBUG - STREAM b'IHDR' 16 13
2024-04-19 00:54:39,779 - PIL.PngImagePlugin - DEBUG - STREAM b'sBIT' 41 4
2024-04-19 00:54:39,779 - PIL.PngImagePlugin - DEBUG - b'sBIT' 41 4 (unknown)
2024-04-19 00:54:39,780 - PIL.PngImagePlugin - DEBUG - STREAM b'pHYs' 57 9
2024-04-19 00:54:39,780 - PIL.PngImagePlugin - DEBUG - STREAM b'IDAT' 78 387
2024-04-19 00:54:39,781 - PIL.PngImagePlugin - DEBUG - STREAM b'IHDR' 16 13
2024-04-19 00:54:39,782 - PIL.PngImagePlugin - DEBUG - STREAM b'sBIT' 41 4
2024-04-19 00:54:39,782 - PIL.PngImagePlugin - DEBUG - b'sBIT' 41 4 (unknown)
2024-04-19 00:54:39,782 - PIL.PngImagePlugin - DEBUG - STREAM b'pHYs' 57 9
2024-04-19 00:54:39,782 - PIL.PngImagePlugin - DEBUG - STREAM b'IDAT' 78 436
2024-04-19 00:54:39,784 - PIL.PngImagePlugin - DEBUG - STREAM b'IHDR' 16 13
2024-04-19 00:54:39,784 - PIL.PngImagePlugin - DEBUG - STREAM b'sBIT' 41 4
2024-04-19 00:54:39,784 - PIL.PngImagePlugin - DEBUG - b'sBIT' 41 4 (unknown)
2024-04-19 00:54:39,784 - PIL.PngImagePlugin - DEBUG - STREAM b'pHYs' 57 9
2024-04-19 00:54:39,784 - PIL.PngImagePlugin - DEBUG - STREAM b'IDAT' 78 351
2024-04-19 00:54:39,786 - PIL.PngImagePlugin - DEBUG - STREAM b'IHDR' 16 13
2024-04-19 00:54:39,786 - PIL.PngImagePlugin - DEBUG - STREAM b'sBIT' 41 4
2024-04-19 00:54:39,786 - PIL.PngImagePlugin - DEBUG - b'sBIT' 41 4 (unknown)
2024-04-19 00:54:39,786 - PIL.PngImagePlugin - DEBUG - STREAM b'pHYs' 57 9
2024-04-19 00:54:39,787 - PIL.PngImagePlugin - DEBUG - STREAM b'IDAT' 78 364
2024-04-19 00:54:39,803 - matplotlib.legend - WARNING - No artists with labels found to put in legend.  Note that artists whose label start with an underscore are ignored when legend() is called with no argument.
2024-04-19 00:54:44,058 - root - INFO - ARI: 0.8780 | NMI: 0.8363
2024-04-19 00:54:44,058 - root - INFO - Epoch: 21 | LR: 0.0009 | Loss 0.4292 | Val MaF1: 0.9610 (Best: 0.9610) | Test MaF1: 0.9547 (Best: 0.9547) | MiF1: 0.9545 (Best: 0.9545)
2024-04-19 00:54:51,771 - PIL.PngImagePlugin - DEBUG - STREAM b'IHDR' 16 13
2024-04-19 00:54:51,772 - PIL.PngImagePlugin - DEBUG - STREAM b'sBIT' 41 4
2024-04-19 00:54:51,772 - PIL.PngImagePlugin - DEBUG - b'sBIT' 41 4 (unknown)
2024-04-19 00:54:51,772 - PIL.PngImagePlugin - DEBUG - STREAM b'pHYs' 57 9
2024-04-19 00:54:51,772 - PIL.PngImagePlugin - DEBUG - STREAM b'IDAT' 78 1189
2024-04-19 00:54:51,775 - PIL.PngImagePlugin - DEBUG - STREAM b'IHDR' 16 13
2024-04-19 00:54:51,775 - PIL.PngImagePlugin - DEBUG - STREAM b'sBIT' 41 4
2024-04-19 00:54:51,775 - PIL.PngImagePlugin - DEBUG - b'sBIT' 41 4 (unknown)
2024-04-19 00:54:51,776 - PIL.PngImagePlugin - DEBUG - STREAM b'pHYs' 57 9
2024-04-19 00:54:51,776 - PIL.PngImagePlugin - DEBUG - STREAM b'IDAT' 78 2994
2024-04-19 00:54:51,783 - PIL.PngImagePlugin - DEBUG - STREAM b'IHDR' 16 13
2024-04-19 00:54:51,783 - PIL.PngImagePlugin - DEBUG - STREAM b'sBIT' 41 4
2024-04-19 00:54:51,784 - PIL.PngImagePlugin - DEBUG - b'sBIT' 41 4 (unknown)
2024-04-19 00:54:51,784 - PIL.PngImagePlugin - DEBUG - STREAM b'pHYs' 57 9
2024-04-19 00:54:51,784 - PIL.PngImagePlugin - DEBUG - STREAM b'IDAT' 78 374
2024-04-19 00:54:51,786 - PIL.PngImagePlugin - DEBUG - STREAM b'IHDR' 16 13
2024-04-19 00:54:51,786 - PIL.PngImagePlugin - DEBUG - STREAM b'sBIT' 41 4
2024-04-19 00:54:51,786 - PIL.PngImagePlugin - DEBUG - b'sBIT' 41 4 (unknown)
2024-04-19 00:54:51,786 - PIL.PngImagePlugin - DEBUG - STREAM b'pHYs' 57 9
2024-04-19 00:54:51,786 - PIL.PngImagePlugin - DEBUG - STREAM b'IDAT' 78 286
2024-04-19 00:54:51,788 - PIL.PngImagePlugin - DEBUG - STREAM b'IHDR' 16 13
2024-04-19 00:54:51,788 - PIL.PngImagePlugin - DEBUG - STREAM b'sBIT' 41 4
2024-04-19 00:54:51,788 - PIL.PngImagePlugin - DEBUG - b'sBIT' 41 4 (unknown)
2024-04-19 00:54:51,789 - PIL.PngImagePlugin - DEBUG - STREAM b'pHYs' 57 9
2024-04-19 00:54:51,789 - PIL.PngImagePlugin - DEBUG - STREAM b'IDAT' 78 263
2024-04-19 00:54:51,790 - PIL.PngImagePlugin - DEBUG - STREAM b'IHDR' 16 13
2024-04-19 00:54:51,791 - PIL.PngImagePlugin - DEBUG - STREAM b'sBIT' 41 4
2024-04-19 00:54:51,791 - PIL.PngImagePlugin - DEBUG - b'sBIT' 41 4 (unknown)
2024-04-19 00:54:51,791 - PIL.PngImagePlugin - DEBUG - STREAM b'pHYs' 57 9
2024-04-19 00:54:51,791 - PIL.PngImagePlugin - DEBUG - STREAM b'IDAT' 78 387
2024-04-19 00:54:51,792 - PIL.PngImagePlugin - DEBUG - STREAM b'IHDR' 16 13
2024-04-19 00:54:51,793 - PIL.PngImagePlugin - DEBUG - STREAM b'sBIT' 41 4
2024-04-19 00:54:51,793 - PIL.PngImagePlugin - DEBUG - b'sBIT' 41 4 (unknown)
2024-04-19 00:54:51,793 - PIL.PngImagePlugin - DEBUG - STREAM b'pHYs' 57 9
2024-04-19 00:54:51,793 - PIL.PngImagePlugin - DEBUG - STREAM b'IDAT' 78 436
2024-04-19 00:54:51,794 - PIL.PngImagePlugin - DEBUG - STREAM b'IHDR' 16 13
2024-04-19 00:54:51,794 - PIL.PngImagePlugin - DEBUG - STREAM b'sBIT' 41 4
2024-04-19 00:54:51,795 - PIL.PngImagePlugin - DEBUG - b'sBIT' 41 4 (unknown)
2024-04-19 00:54:51,795 - PIL.PngImagePlugin - DEBUG - STREAM b'pHYs' 57 9
2024-04-19 00:54:51,795 - PIL.PngImagePlugin - DEBUG - STREAM b'IDAT' 78 351
2024-04-19 00:54:51,796 - PIL.PngImagePlugin - DEBUG - STREAM b'IHDR' 16 13
2024-04-19 00:54:51,796 - PIL.PngImagePlugin - DEBUG - STREAM b'sBIT' 41 4
2024-04-19 00:54:51,796 - PIL.PngImagePlugin - DEBUG - b'sBIT' 41 4 (unknown)
2024-04-19 00:54:51,797 - PIL.PngImagePlugin - DEBUG - STREAM b'pHYs' 57 9
2024-04-19 00:54:51,797 - PIL.PngImagePlugin - DEBUG - STREAM b'IDAT' 78 364
2024-04-19 00:54:51,809 - matplotlib.legend - WARNING - No artists with labels found to put in legend.  Note that artists whose label start with an underscore are ignored when legend() is called with no argument.
2024-04-19 00:54:56,090 - root - INFO - ARI: 0.8824 | NMI: 0.8417
2024-04-19 00:54:56,091 - root - INFO - Epoch: 22 | LR: 0.0008 | Loss 0.4226 | Val MaF1: 0.9660 (Best: 0.9660) | Test MaF1: 0.9573 (Best: 0.9573) | MiF1: 0.9570 (Best: 0.9570)
2024-04-19 00:55:04,059 - PIL.PngImagePlugin - DEBUG - STREAM b'IHDR' 16 13
2024-04-19 00:55:04,059 - PIL.PngImagePlugin - DEBUG - STREAM b'sBIT' 41 4
2024-04-19 00:55:04,059 - PIL.PngImagePlugin - DEBUG - b'sBIT' 41 4 (unknown)
2024-04-19 00:55:04,060 - PIL.PngImagePlugin - DEBUG - STREAM b'pHYs' 57 9
2024-04-19 00:55:04,060 - PIL.PngImagePlugin - DEBUG - STREAM b'IDAT' 78 1189
2024-04-19 00:55:04,063 - PIL.PngImagePlugin - DEBUG - STREAM b'IHDR' 16 13
2024-04-19 00:55:04,063 - PIL.PngImagePlugin - DEBUG - STREAM b'sBIT' 41 4
2024-04-19 00:55:04,063 - PIL.PngImagePlugin - DEBUG - b'sBIT' 41 4 (unknown)
2024-04-19 00:55:04,063 - PIL.PngImagePlugin - DEBUG - STREAM b'pHYs' 57 9
2024-04-19 00:55:04,064 - PIL.PngImagePlugin - DEBUG - STREAM b'IDAT' 78 2994
2024-04-19 00:55:04,071 - PIL.PngImagePlugin - DEBUG - STREAM b'IHDR' 16 13
2024-04-19 00:55:04,071 - PIL.PngImagePlugin - DEBUG - STREAM b'sBIT' 41 4
2024-04-19 00:55:04,072 - PIL.PngImagePlugin - DEBUG - b'sBIT' 41 4 (unknown)
2024-04-19 00:55:04,072 - PIL.PngImagePlugin - DEBUG - STREAM b'pHYs' 57 9
2024-04-19 00:55:04,072 - PIL.PngImagePlugin - DEBUG - STREAM b'IDAT' 78 374
2024-04-19 00:55:04,073 - PIL.PngImagePlugin - DEBUG - STREAM b'IHDR' 16 13
2024-04-19 00:55:04,074 - PIL.PngImagePlugin - DEBUG - STREAM b'sBIT' 41 4
2024-04-19 00:55:04,074 - PIL.PngImagePlugin - DEBUG - b'sBIT' 41 4 (unknown)
2024-04-19 00:55:04,074 - PIL.PngImagePlugin - DEBUG - STREAM b'pHYs' 57 9
2024-04-19 00:55:04,074 - PIL.PngImagePlugin - DEBUG - STREAM b'IDAT' 78 286
2024-04-19 00:55:04,075 - PIL.PngImagePlugin - DEBUG - STREAM b'IHDR' 16 13
2024-04-19 00:55:04,076 - PIL.PngImagePlugin - DEBUG - STREAM b'sBIT' 41 4
2024-04-19 00:55:04,076 - PIL.PngImagePlugin - DEBUG - b'sBIT' 41 4 (unknown)
2024-04-19 00:55:04,076 - PIL.PngImagePlugin - DEBUG - STREAM b'pHYs' 57 9
2024-04-19 00:55:04,076 - PIL.PngImagePlugin - DEBUG - STREAM b'IDAT' 78 263
2024-04-19 00:55:04,078 - PIL.PngImagePlugin - DEBUG - STREAM b'IHDR' 16 13
2024-04-19 00:55:04,078 - PIL.PngImagePlugin - DEBUG - STREAM b'sBIT' 41 4
2024-04-19 00:55:04,078 - PIL.PngImagePlugin - DEBUG - b'sBIT' 41 4 (unknown)
2024-04-19 00:55:04,078 - PIL.PngImagePlugin - DEBUG - STREAM b'pHYs' 57 9
2024-04-19 00:55:04,079 - PIL.PngImagePlugin - DEBUG - STREAM b'IDAT' 78 387
2024-04-19 00:55:04,080 - PIL.PngImagePlugin - DEBUG - STREAM b'IHDR' 16 13
2024-04-19 00:55:04,080 - PIL.PngImagePlugin - DEBUG - STREAM b'sBIT' 41 4
2024-04-19 00:55:04,080 - PIL.PngImagePlugin - DEBUG - b'sBIT' 41 4 (unknown)
2024-04-19 00:55:04,080 - PIL.PngImagePlugin - DEBUG - STREAM b'pHYs' 57 9
2024-04-19 00:55:04,080 - PIL.PngImagePlugin - DEBUG - STREAM b'IDAT' 78 436
2024-04-19 00:55:04,081 - PIL.PngImagePlugin - DEBUG - STREAM b'IHDR' 16 13
2024-04-19 00:55:04,082 - PIL.PngImagePlugin - DEBUG - STREAM b'sBIT' 41 4
2024-04-19 00:55:04,082 - PIL.PngImagePlugin - DEBUG - b'sBIT' 41 4 (unknown)
2024-04-19 00:55:04,082 - PIL.PngImagePlugin - DEBUG - STREAM b'pHYs' 57 9
2024-04-19 00:55:04,082 - PIL.PngImagePlugin - DEBUG - STREAM b'IDAT' 78 351
2024-04-19 00:55:04,084 - PIL.PngImagePlugin - DEBUG - STREAM b'IHDR' 16 13
2024-04-19 00:55:04,084 - PIL.PngImagePlugin - DEBUG - STREAM b'sBIT' 41 4
2024-04-19 00:55:04,084 - PIL.PngImagePlugin - DEBUG - b'sBIT' 41 4 (unknown)
2024-04-19 00:55:04,084 - PIL.PngImagePlugin - DEBUG - STREAM b'pHYs' 57 9
2024-04-19 00:55:04,084 - PIL.PngImagePlugin - DEBUG - STREAM b'IDAT' 78 364
2024-04-19 00:55:04,097 - matplotlib.legend - WARNING - No artists with labels found to put in legend.  Note that artists whose label start with an underscore are ignored when legend() is called with no argument.
2024-04-19 00:55:08,721 - root - INFO - ARI: 0.8875 | NMI: 0.8485
2024-04-19 00:55:08,721 - root - INFO - Epoch: 23 | LR: 0.0008 | Loss 0.4175 | Val MaF1: 0.9651 (Best: 0.9651) | Test MaF1: 0.9598 (Best: 0.9598) | MiF1: 0.9594 (Best: 0.9594)
2024-04-19 00:55:16,542 - PIL.PngImagePlugin - DEBUG - STREAM b'IHDR' 16 13
2024-04-19 00:55:16,542 - PIL.PngImagePlugin - DEBUG - STREAM b'sBIT' 41 4
2024-04-19 00:55:16,542 - PIL.PngImagePlugin - DEBUG - b'sBIT' 41 4 (unknown)
2024-04-19 00:55:16,542 - PIL.PngImagePlugin - DEBUG - STREAM b'pHYs' 57 9
2024-04-19 00:55:16,543 - PIL.PngImagePlugin - DEBUG - STREAM b'IDAT' 78 1189
2024-04-19 00:55:16,545 - PIL.PngImagePlugin - DEBUG - STREAM b'IHDR' 16 13
2024-04-19 00:55:16,546 - PIL.PngImagePlugin - DEBUG - STREAM b'sBIT' 41 4
2024-04-19 00:55:16,546 - PIL.PngImagePlugin - DEBUG - b'sBIT' 41 4 (unknown)
2024-04-19 00:55:16,546 - PIL.PngImagePlugin - DEBUG - STREAM b'pHYs' 57 9
2024-04-19 00:55:16,546 - PIL.PngImagePlugin - DEBUG - STREAM b'IDAT' 78 2994
2024-04-19 00:55:16,553 - PIL.PngImagePlugin - DEBUG - STREAM b'IHDR' 16 13
2024-04-19 00:55:16,553 - PIL.PngImagePlugin - DEBUG - STREAM b'sBIT' 41 4
2024-04-19 00:55:16,553 - PIL.PngImagePlugin - DEBUG - b'sBIT' 41 4 (unknown)
2024-04-19 00:55:16,554 - PIL.PngImagePlugin - DEBUG - STREAM b'pHYs' 57 9
2024-04-19 00:55:16,554 - PIL.PngImagePlugin - DEBUG - STREAM b'IDAT' 78 374
2024-04-19 00:55:16,556 - PIL.PngImagePlugin - DEBUG - STREAM b'IHDR' 16 13
2024-04-19 00:55:16,556 - PIL.PngImagePlugin - DEBUG - STREAM b'sBIT' 41 4
2024-04-19 00:55:16,556 - PIL.PngImagePlugin - DEBUG - b'sBIT' 41 4 (unknown)
2024-04-19 00:55:16,556 - PIL.PngImagePlugin - DEBUG - STREAM b'pHYs' 57 9
2024-04-19 00:55:16,556 - PIL.PngImagePlugin - DEBUG - STREAM b'IDAT' 78 286
2024-04-19 00:55:16,558 - PIL.PngImagePlugin - DEBUG - STREAM b'IHDR' 16 13
2024-04-19 00:55:16,558 - PIL.PngImagePlugin - DEBUG - STREAM b'sBIT' 41 4
2024-04-19 00:55:16,558 - PIL.PngImagePlugin - DEBUG - b'sBIT' 41 4 (unknown)
2024-04-19 00:55:16,558 - PIL.PngImagePlugin - DEBUG - STREAM b'pHYs' 57 9
2024-04-19 00:55:16,559 - PIL.PngImagePlugin - DEBUG - STREAM b'IDAT' 78 263
2024-04-19 00:55:16,560 - PIL.PngImagePlugin - DEBUG - STREAM b'IHDR' 16 13
2024-04-19 00:55:16,560 - PIL.PngImagePlugin - DEBUG - STREAM b'sBIT' 41 4
2024-04-19 00:55:16,560 - PIL.PngImagePlugin - DEBUG - b'sBIT' 41 4 (unknown)
2024-04-19 00:55:16,561 - PIL.PngImagePlugin - DEBUG - STREAM b'pHYs' 57 9
2024-04-19 00:55:16,561 - PIL.PngImagePlugin - DEBUG - STREAM b'IDAT' 78 387
2024-04-19 00:55:16,562 - PIL.PngImagePlugin - DEBUG - STREAM b'IHDR' 16 13
2024-04-19 00:55:16,563 - PIL.PngImagePlugin - DEBUG - STREAM b'sBIT' 41 4
2024-04-19 00:55:16,563 - PIL.PngImagePlugin - DEBUG - b'sBIT' 41 4 (unknown)
2024-04-19 00:55:16,563 - PIL.PngImagePlugin - DEBUG - STREAM b'pHYs' 57 9
2024-04-19 00:55:16,563 - PIL.PngImagePlugin - DEBUG - STREAM b'IDAT' 78 436
2024-04-19 00:55:16,565 - PIL.PngImagePlugin - DEBUG - STREAM b'IHDR' 16 13
2024-04-19 00:55:16,565 - PIL.PngImagePlugin - DEBUG - STREAM b'sBIT' 41 4
2024-04-19 00:55:16,565 - PIL.PngImagePlugin - DEBUG - b'sBIT' 41 4 (unknown)
2024-04-19 00:55:16,565 - PIL.PngImagePlugin - DEBUG - STREAM b'pHYs' 57 9
2024-04-19 00:55:16,566 - PIL.PngImagePlugin - DEBUG - STREAM b'IDAT' 78 351
2024-04-19 00:55:16,567 - PIL.PngImagePlugin - DEBUG - STREAM b'IHDR' 16 13
2024-04-19 00:55:16,567 - PIL.PngImagePlugin - DEBUG - STREAM b'sBIT' 41 4
2024-04-19 00:55:16,567 - PIL.PngImagePlugin - DEBUG - b'sBIT' 41 4 (unknown)
2024-04-19 00:55:16,567 - PIL.PngImagePlugin - DEBUG - STREAM b'pHYs' 57 9
2024-04-19 00:55:16,568 - PIL.PngImagePlugin - DEBUG - STREAM b'IDAT' 78 364
2024-04-19 00:55:16,580 - matplotlib.legend - WARNING - No artists with labels found to put in legend.  Note that artists whose label start with an underscore are ignored when legend() is called with no argument.
2024-04-19 00:55:20,288 - root - INFO - ARI: 0.8912 | NMI: 0.8524
2024-04-19 00:55:20,288 - root - INFO - Epoch: 24 | LR: 0.0008 | Loss 0.4138 | Val MaF1: 0.9652 (Best: 0.9652) | Test MaF1: 0.9615 (Best: 0.9615) | MiF1: 0.9611 (Best: 0.9611)
2024-04-19 00:55:21,309 - root - INFO - Epoch: 25 | LR: 0.0007 | Loss 0.4079 | Val MaF1: 0.9675 (Best: 0.9652) | Test MaF1: 0.9614 (Best: 0.9615) | MiF1: 0.9611 (Best: 0.9611)
2024-04-19 00:55:22,266 - root - INFO - Epoch: 26 | LR: 0.0007 | Loss 0.4038 | Val MaF1: 0.9626 (Best: 0.9652) | Test MaF1: 0.9564 (Best: 0.9615) | MiF1: 0.9561 (Best: 0.9611)
2024-04-19 00:55:23,270 - root - INFO - Epoch: 27 | LR: 0.0006 | Loss 0.4000 | Val MaF1: 0.9625 (Best: 0.9652) | Test MaF1: 0.9464 (Best: 0.9615) | MiF1: 0.9462 (Best: 0.9611)
2024-04-19 00:55:24,213 - root - INFO - Epoch: 28 | LR: 0.0006 | Loss 0.3986 | Val MaF1: 0.9600 (Best: 0.9652) | Test MaF1: 0.9455 (Best: 0.9615) | MiF1: 0.9454 (Best: 0.9611)
2024-04-19 00:55:25,160 - root - INFO - Epoch: 29 | LR: 0.0005 | Loss 0.3966 | Val MaF1: 0.9600 (Best: 0.9652) | Test MaF1: 0.9448 (Best: 0.9615) | MiF1: 0.9445 (Best: 0.9611)
2024-04-19 00:55:26,104 - root - INFO - Epoch: 30 | LR: 0.0005 | Loss 0.3934 | Val MaF1: 0.9600 (Best: 0.9652) | Test MaF1: 0.9532 (Best: 0.9615) | MiF1: 0.9528 (Best: 0.9611)
2024-04-19 00:55:27,057 - root - INFO - Epoch: 31 | LR: 0.0004 | Loss 0.3913 | Val MaF1: 0.9602 (Best: 0.9652) | Test MaF1: 0.9557 (Best: 0.9615) | MiF1: 0.9553 (Best: 0.9611)
2024-04-19 00:55:28,010 - root - INFO - Epoch: 32 | LR: 0.0004 | Loss 0.3891 | Val MaF1: 0.9593 (Best: 0.9652) | Test MaF1: 0.9582 (Best: 0.9615) | MiF1: 0.9578 (Best: 0.9611)
2024-04-19 00:55:28,970 - root - INFO - Epoch: 33 | LR: 0.0003 | Loss 0.3874 | Val MaF1: 0.9651 (Best: 0.9652) | Test MaF1: 0.9590 (Best: 0.9615) | MiF1: 0.9586 (Best: 0.9611)
2024-04-19 00:55:29,967 - root - INFO - Epoch: 34 | LR: 0.0003 | Loss 0.3866 | Val MaF1: 0.9626 (Best: 0.9652) | Test MaF1: 0.9590 (Best: 0.9615) | MiF1: 0.9586 (Best: 0.9611)
2024-04-19 00:55:30,922 - root - INFO - Epoch: 35 | LR: 0.0003 | Loss 0.3855 | Val MaF1: 0.9602 (Best: 0.9652) | Test MaF1: 0.9590 (Best: 0.9615) | MiF1: 0.9586 (Best: 0.9611)
2024-04-19 00:55:31,865 - root - INFO - Epoch: 36 | LR: 0.0002 | Loss 0.3842 | Val MaF1: 0.9602 (Best: 0.9652) | Test MaF1: 0.9582 (Best: 0.9615) | MiF1: 0.9578 (Best: 0.9611)
2024-04-19 00:55:32,814 - root - INFO - Epoch: 37 | LR: 0.0002 | Loss 0.3835 | Val MaF1: 0.9602 (Best: 0.9652) | Test MaF1: 0.9565 (Best: 0.9615) | MiF1: 0.9561 (Best: 0.9611)
2024-04-19 00:55:33,758 - root - INFO - Epoch: 38 | LR: 0.0001 | Loss 0.3830 | Val MaF1: 0.9602 (Best: 0.9652) | Test MaF1: 0.9557 (Best: 0.9615) | MiF1: 0.9553 (Best: 0.9611)
2024-04-19 00:55:34,728 - root - INFO - Epoch: 39 | LR: 0.0001 | Loss 0.3822 | Val MaF1: 0.9602 (Best: 0.9652) | Test MaF1: 0.9565 (Best: 0.9615) | MiF1: 0.9561 (Best: 0.9611)
2024-04-19 00:55:35,714 - root - INFO - Epoch: 40 | LR: 0.0001 | Loss 0.3812 | Val MaF1: 0.9602 (Best: 0.9652) | Test MaF1: 0.9565 (Best: 0.9615) | MiF1: 0.9561 (Best: 0.9611)
2024-04-19 00:55:36,721 - root - INFO - Epoch: 41 | LR: 0.0001 | Loss 0.3810 | Val MaF1: 0.9602 (Best: 0.9652) | Test MaF1: 0.9556 (Best: 0.9615) | MiF1: 0.9553 (Best: 0.9611)
2024-04-19 00:55:37,664 - root - INFO - Epoch: 42 | LR: 0.0000 | Loss 0.3807 | Val MaF1: 0.9625 (Best: 0.9652) | Test MaF1: 0.9556 (Best: 0.9615) | MiF1: 0.9553 (Best: 0.9611)
2024-04-19 00:55:38,605 - root - INFO - Epoch: 43 | LR: 0.0000 | Loss 0.3807 | Val MaF1: 0.9600 (Best: 0.9652) | Test MaF1: 0.9556 (Best: 0.9615) | MiF1: 0.9553 (Best: 0.9611)
2024-04-19 00:55:39,561 - root - INFO - Epoch: 44 | LR: 0.0000 | Loss 0.3805 | Val MaF1: 0.9600 (Best: 0.9652) | Test MaF1: 0.9556 (Best: 0.9615) | MiF1: 0.9553 (Best: 0.9611)
2024-04-19 00:55:40,509 - root - INFO - Epoch: 45 | LR: 0.0000 | Loss 0.3806 | Val MaF1: 0.9600 (Best: 0.9652) | Test MaF1: 0.9556 (Best: 0.9615) | MiF1: 0.9553 (Best: 0.9611)
2024-04-19 00:55:41,452 - root - INFO - Epoch: 46 | LR: 0.0000 | Loss 0.3805 | Val MaF1: 0.9600 (Best: 0.9652) | Test MaF1: 0.9556 (Best: 0.9615) | MiF1: 0.9553 (Best: 0.9611)
2024-04-19 00:55:42,398 - root - INFO - Epoch: 47 | LR: 0.0000 | Loss 0.3804 | Val MaF1: 0.9600 (Best: 0.9652) | Test MaF1: 0.9556 (Best: 0.9615) | MiF1: 0.9553 (Best: 0.9611)
2024-04-19 00:55:42,398 - root - INFO - Best Epoch: 24 | Train MiF1: 0.9677,  MaF1: 0.9685 | Val MiF1: 0.9652, MaF1: 0.9652 | Test MaF1: 0.9615, MiF1: 0.9611
