2024-04-22 21:54:49,656 - root - INFO - {'prefix': 'SR-HGN', 'gpu': 0, 'feat': 1, 'seed': 0, 'verbose': 1, 'train_split': 0.2, 'val_split': 0.3, 'num_type_heads': 4, 'num_node_heads': 4, 'hidden_dim': 128, 'clip': 1.0, 'num_layers': 4, 'alpha': 0.5, 'epochs': 40, 'dataset': 'dblp', 'input_dim': 256, 'aggregate': 'concat', 'iscuda': True, 'cluster': True, 'max_lr': 0.001, 'weight_decay': 1e-05, 'heads': 8, 'han_heads': [4], 'hh_heads': 3, 'dropout': 0.2}
2024-04-22 21:54:52,743 - root - INFO - Training SR-HGN with #param: 13398702
2024-04-22 21:54:58,086 - root - INFO - ARI: 0.0413 | NMI: 0.0435
2024-04-22 21:54:58,087 - root - INFO - Epoch: 1 | LR: 0.0001 | Loss 1.3834 | Val MaF1: 0.2930 (Best: 0.2930) | Test MaF1: 0.2888 (Best: 0.2888) | MiF1: 0.3568 (Best: 0.3568)
2024-04-22 21:55:00,486 - root - INFO - ARI: 0.1466 | NMI: 0.1395
2024-04-22 21:55:00,487 - root - INFO - Epoch: 2 | LR: 0.0001 | Loss 1.3778 | Val MaF1: 0.3534 (Best: 0.3534) | Test MaF1: 0.3572 (Best: 0.3572) | MiF1: 0.4604 (Best: 0.4604)
2024-04-22 21:55:02,900 - root - INFO - ARI: 0.3688 | NMI: 0.3452
2024-04-22 21:55:02,900 - root - INFO - Epoch: 3 | LR: 0.0002 | Loss 1.3743 | Val MaF1: 0.3836 (Best: 0.3836) | Test MaF1: 0.3625 (Best: 0.3625) | MiF1: 0.4917 (Best: 0.4917)
2024-04-22 21:55:04,334 - root - INFO - Epoch: 4 | LR: 0.0003 | Loss 1.3599 | Val MaF1: 0.3414 (Best: 0.3836) | Test MaF1: 0.3321 (Best: 0.3625) | MiF1: 0.4632 (Best: 0.4917)
2024-04-22 21:55:08,362 - root - INFO - Epoch: 5 | LR: 0.0005 | Loss 1.3434 | Val MaF1: 0.3338 (Best: 0.3836) | Test MaF1: 0.3415 (Best: 0.3625) | MiF1: 0.4692 (Best: 0.4917)
2024-04-22 21:55:10,752 - root - INFO - ARI: 0.5904 | NMI: 0.5906
2024-04-22 21:55:10,752 - root - INFO - Epoch: 6 | LR: 0.0006 | Loss 1.3192 | Val MaF1: 0.4180 (Best: 0.4180) | Test MaF1: 0.4124 (Best: 0.4124) | MiF1: 0.5269 (Best: 0.5269)
2024-04-22 21:55:13,029 - root - INFO - ARI: 0.6303 | NMI: 0.6162
2024-04-22 21:55:13,029 - root - INFO - Epoch: 7 | LR: 0.0007 | Loss 1.2904 | Val MaF1: 0.5501 (Best: 0.5501) | Test MaF1: 0.5367 (Best: 0.5367) | MiF1: 0.6449 (Best: 0.6449)
2024-04-22 21:55:15,404 - root - INFO - ARI: 0.7083 | NMI: 0.6626
2024-04-22 21:55:15,404 - root - INFO - Epoch: 8 | LR: 0.0008 | Loss 1.2478 | Val MaF1: 0.6235 (Best: 0.6235) | Test MaF1: 0.6095 (Best: 0.6095) | MiF1: 0.7312 (Best: 0.7312)
2024-04-22 21:55:17,769 - root - INFO - ARI: 0.7685 | NMI: 0.7072
2024-04-22 21:55:17,770 - root - INFO - Epoch: 9 | LR: 0.0009 | Loss 1.1957 | Val MaF1: 0.6552 (Best: 0.6552) | Test MaF1: 0.6612 (Best: 0.6612) | MiF1: 0.7732 (Best: 0.7732)
2024-04-22 21:55:20,172 - root - INFO - ARI: 0.7845 | NMI: 0.7194
2024-04-22 21:55:20,172 - root - INFO - Epoch: 10 | LR: 0.0010 | Loss 1.1259 | Val MaF1: 0.8363 (Best: 0.8363) | Test MaF1: 0.8195 (Best: 0.8195) | MiF1: 0.8521 (Best: 0.8521)
2024-04-22 21:55:22,456 - root - INFO - ARI: 0.8083 | NMI: 0.7433
2024-04-22 21:55:22,456 - root - INFO - Epoch: 11 | LR: 0.0010 | Loss 1.0467 | Val MaF1: 0.9204 (Best: 0.9204) | Test MaF1: 0.8873 (Best: 0.8873) | MiF1: 0.8979 (Best: 0.8979)
2024-04-22 21:55:24,822 - root - INFO - ARI: 0.8300 | NMI: 0.7675
2024-04-22 21:55:24,823 - root - INFO - Epoch: 12 | LR: 0.0010 | Loss 0.9670 | Val MaF1: 0.9220 (Best: 0.9220) | Test MaF1: 0.9139 (Best: 0.9139) | MiF1: 0.9204 (Best: 0.9204)
2024-04-22 21:55:27,231 - root - INFO - ARI: 0.8374 | NMI: 0.7772
2024-04-22 21:55:27,232 - root - INFO - Epoch: 13 | LR: 0.0010 | Loss 0.8933 | Val MaF1: 0.9216 (Best: 0.9216) | Test MaF1: 0.9207 (Best: 0.9207) | MiF1: 0.9271 (Best: 0.9271)
2024-04-22 21:55:28,687 - root - INFO - Epoch: 14 | LR: 0.0010 | Loss 0.8276 | Val MaF1: 0.9272 (Best: 0.9216) | Test MaF1: 0.9192 (Best: 0.9207) | MiF1: 0.9267 (Best: 0.9271)
2024-04-22 21:55:30,943 - root - INFO - ARI: 0.8564 | NMI: 0.8026
2024-04-22 21:55:30,943 - root - INFO - Epoch: 15 | LR: 0.0010 | Loss 0.7794 | Val MaF1: 0.9321 (Best: 0.9321) | Test MaF1: 0.9251 (Best: 0.9251) | MiF1: 0.9320 (Best: 0.9320)
2024-04-22 21:55:33,308 - root - INFO - ARI: 0.8641 | NMI: 0.8095
2024-04-22 21:55:33,308 - root - INFO - Epoch: 16 | LR: 0.0009 | Loss 0.7386 | Val MaF1: 0.9345 (Best: 0.9345) | Test MaF1: 0.9325 (Best: 0.9325) | MiF1: 0.9380 (Best: 0.9380)
2024-04-22 21:55:35,618 - root - INFO - ARI: 0.8739 | NMI: 0.8197
2024-04-22 21:55:35,618 - root - INFO - Epoch: 17 | LR: 0.0009 | Loss 0.7089 | Val MaF1: 0.9384 (Best: 0.9384) | Test MaF1: 0.9404 (Best: 0.9404) | MiF1: 0.9447 (Best: 0.9447)
2024-04-22 21:55:37,969 - root - INFO - ARI: 0.8739 | NMI: 0.8205
2024-04-22 21:55:37,969 - root - INFO - Epoch: 18 | LR: 0.0009 | Loss 0.6861 | Val MaF1: 0.9379 (Best: 0.9379) | Test MaF1: 0.9416 (Best: 0.9416) | MiF1: 0.9461 (Best: 0.9461)
2024-04-22 21:55:39,344 - root - INFO - Epoch: 19 | LR: 0.0008 | Loss 0.6651 | Val MaF1: 0.9405 (Best: 0.9379) | Test MaF1: 0.9394 (Best: 0.9416) | MiF1: 0.9443 (Best: 0.9461)
2024-04-22 21:55:40,727 - root - INFO - Epoch: 20 | LR: 0.0008 | Loss 0.6497 | Val MaF1: 0.9405 (Best: 0.9379) | Test MaF1: 0.9397 (Best: 0.9416) | MiF1: 0.9447 (Best: 0.9461)
2024-04-22 21:55:42,186 - root - INFO - Epoch: 21 | LR: 0.0007 | Loss 0.6379 | Val MaF1: 0.9345 (Best: 0.9379) | Test MaF1: 0.9414 (Best: 0.9416) | MiF1: 0.9461 (Best: 0.9461)
2024-04-22 21:55:44,458 - root - INFO - ARI: 0.8807 | NMI: 0.8285
2024-04-22 21:55:44,459 - root - INFO - Epoch: 22 | LR: 0.0007 | Loss 0.6294 | Val MaF1: 0.9345 (Best: 0.9345) | Test MaF1: 0.9423 (Best: 0.9423) | MiF1: 0.9468 (Best: 0.9468)
2024-04-22 21:55:46,838 - root - INFO - ARI: 0.8838 | NMI: 0.8318
2024-04-22 21:55:46,838 - root - INFO - Epoch: 23 | LR: 0.0006 | Loss 0.6208 | Val MaF1: 0.9319 (Best: 0.9319) | Test MaF1: 0.9438 (Best: 0.9438) | MiF1: 0.9482 (Best: 0.9482)
2024-04-22 21:55:48,251 - root - INFO - Epoch: 24 | LR: 0.0006 | Loss 0.6148 | Val MaF1: 0.9319 (Best: 0.9319) | Test MaF1: 0.9429 (Best: 0.9438) | MiF1: 0.9472 (Best: 0.9482)
2024-04-22 21:55:49,687 - root - INFO - Epoch: 25 | LR: 0.0005 | Loss 0.6086 | Val MaF1: 0.9319 (Best: 0.9319) | Test MaF1: 0.9434 (Best: 0.9438) | MiF1: 0.9475 (Best: 0.9482)
2024-04-22 21:55:51,134 - root - INFO - Epoch: 26 | LR: 0.0004 | Loss 0.6027 | Val MaF1: 0.9319 (Best: 0.9319) | Test MaF1: 0.9432 (Best: 0.9438) | MiF1: 0.9472 (Best: 0.9482)
2024-04-22 21:55:53,465 - root - INFO - ARI: 0.8871 | NMI: 0.8341
2024-04-22 21:55:53,465 - root - INFO - Epoch: 27 | LR: 0.0004 | Loss 0.5992 | Val MaF1: 0.9319 (Best: 0.9319) | Test MaF1: 0.9439 (Best: 0.9439) | MiF1: 0.9479 (Best: 0.9479)
2024-04-22 21:55:56,997 - root - INFO - ARI: 0.8875 | NMI: 0.8345
2024-04-22 21:55:56,997 - root - INFO - Epoch: 28 | LR: 0.0003 | Loss 0.5960 | Val MaF1: 0.9319 (Best: 0.9319) | Test MaF1: 0.9443 (Best: 0.9443) | MiF1: 0.9482 (Best: 0.9482)
2024-04-22 21:55:58,399 - root - INFO - Epoch: 29 | LR: 0.0003 | Loss 0.5935 | Val MaF1: 0.9319 (Best: 0.9319) | Test MaF1: 0.9440 (Best: 0.9443) | MiF1: 0.9479 (Best: 0.9482)
2024-04-22 21:55:59,825 - root - INFO - Epoch: 30 | LR: 0.0002 | Loss 0.5908 | Val MaF1: 0.9319 (Best: 0.9319) | Test MaF1: 0.9432 (Best: 0.9443) | MiF1: 0.9472 (Best: 0.9482)
2024-04-22 21:56:01,265 - root - INFO - Epoch: 31 | LR: 0.0002 | Loss 0.5875 | Val MaF1: 0.9319 (Best: 0.9319) | Test MaF1: 0.9435 (Best: 0.9443) | MiF1: 0.9475 (Best: 0.9482)
2024-04-22 21:56:02,652 - root - INFO - Epoch: 32 | LR: 0.0001 | Loss 0.5866 | Val MaF1: 0.9319 (Best: 0.9319) | Test MaF1: 0.9427 (Best: 0.9443) | MiF1: 0.9468 (Best: 0.9482)
2024-04-22 21:56:04,099 - root - INFO - Epoch: 33 | LR: 0.0001 | Loss 0.5866 | Val MaF1: 0.9319 (Best: 0.9319) | Test MaF1: 0.9432 (Best: 0.9443) | MiF1: 0.9472 (Best: 0.9482)
2024-04-22 21:56:05,491 - root - INFO - Epoch: 34 | LR: 0.0001 | Loss 0.5846 | Val MaF1: 0.9319 (Best: 0.9319) | Test MaF1: 0.9436 (Best: 0.9443) | MiF1: 0.9475 (Best: 0.9482)
2024-04-22 21:56:06,858 - root - INFO - Epoch: 35 | LR: 0.0000 | Loss 0.5841 | Val MaF1: 0.9319 (Best: 0.9319) | Test MaF1: 0.9436 (Best: 0.9443) | MiF1: 0.9475 (Best: 0.9482)
2024-04-22 21:56:08,314 - root - INFO - Epoch: 36 | LR: 0.0000 | Loss 0.5846 | Val MaF1: 0.9319 (Best: 0.9319) | Test MaF1: 0.9432 (Best: 0.9443) | MiF1: 0.9472 (Best: 0.9482)
2024-04-22 21:56:09,766 - root - INFO - Epoch: 37 | LR: 0.0000 | Loss 0.5832 | Val MaF1: 0.9319 (Best: 0.9319) | Test MaF1: 0.9428 (Best: 0.9443) | MiF1: 0.9468 (Best: 0.9482)
2024-04-22 21:56:11,130 - root - INFO - Epoch: 38 | LR: 0.0000 | Loss 0.5838 | Val MaF1: 0.9319 (Best: 0.9319) | Test MaF1: 0.9428 (Best: 0.9443) | MiF1: 0.9468 (Best: 0.9482)
2024-04-22 21:56:12,493 - root - INFO - Epoch: 39 | LR: 0.0000 | Loss 0.5831 | Val MaF1: 0.9319 (Best: 0.9319) | Test MaF1: 0.9428 (Best: 0.9443) | MiF1: 0.9468 (Best: 0.9482)
2024-04-22 21:56:13,866 - root - INFO - Epoch: 40 | LR: 0.0000 | Loss 0.5837 | Val MaF1: 0.9319 (Best: 0.9319) | Test MaF1: 0.9428 (Best: 0.9443) | MiF1: 0.9468 (Best: 0.9482)
2024-04-22 21:56:13,867 - root - INFO - Best Epoch: 28 | Train MiF1: 0.9865,  MaF1: 0.9852 | Val MiF1: 0.9383, MaF1: 0.9319 | Test MaF1: 0.9443, MiF1: 0.9482
2024-04-22 21:56:14,605 - root - INFO - ARI: 0.8875 | NMI: 0.8345
