2024-04-22 21:46:36,381 - root - INFO - {'prefix': 'SR-HGN', 'gpu': 0, 'feat': 1, 'seed': 0, 'verbose': 1, 'train_split': 0.2, 'val_split': 0.3, 'num_type_heads': 4, 'num_node_heads': 4, 'hidden_dim': 256, 'clip': 1.0, 'num_layers': 6, 'alpha': 0.5, 'epochs': 100, 'dataset': 'acm', 'input_dim': 256, 'aggregate': 'concat', 'iscuda': True, 'cluster': True, 'max_lr': 0.001, 'weight_decay': 1e-05, 'heads': 1, 'han_heads': [4], 'hh_heads': 3, 'dropout': 0.2}
2024-04-22 21:46:39,090 - root - INFO - Training SR-HGN with #param: 19660330
2024-04-22 21:46:41,171 - root - INFO - ARI: 0.0320 | NMI: 0.0403
2024-04-22 21:46:41,172 - root - INFO - Epoch: 1 | LR: 0.0000 | Loss 1.1048 | Val MaF1: 0.2285 (Best: 0.2285) | Test MaF1: 0.2347 (Best: 0.2347) | MiF1: 0.4972 (Best: 0.4972)
2024-04-22 21:46:41,588 - root - INFO - Epoch: 2 | LR: 0.0001 | Loss 1.0805 | Val MaF1: 0.2204 (Best: 0.2285) | Test MaF1: 0.2210 (Best: 0.2347) | MiF1: 0.4957 (Best: 0.4972)
2024-04-22 21:46:41,971 - root - INFO - Epoch: 3 | LR: 0.0001 | Loss 1.0638 | Val MaF1: 0.2204 (Best: 0.2285) | Test MaF1: 0.2210 (Best: 0.2347) | MiF1: 0.4957 (Best: 0.4972)
2024-04-22 21:46:42,353 - root - INFO - Epoch: 4 | LR: 0.0001 | Loss 1.0452 | Val MaF1: 0.2204 (Best: 0.2285) | Test MaF1: 0.2210 (Best: 0.2347) | MiF1: 0.4957 (Best: 0.4972)
2024-04-22 21:46:42,743 - root - INFO - Epoch: 5 | LR: 0.0001 | Loss 1.0290 | Val MaF1: 0.2204 (Best: 0.2285) | Test MaF1: 0.2210 (Best: 0.2347) | MiF1: 0.4957 (Best: 0.4972)
2024-04-22 21:46:43,126 - root - INFO - Epoch: 6 | LR: 0.0001 | Loss 1.0180 | Val MaF1: 0.2204 (Best: 0.2285) | Test MaF1: 0.2210 (Best: 0.2347) | MiF1: 0.4957 (Best: 0.4972)
2024-04-22 21:46:43,519 - root - INFO - Epoch: 7 | LR: 0.0002 | Loss 1.0052 | Val MaF1: 0.2204 (Best: 0.2285) | Test MaF1: 0.2210 (Best: 0.2347) | MiF1: 0.4957 (Best: 0.4972)
2024-04-22 21:46:43,906 - root - INFO - Epoch: 8 | LR: 0.0002 | Loss 0.9969 | Val MaF1: 0.2204 (Best: 0.2285) | Test MaF1: 0.2210 (Best: 0.2347) | MiF1: 0.4957 (Best: 0.4972)
2024-04-22 21:46:44,289 - root - INFO - Epoch: 9 | LR: 0.0003 | Loss 0.9792 | Val MaF1: 0.2204 (Best: 0.2285) | Test MaF1: 0.2210 (Best: 0.2347) | MiF1: 0.4957 (Best: 0.4972)
2024-04-22 21:46:44,674 - root - INFO - Epoch: 10 | LR: 0.0003 | Loss 0.9498 | Val MaF1: 0.2204 (Best: 0.2285) | Test MaF1: 0.2210 (Best: 0.2347) | MiF1: 0.4957 (Best: 0.4972)
2024-04-22 21:46:45,073 - root - INFO - Epoch: 11 | LR: 0.0003 | Loss 0.9160 | Val MaF1: 0.2204 (Best: 0.2285) | Test MaF1: 0.2210 (Best: 0.2347) | MiF1: 0.4957 (Best: 0.4972)
2024-04-22 21:46:45,455 - root - INFO - Epoch: 12 | LR: 0.0004 | Loss 0.8913 | Val MaF1: 0.2204 (Best: 0.2285) | Test MaF1: 0.2251 (Best: 0.2347) | MiF1: 0.4972 (Best: 0.4972)
2024-04-22 21:46:46,117 - root - INFO - ARI: 0.6563 | NMI: 0.6482
2024-04-22 21:46:46,117 - root - INFO - Epoch: 13 | LR: 0.0004 | Loss 0.8691 | Val MaF1: 0.2341 (Best: 0.2341) | Test MaF1: 0.2421 (Best: 0.2421) | MiF1: 0.5032 (Best: 0.5032)
2024-04-22 21:46:46,826 - root - INFO - ARI: 0.7301 | NMI: 0.6914
2024-04-22 21:46:46,826 - root - INFO - Epoch: 14 | LR: 0.0005 | Loss 0.8317 | Val MaF1: 0.3236 (Best: 0.3236) | Test MaF1: 0.3254 (Best: 0.3254) | MiF1: 0.5362 (Best: 0.5362)
2024-04-22 21:46:47,518 - root - INFO - ARI: 0.7315 | NMI: 0.6859
2024-04-22 21:46:47,518 - root - INFO - Epoch: 15 | LR: 0.0005 | Loss 0.7987 | Val MaF1: 0.5580 (Best: 0.5580) | Test MaF1: 0.5446 (Best: 0.5446) | MiF1: 0.6463 (Best: 0.6463)
2024-04-22 21:46:48,200 - root - INFO - ARI: 0.7307 | NMI: 0.6858
2024-04-22 21:46:48,200 - root - INFO - Epoch: 16 | LR: 0.0006 | Loss 0.7800 | Val MaF1: 0.7927 (Best: 0.7927) | Test MaF1: 0.7846 (Best: 0.7846) | MiF1: 0.8026 (Best: 0.8026)
2024-04-22 21:46:48,908 - root - INFO - ARI: 0.7328 | NMI: 0.6912
2024-04-22 21:46:48,909 - root - INFO - Epoch: 17 | LR: 0.0006 | Loss 0.7564 | Val MaF1: 0.8841 (Best: 0.8841) | Test MaF1: 0.8900 (Best: 0.8900) | MiF1: 0.8917 (Best: 0.8917)
2024-04-22 21:46:49,603 - root - INFO - ARI: 0.7411 | NMI: 0.7051
2024-04-22 21:46:49,603 - root - INFO - Epoch: 18 | LR: 0.0007 | Loss 0.7271 | Val MaF1: 0.9364 (Best: 0.9364) | Test MaF1: 0.9204 (Best: 0.9204) | MiF1: 0.9205 (Best: 0.9205)
2024-04-22 21:46:50,020 - root - INFO - Epoch: 19 | LR: 0.0007 | Loss 0.6862 | Val MaF1: 0.9239 (Best: 0.9364) | Test MaF1: 0.9074 (Best: 0.9204) | MiF1: 0.9070 (Best: 0.9205)
2024-04-22 21:46:50,403 - root - INFO - Epoch: 20 | LR: 0.0008 | Loss 0.6697 | Val MaF1: 0.9342 (Best: 0.9364) | Test MaF1: 0.9159 (Best: 0.9204) | MiF1: 0.9155 (Best: 0.9205)
2024-04-22 21:46:51,062 - root - INFO - ARI: 0.7508 | NMI: 0.7100
2024-04-22 21:46:51,063 - root - INFO - Epoch: 21 | LR: 0.0008 | Loss 0.6416 | Val MaF1: 0.9315 (Best: 0.9315) | Test MaF1: 0.9261 (Best: 0.9261) | MiF1: 0.9268 (Best: 0.9268)
2024-04-22 21:46:51,767 - root - INFO - ARI: 0.7719 | NMI: 0.7265
2024-04-22 21:46:51,767 - root - INFO - Epoch: 22 | LR: 0.0009 | Loss 0.6151 | Val MaF1: 0.9465 (Best: 0.9465) | Test MaF1: 0.9286 (Best: 0.9286) | MiF1: 0.9286 (Best: 0.9286)
2024-04-22 21:46:52,211 - root - INFO - Epoch: 23 | LR: 0.0009 | Loss 0.5957 | Val MaF1: 0.9422 (Best: 0.9465) | Test MaF1: 0.9209 (Best: 0.9286) | MiF1: 0.9201 (Best: 0.9286)
2024-04-22 21:46:52,610 - root - INFO - Epoch: 24 | LR: 0.0009 | Loss 0.5815 | Val MaF1: 0.9352 (Best: 0.9465) | Test MaF1: 0.9199 (Best: 0.9286) | MiF1: 0.9190 (Best: 0.9286)
2024-04-22 21:46:52,993 - root - INFO - Epoch: 25 | LR: 0.0010 | Loss 0.5758 | Val MaF1: 0.9330 (Best: 0.9465) | Test MaF1: 0.9210 (Best: 0.9286) | MiF1: 0.9201 (Best: 0.9286)
2024-04-22 21:46:53,425 - root - INFO - Epoch: 26 | LR: 0.0010 | Loss 0.5684 | Val MaF1: 0.9255 (Best: 0.9465) | Test MaF1: 0.9180 (Best: 0.9286) | MiF1: 0.9173 (Best: 0.9286)
2024-04-22 21:46:53,811 - root - INFO - Epoch: 27 | LR: 0.0010 | Loss 0.5622 | Val MaF1: 0.9233 (Best: 0.9465) | Test MaF1: 0.9174 (Best: 0.9286) | MiF1: 0.9165 (Best: 0.9286)
2024-04-22 21:46:54,192 - root - INFO - Epoch: 28 | LR: 0.0010 | Loss 0.5560 | Val MaF1: 0.9255 (Best: 0.9465) | Test MaF1: 0.9171 (Best: 0.9286) | MiF1: 0.9165 (Best: 0.9286)
2024-04-22 21:46:54,581 - root - INFO - Epoch: 29 | LR: 0.0010 | Loss 0.5498 | Val MaF1: 0.9227 (Best: 0.9465) | Test MaF1: 0.9185 (Best: 0.9286) | MiF1: 0.9180 (Best: 0.9286)
2024-04-22 21:46:54,963 - root - INFO - Epoch: 30 | LR: 0.0010 | Loss 0.5446 | Val MaF1: 0.9203 (Best: 0.9465) | Test MaF1: 0.9191 (Best: 0.9286) | MiF1: 0.9190 (Best: 0.9286)
2024-04-22 21:46:55,348 - root - INFO - Epoch: 31 | LR: 0.0010 | Loss 0.5394 | Val MaF1: 0.9203 (Best: 0.9465) | Test MaF1: 0.9200 (Best: 0.9286) | MiF1: 0.9197 (Best: 0.9286)
2024-04-22 21:46:55,732 - root - INFO - Epoch: 32 | LR: 0.0010 | Loss 0.5342 | Val MaF1: 0.9180 (Best: 0.9465) | Test MaF1: 0.9194 (Best: 0.9286) | MiF1: 0.9190 (Best: 0.9286)
2024-04-22 21:46:56,116 - root - INFO - Epoch: 33 | LR: 0.0010 | Loss 0.5288 | Val MaF1: 0.9135 (Best: 0.9465) | Test MaF1: 0.9182 (Best: 0.9286) | MiF1: 0.9176 (Best: 0.9286)
2024-04-22 21:46:56,497 - root - INFO - Epoch: 34 | LR: 0.0010 | Loss 0.5242 | Val MaF1: 0.9139 (Best: 0.9465) | Test MaF1: 0.9168 (Best: 0.9286) | MiF1: 0.9158 (Best: 0.9286)
2024-04-22 21:46:56,894 - root - INFO - Epoch: 35 | LR: 0.0010 | Loss 0.5206 | Val MaF1: 0.9140 (Best: 0.9465) | Test MaF1: 0.9180 (Best: 0.9286) | MiF1: 0.9169 (Best: 0.9286)
2024-04-22 21:46:57,279 - root - INFO - Epoch: 36 | LR: 0.0010 | Loss 0.5160 | Val MaF1: 0.9230 (Best: 0.9465) | Test MaF1: 0.9184 (Best: 0.9286) | MiF1: 0.9176 (Best: 0.9286)
2024-04-22 21:46:57,660 - root - INFO - Epoch: 37 | LR: 0.0010 | Loss 0.5118 | Val MaF1: 0.9227 (Best: 0.9465) | Test MaF1: 0.9197 (Best: 0.9286) | MiF1: 0.9194 (Best: 0.9286)
2024-04-22 21:46:58,044 - root - INFO - Epoch: 38 | LR: 0.0010 | Loss 0.5080 | Val MaF1: 0.9221 (Best: 0.9465) | Test MaF1: 0.9178 (Best: 0.9286) | MiF1: 0.9180 (Best: 0.9286)
2024-04-22 21:46:58,426 - root - INFO - Epoch: 39 | LR: 0.0010 | Loss 0.5058 | Val MaF1: 0.9224 (Best: 0.9465) | Test MaF1: 0.9184 (Best: 0.9286) | MiF1: 0.9187 (Best: 0.9286)
2024-04-22 21:46:58,811 - root - INFO - Epoch: 40 | LR: 0.0009 | Loss 0.5003 | Val MaF1: 0.9196 (Best: 0.9465) | Test MaF1: 0.9192 (Best: 0.9286) | MiF1: 0.9194 (Best: 0.9286)
2024-04-22 21:46:59,190 - root - INFO - Epoch: 41 | LR: 0.0009 | Loss 0.4971 | Val MaF1: 0.9171 (Best: 0.9465) | Test MaF1: 0.9196 (Best: 0.9286) | MiF1: 0.9201 (Best: 0.9286)
2024-04-22 21:46:59,574 - root - INFO - Epoch: 42 | LR: 0.0009 | Loss 0.4921 | Val MaF1: 0.9120 (Best: 0.9465) | Test MaF1: 0.9178 (Best: 0.9286) | MiF1: 0.9183 (Best: 0.9286)
2024-04-22 21:46:59,956 - root - INFO - Epoch: 43 | LR: 0.0009 | Loss 0.4902 | Val MaF1: 0.9117 (Best: 0.9465) | Test MaF1: 0.9153 (Best: 0.9286) | MiF1: 0.9165 (Best: 0.9286)
2024-04-22 21:47:00,355 - root - INFO - Epoch: 44 | LR: 0.0009 | Loss 0.4880 | Val MaF1: 0.9145 (Best: 0.9465) | Test MaF1: 0.9151 (Best: 0.9286) | MiF1: 0.9162 (Best: 0.9286)
2024-04-22 21:47:00,744 - root - INFO - Epoch: 45 | LR: 0.0009 | Loss 0.4850 | Val MaF1: 0.9145 (Best: 0.9465) | Test MaF1: 0.9176 (Best: 0.9286) | MiF1: 0.9183 (Best: 0.9286)
2024-04-22 21:47:01,127 - root - INFO - Epoch: 46 | LR: 0.0009 | Loss 0.4813 | Val MaF1: 0.9171 (Best: 0.9465) | Test MaF1: 0.9152 (Best: 0.9286) | MiF1: 0.9162 (Best: 0.9286)
2024-04-22 21:47:01,508 - root - INFO - Epoch: 47 | LR: 0.0008 | Loss 0.4782 | Val MaF1: 0.9148 (Best: 0.9465) | Test MaF1: 0.9171 (Best: 0.9286) | MiF1: 0.9180 (Best: 0.9286)
2024-04-22 21:47:01,892 - root - INFO - Epoch: 48 | LR: 0.0008 | Loss 0.4775 | Val MaF1: 0.9148 (Best: 0.9465) | Test MaF1: 0.9159 (Best: 0.9286) | MiF1: 0.9165 (Best: 0.9286)
2024-04-22 21:47:02,280 - root - INFO - Epoch: 49 | LR: 0.0008 | Loss 0.4741 | Val MaF1: 0.9199 (Best: 0.9465) | Test MaF1: 0.9172 (Best: 0.9286) | MiF1: 0.9176 (Best: 0.9286)
2024-04-22 21:47:02,660 - root - INFO - Epoch: 50 | LR: 0.0008 | Loss 0.4714 | Val MaF1: 0.9120 (Best: 0.9465) | Test MaF1: 0.9184 (Best: 0.9286) | MiF1: 0.9194 (Best: 0.9286)
2024-04-22 21:47:03,045 - root - INFO - Epoch: 51 | LR: 0.0008 | Loss 0.4698 | Val MaF1: 0.9168 (Best: 0.9465) | Test MaF1: 0.9196 (Best: 0.9286) | MiF1: 0.9205 (Best: 0.9286)
2024-04-22 21:47:03,426 - root - INFO - Epoch: 52 | LR: 0.0008 | Loss 0.4669 | Val MaF1: 0.9222 (Best: 0.9465) | Test MaF1: 0.9201 (Best: 0.9286) | MiF1: 0.9205 (Best: 0.9286)
2024-04-22 21:47:03,809 - root - INFO - Epoch: 53 | LR: 0.0007 | Loss 0.4666 | Val MaF1: 0.9222 (Best: 0.9465) | Test MaF1: 0.9201 (Best: 0.9286) | MiF1: 0.9205 (Best: 0.9286)
2024-04-22 21:47:04,193 - root - INFO - Epoch: 54 | LR: 0.0007 | Loss 0.4646 | Val MaF1: 0.9245 (Best: 0.9465) | Test MaF1: 0.9204 (Best: 0.9286) | MiF1: 0.9208 (Best: 0.9286)
2024-04-22 21:47:04,580 - root - INFO - Epoch: 55 | LR: 0.0007 | Loss 0.4623 | Val MaF1: 0.9245 (Best: 0.9465) | Test MaF1: 0.9211 (Best: 0.9286) | MiF1: 0.9219 (Best: 0.9286)
2024-04-22 21:47:04,977 - root - INFO - Epoch: 56 | LR: 0.0007 | Loss 0.4603 | Val MaF1: 0.9191 (Best: 0.9465) | Test MaF1: 0.9185 (Best: 0.9286) | MiF1: 0.9197 (Best: 0.9286)
2024-04-22 21:47:05,360 - root - INFO - Epoch: 57 | LR: 0.0007 | Loss 0.4586 | Val MaF1: 0.9139 (Best: 0.9465) | Test MaF1: 0.9165 (Best: 0.9286) | MiF1: 0.9180 (Best: 0.9286)
2024-04-22 21:47:05,744 - root - INFO - Epoch: 58 | LR: 0.0006 | Loss 0.4597 | Val MaF1: 0.9165 (Best: 0.9465) | Test MaF1: 0.9213 (Best: 0.9286) | MiF1: 0.9215 (Best: 0.9286)
2024-04-22 21:47:06,193 - root - INFO - Epoch: 59 | LR: 0.0006 | Loss 0.4560 | Val MaF1: 0.9245 (Best: 0.9465) | Test MaF1: 0.9208 (Best: 0.9286) | MiF1: 0.9212 (Best: 0.9286)
2024-04-22 21:47:06,578 - root - INFO - Epoch: 60 | LR: 0.0006 | Loss 0.4546 | Val MaF1: 0.9238 (Best: 0.9465) | Test MaF1: 0.9203 (Best: 0.9286) | MiF1: 0.9208 (Best: 0.9286)
2024-04-22 21:47:06,956 - root - INFO - Epoch: 61 | LR: 0.0006 | Loss 0.4562 | Val MaF1: 0.9270 (Best: 0.9465) | Test MaF1: 0.9197 (Best: 0.9286) | MiF1: 0.9201 (Best: 0.9286)
2024-04-22 21:47:07,339 - root - INFO - Epoch: 62 | LR: 0.0005 | Loss 0.4528 | Val MaF1: 0.9162 (Best: 0.9465) | Test MaF1: 0.9206 (Best: 0.9286) | MiF1: 0.9208 (Best: 0.9286)
2024-04-22 21:47:07,724 - root - INFO - Epoch: 63 | LR: 0.0005 | Loss 0.4513 | Val MaF1: 0.9185 (Best: 0.9465) | Test MaF1: 0.9186 (Best: 0.9286) | MiF1: 0.9190 (Best: 0.9286)
2024-04-22 21:47:08,109 - root - INFO - Epoch: 64 | LR: 0.0005 | Loss 0.4508 | Val MaF1: 0.9216 (Best: 0.9465) | Test MaF1: 0.9172 (Best: 0.9286) | MiF1: 0.9183 (Best: 0.9286)
2024-04-22 21:47:08,495 - root - INFO - Epoch: 65 | LR: 0.0005 | Loss 0.4502 | Val MaF1: 0.9165 (Best: 0.9465) | Test MaF1: 0.9168 (Best: 0.9286) | MiF1: 0.9180 (Best: 0.9286)
2024-04-22 21:47:08,879 - root - INFO - Epoch: 66 | LR: 0.0005 | Loss 0.4486 | Val MaF1: 0.9165 (Best: 0.9465) | Test MaF1: 0.9170 (Best: 0.9286) | MiF1: 0.9183 (Best: 0.9286)
2024-04-22 21:47:09,277 - root - INFO - Epoch: 67 | LR: 0.0004 | Loss 0.4472 | Val MaF1: 0.9139 (Best: 0.9465) | Test MaF1: 0.9173 (Best: 0.9286) | MiF1: 0.9183 (Best: 0.9286)
2024-04-22 21:47:09,660 - root - INFO - Epoch: 68 | LR: 0.0004 | Loss 0.4462 | Val MaF1: 0.9191 (Best: 0.9465) | Test MaF1: 0.9185 (Best: 0.9286) | MiF1: 0.9194 (Best: 0.9286)
2024-04-22 21:47:10,041 - root - INFO - Epoch: 69 | LR: 0.0004 | Loss 0.4457 | Val MaF1: 0.9258 (Best: 0.9465) | Test MaF1: 0.9191 (Best: 0.9286) | MiF1: 0.9197 (Best: 0.9286)
2024-04-22 21:47:10,425 - root - INFO - Epoch: 70 | LR: 0.0004 | Loss 0.4456 | Val MaF1: 0.9261 (Best: 0.9465) | Test MaF1: 0.9205 (Best: 0.9286) | MiF1: 0.9212 (Best: 0.9286)
2024-04-22 21:47:10,811 - root - INFO - Epoch: 71 | LR: 0.0003 | Loss 0.4441 | Val MaF1: 0.9286 (Best: 0.9465) | Test MaF1: 0.9202 (Best: 0.9286) | MiF1: 0.9208 (Best: 0.9286)
2024-04-22 21:47:11,199 - root - INFO - Epoch: 72 | LR: 0.0003 | Loss 0.4436 | Val MaF1: 0.9261 (Best: 0.9465) | Test MaF1: 0.9202 (Best: 0.9286) | MiF1: 0.9208 (Best: 0.9286)
2024-04-22 21:47:11,583 - root - INFO - Epoch: 73 | LR: 0.0003 | Loss 0.4445 | Val MaF1: 0.9204 (Best: 0.9465) | Test MaF1: 0.9199 (Best: 0.9286) | MiF1: 0.9205 (Best: 0.9286)
2024-04-22 21:47:11,967 - root - INFO - Epoch: 74 | LR: 0.0003 | Loss 0.4426 | Val MaF1: 0.9201 (Best: 0.9465) | Test MaF1: 0.9201 (Best: 0.9286) | MiF1: 0.9208 (Best: 0.9286)
2024-04-22 21:47:12,352 - root - INFO - Epoch: 75 | LR: 0.0003 | Loss 0.4425 | Val MaF1: 0.9201 (Best: 0.9465) | Test MaF1: 0.9213 (Best: 0.9286) | MiF1: 0.9222 (Best: 0.9286)
2024-04-22 21:47:12,735 - root - INFO - Epoch: 76 | LR: 0.0002 | Loss 0.4419 | Val MaF1: 0.9130 (Best: 0.9465) | Test MaF1: 0.9223 (Best: 0.9286) | MiF1: 0.9233 (Best: 0.9286)
2024-04-22 21:47:13,134 - root - INFO - Epoch: 77 | LR: 0.0002 | Loss 0.4418 | Val MaF1: 0.9078 (Best: 0.9465) | Test MaF1: 0.9218 (Best: 0.9286) | MiF1: 0.9229 (Best: 0.9286)
2024-04-22 21:47:13,514 - root - INFO - Epoch: 78 | LR: 0.0002 | Loss 0.4410 | Val MaF1: 0.9052 (Best: 0.9465) | Test MaF1: 0.9217 (Best: 0.9286) | MiF1: 0.9229 (Best: 0.9286)
2024-04-22 21:47:13,945 - root - INFO - Epoch: 79 | LR: 0.0002 | Loss 0.4419 | Val MaF1: 0.9025 (Best: 0.9465) | Test MaF1: 0.9208 (Best: 0.9286) | MiF1: 0.9222 (Best: 0.9286)
2024-04-22 21:47:14,328 - root - INFO - Epoch: 80 | LR: 0.0002 | Loss 0.4406 | Val MaF1: 0.9025 (Best: 0.9465) | Test MaF1: 0.9209 (Best: 0.9286) | MiF1: 0.9222 (Best: 0.9286)
2024-04-22 21:47:14,713 - root - INFO - Epoch: 81 | LR: 0.0002 | Loss 0.4405 | Val MaF1: 0.9052 (Best: 0.9465) | Test MaF1: 0.9215 (Best: 0.9286) | MiF1: 0.9226 (Best: 0.9286)
2024-04-22 21:47:15,096 - root - INFO - Epoch: 82 | LR: 0.0001 | Loss 0.4399 | Val MaF1: 0.9078 (Best: 0.9465) | Test MaF1: 0.9212 (Best: 0.9286) | MiF1: 0.9222 (Best: 0.9286)
2024-04-22 21:47:15,480 - root - INFO - Epoch: 83 | LR: 0.0001 | Loss 0.4406 | Val MaF1: 0.9046 (Best: 0.9465) | Test MaF1: 0.9219 (Best: 0.9286) | MiF1: 0.9229 (Best: 0.9286)
2024-04-22 21:47:15,863 - root - INFO - Epoch: 84 | LR: 0.0001 | Loss 0.4397 | Val MaF1: 0.9108 (Best: 0.9465) | Test MaF1: 0.9218 (Best: 0.9286) | MiF1: 0.9229 (Best: 0.9286)
2024-04-22 21:47:16,247 - root - INFO - Epoch: 85 | LR: 0.0001 | Loss 0.4394 | Val MaF1: 0.9108 (Best: 0.9465) | Test MaF1: 0.9225 (Best: 0.9286) | MiF1: 0.9237 (Best: 0.9286)
2024-04-22 21:47:16,636 - root - INFO - Epoch: 86 | LR: 0.0001 | Loss 0.4397 | Val MaF1: 0.9108 (Best: 0.9465) | Test MaF1: 0.9236 (Best: 0.9286) | MiF1: 0.9247 (Best: 0.9286)
2024-04-22 21:47:17,016 - root - INFO - Epoch: 87 | LR: 0.0001 | Loss 0.4393 | Val MaF1: 0.9159 (Best: 0.9465) | Test MaF1: 0.9233 (Best: 0.9286) | MiF1: 0.9244 (Best: 0.9286)
2024-04-22 21:47:17,398 - root - INFO - Epoch: 88 | LR: 0.0001 | Loss 0.4393 | Val MaF1: 0.9242 (Best: 0.9465) | Test MaF1: 0.9220 (Best: 0.9286) | MiF1: 0.9229 (Best: 0.9286)
2024-04-22 21:47:17,784 - root - INFO - Epoch: 89 | LR: 0.0000 | Loss 0.4389 | Val MaF1: 0.9242 (Best: 0.9465) | Test MaF1: 0.9220 (Best: 0.9286) | MiF1: 0.9229 (Best: 0.9286)
2024-04-22 21:47:18,172 - root - INFO - Epoch: 90 | LR: 0.0000 | Loss 0.4386 | Val MaF1: 0.9242 (Best: 0.9465) | Test MaF1: 0.9216 (Best: 0.9286) | MiF1: 0.9226 (Best: 0.9286)
2024-04-22 21:47:18,558 - root - INFO - Epoch: 91 | LR: 0.0000 | Loss 0.4393 | Val MaF1: 0.9265 (Best: 0.9465) | Test MaF1: 0.9216 (Best: 0.9286) | MiF1: 0.9226 (Best: 0.9286)
2024-04-22 21:47:18,944 - root - INFO - Epoch: 92 | LR: 0.0000 | Loss 0.4387 | Val MaF1: 0.9265 (Best: 0.9465) | Test MaF1: 0.9216 (Best: 0.9286) | MiF1: 0.9226 (Best: 0.9286)
2024-04-22 21:47:19,330 - root - INFO - Epoch: 93 | LR: 0.0000 | Loss 0.4390 | Val MaF1: 0.9265 (Best: 0.9465) | Test MaF1: 0.9212 (Best: 0.9286) | MiF1: 0.9222 (Best: 0.9286)
2024-04-22 21:47:19,714 - root - INFO - Epoch: 94 | LR: 0.0000 | Loss 0.4394 | Val MaF1: 0.9265 (Best: 0.9465) | Test MaF1: 0.9212 (Best: 0.9286) | MiF1: 0.9222 (Best: 0.9286)
2024-04-22 21:47:20,098 - root - INFO - Epoch: 95 | LR: 0.0000 | Loss 0.4388 | Val MaF1: 0.9265 (Best: 0.9465) | Test MaF1: 0.9212 (Best: 0.9286) | MiF1: 0.9222 (Best: 0.9286)
2024-04-22 21:47:20,483 - root - INFO - Epoch: 96 | LR: 0.0000 | Loss 0.4392 | Val MaF1: 0.9265 (Best: 0.9465) | Test MaF1: 0.9212 (Best: 0.9286) | MiF1: 0.9222 (Best: 0.9286)
2024-04-22 21:47:20,869 - root - INFO - Epoch: 97 | LR: 0.0000 | Loss 0.4387 | Val MaF1: 0.9265 (Best: 0.9465) | Test MaF1: 0.9212 (Best: 0.9286) | MiF1: 0.9222 (Best: 0.9286)
2024-04-22 21:47:21,253 - root - INFO - Epoch: 98 | LR: 0.0000 | Loss 0.4386 | Val MaF1: 0.9265 (Best: 0.9465) | Test MaF1: 0.9212 (Best: 0.9286) | MiF1: 0.9222 (Best: 0.9286)
2024-04-22 21:47:21,639 - root - INFO - Epoch: 99 | LR: 0.0000 | Loss 0.4387 | Val MaF1: 0.9265 (Best: 0.9465) | Test MaF1: 0.9212 (Best: 0.9286) | MiF1: 0.9222 (Best: 0.9286)
2024-04-22 21:47:22,024 - root - INFO - Epoch: 100 | LR: 0.0000 | Loss 0.4388 | Val MaF1: 0.9265 (Best: 0.9465) | Test MaF1: 0.9212 (Best: 0.9286) | MiF1: 0.9222 (Best: 0.9286)
2024-04-22 21:47:22,024 - root - INFO - Best Epoch: 22 | Train MiF1: 0.9567,  MaF1: 0.9564 | Val MiF1: 0.9451, MaF1: 0.9465 | Test MaF1: 0.9286, MiF1: 0.9286
2024-04-22 21:47:22,224 - root - INFO - ARI: 0.7719 | NMI: 0.7265
