2024-04-22 20:38:42,304 - root - INFO - {'prefix': 'SR-HGN', 'gpu': 0, 'feat': 1, 'seed': 0, 'verbose': 1, 'train_split': 0.2, 'val_split': 0.3, 'num_type_heads': 4, 'num_node_heads': 4, 'hidden_dim': 256, 'clip': 1.0, 'num_layers': 3, 'alpha': 0.5, 'epochs': 100, 'dataset': 'acm', 'input_dim': 256, 'aggregate': 'concat', 'iscuda': True, 'cluster': True, 'max_lr': 0.001, 'weight_decay': 1e-05, 'heads': 1, 'han_heads': [4], 'hh_heads': 3, 'dropout': 0.2}
2024-04-22 20:38:44,959 - root - INFO - Training SR-HGN with #param: 17786812
2024-04-22 20:38:46,791 - root - INFO - ARI: 0.1067 | NMI: 0.1267
2024-04-22 20:38:46,791 - root - INFO - Epoch: 1 | LR: 0.0000 | Loss 1.0947 | Val MaF1: 0.2211 (Best: 0.2211) | Test MaF1: 0.2208 (Best: 0.2208) | MiF1: 0.4950 (Best: 0.4950)
2024-04-22 20:38:47,416 - root - INFO - ARI: 0.2872 | NMI: 0.3021
2024-04-22 20:38:47,417 - root - INFO - Epoch: 2 | LR: 0.0001 | Loss 1.0528 | Val MaF1: 0.2211 (Best: 0.2211) | Test MaF1: 0.2208 (Best: 0.2208) | MiF1: 0.4950 (Best: 0.4950)
2024-04-22 20:38:47,963 - root - INFO - ARI: 0.4149 | NMI: 0.4305
2024-04-22 20:38:47,964 - root - INFO - Epoch: 3 | LR: 0.0001 | Loss 1.0256 | Val MaF1: 0.2211 (Best: 0.2211) | Test MaF1: 0.2208 (Best: 0.2208) | MiF1: 0.4950 (Best: 0.4950)
2024-04-22 20:38:48,470 - root - INFO - ARI: 0.5428 | NMI: 0.5337
2024-04-22 20:38:48,470 - root - INFO - Epoch: 4 | LR: 0.0001 | Loss 1.0075 | Val MaF1: 0.2211 (Best: 0.2211) | Test MaF1: 0.2208 (Best: 0.2208) | MiF1: 0.4950 (Best: 0.4950)
2024-04-22 20:38:48,963 - root - INFO - ARI: 0.6044 | NMI: 0.5858
2024-04-22 20:38:48,963 - root - INFO - Epoch: 5 | LR: 0.0001 | Loss 0.9942 | Val MaF1: 0.2211 (Best: 0.2211) | Test MaF1: 0.2208 (Best: 0.2208) | MiF1: 0.4950 (Best: 0.4950)
2024-04-22 20:38:49,473 - root - INFO - ARI: 0.6480 | NMI: 0.6224
2024-04-22 20:38:49,473 - root - INFO - Epoch: 6 | LR: 0.0001 | Loss 0.9776 | Val MaF1: 0.2211 (Best: 0.2211) | Test MaF1: 0.2208 (Best: 0.2208) | MiF1: 0.4950 (Best: 0.4950)
2024-04-22 20:38:49,969 - root - INFO - ARI: 0.6605 | NMI: 0.6361
2024-04-22 20:38:49,969 - root - INFO - Epoch: 7 | LR: 0.0002 | Loss 0.9502 | Val MaF1: 0.2211 (Best: 0.2211) | Test MaF1: 0.2208 (Best: 0.2208) | MiF1: 0.4950 (Best: 0.4950)
2024-04-22 20:38:50,455 - root - INFO - ARI: 0.6733 | NMI: 0.6541
2024-04-22 20:38:50,455 - root - INFO - Epoch: 8 | LR: 0.0002 | Loss 0.9064 | Val MaF1: 0.2353 (Best: 0.2353) | Test MaF1: 0.2208 (Best: 0.2208) | MiF1: 0.4950 (Best: 0.4950)
2024-04-22 20:38:50,955 - root - INFO - ARI: 0.6848 | NMI: 0.6656
2024-04-22 20:38:50,955 - root - INFO - Epoch: 9 | LR: 0.0003 | Loss 0.8496 | Val MaF1: 0.6584 (Best: 0.6584) | Test MaF1: 0.6719 (Best: 0.6719) | MiF1: 0.7401 (Best: 0.7401)
2024-04-22 20:38:51,454 - root - INFO - ARI: 0.6970 | NMI: 0.6746
2024-04-22 20:38:51,454 - root - INFO - Epoch: 10 | LR: 0.0003 | Loss 0.7934 | Val MaF1: 0.8865 (Best: 0.8865) | Test MaF1: 0.9096 (Best: 0.9096) | MiF1: 0.9109 (Best: 0.9109)
2024-04-22 20:38:51,970 - root - INFO - ARI: 0.7233 | NMI: 0.6913
2024-04-22 20:38:51,970 - root - INFO - Epoch: 11 | LR: 0.0003 | Loss 0.7349 | Val MaF1: 0.9009 (Best: 0.9009) | Test MaF1: 0.9267 (Best: 0.9267) | MiF1: 0.9257 (Best: 0.9257)
2024-04-22 20:38:52,270 - root - INFO - Epoch: 12 | LR: 0.0004 | Loss 0.6603 | Val MaF1: 0.8973 (Best: 0.9009) | Test MaF1: 0.9186 (Best: 0.9267) | MiF1: 0.9183 (Best: 0.9257)
2024-04-22 20:38:52,531 - root - INFO - Epoch: 13 | LR: 0.0004 | Loss 0.5736 | Val MaF1: 0.8862 (Best: 0.9009) | Test MaF1: 0.8857 (Best: 0.9267) | MiF1: 0.8886 (Best: 0.9257)
2024-04-22 20:38:52,795 - root - INFO - Epoch: 14 | LR: 0.0005 | Loss 0.5228 | Val MaF1: 0.8884 (Best: 0.9009) | Test MaF1: 0.9051 (Best: 0.9267) | MiF1: 0.9059 (Best: 0.9257)
2024-04-22 20:38:53,054 - root - INFO - Epoch: 15 | LR: 0.0005 | Loss 0.4760 | Val MaF1: 0.9060 (Best: 0.9009) | Test MaF1: 0.9115 (Best: 0.9267) | MiF1: 0.9109 (Best: 0.9257)
2024-04-22 20:38:53,316 - root - INFO - Epoch: 16 | LR: 0.0006 | Loss 0.4368 | Val MaF1: 0.8996 (Best: 0.9009) | Test MaF1: 0.9068 (Best: 0.9267) | MiF1: 0.9084 (Best: 0.9257)
2024-04-22 20:38:53,575 - root - INFO - Epoch: 17 | LR: 0.0006 | Loss 0.4074 | Val MaF1: 0.8993 (Best: 0.9009) | Test MaF1: 0.9114 (Best: 0.9267) | MiF1: 0.9134 (Best: 0.9257)
2024-04-22 20:38:53,838 - root - INFO - Epoch: 18 | LR: 0.0007 | Loss 0.3908 | Val MaF1: 0.8993 (Best: 0.9009) | Test MaF1: 0.9100 (Best: 0.9267) | MiF1: 0.9109 (Best: 0.9257)
2024-04-22 20:38:54,096 - root - INFO - Epoch: 19 | LR: 0.0007 | Loss 0.3804 | Val MaF1: 0.9021 (Best: 0.9009) | Test MaF1: 0.9129 (Best: 0.9267) | MiF1: 0.9134 (Best: 0.9257)
2024-04-22 20:38:54,359 - root - INFO - Epoch: 20 | LR: 0.0008 | Loss 0.3705 | Val MaF1: 0.9071 (Best: 0.9009) | Test MaF1: 0.9145 (Best: 0.9267) | MiF1: 0.9158 (Best: 0.9257)
2024-04-22 20:38:54,619 - root - INFO - Epoch: 21 | LR: 0.0008 | Loss 0.3646 | Val MaF1: 0.9069 (Best: 0.9009) | Test MaF1: 0.9177 (Best: 0.9267) | MiF1: 0.9183 (Best: 0.9257)
2024-04-22 20:38:54,880 - root - INFO - Epoch: 22 | LR: 0.0009 | Loss 0.3571 | Val MaF1: 0.9130 (Best: 0.9009) | Test MaF1: 0.9123 (Best: 0.9267) | MiF1: 0.9134 (Best: 0.9257)
2024-04-22 20:38:55,141 - root - INFO - Epoch: 23 | LR: 0.0009 | Loss 0.3521 | Val MaF1: 0.9130 (Best: 0.9009) | Test MaF1: 0.9123 (Best: 0.9267) | MiF1: 0.9134 (Best: 0.9257)
2024-04-22 20:38:55,402 - root - INFO - Epoch: 24 | LR: 0.0009 | Loss 0.3494 | Val MaF1: 0.9156 (Best: 0.9009) | Test MaF1: 0.9200 (Best: 0.9267) | MiF1: 0.9208 (Best: 0.9257)
2024-04-22 20:38:55,665 - root - INFO - Epoch: 25 | LR: 0.0010 | Loss 0.3404 | Val MaF1: 0.9088 (Best: 0.9009) | Test MaF1: 0.9177 (Best: 0.9267) | MiF1: 0.9183 (Best: 0.9257)
2024-04-22 20:38:55,925 - root - INFO - Epoch: 26 | LR: 0.0010 | Loss 0.3379 | Val MaF1: 0.9156 (Best: 0.9009) | Test MaF1: 0.9129 (Best: 0.9267) | MiF1: 0.9134 (Best: 0.9257)
2024-04-22 20:38:56,188 - root - INFO - Epoch: 27 | LR: 0.0010 | Loss 0.3371 | Val MaF1: 0.9177 (Best: 0.9009) | Test MaF1: 0.9174 (Best: 0.9267) | MiF1: 0.9183 (Best: 0.9257)
2024-04-22 20:38:56,449 - root - INFO - Epoch: 28 | LR: 0.0010 | Loss 0.3330 | Val MaF1: 0.9155 (Best: 0.9009) | Test MaF1: 0.9126 (Best: 0.9267) | MiF1: 0.9134 (Best: 0.9257)
2024-04-22 20:38:56,713 - root - INFO - Epoch: 29 | LR: 0.0010 | Loss 0.3288 | Val MaF1: 0.9131 (Best: 0.9009) | Test MaF1: 0.9126 (Best: 0.9267) | MiF1: 0.9134 (Best: 0.9257)
2024-04-22 20:38:56,972 - root - INFO - Epoch: 30 | LR: 0.0010 | Loss 0.3269 | Val MaF1: 0.9053 (Best: 0.9009) | Test MaF1: 0.9126 (Best: 0.9267) | MiF1: 0.9134 (Best: 0.9257)
2024-04-22 20:38:57,234 - root - INFO - Epoch: 31 | LR: 0.0010 | Loss 0.3237 | Val MaF1: 0.9119 (Best: 0.9009) | Test MaF1: 0.9148 (Best: 0.9267) | MiF1: 0.9158 (Best: 0.9257)
2024-04-22 20:38:57,493 - root - INFO - Epoch: 32 | LR: 0.0010 | Loss 0.3203 | Val MaF1: 0.9149 (Best: 0.9009) | Test MaF1: 0.9148 (Best: 0.9267) | MiF1: 0.9158 (Best: 0.9257)
2024-04-22 20:38:57,756 - root - INFO - Epoch: 33 | LR: 0.0010 | Loss 0.3178 | Val MaF1: 0.9174 (Best: 0.9009) | Test MaF1: 0.9174 (Best: 0.9267) | MiF1: 0.9183 (Best: 0.9257)
2024-04-22 20:38:58,014 - root - INFO - Epoch: 34 | LR: 0.0010 | Loss 0.3160 | Val MaF1: 0.9224 (Best: 0.9009) | Test MaF1: 0.9234 (Best: 0.9267) | MiF1: 0.9233 (Best: 0.9257)
2024-04-22 20:38:58,277 - root - INFO - Epoch: 35 | LR: 0.0010 | Loss 0.3158 | Val MaF1: 0.9224 (Best: 0.9009) | Test MaF1: 0.9260 (Best: 0.9267) | MiF1: 0.9257 (Best: 0.9257)
2024-04-22 20:38:58,537 - root - INFO - Epoch: 36 | LR: 0.0010 | Loss 0.3108 | Val MaF1: 0.9267 (Best: 0.9009) | Test MaF1: 0.9254 (Best: 0.9267) | MiF1: 0.9257 (Best: 0.9257)
2024-04-22 20:38:59,011 - root - INFO - ARI: 0.8384 | NMI: 0.8046
2024-04-22 20:38:59,012 - root - INFO - Epoch: 37 | LR: 0.0010 | Loss 0.3102 | Val MaF1: 0.9251 (Best: 0.9251) | Test MaF1: 0.9313 (Best: 0.9313) | MiF1: 0.9307 (Best: 0.9307)
2024-04-22 20:38:59,287 - root - INFO - Epoch: 38 | LR: 0.0010 | Loss 0.3108 | Val MaF1: 0.9230 (Best: 0.9251) | Test MaF1: 0.9196 (Best: 0.9313) | MiF1: 0.9208 (Best: 0.9307)
2024-04-22 20:38:59,784 - root - INFO - ARI: 0.8503 | NMI: 0.8158
2024-04-22 20:38:59,784 - root - INFO - Epoch: 39 | LR: 0.0010 | Loss 0.3095 | Val MaF1: 0.9300 (Best: 0.9300) | Test MaF1: 0.9333 (Best: 0.9333) | MiF1: 0.9332 (Best: 0.9332)
2024-04-22 20:39:00,282 - root - INFO - ARI: 0.8503 | NMI: 0.8180
2024-04-22 20:39:00,282 - root - INFO - Epoch: 40 | LR: 0.0009 | Loss 0.3036 | Val MaF1: 0.9335 (Best: 0.9335) | Test MaF1: 0.9363 (Best: 0.9363) | MiF1: 0.9356 (Best: 0.9356)
2024-04-22 20:39:00,579 - root - INFO - Epoch: 41 | LR: 0.0009 | Loss 0.3047 | Val MaF1: 0.9262 (Best: 0.9335) | Test MaF1: 0.9115 (Best: 0.9363) | MiF1: 0.9134 (Best: 0.9356)
2024-04-22 20:39:00,841 - root - INFO - Epoch: 42 | LR: 0.0009 | Loss 0.3037 | Val MaF1: 0.9333 (Best: 0.9335) | Test MaF1: 0.9361 (Best: 0.9363) | MiF1: 0.9356 (Best: 0.9356)
2024-04-22 20:39:01,101 - root - INFO - Epoch: 43 | LR: 0.0009 | Loss 0.3005 | Val MaF1: 0.9390 (Best: 0.9335) | Test MaF1: 0.9229 (Best: 0.9363) | MiF1: 0.9233 (Best: 0.9356)
2024-04-22 20:39:01,361 - root - INFO - Epoch: 44 | LR: 0.0009 | Loss 0.2947 | Val MaF1: 0.9413 (Best: 0.9335) | Test MaF1: 0.9229 (Best: 0.9363) | MiF1: 0.9233 (Best: 0.9356)
2024-04-22 20:39:01,622 - root - INFO - Epoch: 45 | LR: 0.0009 | Loss 0.2942 | Val MaF1: 0.9368 (Best: 0.9335) | Test MaF1: 0.9259 (Best: 0.9363) | MiF1: 0.9257 (Best: 0.9356)
2024-04-22 20:39:01,883 - root - INFO - Epoch: 46 | LR: 0.0009 | Loss 0.2917 | Val MaF1: 0.9345 (Best: 0.9335) | Test MaF1: 0.9207 (Best: 0.9363) | MiF1: 0.9208 (Best: 0.9356)
2024-04-22 20:39:02,145 - root - INFO - Epoch: 47 | LR: 0.0008 | Loss 0.2908 | Val MaF1: 0.9368 (Best: 0.9335) | Test MaF1: 0.9233 (Best: 0.9363) | MiF1: 0.9233 (Best: 0.9356)
2024-04-22 20:39:02,408 - root - INFO - Epoch: 48 | LR: 0.0008 | Loss 0.2883 | Val MaF1: 0.9436 (Best: 0.9335) | Test MaF1: 0.9233 (Best: 0.9363) | MiF1: 0.9233 (Best: 0.9356)
2024-04-22 20:39:02,670 - root - INFO - Epoch: 49 | LR: 0.0008 | Loss 0.2863 | Val MaF1: 0.9461 (Best: 0.9335) | Test MaF1: 0.9284 (Best: 0.9363) | MiF1: 0.9282 (Best: 0.9356)
2024-04-22 20:39:02,929 - root - INFO - Epoch: 50 | LR: 0.0008 | Loss 0.2847 | Val MaF1: 0.9461 (Best: 0.9335) | Test MaF1: 0.9255 (Best: 0.9363) | MiF1: 0.9257 (Best: 0.9356)
2024-04-22 20:39:03,191 - root - INFO - Epoch: 51 | LR: 0.0008 | Loss 0.2842 | Val MaF1: 0.9427 (Best: 0.9335) | Test MaF1: 0.9281 (Best: 0.9363) | MiF1: 0.9282 (Best: 0.9356)
2024-04-22 20:39:03,451 - root - INFO - Epoch: 52 | LR: 0.0008 | Loss 0.2835 | Val MaF1: 0.9452 (Best: 0.9335) | Test MaF1: 0.9307 (Best: 0.9363) | MiF1: 0.9307 (Best: 0.9356)
2024-04-22 20:39:03,716 - root - INFO - Epoch: 53 | LR: 0.0007 | Loss 0.2815 | Val MaF1: 0.9452 (Best: 0.9335) | Test MaF1: 0.9333 (Best: 0.9363) | MiF1: 0.9332 (Best: 0.9356)
2024-04-22 20:39:03,975 - root - INFO - Epoch: 54 | LR: 0.0007 | Loss 0.2834 | Val MaF1: 0.9377 (Best: 0.9335) | Test MaF1: 0.9333 (Best: 0.9363) | MiF1: 0.9332 (Best: 0.9356)
2024-04-22 20:39:04,454 - root - INFO - ARI: 0.9141 | NMI: 0.8746
2024-04-22 20:39:04,454 - root - INFO - Epoch: 55 | LR: 0.0007 | Loss 0.2802 | Val MaF1: 0.9406 (Best: 0.9406) | Test MaF1: 0.9384 (Best: 0.9384) | MiF1: 0.9381 (Best: 0.9381)
2024-04-22 20:39:04,742 - root - INFO - Epoch: 56 | LR: 0.0007 | Loss 0.2789 | Val MaF1: 0.9381 (Best: 0.9406) | Test MaF1: 0.9333 (Best: 0.9384) | MiF1: 0.9332 (Best: 0.9381)
2024-04-22 20:39:05,007 - root - INFO - Epoch: 57 | LR: 0.0007 | Loss 0.2783 | Val MaF1: 0.9370 (Best: 0.9406) | Test MaF1: 0.9282 (Best: 0.9384) | MiF1: 0.9282 (Best: 0.9381)
2024-04-22 20:39:05,271 - root - INFO - Epoch: 58 | LR: 0.0006 | Loss 0.2789 | Val MaF1: 0.9373 (Best: 0.9406) | Test MaF1: 0.9308 (Best: 0.9384) | MiF1: 0.9307 (Best: 0.9381)
2024-04-22 20:39:05,530 - root - INFO - Epoch: 59 | LR: 0.0006 | Loss 0.2773 | Val MaF1: 0.9377 (Best: 0.9406) | Test MaF1: 0.9335 (Best: 0.9384) | MiF1: 0.9332 (Best: 0.9381)
2024-04-22 20:39:05,793 - root - INFO - Epoch: 60 | LR: 0.0006 | Loss 0.2763 | Val MaF1: 0.9402 (Best: 0.9406) | Test MaF1: 0.9361 (Best: 0.9384) | MiF1: 0.9356 (Best: 0.9381)
2024-04-22 20:39:06,053 - root - INFO - Epoch: 61 | LR: 0.0006 | Loss 0.2760 | Val MaF1: 0.9395 (Best: 0.9406) | Test MaF1: 0.9333 (Best: 0.9384) | MiF1: 0.9332 (Best: 0.9381)
2024-04-22 20:39:06,317 - root - INFO - Epoch: 62 | LR: 0.0005 | Loss 0.2761 | Val MaF1: 0.9425 (Best: 0.9406) | Test MaF1: 0.9278 (Best: 0.9384) | MiF1: 0.9282 (Best: 0.9381)
2024-04-22 20:39:06,578 - root - INFO - Epoch: 63 | LR: 0.0005 | Loss 0.2769 | Val MaF1: 0.9375 (Best: 0.9406) | Test MaF1: 0.9335 (Best: 0.9384) | MiF1: 0.9332 (Best: 0.9381)
2024-04-22 20:39:07,040 - root - INFO - ARI: 0.9197 | NMI: 0.8794
2024-04-22 20:39:07,041 - root - INFO - Epoch: 64 | LR: 0.0005 | Loss 0.2739 | Val MaF1: 0.9425 (Best: 0.9425) | Test MaF1: 0.9386 (Best: 0.9386) | MiF1: 0.9381 (Best: 0.9381)
2024-04-22 20:39:07,570 - root - INFO - ARI: 0.9212 | NMI: 0.8816
2024-04-22 20:39:07,571 - root - INFO - Epoch: 65 | LR: 0.0005 | Loss 0.2739 | Val MaF1: 0.9447 (Best: 0.9447) | Test MaF1: 0.9412 (Best: 0.9412) | MiF1: 0.9406 (Best: 0.9406)
2024-04-22 20:39:07,861 - root - INFO - Epoch: 66 | LR: 0.0005 | Loss 0.2737 | Val MaF1: 0.9420 (Best: 0.9447) | Test MaF1: 0.9359 (Best: 0.9412) | MiF1: 0.9356 (Best: 0.9406)
2024-04-22 20:39:08,123 - root - INFO - Epoch: 67 | LR: 0.0004 | Loss 0.2727 | Val MaF1: 0.9342 (Best: 0.9447) | Test MaF1: 0.9276 (Best: 0.9412) | MiF1: 0.9282 (Best: 0.9406)
2024-04-22 20:39:08,386 - root - INFO - Epoch: 68 | LR: 0.0004 | Loss 0.2740 | Val MaF1: 0.9368 (Best: 0.9447) | Test MaF1: 0.9276 (Best: 0.9412) | MiF1: 0.9282 (Best: 0.9406)
2024-04-22 20:39:08,661 - root - INFO - Epoch: 69 | LR: 0.0004 | Loss 0.2742 | Val MaF1: 0.9345 (Best: 0.9447) | Test MaF1: 0.9279 (Best: 0.9412) | MiF1: 0.9282 (Best: 0.9406)
2024-04-22 20:39:09,122 - root - INFO - ARI: 0.9243 | NMI: 0.8840
2024-04-22 20:39:09,122 - root - INFO - Epoch: 70 | LR: 0.0004 | Loss 0.2729 | Val MaF1: 0.9423 (Best: 0.9423) | Test MaF1: 0.9432 (Best: 0.9432) | MiF1: 0.9431 (Best: 0.9431)
2024-04-22 20:39:09,397 - root - INFO - Epoch: 71 | LR: 0.0003 | Loss 0.2710 | Val MaF1: 0.9425 (Best: 0.9423) | Test MaF1: 0.9409 (Best: 0.9432) | MiF1: 0.9406 (Best: 0.9431)
2024-04-22 20:39:09,660 - root - INFO - Epoch: 72 | LR: 0.0003 | Loss 0.2723 | Val MaF1: 0.9447 (Best: 0.9423) | Test MaF1: 0.9409 (Best: 0.9432) | MiF1: 0.9406 (Best: 0.9431)
2024-04-22 20:39:09,922 - root - INFO - Epoch: 73 | LR: 0.0003 | Loss 0.2727 | Val MaF1: 0.9420 (Best: 0.9423) | Test MaF1: 0.9407 (Best: 0.9432) | MiF1: 0.9406 (Best: 0.9431)
2024-04-22 20:39:10,186 - root - INFO - Epoch: 74 | LR: 0.0003 | Loss 0.2717 | Val MaF1: 0.9402 (Best: 0.9423) | Test MaF1: 0.9278 (Best: 0.9432) | MiF1: 0.9282 (Best: 0.9431)
2024-04-22 20:39:10,446 - root - INFO - Epoch: 75 | LR: 0.0003 | Loss 0.2705 | Val MaF1: 0.9377 (Best: 0.9423) | Test MaF1: 0.9275 (Best: 0.9432) | MiF1: 0.9282 (Best: 0.9431)
2024-04-22 20:39:10,710 - root - INFO - Epoch: 76 | LR: 0.0002 | Loss 0.2704 | Val MaF1: 0.9374 (Best: 0.9423) | Test MaF1: 0.9249 (Best: 0.9432) | MiF1: 0.9257 (Best: 0.9431)
2024-04-22 20:39:10,970 - root - INFO - Epoch: 77 | LR: 0.0002 | Loss 0.2708 | Val MaF1: 0.9352 (Best: 0.9423) | Test MaF1: 0.9249 (Best: 0.9432) | MiF1: 0.9257 (Best: 0.9431)
2024-04-22 20:39:11,233 - root - INFO - Epoch: 78 | LR: 0.0002 | Loss 0.2708 | Val MaF1: 0.9402 (Best: 0.9423) | Test MaF1: 0.9275 (Best: 0.9432) | MiF1: 0.9282 (Best: 0.9431)
2024-04-22 20:39:11,492 - root - INFO - Epoch: 79 | LR: 0.0002 | Loss 0.2706 | Val MaF1: 0.9452 (Best: 0.9423) | Test MaF1: 0.9379 (Best: 0.9432) | MiF1: 0.9381 (Best: 0.9431)
2024-04-22 20:39:11,755 - root - INFO - Epoch: 80 | LR: 0.0002 | Loss 0.2700 | Val MaF1: 0.9423 (Best: 0.9423) | Test MaF1: 0.9407 (Best: 0.9432) | MiF1: 0.9406 (Best: 0.9431)
2024-04-22 20:39:12,013 - root - INFO - Epoch: 81 | LR: 0.0002 | Loss 0.2700 | Val MaF1: 0.9423 (Best: 0.9423) | Test MaF1: 0.9407 (Best: 0.9432) | MiF1: 0.9406 (Best: 0.9431)
2024-04-22 20:39:12,275 - root - INFO - Epoch: 82 | LR: 0.0001 | Loss 0.2703 | Val MaF1: 0.9423 (Best: 0.9423) | Test MaF1: 0.9407 (Best: 0.9432) | MiF1: 0.9406 (Best: 0.9431)
2024-04-22 20:39:12,536 - root - INFO - Epoch: 83 | LR: 0.0001 | Loss 0.2700 | Val MaF1: 0.9400 (Best: 0.9423) | Test MaF1: 0.9407 (Best: 0.9432) | MiF1: 0.9406 (Best: 0.9431)
2024-04-22 20:39:12,813 - root - INFO - Epoch: 84 | LR: 0.0001 | Loss 0.2697 | Val MaF1: 0.9400 (Best: 0.9423) | Test MaF1: 0.9407 (Best: 0.9432) | MiF1: 0.9406 (Best: 0.9431)
2024-04-22 20:39:13,098 - root - INFO - Epoch: 85 | LR: 0.0001 | Loss 0.2709 | Val MaF1: 0.9400 (Best: 0.9423) | Test MaF1: 0.9407 (Best: 0.9432) | MiF1: 0.9406 (Best: 0.9431)
2024-04-22 20:39:13,382 - root - INFO - Epoch: 86 | LR: 0.0001 | Loss 0.2696 | Val MaF1: 0.9423 (Best: 0.9423) | Test MaF1: 0.9407 (Best: 0.9432) | MiF1: 0.9406 (Best: 0.9431)
2024-04-22 20:39:13,652 - root - INFO - Epoch: 87 | LR: 0.0001 | Loss 0.2697 | Val MaF1: 0.9423 (Best: 0.9423) | Test MaF1: 0.9430 (Best: 0.9432) | MiF1: 0.9431 (Best: 0.9431)
2024-04-22 20:39:13,913 - root - INFO - Epoch: 88 | LR: 0.0001 | Loss 0.2695 | Val MaF1: 0.9445 (Best: 0.9423) | Test MaF1: 0.9430 (Best: 0.9432) | MiF1: 0.9431 (Best: 0.9431)
2024-04-22 20:39:14,174 - root - INFO - Epoch: 89 | LR: 0.0000 | Loss 0.2712 | Val MaF1: 0.9420 (Best: 0.9423) | Test MaF1: 0.9405 (Best: 0.9432) | MiF1: 0.9406 (Best: 0.9431)
2024-04-22 20:39:14,436 - root - INFO - Epoch: 90 | LR: 0.0000 | Loss 0.2690 | Val MaF1: 0.9420 (Best: 0.9423) | Test MaF1: 0.9354 (Best: 0.9432) | MiF1: 0.9356 (Best: 0.9431)
2024-04-22 20:39:14,697 - root - INFO - Epoch: 91 | LR: 0.0000 | Loss 0.2695 | Val MaF1: 0.9395 (Best: 0.9423) | Test MaF1: 0.9354 (Best: 0.9432) | MiF1: 0.9356 (Best: 0.9431)
2024-04-22 20:39:14,966 - root - INFO - Epoch: 92 | LR: 0.0000 | Loss 0.2683 | Val MaF1: 0.9395 (Best: 0.9423) | Test MaF1: 0.9354 (Best: 0.9432) | MiF1: 0.9356 (Best: 0.9431)
2024-04-22 20:39:15,229 - root - INFO - Epoch: 93 | LR: 0.0000 | Loss 0.2695 | Val MaF1: 0.9395 (Best: 0.9423) | Test MaF1: 0.9328 (Best: 0.9432) | MiF1: 0.9332 (Best: 0.9431)
2024-04-22 20:39:15,488 - root - INFO - Epoch: 94 | LR: 0.0000 | Loss 0.2688 | Val MaF1: 0.9395 (Best: 0.9423) | Test MaF1: 0.9302 (Best: 0.9432) | MiF1: 0.9307 (Best: 0.9431)
2024-04-22 20:39:15,755 - root - INFO - Epoch: 95 | LR: 0.0000 | Loss 0.2698 | Val MaF1: 0.9395 (Best: 0.9423) | Test MaF1: 0.9302 (Best: 0.9432) | MiF1: 0.9307 (Best: 0.9431)
2024-04-22 20:39:16,025 - root - INFO - Epoch: 96 | LR: 0.0000 | Loss 0.2690 | Val MaF1: 0.9395 (Best: 0.9423) | Test MaF1: 0.9302 (Best: 0.9432) | MiF1: 0.9307 (Best: 0.9431)
2024-04-22 20:39:16,290 - root - INFO - Epoch: 97 | LR: 0.0000 | Loss 0.2687 | Val MaF1: 0.9395 (Best: 0.9423) | Test MaF1: 0.9302 (Best: 0.9432) | MiF1: 0.9307 (Best: 0.9431)
2024-04-22 20:39:16,555 - root - INFO - Epoch: 98 | LR: 0.0000 | Loss 0.2696 | Val MaF1: 0.9395 (Best: 0.9423) | Test MaF1: 0.9302 (Best: 0.9432) | MiF1: 0.9307 (Best: 0.9431)
2024-04-22 20:39:16,819 - root - INFO - Epoch: 99 | LR: 0.0000 | Loss 0.2693 | Val MaF1: 0.9395 (Best: 0.9423) | Test MaF1: 0.9302 (Best: 0.9432) | MiF1: 0.9307 (Best: 0.9431)
2024-04-22 20:39:17,078 - root - INFO - Epoch: 100 | LR: 0.0000 | Loss 0.2699 | Val MaF1: 0.9395 (Best: 0.9423) | Test MaF1: 0.9302 (Best: 0.9432) | MiF1: 0.9307 (Best: 0.9431)
2024-04-22 20:39:17,078 - root - INFO - Best Epoch: 70 | Train MiF1: 0.9823,  MaF1: 0.9824 | Val MiF1: 0.9429, MaF1: 0.9423 | Test MaF1: 0.9432, MiF1: 0.9431
2024-04-22 20:39:17,230 - root - INFO - ARI: 0.9243 | NMI: 0.8840
