2024-04-22 21:47:44,568 - root - INFO - {'prefix': 'SR-HGN', 'gpu': 0, 'feat': 1, 'seed': 0, 'verbose': 1, 'train_split': 0.2, 'val_split': 0.3, 'num_type_heads': 4, 'num_node_heads': 4, 'hidden_dim': 256, 'clip': 1.0, 'num_layers': 7, 'alpha': 0.5, 'epochs': 100, 'dataset': 'acm', 'input_dim': 256, 'aggregate': 'concat', 'iscuda': True, 'cluster': True, 'max_lr': 0.001, 'weight_decay': 1e-05, 'heads': 1, 'han_heads': [4], 'hh_heads': 3, 'dropout': 0.2}
2024-04-22 21:47:47,304 - root - INFO - Training SR-HGN with #param: 20284836
2024-04-22 21:47:49,435 - root - INFO - ARI: 0.0310 | NMI: 0.0323
2024-04-22 21:47:49,435 - root - INFO - Epoch: 1 | LR: 0.0000 | Loss 1.1027 | Val MaF1: 0.2469 (Best: 0.2469) | Test MaF1: 0.2394 (Best: 0.2394) | MiF1: 0.4957 (Best: 0.4957)
2024-04-22 21:47:49,910 - root - INFO - Epoch: 2 | LR: 0.0001 | Loss 1.0801 | Val MaF1: 0.2204 (Best: 0.2469) | Test MaF1: 0.2210 (Best: 0.2394) | MiF1: 0.4957 (Best: 0.4957)
2024-04-22 21:47:50,352 - root - INFO - Epoch: 3 | LR: 0.0001 | Loss 1.0607 | Val MaF1: 0.2204 (Best: 0.2469) | Test MaF1: 0.2210 (Best: 0.2394) | MiF1: 0.4957 (Best: 0.4957)
2024-04-22 21:47:50,782 - root - INFO - Epoch: 4 | LR: 0.0001 | Loss 1.0454 | Val MaF1: 0.2204 (Best: 0.2469) | Test MaF1: 0.2210 (Best: 0.2394) | MiF1: 0.4957 (Best: 0.4957)
2024-04-22 21:47:51,197 - root - INFO - Epoch: 5 | LR: 0.0001 | Loss 1.0321 | Val MaF1: 0.2204 (Best: 0.2469) | Test MaF1: 0.2210 (Best: 0.2394) | MiF1: 0.4957 (Best: 0.4957)
2024-04-22 21:47:51,628 - root - INFO - Epoch: 6 | LR: 0.0001 | Loss 1.0201 | Val MaF1: 0.2204 (Best: 0.2469) | Test MaF1: 0.2210 (Best: 0.2394) | MiF1: 0.4957 (Best: 0.4957)
2024-04-22 21:47:52,063 - root - INFO - Epoch: 7 | LR: 0.0002 | Loss 1.0087 | Val MaF1: 0.2204 (Best: 0.2469) | Test MaF1: 0.2210 (Best: 0.2394) | MiF1: 0.4957 (Best: 0.4957)
2024-04-22 21:47:52,488 - root - INFO - Epoch: 8 | LR: 0.0002 | Loss 1.0006 | Val MaF1: 0.2204 (Best: 0.2469) | Test MaF1: 0.2210 (Best: 0.2394) | MiF1: 0.4957 (Best: 0.4957)
2024-04-22 21:47:52,900 - root - INFO - Epoch: 9 | LR: 0.0003 | Loss 0.9837 | Val MaF1: 0.2204 (Best: 0.2469) | Test MaF1: 0.2210 (Best: 0.2394) | MiF1: 0.4957 (Best: 0.4957)
2024-04-22 21:47:53,315 - root - INFO - Epoch: 10 | LR: 0.0003 | Loss 0.9599 | Val MaF1: 0.2204 (Best: 0.2469) | Test MaF1: 0.2210 (Best: 0.2394) | MiF1: 0.4957 (Best: 0.4957)
2024-04-22 21:47:53,729 - root - INFO - Epoch: 11 | LR: 0.0003 | Loss 0.9239 | Val MaF1: 0.2204 (Best: 0.2469) | Test MaF1: 0.2210 (Best: 0.2394) | MiF1: 0.4957 (Best: 0.4957)
2024-04-22 21:47:54,146 - root - INFO - Epoch: 12 | LR: 0.0004 | Loss 0.9017 | Val MaF1: 0.2204 (Best: 0.2469) | Test MaF1: 0.2210 (Best: 0.2394) | MiF1: 0.4957 (Best: 0.4957)
2024-04-22 21:47:54,866 - root - INFO - ARI: 0.6496 | NMI: 0.6547
2024-04-22 21:47:54,866 - root - INFO - Epoch: 13 | LR: 0.0004 | Loss 0.8788 | Val MaF1: 0.2275 (Best: 0.2275) | Test MaF1: 0.2498 (Best: 0.2498) | MiF1: 0.5060 (Best: 0.5060)
2024-04-22 21:47:55,610 - root - INFO - ARI: 0.7385 | NMI: 0.6983
2024-04-22 21:47:55,611 - root - INFO - Epoch: 14 | LR: 0.0005 | Loss 0.8394 | Val MaF1: 0.4321 (Best: 0.4321) | Test MaF1: 0.4224 (Best: 0.4224) | MiF1: 0.5863 (Best: 0.5863)
2024-04-22 21:47:56,363 - root - INFO - ARI: 0.7468 | NMI: 0.7021
2024-04-22 21:47:56,363 - root - INFO - Epoch: 15 | LR: 0.0005 | Loss 0.8073 | Val MaF1: 0.6163 (Best: 0.6163) | Test MaF1: 0.5951 (Best: 0.5951) | MiF1: 0.6935 (Best: 0.6935)
2024-04-22 21:47:57,100 - root - INFO - ARI: 0.7363 | NMI: 0.6978
2024-04-22 21:47:57,100 - root - INFO - Epoch: 16 | LR: 0.0006 | Loss 0.7847 | Val MaF1: 0.8267 (Best: 0.8267) | Test MaF1: 0.8248 (Best: 0.8248) | MiF1: 0.8352 (Best: 0.8352)
2024-04-22 21:47:57,850 - root - INFO - ARI: 0.7252 | NMI: 0.6924
2024-04-22 21:47:57,850 - root - INFO - Epoch: 17 | LR: 0.0006 | Loss 0.7612 | Val MaF1: 0.9036 (Best: 0.9036) | Test MaF1: 0.9025 (Best: 0.9025) | MiF1: 0.9031 (Best: 0.9031)
2024-04-22 21:47:58,603 - root - INFO - ARI: 0.7422 | NMI: 0.7035
2024-04-22 21:47:58,603 - root - INFO - Epoch: 18 | LR: 0.0007 | Loss 0.7368 | Val MaF1: 0.9265 (Best: 0.9265) | Test MaF1: 0.9242 (Best: 0.9242) | MiF1: 0.9244 (Best: 0.9244)
2024-04-22 21:47:59,073 - root - INFO - Epoch: 19 | LR: 0.0007 | Loss 0.6995 | Val MaF1: 0.9197 (Best: 0.9265) | Test MaF1: 0.9138 (Best: 0.9242) | MiF1: 0.9141 (Best: 0.9244)
2024-04-22 21:47:59,483 - root - INFO - Epoch: 20 | LR: 0.0008 | Loss 0.6685 | Val MaF1: 0.9283 (Best: 0.9265) | Test MaF1: 0.9089 (Best: 0.9242) | MiF1: 0.9080 (Best: 0.9244)
2024-04-22 21:48:00,209 - root - INFO - ARI: 0.7617 | NMI: 0.7227
2024-04-22 21:48:00,209 - root - INFO - Epoch: 21 | LR: 0.0008 | Loss 0.6511 | Val MaF1: 0.9208 (Best: 0.9208) | Test MaF1: 0.9247 (Best: 0.9247) | MiF1: 0.9254 (Best: 0.9254)
2024-04-22 21:48:00,958 - root - INFO - ARI: 0.7621 | NMI: 0.7265
2024-04-22 21:48:00,959 - root - INFO - Epoch: 22 | LR: 0.0009 | Loss 0.6212 | Val MaF1: 0.9456 (Best: 0.9456) | Test MaF1: 0.9293 (Best: 0.9293) | MiF1: 0.9297 (Best: 0.9297)
2024-04-22 21:48:01,431 - root - INFO - Epoch: 23 | LR: 0.0009 | Loss 0.6042 | Val MaF1: 0.9297 (Best: 0.9456) | Test MaF1: 0.9211 (Best: 0.9293) | MiF1: 0.9197 (Best: 0.9297)
2024-04-22 21:48:01,892 - root - INFO - Epoch: 24 | LR: 0.0009 | Loss 0.5899 | Val MaF1: 0.9283 (Best: 0.9456) | Test MaF1: 0.9220 (Best: 0.9293) | MiF1: 0.9205 (Best: 0.9297)
2024-04-22 21:48:02,308 - root - INFO - Epoch: 25 | LR: 0.0010 | Loss 0.5779 | Val MaF1: 0.9257 (Best: 0.9456) | Test MaF1: 0.9203 (Best: 0.9293) | MiF1: 0.9190 (Best: 0.9297)
2024-04-22 21:48:02,724 - root - INFO - Epoch: 26 | LR: 0.0010 | Loss 0.5699 | Val MaF1: 0.9278 (Best: 0.9456) | Test MaF1: 0.9198 (Best: 0.9293) | MiF1: 0.9190 (Best: 0.9297)
2024-04-22 21:48:03,140 - root - INFO - Epoch: 27 | LR: 0.0010 | Loss 0.5650 | Val MaF1: 0.9300 (Best: 0.9456) | Test MaF1: 0.9199 (Best: 0.9293) | MiF1: 0.9194 (Best: 0.9297)
2024-04-22 21:48:03,554 - root - INFO - Epoch: 28 | LR: 0.0010 | Loss 0.5585 | Val MaF1: 0.9275 (Best: 0.9456) | Test MaF1: 0.9212 (Best: 0.9293) | MiF1: 0.9208 (Best: 0.9297)
2024-04-22 21:48:03,966 - root - INFO - Epoch: 29 | LR: 0.0010 | Loss 0.5518 | Val MaF1: 0.9204 (Best: 0.9456) | Test MaF1: 0.9226 (Best: 0.9293) | MiF1: 0.9222 (Best: 0.9297)
2024-04-22 21:48:04,379 - root - INFO - Epoch: 30 | LR: 0.0010 | Loss 0.5473 | Val MaF1: 0.9206 (Best: 0.9456) | Test MaF1: 0.9227 (Best: 0.9293) | MiF1: 0.9222 (Best: 0.9297)
2024-04-22 21:48:04,793 - root - INFO - Epoch: 31 | LR: 0.0010 | Loss 0.5429 | Val MaF1: 0.9116 (Best: 0.9456) | Test MaF1: 0.9209 (Best: 0.9293) | MiF1: 0.9201 (Best: 0.9297)
2024-04-22 21:48:05,211 - root - INFO - Epoch: 32 | LR: 0.0010 | Loss 0.5375 | Val MaF1: 0.9116 (Best: 0.9456) | Test MaF1: 0.9181 (Best: 0.9293) | MiF1: 0.9173 (Best: 0.9297)
2024-04-22 21:48:05,625 - root - INFO - Epoch: 33 | LR: 0.0010 | Loss 0.5329 | Val MaF1: 0.9143 (Best: 0.9456) | Test MaF1: 0.9179 (Best: 0.9293) | MiF1: 0.9169 (Best: 0.9297)
2024-04-22 21:48:06,040 - root - INFO - Epoch: 34 | LR: 0.0010 | Loss 0.5284 | Val MaF1: 0.9143 (Best: 0.9456) | Test MaF1: 0.9191 (Best: 0.9293) | MiF1: 0.9183 (Best: 0.9297)
2024-04-22 21:48:06,460 - root - INFO - Epoch: 35 | LR: 0.0010 | Loss 0.5242 | Val MaF1: 0.9185 (Best: 0.9456) | Test MaF1: 0.9192 (Best: 0.9293) | MiF1: 0.9187 (Best: 0.9297)
2024-04-22 21:48:06,875 - root - INFO - Epoch: 36 | LR: 0.0010 | Loss 0.5202 | Val MaF1: 0.9207 (Best: 0.9456) | Test MaF1: 0.9211 (Best: 0.9293) | MiF1: 0.9208 (Best: 0.9297)
2024-04-22 21:48:07,291 - root - INFO - Epoch: 37 | LR: 0.0010 | Loss 0.5163 | Val MaF1: 0.9207 (Best: 0.9456) | Test MaF1: 0.9216 (Best: 0.9293) | MiF1: 0.9212 (Best: 0.9297)
2024-04-22 21:48:07,705 - root - INFO - Epoch: 38 | LR: 0.0010 | Loss 0.5124 | Val MaF1: 0.9207 (Best: 0.9456) | Test MaF1: 0.9217 (Best: 0.9293) | MiF1: 0.9212 (Best: 0.9297)
2024-04-22 21:48:08,119 - root - INFO - Epoch: 39 | LR: 0.0010 | Loss 0.5084 | Val MaF1: 0.9182 (Best: 0.9456) | Test MaF1: 0.9218 (Best: 0.9293) | MiF1: 0.9215 (Best: 0.9297)
2024-04-22 21:48:08,529 - root - INFO - Epoch: 40 | LR: 0.0009 | Loss 0.5043 | Val MaF1: 0.9182 (Best: 0.9456) | Test MaF1: 0.9217 (Best: 0.9293) | MiF1: 0.9215 (Best: 0.9297)
2024-04-22 21:48:08,950 - root - INFO - Epoch: 41 | LR: 0.0009 | Loss 0.5014 | Val MaF1: 0.9156 (Best: 0.9456) | Test MaF1: 0.9231 (Best: 0.9293) | MiF1: 0.9229 (Best: 0.9297)
2024-04-22 21:48:09,367 - root - INFO - Epoch: 42 | LR: 0.0009 | Loss 0.4981 | Val MaF1: 0.9181 (Best: 0.9456) | Test MaF1: 0.9221 (Best: 0.9293) | MiF1: 0.9215 (Best: 0.9297)
2024-04-22 21:48:09,793 - root - INFO - Epoch: 43 | LR: 0.0009 | Loss 0.4957 | Val MaF1: 0.9206 (Best: 0.9456) | Test MaF1: 0.9205 (Best: 0.9293) | MiF1: 0.9201 (Best: 0.9297)
2024-04-22 21:48:10,206 - root - INFO - Epoch: 44 | LR: 0.0009 | Loss 0.4926 | Val MaF1: 0.9228 (Best: 0.9456) | Test MaF1: 0.9223 (Best: 0.9293) | MiF1: 0.9222 (Best: 0.9297)
2024-04-22 21:48:10,619 - root - INFO - Epoch: 45 | LR: 0.0009 | Loss 0.4889 | Val MaF1: 0.9196 (Best: 0.9456) | Test MaF1: 0.9250 (Best: 0.9293) | MiF1: 0.9254 (Best: 0.9297)
2024-04-22 21:48:11,032 - root - INFO - Epoch: 46 | LR: 0.0009 | Loss 0.4855 | Val MaF1: 0.9168 (Best: 0.9456) | Test MaF1: 0.9257 (Best: 0.9293) | MiF1: 0.9265 (Best: 0.9297)
2024-04-22 21:48:11,444 - root - INFO - Epoch: 47 | LR: 0.0008 | Loss 0.4819 | Val MaF1: 0.9269 (Best: 0.9456) | Test MaF1: 0.9258 (Best: 0.9293) | MiF1: 0.9265 (Best: 0.9297)
2024-04-22 21:48:11,860 - root - INFO - Epoch: 48 | LR: 0.0008 | Loss 0.4804 | Val MaF1: 0.9269 (Best: 0.9456) | Test MaF1: 0.9247 (Best: 0.9293) | MiF1: 0.9251 (Best: 0.9297)
2024-04-22 21:48:12,275 - root - INFO - Epoch: 49 | LR: 0.0008 | Loss 0.4774 | Val MaF1: 0.9221 (Best: 0.9456) | Test MaF1: 0.9232 (Best: 0.9293) | MiF1: 0.9237 (Best: 0.9297)
2024-04-22 21:48:12,690 - root - INFO - Epoch: 50 | LR: 0.0008 | Loss 0.4743 | Val MaF1: 0.9242 (Best: 0.9456) | Test MaF1: 0.9225 (Best: 0.9293) | MiF1: 0.9240 (Best: 0.9297)
2024-04-22 21:48:13,107 - root - INFO - Epoch: 51 | LR: 0.0008 | Loss 0.4722 | Val MaF1: 0.9199 (Best: 0.9456) | Test MaF1: 0.9228 (Best: 0.9293) | MiF1: 0.9233 (Best: 0.9297)
2024-04-22 21:48:13,527 - root - INFO - Epoch: 52 | LR: 0.0008 | Loss 0.4706 | Val MaF1: 0.9174 (Best: 0.9456) | Test MaF1: 0.9228 (Best: 0.9293) | MiF1: 0.9233 (Best: 0.9297)
2024-04-22 21:48:13,943 - root - INFO - Epoch: 53 | LR: 0.0007 | Loss 0.4684 | Val MaF1: 0.9244 (Best: 0.9456) | Test MaF1: 0.9228 (Best: 0.9293) | MiF1: 0.9237 (Best: 0.9297)
2024-04-22 21:48:14,372 - root - INFO - Epoch: 54 | LR: 0.0007 | Loss 0.4644 | Val MaF1: 0.9156 (Best: 0.9456) | Test MaF1: 0.9233 (Best: 0.9293) | MiF1: 0.9247 (Best: 0.9297)
2024-04-22 21:48:14,788 - root - INFO - Epoch: 55 | LR: 0.0007 | Loss 0.4639 | Val MaF1: 0.9165 (Best: 0.9456) | Test MaF1: 0.9229 (Best: 0.9293) | MiF1: 0.9240 (Best: 0.9297)
2024-04-22 21:48:15,202 - root - INFO - Epoch: 56 | LR: 0.0007 | Loss 0.4623 | Val MaF1: 0.9199 (Best: 0.9456) | Test MaF1: 0.9205 (Best: 0.9293) | MiF1: 0.9208 (Best: 0.9297)
2024-04-22 21:48:15,618 - root - INFO - Epoch: 57 | LR: 0.0007 | Loss 0.4586 | Val MaF1: 0.9247 (Best: 0.9456) | Test MaF1: 0.9216 (Best: 0.9293) | MiF1: 0.9219 (Best: 0.9297)
2024-04-22 21:48:16,039 - root - INFO - Epoch: 58 | LR: 0.0006 | Loss 0.4584 | Val MaF1: 0.9267 (Best: 0.9456) | Test MaF1: 0.9210 (Best: 0.9293) | MiF1: 0.9219 (Best: 0.9297)
2024-04-22 21:48:16,456 - root - INFO - Epoch: 59 | LR: 0.0006 | Loss 0.4561 | Val MaF1: 0.9242 (Best: 0.9456) | Test MaF1: 0.9207 (Best: 0.9293) | MiF1: 0.9215 (Best: 0.9297)
2024-04-22 21:48:16,875 - root - INFO - Epoch: 60 | LR: 0.0006 | Loss 0.4553 | Val MaF1: 0.9194 (Best: 0.9456) | Test MaF1: 0.9208 (Best: 0.9293) | MiF1: 0.9219 (Best: 0.9297)
2024-04-22 21:48:17,347 - root - INFO - Epoch: 61 | LR: 0.0006 | Loss 0.4533 | Val MaF1: 0.9091 (Best: 0.9456) | Test MaF1: 0.9193 (Best: 0.9293) | MiF1: 0.9205 (Best: 0.9297)
2024-04-22 21:48:17,763 - root - INFO - Epoch: 62 | LR: 0.0005 | Loss 0.4531 | Val MaF1: 0.9142 (Best: 0.9456) | Test MaF1: 0.9189 (Best: 0.9293) | MiF1: 0.9201 (Best: 0.9297)
2024-04-22 21:48:18,178 - root - INFO - Epoch: 63 | LR: 0.0005 | Loss 0.4513 | Val MaF1: 0.9194 (Best: 0.9456) | Test MaF1: 0.9184 (Best: 0.9293) | MiF1: 0.9197 (Best: 0.9297)
2024-04-22 21:48:18,594 - root - INFO - Epoch: 64 | LR: 0.0005 | Loss 0.4506 | Val MaF1: 0.9258 (Best: 0.9456) | Test MaF1: 0.9216 (Best: 0.9293) | MiF1: 0.9229 (Best: 0.9297)
2024-04-22 21:48:19,009 - root - INFO - Epoch: 65 | LR: 0.0005 | Loss 0.4500 | Val MaF1: 0.9284 (Best: 0.9456) | Test MaF1: 0.9220 (Best: 0.9293) | MiF1: 0.9233 (Best: 0.9297)
2024-04-22 21:48:19,423 - root - INFO - Epoch: 66 | LR: 0.0005 | Loss 0.4495 | Val MaF1: 0.9210 (Best: 0.9456) | Test MaF1: 0.9212 (Best: 0.9293) | MiF1: 0.9226 (Best: 0.9297)
2024-04-22 21:48:19,840 - root - INFO - Epoch: 67 | LR: 0.0004 | Loss 0.4483 | Val MaF1: 0.9210 (Best: 0.9456) | Test MaF1: 0.9187 (Best: 0.9293) | MiF1: 0.9201 (Best: 0.9297)
2024-04-22 21:48:20,252 - root - INFO - Epoch: 68 | LR: 0.0004 | Loss 0.4481 | Val MaF1: 0.9185 (Best: 0.9456) | Test MaF1: 0.9174 (Best: 0.9293) | MiF1: 0.9187 (Best: 0.9297)
2024-04-22 21:48:20,665 - root - INFO - Epoch: 69 | LR: 0.0004 | Loss 0.4462 | Val MaF1: 0.9107 (Best: 0.9456) | Test MaF1: 0.9161 (Best: 0.9293) | MiF1: 0.9176 (Best: 0.9297)
2024-04-22 21:48:21,092 - root - INFO - Epoch: 70 | LR: 0.0004 | Loss 0.4453 | Val MaF1: 0.9078 (Best: 0.9456) | Test MaF1: 0.9171 (Best: 0.9293) | MiF1: 0.9187 (Best: 0.9297)
2024-04-22 21:48:21,526 - root - INFO - Epoch: 71 | LR: 0.0003 | Loss 0.4464 | Val MaF1: 0.9182 (Best: 0.9456) | Test MaF1: 0.9200 (Best: 0.9293) | MiF1: 0.9212 (Best: 0.9297)
2024-04-22 21:48:21,945 - root - INFO - Epoch: 72 | LR: 0.0003 | Loss 0.4443 | Val MaF1: 0.9295 (Best: 0.9456) | Test MaF1: 0.9198 (Best: 0.9293) | MiF1: 0.9208 (Best: 0.9297)
2024-04-22 21:48:22,357 - root - INFO - Epoch: 73 | LR: 0.0003 | Loss 0.4440 | Val MaF1: 0.9295 (Best: 0.9456) | Test MaF1: 0.9210 (Best: 0.9293) | MiF1: 0.9219 (Best: 0.9297)
2024-04-22 21:48:22,772 - root - INFO - Epoch: 74 | LR: 0.0003 | Loss 0.4430 | Val MaF1: 0.9263 (Best: 0.9456) | Test MaF1: 0.9203 (Best: 0.9293) | MiF1: 0.9212 (Best: 0.9297)
2024-04-22 21:48:23,225 - root - INFO - Epoch: 75 | LR: 0.0003 | Loss 0.4433 | Val MaF1: 0.9311 (Best: 0.9456) | Test MaF1: 0.9215 (Best: 0.9293) | MiF1: 0.9222 (Best: 0.9297)
2024-04-22 21:48:23,642 - root - INFO - Epoch: 76 | LR: 0.0002 | Loss 0.4425 | Val MaF1: 0.9311 (Best: 0.9456) | Test MaF1: 0.9207 (Best: 0.9293) | MiF1: 0.9215 (Best: 0.9297)
2024-04-22 21:48:24,058 - root - INFO - Epoch: 77 | LR: 0.0002 | Loss 0.4424 | Val MaF1: 0.9311 (Best: 0.9456) | Test MaF1: 0.9207 (Best: 0.9293) | MiF1: 0.9215 (Best: 0.9297)
2024-04-22 21:48:24,473 - root - INFO - Epoch: 78 | LR: 0.0002 | Loss 0.4417 | Val MaF1: 0.9286 (Best: 0.9456) | Test MaF1: 0.9206 (Best: 0.9293) | MiF1: 0.9215 (Best: 0.9297)
2024-04-22 21:48:24,890 - root - INFO - Epoch: 79 | LR: 0.0002 | Loss 0.4417 | Val MaF1: 0.9286 (Best: 0.9456) | Test MaF1: 0.9203 (Best: 0.9293) | MiF1: 0.9212 (Best: 0.9297)
2024-04-22 21:48:25,307 - root - INFO - Epoch: 80 | LR: 0.0002 | Loss 0.4417 | Val MaF1: 0.9286 (Best: 0.9456) | Test MaF1: 0.9199 (Best: 0.9293) | MiF1: 0.9208 (Best: 0.9297)
2024-04-22 21:48:25,730 - root - INFO - Epoch: 81 | LR: 0.0002 | Loss 0.4412 | Val MaF1: 0.9286 (Best: 0.9456) | Test MaF1: 0.9199 (Best: 0.9293) | MiF1: 0.9208 (Best: 0.9297)
2024-04-22 21:48:26,166 - root - INFO - Epoch: 82 | LR: 0.0001 | Loss 0.4409 | Val MaF1: 0.9317 (Best: 0.9456) | Test MaF1: 0.9196 (Best: 0.9293) | MiF1: 0.9205 (Best: 0.9297)
2024-04-22 21:48:26,580 - root - INFO - Epoch: 83 | LR: 0.0001 | Loss 0.4407 | Val MaF1: 0.9317 (Best: 0.9456) | Test MaF1: 0.9196 (Best: 0.9293) | MiF1: 0.9205 (Best: 0.9297)
2024-04-22 21:48:26,999 - root - INFO - Epoch: 84 | LR: 0.0001 | Loss 0.4404 | Val MaF1: 0.9317 (Best: 0.9456) | Test MaF1: 0.9207 (Best: 0.9293) | MiF1: 0.9215 (Best: 0.9297)
2024-04-22 21:48:27,411 - root - INFO - Epoch: 85 | LR: 0.0001 | Loss 0.4402 | Val MaF1: 0.9317 (Best: 0.9456) | Test MaF1: 0.9202 (Best: 0.9293) | MiF1: 0.9212 (Best: 0.9297)
2024-04-22 21:48:27,836 - root - INFO - Epoch: 86 | LR: 0.0001 | Loss 0.4398 | Val MaF1: 0.9292 (Best: 0.9456) | Test MaF1: 0.9209 (Best: 0.9293) | MiF1: 0.9219 (Best: 0.9297)
2024-04-22 21:48:28,255 - root - INFO - Epoch: 87 | LR: 0.0001 | Loss 0.4404 | Val MaF1: 0.9292 (Best: 0.9456) | Test MaF1: 0.9194 (Best: 0.9293) | MiF1: 0.9205 (Best: 0.9297)
2024-04-22 21:48:28,678 - root - INFO - Epoch: 88 | LR: 0.0001 | Loss 0.4395 | Val MaF1: 0.9292 (Best: 0.9456) | Test MaF1: 0.9194 (Best: 0.9293) | MiF1: 0.9205 (Best: 0.9297)
2024-04-22 21:48:29,102 - root - INFO - Epoch: 89 | LR: 0.0000 | Loss 0.4401 | Val MaF1: 0.9290 (Best: 0.9456) | Test MaF1: 0.9186 (Best: 0.9293) | MiF1: 0.9197 (Best: 0.9297)
2024-04-22 21:48:29,517 - root - INFO - Epoch: 90 | LR: 0.0000 | Loss 0.4397 | Val MaF1: 0.9290 (Best: 0.9456) | Test MaF1: 0.9193 (Best: 0.9293) | MiF1: 0.9205 (Best: 0.9297)
2024-04-22 21:48:29,944 - root - INFO - Epoch: 91 | LR: 0.0000 | Loss 0.4401 | Val MaF1: 0.9265 (Best: 0.9456) | Test MaF1: 0.9196 (Best: 0.9293) | MiF1: 0.9208 (Best: 0.9297)
2024-04-22 21:48:30,397 - root - INFO - Epoch: 92 | LR: 0.0000 | Loss 0.4399 | Val MaF1: 0.9265 (Best: 0.9456) | Test MaF1: 0.9196 (Best: 0.9293) | MiF1: 0.9208 (Best: 0.9297)
2024-04-22 21:48:30,832 - root - INFO - Epoch: 93 | LR: 0.0000 | Loss 0.4392 | Val MaF1: 0.9265 (Best: 0.9456) | Test MaF1: 0.9193 (Best: 0.9293) | MiF1: 0.9205 (Best: 0.9297)
2024-04-22 21:48:31,253 - root - INFO - Epoch: 94 | LR: 0.0000 | Loss 0.4394 | Val MaF1: 0.9265 (Best: 0.9456) | Test MaF1: 0.9193 (Best: 0.9293) | MiF1: 0.9205 (Best: 0.9297)
2024-04-22 21:48:31,668 - root - INFO - Epoch: 95 | LR: 0.0000 | Loss 0.4391 | Val MaF1: 0.9265 (Best: 0.9456) | Test MaF1: 0.9193 (Best: 0.9293) | MiF1: 0.9205 (Best: 0.9297)
2024-04-22 21:48:32,079 - root - INFO - Epoch: 96 | LR: 0.0000 | Loss 0.4396 | Val MaF1: 0.9265 (Best: 0.9456) | Test MaF1: 0.9193 (Best: 0.9293) | MiF1: 0.9205 (Best: 0.9297)
2024-04-22 21:48:32,492 - root - INFO - Epoch: 97 | LR: 0.0000 | Loss 0.4390 | Val MaF1: 0.9265 (Best: 0.9456) | Test MaF1: 0.9193 (Best: 0.9293) | MiF1: 0.9205 (Best: 0.9297)
2024-04-22 21:48:32,907 - root - INFO - Epoch: 98 | LR: 0.0000 | Loss 0.4394 | Val MaF1: 0.9265 (Best: 0.9456) | Test MaF1: 0.9193 (Best: 0.9293) | MiF1: 0.9205 (Best: 0.9297)
2024-04-22 21:48:33,366 - root - INFO - Epoch: 99 | LR: 0.0000 | Loss 0.4391 | Val MaF1: 0.9265 (Best: 0.9456) | Test MaF1: 0.9193 (Best: 0.9293) | MiF1: 0.9205 (Best: 0.9297)
2024-04-22 21:48:33,791 - root - INFO - Epoch: 100 | LR: 0.0000 | Loss 0.4397 | Val MaF1: 0.9265 (Best: 0.9456) | Test MaF1: 0.9193 (Best: 0.9293) | MiF1: 0.9205 (Best: 0.9297)
2024-04-22 21:48:33,791 - root - INFO - Best Epoch: 22 | Train MiF1: 0.9567,  MaF1: 0.9567 | Val MiF1: 0.9451, MaF1: 0.9456 | Test MaF1: 0.9293, MiF1: 0.9297
2024-04-22 21:48:34,009 - root - INFO - ARI: 0.7621 | NMI: 0.7265
