2024-04-22 20:35:48,823 - root - INFO - {'prefix': 'SR-HGN', 'gpu': 0, 'feat': 1, 'seed': 0, 'verbose': 1, 'train_split': 0.2, 'val_split': 0.3, 'num_type_heads': 4, 'num_node_heads': 4, 'hidden_dim': 256, 'clip': 1.0, 'num_layers': 3, 'alpha': 0.5, 'epochs': 100, 'dataset': 'acm', 'input_dim': 256, 'aggregate': 'concat', 'iscuda': True, 'cluster': True, 'max_lr': 0.001, 'weight_decay': 1e-05, 'heads': 1, 'han_heads': [4], 'hh_heads': 3, 'dropout': 0.2}
2024-04-22 20:35:51,507 - root - INFO - Training SR-HGN with #param: 17786812
2024-04-22 20:35:53,340 - root - INFO - ARI: 0.1077 | NMI: 0.1248
2024-04-22 20:35:53,341 - root - INFO - Epoch: 1 | LR: 0.0000 | Loss 1.0944 | Val MaF1: 0.2204 (Best: 0.2204) | Test MaF1: 0.2210 (Best: 0.2210) | MiF1: 0.4957 (Best: 0.4957)
2024-04-22 20:35:53,925 - root - INFO - ARI: 0.2907 | NMI: 0.3005
2024-04-22 20:35:53,925 - root - INFO - Epoch: 2 | LR: 0.0001 | Loss 1.0528 | Val MaF1: 0.2204 (Best: 0.2204) | Test MaF1: 0.2210 (Best: 0.2210) | MiF1: 0.4957 (Best: 0.4957)
2024-04-22 20:35:54,453 - root - INFO - ARI: 0.3948 | NMI: 0.4163
2024-04-22 20:35:54,453 - root - INFO - Epoch: 3 | LR: 0.0001 | Loss 1.0264 | Val MaF1: 0.2204 (Best: 0.2204) | Test MaF1: 0.2210 (Best: 0.2210) | MiF1: 0.4957 (Best: 0.4957)
2024-04-22 20:35:54,973 - root - INFO - ARI: 0.5316 | NMI: 0.5257
2024-04-22 20:35:54,974 - root - INFO - Epoch: 4 | LR: 0.0001 | Loss 1.0078 | Val MaF1: 0.2204 (Best: 0.2204) | Test MaF1: 0.2210 (Best: 0.2210) | MiF1: 0.4957 (Best: 0.4957)
2024-04-22 20:35:55,484 - root - INFO - ARI: 0.6032 | NMI: 0.5860
2024-04-22 20:35:55,484 - root - INFO - Epoch: 5 | LR: 0.0001 | Loss 0.9948 | Val MaF1: 0.2204 (Best: 0.2204) | Test MaF1: 0.2210 (Best: 0.2210) | MiF1: 0.4957 (Best: 0.4957)
2024-04-22 20:35:55,989 - root - INFO - ARI: 0.6444 | NMI: 0.6205
2024-04-22 20:35:55,989 - root - INFO - Epoch: 6 | LR: 0.0001 | Loss 0.9774 | Val MaF1: 0.2204 (Best: 0.2204) | Test MaF1: 0.2210 (Best: 0.2210) | MiF1: 0.4957 (Best: 0.4957)
2024-04-22 20:35:56,497 - root - INFO - ARI: 0.6696 | NMI: 0.6443
2024-04-22 20:35:56,497 - root - INFO - Epoch: 7 | LR: 0.0002 | Loss 0.9478 | Val MaF1: 0.2204 (Best: 0.2204) | Test MaF1: 0.2210 (Best: 0.2210) | MiF1: 0.4957 (Best: 0.4957)
2024-04-22 20:35:56,985 - root - INFO - ARI: 0.6729 | NMI: 0.6503
2024-04-22 20:35:56,986 - root - INFO - Epoch: 8 | LR: 0.0002 | Loss 0.9035 | Val MaF1: 0.2204 (Best: 0.2204) | Test MaF1: 0.2269 (Best: 0.2269) | MiF1: 0.4979 (Best: 0.4979)
2024-04-22 20:35:57,480 - root - INFO - ARI: 0.6833 | NMI: 0.6625
2024-04-22 20:35:57,481 - root - INFO - Epoch: 9 | LR: 0.0003 | Loss 0.8470 | Val MaF1: 0.7147 (Best: 0.7147) | Test MaF1: 0.7092 (Best: 0.7092) | MiF1: 0.7589 (Best: 0.7589)
2024-04-22 20:35:57,980 - root - INFO - ARI: 0.7054 | NMI: 0.6790
2024-04-22 20:35:57,980 - root - INFO - Epoch: 10 | LR: 0.0003 | Loss 0.7903 | Val MaF1: 0.9076 (Best: 0.9076) | Test MaF1: 0.9106 (Best: 0.9106) | MiF1: 0.9102 (Best: 0.9102)
2024-04-22 20:35:58,491 - root - INFO - ARI: 0.7246 | NMI: 0.6913
2024-04-22 20:35:58,491 - root - INFO - Epoch: 11 | LR: 0.0003 | Loss 0.7299 | Val MaF1: 0.9144 (Best: 0.9144) | Test MaF1: 0.9109 (Best: 0.9109) | MiF1: 0.9098 (Best: 0.9098)
2024-04-22 20:35:58,793 - root - INFO - Epoch: 12 | LR: 0.0004 | Loss 0.6508 | Val MaF1: 0.9054 (Best: 0.9144) | Test MaF1: 0.9087 (Best: 0.9109) | MiF1: 0.9080 (Best: 0.9098)
2024-04-22 20:35:59,055 - root - INFO - Epoch: 13 | LR: 0.0004 | Loss 0.5653 | Val MaF1: 0.8850 (Best: 0.9144) | Test MaF1: 0.8873 (Best: 0.9109) | MiF1: 0.8888 (Best: 0.9098)
2024-04-22 20:35:59,319 - root - INFO - Epoch: 14 | LR: 0.0005 | Loss 0.5163 | Val MaF1: 0.8887 (Best: 0.9144) | Test MaF1: 0.8986 (Best: 0.9109) | MiF1: 0.8984 (Best: 0.9098)
2024-04-22 20:35:59,584 - root - INFO - Epoch: 15 | LR: 0.0005 | Loss 0.4626 | Val MaF1: 0.9140 (Best: 0.9144) | Test MaF1: 0.9078 (Best: 0.9109) | MiF1: 0.9066 (Best: 0.9098)
2024-04-22 20:35:59,847 - root - INFO - Epoch: 16 | LR: 0.0006 | Loss 0.4227 | Val MaF1: 0.9218 (Best: 0.9144) | Test MaF1: 0.9060 (Best: 0.9109) | MiF1: 0.9055 (Best: 0.9098)
2024-04-22 20:36:00,118 - root - INFO - Epoch: 17 | LR: 0.0006 | Loss 0.3916 | Val MaF1: 0.9190 (Best: 0.9144) | Test MaF1: 0.9060 (Best: 0.9109) | MiF1: 0.9062 (Best: 0.9098)
2024-04-22 20:36:00,381 - root - INFO - Epoch: 18 | LR: 0.0007 | Loss 0.3795 | Val MaF1: 0.9190 (Best: 0.9144) | Test MaF1: 0.9073 (Best: 0.9109) | MiF1: 0.9073 (Best: 0.9098)
2024-04-22 20:36:00,645 - root - INFO - Epoch: 19 | LR: 0.0007 | Loss 0.3657 | Val MaF1: 0.9139 (Best: 0.9144) | Test MaF1: 0.9099 (Best: 0.9109) | MiF1: 0.9091 (Best: 0.9098)
2024-04-22 20:36:00,906 - root - INFO - Epoch: 20 | LR: 0.0008 | Loss 0.3537 | Val MaF1: 0.9200 (Best: 0.9144) | Test MaF1: 0.9072 (Best: 0.9109) | MiF1: 0.9062 (Best: 0.9098)
2024-04-22 20:36:01,168 - root - INFO - Epoch: 21 | LR: 0.0008 | Loss 0.3489 | Val MaF1: 0.9152 (Best: 0.9144) | Test MaF1: 0.9106 (Best: 0.9109) | MiF1: 0.9102 (Best: 0.9098)
2024-04-22 20:36:01,428 - root - INFO - Epoch: 22 | LR: 0.0009 | Loss 0.3395 | Val MaF1: 0.9143 (Best: 0.9144) | Test MaF1: 0.9092 (Best: 0.9109) | MiF1: 0.9091 (Best: 0.9098)
2024-04-22 20:36:01,690 - root - INFO - Epoch: 23 | LR: 0.0009 | Loss 0.3336 | Val MaF1: 0.9095 (Best: 0.9144) | Test MaF1: 0.9083 (Best: 0.9109) | MiF1: 0.9084 (Best: 0.9098)
2024-04-22 20:36:01,951 - root - INFO - Epoch: 24 | LR: 0.0009 | Loss 0.3249 | Val MaF1: 0.9021 (Best: 0.9144) | Test MaF1: 0.9080 (Best: 0.9109) | MiF1: 0.9080 (Best: 0.9098)
2024-04-22 20:36:02,212 - root - INFO - Epoch: 25 | LR: 0.0010 | Loss 0.3180 | Val MaF1: 0.9024 (Best: 0.9144) | Test MaF1: 0.9045 (Best: 0.9109) | MiF1: 0.9048 (Best: 0.9098)
2024-04-22 20:36:02,473 - root - INFO - Epoch: 26 | LR: 0.0010 | Loss 0.3139 | Val MaF1: 0.8999 (Best: 0.9144) | Test MaF1: 0.9031 (Best: 0.9109) | MiF1: 0.9034 (Best: 0.9098)
2024-04-22 20:36:02,739 - root - INFO - Epoch: 27 | LR: 0.0010 | Loss 0.3121 | Val MaF1: 0.9021 (Best: 0.9144) | Test MaF1: 0.9015 (Best: 0.9109) | MiF1: 0.9020 (Best: 0.9098)
2024-04-22 20:36:02,999 - root - INFO - Epoch: 28 | LR: 0.0010 | Loss 0.3071 | Val MaF1: 0.9021 (Best: 0.9144) | Test MaF1: 0.8989 (Best: 0.9109) | MiF1: 0.8988 (Best: 0.9098)
2024-04-22 20:36:03,260 - root - INFO - Epoch: 29 | LR: 0.0010 | Loss 0.3054 | Val MaF1: 0.8952 (Best: 0.9144) | Test MaF1: 0.8970 (Best: 0.9109) | MiF1: 0.8963 (Best: 0.9098)
2024-04-22 20:36:03,520 - root - INFO - Epoch: 30 | LR: 0.0010 | Loss 0.3023 | Val MaF1: 0.9007 (Best: 0.9144) | Test MaF1: 0.8937 (Best: 0.9109) | MiF1: 0.8938 (Best: 0.9098)
2024-04-22 20:36:03,783 - root - INFO - Epoch: 31 | LR: 0.0010 | Loss 0.3002 | Val MaF1: 0.9034 (Best: 0.9144) | Test MaF1: 0.8922 (Best: 0.9109) | MiF1: 0.8920 (Best: 0.9098)
2024-04-22 20:36:04,044 - root - INFO - Epoch: 32 | LR: 0.0010 | Loss 0.2994 | Val MaF1: 0.9072 (Best: 0.9144) | Test MaF1: 0.8933 (Best: 0.9109) | MiF1: 0.8945 (Best: 0.9098)
2024-04-22 20:36:04,311 - root - INFO - Epoch: 33 | LR: 0.0010 | Loss 0.2976 | Val MaF1: 0.9049 (Best: 0.9144) | Test MaF1: 0.8909 (Best: 0.9109) | MiF1: 0.8920 (Best: 0.9098)
2024-04-22 20:36:04,572 - root - INFO - Epoch: 34 | LR: 0.0010 | Loss 0.2969 | Val MaF1: 0.8967 (Best: 0.9144) | Test MaF1: 0.8951 (Best: 0.9109) | MiF1: 0.8945 (Best: 0.9098)
2024-04-22 20:36:04,837 - root - INFO - Epoch: 35 | LR: 0.0010 | Loss 0.2947 | Val MaF1: 0.8908 (Best: 0.9144) | Test MaF1: 0.8897 (Best: 0.9109) | MiF1: 0.8896 (Best: 0.9098)
2024-04-22 20:36:05,096 - root - INFO - Epoch: 36 | LR: 0.0010 | Loss 0.2930 | Val MaF1: 0.9048 (Best: 0.9144) | Test MaF1: 0.8931 (Best: 0.9109) | MiF1: 0.8938 (Best: 0.9098)
2024-04-22 20:36:05,378 - root - INFO - Epoch: 37 | LR: 0.0010 | Loss 0.2906 | Val MaF1: 0.9105 (Best: 0.9144) | Test MaF1: 0.8972 (Best: 0.9109) | MiF1: 0.8977 (Best: 0.9098)
2024-04-22 20:36:05,639 - root - INFO - Epoch: 38 | LR: 0.0010 | Loss 0.2878 | Val MaF1: 0.9044 (Best: 0.9144) | Test MaF1: 0.8982 (Best: 0.9109) | MiF1: 0.8988 (Best: 0.9098)
2024-04-22 20:36:05,904 - root - INFO - Epoch: 39 | LR: 0.0010 | Loss 0.2827 | Val MaF1: 0.9019 (Best: 0.9144) | Test MaF1: 0.8984 (Best: 0.9109) | MiF1: 0.8988 (Best: 0.9098)
2024-04-22 20:36:06,165 - root - INFO - Epoch: 40 | LR: 0.0009 | Loss 0.2835 | Val MaF1: 0.9018 (Best: 0.9144) | Test MaF1: 0.9004 (Best: 0.9109) | MiF1: 0.9009 (Best: 0.9098)
2024-04-22 20:36:06,429 - root - INFO - Epoch: 41 | LR: 0.0009 | Loss 0.2786 | Val MaF1: 0.8957 (Best: 0.9144) | Test MaF1: 0.8980 (Best: 0.9109) | MiF1: 0.8995 (Best: 0.9098)
2024-04-22 20:36:06,689 - root - INFO - Epoch: 42 | LR: 0.0009 | Loss 0.2781 | Val MaF1: 0.9035 (Best: 0.9144) | Test MaF1: 0.8980 (Best: 0.9109) | MiF1: 0.8984 (Best: 0.9098)
2024-04-22 20:36:06,954 - root - INFO - Epoch: 43 | LR: 0.0009 | Loss 0.2774 | Val MaF1: 0.9063 (Best: 0.9144) | Test MaF1: 0.8992 (Best: 0.9109) | MiF1: 0.8988 (Best: 0.9098)
2024-04-22 20:36:07,215 - root - INFO - Epoch: 44 | LR: 0.0009 | Loss 0.2733 | Val MaF1: 0.9015 (Best: 0.9144) | Test MaF1: 0.8967 (Best: 0.9109) | MiF1: 0.8984 (Best: 0.9098)
2024-04-22 20:36:07,479 - root - INFO - Epoch: 45 | LR: 0.0009 | Loss 0.2756 | Val MaF1: 0.9057 (Best: 0.9144) | Test MaF1: 0.8981 (Best: 0.9109) | MiF1: 0.8988 (Best: 0.9098)
2024-04-22 20:36:07,740 - root - INFO - Epoch: 46 | LR: 0.0009 | Loss 0.2698 | Val MaF1: 0.9133 (Best: 0.9144) | Test MaF1: 0.8971 (Best: 0.9109) | MiF1: 0.8970 (Best: 0.9098)
2024-04-22 20:36:08,003 - root - INFO - Epoch: 47 | LR: 0.0008 | Loss 0.2687 | Val MaF1: 0.9108 (Best: 0.9144) | Test MaF1: 0.8967 (Best: 0.9109) | MiF1: 0.8970 (Best: 0.9098)
2024-04-22 20:36:08,264 - root - INFO - Epoch: 48 | LR: 0.0008 | Loss 0.2683 | Val MaF1: 0.9108 (Best: 0.9144) | Test MaF1: 0.8975 (Best: 0.9109) | MiF1: 0.8977 (Best: 0.9098)
2024-04-22 20:36:08,526 - root - INFO - Epoch: 49 | LR: 0.0008 | Loss 0.2680 | Val MaF1: 0.9082 (Best: 0.9144) | Test MaF1: 0.8987 (Best: 0.9109) | MiF1: 0.8991 (Best: 0.9098)
2024-04-22 20:36:08,789 - root - INFO - Epoch: 50 | LR: 0.0008 | Loss 0.2661 | Val MaF1: 0.9086 (Best: 0.9144) | Test MaF1: 0.9000 (Best: 0.9109) | MiF1: 0.9002 (Best: 0.9098)
2024-04-22 20:36:09,049 - root - INFO - Epoch: 51 | LR: 0.0008 | Loss 0.2667 | Val MaF1: 0.9086 (Best: 0.9144) | Test MaF1: 0.8971 (Best: 0.9109) | MiF1: 0.8974 (Best: 0.9098)
2024-04-22 20:36:09,311 - root - INFO - Epoch: 52 | LR: 0.0008 | Loss 0.2656 | Val MaF1: 0.9025 (Best: 0.9144) | Test MaF1: 0.8995 (Best: 0.9109) | MiF1: 0.9009 (Best: 0.9098)
2024-04-22 20:36:09,575 - root - INFO - Epoch: 53 | LR: 0.0007 | Loss 0.2639 | Val MaF1: 0.8945 (Best: 0.9144) | Test MaF1: 0.8978 (Best: 0.9109) | MiF1: 0.8995 (Best: 0.9098)
2024-04-22 20:36:09,838 - root - INFO - Epoch: 54 | LR: 0.0007 | Loss 0.2645 | Val MaF1: 0.8951 (Best: 0.9144) | Test MaF1: 0.9036 (Best: 0.9109) | MiF1: 0.9045 (Best: 0.9098)
2024-04-22 20:36:10,100 - root - INFO - Epoch: 55 | LR: 0.0007 | Loss 0.2618 | Val MaF1: 0.8975 (Best: 0.9144) | Test MaF1: 0.9016 (Best: 0.9109) | MiF1: 0.9020 (Best: 0.9098)
2024-04-22 20:36:10,363 - root - INFO - Epoch: 56 | LR: 0.0007 | Loss 0.2647 | Val MaF1: 0.8846 (Best: 0.9144) | Test MaF1: 0.9026 (Best: 0.9109) | MiF1: 0.9038 (Best: 0.9098)
2024-04-22 20:36:10,623 - root - INFO - Epoch: 57 | LR: 0.0007 | Loss 0.2615 | Val MaF1: 0.8873 (Best: 0.9144) | Test MaF1: 0.8978 (Best: 0.9109) | MiF1: 0.8995 (Best: 0.9098)
2024-04-22 20:36:10,887 - root - INFO - Epoch: 58 | LR: 0.0006 | Loss 0.2598 | Val MaF1: 0.8923 (Best: 0.9144) | Test MaF1: 0.8984 (Best: 0.9109) | MiF1: 0.9002 (Best: 0.9098)
2024-04-22 20:36:11,146 - root - INFO - Epoch: 59 | LR: 0.0006 | Loss 0.2612 | Val MaF1: 0.8979 (Best: 0.9144) | Test MaF1: 0.9037 (Best: 0.9109) | MiF1: 0.9048 (Best: 0.9098)
2024-04-22 20:36:11,409 - root - INFO - Epoch: 60 | LR: 0.0006 | Loss 0.2589 | Val MaF1: 0.9025 (Best: 0.9144) | Test MaF1: 0.8998 (Best: 0.9109) | MiF1: 0.8999 (Best: 0.9098)
2024-04-22 20:36:11,668 - root - INFO - Epoch: 61 | LR: 0.0006 | Loss 0.2603 | Val MaF1: 0.9025 (Best: 0.9144) | Test MaF1: 0.8997 (Best: 0.9109) | MiF1: 0.8995 (Best: 0.9098)
2024-04-22 20:36:11,929 - root - INFO - Epoch: 62 | LR: 0.0005 | Loss 0.2580 | Val MaF1: 0.9047 (Best: 0.9144) | Test MaF1: 0.9006 (Best: 0.9109) | MiF1: 0.9009 (Best: 0.9098)
2024-04-22 20:36:12,190 - root - INFO - Epoch: 63 | LR: 0.0005 | Loss 0.2594 | Val MaF1: 0.9108 (Best: 0.9144) | Test MaF1: 0.9022 (Best: 0.9109) | MiF1: 0.9031 (Best: 0.9098)
2024-04-22 20:36:12,451 - root - INFO - Epoch: 64 | LR: 0.0005 | Loss 0.2584 | Val MaF1: 0.9053 (Best: 0.9144) | Test MaF1: 0.9027 (Best: 0.9109) | MiF1: 0.9038 (Best: 0.9098)
2024-04-22 20:36:12,710 - root - INFO - Epoch: 65 | LR: 0.0005 | Loss 0.2589 | Val MaF1: 0.9050 (Best: 0.9144) | Test MaF1: 0.9026 (Best: 0.9109) | MiF1: 0.9041 (Best: 0.9098)
2024-04-22 20:36:12,973 - root - INFO - Epoch: 66 | LR: 0.0005 | Loss 0.2609 | Val MaF1: 0.9076 (Best: 0.9144) | Test MaF1: 0.9014 (Best: 0.9109) | MiF1: 0.9031 (Best: 0.9098)
2024-04-22 20:36:13,234 - root - INFO - Epoch: 67 | LR: 0.0004 | Loss 0.2594 | Val MaF1: 0.9050 (Best: 0.9144) | Test MaF1: 0.9019 (Best: 0.9109) | MiF1: 0.9034 (Best: 0.9098)
2024-04-22 20:36:13,495 - root - INFO - Epoch: 68 | LR: 0.0004 | Loss 0.2577 | Val MaF1: 0.9050 (Best: 0.9144) | Test MaF1: 0.9024 (Best: 0.9109) | MiF1: 0.9038 (Best: 0.9098)
2024-04-22 20:36:13,764 - root - INFO - Epoch: 69 | LR: 0.0004 | Loss 0.2588 | Val MaF1: 0.9105 (Best: 0.9144) | Test MaF1: 0.9029 (Best: 0.9109) | MiF1: 0.9041 (Best: 0.9098)
2024-04-22 20:36:14,027 - root - INFO - Epoch: 70 | LR: 0.0004 | Loss 0.2592 | Val MaF1: 0.9069 (Best: 0.9144) | Test MaF1: 0.8999 (Best: 0.9109) | MiF1: 0.9006 (Best: 0.9098)
2024-04-22 20:36:14,290 - root - INFO - Epoch: 71 | LR: 0.0003 | Loss 0.2576 | Val MaF1: 0.9069 (Best: 0.9144) | Test MaF1: 0.8996 (Best: 0.9109) | MiF1: 0.8999 (Best: 0.9098)
2024-04-22 20:36:14,550 - root - INFO - Epoch: 72 | LR: 0.0003 | Loss 0.2577 | Val MaF1: 0.8981 (Best: 0.9144) | Test MaF1: 0.8993 (Best: 0.9109) | MiF1: 0.8991 (Best: 0.9098)
2024-04-22 20:36:14,812 - root - INFO - Epoch: 73 | LR: 0.0003 | Loss 0.2583 | Val MaF1: 0.8981 (Best: 0.9144) | Test MaF1: 0.9000 (Best: 0.9109) | MiF1: 0.8999 (Best: 0.9098)
2024-04-22 20:36:15,073 - root - INFO - Epoch: 74 | LR: 0.0003 | Loss 0.2584 | Val MaF1: 0.8981 (Best: 0.9144) | Test MaF1: 0.8996 (Best: 0.9109) | MiF1: 0.8995 (Best: 0.9098)
2024-04-22 20:36:15,336 - root - INFO - Epoch: 75 | LR: 0.0003 | Loss 0.2585 | Val MaF1: 0.8981 (Best: 0.9144) | Test MaF1: 0.8999 (Best: 0.9109) | MiF1: 0.8999 (Best: 0.9098)
2024-04-22 20:36:15,597 - root - INFO - Epoch: 76 | LR: 0.0002 | Loss 0.2573 | Val MaF1: 0.8981 (Best: 0.9144) | Test MaF1: 0.8997 (Best: 0.9109) | MiF1: 0.8999 (Best: 0.9098)
2024-04-22 20:36:15,862 - root - INFO - Epoch: 77 | LR: 0.0002 | Loss 0.2584 | Val MaF1: 0.9025 (Best: 0.9144) | Test MaF1: 0.8975 (Best: 0.9109) | MiF1: 0.8977 (Best: 0.9098)
2024-04-22 20:36:16,125 - root - INFO - Epoch: 78 | LR: 0.0002 | Loss 0.2576 | Val MaF1: 0.9055 (Best: 0.9144) | Test MaF1: 0.8968 (Best: 0.9109) | MiF1: 0.8970 (Best: 0.9098)
2024-04-22 20:36:16,389 - root - INFO - Epoch: 79 | LR: 0.0002 | Loss 0.2572 | Val MaF1: 0.9035 (Best: 0.9144) | Test MaF1: 0.8990 (Best: 0.9109) | MiF1: 0.8995 (Best: 0.9098)
2024-04-22 20:36:16,651 - root - INFO - Epoch: 80 | LR: 0.0002 | Loss 0.2585 | Val MaF1: 0.9035 (Best: 0.9144) | Test MaF1: 0.8995 (Best: 0.9109) | MiF1: 0.9002 (Best: 0.9098)
2024-04-22 20:36:16,913 - root - INFO - Epoch: 81 | LR: 0.0002 | Loss 0.2573 | Val MaF1: 0.9035 (Best: 0.9144) | Test MaF1: 0.9003 (Best: 0.9109) | MiF1: 0.9013 (Best: 0.9098)
2024-04-22 20:36:17,177 - root - INFO - Epoch: 82 | LR: 0.0001 | Loss 0.2571 | Val MaF1: 0.9035 (Best: 0.9144) | Test MaF1: 0.8999 (Best: 0.9109) | MiF1: 0.9009 (Best: 0.9098)
2024-04-22 20:36:17,439 - root - INFO - Epoch: 83 | LR: 0.0001 | Loss 0.2574 | Val MaF1: 0.9035 (Best: 0.9144) | Test MaF1: 0.9002 (Best: 0.9109) | MiF1: 0.9013 (Best: 0.9098)
2024-04-22 20:36:17,700 - root - INFO - Epoch: 84 | LR: 0.0001 | Loss 0.2588 | Val MaF1: 0.9035 (Best: 0.9144) | Test MaF1: 0.9002 (Best: 0.9109) | MiF1: 0.9013 (Best: 0.9098)
2024-04-22 20:36:17,963 - root - INFO - Epoch: 85 | LR: 0.0001 | Loss 0.2578 | Val MaF1: 0.9035 (Best: 0.9144) | Test MaF1: 0.8999 (Best: 0.9109) | MiF1: 0.9009 (Best: 0.9098)
2024-04-22 20:36:18,226 - root - INFO - Epoch: 86 | LR: 0.0001 | Loss 0.2576 | Val MaF1: 0.9035 (Best: 0.9144) | Test MaF1: 0.9003 (Best: 0.9109) | MiF1: 0.9013 (Best: 0.9098)
2024-04-22 20:36:18,485 - root - INFO - Epoch: 87 | LR: 0.0001 | Loss 0.2574 | Val MaF1: 0.9035 (Best: 0.9144) | Test MaF1: 0.9007 (Best: 0.9109) | MiF1: 0.9016 (Best: 0.9098)
2024-04-22 20:36:18,750 - root - INFO - Epoch: 88 | LR: 0.0001 | Loss 0.2579 | Val MaF1: 0.9035 (Best: 0.9144) | Test MaF1: 0.9007 (Best: 0.9109) | MiF1: 0.9016 (Best: 0.9098)
2024-04-22 20:36:19,010 - root - INFO - Epoch: 89 | LR: 0.0000 | Loss 0.2570 | Val MaF1: 0.9035 (Best: 0.9144) | Test MaF1: 0.9004 (Best: 0.9109) | MiF1: 0.9013 (Best: 0.9098)
2024-04-22 20:36:19,276 - root - INFO - Epoch: 90 | LR: 0.0000 | Loss 0.2582 | Val MaF1: 0.9035 (Best: 0.9144) | Test MaF1: 0.9004 (Best: 0.9109) | MiF1: 0.9013 (Best: 0.9098)
2024-04-22 20:36:19,535 - root - INFO - Epoch: 91 | LR: 0.0000 | Loss 0.2576 | Val MaF1: 0.9035 (Best: 0.9144) | Test MaF1: 0.9001 (Best: 0.9109) | MiF1: 0.9009 (Best: 0.9098)
2024-04-22 20:36:19,799 - root - INFO - Epoch: 92 | LR: 0.0000 | Loss 0.2571 | Val MaF1: 0.9035 (Best: 0.9144) | Test MaF1: 0.8998 (Best: 0.9109) | MiF1: 0.9006 (Best: 0.9098)
2024-04-22 20:36:20,058 - root - INFO - Epoch: 93 | LR: 0.0000 | Loss 0.2572 | Val MaF1: 0.9035 (Best: 0.9144) | Test MaF1: 0.8995 (Best: 0.9109) | MiF1: 0.9002 (Best: 0.9098)
2024-04-22 20:36:20,323 - root - INFO - Epoch: 94 | LR: 0.0000 | Loss 0.2572 | Val MaF1: 0.9035 (Best: 0.9144) | Test MaF1: 0.8995 (Best: 0.9109) | MiF1: 0.9002 (Best: 0.9098)
2024-04-22 20:36:20,584 - root - INFO - Epoch: 95 | LR: 0.0000 | Loss 0.2579 | Val MaF1: 0.9035 (Best: 0.9144) | Test MaF1: 0.8999 (Best: 0.9109) | MiF1: 0.9006 (Best: 0.9098)
2024-04-22 20:36:20,849 - root - INFO - Epoch: 96 | LR: 0.0000 | Loss 0.2578 | Val MaF1: 0.9035 (Best: 0.9144) | Test MaF1: 0.9002 (Best: 0.9109) | MiF1: 0.9009 (Best: 0.9098)
2024-04-22 20:36:21,109 - root - INFO - Epoch: 97 | LR: 0.0000 | Loss 0.2570 | Val MaF1: 0.9035 (Best: 0.9144) | Test MaF1: 0.9002 (Best: 0.9109) | MiF1: 0.9009 (Best: 0.9098)
2024-04-22 20:36:21,376 - root - INFO - Epoch: 98 | LR: 0.0000 | Loss 0.2586 | Val MaF1: 0.9035 (Best: 0.9144) | Test MaF1: 0.9002 (Best: 0.9109) | MiF1: 0.9009 (Best: 0.9098)
2024-04-22 20:36:21,638 - root - INFO - Epoch: 99 | LR: 0.0000 | Loss 0.2569 | Val MaF1: 0.9035 (Best: 0.9144) | Test MaF1: 0.9002 (Best: 0.9109) | MiF1: 0.9009 (Best: 0.9098)
2024-04-22 20:36:21,903 - root - INFO - Epoch: 100 | LR: 0.0000 | Loss 0.2575 | Val MaF1: 0.9035 (Best: 0.9144) | Test MaF1: 0.9002 (Best: 0.9109) | MiF1: 0.9009 (Best: 0.9098)
2024-04-22 20:36:21,904 - root - INFO - Best Epoch: 11 | Train MiF1: 0.9233,  MaF1: 0.9236 | Val MiF1: 0.9127, MaF1: 0.9144 | Test MaF1: 0.9109, MiF1: 0.9098
2024-04-22 20:36:22,056 - root - INFO - ARI: 0.7246 | NMI: 0.6913
