2024-04-18 00:57:32,705 - root - INFO - {'prefix': 'SR-HGN', 'gpu': 0, 'feat': 1, 'seed': 0, 'verbose': 1, 'train_split': 0.2, 'val_split': 0.3, 'num_type_heads': 4, 'num_node_heads': 4, 'hidden_dim': 16, 'clip': 1.0, 'num_layers': 3, 'alpha': 0.5, 'epochs': 120, 'dataset': 'acm', 'input_dim': 256, 'aggregate': 'concat', 'iscuda': False, 'cluster': True, 'max_lr': 0.001, 'weight_decay': 1e-05, 'heads': 8, 'han_heads': [4], 'hh_heads': 3, 'dropout': 0.2}
2024-04-18 00:57:33,270 - root - INFO - Training SR-HGN with #param: 1190227
2024-04-18 00:57:39,014 - root - INFO - Epoch: 1 | LR: 0.0000 | Loss 1.0960 | Val MaF1: 0.4128 (Best: 0.4128) | Test MaF1: 0.3887 (Best: 0.3887) | MiF1: 0.4254 (Best: 0.4254)
2024-04-18 00:57:44,478 - root - INFO - Epoch: 2 | LR: 0.0000 | Loss 1.0955 | Val MaF1: 0.4204 (Best: 0.4204) | Test MaF1: 0.3917 (Best: 0.3917) | MiF1: 0.4531 (Best: 0.4531)
2024-04-18 00:57:49,857 - root - INFO - Epoch: 3 | LR: 0.0001 | Loss 1.0848 | Val MaF1: 0.4127 (Best: 0.4127) | Test MaF1: 0.3921 (Best: 0.3921) | MiF1: 0.4854 (Best: 0.4854)
2024-04-18 00:57:55,174 - root - INFO - Epoch: 4 | LR: 0.0001 | Loss 1.0786 | Val MaF1: 0.3773 (Best: 0.4127) | Test MaF1: 0.3736 (Best: 0.3921) | MiF1: 0.5053 (Best: 0.4854)
2024-04-18 00:58:00,330 - root - INFO - Epoch: 5 | LR: 0.0001 | Loss 1.0828 | Val MaF1: 0.3211 (Best: 0.4127) | Test MaF1: 0.3364 (Best: 0.3921) | MiF1: 0.5085 (Best: 0.4854)
2024-04-18 00:58:05,639 - root - INFO - Epoch: 6 | LR: 0.0001 | Loss 1.0644 | Val MaF1: 0.2873 (Best: 0.4127) | Test MaF1: 0.3039 (Best: 0.3921) | MiF1: 0.5099 (Best: 0.4854)
2024-04-18 00:58:10,830 - root - INFO - Epoch: 7 | LR: 0.0001 | Loss 1.0616 | Val MaF1: 0.2522 (Best: 0.4127) | Test MaF1: 0.2656 (Best: 0.3921) | MiF1: 0.5050 (Best: 0.4854)
2024-04-18 00:58:16,165 - root - INFO - Epoch: 8 | LR: 0.0002 | Loss 1.0563 | Val MaF1: 0.2338 (Best: 0.4127) | Test MaF1: 0.2393 (Best: 0.3921) | MiF1: 0.5004 (Best: 0.4854)
2024-04-18 00:58:21,310 - root - INFO - Epoch: 9 | LR: 0.0002 | Loss 1.0478 | Val MaF1: 0.2275 (Best: 0.4127) | Test MaF1: 0.2230 (Best: 0.3921) | MiF1: 0.4964 (Best: 0.4854)
2024-04-18 00:58:26,572 - root - INFO - Epoch: 10 | LR: 0.0002 | Loss 1.0351 | Val MaF1: 0.2204 (Best: 0.4127) | Test MaF1: 0.2210 (Best: 0.3921) | MiF1: 0.4957 (Best: 0.4854)
2024-04-18 00:58:31,755 - root - INFO - Epoch: 11 | LR: 0.0003 | Loss 1.0262 | Val MaF1: 0.2204 (Best: 0.4127) | Test MaF1: 0.2210 (Best: 0.3921) | MiF1: 0.4957 (Best: 0.4854)
2024-04-18 00:58:36,918 - root - INFO - Epoch: 12 | LR: 0.0003 | Loss 1.0090 | Val MaF1: 0.2204 (Best: 0.4127) | Test MaF1: 0.2210 (Best: 0.3921) | MiF1: 0.4957 (Best: 0.4854)
2024-04-18 00:58:42,329 - root - INFO - Epoch: 13 | LR: 0.0003 | Loss 1.0008 | Val MaF1: 0.2204 (Best: 0.4127) | Test MaF1: 0.2210 (Best: 0.3921) | MiF1: 0.4957 (Best: 0.4854)
2024-04-18 00:58:47,648 - root - INFO - Epoch: 14 | LR: 0.0004 | Loss 0.9930 | Val MaF1: 0.2204 (Best: 0.4127) | Test MaF1: 0.2210 (Best: 0.3921) | MiF1: 0.4957 (Best: 0.4854)
2024-04-18 00:58:52,970 - root - INFO - Epoch: 15 | LR: 0.0004 | Loss 0.9801 | Val MaF1: 0.2204 (Best: 0.4127) | Test MaF1: 0.2210 (Best: 0.3921) | MiF1: 0.4957 (Best: 0.4854)
2024-04-18 00:58:58,194 - root - INFO - Epoch: 16 | LR: 0.0005 | Loss 0.9668 | Val MaF1: 0.2204 (Best: 0.4127) | Test MaF1: 0.2210 (Best: 0.3921) | MiF1: 0.4957 (Best: 0.4854)
2024-04-18 00:59:03,546 - root - INFO - Epoch: 17 | LR: 0.0005 | Loss 0.9533 | Val MaF1: 0.2204 (Best: 0.4127) | Test MaF1: 0.2210 (Best: 0.3921) | MiF1: 0.4957 (Best: 0.4854)
2024-04-18 00:59:08,749 - root - INFO - Epoch: 18 | LR: 0.0005 | Loss 0.9364 | Val MaF1: 0.2204 (Best: 0.4127) | Test MaF1: 0.2210 (Best: 0.3921) | MiF1: 0.4957 (Best: 0.4854)
2024-04-18 00:59:14,155 - root - INFO - Epoch: 19 | LR: 0.0006 | Loss 0.9178 | Val MaF1: 0.2204 (Best: 0.4127) | Test MaF1: 0.2219 (Best: 0.3921) | MiF1: 0.4961 (Best: 0.4854)
2024-04-18 00:59:19,413 - root - INFO - Epoch: 20 | LR: 0.0006 | Loss 0.8975 | Val MaF1: 0.2406 (Best: 0.4127) | Test MaF1: 0.2338 (Best: 0.3921) | MiF1: 0.5004 (Best: 0.4854)
2024-04-18 00:59:24,898 - root - INFO - Epoch: 21 | LR: 0.0007 | Loss 0.8715 | Val MaF1: 0.2922 (Best: 0.4127) | Test MaF1: 0.3067 (Best: 0.3921) | MiF1: 0.5284 (Best: 0.4854)
2024-04-18 00:59:30,308 - root - INFO - Epoch: 22 | LR: 0.0007 | Loss 0.8469 | Val MaF1: 0.4941 (Best: 0.4941) | Test MaF1: 0.4948 (Best: 0.4948) | MiF1: 0.6147 (Best: 0.6147)
2024-04-18 00:59:35,873 - root - INFO - Epoch: 23 | LR: 0.0007 | Loss 0.8204 | Val MaF1: 0.7149 (Best: 0.7149) | Test MaF1: 0.7306 (Best: 0.7306) | MiF1: 0.7607 (Best: 0.7607)
2024-04-18 00:59:41,144 - root - INFO - Epoch: 24 | LR: 0.0008 | Loss 0.7959 | Val MaF1: 0.8320 (Best: 0.8320) | Test MaF1: 0.8382 (Best: 0.8382) | MiF1: 0.8462 (Best: 0.8462)
2024-04-18 00:59:46,635 - root - INFO - Epoch: 25 | LR: 0.0008 | Loss 0.7697 | Val MaF1: 0.8851 (Best: 0.8851) | Test MaF1: 0.8748 (Best: 0.8748) | MiF1: 0.8782 (Best: 0.8782)
2024-04-18 00:59:51,984 - root - INFO - Epoch: 26 | LR: 0.0009 | Loss 0.7463 | Val MaF1: 0.8893 (Best: 0.8893) | Test MaF1: 0.8839 (Best: 0.8839) | MiF1: 0.8864 (Best: 0.8864)
2024-04-18 00:59:57,507 - root - INFO - Epoch: 27 | LR: 0.0009 | Loss 0.7160 | Val MaF1: 0.8981 (Best: 0.8981) | Test MaF1: 0.8883 (Best: 0.8883) | MiF1: 0.8906 (Best: 0.8906)
2024-04-18 01:00:02,926 - root - INFO - Epoch: 28 | LR: 0.0009 | Loss 0.6855 | Val MaF1: 0.8919 (Best: 0.8981) | Test MaF1: 0.8883 (Best: 0.8883) | MiF1: 0.8910 (Best: 0.8906)
2024-04-18 01:00:08,373 - root - INFO - Epoch: 29 | LR: 0.0009 | Loss 0.6551 | Val MaF1: 0.8921 (Best: 0.8921) | Test MaF1: 0.8903 (Best: 0.8903) | MiF1: 0.8931 (Best: 0.8931)
2024-04-18 01:00:15,539 - root - INFO - Epoch: 30 | LR: 0.0010 | Loss 0.6311 | Val MaF1: 0.8921 (Best: 0.8921) | Test MaF1: 0.8968 (Best: 0.8968) | MiF1: 0.8991 (Best: 0.8991)
2024-04-18 01:00:22,866 - root - INFO - Epoch: 31 | LR: 0.0010 | Loss 0.6056 | Val MaF1: 0.8929 (Best: 0.8929) | Test MaF1: 0.9054 (Best: 0.9054) | MiF1: 0.9070 (Best: 0.9070)
2024-04-18 01:00:28,544 - root - INFO - Epoch: 32 | LR: 0.0010 | Loss 0.5836 | Val MaF1: 0.9046 (Best: 0.9046) | Test MaF1: 0.9114 (Best: 0.9114) | MiF1: 0.9126 (Best: 0.9126)
2024-04-18 01:00:34,204 - root - INFO - Epoch: 33 | LR: 0.0010 | Loss 0.5623 | Val MaF1: 0.9153 (Best: 0.9153) | Test MaF1: 0.9167 (Best: 0.9167) | MiF1: 0.9176 (Best: 0.9176)
2024-04-18 01:00:39,518 - root - INFO - Epoch: 34 | LR: 0.0010 | Loss 0.5406 | Val MaF1: 0.9153 (Best: 0.9153) | Test MaF1: 0.9187 (Best: 0.9187) | MiF1: 0.9197 (Best: 0.9197)
2024-04-18 01:00:45,085 - root - INFO - Epoch: 35 | LR: 0.0010 | Loss 0.5231 | Val MaF1: 0.9179 (Best: 0.9179) | Test MaF1: 0.9212 (Best: 0.9212) | MiF1: 0.9222 (Best: 0.9222)
2024-04-18 01:00:50,523 - root - INFO - Epoch: 36 | LR: 0.0010 | Loss 0.5092 | Val MaF1: 0.9179 (Best: 0.9179) | Test MaF1: 0.9229 (Best: 0.9229) | MiF1: 0.9240 (Best: 0.9240)
2024-04-18 01:00:55,802 - root - INFO - Epoch: 37 | LR: 0.0010 | Loss 0.4961 | Val MaF1: 0.9176 (Best: 0.9179) | Test MaF1: 0.9224 (Best: 0.9229) | MiF1: 0.9237 (Best: 0.9240)
2024-04-18 01:01:01,078 - root - INFO - Epoch: 38 | LR: 0.0010 | Loss 0.4828 | Val MaF1: 0.9176 (Best: 0.9176) | Test MaF1: 0.9235 (Best: 0.9235) | MiF1: 0.9247 (Best: 0.9247)
2024-04-18 01:01:06,509 - root - INFO - Epoch: 39 | LR: 0.0010 | Loss 0.4739 | Val MaF1: 0.9167 (Best: 0.9167) | Test MaF1: 0.9261 (Best: 0.9261) | MiF1: 0.9272 (Best: 0.9272)
2024-04-18 01:01:12,052 - root - INFO - Epoch: 40 | LR: 0.0010 | Loss 0.4636 | Val MaF1: 0.9170 (Best: 0.9170) | Test MaF1: 0.9261 (Best: 0.9261) | MiF1: 0.9272 (Best: 0.9272)
2024-04-18 01:01:17,424 - root - INFO - Epoch: 41 | LR: 0.0010 | Loss 0.4561 | Val MaF1: 0.9279 (Best: 0.9279) | Test MaF1: 0.9274 (Best: 0.9274) | MiF1: 0.9283 (Best: 0.9283)
2024-04-18 01:01:22,692 - root - INFO - Epoch: 42 | LR: 0.0010 | Loss 0.4492 | Val MaF1: 0.9279 (Best: 0.9279) | Test MaF1: 0.9272 (Best: 0.9274) | MiF1: 0.9279 (Best: 0.9283)
2024-04-18 01:01:28,001 - root - INFO - Epoch: 43 | LR: 0.0010 | Loss 0.4429 | Val MaF1: 0.9279 (Best: 0.9279) | Test MaF1: 0.9274 (Best: 0.9274) | MiF1: 0.9283 (Best: 0.9283)
2024-04-18 01:01:33,424 - root - INFO - Epoch: 44 | LR: 0.0010 | Loss 0.4367 | Val MaF1: 0.9247 (Best: 0.9279) | Test MaF1: 0.9263 (Best: 0.9274) | MiF1: 0.9272 (Best: 0.9283)
2024-04-18 01:01:38,646 - root - INFO - Epoch: 45 | LR: 0.0010 | Loss 0.4329 | Val MaF1: 0.9247 (Best: 0.9279) | Test MaF1: 0.9258 (Best: 0.9274) | MiF1: 0.9268 (Best: 0.9283)
2024-04-18 01:01:44,133 - root - INFO - Epoch: 46 | LR: 0.0010 | Loss 0.4276 | Val MaF1: 0.9272 (Best: 0.9279) | Test MaF1: 0.9260 (Best: 0.9274) | MiF1: 0.9268 (Best: 0.9283)
2024-04-18 01:01:49,340 - root - INFO - Epoch: 47 | LR: 0.0010 | Loss 0.4233 | Val MaF1: 0.9272 (Best: 0.9279) | Test MaF1: 0.9256 (Best: 0.9274) | MiF1: 0.9265 (Best: 0.9283)
2024-04-18 01:01:55,182 - root - INFO - Epoch: 48 | LR: 0.0009 | Loss 0.4203 | Val MaF1: 0.9300 (Best: 0.9279) | Test MaF1: 0.9242 (Best: 0.9274) | MiF1: 0.9251 (Best: 0.9283)
2024-04-18 01:02:00,525 - root - INFO - Epoch: 49 | LR: 0.0009 | Loss 0.4162 | Val MaF1: 0.9275 (Best: 0.9279) | Test MaF1: 0.9245 (Best: 0.9274) | MiF1: 0.9254 (Best: 0.9283)
2024-04-18 01:02:05,953 - root - INFO - Epoch: 50 | LR: 0.0009 | Loss 0.4135 | Val MaF1: 0.9275 (Best: 0.9279) | Test MaF1: 0.9262 (Best: 0.9274) | MiF1: 0.9272 (Best: 0.9283)
2024-04-18 01:02:11,233 - root - INFO - Epoch: 51 | LR: 0.0009 | Loss 0.4099 | Val MaF1: 0.9250 (Best: 0.9279) | Test MaF1: 0.9258 (Best: 0.9274) | MiF1: 0.9268 (Best: 0.9283)
2024-04-18 01:02:16,698 - root - INFO - Epoch: 52 | LR: 0.0009 | Loss 0.4074 | Val MaF1: 0.9250 (Best: 0.9279) | Test MaF1: 0.9252 (Best: 0.9274) | MiF1: 0.9261 (Best: 0.9283)
2024-04-18 01:02:22,039 - root - INFO - Epoch: 53 | LR: 0.0009 | Loss 0.4056 | Val MaF1: 0.9250 (Best: 0.9279) | Test MaF1: 0.9261 (Best: 0.9274) | MiF1: 0.9272 (Best: 0.9283)
2024-04-18 01:02:27,574 - root - INFO - Epoch: 54 | LR: 0.0009 | Loss 0.4037 | Val MaF1: 0.9272 (Best: 0.9279) | Test MaF1: 0.9257 (Best: 0.9274) | MiF1: 0.9268 (Best: 0.9283)
2024-04-18 01:02:32,874 - root - INFO - Epoch: 55 | LR: 0.0009 | Loss 0.4012 | Val MaF1: 0.9272 (Best: 0.9279) | Test MaF1: 0.9264 (Best: 0.9274) | MiF1: 0.9276 (Best: 0.9283)
2024-04-18 01:02:38,257 - root - INFO - Epoch: 56 | LR: 0.0009 | Loss 0.3992 | Val MaF1: 0.9272 (Best: 0.9279) | Test MaF1: 0.9264 (Best: 0.9274) | MiF1: 0.9276 (Best: 0.9283)
2024-04-18 01:02:43,660 - root - INFO - Epoch: 57 | LR: 0.0008 | Loss 0.3973 | Val MaF1: 0.9272 (Best: 0.9279) | Test MaF1: 0.9264 (Best: 0.9274) | MiF1: 0.9276 (Best: 0.9283)
2024-04-18 01:02:48,854 - root - INFO - Epoch: 58 | LR: 0.0008 | Loss 0.3959 | Val MaF1: 0.9272 (Best: 0.9279) | Test MaF1: 0.9249 (Best: 0.9274) | MiF1: 0.9261 (Best: 0.9283)
2024-04-18 01:02:54,152 - root - INFO - Epoch: 59 | LR: 0.0008 | Loss 0.3938 | Val MaF1: 0.9272 (Best: 0.9279) | Test MaF1: 0.9252 (Best: 0.9274) | MiF1: 0.9265 (Best: 0.9283)
2024-04-18 01:02:59,534 - root - INFO - Epoch: 60 | LR: 0.0008 | Loss 0.3925 | Val MaF1: 0.9272 (Best: 0.9279) | Test MaF1: 0.9260 (Best: 0.9274) | MiF1: 0.9272 (Best: 0.9283)
2024-04-18 01:03:04,996 - root - INFO - Epoch: 61 | LR: 0.0008 | Loss 0.3915 | Val MaF1: 0.9272 (Best: 0.9279) | Test MaF1: 0.9267 (Best: 0.9274) | MiF1: 0.9279 (Best: 0.9283)
2024-04-18 01:03:10,359 - root - INFO - Epoch: 62 | LR: 0.0008 | Loss 0.3897 | Val MaF1: 0.9272 (Best: 0.9279) | Test MaF1: 0.9267 (Best: 0.9274) | MiF1: 0.9279 (Best: 0.9283)
2024-04-18 01:03:15,702 - root - INFO - Epoch: 63 | LR: 0.0008 | Loss 0.3883 | Val MaF1: 0.9272 (Best: 0.9279) | Test MaF1: 0.9260 (Best: 0.9274) | MiF1: 0.9272 (Best: 0.9283)
2024-04-18 01:03:21,031 - root - INFO - Epoch: 64 | LR: 0.0007 | Loss 0.3866 | Val MaF1: 0.9272 (Best: 0.9279) | Test MaF1: 0.9256 (Best: 0.9274) | MiF1: 0.9268 (Best: 0.9283)
2024-04-18 01:03:26,538 - root - INFO - Epoch: 65 | LR: 0.0007 | Loss 0.3865 | Val MaF1: 0.9272 (Best: 0.9279) | Test MaF1: 0.9256 (Best: 0.9274) | MiF1: 0.9268 (Best: 0.9283)
2024-04-18 01:03:31,934 - root - INFO - Epoch: 66 | LR: 0.0007 | Loss 0.3848 | Val MaF1: 0.9272 (Best: 0.9279) | Test MaF1: 0.9260 (Best: 0.9274) | MiF1: 0.9272 (Best: 0.9283)
2024-04-18 01:03:37,364 - root - INFO - Epoch: 67 | LR: 0.0007 | Loss 0.3843 | Val MaF1: 0.9272 (Best: 0.9279) | Test MaF1: 0.9260 (Best: 0.9274) | MiF1: 0.9272 (Best: 0.9283)
2024-04-18 01:03:42,650 - root - INFO - Epoch: 68 | LR: 0.0007 | Loss 0.3832 | Val MaF1: 0.9272 (Best: 0.9279) | Test MaF1: 0.9260 (Best: 0.9274) | MiF1: 0.9272 (Best: 0.9283)
2024-04-18 01:03:48,053 - root - INFO - Epoch: 69 | LR: 0.0006 | Loss 0.3829 | Val MaF1: 0.9272 (Best: 0.9279) | Test MaF1: 0.9260 (Best: 0.9274) | MiF1: 0.9272 (Best: 0.9283)
2024-04-18 01:03:53,409 - root - INFO - Epoch: 70 | LR: 0.0006 | Loss 0.3811 | Val MaF1: 0.9272 (Best: 0.9279) | Test MaF1: 0.9256 (Best: 0.9274) | MiF1: 0.9268 (Best: 0.9283)
2024-04-18 01:03:58,816 - root - INFO - Epoch: 71 | LR: 0.0006 | Loss 0.3807 | Val MaF1: 0.9224 (Best: 0.9279) | Test MaF1: 0.9256 (Best: 0.9274) | MiF1: 0.9268 (Best: 0.9283)
2024-04-18 01:04:04,218 - root - INFO - Epoch: 72 | LR: 0.0006 | Loss 0.3796 | Val MaF1: 0.9249 (Best: 0.9279) | Test MaF1: 0.9260 (Best: 0.9274) | MiF1: 0.9272 (Best: 0.9283)
2024-04-18 01:04:09,637 - root - INFO - Epoch: 73 | LR: 0.0006 | Loss 0.3787 | Val MaF1: 0.9249 (Best: 0.9279) | Test MaF1: 0.9260 (Best: 0.9274) | MiF1: 0.9272 (Best: 0.9283)
2024-04-18 01:04:14,979 - root - INFO - Epoch: 74 | LR: 0.0006 | Loss 0.3789 | Val MaF1: 0.9249 (Best: 0.9279) | Test MaF1: 0.9260 (Best: 0.9274) | MiF1: 0.9272 (Best: 0.9283)
2024-04-18 01:04:20,342 - root - INFO - Epoch: 75 | LR: 0.0005 | Loss 0.3774 | Val MaF1: 0.9249 (Best: 0.9279) | Test MaF1: 0.9254 (Best: 0.9274) | MiF1: 0.9265 (Best: 0.9283)
2024-04-18 01:04:25,712 - root - INFO - Epoch: 76 | LR: 0.0005 | Loss 0.3784 | Val MaF1: 0.9249 (Best: 0.9279) | Test MaF1: 0.9254 (Best: 0.9274) | MiF1: 0.9265 (Best: 0.9283)
2024-04-18 01:04:31,114 - root - INFO - Epoch: 77 | LR: 0.0005 | Loss 0.3765 | Val MaF1: 0.9249 (Best: 0.9279) | Test MaF1: 0.9254 (Best: 0.9274) | MiF1: 0.9265 (Best: 0.9283)
2024-04-18 01:04:36,426 - root - INFO - Epoch: 78 | LR: 0.0005 | Loss 0.3762 | Val MaF1: 0.9249 (Best: 0.9279) | Test MaF1: 0.9258 (Best: 0.9274) | MiF1: 0.9268 (Best: 0.9283)
2024-04-18 01:04:41,732 - root - INFO - Epoch: 79 | LR: 0.0005 | Loss 0.3754 | Val MaF1: 0.9224 (Best: 0.9279) | Test MaF1: 0.9258 (Best: 0.9274) | MiF1: 0.9268 (Best: 0.9283)
2024-04-18 01:04:47,234 - root - INFO - Epoch: 80 | LR: 0.0004 | Loss 0.3758 | Val MaF1: 0.9224 (Best: 0.9279) | Test MaF1: 0.9258 (Best: 0.9274) | MiF1: 0.9268 (Best: 0.9283)
2024-04-18 01:04:52,591 - root - INFO - Epoch: 81 | LR: 0.0004 | Loss 0.3744 | Val MaF1: 0.9224 (Best: 0.9279) | Test MaF1: 0.9251 (Best: 0.9274) | MiF1: 0.9261 (Best: 0.9283)
2024-04-18 01:04:57,874 - root - INFO - Epoch: 82 | LR: 0.0004 | Loss 0.3739 | Val MaF1: 0.9224 (Best: 0.9279) | Test MaF1: 0.9247 (Best: 0.9274) | MiF1: 0.9258 (Best: 0.9283)
2024-04-18 01:05:03,314 - root - INFO - Epoch: 83 | LR: 0.0004 | Loss 0.3739 | Val MaF1: 0.9224 (Best: 0.9279) | Test MaF1: 0.9247 (Best: 0.9274) | MiF1: 0.9258 (Best: 0.9283)
2024-04-18 01:05:08,599 - root - INFO - Epoch: 84 | LR: 0.0004 | Loss 0.3731 | Val MaF1: 0.9224 (Best: 0.9279) | Test MaF1: 0.9250 (Best: 0.9274) | MiF1: 0.9261 (Best: 0.9283)
2024-04-18 01:05:13,990 - root - INFO - Epoch: 85 | LR: 0.0004 | Loss 0.3725 | Val MaF1: 0.9224 (Best: 0.9279) | Test MaF1: 0.9250 (Best: 0.9274) | MiF1: 0.9261 (Best: 0.9283)
2024-04-18 01:05:19,377 - root - INFO - Epoch: 86 | LR: 0.0003 | Loss 0.3730 | Val MaF1: 0.9224 (Best: 0.9279) | Test MaF1: 0.9250 (Best: 0.9274) | MiF1: 0.9261 (Best: 0.9283)
2024-04-18 01:05:24,799 - root - INFO - Epoch: 87 | LR: 0.0003 | Loss 0.3723 | Val MaF1: 0.9224 (Best: 0.9279) | Test MaF1: 0.9250 (Best: 0.9274) | MiF1: 0.9261 (Best: 0.9283)
2024-04-18 01:05:30,443 - root - INFO - Epoch: 88 | LR: 0.0003 | Loss 0.3718 | Val MaF1: 0.9224 (Best: 0.9279) | Test MaF1: 0.9250 (Best: 0.9274) | MiF1: 0.9261 (Best: 0.9283)
2024-04-18 01:05:35,739 - root - INFO - Epoch: 89 | LR: 0.0003 | Loss 0.3723 | Val MaF1: 0.9224 (Best: 0.9279) | Test MaF1: 0.9250 (Best: 0.9274) | MiF1: 0.9261 (Best: 0.9283)
2024-04-18 01:05:41,319 - root - INFO - Epoch: 90 | LR: 0.0003 | Loss 0.3719 | Val MaF1: 0.9224 (Best: 0.9279) | Test MaF1: 0.9250 (Best: 0.9274) | MiF1: 0.9261 (Best: 0.9283)
2024-04-18 01:05:46,591 - root - INFO - Epoch: 91 | LR: 0.0003 | Loss 0.3716 | Val MaF1: 0.9224 (Best: 0.9279) | Test MaF1: 0.9250 (Best: 0.9274) | MiF1: 0.9261 (Best: 0.9283)
2024-04-18 01:05:52,004 - root - INFO - Epoch: 92 | LR: 0.0002 | Loss 0.3716 | Val MaF1: 0.9224 (Best: 0.9279) | Test MaF1: 0.9250 (Best: 0.9274) | MiF1: 0.9261 (Best: 0.9283)
2024-04-18 01:05:57,322 - root - INFO - Epoch: 93 | LR: 0.0002 | Loss 0.3707 | Val MaF1: 0.9224 (Best: 0.9279) | Test MaF1: 0.9246 (Best: 0.9274) | MiF1: 0.9258 (Best: 0.9283)
2024-04-18 01:06:02,771 - root - INFO - Epoch: 94 | LR: 0.0002 | Loss 0.3703 | Val MaF1: 0.9224 (Best: 0.9279) | Test MaF1: 0.9246 (Best: 0.9274) | MiF1: 0.9258 (Best: 0.9283)
2024-04-18 01:06:08,011 - root - INFO - Epoch: 95 | LR: 0.0002 | Loss 0.3699 | Val MaF1: 0.9224 (Best: 0.9279) | Test MaF1: 0.9246 (Best: 0.9274) | MiF1: 0.9258 (Best: 0.9283)
2024-04-18 01:06:13,615 - root - INFO - Epoch: 96 | LR: 0.0002 | Loss 0.3697 | Val MaF1: 0.9201 (Best: 0.9279) | Test MaF1: 0.9246 (Best: 0.9274) | MiF1: 0.9258 (Best: 0.9283)
2024-04-18 01:06:18,885 - root - INFO - Epoch: 97 | LR: 0.0002 | Loss 0.3704 | Val MaF1: 0.9224 (Best: 0.9279) | Test MaF1: 0.9246 (Best: 0.9274) | MiF1: 0.9258 (Best: 0.9283)
2024-04-18 01:06:25,073 - root - INFO - Epoch: 98 | LR: 0.0001 | Loss 0.3698 | Val MaF1: 0.9224 (Best: 0.9279) | Test MaF1: 0.9246 (Best: 0.9274) | MiF1: 0.9258 (Best: 0.9283)
2024-04-18 01:06:30,734 - root - INFO - Epoch: 99 | LR: 0.0001 | Loss 0.3699 | Val MaF1: 0.9224 (Best: 0.9279) | Test MaF1: 0.9246 (Best: 0.9274) | MiF1: 0.9258 (Best: 0.9283)
2024-04-18 01:06:36,038 - root - INFO - Epoch: 100 | LR: 0.0001 | Loss 0.3696 | Val MaF1: 0.9224 (Best: 0.9279) | Test MaF1: 0.9246 (Best: 0.9274) | MiF1: 0.9258 (Best: 0.9283)
2024-04-18 01:06:41,478 - root - INFO - Epoch: 101 | LR: 0.0001 | Loss 0.3695 | Val MaF1: 0.9224 (Best: 0.9279) | Test MaF1: 0.9246 (Best: 0.9274) | MiF1: 0.9258 (Best: 0.9283)
2024-04-18 01:06:46,981 - root - INFO - Epoch: 102 | LR: 0.0001 | Loss 0.3697 | Val MaF1: 0.9224 (Best: 0.9279) | Test MaF1: 0.9246 (Best: 0.9274) | MiF1: 0.9258 (Best: 0.9283)
2024-04-18 01:06:52,587 - root - INFO - Epoch: 103 | LR: 0.0001 | Loss 0.3693 | Val MaF1: 0.9224 (Best: 0.9279) | Test MaF1: 0.9246 (Best: 0.9274) | MiF1: 0.9258 (Best: 0.9283)
2024-04-18 01:06:58,007 - root - INFO - Epoch: 104 | LR: 0.0001 | Loss 0.3686 | Val MaF1: 0.9224 (Best: 0.9279) | Test MaF1: 0.9246 (Best: 0.9274) | MiF1: 0.9258 (Best: 0.9283)
2024-04-18 01:07:03,623 - root - INFO - Epoch: 105 | LR: 0.0001 | Loss 0.3695 | Val MaF1: 0.9224 (Best: 0.9279) | Test MaF1: 0.9246 (Best: 0.9274) | MiF1: 0.9258 (Best: 0.9283)
2024-04-18 01:07:08,904 - root - INFO - Epoch: 106 | LR: 0.0001 | Loss 0.3691 | Val MaF1: 0.9247 (Best: 0.9279) | Test MaF1: 0.9246 (Best: 0.9274) | MiF1: 0.9258 (Best: 0.9283)
2024-04-18 01:07:14,416 - root - INFO - Epoch: 107 | LR: 0.0000 | Loss 0.3695 | Val MaF1: 0.9247 (Best: 0.9279) | Test MaF1: 0.9246 (Best: 0.9274) | MiF1: 0.9258 (Best: 0.9283)
2024-04-18 01:07:19,701 - root - INFO - Epoch: 108 | LR: 0.0000 | Loss 0.3687 | Val MaF1: 0.9247 (Best: 0.9279) | Test MaF1: 0.9250 (Best: 0.9274) | MiF1: 0.9261 (Best: 0.9283)
2024-04-18 01:07:25,125 - root - INFO - Epoch: 109 | LR: 0.0000 | Loss 0.3694 | Val MaF1: 0.9247 (Best: 0.9279) | Test MaF1: 0.9250 (Best: 0.9274) | MiF1: 0.9261 (Best: 0.9283)
2024-04-18 01:07:30,428 - root - INFO - Epoch: 110 | LR: 0.0000 | Loss 0.3681 | Val MaF1: 0.9247 (Best: 0.9279) | Test MaF1: 0.9250 (Best: 0.9274) | MiF1: 0.9261 (Best: 0.9283)
2024-04-18 01:07:35,902 - root - INFO - Epoch: 111 | LR: 0.0000 | Loss 0.3689 | Val MaF1: 0.9247 (Best: 0.9279) | Test MaF1: 0.9250 (Best: 0.9274) | MiF1: 0.9261 (Best: 0.9283)
2024-04-18 01:07:41,319 - root - INFO - Epoch: 112 | LR: 0.0000 | Loss 0.3688 | Val MaF1: 0.9247 (Best: 0.9279) | Test MaF1: 0.9250 (Best: 0.9274) | MiF1: 0.9261 (Best: 0.9283)
2024-04-18 01:07:46,671 - root - INFO - Epoch: 113 | LR: 0.0000 | Loss 0.3690 | Val MaF1: 0.9247 (Best: 0.9279) | Test MaF1: 0.9250 (Best: 0.9274) | MiF1: 0.9261 (Best: 0.9283)
2024-04-18 01:07:52,000 - root - INFO - Epoch: 114 | LR: 0.0000 | Loss 0.3691 | Val MaF1: 0.9247 (Best: 0.9279) | Test MaF1: 0.9250 (Best: 0.9274) | MiF1: 0.9261 (Best: 0.9283)
2024-04-18 01:07:57,382 - root - INFO - Epoch: 115 | LR: 0.0000 | Loss 0.3681 | Val MaF1: 0.9247 (Best: 0.9279) | Test MaF1: 0.9250 (Best: 0.9274) | MiF1: 0.9261 (Best: 0.9283)
2024-04-18 01:08:02,950 - root - INFO - Epoch: 116 | LR: 0.0000 | Loss 0.3694 | Val MaF1: 0.9247 (Best: 0.9279) | Test MaF1: 0.9250 (Best: 0.9274) | MiF1: 0.9261 (Best: 0.9283)
2024-04-18 01:08:08,364 - root - INFO - Epoch: 117 | LR: 0.0000 | Loss 0.3685 | Val MaF1: 0.9247 (Best: 0.9279) | Test MaF1: 0.9250 (Best: 0.9274) | MiF1: 0.9261 (Best: 0.9283)
2024-04-18 01:08:13,942 - root - INFO - Epoch: 118 | LR: 0.0000 | Loss 0.3684 | Val MaF1: 0.9247 (Best: 0.9279) | Test MaF1: 0.9250 (Best: 0.9274) | MiF1: 0.9261 (Best: 0.9283)
2024-04-18 01:08:19,233 - root - INFO - Epoch: 119 | LR: 0.0000 | Loss 0.3690 | Val MaF1: 0.9247 (Best: 0.9279) | Test MaF1: 0.9250 (Best: 0.9274) | MiF1: 0.9261 (Best: 0.9283)
2024-04-18 01:08:24,814 - root - INFO - Epoch: 120 | LR: 0.0000 | Loss 0.3687 | Val MaF1: 0.9247 (Best: 0.9279) | Test MaF1: 0.9250 (Best: 0.9274) | MiF1: 0.9261 (Best: 0.9283)
2024-04-18 01:08:24,814 - root - INFO - Best Epoch: 43 | Train MiF1: 0.9988,  MaF1: 0.9988 | Val MiF1: 0.9277, MaF1: 0.9279 | Test MaF1: 0.9274, MiF1: 0.9283
2024-04-18 01:08:26,509 - root - INFO - ARI: 0.7033 | NMI: 0.6350
