2024-04-18 16:28:56,669 - root - INFO - {'prefix': 'SR-HGN', 'gpu': 0, 'feat': 1, 'seed': 0, 'verbose': 1, 'train_split': 0.2, 'val_split': 0.3, 'num_type_heads': 4, 'num_node_heads': 4, 'hidden_dim': 64, 'clip': 1.0, 'num_layers': 3, 'alpha': 0.5, 'epochs': 60, 'dataset': 'acm', 'input_dim': 256, 'aggregate': 'concat', 'iscuda': True, 'cluster': True, 'max_lr': 0.001, 'weight_decay': 1e-05, 'heads': 8, 'han_heads': [6], 'hh_heads': 3, 'dropout': 0.2}
2024-04-18 16:28:59,329 - root - INFO - Training SR-HGN with #param: 7319571
2024-04-18 16:29:02,250 - root - INFO - ARI: 0.0120 | NMI: 0.0053
2024-04-18 16:29:02,250 - root - INFO - Epoch: 1 | LR: 0.0000 | Loss 1.0982 | Val MaF1: 0.2776 (Best: 0.2776) | Test MaF1: 0.3201 (Best: 0.3201) | MiF1: 0.4354 (Best: 0.4354)
2024-04-18 16:29:03,137 - root - INFO - Epoch: 2 | LR: 0.0001 | Loss 1.0910 | Val MaF1: 0.2401 (Best: 0.2776) | Test MaF1: 0.2562 (Best: 0.3201) | MiF1: 0.4961 (Best: 0.4354)
2024-04-18 16:29:03,964 - root - INFO - Epoch: 3 | LR: 0.0001 | Loss 1.0784 | Val MaF1: 0.2204 (Best: 0.2776) | Test MaF1: 0.2239 (Best: 0.3201) | MiF1: 0.4964 (Best: 0.4354)
2024-04-18 16:29:04,799 - root - INFO - Epoch: 4 | LR: 0.0002 | Loss 1.0602 | Val MaF1: 0.2204 (Best: 0.2776) | Test MaF1: 0.2210 (Best: 0.3201) | MiF1: 0.4957 (Best: 0.4354)
2024-04-18 16:29:05,674 - root - INFO - Epoch: 5 | LR: 0.0002 | Loss 1.0415 | Val MaF1: 0.2204 (Best: 0.2776) | Test MaF1: 0.2210 (Best: 0.3201) | MiF1: 0.4957 (Best: 0.4354)
2024-04-18 16:29:06,503 - root - INFO - Epoch: 6 | LR: 0.0003 | Loss 1.0201 | Val MaF1: 0.2204 (Best: 0.2776) | Test MaF1: 0.2210 (Best: 0.3201) | MiF1: 0.4957 (Best: 0.4354)
2024-04-18 16:29:07,330 - root - INFO - Epoch: 7 | LR: 0.0004 | Loss 1.0013 | Val MaF1: 0.2204 (Best: 0.2776) | Test MaF1: 0.2210 (Best: 0.3201) | MiF1: 0.4957 (Best: 0.4354)
2024-04-18 16:29:08,158 - root - INFO - Epoch: 8 | LR: 0.0005 | Loss 0.9821 | Val MaF1: 0.2204 (Best: 0.2776) | Test MaF1: 0.2210 (Best: 0.3201) | MiF1: 0.4957 (Best: 0.4354)
2024-04-18 16:29:08,985 - root - INFO - Epoch: 9 | LR: 0.0006 | Loss 0.9614 | Val MaF1: 0.2204 (Best: 0.2776) | Test MaF1: 0.2210 (Best: 0.3201) | MiF1: 0.4957 (Best: 0.4354)
2024-04-18 16:29:09,810 - root - INFO - Epoch: 10 | LR: 0.0007 | Loss 0.9288 | Val MaF1: 0.2204 (Best: 0.2776) | Test MaF1: 0.2210 (Best: 0.3201) | MiF1: 0.4957 (Best: 0.4354)
2024-04-18 16:29:10,674 - root - INFO - Epoch: 11 | LR: 0.0007 | Loss 0.8844 | Val MaF1: 0.2615 (Best: 0.2776) | Test MaF1: 0.2677 (Best: 0.3201) | MiF1: 0.5128 (Best: 0.4354)
2024-04-18 16:29:12,115 - root - INFO - ARI: 0.4625 | NMI: 0.4419
2024-04-18 16:29:12,116 - root - INFO - Epoch: 12 | LR: 0.0008 | Loss 0.8310 | Val MaF1: 0.6434 (Best: 0.6434) | Test MaF1: 0.6592 (Best: 0.6592) | MiF1: 0.7180 (Best: 0.7180)
2024-04-18 16:29:13,655 - root - INFO - ARI: 0.5228 | NMI: 0.5083
2024-04-18 16:29:13,656 - root - INFO - Epoch: 13 | LR: 0.0009 | Loss 0.7863 | Val MaF1: 0.8552 (Best: 0.8552) | Test MaF1: 0.8595 (Best: 0.8595) | MiF1: 0.8668 (Best: 0.8668)
2024-04-18 16:29:15,142 - root - INFO - ARI: 0.5810 | NMI: 0.5573
2024-04-18 16:29:15,143 - root - INFO - Epoch: 14 | LR: 0.0009 | Loss 0.7274 | Val MaF1: 0.8869 (Best: 0.8869) | Test MaF1: 0.9203 (Best: 0.9203) | MiF1: 0.9215 (Best: 0.9215)
2024-04-18 16:29:16,688 - root - INFO - ARI: 0.6385 | NMI: 0.6018
2024-04-18 16:29:16,689 - root - INFO - Epoch: 15 | LR: 0.0010 | Loss 0.6631 | Val MaF1: 0.9059 (Best: 0.9059) | Test MaF1: 0.9272 (Best: 0.9272) | MiF1: 0.9279 (Best: 0.9279)
2024-04-18 16:29:17,553 - root - INFO - Epoch: 16 | LR: 0.0010 | Loss 0.6168 | Val MaF1: 0.9019 (Best: 0.9059) | Test MaF1: 0.9227 (Best: 0.9272) | MiF1: 0.9240 (Best: 0.9279)
2024-04-18 16:29:18,371 - root - INFO - Epoch: 17 | LR: 0.0010 | Loss 0.5810 | Val MaF1: 0.9091 (Best: 0.9059) | Test MaF1: 0.9205 (Best: 0.9272) | MiF1: 0.9219 (Best: 0.9279)
2024-04-18 16:29:19,191 - root - INFO - Epoch: 18 | LR: 0.0010 | Loss 0.5461 | Val MaF1: 0.9066 (Best: 0.9059) | Test MaF1: 0.9215 (Best: 0.9272) | MiF1: 0.9229 (Best: 0.9279)
2024-04-18 16:29:20,619 - root - INFO - ARI: 0.7755 | NMI: 0.7164
2024-04-18 16:29:20,620 - root - INFO - Epoch: 19 | LR: 0.0010 | Loss 0.5173 | Val MaF1: 0.9307 (Best: 0.9307) | Test MaF1: 0.9294 (Best: 0.9294) | MiF1: 0.9300 (Best: 0.9300)
2024-04-18 16:29:22,123 - root - INFO - ARI: 0.7816 | NMI: 0.7250
2024-04-18 16:29:22,124 - root - INFO - Epoch: 20 | LR: 0.0010 | Loss 0.4950 | Val MaF1: 0.9319 (Best: 0.9319) | Test MaF1: 0.9323 (Best: 0.9323) | MiF1: 0.9325 (Best: 0.9325)
2024-04-18 16:29:23,587 - root - INFO - ARI: 0.7844 | NMI: 0.7279
2024-04-18 16:29:23,588 - root - INFO - Epoch: 21 | LR: 0.0010 | Loss 0.4760 | Val MaF1: 0.9345 (Best: 0.9345) | Test MaF1: 0.9334 (Best: 0.9334) | MiF1: 0.9336 (Best: 0.9336)
2024-04-18 16:29:25,118 - root - INFO - ARI: 0.7920 | NMI: 0.7378
2024-04-18 16:29:25,119 - root - INFO - Epoch: 22 | LR: 0.0010 | Loss 0.4623 | Val MaF1: 0.9414 (Best: 0.9414) | Test MaF1: 0.9336 (Best: 0.9336) | MiF1: 0.9339 (Best: 0.9339)
2024-04-18 16:29:26,580 - root - INFO - ARI: 0.7940 | NMI: 0.7395
2024-04-18 16:29:26,580 - root - INFO - Epoch: 23 | LR: 0.0010 | Loss 0.4501 | Val MaF1: 0.9368 (Best: 0.9368) | Test MaF1: 0.9345 (Best: 0.9345) | MiF1: 0.9350 (Best: 0.9350)
2024-04-18 16:29:27,461 - root - INFO - Epoch: 24 | LR: 0.0009 | Loss 0.4406 | Val MaF1: 0.9345 (Best: 0.9368) | Test MaF1: 0.9345 (Best: 0.9345) | MiF1: 0.9350 (Best: 0.9350)
2024-04-18 16:29:28,321 - root - INFO - Epoch: 25 | LR: 0.0009 | Loss 0.4320 | Val MaF1: 0.9345 (Best: 0.9368) | Test MaF1: 0.9343 (Best: 0.9345) | MiF1: 0.9350 (Best: 0.9350)
2024-04-18 16:29:29,736 - root - INFO - ARI: 0.8021 | NMI: 0.7465
2024-04-18 16:29:29,736 - root - INFO - Epoch: 26 | LR: 0.0009 | Loss 0.4234 | Val MaF1: 0.9314 (Best: 0.9314) | Test MaF1: 0.9353 (Best: 0.9353) | MiF1: 0.9361 (Best: 0.9361)
2024-04-18 16:29:31,205 - root - INFO - ARI: 0.8050 | NMI: 0.7500
2024-04-18 16:29:31,205 - root - INFO - Epoch: 27 | LR: 0.0009 | Loss 0.4165 | Val MaF1: 0.9336 (Best: 0.9336) | Test MaF1: 0.9361 (Best: 0.9361) | MiF1: 0.9368 (Best: 0.9368)
2024-04-18 16:29:32,729 - root - INFO - ARI: 0.8093 | NMI: 0.7530
2024-04-18 16:29:32,729 - root - INFO - Epoch: 28 | LR: 0.0008 | Loss 0.4104 | Val MaF1: 0.9368 (Best: 0.9368) | Test MaF1: 0.9368 (Best: 0.9368) | MiF1: 0.9375 (Best: 0.9375)
2024-04-18 16:29:34,185 - root - INFO - ARI: 0.8096 | NMI: 0.7529
2024-04-18 16:29:34,186 - root - INFO - Epoch: 29 | LR: 0.0008 | Loss 0.4055 | Val MaF1: 0.9343 (Best: 0.9343) | Test MaF1: 0.9375 (Best: 0.9375) | MiF1: 0.9382 (Best: 0.9382)
2024-04-18 16:29:35,711 - root - INFO - ARI: 0.8107 | NMI: 0.7540
2024-04-18 16:29:35,711 - root - INFO - Epoch: 30 | LR: 0.0008 | Loss 0.4000 | Val MaF1: 0.9341 (Best: 0.9341) | Test MaF1: 0.9375 (Best: 0.9375) | MiF1: 0.9382 (Best: 0.9382)
2024-04-18 16:29:36,588 - root - INFO - Epoch: 31 | LR: 0.0008 | Loss 0.3971 | Val MaF1: 0.9341 (Best: 0.9341) | Test MaF1: 0.9375 (Best: 0.9375) | MiF1: 0.9382 (Best: 0.9382)
2024-04-18 16:29:37,412 - root - INFO - Epoch: 32 | LR: 0.0007 | Loss 0.3933 | Val MaF1: 0.9341 (Best: 0.9341) | Test MaF1: 0.9372 (Best: 0.9375) | MiF1: 0.9379 (Best: 0.9382)
2024-04-18 16:29:38,834 - root - INFO - ARI: 0.8083 | NMI: 0.7508
2024-04-18 16:29:38,835 - root - INFO - Epoch: 33 | LR: 0.0007 | Loss 0.3898 | Val MaF1: 0.9366 (Best: 0.9366) | Test MaF1: 0.9376 (Best: 0.9376) | MiF1: 0.9382 (Best: 0.9382)
2024-04-18 16:29:40,348 - root - INFO - ARI: 0.8101 | NMI: 0.7528
2024-04-18 16:29:40,348 - root - INFO - Epoch: 34 | LR: 0.0006 | Loss 0.3873 | Val MaF1: 0.9366 (Best: 0.9366) | Test MaF1: 0.9380 (Best: 0.9380) | MiF1: 0.9386 (Best: 0.9386)
2024-04-18 16:29:41,234 - root - INFO - Epoch: 35 | LR: 0.0006 | Loss 0.3849 | Val MaF1: 0.9366 (Best: 0.9366) | Test MaF1: 0.9377 (Best: 0.9380) | MiF1: 0.9382 (Best: 0.9386)
2024-04-18 16:29:42,059 - root - INFO - Epoch: 36 | LR: 0.0006 | Loss 0.3823 | Val MaF1: 0.9366 (Best: 0.9366) | Test MaF1: 0.9376 (Best: 0.9380) | MiF1: 0.9382 (Best: 0.9386)
2024-04-18 16:29:42,891 - root - INFO - Epoch: 37 | LR: 0.0005 | Loss 0.3814 | Val MaF1: 0.9355 (Best: 0.9366) | Test MaF1: 0.9372 (Best: 0.9380) | MiF1: 0.9379 (Best: 0.9386)
2024-04-18 16:29:43,715 - root - INFO - Epoch: 38 | LR: 0.0005 | Loss 0.3791 | Val MaF1: 0.9330 (Best: 0.9366) | Test MaF1: 0.9351 (Best: 0.9380) | MiF1: 0.9357 (Best: 0.9386)
2024-04-18 16:29:44,589 - root - INFO - Epoch: 39 | LR: 0.0005 | Loss 0.3778 | Val MaF1: 0.9330 (Best: 0.9366) | Test MaF1: 0.9362 (Best: 0.9380) | MiF1: 0.9368 (Best: 0.9386)
2024-04-18 16:29:45,412 - root - INFO - Epoch: 40 | LR: 0.0004 | Loss 0.3764 | Val MaF1: 0.9330 (Best: 0.9366) | Test MaF1: 0.9358 (Best: 0.9380) | MiF1: 0.9364 (Best: 0.9386)
2024-04-18 16:29:46,231 - root - INFO - Epoch: 41 | LR: 0.0004 | Loss 0.3751 | Val MaF1: 0.9330 (Best: 0.9366) | Test MaF1: 0.9361 (Best: 0.9380) | MiF1: 0.9368 (Best: 0.9386)
2024-04-18 16:29:47,054 - root - INFO - Epoch: 42 | LR: 0.0004 | Loss 0.3742 | Val MaF1: 0.9330 (Best: 0.9366) | Test MaF1: 0.9354 (Best: 0.9380) | MiF1: 0.9361 (Best: 0.9386)
2024-04-18 16:29:47,875 - root - INFO - Epoch: 43 | LR: 0.0003 | Loss 0.3734 | Val MaF1: 0.9330 (Best: 0.9366) | Test MaF1: 0.9354 (Best: 0.9380) | MiF1: 0.9361 (Best: 0.9386)
2024-04-18 16:29:48,698 - root - INFO - Epoch: 44 | LR: 0.0003 | Loss 0.3722 | Val MaF1: 0.9330 (Best: 0.9366) | Test MaF1: 0.9354 (Best: 0.9380) | MiF1: 0.9361 (Best: 0.9386)
2024-04-18 16:29:49,563 - root - INFO - Epoch: 45 | LR: 0.0003 | Loss 0.3722 | Val MaF1: 0.9330 (Best: 0.9366) | Test MaF1: 0.9358 (Best: 0.9380) | MiF1: 0.9364 (Best: 0.9386)
2024-04-18 16:29:50,385 - root - INFO - Epoch: 46 | LR: 0.0002 | Loss 0.3713 | Val MaF1: 0.9330 (Best: 0.9366) | Test MaF1: 0.9358 (Best: 0.9380) | MiF1: 0.9364 (Best: 0.9386)
2024-04-18 16:29:51,211 - root - INFO - Epoch: 47 | LR: 0.0002 | Loss 0.3711 | Val MaF1: 0.9330 (Best: 0.9366) | Test MaF1: 0.9358 (Best: 0.9380) | MiF1: 0.9364 (Best: 0.9386)
2024-04-18 16:29:52,041 - root - INFO - Epoch: 48 | LR: 0.0002 | Loss 0.3705 | Val MaF1: 0.9330 (Best: 0.9366) | Test MaF1: 0.9358 (Best: 0.9380) | MiF1: 0.9364 (Best: 0.9386)
2024-04-18 16:29:52,867 - root - INFO - Epoch: 49 | LR: 0.0001 | Loss 0.3699 | Val MaF1: 0.9330 (Best: 0.9366) | Test MaF1: 0.9358 (Best: 0.9380) | MiF1: 0.9364 (Best: 0.9386)
2024-04-18 16:29:53,690 - root - INFO - Epoch: 50 | LR: 0.0001 | Loss 0.3701 | Val MaF1: 0.9330 (Best: 0.9366) | Test MaF1: 0.9358 (Best: 0.9380) | MiF1: 0.9364 (Best: 0.9386)
2024-04-18 16:29:54,518 - root - INFO - Epoch: 51 | LR: 0.0001 | Loss 0.3696 | Val MaF1: 0.9330 (Best: 0.9366) | Test MaF1: 0.9358 (Best: 0.9380) | MiF1: 0.9364 (Best: 0.9386)
2024-04-18 16:29:55,377 - root - INFO - Epoch: 52 | LR: 0.0001 | Loss 0.3693 | Val MaF1: 0.9305 (Best: 0.9366) | Test MaF1: 0.9354 (Best: 0.9380) | MiF1: 0.9361 (Best: 0.9386)
2024-04-18 16:29:56,196 - root - INFO - Epoch: 53 | LR: 0.0000 | Loss 0.3702 | Val MaF1: 0.9305 (Best: 0.9366) | Test MaF1: 0.9358 (Best: 0.9380) | MiF1: 0.9364 (Best: 0.9386)
2024-04-18 16:29:57,022 - root - INFO - Epoch: 54 | LR: 0.0000 | Loss 0.3692 | Val MaF1: 0.9305 (Best: 0.9366) | Test MaF1: 0.9358 (Best: 0.9380) | MiF1: 0.9364 (Best: 0.9386)
2024-04-18 16:29:57,847 - root - INFO - Epoch: 55 | LR: 0.0000 | Loss 0.3693 | Val MaF1: 0.9305 (Best: 0.9366) | Test MaF1: 0.9358 (Best: 0.9380) | MiF1: 0.9364 (Best: 0.9386)
2024-04-18 16:29:58,675 - root - INFO - Epoch: 56 | LR: 0.0000 | Loss 0.3693 | Val MaF1: 0.9305 (Best: 0.9366) | Test MaF1: 0.9358 (Best: 0.9380) | MiF1: 0.9364 (Best: 0.9386)
2024-04-18 16:29:59,500 - root - INFO - Epoch: 57 | LR: 0.0000 | Loss 0.3691 | Val MaF1: 0.9305 (Best: 0.9366) | Test MaF1: 0.9358 (Best: 0.9380) | MiF1: 0.9364 (Best: 0.9386)
2024-04-18 16:30:00,380 - root - INFO - Epoch: 58 | LR: 0.0000 | Loss 0.3686 | Val MaF1: 0.9305 (Best: 0.9366) | Test MaF1: 0.9358 (Best: 0.9380) | MiF1: 0.9364 (Best: 0.9386)
2024-04-18 16:30:01,207 - root - INFO - Epoch: 59 | LR: 0.0000 | Loss 0.3687 | Val MaF1: 0.9305 (Best: 0.9366) | Test MaF1: 0.9358 (Best: 0.9380) | MiF1: 0.9364 (Best: 0.9386)
2024-04-18 16:30:02,036 - root - INFO - Epoch: 60 | LR: 0.0000 | Loss 0.3691 | Val MaF1: 0.9305 (Best: 0.9366) | Test MaF1: 0.9358 (Best: 0.9380) | MiF1: 0.9364 (Best: 0.9386)
2024-04-18 16:30:02,037 - root - INFO - Best Epoch: 34 | Train MiF1: 0.9988,  MaF1: 0.9988 | Val MiF1: 0.9352, MaF1: 0.9366 | Test MaF1: 0.9380, MiF1: 0.9386
2024-04-18 16:30:02,523 - root - INFO - ARI: 0.8101 | NMI: 0.7528
