2024-04-22 21:25:03,597 - root - INFO - {'prefix': 'SR-HGN', 'gpu': 0, 'feat': 1, 'seed': 0, 'verbose': 1, 'train_split': 0.2, 'val_split': 0.3, 'num_type_heads': 4, 'num_node_heads': 4, 'hidden_dim': 256, 'clip': 1.0, 'num_layers': 3, 'alpha': 0.5, 'epochs': 100, 'dataset': 'imdb', 'input_dim': 256, 'aggregate': 'concat', 'iscuda': True, 'cluster': True, 'max_lr': 0.001, 'weight_decay': 1e-05, 'heads': 1, 'han_heads': [4], 'hh_heads': 3, 'dropout': 0.2}
2024-04-22 21:25:06,080 - root - INFO - Training SR-HGN with #param: 26248004
2024-04-22 21:25:07,289 - root - INFO - ARI: 0.0030 | NMI: 0.0040
2024-04-22 21:25:07,289 - root - INFO - Epoch: 1 | LR: 0.0000 | Loss 1.0993 | Val MaF1: 0.2555 (Best: 0.2555) | Test MaF1: 0.2405 (Best: 0.2405) | MiF1: 0.3798 (Best: 0.3798)
2024-04-22 21:25:07,491 - root - INFO - Epoch: 2 | LR: 0.0001 | Loss 1.0971 | Val MaF1: 0.1961 (Best: 0.2555) | Test MaF1: 0.2019 (Best: 0.2405) | MiF1: 0.3754 (Best: 0.3798)
2024-04-22 21:25:07,618 - root - INFO - Epoch: 3 | LR: 0.0001 | Loss 1.0954 | Val MaF1: 0.1789 (Best: 0.2555) | Test MaF1: 0.1872 (Best: 0.2405) | MiF1: 0.3727 (Best: 0.3798)
2024-04-22 21:25:07,744 - root - INFO - Epoch: 4 | LR: 0.0001 | Loss 1.0926 | Val MaF1: 0.1797 (Best: 0.2555) | Test MaF1: 0.1817 (Best: 0.2405) | MiF1: 0.3711 (Best: 0.3798)
2024-04-22 21:25:07,868 - root - INFO - Epoch: 5 | LR: 0.0001 | Loss 1.0894 | Val MaF1: 0.1797 (Best: 0.2555) | Test MaF1: 0.1844 (Best: 0.2405) | MiF1: 0.3724 (Best: 0.3798)
2024-04-22 21:25:07,991 - root - INFO - Epoch: 6 | LR: 0.0001 | Loss 1.0863 | Val MaF1: 0.1888 (Best: 0.2555) | Test MaF1: 0.1923 (Best: 0.2405) | MiF1: 0.3754 (Best: 0.3798)
2024-04-22 21:25:08,117 - root - INFO - Epoch: 7 | LR: 0.0002 | Loss 1.0813 | Val MaF1: 0.2108 (Best: 0.2555) | Test MaF1: 0.2042 (Best: 0.2405) | MiF1: 0.3804 (Best: 0.3798)
2024-04-22 21:25:08,241 - root - INFO - Epoch: 8 | LR: 0.0002 | Loss 1.0764 | Val MaF1: 0.2383 (Best: 0.2555) | Test MaF1: 0.2338 (Best: 0.2405) | MiF1: 0.3941 (Best: 0.3798)
2024-04-22 21:25:08,570 - root - INFO - ARI: 0.1710 | NMI: 0.1694
2024-04-22 21:25:08,571 - root - INFO - Epoch: 9 | LR: 0.0003 | Loss 1.0685 | Val MaF1: 0.2686 (Best: 0.2686) | Test MaF1: 0.2788 (Best: 0.2788) | MiF1: 0.4188 (Best: 0.4188)
2024-04-22 21:25:08,947 - root - INFO - ARI: 0.1783 | NMI: 0.1731
2024-04-22 21:25:08,948 - root - INFO - Epoch: 10 | LR: 0.0003 | Loss 1.0618 | Val MaF1: 0.3318 (Best: 0.3318) | Test MaF1: 0.3297 (Best: 0.3297) | MiF1: 0.4556 (Best: 0.4556)
2024-04-22 21:25:09,320 - root - INFO - ARI: 0.1940 | NMI: 0.1842
2024-04-22 21:25:09,321 - root - INFO - Epoch: 11 | LR: 0.0003 | Loss 1.0511 | Val MaF1: 0.3669 (Best: 0.3669) | Test MaF1: 0.3681 (Best: 0.3681) | MiF1: 0.4886 (Best: 0.4886)
2024-04-22 21:25:09,686 - root - INFO - ARI: 0.2072 | NMI: 0.1942
2024-04-22 21:25:09,687 - root - INFO - Epoch: 12 | LR: 0.0004 | Loss 1.0394 | Val MaF1: 0.3821 (Best: 0.3821) | Test MaF1: 0.3908 (Best: 0.3908) | MiF1: 0.5077 (Best: 0.5077)
2024-04-22 21:25:10,057 - root - INFO - ARI: 0.2223 | NMI: 0.2045
2024-04-22 21:25:10,058 - root - INFO - Epoch: 13 | LR: 0.0004 | Loss 1.0263 | Val MaF1: 0.3881 (Best: 0.3881) | Test MaF1: 0.4020 (Best: 0.4020) | MiF1: 0.5160 (Best: 0.5160)
2024-04-22 21:25:10,425 - root - INFO - ARI: 0.2308 | NMI: 0.2090
2024-04-22 21:25:10,425 - root - INFO - Epoch: 14 | LR: 0.0005 | Loss 1.0081 | Val MaF1: 0.3864 (Best: 0.3864) | Test MaF1: 0.4058 (Best: 0.4058) | MiF1: 0.5190 (Best: 0.5190)
2024-04-22 21:25:10,790 - root - INFO - ARI: 0.2401 | NMI: 0.2193
2024-04-22 21:25:10,791 - root - INFO - Epoch: 15 | LR: 0.0005 | Loss 0.9847 | Val MaF1: 0.3937 (Best: 0.3937) | Test MaF1: 0.4200 (Best: 0.4200) | MiF1: 0.5257 (Best: 0.5257)
2024-04-22 21:25:11,151 - root - INFO - ARI: 0.2487 | NMI: 0.2225
2024-04-22 21:25:11,151 - root - INFO - Epoch: 16 | LR: 0.0006 | Loss 0.9540 | Val MaF1: 0.4239 (Best: 0.4239) | Test MaF1: 0.4498 (Best: 0.4498) | MiF1: 0.5377 (Best: 0.5377)
2024-04-22 21:25:11,513 - root - INFO - ARI: 0.2614 | NMI: 0.2314
2024-04-22 21:25:11,513 - root - INFO - Epoch: 17 | LR: 0.0006 | Loss 0.9161 | Val MaF1: 0.5445 (Best: 0.5445) | Test MaF1: 0.5303 (Best: 0.5303) | MiF1: 0.5728 (Best: 0.5728)
2024-04-22 21:25:11,880 - root - INFO - ARI: 0.2720 | NMI: 0.2402
2024-04-22 21:25:11,880 - root - INFO - Epoch: 18 | LR: 0.0007 | Loss 0.8711 | Val MaF1: 0.6287 (Best: 0.6287) | Test MaF1: 0.6184 (Best: 0.6184) | MiF1: 0.6209 (Best: 0.6209)
2024-04-22 21:25:12,224 - root - INFO - ARI: 0.2764 | NMI: 0.2463
2024-04-22 21:25:12,224 - root - INFO - Epoch: 19 | LR: 0.0007 | Loss 0.8223 | Val MaF1: 0.6277 (Best: 0.6277) | Test MaF1: 0.6324 (Best: 0.6324) | MiF1: 0.6319 (Best: 0.6319)
2024-04-22 21:25:12,384 - root - INFO - Epoch: 20 | LR: 0.0008 | Loss 0.7804 | Val MaF1: 0.6132 (Best: 0.6277) | Test MaF1: 0.6158 (Best: 0.6324) | MiF1: 0.6182 (Best: 0.6319)
2024-04-22 21:25:12,514 - root - INFO - Epoch: 21 | LR: 0.0008 | Loss 0.7439 | Val MaF1: 0.6162 (Best: 0.6277) | Test MaF1: 0.6199 (Best: 0.6324) | MiF1: 0.6222 (Best: 0.6319)
2024-04-22 21:25:12,641 - root - INFO - Epoch: 22 | LR: 0.0009 | Loss 0.7059 | Val MaF1: 0.6301 (Best: 0.6277) | Test MaF1: 0.6281 (Best: 0.6324) | MiF1: 0.6293 (Best: 0.6319)
2024-04-22 21:25:12,768 - root - INFO - Epoch: 23 | LR: 0.0009 | Loss 0.6769 | Val MaF1: 0.6408 (Best: 0.6277) | Test MaF1: 0.6312 (Best: 0.6324) | MiF1: 0.6319 (Best: 0.6319)
2024-04-22 21:25:12,892 - root - INFO - Epoch: 24 | LR: 0.0009 | Loss 0.6520 | Val MaF1: 0.6323 (Best: 0.6277) | Test MaF1: 0.6270 (Best: 0.6324) | MiF1: 0.6293 (Best: 0.6319)
2024-04-22 21:25:13,030 - root - INFO - Epoch: 25 | LR: 0.0010 | Loss 0.6315 | Val MaF1: 0.6234 (Best: 0.6277) | Test MaF1: 0.6271 (Best: 0.6324) | MiF1: 0.6296 (Best: 0.6319)
2024-04-22 21:25:13,152 - root - INFO - Epoch: 26 | LR: 0.0010 | Loss 0.6128 | Val MaF1: 0.6218 (Best: 0.6277) | Test MaF1: 0.6317 (Best: 0.6324) | MiF1: 0.6339 (Best: 0.6319)
2024-04-22 21:25:13,277 - root - INFO - Epoch: 27 | LR: 0.0010 | Loss 0.5972 | Val MaF1: 0.6254 (Best: 0.6277) | Test MaF1: 0.6265 (Best: 0.6324) | MiF1: 0.6283 (Best: 0.6319)
2024-04-22 21:25:13,403 - root - INFO - Epoch: 28 | LR: 0.0010 | Loss 0.5840 | Val MaF1: 0.6163 (Best: 0.6277) | Test MaF1: 0.6240 (Best: 0.6324) | MiF1: 0.6249 (Best: 0.6319)
2024-04-22 21:25:13,526 - root - INFO - Epoch: 29 | LR: 0.0010 | Loss 0.5740 | Val MaF1: 0.6258 (Best: 0.6277) | Test MaF1: 0.6178 (Best: 0.6324) | MiF1: 0.6189 (Best: 0.6319)
2024-04-22 21:25:13,648 - root - INFO - Epoch: 30 | LR: 0.0010 | Loss 0.5645 | Val MaF1: 0.6125 (Best: 0.6277) | Test MaF1: 0.6168 (Best: 0.6324) | MiF1: 0.6182 (Best: 0.6319)
2024-04-22 21:25:13,773 - root - INFO - Epoch: 31 | LR: 0.0010 | Loss 0.5563 | Val MaF1: 0.5989 (Best: 0.6277) | Test MaF1: 0.6127 (Best: 0.6324) | MiF1: 0.6142 (Best: 0.6319)
2024-04-22 21:25:13,897 - root - INFO - Epoch: 32 | LR: 0.0010 | Loss 0.5496 | Val MaF1: 0.6008 (Best: 0.6277) | Test MaF1: 0.6131 (Best: 0.6324) | MiF1: 0.6152 (Best: 0.6319)
2024-04-22 21:25:14,020 - root - INFO - Epoch: 33 | LR: 0.0010 | Loss 0.5423 | Val MaF1: 0.6084 (Best: 0.6277) | Test MaF1: 0.6128 (Best: 0.6324) | MiF1: 0.6152 (Best: 0.6319)
2024-04-22 21:25:14,148 - root - INFO - Epoch: 34 | LR: 0.0010 | Loss 0.5367 | Val MaF1: 0.6075 (Best: 0.6277) | Test MaF1: 0.6148 (Best: 0.6324) | MiF1: 0.6172 (Best: 0.6319)
2024-04-22 21:25:14,274 - root - INFO - Epoch: 35 | LR: 0.0010 | Loss 0.5307 | Val MaF1: 0.6027 (Best: 0.6277) | Test MaF1: 0.6126 (Best: 0.6324) | MiF1: 0.6149 (Best: 0.6319)
2024-04-22 21:25:14,400 - root - INFO - Epoch: 36 | LR: 0.0010 | Loss 0.5248 | Val MaF1: 0.6025 (Best: 0.6277) | Test MaF1: 0.6120 (Best: 0.6324) | MiF1: 0.6139 (Best: 0.6319)
2024-04-22 21:25:14,523 - root - INFO - Epoch: 37 | LR: 0.0010 | Loss 0.5208 | Val MaF1: 0.6068 (Best: 0.6277) | Test MaF1: 0.6116 (Best: 0.6324) | MiF1: 0.6132 (Best: 0.6319)
2024-04-22 21:25:14,646 - root - INFO - Epoch: 38 | LR: 0.0010 | Loss 0.5161 | Val MaF1: 0.6068 (Best: 0.6277) | Test MaF1: 0.6086 (Best: 0.6324) | MiF1: 0.6102 (Best: 0.6319)
2024-04-22 21:25:14,771 - root - INFO - Epoch: 39 | LR: 0.0010 | Loss 0.5114 | Val MaF1: 0.6006 (Best: 0.6277) | Test MaF1: 0.6087 (Best: 0.6324) | MiF1: 0.6102 (Best: 0.6319)
2024-04-22 21:25:14,894 - root - INFO - Epoch: 40 | LR: 0.0009 | Loss 0.5084 | Val MaF1: 0.5983 (Best: 0.6277) | Test MaF1: 0.6065 (Best: 0.6324) | MiF1: 0.6079 (Best: 0.6319)
2024-04-22 21:25:15,016 - root - INFO - Epoch: 41 | LR: 0.0009 | Loss 0.5044 | Val MaF1: 0.5963 (Best: 0.6277) | Test MaF1: 0.6064 (Best: 0.6324) | MiF1: 0.6079 (Best: 0.6319)
2024-04-22 21:25:15,141 - root - INFO - Epoch: 42 | LR: 0.0009 | Loss 0.5008 | Val MaF1: 0.5964 (Best: 0.6277) | Test MaF1: 0.6066 (Best: 0.6324) | MiF1: 0.6082 (Best: 0.6319)
2024-04-22 21:25:15,279 - root - INFO - Epoch: 43 | LR: 0.0009 | Loss 0.4972 | Val MaF1: 0.5956 (Best: 0.6277) | Test MaF1: 0.6044 (Best: 0.6324) | MiF1: 0.6059 (Best: 0.6319)
2024-04-22 21:25:15,406 - root - INFO - Epoch: 44 | LR: 0.0009 | Loss 0.4948 | Val MaF1: 0.5982 (Best: 0.6277) | Test MaF1: 0.6061 (Best: 0.6324) | MiF1: 0.6072 (Best: 0.6319)
2024-04-22 21:25:15,535 - root - INFO - Epoch: 45 | LR: 0.0009 | Loss 0.4918 | Val MaF1: 0.5976 (Best: 0.6277) | Test MaF1: 0.6083 (Best: 0.6324) | MiF1: 0.6096 (Best: 0.6319)
2024-04-22 21:25:15,662 - root - INFO - Epoch: 46 | LR: 0.0009 | Loss 0.4896 | Val MaF1: 0.5976 (Best: 0.6277) | Test MaF1: 0.6067 (Best: 0.6324) | MiF1: 0.6082 (Best: 0.6319)
2024-04-22 21:25:15,789 - root - INFO - Epoch: 47 | LR: 0.0008 | Loss 0.4868 | Val MaF1: 0.5932 (Best: 0.6277) | Test MaF1: 0.6073 (Best: 0.6324) | MiF1: 0.6089 (Best: 0.6319)
2024-04-22 21:25:15,915 - root - INFO - Epoch: 48 | LR: 0.0008 | Loss 0.4839 | Val MaF1: 0.5860 (Best: 0.6277) | Test MaF1: 0.6055 (Best: 0.6324) | MiF1: 0.6072 (Best: 0.6319)
2024-04-22 21:25:16,043 - root - INFO - Epoch: 49 | LR: 0.0008 | Loss 0.4822 | Val MaF1: 0.5884 (Best: 0.6277) | Test MaF1: 0.6038 (Best: 0.6324) | MiF1: 0.6055 (Best: 0.6319)
2024-04-22 21:25:16,171 - root - INFO - Epoch: 50 | LR: 0.0008 | Loss 0.4798 | Val MaF1: 0.5936 (Best: 0.6277) | Test MaF1: 0.6032 (Best: 0.6324) | MiF1: 0.6045 (Best: 0.6319)
2024-04-22 21:25:16,295 - root - INFO - Epoch: 51 | LR: 0.0008 | Loss 0.4779 | Val MaF1: 0.5936 (Best: 0.6277) | Test MaF1: 0.6030 (Best: 0.6324) | MiF1: 0.6045 (Best: 0.6319)
2024-04-22 21:25:16,418 - root - INFO - Epoch: 52 | LR: 0.0008 | Loss 0.4762 | Val MaF1: 0.5887 (Best: 0.6277) | Test MaF1: 0.6012 (Best: 0.6324) | MiF1: 0.6029 (Best: 0.6319)
2024-04-22 21:25:16,542 - root - INFO - Epoch: 53 | LR: 0.0007 | Loss 0.4743 | Val MaF1: 0.5887 (Best: 0.6277) | Test MaF1: 0.5999 (Best: 0.6324) | MiF1: 0.6019 (Best: 0.6319)
2024-04-22 21:25:16,667 - root - INFO - Epoch: 54 | LR: 0.0007 | Loss 0.4730 | Val MaF1: 0.5887 (Best: 0.6277) | Test MaF1: 0.6000 (Best: 0.6324) | MiF1: 0.6019 (Best: 0.6319)
2024-04-22 21:25:16,790 - root - INFO - Epoch: 55 | LR: 0.0007 | Loss 0.4705 | Val MaF1: 0.5907 (Best: 0.6277) | Test MaF1: 0.5991 (Best: 0.6324) | MiF1: 0.6009 (Best: 0.6319)
2024-04-22 21:25:16,913 - root - INFO - Epoch: 56 | LR: 0.0007 | Loss 0.4696 | Val MaF1: 0.5867 (Best: 0.6277) | Test MaF1: 0.5997 (Best: 0.6324) | MiF1: 0.6015 (Best: 0.6319)
2024-04-22 21:25:17,039 - root - INFO - Epoch: 57 | LR: 0.0007 | Loss 0.4684 | Val MaF1: 0.5867 (Best: 0.6277) | Test MaF1: 0.6013 (Best: 0.6324) | MiF1: 0.6029 (Best: 0.6319)
2024-04-22 21:25:17,163 - root - INFO - Epoch: 58 | LR: 0.0006 | Loss 0.4664 | Val MaF1: 0.5867 (Best: 0.6277) | Test MaF1: 0.5988 (Best: 0.6324) | MiF1: 0.6005 (Best: 0.6319)
2024-04-22 21:25:17,287 - root - INFO - Epoch: 59 | LR: 0.0006 | Loss 0.4656 | Val MaF1: 0.5867 (Best: 0.6277) | Test MaF1: 0.5975 (Best: 0.6324) | MiF1: 0.5992 (Best: 0.6319)
2024-04-22 21:25:17,410 - root - INFO - Epoch: 60 | LR: 0.0006 | Loss 0.4643 | Val MaF1: 0.5869 (Best: 0.6277) | Test MaF1: 0.5974 (Best: 0.6324) | MiF1: 0.5992 (Best: 0.6319)
2024-04-22 21:25:17,534 - root - INFO - Epoch: 61 | LR: 0.0006 | Loss 0.4631 | Val MaF1: 0.5895 (Best: 0.6277) | Test MaF1: 0.5976 (Best: 0.6324) | MiF1: 0.5995 (Best: 0.6319)
2024-04-22 21:25:17,659 - root - INFO - Epoch: 62 | LR: 0.0005 | Loss 0.4624 | Val MaF1: 0.5895 (Best: 0.6277) | Test MaF1: 0.5976 (Best: 0.6324) | MiF1: 0.5995 (Best: 0.6319)
2024-04-22 21:25:17,782 - root - INFO - Epoch: 63 | LR: 0.0005 | Loss 0.4617 | Val MaF1: 0.5921 (Best: 0.6277) | Test MaF1: 0.5987 (Best: 0.6324) | MiF1: 0.6005 (Best: 0.6319)
2024-04-22 21:25:17,906 - root - INFO - Epoch: 64 | LR: 0.0005 | Loss 0.4603 | Val MaF1: 0.5921 (Best: 0.6277) | Test MaF1: 0.5987 (Best: 0.6324) | MiF1: 0.6005 (Best: 0.6319)
2024-04-22 21:25:18,028 - root - INFO - Epoch: 65 | LR: 0.0005 | Loss 0.4596 | Val MaF1: 0.5921 (Best: 0.6277) | Test MaF1: 0.5986 (Best: 0.6324) | MiF1: 0.6005 (Best: 0.6319)
2024-04-22 21:25:18,150 - root - INFO - Epoch: 66 | LR: 0.0005 | Loss 0.4590 | Val MaF1: 0.5921 (Best: 0.6277) | Test MaF1: 0.5986 (Best: 0.6324) | MiF1: 0.6005 (Best: 0.6319)
2024-04-22 21:25:18,284 - root - INFO - Epoch: 67 | LR: 0.0004 | Loss 0.4576 | Val MaF1: 0.5921 (Best: 0.6277) | Test MaF1: 0.5989 (Best: 0.6324) | MiF1: 0.6009 (Best: 0.6319)
2024-04-22 21:25:18,409 - root - INFO - Epoch: 68 | LR: 0.0004 | Loss 0.4574 | Val MaF1: 0.5921 (Best: 0.6277) | Test MaF1: 0.5993 (Best: 0.6324) | MiF1: 0.6012 (Best: 0.6319)
2024-04-22 21:25:18,532 - root - INFO - Epoch: 69 | LR: 0.0004 | Loss 0.4560 | Val MaF1: 0.5921 (Best: 0.6277) | Test MaF1: 0.5996 (Best: 0.6324) | MiF1: 0.6015 (Best: 0.6319)
2024-04-22 21:25:18,654 - root - INFO - Epoch: 70 | LR: 0.0004 | Loss 0.4557 | Val MaF1: 0.5921 (Best: 0.6277) | Test MaF1: 0.5997 (Best: 0.6324) | MiF1: 0.6015 (Best: 0.6319)
2024-04-22 21:25:18,778 - root - INFO - Epoch: 71 | LR: 0.0003 | Loss 0.4548 | Val MaF1: 0.5921 (Best: 0.6277) | Test MaF1: 0.5993 (Best: 0.6324) | MiF1: 0.6012 (Best: 0.6319)
2024-04-22 21:25:18,901 - root - INFO - Epoch: 72 | LR: 0.0003 | Loss 0.4548 | Val MaF1: 0.5941 (Best: 0.6277) | Test MaF1: 0.5994 (Best: 0.6324) | MiF1: 0.6012 (Best: 0.6319)
2024-04-22 21:25:19,024 - root - INFO - Epoch: 73 | LR: 0.0003 | Loss 0.4539 | Val MaF1: 0.5941 (Best: 0.6277) | Test MaF1: 0.6000 (Best: 0.6324) | MiF1: 0.6019 (Best: 0.6319)
2024-04-22 21:25:19,146 - root - INFO - Epoch: 74 | LR: 0.0003 | Loss 0.4538 | Val MaF1: 0.5941 (Best: 0.6277) | Test MaF1: 0.5994 (Best: 0.6324) | MiF1: 0.6012 (Best: 0.6319)
2024-04-22 21:25:19,271 - root - INFO - Epoch: 75 | LR: 0.0003 | Loss 0.4527 | Val MaF1: 0.5964 (Best: 0.6277) | Test MaF1: 0.5986 (Best: 0.6324) | MiF1: 0.6005 (Best: 0.6319)
2024-04-22 21:25:19,394 - root - INFO - Epoch: 76 | LR: 0.0002 | Loss 0.4530 | Val MaF1: 0.5938 (Best: 0.6277) | Test MaF1: 0.5976 (Best: 0.6324) | MiF1: 0.5995 (Best: 0.6319)
2024-04-22 21:25:19,516 - root - INFO - Epoch: 77 | LR: 0.0002 | Loss 0.4520 | Val MaF1: 0.5915 (Best: 0.6277) | Test MaF1: 0.5973 (Best: 0.6324) | MiF1: 0.5992 (Best: 0.6319)
2024-04-22 21:25:19,640 - root - INFO - Epoch: 78 | LR: 0.0002 | Loss 0.4523 | Val MaF1: 0.5890 (Best: 0.6277) | Test MaF1: 0.5969 (Best: 0.6324) | MiF1: 0.5989 (Best: 0.6319)
2024-04-22 21:25:19,766 - root - INFO - Epoch: 79 | LR: 0.0002 | Loss 0.4514 | Val MaF1: 0.5890 (Best: 0.6277) | Test MaF1: 0.5979 (Best: 0.6324) | MiF1: 0.5999 (Best: 0.6319)
2024-04-22 21:25:19,888 - root - INFO - Epoch: 80 | LR: 0.0002 | Loss 0.4510 | Val MaF1: 0.5890 (Best: 0.6277) | Test MaF1: 0.5983 (Best: 0.6324) | MiF1: 0.6002 (Best: 0.6319)
2024-04-22 21:25:20,011 - root - INFO - Epoch: 81 | LR: 0.0002 | Loss 0.4510 | Val MaF1: 0.5890 (Best: 0.6277) | Test MaF1: 0.5989 (Best: 0.6324) | MiF1: 0.6009 (Best: 0.6319)
2024-04-22 21:25:20,134 - root - INFO - Epoch: 82 | LR: 0.0001 | Loss 0.4514 | Val MaF1: 0.5890 (Best: 0.6277) | Test MaF1: 0.6001 (Best: 0.6324) | MiF1: 0.6019 (Best: 0.6319)
2024-04-22 21:25:20,258 - root - INFO - Epoch: 83 | LR: 0.0001 | Loss 0.4513 | Val MaF1: 0.5890 (Best: 0.6277) | Test MaF1: 0.6001 (Best: 0.6324) | MiF1: 0.6019 (Best: 0.6319)
2024-04-22 21:25:20,381 - root - INFO - Epoch: 84 | LR: 0.0001 | Loss 0.4511 | Val MaF1: 0.5910 (Best: 0.6277) | Test MaF1: 0.6004 (Best: 0.6324) | MiF1: 0.6022 (Best: 0.6319)
2024-04-22 21:25:20,506 - root - INFO - Epoch: 85 | LR: 0.0001 | Loss 0.4497 | Val MaF1: 0.5910 (Best: 0.6277) | Test MaF1: 0.6007 (Best: 0.6324) | MiF1: 0.6025 (Best: 0.6319)
2024-04-22 21:25:20,628 - root - INFO - Epoch: 86 | LR: 0.0001 | Loss 0.4499 | Val MaF1: 0.5910 (Best: 0.6277) | Test MaF1: 0.6004 (Best: 0.6324) | MiF1: 0.6022 (Best: 0.6319)
2024-04-22 21:25:20,751 - root - INFO - Epoch: 87 | LR: 0.0001 | Loss 0.4501 | Val MaF1: 0.5910 (Best: 0.6277) | Test MaF1: 0.6002 (Best: 0.6324) | MiF1: 0.6019 (Best: 0.6319)
2024-04-22 21:25:20,875 - root - INFO - Epoch: 88 | LR: 0.0001 | Loss 0.4498 | Val MaF1: 0.5910 (Best: 0.6277) | Test MaF1: 0.6006 (Best: 0.6324) | MiF1: 0.6022 (Best: 0.6319)
2024-04-22 21:25:21,004 - root - INFO - Epoch: 89 | LR: 0.0000 | Loss 0.4496 | Val MaF1: 0.5910 (Best: 0.6277) | Test MaF1: 0.6006 (Best: 0.6324) | MiF1: 0.6022 (Best: 0.6319)
2024-04-22 21:25:21,126 - root - INFO - Epoch: 90 | LR: 0.0000 | Loss 0.4504 | Val MaF1: 0.5910 (Best: 0.6277) | Test MaF1: 0.6006 (Best: 0.6324) | MiF1: 0.6022 (Best: 0.6319)
2024-04-22 21:25:21,249 - root - INFO - Epoch: 91 | LR: 0.0000 | Loss 0.4490 | Val MaF1: 0.5910 (Best: 0.6277) | Test MaF1: 0.6003 (Best: 0.6324) | MiF1: 0.6019 (Best: 0.6319)
2024-04-22 21:25:21,374 - root - INFO - Epoch: 92 | LR: 0.0000 | Loss 0.4494 | Val MaF1: 0.5910 (Best: 0.6277) | Test MaF1: 0.6003 (Best: 0.6324) | MiF1: 0.6019 (Best: 0.6319)
2024-04-22 21:25:21,498 - root - INFO - Epoch: 93 | LR: 0.0000 | Loss 0.4492 | Val MaF1: 0.5910 (Best: 0.6277) | Test MaF1: 0.6000 (Best: 0.6324) | MiF1: 0.6015 (Best: 0.6319)
2024-04-22 21:25:21,622 - root - INFO - Epoch: 94 | LR: 0.0000 | Loss 0.4492 | Val MaF1: 0.5910 (Best: 0.6277) | Test MaF1: 0.6003 (Best: 0.6324) | MiF1: 0.6019 (Best: 0.6319)
2024-04-22 21:25:21,746 - root - INFO - Epoch: 95 | LR: 0.0000 | Loss 0.4491 | Val MaF1: 0.5910 (Best: 0.6277) | Test MaF1: 0.6003 (Best: 0.6324) | MiF1: 0.6019 (Best: 0.6319)
2024-04-22 21:25:21,869 - root - INFO - Epoch: 96 | LR: 0.0000 | Loss 0.4491 | Val MaF1: 0.5910 (Best: 0.6277) | Test MaF1: 0.6003 (Best: 0.6324) | MiF1: 0.6019 (Best: 0.6319)
2024-04-22 21:25:21,991 - root - INFO - Epoch: 97 | LR: 0.0000 | Loss 0.4493 | Val MaF1: 0.5910 (Best: 0.6277) | Test MaF1: 0.6003 (Best: 0.6324) | MiF1: 0.6019 (Best: 0.6319)
2024-04-22 21:25:22,114 - root - INFO - Epoch: 98 | LR: 0.0000 | Loss 0.4495 | Val MaF1: 0.5910 (Best: 0.6277) | Test MaF1: 0.6003 (Best: 0.6324) | MiF1: 0.6019 (Best: 0.6319)
2024-04-22 21:25:22,239 - root - INFO - Epoch: 99 | LR: 0.0000 | Loss 0.4495 | Val MaF1: 0.5910 (Best: 0.6277) | Test MaF1: 0.6003 (Best: 0.6324) | MiF1: 0.6019 (Best: 0.6319)
2024-04-22 21:25:22,362 - root - INFO - Epoch: 100 | LR: 0.0000 | Loss 0.4494 | Val MaF1: 0.5910 (Best: 0.6277) | Test MaF1: 0.6003 (Best: 0.6324) | MiF1: 0.6019 (Best: 0.6319)
2024-04-22 21:25:22,362 - root - INFO - Best Epoch: 19 | Train MiF1: 0.9229,  MaF1: 0.9229 | Val MiF1: 0.6285, MaF1: 0.6277 | Test MaF1: 0.6324, MiF1: 0.6319
2024-04-22 21:25:22,477 - root - INFO - ARI: 0.2764 | NMI: 0.2463
