2024-04-22 20:33:38,436 - root - INFO - {'prefix': 'SR-HGN', 'gpu': 0, 'feat': 1, 'seed': 0, 'verbose': 1, 'train_split': 0.2, 'val_split': 0.3, 'num_type_heads': 4, 'num_node_heads': 4, 'hidden_dim': 256, 'clip': 1.0, 'num_layers': 3, 'alpha': 0.5, 'epochs': 100, 'dataset': 'imdb', 'input_dim': 256, 'aggregate': 'concat', 'iscuda': True, 'cluster': True, 'max_lr': 0.001, 'weight_decay': 1e-05, 'heads': 1, 'han_heads': [4], 'hh_heads': 3, 'dropout': 0.2}
2024-04-22 20:33:40,896 - root - INFO - Training SR-HGN with #param: 26248004
2024-04-22 20:33:42,164 - root - INFO - ARI: -0.0001 | NMI: 0.0003
2024-04-22 20:33:42,165 - root - INFO - Epoch: 1 | LR: 0.0000 | Loss 1.0990 | Val MaF1: 0.2274 (Best: 0.2274) | Test MaF1: 0.2260 (Best: 0.2260) | MiF1: 0.3774 (Best: 0.3774)
2024-04-22 20:33:42,305 - root - INFO - Epoch: 2 | LR: 0.0001 | Loss 1.0974 | Val MaF1: 0.1785 (Best: 0.2274) | Test MaF1: 0.1970 (Best: 0.2260) | MiF1: 0.3751 (Best: 0.3774)
2024-04-22 20:33:42,456 - root - INFO - Epoch: 3 | LR: 0.0001 | Loss 1.0964 | Val MaF1: 0.1789 (Best: 0.2274) | Test MaF1: 0.1871 (Best: 0.2260) | MiF1: 0.3727 (Best: 0.3774)
2024-04-22 20:33:42,562 - root - INFO - Epoch: 4 | LR: 0.0001 | Loss 1.0940 | Val MaF1: 0.1797 (Best: 0.2274) | Test MaF1: 0.1808 (Best: 0.2260) | MiF1: 0.3701 (Best: 0.3774)
2024-04-22 20:33:42,663 - root - INFO - Epoch: 5 | LR: 0.0001 | Loss 1.0918 | Val MaF1: 0.1843 (Best: 0.2274) | Test MaF1: 0.1815 (Best: 0.2260) | MiF1: 0.3704 (Best: 0.3774)
2024-04-22 20:33:42,764 - root - INFO - Epoch: 6 | LR: 0.0001 | Loss 1.0899 | Val MaF1: 0.1843 (Best: 0.2274) | Test MaF1: 0.1835 (Best: 0.2260) | MiF1: 0.3714 (Best: 0.3774)
2024-04-22 20:33:42,867 - root - INFO - Epoch: 7 | LR: 0.0002 | Loss 1.0863 | Val MaF1: 0.1888 (Best: 0.2274) | Test MaF1: 0.1915 (Best: 0.2260) | MiF1: 0.3734 (Best: 0.3774)
2024-04-22 20:33:42,969 - root - INFO - Epoch: 8 | LR: 0.0002 | Loss 1.0837 | Val MaF1: 0.2059 (Best: 0.2274) | Test MaF1: 0.2160 (Best: 0.2260) | MiF1: 0.3831 (Best: 0.3774)
2024-04-22 20:33:43,294 - root - INFO - ARI: 0.1445 | NMI: 0.1342
2024-04-22 20:33:43,294 - root - INFO - Epoch: 9 | LR: 0.0003 | Loss 1.0778 | Val MaF1: 0.2500 (Best: 0.2500) | Test MaF1: 0.2582 (Best: 0.2582) | MiF1: 0.4035 (Best: 0.4035)
2024-04-22 20:33:43,651 - root - INFO - ARI: 0.1717 | NMI: 0.1562
2024-04-22 20:33:43,651 - root - INFO - Epoch: 10 | LR: 0.0003 | Loss 1.0754 | Val MaF1: 0.3112 (Best: 0.3112) | Test MaF1: 0.3207 (Best: 0.3207) | MiF1: 0.4415 (Best: 0.4415)
2024-04-22 20:33:43,979 - root - INFO - ARI: 0.1971 | NMI: 0.1768
2024-04-22 20:33:43,979 - root - INFO - Epoch: 11 | LR: 0.0003 | Loss 1.0696 | Val MaF1: 0.3793 (Best: 0.3793) | Test MaF1: 0.3617 (Best: 0.3617) | MiF1: 0.4746 (Best: 0.4746)
2024-04-22 20:33:44,315 - root - INFO - ARI: 0.2095 | NMI: 0.1888
2024-04-22 20:33:44,315 - root - INFO - Epoch: 12 | LR: 0.0004 | Loss 1.0628 | Val MaF1: 0.3964 (Best: 0.3964) | Test MaF1: 0.3771 (Best: 0.3771) | MiF1: 0.4890 (Best: 0.4890)
2024-04-22 20:33:44,459 - root - INFO - Epoch: 13 | LR: 0.0004 | Loss 1.0581 | Val MaF1: 0.3847 (Best: 0.3964) | Test MaF1: 0.3736 (Best: 0.3771) | MiF1: 0.4850 (Best: 0.4890)
2024-04-22 20:33:44,564 - root - INFO - Epoch: 14 | LR: 0.0005 | Loss 1.0496 | Val MaF1: 0.3922 (Best: 0.3964) | Test MaF1: 0.3749 (Best: 0.3771) | MiF1: 0.4873 (Best: 0.4890)
2024-04-22 20:33:44,874 - root - INFO - ARI: 0.2112 | NMI: 0.1992
2024-04-22 20:33:44,874 - root - INFO - Epoch: 15 | LR: 0.0005 | Loss 1.0389 | Val MaF1: 0.3966 (Best: 0.3966) | Test MaF1: 0.3791 (Best: 0.3791) | MiF1: 0.4920 (Best: 0.4920)
2024-04-22 20:33:45,222 - root - INFO - ARI: 0.2190 | NMI: 0.2088
2024-04-22 20:33:45,222 - root - INFO - Epoch: 16 | LR: 0.0006 | Loss 1.0252 | Val MaF1: 0.4002 (Best: 0.4002) | Test MaF1: 0.3878 (Best: 0.3878) | MiF1: 0.4987 (Best: 0.4987)
2024-04-22 20:33:45,561 - root - INFO - ARI: 0.2434 | NMI: 0.2262
2024-04-22 20:33:45,561 - root - INFO - Epoch: 17 | LR: 0.0006 | Loss 1.0048 | Val MaF1: 0.3997 (Best: 0.3997) | Test MaF1: 0.4042 (Best: 0.4042) | MiF1: 0.5077 (Best: 0.5077)
2024-04-22 20:33:45,907 - root - INFO - ARI: 0.2606 | NMI: 0.2346
2024-04-22 20:33:45,907 - root - INFO - Epoch: 18 | LR: 0.0007 | Loss 0.9763 | Val MaF1: 0.4697 (Best: 0.4697) | Test MaF1: 0.4913 (Best: 0.4913) | MiF1: 0.5484 (Best: 0.5484)
2024-04-22 20:33:46,239 - root - INFO - ARI: 0.2739 | NMI: 0.2428
2024-04-22 20:33:46,240 - root - INFO - Epoch: 19 | LR: 0.0007 | Loss 0.9415 | Val MaF1: 0.6267 (Best: 0.6267) | Test MaF1: 0.6158 (Best: 0.6158) | MiF1: 0.6156 (Best: 0.6156)
2024-04-22 20:33:46,378 - root - INFO - Epoch: 20 | LR: 0.0008 | Loss 0.9071 | Val MaF1: 0.6546 (Best: 0.6267) | Test MaF1: 0.6104 (Best: 0.6158) | MiF1: 0.6106 (Best: 0.6156)
2024-04-22 20:33:46,491 - root - INFO - Epoch: 21 | LR: 0.0008 | Loss 0.8745 | Val MaF1: 0.6437 (Best: 0.6267) | Test MaF1: 0.6089 (Best: 0.6158) | MiF1: 0.6106 (Best: 0.6156)
2024-04-22 20:33:46,791 - root - INFO - ARI: 0.3017 | NMI: 0.2652
2024-04-22 20:33:46,791 - root - INFO - Epoch: 22 | LR: 0.0009 | Loss 0.8394 | Val MaF1: 0.6537 (Best: 0.6537) | Test MaF1: 0.6301 (Best: 0.6301) | MiF1: 0.6296 (Best: 0.6296)
2024-04-22 20:33:47,120 - root - INFO - ARI: 0.3126 | NMI: 0.2714
2024-04-22 20:33:47,120 - root - INFO - Epoch: 23 | LR: 0.0009 | Loss 0.8067 | Val MaF1: 0.6672 (Best: 0.6672) | Test MaF1: 0.6451 (Best: 0.6451) | MiF1: 0.6450 (Best: 0.6450)
2024-04-22 20:33:47,265 - root - INFO - Epoch: 24 | LR: 0.0009 | Loss 0.7775 | Val MaF1: 0.6574 (Best: 0.6672) | Test MaF1: 0.6378 (Best: 0.6451) | MiF1: 0.6396 (Best: 0.6450)
2024-04-22 20:33:47,374 - root - INFO - Epoch: 25 | LR: 0.0010 | Loss 0.7540 | Val MaF1: 0.6549 (Best: 0.6672) | Test MaF1: 0.6373 (Best: 0.6451) | MiF1: 0.6396 (Best: 0.6450)
2024-04-22 20:33:47,475 - root - INFO - Epoch: 26 | LR: 0.0010 | Loss 0.7314 | Val MaF1: 0.6672 (Best: 0.6672) | Test MaF1: 0.6400 (Best: 0.6451) | MiF1: 0.6413 (Best: 0.6450)
2024-04-22 20:33:47,575 - root - INFO - Epoch: 27 | LR: 0.0010 | Loss 0.7100 | Val MaF1: 0.6620 (Best: 0.6672) | Test MaF1: 0.6375 (Best: 0.6451) | MiF1: 0.6379 (Best: 0.6450)
2024-04-22 20:33:47,676 - root - INFO - Epoch: 28 | LR: 0.0010 | Loss 0.6925 | Val MaF1: 0.6560 (Best: 0.6672) | Test MaF1: 0.6322 (Best: 0.6451) | MiF1: 0.6326 (Best: 0.6450)
2024-04-22 20:33:47,775 - root - INFO - Epoch: 29 | LR: 0.0010 | Loss 0.6764 | Val MaF1: 0.6606 (Best: 0.6672) | Test MaF1: 0.6303 (Best: 0.6451) | MiF1: 0.6303 (Best: 0.6450)
2024-04-22 20:33:47,876 - root - INFO - Epoch: 30 | LR: 0.0010 | Loss 0.6616 | Val MaF1: 0.6539 (Best: 0.6672) | Test MaF1: 0.6282 (Best: 0.6451) | MiF1: 0.6286 (Best: 0.6450)
2024-04-22 20:33:47,977 - root - INFO - Epoch: 31 | LR: 0.0010 | Loss 0.6473 | Val MaF1: 0.6639 (Best: 0.6672) | Test MaF1: 0.6269 (Best: 0.6451) | MiF1: 0.6276 (Best: 0.6450)
2024-04-22 20:33:48,077 - root - INFO - Epoch: 32 | LR: 0.0010 | Loss 0.6345 | Val MaF1: 0.6607 (Best: 0.6672) | Test MaF1: 0.6200 (Best: 0.6451) | MiF1: 0.6216 (Best: 0.6450)
2024-04-22 20:33:48,177 - root - INFO - Epoch: 33 | LR: 0.0010 | Loss 0.6235 | Val MaF1: 0.6568 (Best: 0.6672) | Test MaF1: 0.6192 (Best: 0.6451) | MiF1: 0.6206 (Best: 0.6450)
2024-04-22 20:33:48,278 - root - INFO - Epoch: 34 | LR: 0.0010 | Loss 0.6115 | Val MaF1: 0.6447 (Best: 0.6672) | Test MaF1: 0.6163 (Best: 0.6451) | MiF1: 0.6176 (Best: 0.6450)
2024-04-22 20:33:48,379 - root - INFO - Epoch: 35 | LR: 0.0010 | Loss 0.6012 | Val MaF1: 0.6470 (Best: 0.6672) | Test MaF1: 0.6145 (Best: 0.6451) | MiF1: 0.6152 (Best: 0.6450)
2024-04-22 20:33:48,479 - root - INFO - Epoch: 36 | LR: 0.0010 | Loss 0.5894 | Val MaF1: 0.6467 (Best: 0.6672) | Test MaF1: 0.6106 (Best: 0.6451) | MiF1: 0.6109 (Best: 0.6450)
2024-04-22 20:33:48,581 - root - INFO - Epoch: 37 | LR: 0.0010 | Loss 0.5807 | Val MaF1: 0.6352 (Best: 0.6672) | Test MaF1: 0.6068 (Best: 0.6451) | MiF1: 0.6072 (Best: 0.6450)
2024-04-22 20:33:48,684 - root - INFO - Epoch: 38 | LR: 0.0010 | Loss 0.5724 | Val MaF1: 0.6377 (Best: 0.6672) | Test MaF1: 0.6019 (Best: 0.6451) | MiF1: 0.6032 (Best: 0.6450)
2024-04-22 20:33:48,788 - root - INFO - Epoch: 39 | LR: 0.0010 | Loss 0.5631 | Val MaF1: 0.6317 (Best: 0.6672) | Test MaF1: 0.6013 (Best: 0.6451) | MiF1: 0.6029 (Best: 0.6450)
2024-04-22 20:33:48,892 - root - INFO - Epoch: 40 | LR: 0.0009 | Loss 0.5564 | Val MaF1: 0.6242 (Best: 0.6672) | Test MaF1: 0.5962 (Best: 0.6451) | MiF1: 0.5979 (Best: 0.6450)
2024-04-22 20:33:48,993 - root - INFO - Epoch: 41 | LR: 0.0009 | Loss 0.5486 | Val MaF1: 0.6180 (Best: 0.6672) | Test MaF1: 0.5959 (Best: 0.6451) | MiF1: 0.5975 (Best: 0.6450)
2024-04-22 20:33:49,095 - root - INFO - Epoch: 42 | LR: 0.0009 | Loss 0.5410 | Val MaF1: 0.6171 (Best: 0.6672) | Test MaF1: 0.5930 (Best: 0.6451) | MiF1: 0.5942 (Best: 0.6450)
2024-04-22 20:33:49,196 - root - INFO - Epoch: 43 | LR: 0.0009 | Loss 0.5331 | Val MaF1: 0.6113 (Best: 0.6672) | Test MaF1: 0.5932 (Best: 0.6451) | MiF1: 0.5949 (Best: 0.6450)
2024-04-22 20:33:49,298 - root - INFO - Epoch: 44 | LR: 0.0009 | Loss 0.5279 | Val MaF1: 0.6161 (Best: 0.6672) | Test MaF1: 0.5941 (Best: 0.6451) | MiF1: 0.5962 (Best: 0.6450)
2024-04-22 20:33:49,400 - root - INFO - Epoch: 45 | LR: 0.0009 | Loss 0.5211 | Val MaF1: 0.6142 (Best: 0.6672) | Test MaF1: 0.5917 (Best: 0.6451) | MiF1: 0.5939 (Best: 0.6450)
2024-04-22 20:33:49,502 - root - INFO - Epoch: 46 | LR: 0.0009 | Loss 0.5158 | Val MaF1: 0.6149 (Best: 0.6672) | Test MaF1: 0.5904 (Best: 0.6451) | MiF1: 0.5929 (Best: 0.6450)
2024-04-22 20:33:49,604 - root - INFO - Epoch: 47 | LR: 0.0008 | Loss 0.5100 | Val MaF1: 0.6114 (Best: 0.6672) | Test MaF1: 0.5871 (Best: 0.6451) | MiF1: 0.5895 (Best: 0.6450)
2024-04-22 20:33:49,705 - root - INFO - Epoch: 48 | LR: 0.0008 | Loss 0.5036 | Val MaF1: 0.6141 (Best: 0.6672) | Test MaF1: 0.5866 (Best: 0.6451) | MiF1: 0.5885 (Best: 0.6450)
2024-04-22 20:33:49,807 - root - INFO - Epoch: 49 | LR: 0.0008 | Loss 0.4997 | Val MaF1: 0.6101 (Best: 0.6672) | Test MaF1: 0.5857 (Best: 0.6451) | MiF1: 0.5875 (Best: 0.6450)
2024-04-22 20:33:49,911 - root - INFO - Epoch: 50 | LR: 0.0008 | Loss 0.4945 | Val MaF1: 0.6147 (Best: 0.6672) | Test MaF1: 0.5878 (Best: 0.6451) | MiF1: 0.5895 (Best: 0.6450)
2024-04-22 20:33:50,012 - root - INFO - Epoch: 51 | LR: 0.0008 | Loss 0.4907 | Val MaF1: 0.6118 (Best: 0.6672) | Test MaF1: 0.5858 (Best: 0.6451) | MiF1: 0.5878 (Best: 0.6450)
2024-04-22 20:33:50,130 - root - INFO - Epoch: 52 | LR: 0.0008 | Loss 0.4861 | Val MaF1: 0.6112 (Best: 0.6672) | Test MaF1: 0.5854 (Best: 0.6451) | MiF1: 0.5875 (Best: 0.6450)
2024-04-22 20:33:50,238 - root - INFO - Epoch: 53 | LR: 0.0007 | Loss 0.4825 | Val MaF1: 0.6110 (Best: 0.6672) | Test MaF1: 0.5866 (Best: 0.6451) | MiF1: 0.5888 (Best: 0.6450)
2024-04-22 20:33:50,339 - root - INFO - Epoch: 54 | LR: 0.0007 | Loss 0.4794 | Val MaF1: 0.6093 (Best: 0.6672) | Test MaF1: 0.5863 (Best: 0.6451) | MiF1: 0.5885 (Best: 0.6450)
2024-04-22 20:33:50,439 - root - INFO - Epoch: 55 | LR: 0.0007 | Loss 0.4736 | Val MaF1: 0.6094 (Best: 0.6672) | Test MaF1: 0.5863 (Best: 0.6451) | MiF1: 0.5882 (Best: 0.6450)
2024-04-22 20:33:50,540 - root - INFO - Epoch: 56 | LR: 0.0007 | Loss 0.4713 | Val MaF1: 0.6094 (Best: 0.6672) | Test MaF1: 0.5866 (Best: 0.6451) | MiF1: 0.5882 (Best: 0.6450)
2024-04-22 20:33:50,641 - root - INFO - Epoch: 57 | LR: 0.0007 | Loss 0.4688 | Val MaF1: 0.6120 (Best: 0.6672) | Test MaF1: 0.5886 (Best: 0.6451) | MiF1: 0.5905 (Best: 0.6450)
2024-04-22 20:33:50,741 - root - INFO - Epoch: 58 | LR: 0.0006 | Loss 0.4638 | Val MaF1: 0.6119 (Best: 0.6672) | Test MaF1: 0.5891 (Best: 0.6451) | MiF1: 0.5908 (Best: 0.6450)
2024-04-22 20:33:50,841 - root - INFO - Epoch: 59 | LR: 0.0006 | Loss 0.4620 | Val MaF1: 0.6142 (Best: 0.6672) | Test MaF1: 0.5900 (Best: 0.6451) | MiF1: 0.5919 (Best: 0.6450)
2024-04-22 20:33:50,942 - root - INFO - Epoch: 60 | LR: 0.0006 | Loss 0.4592 | Val MaF1: 0.6143 (Best: 0.6672) | Test MaF1: 0.5897 (Best: 0.6451) | MiF1: 0.5915 (Best: 0.6450)
2024-04-22 20:33:51,043 - root - INFO - Epoch: 61 | LR: 0.0006 | Loss 0.4566 | Val MaF1: 0.6100 (Best: 0.6672) | Test MaF1: 0.5887 (Best: 0.6451) | MiF1: 0.5902 (Best: 0.6450)
2024-04-22 20:33:51,143 - root - INFO - Epoch: 62 | LR: 0.0005 | Loss 0.4549 | Val MaF1: 0.6097 (Best: 0.6672) | Test MaF1: 0.5870 (Best: 0.6451) | MiF1: 0.5885 (Best: 0.6450)
2024-04-22 20:33:51,243 - root - INFO - Epoch: 63 | LR: 0.0005 | Loss 0.4529 | Val MaF1: 0.6097 (Best: 0.6672) | Test MaF1: 0.5866 (Best: 0.6451) | MiF1: 0.5882 (Best: 0.6450)
2024-04-22 20:33:51,344 - root - INFO - Epoch: 64 | LR: 0.0005 | Loss 0.4499 | Val MaF1: 0.6097 (Best: 0.6672) | Test MaF1: 0.5875 (Best: 0.6451) | MiF1: 0.5892 (Best: 0.6450)
2024-04-22 20:33:51,444 - root - INFO - Epoch: 65 | LR: 0.0005 | Loss 0.4480 | Val MaF1: 0.6097 (Best: 0.6672) | Test MaF1: 0.5868 (Best: 0.6451) | MiF1: 0.5885 (Best: 0.6450)
2024-04-22 20:33:51,545 - root - INFO - Epoch: 66 | LR: 0.0005 | Loss 0.4466 | Val MaF1: 0.6097 (Best: 0.6672) | Test MaF1: 0.5853 (Best: 0.6451) | MiF1: 0.5872 (Best: 0.6450)
2024-04-22 20:33:51,647 - root - INFO - Epoch: 67 | LR: 0.0004 | Loss 0.4430 | Val MaF1: 0.6120 (Best: 0.6672) | Test MaF1: 0.5856 (Best: 0.6451) | MiF1: 0.5875 (Best: 0.6450)
2024-04-22 20:33:51,746 - root - INFO - Epoch: 68 | LR: 0.0004 | Loss 0.4431 | Val MaF1: 0.6120 (Best: 0.6672) | Test MaF1: 0.5825 (Best: 0.6451) | MiF1: 0.5845 (Best: 0.6450)
2024-04-22 20:33:51,847 - root - INFO - Epoch: 69 | LR: 0.0004 | Loss 0.4402 | Val MaF1: 0.6097 (Best: 0.6672) | Test MaF1: 0.5838 (Best: 0.6451) | MiF1: 0.5858 (Best: 0.6450)
2024-04-22 20:33:51,946 - root - INFO - Epoch: 70 | LR: 0.0004 | Loss 0.4392 | Val MaF1: 0.6144 (Best: 0.6672) | Test MaF1: 0.5843 (Best: 0.6451) | MiF1: 0.5862 (Best: 0.6450)
2024-04-22 20:33:52,048 - root - INFO - Epoch: 71 | LR: 0.0003 | Loss 0.4377 | Val MaF1: 0.6141 (Best: 0.6672) | Test MaF1: 0.5841 (Best: 0.6451) | MiF1: 0.5858 (Best: 0.6450)
2024-04-22 20:33:52,149 - root - INFO - Epoch: 72 | LR: 0.0003 | Loss 0.4374 | Val MaF1: 0.6141 (Best: 0.6672) | Test MaF1: 0.5841 (Best: 0.6451) | MiF1: 0.5855 (Best: 0.6450)
2024-04-22 20:33:52,248 - root - INFO - Epoch: 73 | LR: 0.0003 | Loss 0.4355 | Val MaF1: 0.6121 (Best: 0.6672) | Test MaF1: 0.5836 (Best: 0.6451) | MiF1: 0.5852 (Best: 0.6450)
2024-04-22 20:33:52,348 - root - INFO - Epoch: 74 | LR: 0.0003 | Loss 0.4349 | Val MaF1: 0.6121 (Best: 0.6672) | Test MaF1: 0.5842 (Best: 0.6451) | MiF1: 0.5858 (Best: 0.6450)
2024-04-22 20:33:52,450 - root - INFO - Epoch: 75 | LR: 0.0003 | Loss 0.4325 | Val MaF1: 0.6121 (Best: 0.6672) | Test MaF1: 0.5843 (Best: 0.6451) | MiF1: 0.5862 (Best: 0.6450)
2024-04-22 20:33:52,551 - root - INFO - Epoch: 76 | LR: 0.0002 | Loss 0.4331 | Val MaF1: 0.6121 (Best: 0.6672) | Test MaF1: 0.5826 (Best: 0.6451) | MiF1: 0.5845 (Best: 0.6450)
2024-04-22 20:33:52,651 - root - INFO - Epoch: 77 | LR: 0.0002 | Loss 0.4309 | Val MaF1: 0.6144 (Best: 0.6672) | Test MaF1: 0.5829 (Best: 0.6451) | MiF1: 0.5848 (Best: 0.6450)
2024-04-22 20:33:52,760 - root - INFO - Epoch: 78 | LR: 0.0002 | Loss 0.4312 | Val MaF1: 0.6144 (Best: 0.6672) | Test MaF1: 0.5823 (Best: 0.6451) | MiF1: 0.5842 (Best: 0.6450)
2024-04-22 20:33:52,861 - root - INFO - Epoch: 79 | LR: 0.0002 | Loss 0.4298 | Val MaF1: 0.6140 (Best: 0.6672) | Test MaF1: 0.5833 (Best: 0.6451) | MiF1: 0.5852 (Best: 0.6450)
2024-04-22 20:33:52,960 - root - INFO - Epoch: 80 | LR: 0.0002 | Loss 0.4289 | Val MaF1: 0.6140 (Best: 0.6672) | Test MaF1: 0.5836 (Best: 0.6451) | MiF1: 0.5855 (Best: 0.6450)
2024-04-22 20:33:53,062 - root - INFO - Epoch: 81 | LR: 0.0002 | Loss 0.4284 | Val MaF1: 0.6140 (Best: 0.6672) | Test MaF1: 0.5829 (Best: 0.6451) | MiF1: 0.5848 (Best: 0.6450)
2024-04-22 20:33:53,161 - root - INFO - Epoch: 82 | LR: 0.0001 | Loss 0.4296 | Val MaF1: 0.6140 (Best: 0.6672) | Test MaF1: 0.5822 (Best: 0.6451) | MiF1: 0.5842 (Best: 0.6450)
2024-04-22 20:33:53,262 - root - INFO - Epoch: 83 | LR: 0.0001 | Loss 0.4287 | Val MaF1: 0.6140 (Best: 0.6672) | Test MaF1: 0.5812 (Best: 0.6451) | MiF1: 0.5832 (Best: 0.6450)
2024-04-22 20:33:53,361 - root - INFO - Epoch: 84 | LR: 0.0001 | Loss 0.4285 | Val MaF1: 0.6140 (Best: 0.6672) | Test MaF1: 0.5809 (Best: 0.6451) | MiF1: 0.5828 (Best: 0.6450)
2024-04-22 20:33:53,463 - root - INFO - Epoch: 85 | LR: 0.0001 | Loss 0.4258 | Val MaF1: 0.6140 (Best: 0.6672) | Test MaF1: 0.5806 (Best: 0.6451) | MiF1: 0.5825 (Best: 0.6450)
2024-04-22 20:33:53,565 - root - INFO - Epoch: 86 | LR: 0.0001 | Loss 0.4260 | Val MaF1: 0.6140 (Best: 0.6672) | Test MaF1: 0.5802 (Best: 0.6451) | MiF1: 0.5822 (Best: 0.6450)
2024-04-22 20:33:53,667 - root - INFO - Epoch: 87 | LR: 0.0001 | Loss 0.4265 | Val MaF1: 0.6140 (Best: 0.6672) | Test MaF1: 0.5802 (Best: 0.6451) | MiF1: 0.5822 (Best: 0.6450)
2024-04-22 20:33:53,767 - root - INFO - Epoch: 88 | LR: 0.0001 | Loss 0.4259 | Val MaF1: 0.6117 (Best: 0.6672) | Test MaF1: 0.5795 (Best: 0.6451) | MiF1: 0.5815 (Best: 0.6450)
2024-04-22 20:33:53,868 - root - INFO - Epoch: 89 | LR: 0.0000 | Loss 0.4252 | Val MaF1: 0.6144 (Best: 0.6672) | Test MaF1: 0.5795 (Best: 0.6451) | MiF1: 0.5815 (Best: 0.6450)
2024-04-22 20:33:53,969 - root - INFO - Epoch: 90 | LR: 0.0000 | Loss 0.4264 | Val MaF1: 0.6144 (Best: 0.6672) | Test MaF1: 0.5795 (Best: 0.6451) | MiF1: 0.5815 (Best: 0.6450)
2024-04-22 20:33:54,070 - root - INFO - Epoch: 91 | LR: 0.0000 | Loss 0.4239 | Val MaF1: 0.6144 (Best: 0.6672) | Test MaF1: 0.5795 (Best: 0.6451) | MiF1: 0.5815 (Best: 0.6450)
2024-04-22 20:33:54,172 - root - INFO - Epoch: 92 | LR: 0.0000 | Loss 0.4249 | Val MaF1: 0.6144 (Best: 0.6672) | Test MaF1: 0.5795 (Best: 0.6451) | MiF1: 0.5815 (Best: 0.6450)
2024-04-22 20:33:54,276 - root - INFO - Epoch: 93 | LR: 0.0000 | Loss 0.4247 | Val MaF1: 0.6144 (Best: 0.6672) | Test MaF1: 0.5792 (Best: 0.6451) | MiF1: 0.5812 (Best: 0.6450)
2024-04-22 20:33:54,376 - root - INFO - Epoch: 94 | LR: 0.0000 | Loss 0.4244 | Val MaF1: 0.6144 (Best: 0.6672) | Test MaF1: 0.5792 (Best: 0.6451) | MiF1: 0.5812 (Best: 0.6450)
2024-04-22 20:33:54,476 - root - INFO - Epoch: 95 | LR: 0.0000 | Loss 0.4243 | Val MaF1: 0.6144 (Best: 0.6672) | Test MaF1: 0.5792 (Best: 0.6451) | MiF1: 0.5812 (Best: 0.6450)
2024-04-22 20:33:54,575 - root - INFO - Epoch: 96 | LR: 0.0000 | Loss 0.4240 | Val MaF1: 0.6144 (Best: 0.6672) | Test MaF1: 0.5792 (Best: 0.6451) | MiF1: 0.5812 (Best: 0.6450)
2024-04-22 20:33:54,676 - root - INFO - Epoch: 97 | LR: 0.0000 | Loss 0.4245 | Val MaF1: 0.6144 (Best: 0.6672) | Test MaF1: 0.5792 (Best: 0.6451) | MiF1: 0.5812 (Best: 0.6450)
2024-04-22 20:33:54,777 - root - INFO - Epoch: 98 | LR: 0.0000 | Loss 0.4253 | Val MaF1: 0.6144 (Best: 0.6672) | Test MaF1: 0.5792 (Best: 0.6451) | MiF1: 0.5812 (Best: 0.6450)
2024-04-22 20:33:54,878 - root - INFO - Epoch: 99 | LR: 0.0000 | Loss 0.4255 | Val MaF1: 0.6144 (Best: 0.6672) | Test MaF1: 0.5792 (Best: 0.6451) | MiF1: 0.5812 (Best: 0.6450)
2024-04-22 20:33:54,978 - root - INFO - Epoch: 100 | LR: 0.0000 | Loss 0.4246 | Val MaF1: 0.6144 (Best: 0.6672) | Test MaF1: 0.5792 (Best: 0.6451) | MiF1: 0.5812 (Best: 0.6450)
2024-04-22 20:33:54,978 - root - INFO - Best Epoch: 23 | Train MiF1: 0.9685,  MaF1: 0.9685 | Val MiF1: 0.6659, MaF1: 0.6672 | Test MaF1: 0.6451, MiF1: 0.6450
2024-04-22 20:33:55,094 - root - INFO - ARI: 0.3126 | NMI: 0.2714
