2024-04-18 00:21:29,287 - root - INFO - {'prefix': 'SR-HGN', 'gpu': 0, 'feat': 1, 'seed': 0, 'verbose': 1, 'train_split': 0.2, 'val_split': 0.3, 'num_type_heads': 4, 'num_node_heads': 4, 'hidden_dim': 16, 'clip': 1.0, 'num_layers': 3, 'alpha': 0.5, 'epochs': 30, 'dataset': 'dblp', 'input_dim': 256, 'aggregate': 'concat', 'iscuda': False, 'cluster': True, 'max_lr': 0.001, 'weight_decay': 1e-05, 'heads': 8, 'han_heads': [4], 'hh_heads': 3, 'dropout': 0.2}
2024-04-18 00:21:30,283 - root - INFO - Training SR-HGN with #param: 974494
2024-04-18 00:21:42,406 - root - INFO - Epoch: 1 | LR: 0.0001 | Loss 1.3945 | Val MaF1: 0.0990 (Best: 0.0990) | Test MaF1: 0.0994 (Best: 0.0994) | MiF1: 0.2482 (Best: 0.2482)
2024-04-18 00:21:51,907 - root - INFO - Epoch: 2 | LR: 0.0002 | Loss 1.3915 | Val MaF1: 0.0990 (Best: 0.0990) | Test MaF1: 0.1037 (Best: 0.1037) | MiF1: 0.2506 (Best: 0.2506)
2024-04-18 00:22:01,164 - root - INFO - Epoch: 3 | LR: 0.0003 | Loss 1.3882 | Val MaF1: 0.0990 (Best: 0.0990) | Test MaF1: 0.1037 (Best: 0.1037) | MiF1: 0.2506 (Best: 0.2506)
2024-04-18 00:22:10,241 - root - INFO - Epoch: 4 | LR: 0.0005 | Loss 1.3842 | Val MaF1: 0.1118 (Best: 0.1118) | Test MaF1: 0.1122 (Best: 0.1122) | MiF1: 0.2555 (Best: 0.2555)
2024-04-18 00:22:19,339 - root - INFO - Epoch: 5 | LR: 0.0007 | Loss 1.3832 | Val MaF1: 0.1464 (Best: 0.1464) | Test MaF1: 0.1471 (Best: 0.1471) | MiF1: 0.2776 (Best: 0.2776)
2024-04-18 00:22:42,341 - root - INFO - Epoch: 6 | LR: 0.0009 | Loss 1.3729 | Val MaF1: 0.2524 (Best: 0.2524) | Test MaF1: 0.2568 (Best: 0.2568) | MiF1: 0.3784 (Best: 0.3784)
2024-04-18 00:23:04,366 - root - INFO - Epoch: 7 | LR: 0.0010 | Loss 1.3678 | Val MaF1: 0.3219 (Best: 0.3219) | Test MaF1: 0.3245 (Best: 0.3245) | MiF1: 0.5012 (Best: 0.5012)
2024-04-18 00:23:17,465 - root - INFO - Epoch: 8 | LR: 0.0010 | Loss 1.3489 | Val MaF1: 0.3113 (Best: 0.3219) | Test MaF1: 0.3243 (Best: 0.3245) | MiF1: 0.4865 (Best: 0.5012)
2024-04-18 00:23:27,275 - root - INFO - Epoch: 9 | LR: 0.0010 | Loss 1.3366 | Val MaF1: 0.3525 (Best: 0.3525) | Test MaF1: 0.3677 (Best: 0.3677) | MiF1: 0.4791 (Best: 0.4791)
2024-04-18 00:23:36,232 - root - INFO - Epoch: 10 | LR: 0.0010 | Loss 1.3246 | Val MaF1: 0.4103 (Best: 0.4103) | Test MaF1: 0.4176 (Best: 0.4176) | MiF1: 0.5012 (Best: 0.5012)
2024-04-18 00:23:45,316 - root - INFO - Epoch: 11 | LR: 0.0010 | Loss 1.3110 | Val MaF1: 0.4592 (Best: 0.4592) | Test MaF1: 0.4861 (Best: 0.4861) | MiF1: 0.5725 (Best: 0.5725)
2024-04-18 00:23:54,399 - root - INFO - Epoch: 12 | LR: 0.0009 | Loss 1.2934 | Val MaF1: 0.4841 (Best: 0.4841) | Test MaF1: 0.5540 (Best: 0.5540) | MiF1: 0.6536 (Best: 0.6536)
2024-04-18 00:24:03,457 - root - INFO - Epoch: 13 | LR: 0.0009 | Loss 1.2768 | Val MaF1: 0.5285 (Best: 0.5285) | Test MaF1: 0.5858 (Best: 0.5858) | MiF1: 0.6978 (Best: 0.6978)
2024-04-18 00:24:12,427 - root - INFO - Epoch: 14 | LR: 0.0008 | Loss 1.2587 | Val MaF1: 0.5623 (Best: 0.5623) | Test MaF1: 0.5995 (Best: 0.5995) | MiF1: 0.7174 (Best: 0.7174)
2024-04-18 00:24:21,209 - root - INFO - Epoch: 15 | LR: 0.0008 | Loss 1.2396 | Val MaF1: 0.6111 (Best: 0.6111) | Test MaF1: 0.6144 (Best: 0.6144) | MiF1: 0.7371 (Best: 0.7371)
2024-04-18 00:24:29,986 - root - INFO - Epoch: 16 | LR: 0.0007 | Loss 1.2245 | Val MaF1: 0.6168 (Best: 0.6168) | Test MaF1: 0.6364 (Best: 0.6364) | MiF1: 0.7518 (Best: 0.7518)
2024-04-18 00:24:38,920 - root - INFO - Epoch: 17 | LR: 0.0006 | Loss 1.1980 | Val MaF1: 0.6318 (Best: 0.6318) | Test MaF1: 0.6652 (Best: 0.6652) | MiF1: 0.7690 (Best: 0.7690)
2024-04-18 00:24:59,446 - root - INFO - Epoch: 18 | LR: 0.0005 | Loss 1.1825 | Val MaF1: 0.6682 (Best: 0.6682) | Test MaF1: 0.6971 (Best: 0.6971) | MiF1: 0.7912 (Best: 0.7912)
2024-04-18 00:25:08,972 - root - INFO - Epoch: 19 | LR: 0.0005 | Loss 1.1697 | Val MaF1: 0.7191 (Best: 0.7191) | Test MaF1: 0.7244 (Best: 0.7244) | MiF1: 0.8010 (Best: 0.8010)
2024-04-18 00:25:17,914 - root - INFO - Epoch: 20 | LR: 0.0004 | Loss 1.1483 | Val MaF1: 0.7394 (Best: 0.7394) | Test MaF1: 0.7637 (Best: 0.7637) | MiF1: 0.8182 (Best: 0.8182)
2024-04-18 00:25:26,753 - root - INFO - Epoch: 21 | LR: 0.0003 | Loss 1.1368 | Val MaF1: 0.7776 (Best: 0.7776) | Test MaF1: 0.7752 (Best: 0.7752) | MiF1: 0.8256 (Best: 0.8256)
2024-04-18 00:25:35,697 - root - INFO - Epoch: 22 | LR: 0.0003 | Loss 1.1240 | Val MaF1: 0.8140 (Best: 0.8140) | Test MaF1: 0.7996 (Best: 0.7996) | MiF1: 0.8378 (Best: 0.8378)
2024-04-18 00:25:44,724 - root - INFO - Epoch: 23 | LR: 0.0002 | Loss 1.1194 | Val MaF1: 0.8336 (Best: 0.8336) | Test MaF1: 0.8216 (Best: 0.8216) | MiF1: 0.8501 (Best: 0.8501)
2024-04-18 00:25:53,824 - root - INFO - Epoch: 24 | LR: 0.0001 | Loss 1.1114 | Val MaF1: 0.8483 (Best: 0.8483) | Test MaF1: 0.8267 (Best: 0.8267) | MiF1: 0.8526 (Best: 0.8526)
2024-04-18 00:26:02,664 - root - INFO - Epoch: 25 | LR: 0.0001 | Loss 1.1022 | Val MaF1: 0.8566 (Best: 0.8483) | Test MaF1: 0.8267 (Best: 0.8267) | MiF1: 0.8526 (Best: 0.8526)
2024-04-18 00:26:11,499 - root - INFO - Epoch: 26 | LR: 0.0000 | Loss 1.0950 | Val MaF1: 0.8602 (Best: 0.8602) | Test MaF1: 0.8306 (Best: 0.8306) | MiF1: 0.8550 (Best: 0.8550)
2024-04-18 00:26:20,490 - root - INFO - Epoch: 27 | LR: 0.0000 | Loss 1.0937 | Val MaF1: 0.8602 (Best: 0.8602) | Test MaF1: 0.8280 (Best: 0.8306) | MiF1: 0.8526 (Best: 0.8550)
2024-04-18 00:26:29,498 - root - INFO - Epoch: 28 | LR: 0.0000 | Loss 1.0936 | Val MaF1: 0.8602 (Best: 0.8602) | Test MaF1: 0.8280 (Best: 0.8306) | MiF1: 0.8526 (Best: 0.8550)
2024-04-18 00:26:38,420 - root - INFO - Epoch: 29 | LR: 0.0000 | Loss 1.0881 | Val MaF1: 0.8625 (Best: 0.8602) | Test MaF1: 0.8280 (Best: 0.8306) | MiF1: 0.8526 (Best: 0.8550)
2024-04-18 00:26:47,414 - root - INFO - Epoch: 30 | LR: 0.0000 | Loss 1.0916 | Val MaF1: 0.8625 (Best: 0.8602) | Test MaF1: 0.8280 (Best: 0.8306) | MiF1: 0.8526 (Best: 0.8550)
2024-04-18 00:26:47,414 - root - INFO - Best Epoch: 26 | Train MiF1: 0.8884,  MaF1: 0.8665 | Val MiF1: 0.8790, MaF1: 0.8602 | Test MaF1: 0.8306, MiF1: 0.8550
2024-04-18 00:26:51,132 - root - INFO - ARI: 0.4490 | NMI: 0.4325
