2024-04-19 01:42:34,690 - root - INFO - {'prefix': 'SR-HGN', 'gpu': 0, 'feat': 1, 'seed': 0, 'verbose': 1, 'train_split': 0.2, 'val_split': 0.3, 'num_type_heads': 4, 'num_node_heads': 4, 'hidden_dim': 64, 'clip': 1.0, 'num_layers': 3, 'alpha': 0.5, 'epochs': 80, 'dataset': 'dblp', 'input_dim': 256, 'aggregate': 'concat', 'iscuda': True, 'cluster': True, 'max_lr': 0.001, 'weight_decay': 1e-05, 'heads': 8, 'han_heads': [4], 'hh_heads': 3, 'dropout': 0.2}
2024-04-19 01:42:37,682 - root - INFO - Training SR-HGN with #param: 4870046
2024-04-19 01:42:42,264 - root - INFO - ARI: 0.0099 | NMI: 0.0130
2024-04-19 01:42:42,264 - root - INFO - Epoch: 1 | LR: 0.0000 | Loss 1.3881 | Val MaF1: 0.1791 (Best: 0.1791) | Test MaF1: 0.1615 (Best: 0.1615) | MiF1: 0.2952 (Best: 0.2952)
2024-04-19 01:42:43,261 - root - INFO - Epoch: 2 | LR: 0.0001 | Loss 1.3835 | Val MaF1: 0.1539 (Best: 0.1791) | Test MaF1: 0.1550 (Best: 0.1615) | MiF1: 0.3068 (Best: 0.2952)
2024-04-19 01:42:44,208 - root - INFO - Epoch: 3 | LR: 0.0001 | Loss 1.3812 | Val MaF1: 0.1467 (Best: 0.1791) | Test MaF1: 0.1512 (Best: 0.1615) | MiF1: 0.3100 (Best: 0.2952)
2024-04-19 01:42:45,148 - root - INFO - Epoch: 4 | LR: 0.0001 | Loss 1.3804 | Val MaF1: 0.1377 (Best: 0.1791) | Test MaF1: 0.1444 (Best: 0.1615) | MiF1: 0.3089 (Best: 0.2952)
2024-04-19 01:42:46,155 - root - INFO - Epoch: 5 | LR: 0.0001 | Loss 1.3737 | Val MaF1: 0.1326 (Best: 0.1791) | Test MaF1: 0.1360 (Best: 0.1615) | MiF1: 0.3064 (Best: 0.2952)
2024-04-19 01:42:47,095 - root - INFO - Epoch: 6 | LR: 0.0002 | Loss 1.3670 | Val MaF1: 0.1362 (Best: 0.1791) | Test MaF1: 0.1350 (Best: 0.1615) | MiF1: 0.3061 (Best: 0.2952)
2024-04-19 01:42:48,031 - root - INFO - Epoch: 7 | LR: 0.0002 | Loss 1.3618 | Val MaF1: 0.1362 (Best: 0.1791) | Test MaF1: 0.1394 (Best: 0.1615) | MiF1: 0.3086 (Best: 0.2952)
2024-04-19 01:42:48,975 - root - INFO - Epoch: 8 | LR: 0.0003 | Loss 1.3510 | Val MaF1: 0.1405 (Best: 0.1791) | Test MaF1: 0.1555 (Best: 0.1615) | MiF1: 0.3181 (Best: 0.2952)
2024-04-19 01:42:50,636 - root - INFO - ARI: 0.4620 | NMI: 0.4838
2024-04-19 01:42:50,636 - root - INFO - Epoch: 9 | LR: 0.0004 | Loss 1.3409 | Val MaF1: 0.1648 (Best: 0.1648) | Test MaF1: 0.1868 (Best: 0.1868) | MiF1: 0.3378 (Best: 0.3378)
2024-04-19 01:42:52,362 - root - INFO - ARI: 0.4982 | NMI: 0.5178
2024-04-19 01:42:52,362 - root - INFO - Epoch: 10 | LR: 0.0004 | Loss 1.3280 | Val MaF1: 0.2127 (Best: 0.2127) | Test MaF1: 0.2427 (Best: 0.2427) | MiF1: 0.3779 (Best: 0.3779)
2024-04-19 01:42:54,035 - root - INFO - ARI: 0.5391 | NMI: 0.5495
2024-04-19 01:42:54,035 - root - INFO - Epoch: 11 | LR: 0.0005 | Loss 1.3131 | Val MaF1: 0.3232 (Best: 0.3232) | Test MaF1: 0.3271 (Best: 0.3271) | MiF1: 0.4473 (Best: 0.4473)
2024-04-19 01:42:55,750 - root - INFO - ARI: 0.5779 | NMI: 0.5735
2024-04-19 01:42:55,751 - root - INFO - Epoch: 12 | LR: 0.0006 | Loss 1.2959 | Val MaF1: 0.4392 (Best: 0.4392) | Test MaF1: 0.4316 (Best: 0.4316) | MiF1: 0.5417 (Best: 0.5417)
2024-04-19 01:42:57,424 - root - INFO - ARI: 0.5992 | NMI: 0.5858
2024-04-19 01:42:57,424 - root - INFO - Epoch: 13 | LR: 0.0006 | Loss 1.2752 | Val MaF1: 0.5170 (Best: 0.5170) | Test MaF1: 0.5241 (Best: 0.5241) | MiF1: 0.6337 (Best: 0.6337)
2024-04-19 01:42:59,104 - root - INFO - ARI: 0.6438 | NMI: 0.6113
2024-04-19 01:42:59,104 - root - INFO - Epoch: 14 | LR: 0.0007 | Loss 1.2476 | Val MaF1: 0.5793 (Best: 0.5793) | Test MaF1: 0.5809 (Best: 0.5809) | MiF1: 0.6985 (Best: 0.6985)
2024-04-19 01:43:00,821 - root - INFO - ARI: 0.6946 | NMI: 0.6415
2024-04-19 01:43:00,821 - root - INFO - Epoch: 15 | LR: 0.0007 | Loss 1.2198 | Val MaF1: 0.6354 (Best: 0.6354) | Test MaF1: 0.6175 (Best: 0.6175) | MiF1: 0.7408 (Best: 0.7408)
2024-04-19 01:43:02,506 - root - INFO - ARI: 0.7382 | NMI: 0.6734
2024-04-19 01:43:02,506 - root - INFO - Epoch: 16 | LR: 0.0008 | Loss 1.1846 | Val MaF1: 0.6433 (Best: 0.6433) | Test MaF1: 0.6640 (Best: 0.6640) | MiF1: 0.7725 (Best: 0.7725)
2024-04-19 01:43:04,167 - root - INFO - ARI: 0.7583 | NMI: 0.6926
2024-04-19 01:43:04,167 - root - INFO - Epoch: 17 | LR: 0.0008 | Loss 1.1383 | Val MaF1: 0.7595 (Best: 0.7595) | Test MaF1: 0.7519 (Best: 0.7519) | MiF1: 0.8140 (Best: 0.8140)
2024-04-19 01:43:05,898 - root - INFO - ARI: 0.7789 | NMI: 0.7124
2024-04-19 01:43:05,898 - root - INFO - Epoch: 18 | LR: 0.0009 | Loss 1.0925 | Val MaF1: 0.8737 (Best: 0.8737) | Test MaF1: 0.8393 (Best: 0.8393) | MiF1: 0.8644 (Best: 0.8644)
2024-04-19 01:43:07,557 - root - INFO - ARI: 0.8007 | NMI: 0.7365
2024-04-19 01:43:07,557 - root - INFO - Epoch: 19 | LR: 0.0009 | Loss 1.0427 | Val MaF1: 0.9086 (Best: 0.9086) | Test MaF1: 0.8790 (Best: 0.8790) | MiF1: 0.8915 (Best: 0.8915)
2024-04-19 01:43:09,210 - root - INFO - ARI: 0.8113 | NMI: 0.7479
2024-04-19 01:43:09,210 - root - INFO - Epoch: 20 | LR: 0.0010 | Loss 0.9921 | Val MaF1: 0.9086 (Best: 0.9086) | Test MaF1: 0.8926 (Best: 0.8926) | MiF1: 0.9021 (Best: 0.9021)
2024-04-19 01:43:10,913 - root - INFO - ARI: 0.8250 | NMI: 0.7644
2024-04-19 01:43:10,914 - root - INFO - Epoch: 21 | LR: 0.0010 | Loss 0.9416 | Val MaF1: 0.9163 (Best: 0.9163) | Test MaF1: 0.9064 (Best: 0.9064) | MiF1: 0.9141 (Best: 0.9141)
2024-04-19 01:43:12,560 - root - INFO - ARI: 0.8334 | NMI: 0.7744
2024-04-19 01:43:12,560 - root - INFO - Epoch: 22 | LR: 0.0010 | Loss 0.8904 | Val MaF1: 0.9193 (Best: 0.9193) | Test MaF1: 0.9146 (Best: 0.9146) | MiF1: 0.9215 (Best: 0.9215)
2024-04-19 01:43:14,214 - root - INFO - ARI: 0.8416 | NMI: 0.7852
2024-04-19 01:43:14,214 - root - INFO - Epoch: 23 | LR: 0.0010 | Loss 0.8427 | Val MaF1: 0.9202 (Best: 0.9202) | Test MaF1: 0.9214 (Best: 0.9214) | MiF1: 0.9274 (Best: 0.9274)
2024-04-19 01:43:15,903 - root - INFO - ARI: 0.8518 | NMI: 0.7985
2024-04-19 01:43:15,903 - root - INFO - Epoch: 24 | LR: 0.0010 | Loss 0.8034 | Val MaF1: 0.9213 (Best: 0.9213) | Test MaF1: 0.9253 (Best: 0.9253) | MiF1: 0.9313 (Best: 0.9313)
2024-04-19 01:43:17,546 - root - INFO - ARI: 0.8576 | NMI: 0.8046
2024-04-19 01:43:17,547 - root - INFO - Epoch: 25 | LR: 0.0010 | Loss 0.7647 | Val MaF1: 0.9267 (Best: 0.9267) | Test MaF1: 0.9296 (Best: 0.9296) | MiF1: 0.9348 (Best: 0.9348)
2024-04-19 01:43:19,227 - root - INFO - ARI: 0.8713 | NMI: 0.8184
2024-04-19 01:43:19,227 - root - INFO - Epoch: 26 | LR: 0.0010 | Loss 0.7313 | Val MaF1: 0.9316 (Best: 0.9316) | Test MaF1: 0.9381 (Best: 0.9381) | MiF1: 0.9426 (Best: 0.9426)
2024-04-19 01:43:20,919 - root - INFO - ARI: 0.8750 | NMI: 0.8212
2024-04-19 01:43:20,920 - root - INFO - Epoch: 27 | LR: 0.0010 | Loss 0.7037 | Val MaF1: 0.9349 (Best: 0.9349) | Test MaF1: 0.9417 (Best: 0.9417) | MiF1: 0.9454 (Best: 0.9454)
2024-04-19 01:43:21,900 - root - INFO - Epoch: 28 | LR: 0.0010 | Loss 0.6822 | Val MaF1: 0.9346 (Best: 0.9349) | Test MaF1: 0.9386 (Best: 0.9417) | MiF1: 0.9429 (Best: 0.9454)
2024-04-19 01:43:22,845 - root - INFO - Epoch: 29 | LR: 0.0010 | Loss 0.6595 | Val MaF1: 0.9337 (Best: 0.9349) | Test MaF1: 0.9386 (Best: 0.9417) | MiF1: 0.9429 (Best: 0.9454)
2024-04-19 01:43:23,787 - root - INFO - Epoch: 30 | LR: 0.0010 | Loss 0.6421 | Val MaF1: 0.9311 (Best: 0.9349) | Test MaF1: 0.9385 (Best: 0.9417) | MiF1: 0.9429 (Best: 0.9454)
2024-04-19 01:43:24,733 - root - INFO - Epoch: 31 | LR: 0.0010 | Loss 0.6285 | Val MaF1: 0.9371 (Best: 0.9349) | Test MaF1: 0.9390 (Best: 0.9417) | MiF1: 0.9433 (Best: 0.9454)
2024-04-19 01:43:25,675 - root - INFO - Epoch: 32 | LR: 0.0009 | Loss 0.6154 | Val MaF1: 0.9342 (Best: 0.9349) | Test MaF1: 0.9398 (Best: 0.9417) | MiF1: 0.9436 (Best: 0.9454)
2024-04-19 01:43:26,625 - root - INFO - Epoch: 33 | LR: 0.0009 | Loss 0.6032 | Val MaF1: 0.9401 (Best: 0.9349) | Test MaF1: 0.9399 (Best: 0.9417) | MiF1: 0.9436 (Best: 0.9454)
2024-04-19 01:43:27,618 - root - INFO - Epoch: 34 | LR: 0.0009 | Loss 0.5953 | Val MaF1: 0.9376 (Best: 0.9349) | Test MaF1: 0.9396 (Best: 0.9417) | MiF1: 0.9433 (Best: 0.9454)
2024-04-19 01:43:28,559 - root - INFO - Epoch: 35 | LR: 0.0009 | Loss 0.5870 | Val MaF1: 0.9376 (Best: 0.9349) | Test MaF1: 0.9398 (Best: 0.9417) | MiF1: 0.9436 (Best: 0.9454)
2024-04-19 01:43:29,502 - root - INFO - Epoch: 36 | LR: 0.0009 | Loss 0.5796 | Val MaF1: 0.9376 (Best: 0.9349) | Test MaF1: 0.9393 (Best: 0.9417) | MiF1: 0.9433 (Best: 0.9454)
2024-04-19 01:43:30,450 - root - INFO - Epoch: 37 | LR: 0.0009 | Loss 0.5728 | Val MaF1: 0.9376 (Best: 0.9349) | Test MaF1: 0.9404 (Best: 0.9417) | MiF1: 0.9443 (Best: 0.9454)
2024-04-19 01:43:31,394 - root - INFO - Epoch: 38 | LR: 0.0008 | Loss 0.5669 | Val MaF1: 0.9347 (Best: 0.9349) | Test MaF1: 0.9400 (Best: 0.9417) | MiF1: 0.9440 (Best: 0.9454)
2024-04-19 01:43:32,335 - root - INFO - Epoch: 39 | LR: 0.0008 | Loss 0.5616 | Val MaF1: 0.9347 (Best: 0.9349) | Test MaF1: 0.9399 (Best: 0.9417) | MiF1: 0.9440 (Best: 0.9454)
2024-04-19 01:43:33,279 - root - INFO - Epoch: 40 | LR: 0.0008 | Loss 0.5563 | Val MaF1: 0.9347 (Best: 0.9349) | Test MaF1: 0.9407 (Best: 0.9417) | MiF1: 0.9447 (Best: 0.9454)
2024-04-19 01:43:34,232 - root - INFO - Epoch: 41 | LR: 0.0008 | Loss 0.5528 | Val MaF1: 0.9347 (Best: 0.9349) | Test MaF1: 0.9410 (Best: 0.9417) | MiF1: 0.9451 (Best: 0.9454)
2024-04-19 01:43:35,177 - root - INFO - Epoch: 42 | LR: 0.0007 | Loss 0.5486 | Val MaF1: 0.9377 (Best: 0.9349) | Test MaF1: 0.9403 (Best: 0.9417) | MiF1: 0.9443 (Best: 0.9454)
2024-04-19 01:43:36,118 - root - INFO - Epoch: 43 | LR: 0.0007 | Loss 0.5450 | Val MaF1: 0.9377 (Best: 0.9349) | Test MaF1: 0.9407 (Best: 0.9417) | MiF1: 0.9447 (Best: 0.9454)
2024-04-19 01:43:37,106 - root - INFO - Epoch: 44 | LR: 0.0007 | Loss 0.5424 | Val MaF1: 0.9377 (Best: 0.9349) | Test MaF1: 0.9408 (Best: 0.9417) | MiF1: 0.9447 (Best: 0.9454)
2024-04-19 01:43:38,049 - root - INFO - Epoch: 45 | LR: 0.0007 | Loss 0.5385 | Val MaF1: 0.9377 (Best: 0.9349) | Test MaF1: 0.9400 (Best: 0.9417) | MiF1: 0.9440 (Best: 0.9454)
2024-04-19 01:43:38,996 - root - INFO - Epoch: 46 | LR: 0.0006 | Loss 0.5349 | Val MaF1: 0.9377 (Best: 0.9349) | Test MaF1: 0.9408 (Best: 0.9417) | MiF1: 0.9447 (Best: 0.9454)
2024-04-19 01:43:39,936 - root - INFO - Epoch: 47 | LR: 0.0006 | Loss 0.5332 | Val MaF1: 0.9377 (Best: 0.9349) | Test MaF1: 0.9389 (Best: 0.9417) | MiF1: 0.9429 (Best: 0.9454)
2024-04-19 01:43:40,881 - root - INFO - Epoch: 48 | LR: 0.0006 | Loss 0.5308 | Val MaF1: 0.9377 (Best: 0.9349) | Test MaF1: 0.9392 (Best: 0.9417) | MiF1: 0.9433 (Best: 0.9454)
2024-04-19 01:43:41,822 - root - INFO - Epoch: 49 | LR: 0.0006 | Loss 0.5292 | Val MaF1: 0.9348 (Best: 0.9349) | Test MaF1: 0.9386 (Best: 0.9417) | MiF1: 0.9429 (Best: 0.9454)
2024-04-19 01:43:42,773 - root - INFO - Epoch: 50 | LR: 0.0005 | Loss 0.5296 | Val MaF1: 0.9348 (Best: 0.9349) | Test MaF1: 0.9382 (Best: 0.9417) | MiF1: 0.9426 (Best: 0.9454)
2024-04-19 01:43:43,720 - root - INFO - Epoch: 51 | LR: 0.0005 | Loss 0.5261 | Val MaF1: 0.9347 (Best: 0.9349) | Test MaF1: 0.9383 (Best: 0.9417) | MiF1: 0.9426 (Best: 0.9454)
2024-04-19 01:43:44,663 - root - INFO - Epoch: 52 | LR: 0.0005 | Loss 0.5257 | Val MaF1: 0.9324 (Best: 0.9349) | Test MaF1: 0.9383 (Best: 0.9417) | MiF1: 0.9426 (Best: 0.9454)
2024-04-19 01:43:45,605 - root - INFO - Epoch: 53 | LR: 0.0004 | Loss 0.5235 | Val MaF1: 0.9324 (Best: 0.9349) | Test MaF1: 0.9379 (Best: 0.9417) | MiF1: 0.9422 (Best: 0.9454)
2024-04-19 01:43:46,599 - root - INFO - Epoch: 54 | LR: 0.0004 | Loss 0.5226 | Val MaF1: 0.9301 (Best: 0.9349) | Test MaF1: 0.9379 (Best: 0.9417) | MiF1: 0.9422 (Best: 0.9454)
2024-04-19 01:43:47,540 - root - INFO - Epoch: 55 | LR: 0.0004 | Loss 0.5213 | Val MaF1: 0.9331 (Best: 0.9349) | Test MaF1: 0.9383 (Best: 0.9417) | MiF1: 0.9426 (Best: 0.9454)
2024-04-19 01:43:48,476 - root - INFO - Epoch: 56 | LR: 0.0004 | Loss 0.5190 | Val MaF1: 0.9331 (Best: 0.9349) | Test MaF1: 0.9371 (Best: 0.9417) | MiF1: 0.9415 (Best: 0.9454)
2024-04-19 01:43:49,416 - root - INFO - Epoch: 57 | LR: 0.0003 | Loss 0.5190 | Val MaF1: 0.9332 (Best: 0.9349) | Test MaF1: 0.9371 (Best: 0.9417) | MiF1: 0.9415 (Best: 0.9454)
2024-04-19 01:43:50,363 - root - INFO - Epoch: 58 | LR: 0.0003 | Loss 0.5184 | Val MaF1: 0.9332 (Best: 0.9349) | Test MaF1: 0.9366 (Best: 0.9417) | MiF1: 0.9412 (Best: 0.9454)
2024-04-19 01:43:51,312 - root - INFO - Epoch: 59 | LR: 0.0003 | Loss 0.5167 | Val MaF1: 0.9332 (Best: 0.9349) | Test MaF1: 0.9363 (Best: 0.9417) | MiF1: 0.9408 (Best: 0.9454)
2024-04-19 01:43:52,256 - root - INFO - Epoch: 60 | LR: 0.0003 | Loss 0.5169 | Val MaF1: 0.9332 (Best: 0.9349) | Test MaF1: 0.9363 (Best: 0.9417) | MiF1: 0.9408 (Best: 0.9454)
2024-04-19 01:43:53,197 - root - INFO - Epoch: 61 | LR: 0.0002 | Loss 0.5161 | Val MaF1: 0.9354 (Best: 0.9349) | Test MaF1: 0.9363 (Best: 0.9417) | MiF1: 0.9408 (Best: 0.9454)
2024-04-19 01:43:54,136 - root - INFO - Epoch: 62 | LR: 0.0002 | Loss 0.5160 | Val MaF1: 0.9354 (Best: 0.9349) | Test MaF1: 0.9359 (Best: 0.9417) | MiF1: 0.9405 (Best: 0.9454)
2024-04-19 01:43:55,082 - root - INFO - Epoch: 63 | LR: 0.0002 | Loss 0.5154 | Val MaF1: 0.9354 (Best: 0.9349) | Test MaF1: 0.9359 (Best: 0.9417) | MiF1: 0.9405 (Best: 0.9454)
2024-04-19 01:43:56,069 - root - INFO - Epoch: 64 | LR: 0.0002 | Loss 0.5144 | Val MaF1: 0.9354 (Best: 0.9349) | Test MaF1: 0.9359 (Best: 0.9417) | MiF1: 0.9405 (Best: 0.9454)
2024-04-19 01:43:57,010 - root - INFO - Epoch: 65 | LR: 0.0001 | Loss 0.5153 | Val MaF1: 0.9354 (Best: 0.9349) | Test MaF1: 0.9355 (Best: 0.9417) | MiF1: 0.9401 (Best: 0.9454)
2024-04-19 01:43:57,948 - root - INFO - Epoch: 66 | LR: 0.0001 | Loss 0.5135 | Val MaF1: 0.9354 (Best: 0.9349) | Test MaF1: 0.9355 (Best: 0.9417) | MiF1: 0.9401 (Best: 0.9454)
2024-04-19 01:43:58,896 - root - INFO - Epoch: 67 | LR: 0.0001 | Loss 0.5138 | Val MaF1: 0.9354 (Best: 0.9349) | Test MaF1: 0.9351 (Best: 0.9417) | MiF1: 0.9398 (Best: 0.9454)
2024-04-19 01:43:59,842 - root - INFO - Epoch: 68 | LR: 0.0001 | Loss 0.5126 | Val MaF1: 0.9354 (Best: 0.9349) | Test MaF1: 0.9348 (Best: 0.9417) | MiF1: 0.9394 (Best: 0.9454)
2024-04-19 01:44:00,790 - root - INFO - Epoch: 69 | LR: 0.0001 | Loss 0.5134 | Val MaF1: 0.9354 (Best: 0.9349) | Test MaF1: 0.9348 (Best: 0.9417) | MiF1: 0.9394 (Best: 0.9454)
2024-04-19 01:44:01,731 - root - INFO - Epoch: 70 | LR: 0.0001 | Loss 0.5139 | Val MaF1: 0.9354 (Best: 0.9349) | Test MaF1: 0.9348 (Best: 0.9417) | MiF1: 0.9394 (Best: 0.9454)
2024-04-19 01:44:02,681 - root - INFO - Epoch: 71 | LR: 0.0000 | Loss 0.5127 | Val MaF1: 0.9354 (Best: 0.9349) | Test MaF1: 0.9351 (Best: 0.9417) | MiF1: 0.9398 (Best: 0.9454)
2024-04-19 01:44:03,669 - root - INFO - Epoch: 72 | LR: 0.0000 | Loss 0.5125 | Val MaF1: 0.9354 (Best: 0.9349) | Test MaF1: 0.9351 (Best: 0.9417) | MiF1: 0.9398 (Best: 0.9454)
2024-04-19 01:44:04,607 - root - INFO - Epoch: 73 | LR: 0.0000 | Loss 0.5132 | Val MaF1: 0.9354 (Best: 0.9349) | Test MaF1: 0.9351 (Best: 0.9417) | MiF1: 0.9398 (Best: 0.9454)
2024-04-19 01:44:05,551 - root - INFO - Epoch: 74 | LR: 0.0000 | Loss 0.5120 | Val MaF1: 0.9354 (Best: 0.9349) | Test MaF1: 0.9351 (Best: 0.9417) | MiF1: 0.9398 (Best: 0.9454)
2024-04-19 01:44:06,495 - root - INFO - Epoch: 75 | LR: 0.0000 | Loss 0.5126 | Val MaF1: 0.9354 (Best: 0.9349) | Test MaF1: 0.9351 (Best: 0.9417) | MiF1: 0.9398 (Best: 0.9454)
2024-04-19 01:44:07,438 - root - INFO - Epoch: 76 | LR: 0.0000 | Loss 0.5130 | Val MaF1: 0.9354 (Best: 0.9349) | Test MaF1: 0.9351 (Best: 0.9417) | MiF1: 0.9398 (Best: 0.9454)
2024-04-19 01:44:08,377 - root - INFO - Epoch: 77 | LR: 0.0000 | Loss 0.5124 | Val MaF1: 0.9354 (Best: 0.9349) | Test MaF1: 0.9347 (Best: 0.9417) | MiF1: 0.9394 (Best: 0.9454)
2024-04-19 01:44:09,322 - root - INFO - Epoch: 78 | LR: 0.0000 | Loss 0.5125 | Val MaF1: 0.9354 (Best: 0.9349) | Test MaF1: 0.9347 (Best: 0.9417) | MiF1: 0.9394 (Best: 0.9454)
2024-04-19 01:44:10,264 - root - INFO - Epoch: 79 | LR: 0.0000 | Loss 0.5114 | Val MaF1: 0.9354 (Best: 0.9349) | Test MaF1: 0.9347 (Best: 0.9417) | MiF1: 0.9394 (Best: 0.9454)
2024-04-19 01:44:11,261 - root - INFO - Epoch: 80 | LR: 0.0000 | Loss 0.5124 | Val MaF1: 0.9354 (Best: 0.9349) | Test MaF1: 0.9347 (Best: 0.9417) | MiF1: 0.9394 (Best: 0.9454)
2024-04-19 01:44:11,261 - root - INFO - Best Epoch: 27 | Train MiF1: 0.9705,  MaF1: 0.9679 | Val MiF1: 0.9407, MaF1: 0.9349 | Test MaF1: 0.9417, MiF1: 0.9454
2024-04-19 01:44:11,788 - root - INFO - ARI: 0.8750 | NMI: 0.8212
