2024-04-22 23:42:23,008 - root - INFO - {'prefix': 'SR-HGN', 'gpu': 0, 'feat': 1, 'seed': 0, 'verbose': 1, 'train_split': 0.2, 'val_split': 0.3, 'num_type_heads': 4, 'num_node_heads': 4, 'hidden_dim': 256, 'clip': 1.0, 'num_layers': 7, 'alpha': 0.5, 'epochs': 79, 'dataset': 'imdb', 'input_dim': 256, 'aggregate': 'concat', 'iscuda': True, 'cluster': True, 'max_lr': 0.001, 'weight_decay': 1e-05, 'heads': 8, 'han_heads': [4], 'hh_heads': 3, 'dropout': 0.2}
2024-04-22 23:42:25,860 - root - INFO - Training SR-HGN with #param: 68362579
2024-04-22 23:42:29,505 - root - INFO - ARI: 0.0126 | NMI: 0.0144
2024-04-22 23:42:29,505 - root - INFO - Epoch: 1 | LR: 0.0000 | Loss 1.0961 | Val MaF1: 0.2598 (Best: 0.2598) | Test MaF1: 0.2699 (Best: 0.2699) | MiF1: 0.3948 (Best: 0.3948)
2024-04-22 23:42:30,889 - root - INFO - Epoch: 2 | LR: 0.0001 | Loss 1.0919 | Val MaF1: 0.2232 (Best: 0.2598) | Test MaF1: 0.2379 (Best: 0.2699) | MiF1: 0.3948 (Best: 0.3948)
2024-04-22 23:42:32,178 - root - INFO - Epoch: 3 | LR: 0.0001 | Loss 1.0890 | Val MaF1: 0.2228 (Best: 0.2598) | Test MaF1: 0.2157 (Best: 0.2699) | MiF1: 0.3858 (Best: 0.3948)
2024-04-22 23:42:33,468 - root - INFO - Epoch: 4 | LR: 0.0001 | Loss 1.0849 | Val MaF1: 0.1993 (Best: 0.2598) | Test MaF1: 0.2029 (Best: 0.2699) | MiF1: 0.3794 (Best: 0.3948)
2024-04-22 23:42:34,812 - root - INFO - Epoch: 5 | LR: 0.0002 | Loss 1.0805 | Val MaF1: 0.1939 (Best: 0.2598) | Test MaF1: 0.2029 (Best: 0.2699) | MiF1: 0.3798 (Best: 0.3948)
2024-04-22 23:42:36,100 - root - INFO - Epoch: 6 | LR: 0.0002 | Loss 1.0746 | Val MaF1: 0.2098 (Best: 0.2598) | Test MaF1: 0.2132 (Best: 0.2699) | MiF1: 0.3844 (Best: 0.3948)
2024-04-22 23:42:37,397 - root - INFO - Epoch: 7 | LR: 0.0002 | Loss 1.0698 | Val MaF1: 0.2421 (Best: 0.2598) | Test MaF1: 0.2471 (Best: 0.2699) | MiF1: 0.4028 (Best: 0.3948)
2024-04-22 23:42:39,888 - root - INFO - ARI: 0.2064 | NMI: 0.1942
2024-04-22 23:42:39,889 - root - INFO - Epoch: 8 | LR: 0.0003 | Loss 1.0622 | Val MaF1: 0.3077 (Best: 0.3077) | Test MaF1: 0.3196 (Best: 0.3196) | MiF1: 0.4499 (Best: 0.4499)
2024-04-22 23:42:42,459 - root - INFO - ARI: 0.2231 | NMI: 0.2040
2024-04-22 23:42:42,460 - root - INFO - Epoch: 9 | LR: 0.0004 | Loss 1.0532 | Val MaF1: 0.3702 (Best: 0.3702) | Test MaF1: 0.3792 (Best: 0.3792) | MiF1: 0.5020 (Best: 0.5020)
2024-04-22 23:42:44,988 - root - INFO - ARI: 0.2425 | NMI: 0.2159
2024-04-22 23:42:44,988 - root - INFO - Epoch: 10 | LR: 0.0004 | Loss 1.0404 | Val MaF1: 0.3886 (Best: 0.3886) | Test MaF1: 0.3989 (Best: 0.3989) | MiF1: 0.5180 (Best: 0.5180)
2024-04-22 23:42:47,547 - root - INFO - ARI: 0.2507 | NMI: 0.2232
2024-04-22 23:42:47,547 - root - INFO - Epoch: 11 | LR: 0.0005 | Loss 1.0198 | Val MaF1: 0.3978 (Best: 0.3978) | Test MaF1: 0.4079 (Best: 0.4079) | MiF1: 0.5214 (Best: 0.5214)
2024-04-22 23:42:50,126 - root - INFO - ARI: 0.2576 | NMI: 0.2299
2024-04-22 23:42:50,126 - root - INFO - Epoch: 12 | LR: 0.0006 | Loss 0.9899 | Val MaF1: 0.4690 (Best: 0.4690) | Test MaF1: 0.4694 (Best: 0.4694) | MiF1: 0.5448 (Best: 0.5448)
2024-04-22 23:42:52,678 - root - INFO - ARI: 0.2617 | NMI: 0.2345
2024-04-22 23:42:52,679 - root - INFO - Epoch: 13 | LR: 0.0006 | Loss 0.9476 | Val MaF1: 0.6227 (Best: 0.6227) | Test MaF1: 0.6215 (Best: 0.6215) | MiF1: 0.6229 (Best: 0.6229)
2024-04-22 23:42:54,068 - root - INFO - Epoch: 14 | LR: 0.0007 | Loss 0.8975 | Val MaF1: 0.5932 (Best: 0.6227) | Test MaF1: 0.5969 (Best: 0.6215) | MiF1: 0.6055 (Best: 0.6229)
2024-04-22 23:42:56,532 - root - INFO - ARI: 0.2820 | NMI: 0.2447
2024-04-22 23:42:56,533 - root - INFO - Epoch: 15 | LR: 0.0008 | Loss 0.8298 | Val MaF1: 0.6464 (Best: 0.6464) | Test MaF1: 0.6318 (Best: 0.6318) | MiF1: 0.6336 (Best: 0.6336)
2024-04-22 23:42:57,914 - root - INFO - Epoch: 16 | LR: 0.0008 | Loss 0.7457 | Val MaF1: 0.6305 (Best: 0.6464) | Test MaF1: 0.6205 (Best: 0.6318) | MiF1: 0.6289 (Best: 0.6336)
2024-04-22 23:43:00,315 - root - INFO - ARI: 0.2940 | NMI: 0.2531
2024-04-22 23:43:00,315 - root - INFO - Epoch: 17 | LR: 0.0009 | Loss 0.6740 | Val MaF1: 0.6384 (Best: 0.6384) | Test MaF1: 0.6336 (Best: 0.6336) | MiF1: 0.6359 (Best: 0.6359)
2024-04-22 23:43:02,867 - root - INFO - ARI: 0.2959 | NMI: 0.2544
2024-04-22 23:43:02,868 - root - INFO - Epoch: 18 | LR: 0.0009 | Loss 0.6053 | Val MaF1: 0.6358 (Best: 0.6358) | Test MaF1: 0.6394 (Best: 0.6394) | MiF1: 0.6396 (Best: 0.6396)
2024-04-22 23:43:04,228 - root - INFO - Epoch: 19 | LR: 0.0009 | Loss 0.5589 | Val MaF1: 0.6302 (Best: 0.6358) | Test MaF1: 0.6317 (Best: 0.6394) | MiF1: 0.6373 (Best: 0.6396)
2024-04-22 23:43:05,565 - root - INFO - Epoch: 20 | LR: 0.0010 | Loss 0.5216 | Val MaF1: 0.6193 (Best: 0.6358) | Test MaF1: 0.6324 (Best: 0.6394) | MiF1: 0.6346 (Best: 0.6396)
2024-04-22 23:43:06,853 - root - INFO - Epoch: 21 | LR: 0.0010 | Loss 0.5012 | Val MaF1: 0.6199 (Best: 0.6358) | Test MaF1: 0.6278 (Best: 0.6394) | MiF1: 0.6319 (Best: 0.6396)
2024-04-22 23:43:08,151 - root - INFO - Epoch: 22 | LR: 0.0010 | Loss 0.4693 | Val MaF1: 0.6178 (Best: 0.6358) | Test MaF1: 0.6220 (Best: 0.6394) | MiF1: 0.6246 (Best: 0.6396)
2024-04-22 23:43:09,433 - root - INFO - Epoch: 23 | LR: 0.0010 | Loss 0.4518 | Val MaF1: 0.6211 (Best: 0.6358) | Test MaF1: 0.6190 (Best: 0.6394) | MiF1: 0.6192 (Best: 0.6396)
2024-04-22 23:43:10,767 - root - INFO - Epoch: 24 | LR: 0.0010 | Loss 0.4411 | Val MaF1: 0.6040 (Best: 0.6358) | Test MaF1: 0.6217 (Best: 0.6394) | MiF1: 0.6232 (Best: 0.6396)
2024-04-22 23:43:12,063 - root - INFO - Epoch: 25 | LR: 0.0010 | Loss 0.4274 | Val MaF1: 0.6114 (Best: 0.6358) | Test MaF1: 0.6158 (Best: 0.6394) | MiF1: 0.6182 (Best: 0.6396)
2024-04-22 23:43:13,346 - root - INFO - Epoch: 26 | LR: 0.0010 | Loss 0.4212 | Val MaF1: 0.6051 (Best: 0.6358) | Test MaF1: 0.6135 (Best: 0.6394) | MiF1: 0.6152 (Best: 0.6396)
2024-04-22 23:43:14,627 - root - INFO - Epoch: 27 | LR: 0.0010 | Loss 0.4119 | Val MaF1: 0.6055 (Best: 0.6358) | Test MaF1: 0.6092 (Best: 0.6394) | MiF1: 0.6099 (Best: 0.6396)
2024-04-22 23:43:15,968 - root - INFO - Epoch: 28 | LR: 0.0010 | Loss 0.4070 | Val MaF1: 0.5960 (Best: 0.6358) | Test MaF1: 0.6123 (Best: 0.6394) | MiF1: 0.6126 (Best: 0.6396)
2024-04-22 23:43:17,256 - root - INFO - Epoch: 29 | LR: 0.0010 | Loss 0.4027 | Val MaF1: 0.5954 (Best: 0.6358) | Test MaF1: 0.6056 (Best: 0.6394) | MiF1: 0.6065 (Best: 0.6396)
2024-04-22 23:43:18,547 - root - INFO - Epoch: 30 | LR: 0.0010 | Loss 0.3974 | Val MaF1: 0.5917 (Best: 0.6358) | Test MaF1: 0.6039 (Best: 0.6394) | MiF1: 0.6055 (Best: 0.6396)
2024-04-22 23:43:19,843 - root - INFO - Epoch: 31 | LR: 0.0009 | Loss 0.3952 | Val MaF1: 0.5992 (Best: 0.6358) | Test MaF1: 0.6058 (Best: 0.6394) | MiF1: 0.6072 (Best: 0.6396)
2024-04-22 23:43:21,181 - root - INFO - Epoch: 32 | LR: 0.0009 | Loss 0.3910 | Val MaF1: 0.5853 (Best: 0.6358) | Test MaF1: 0.6088 (Best: 0.6394) | MiF1: 0.6099 (Best: 0.6396)
2024-04-22 23:43:22,469 - root - INFO - Epoch: 33 | LR: 0.0009 | Loss 0.3891 | Val MaF1: 0.5902 (Best: 0.6358) | Test MaF1: 0.6070 (Best: 0.6394) | MiF1: 0.6079 (Best: 0.6396)
2024-04-22 23:43:23,764 - root - INFO - Epoch: 34 | LR: 0.0009 | Loss 0.3875 | Val MaF1: 0.5875 (Best: 0.6358) | Test MaF1: 0.6034 (Best: 0.6394) | MiF1: 0.6045 (Best: 0.6396)
2024-04-22 23:43:25,053 - root - INFO - Epoch: 35 | LR: 0.0009 | Loss 0.3858 | Val MaF1: 0.5896 (Best: 0.6358) | Test MaF1: 0.6010 (Best: 0.6394) | MiF1: 0.6025 (Best: 0.6396)
2024-04-22 23:43:26,392 - root - INFO - Epoch: 36 | LR: 0.0009 | Loss 0.3843 | Val MaF1: 0.5895 (Best: 0.6358) | Test MaF1: 0.5999 (Best: 0.6394) | MiF1: 0.6015 (Best: 0.6396)
2024-04-22 23:43:27,715 - root - INFO - Epoch: 37 | LR: 0.0008 | Loss 0.3822 | Val MaF1: 0.5869 (Best: 0.6358) | Test MaF1: 0.5980 (Best: 0.6394) | MiF1: 0.6002 (Best: 0.6396)
2024-04-22 23:43:29,022 - root - INFO - Epoch: 38 | LR: 0.0008 | Loss 0.3823 | Val MaF1: 0.5849 (Best: 0.6358) | Test MaF1: 0.6005 (Best: 0.6394) | MiF1: 0.6025 (Best: 0.6396)
2024-04-22 23:43:30,328 - root - INFO - Epoch: 39 | LR: 0.0008 | Loss 0.3814 | Val MaF1: 0.5853 (Best: 0.6358) | Test MaF1: 0.5974 (Best: 0.6394) | MiF1: 0.5995 (Best: 0.6396)
2024-04-22 23:43:31,684 - root - INFO - Epoch: 40 | LR: 0.0008 | Loss 0.3799 | Val MaF1: 0.5896 (Best: 0.6358) | Test MaF1: 0.5960 (Best: 0.6394) | MiF1: 0.5979 (Best: 0.6396)
2024-04-22 23:43:32,988 - root - INFO - Epoch: 41 | LR: 0.0008 | Loss 0.3796 | Val MaF1: 0.5921 (Best: 0.6358) | Test MaF1: 0.5966 (Best: 0.6394) | MiF1: 0.5982 (Best: 0.6396)
2024-04-22 23:43:34,299 - root - INFO - Epoch: 42 | LR: 0.0007 | Loss 0.3787 | Val MaF1: 0.5921 (Best: 0.6358) | Test MaF1: 0.5945 (Best: 0.6394) | MiF1: 0.5962 (Best: 0.6396)
2024-04-22 23:43:35,638 - root - INFO - Epoch: 43 | LR: 0.0007 | Loss 0.3782 | Val MaF1: 0.5923 (Best: 0.6358) | Test MaF1: 0.5946 (Best: 0.6394) | MiF1: 0.5965 (Best: 0.6396)
2024-04-22 23:43:37,015 - root - INFO - Epoch: 44 | LR: 0.0007 | Loss 0.3779 | Val MaF1: 0.5855 (Best: 0.6358) | Test MaF1: 0.5942 (Best: 0.6394) | MiF1: 0.5962 (Best: 0.6396)
2024-04-22 23:43:38,328 - root - INFO - Epoch: 45 | LR: 0.0006 | Loss 0.3772 | Val MaF1: 0.5804 (Best: 0.6358) | Test MaF1: 0.5941 (Best: 0.6394) | MiF1: 0.5962 (Best: 0.6396)
2024-04-22 23:43:39,637 - root - INFO - Epoch: 46 | LR: 0.0006 | Loss 0.3772 | Val MaF1: 0.5804 (Best: 0.6358) | Test MaF1: 0.5944 (Best: 0.6394) | MiF1: 0.5965 (Best: 0.6396)
2024-04-22 23:43:40,933 - root - INFO - Epoch: 47 | LR: 0.0006 | Loss 0.3773 | Val MaF1: 0.5830 (Best: 0.6358) | Test MaF1: 0.5943 (Best: 0.6394) | MiF1: 0.5965 (Best: 0.6396)
2024-04-22 23:43:42,231 - root - INFO - Epoch: 48 | LR: 0.0006 | Loss 0.3759 | Val MaF1: 0.5856 (Best: 0.6358) | Test MaF1: 0.5922 (Best: 0.6394) | MiF1: 0.5945 (Best: 0.6396)
2024-04-22 23:43:43,588 - root - INFO - Epoch: 49 | LR: 0.0005 | Loss 0.3761 | Val MaF1: 0.5828 (Best: 0.6358) | Test MaF1: 0.5929 (Best: 0.6394) | MiF1: 0.5949 (Best: 0.6396)
2024-04-22 23:43:44,895 - root - INFO - Epoch: 50 | LR: 0.0005 | Loss 0.3762 | Val MaF1: 0.5826 (Best: 0.6358) | Test MaF1: 0.5936 (Best: 0.6394) | MiF1: 0.5955 (Best: 0.6396)
2024-04-22 23:43:46,190 - root - INFO - Epoch: 51 | LR: 0.0005 | Loss 0.3757 | Val MaF1: 0.5833 (Best: 0.6358) | Test MaF1: 0.5943 (Best: 0.6394) | MiF1: 0.5962 (Best: 0.6396)
2024-04-22 23:43:47,498 - root - INFO - Epoch: 52 | LR: 0.0005 | Loss 0.3755 | Val MaF1: 0.5858 (Best: 0.6358) | Test MaF1: 0.5954 (Best: 0.6394) | MiF1: 0.5972 (Best: 0.6396)
2024-04-22 23:43:48,845 - root - INFO - Epoch: 53 | LR: 0.0004 | Loss 0.3756 | Val MaF1: 0.5883 (Best: 0.6358) | Test MaF1: 0.5953 (Best: 0.6394) | MiF1: 0.5972 (Best: 0.6396)
2024-04-22 23:43:50,144 - root - INFO - Epoch: 54 | LR: 0.0004 | Loss 0.3751 | Val MaF1: 0.5903 (Best: 0.6358) | Test MaF1: 0.5956 (Best: 0.6394) | MiF1: 0.5975 (Best: 0.6396)
2024-04-22 23:43:51,446 - root - INFO - Epoch: 55 | LR: 0.0004 | Loss 0.3762 | Val MaF1: 0.5905 (Best: 0.6358) | Test MaF1: 0.5957 (Best: 0.6394) | MiF1: 0.5975 (Best: 0.6396)
2024-04-22 23:43:52,739 - root - INFO - Epoch: 56 | LR: 0.0003 | Loss 0.3756 | Val MaF1: 0.5831 (Best: 0.6358) | Test MaF1: 0.5954 (Best: 0.6394) | MiF1: 0.5972 (Best: 0.6396)
2024-04-22 23:43:54,085 - root - INFO - Epoch: 57 | LR: 0.0003 | Loss 0.3748 | Val MaF1: 0.5877 (Best: 0.6358) | Test MaF1: 0.5957 (Best: 0.6394) | MiF1: 0.5975 (Best: 0.6396)
2024-04-22 23:43:55,384 - root - INFO - Epoch: 58 | LR: 0.0003 | Loss 0.3749 | Val MaF1: 0.5902 (Best: 0.6358) | Test MaF1: 0.5960 (Best: 0.6394) | MiF1: 0.5979 (Best: 0.6396)
2024-04-22 23:43:56,683 - root - INFO - Epoch: 59 | LR: 0.0003 | Loss 0.3746 | Val MaF1: 0.5854 (Best: 0.6358) | Test MaF1: 0.5955 (Best: 0.6394) | MiF1: 0.5975 (Best: 0.6396)
2024-04-22 23:43:57,977 - root - INFO - Epoch: 60 | LR: 0.0002 | Loss 0.3759 | Val MaF1: 0.5838 (Best: 0.6358) | Test MaF1: 0.5955 (Best: 0.6394) | MiF1: 0.5975 (Best: 0.6396)
2024-04-22 23:43:59,324 - root - INFO - Epoch: 61 | LR: 0.0002 | Loss 0.3753 | Val MaF1: 0.5885 (Best: 0.6358) | Test MaF1: 0.5950 (Best: 0.6394) | MiF1: 0.5969 (Best: 0.6396)
2024-04-22 23:44:00,625 - root - INFO - Epoch: 62 | LR: 0.0002 | Loss 0.3746 | Val MaF1: 0.5885 (Best: 0.6358) | Test MaF1: 0.5942 (Best: 0.6394) | MiF1: 0.5959 (Best: 0.6396)
2024-04-22 23:44:01,917 - root - INFO - Epoch: 63 | LR: 0.0002 | Loss 0.3747 | Val MaF1: 0.5885 (Best: 0.6358) | Test MaF1: 0.5936 (Best: 0.6394) | MiF1: 0.5952 (Best: 0.6396)
2024-04-22 23:44:03,210 - root - INFO - Epoch: 64 | LR: 0.0001 | Loss 0.3745 | Val MaF1: 0.5865 (Best: 0.6358) | Test MaF1: 0.5941 (Best: 0.6394) | MiF1: 0.5959 (Best: 0.6396)
2024-04-22 23:44:04,569 - root - INFO - Epoch: 65 | LR: 0.0001 | Loss 0.3745 | Val MaF1: 0.5865 (Best: 0.6358) | Test MaF1: 0.5945 (Best: 0.6394) | MiF1: 0.5962 (Best: 0.6396)
2024-04-22 23:44:05,870 - root - INFO - Epoch: 66 | LR: 0.0001 | Loss 0.3751 | Val MaF1: 0.5865 (Best: 0.6358) | Test MaF1: 0.5942 (Best: 0.6394) | MiF1: 0.5959 (Best: 0.6396)
2024-04-22 23:44:07,189 - root - INFO - Epoch: 67 | LR: 0.0001 | Loss 0.3746 | Val MaF1: 0.5865 (Best: 0.6358) | Test MaF1: 0.5939 (Best: 0.6394) | MiF1: 0.5955 (Best: 0.6396)
2024-04-22 23:44:08,492 - root - INFO - Epoch: 68 | LR: 0.0001 | Loss 0.3743 | Val MaF1: 0.5863 (Best: 0.6358) | Test MaF1: 0.5939 (Best: 0.6394) | MiF1: 0.5955 (Best: 0.6396)
2024-04-22 23:44:09,840 - root - INFO - Epoch: 69 | LR: 0.0001 | Loss 0.3746 | Val MaF1: 0.5863 (Best: 0.6358) | Test MaF1: 0.5939 (Best: 0.6394) | MiF1: 0.5955 (Best: 0.6396)
2024-04-22 23:44:11,140 - root - INFO - Epoch: 70 | LR: 0.0001 | Loss 0.3746 | Val MaF1: 0.5863 (Best: 0.6358) | Test MaF1: 0.5939 (Best: 0.6394) | MiF1: 0.5955 (Best: 0.6396)
2024-04-22 23:44:12,448 - root - INFO - Epoch: 71 | LR: 0.0000 | Loss 0.3742 | Val MaF1: 0.5861 (Best: 0.6358) | Test MaF1: 0.5932 (Best: 0.6394) | MiF1: 0.5949 (Best: 0.6396)
2024-04-22 23:44:13,746 - root - INFO - Epoch: 72 | LR: 0.0000 | Loss 0.3741 | Val MaF1: 0.5861 (Best: 0.6358) | Test MaF1: 0.5932 (Best: 0.6394) | MiF1: 0.5949 (Best: 0.6396)
2024-04-22 23:44:15,093 - root - INFO - Epoch: 73 | LR: 0.0000 | Loss 0.3739 | Val MaF1: 0.5861 (Best: 0.6358) | Test MaF1: 0.5936 (Best: 0.6394) | MiF1: 0.5952 (Best: 0.6396)
2024-04-22 23:44:16,399 - root - INFO - Epoch: 74 | LR: 0.0000 | Loss 0.3747 | Val MaF1: 0.5861 (Best: 0.6358) | Test MaF1: 0.5936 (Best: 0.6394) | MiF1: 0.5952 (Best: 0.6396)
2024-04-22 23:44:17,695 - root - INFO - Epoch: 75 | LR: 0.0000 | Loss 0.3741 | Val MaF1: 0.5861 (Best: 0.6358) | Test MaF1: 0.5936 (Best: 0.6394) | MiF1: 0.5952 (Best: 0.6396)
2024-04-22 23:44:18,992 - root - INFO - Epoch: 76 | LR: 0.0000 | Loss 0.3751 | Val MaF1: 0.5861 (Best: 0.6358) | Test MaF1: 0.5936 (Best: 0.6394) | MiF1: 0.5952 (Best: 0.6396)
2024-04-22 23:44:20,299 - root - INFO - Epoch: 77 | LR: 0.0000 | Loss 0.3742 | Val MaF1: 0.5861 (Best: 0.6358) | Test MaF1: 0.5940 (Best: 0.6394) | MiF1: 0.5955 (Best: 0.6396)
2024-04-22 23:44:21,650 - root - INFO - Epoch: 78 | LR: 0.0000 | Loss 0.3747 | Val MaF1: 0.5861 (Best: 0.6358) | Test MaF1: 0.5940 (Best: 0.6394) | MiF1: 0.5955 (Best: 0.6396)
2024-04-22 23:44:22,943 - root - INFO - Epoch: 79 | LR: 0.0000 | Loss 0.3739 | Val MaF1: 0.5861 (Best: 0.6358) | Test MaF1: 0.5940 (Best: 0.6394) | MiF1: 0.5955 (Best: 0.6396)
2024-04-22 23:44:22,944 - root - INFO - Best Epoch: 18 | Train MiF1: 0.9521,  MaF1: 0.9509 | Val MiF1: 0.6355, MaF1: 0.6358 | Test MaF1: 0.6394, MiF1: 0.6396
2024-04-22 23:44:23,740 - root - INFO - ARI: 0.2959 | NMI: 0.2544
