2024-04-19 01:34:25,959 - root - INFO - {'prefix': 'SR-HGN', 'gpu': 0, 'feat': 1, 'seed': 0, 'verbose': 1, 'train_split': 0.2, 'val_split': 0.3, 'num_type_heads': 4, 'num_node_heads': 4, 'hidden_dim': 256, 'clip': 1.0, 'num_layers': 3, 'alpha': 0.5, 'epochs': 100, 'dataset': 'acm', 'input_dim': 256, 'aggregate': 'concat', 'iscuda': True, 'cluster': True, 'max_lr': 0.001, 'weight_decay': 1e-05, 'heads': 8, 'han_heads': [4], 'hh_heads': 3, 'dropout': 0.2}
2024-04-19 01:34:28,855 - root - INFO - Training SR-HGN with #param: 35601299
2024-04-19 01:34:31,976 - root - INFO - ARI: 0.0648 | NMI: 0.0656
2024-04-19 01:34:31,977 - root - INFO - Epoch: 1 | LR: 0.0000 | Loss 1.0978 | Val MaF1: 0.2204 (Best: 0.2204) | Test MaF1: 0.2220 (Best: 0.2220) | MiF1: 0.4961 (Best: 0.4961)
2024-04-19 01:34:32,986 - root - INFO - Epoch: 2 | LR: 0.0001 | Loss 1.0714 | Val MaF1: 0.2204 (Best: 0.2204) | Test MaF1: 0.2210 (Best: 0.2220) | MiF1: 0.4957 (Best: 0.4961)
2024-04-19 01:34:33,994 - root - INFO - Epoch: 3 | LR: 0.0001 | Loss 1.0526 | Val MaF1: 0.2204 (Best: 0.2204) | Test MaF1: 0.2210 (Best: 0.2220) | MiF1: 0.4957 (Best: 0.4961)
2024-04-19 01:34:34,960 - root - INFO - Epoch: 4 | LR: 0.0001 | Loss 1.0343 | Val MaF1: 0.2204 (Best: 0.2204) | Test MaF1: 0.2210 (Best: 0.2220) | MiF1: 0.4957 (Best: 0.4961)
2024-04-19 01:34:35,908 - root - INFO - Epoch: 5 | LR: 0.0001 | Loss 1.0168 | Val MaF1: 0.2204 (Best: 0.2204) | Test MaF1: 0.2210 (Best: 0.2220) | MiF1: 0.4957 (Best: 0.4961)
2024-04-19 01:34:36,857 - root - INFO - Epoch: 6 | LR: 0.0001 | Loss 1.0028 | Val MaF1: 0.2204 (Best: 0.2204) | Test MaF1: 0.2210 (Best: 0.2220) | MiF1: 0.4957 (Best: 0.4961)
2024-04-19 01:34:37,808 - root - INFO - Epoch: 7 | LR: 0.0002 | Loss 0.9896 | Val MaF1: 0.2204 (Best: 0.2204) | Test MaF1: 0.2210 (Best: 0.2220) | MiF1: 0.4957 (Best: 0.4961)
2024-04-19 01:34:38,763 - root - INFO - Epoch: 8 | LR: 0.0002 | Loss 0.9681 | Val MaF1: 0.2204 (Best: 0.2204) | Test MaF1: 0.2210 (Best: 0.2220) | MiF1: 0.4957 (Best: 0.4961)
2024-04-19 01:34:39,709 - root - INFO - Epoch: 9 | LR: 0.0003 | Loss 0.9407 | Val MaF1: 0.2204 (Best: 0.2204) | Test MaF1: 0.2210 (Best: 0.2220) | MiF1: 0.4957 (Best: 0.4961)
2024-04-19 01:34:40,658 - root - INFO - Epoch: 10 | LR: 0.0003 | Loss 0.9039 | Val MaF1: 0.2204 (Best: 0.2204) | Test MaF1: 0.2210 (Best: 0.2220) | MiF1: 0.4957 (Best: 0.4961)
2024-04-19 01:34:42,410 - root - INFO - ARI: 0.6608 | NMI: 0.6606
2024-04-19 01:34:42,410 - root - INFO - Epoch: 11 | LR: 0.0003 | Loss 0.8702 | Val MaF1: 0.2275 (Best: 0.2275) | Test MaF1: 0.2361 (Best: 0.2361) | MiF1: 0.5011 (Best: 0.5011)
2024-04-19 01:34:44,149 - root - INFO - ARI: 0.6911 | NMI: 0.6752
2024-04-19 01:34:44,149 - root - INFO - Epoch: 12 | LR: 0.0004 | Loss 0.8390 | Val MaF1: 0.3563 (Best: 0.3563) | Test MaF1: 0.3233 (Best: 0.3233) | MiF1: 0.5355 (Best: 0.5355)
2024-04-19 01:34:45,924 - root - INFO - ARI: 0.7427 | NMI: 0.7050
2024-04-19 01:34:45,924 - root - INFO - Epoch: 13 | LR: 0.0004 | Loss 0.7908 | Val MaF1: 0.6054 (Best: 0.6054) | Test MaF1: 0.5695 (Best: 0.5695) | MiF1: 0.6641 (Best: 0.6641)
2024-04-19 01:34:47,675 - root - INFO - ARI: 0.7566 | NMI: 0.7136
2024-04-19 01:34:47,675 - root - INFO - Epoch: 14 | LR: 0.0005 | Loss 0.7390 | Val MaF1: 0.8053 (Best: 0.8053) | Test MaF1: 0.8190 (Best: 0.8190) | MiF1: 0.8317 (Best: 0.8317)
2024-04-19 01:34:49,447 - root - INFO - ARI: 0.7669 | NMI: 0.7213
2024-04-19 01:34:49,447 - root - INFO - Epoch: 15 | LR: 0.0005 | Loss 0.6914 | Val MaF1: 0.9283 (Best: 0.9283) | Test MaF1: 0.9178 (Best: 0.9178) | MiF1: 0.9180 (Best: 0.9180)
2024-04-19 01:34:50,455 - root - INFO - Epoch: 16 | LR: 0.0006 | Loss 0.6348 | Val MaF1: 0.9214 (Best: 0.9283) | Test MaF1: 0.9170 (Best: 0.9178) | MiF1: 0.9144 (Best: 0.9180)
2024-04-19 01:34:52,146 - root - INFO - ARI: 0.7928 | NMI: 0.7434
2024-04-19 01:34:52,147 - root - INFO - Epoch: 17 | LR: 0.0006 | Loss 0.6211 | Val MaF1: 0.9367 (Best: 0.9367) | Test MaF1: 0.9275 (Best: 0.9275) | MiF1: 0.9268 (Best: 0.9268)
2024-04-19 01:34:53,140 - root - INFO - Epoch: 18 | LR: 0.0007 | Loss 0.5608 | Val MaF1: 0.9100 (Best: 0.9367) | Test MaF1: 0.9149 (Best: 0.9275) | MiF1: 0.9165 (Best: 0.9268)
2024-04-19 01:34:54,103 - root - INFO - Epoch: 19 | LR: 0.0007 | Loss 0.5328 | Val MaF1: 0.8919 (Best: 0.9367) | Test MaF1: 0.9096 (Best: 0.9275) | MiF1: 0.9119 (Best: 0.9268)
2024-04-19 01:34:55,840 - root - INFO - ARI: 0.8081 | NMI: 0.7611
2024-04-19 01:34:55,841 - root - INFO - Epoch: 20 | LR: 0.0008 | Loss 0.5109 | Val MaF1: 0.9332 (Best: 0.9332) | Test MaF1: 0.9306 (Best: 0.9306) | MiF1: 0.9315 (Best: 0.9315)
2024-04-19 01:34:57,567 - root - INFO - ARI: 0.8035 | NMI: 0.7652
2024-04-19 01:34:57,567 - root - INFO - Epoch: 21 | LR: 0.0008 | Loss 0.4826 | Val MaF1: 0.9356 (Best: 0.9356) | Test MaF1: 0.9359 (Best: 0.9359) | MiF1: 0.9350 (Best: 0.9350)
2024-04-19 01:34:58,589 - root - INFO - Epoch: 22 | LR: 0.0009 | Loss 0.4647 | Val MaF1: 0.9315 (Best: 0.9356) | Test MaF1: 0.9353 (Best: 0.9359) | MiF1: 0.9339 (Best: 0.9350)
2024-04-19 01:35:00,338 - root - INFO - ARI: 0.8298 | NMI: 0.7894
2024-04-19 01:35:00,338 - root - INFO - Epoch: 23 | LR: 0.0009 | Loss 0.4524 | Val MaF1: 0.9426 (Best: 0.9426) | Test MaF1: 0.9437 (Best: 0.9437) | MiF1: 0.9428 (Best: 0.9428)
2024-04-19 01:35:01,332 - root - INFO - Epoch: 24 | LR: 0.0009 | Loss 0.4347 | Val MaF1: 0.9490 (Best: 0.9426) | Test MaF1: 0.9420 (Best: 0.9437) | MiF1: 0.9421 (Best: 0.9428)
2024-04-19 01:35:02,293 - root - INFO - Epoch: 25 | LR: 0.0010 | Loss 0.4226 | Val MaF1: 0.9413 (Best: 0.9426) | Test MaF1: 0.9402 (Best: 0.9437) | MiF1: 0.9407 (Best: 0.9428)
2024-04-19 01:35:03,255 - root - INFO - Epoch: 26 | LR: 0.0010 | Loss 0.4121 | Val MaF1: 0.9413 (Best: 0.9426) | Test MaF1: 0.9399 (Best: 0.9437) | MiF1: 0.9400 (Best: 0.9428)
2024-04-19 01:35:04,207 - root - INFO - Epoch: 27 | LR: 0.0010 | Loss 0.4036 | Val MaF1: 0.9438 (Best: 0.9426) | Test MaF1: 0.9436 (Best: 0.9437) | MiF1: 0.9435 (Best: 0.9428)
2024-04-19 01:35:05,177 - root - INFO - Epoch: 28 | LR: 0.0010 | Loss 0.3962 | Val MaF1: 0.9439 (Best: 0.9426) | Test MaF1: 0.9420 (Best: 0.9437) | MiF1: 0.9421 (Best: 0.9428)
2024-04-19 01:35:06,169 - root - INFO - Epoch: 29 | LR: 0.0010 | Loss 0.3893 | Val MaF1: 0.9416 (Best: 0.9426) | Test MaF1: 0.9404 (Best: 0.9437) | MiF1: 0.9407 (Best: 0.9428)
2024-04-19 01:35:07,130 - root - INFO - Epoch: 30 | LR: 0.0010 | Loss 0.3833 | Val MaF1: 0.9439 (Best: 0.9426) | Test MaF1: 0.9421 (Best: 0.9437) | MiF1: 0.9421 (Best: 0.9428)
2024-04-19 01:35:08,082 - root - INFO - Epoch: 31 | LR: 0.0010 | Loss 0.3786 | Val MaF1: 0.9414 (Best: 0.9426) | Test MaF1: 0.9405 (Best: 0.9437) | MiF1: 0.9407 (Best: 0.9428)
2024-04-19 01:35:09,031 - root - INFO - Epoch: 32 | LR: 0.0010 | Loss 0.3743 | Val MaF1: 0.9387 (Best: 0.9426) | Test MaF1: 0.9373 (Best: 0.9437) | MiF1: 0.9379 (Best: 0.9428)
2024-04-19 01:35:09,980 - root - INFO - Epoch: 33 | LR: 0.0010 | Loss 0.3714 | Val MaF1: 0.9436 (Best: 0.9426) | Test MaF1: 0.9377 (Best: 0.9437) | MiF1: 0.9386 (Best: 0.9428)
2024-04-19 01:35:10,932 - root - INFO - Epoch: 34 | LR: 0.0010 | Loss 0.3679 | Val MaF1: 0.9461 (Best: 0.9426) | Test MaF1: 0.9409 (Best: 0.9437) | MiF1: 0.9414 (Best: 0.9428)
2024-04-19 01:35:11,883 - root - INFO - Epoch: 35 | LR: 0.0010 | Loss 0.3649 | Val MaF1: 0.9462 (Best: 0.9426) | Test MaF1: 0.9415 (Best: 0.9437) | MiF1: 0.9418 (Best: 0.9428)
2024-04-19 01:35:12,880 - root - INFO - Epoch: 36 | LR: 0.0010 | Loss 0.3623 | Val MaF1: 0.9438 (Best: 0.9426) | Test MaF1: 0.9416 (Best: 0.9437) | MiF1: 0.9418 (Best: 0.9428)
2024-04-19 01:35:13,823 - root - INFO - Epoch: 37 | LR: 0.0010 | Loss 0.3609 | Val MaF1: 0.9462 (Best: 0.9426) | Test MaF1: 0.9418 (Best: 0.9437) | MiF1: 0.9418 (Best: 0.9428)
2024-04-19 01:35:14,786 - root - INFO - Epoch: 38 | LR: 0.0010 | Loss 0.3586 | Val MaF1: 0.9427 (Best: 0.9426) | Test MaF1: 0.9416 (Best: 0.9437) | MiF1: 0.9418 (Best: 0.9428)
2024-04-19 01:35:15,735 - root - INFO - Epoch: 39 | LR: 0.0010 | Loss 0.3569 | Val MaF1: 0.9402 (Best: 0.9426) | Test MaF1: 0.9402 (Best: 0.9437) | MiF1: 0.9403 (Best: 0.9428)
2024-04-19 01:35:16,687 - root - INFO - Epoch: 40 | LR: 0.0009 | Loss 0.3557 | Val MaF1: 0.9353 (Best: 0.9426) | Test MaF1: 0.9375 (Best: 0.9437) | MiF1: 0.9379 (Best: 0.9428)
2024-04-19 01:35:17,638 - root - INFO - Epoch: 41 | LR: 0.0009 | Loss 0.3543 | Val MaF1: 0.9328 (Best: 0.9426) | Test MaF1: 0.9388 (Best: 0.9437) | MiF1: 0.9393 (Best: 0.9428)
2024-04-19 01:35:18,598 - root - INFO - Epoch: 42 | LR: 0.0009 | Loss 0.3535 | Val MaF1: 0.9353 (Best: 0.9426) | Test MaF1: 0.9385 (Best: 0.9437) | MiF1: 0.9389 (Best: 0.9428)
2024-04-19 01:35:19,594 - root - INFO - Epoch: 43 | LR: 0.0009 | Loss 0.3524 | Val MaF1: 0.9353 (Best: 0.9426) | Test MaF1: 0.9382 (Best: 0.9437) | MiF1: 0.9386 (Best: 0.9428)
2024-04-19 01:35:20,544 - root - INFO - Epoch: 44 | LR: 0.0009 | Loss 0.3518 | Val MaF1: 0.9379 (Best: 0.9426) | Test MaF1: 0.9383 (Best: 0.9437) | MiF1: 0.9386 (Best: 0.9428)
2024-04-19 01:35:21,495 - root - INFO - Epoch: 45 | LR: 0.0009 | Loss 0.3511 | Val MaF1: 0.9379 (Best: 0.9426) | Test MaF1: 0.9379 (Best: 0.9437) | MiF1: 0.9382 (Best: 0.9428)
2024-04-19 01:35:22,453 - root - INFO - Epoch: 46 | LR: 0.0009 | Loss 0.3505 | Val MaF1: 0.9328 (Best: 0.9426) | Test MaF1: 0.9372 (Best: 0.9437) | MiF1: 0.9375 (Best: 0.9428)
2024-04-19 01:35:23,408 - root - INFO - Epoch: 47 | LR: 0.0008 | Loss 0.3495 | Val MaF1: 0.9302 (Best: 0.9426) | Test MaF1: 0.9349 (Best: 0.9437) | MiF1: 0.9354 (Best: 0.9428)
2024-04-19 01:35:24,353 - root - INFO - Epoch: 48 | LR: 0.0008 | Loss 0.3492 | Val MaF1: 0.9302 (Best: 0.9426) | Test MaF1: 0.9341 (Best: 0.9437) | MiF1: 0.9347 (Best: 0.9428)
2024-04-19 01:35:25,299 - root - INFO - Epoch: 49 | LR: 0.0008 | Loss 0.3485 | Val MaF1: 0.9302 (Best: 0.9426) | Test MaF1: 0.9334 (Best: 0.9437) | MiF1: 0.9339 (Best: 0.9428)
2024-04-19 01:35:26,295 - root - INFO - Epoch: 50 | LR: 0.0008 | Loss 0.3483 | Val MaF1: 0.9302 (Best: 0.9426) | Test MaF1: 0.9330 (Best: 0.9437) | MiF1: 0.9336 (Best: 0.9428)
2024-04-19 01:35:27,250 - root - INFO - Epoch: 51 | LR: 0.0008 | Loss 0.3472 | Val MaF1: 0.9302 (Best: 0.9426) | Test MaF1: 0.9338 (Best: 0.9437) | MiF1: 0.9343 (Best: 0.9428)
2024-04-19 01:35:28,202 - root - INFO - Epoch: 52 | LR: 0.0008 | Loss 0.3469 | Val MaF1: 0.9302 (Best: 0.9426) | Test MaF1: 0.9342 (Best: 0.9437) | MiF1: 0.9347 (Best: 0.9428)
2024-04-19 01:35:29,149 - root - INFO - Epoch: 53 | LR: 0.0007 | Loss 0.3468 | Val MaF1: 0.9302 (Best: 0.9426) | Test MaF1: 0.9346 (Best: 0.9437) | MiF1: 0.9350 (Best: 0.9428)
2024-04-19 01:35:30,099 - root - INFO - Epoch: 54 | LR: 0.0007 | Loss 0.3467 | Val MaF1: 0.9302 (Best: 0.9426) | Test MaF1: 0.9347 (Best: 0.9437) | MiF1: 0.9350 (Best: 0.9428)
2024-04-19 01:35:31,076 - root - INFO - Epoch: 55 | LR: 0.0007 | Loss 0.3461 | Val MaF1: 0.9302 (Best: 0.9426) | Test MaF1: 0.9343 (Best: 0.9437) | MiF1: 0.9347 (Best: 0.9428)
2024-04-19 01:35:32,039 - root - INFO - Epoch: 56 | LR: 0.0007 | Loss 0.3462 | Val MaF1: 0.9302 (Best: 0.9426) | Test MaF1: 0.9350 (Best: 0.9437) | MiF1: 0.9354 (Best: 0.9428)
2024-04-19 01:35:33,033 - root - INFO - Epoch: 57 | LR: 0.0007 | Loss 0.3454 | Val MaF1: 0.9302 (Best: 0.9426) | Test MaF1: 0.9346 (Best: 0.9437) | MiF1: 0.9350 (Best: 0.9428)
2024-04-19 01:35:33,977 - root - INFO - Epoch: 58 | LR: 0.0006 | Loss 0.3455 | Val MaF1: 0.9302 (Best: 0.9426) | Test MaF1: 0.9339 (Best: 0.9437) | MiF1: 0.9343 (Best: 0.9428)
2024-04-19 01:35:34,933 - root - INFO - Epoch: 59 | LR: 0.0006 | Loss 0.3452 | Val MaF1: 0.9302 (Best: 0.9426) | Test MaF1: 0.9335 (Best: 0.9437) | MiF1: 0.9339 (Best: 0.9428)
2024-04-19 01:35:35,881 - root - INFO - Epoch: 60 | LR: 0.0006 | Loss 0.3451 | Val MaF1: 0.9302 (Best: 0.9426) | Test MaF1: 0.9328 (Best: 0.9437) | MiF1: 0.9332 (Best: 0.9428)
2024-04-19 01:35:36,832 - root - INFO - Epoch: 61 | LR: 0.0006 | Loss 0.3446 | Val MaF1: 0.9302 (Best: 0.9426) | Test MaF1: 0.9332 (Best: 0.9437) | MiF1: 0.9336 (Best: 0.9428)
2024-04-19 01:35:37,782 - root - INFO - Epoch: 62 | LR: 0.0005 | Loss 0.3442 | Val MaF1: 0.9302 (Best: 0.9426) | Test MaF1: 0.9332 (Best: 0.9437) | MiF1: 0.9336 (Best: 0.9428)
2024-04-19 01:35:38,741 - root - INFO - Epoch: 63 | LR: 0.0005 | Loss 0.3441 | Val MaF1: 0.9328 (Best: 0.9426) | Test MaF1: 0.9318 (Best: 0.9437) | MiF1: 0.9322 (Best: 0.9428)
2024-04-19 01:35:39,750 - root - INFO - Epoch: 64 | LR: 0.0005 | Loss 0.3442 | Val MaF1: 0.9353 (Best: 0.9426) | Test MaF1: 0.9319 (Best: 0.9437) | MiF1: 0.9322 (Best: 0.9428)
2024-04-19 01:35:40,695 - root - INFO - Epoch: 65 | LR: 0.0005 | Loss 0.3441 | Val MaF1: 0.9328 (Best: 0.9426) | Test MaF1: 0.9315 (Best: 0.9437) | MiF1: 0.9318 (Best: 0.9428)
2024-04-19 01:35:41,641 - root - INFO - Epoch: 66 | LR: 0.0005 | Loss 0.3439 | Val MaF1: 0.9302 (Best: 0.9426) | Test MaF1: 0.9321 (Best: 0.9437) | MiF1: 0.9325 (Best: 0.9428)
2024-04-19 01:35:42,595 - root - INFO - Epoch: 67 | LR: 0.0004 | Loss 0.3438 | Val MaF1: 0.9302 (Best: 0.9426) | Test MaF1: 0.9321 (Best: 0.9437) | MiF1: 0.9325 (Best: 0.9428)
2024-04-19 01:35:43,551 - root - INFO - Epoch: 68 | LR: 0.0004 | Loss 0.3434 | Val MaF1: 0.9276 (Best: 0.9426) | Test MaF1: 0.9324 (Best: 0.9437) | MiF1: 0.9329 (Best: 0.9428)
2024-04-19 01:35:44,501 - root - INFO - Epoch: 69 | LR: 0.0004 | Loss 0.3432 | Val MaF1: 0.9276 (Best: 0.9426) | Test MaF1: 0.9335 (Best: 0.9437) | MiF1: 0.9339 (Best: 0.9428)
2024-04-19 01:35:45,451 - root - INFO - Epoch: 70 | LR: 0.0004 | Loss 0.3430 | Val MaF1: 0.9276 (Best: 0.9426) | Test MaF1: 0.9335 (Best: 0.9437) | MiF1: 0.9339 (Best: 0.9428)
2024-04-19 01:35:46,451 - root - INFO - Epoch: 71 | LR: 0.0003 | Loss 0.3430 | Val MaF1: 0.9276 (Best: 0.9426) | Test MaF1: 0.9331 (Best: 0.9437) | MiF1: 0.9336 (Best: 0.9428)
2024-04-19 01:35:47,421 - root - INFO - Epoch: 72 | LR: 0.0003 | Loss 0.3430 | Val MaF1: 0.9302 (Best: 0.9426) | Test MaF1: 0.9328 (Best: 0.9437) | MiF1: 0.9332 (Best: 0.9428)
2024-04-19 01:35:48,371 - root - INFO - Epoch: 73 | LR: 0.0003 | Loss 0.3426 | Val MaF1: 0.9302 (Best: 0.9426) | Test MaF1: 0.9328 (Best: 0.9437) | MiF1: 0.9332 (Best: 0.9428)
2024-04-19 01:35:49,319 - root - INFO - Epoch: 74 | LR: 0.0003 | Loss 0.3424 | Val MaF1: 0.9302 (Best: 0.9426) | Test MaF1: 0.9336 (Best: 0.9437) | MiF1: 0.9339 (Best: 0.9428)
2024-04-19 01:35:50,266 - root - INFO - Epoch: 75 | LR: 0.0003 | Loss 0.3422 | Val MaF1: 0.9302 (Best: 0.9426) | Test MaF1: 0.9329 (Best: 0.9437) | MiF1: 0.9332 (Best: 0.9428)
2024-04-19 01:35:51,238 - root - INFO - Epoch: 76 | LR: 0.0002 | Loss 0.3425 | Val MaF1: 0.9302 (Best: 0.9426) | Test MaF1: 0.9333 (Best: 0.9437) | MiF1: 0.9336 (Best: 0.9428)
2024-04-19 01:35:52,207 - root - INFO - Epoch: 77 | LR: 0.0002 | Loss 0.3423 | Val MaF1: 0.9302 (Best: 0.9426) | Test MaF1: 0.9340 (Best: 0.9437) | MiF1: 0.9343 (Best: 0.9428)
2024-04-19 01:35:53,191 - root - INFO - Epoch: 78 | LR: 0.0002 | Loss 0.3421 | Val MaF1: 0.9302 (Best: 0.9426) | Test MaF1: 0.9340 (Best: 0.9437) | MiF1: 0.9343 (Best: 0.9428)
2024-04-19 01:35:54,186 - root - INFO - Epoch: 79 | LR: 0.0002 | Loss 0.3418 | Val MaF1: 0.9302 (Best: 0.9426) | Test MaF1: 0.9340 (Best: 0.9437) | MiF1: 0.9343 (Best: 0.9428)
2024-04-19 01:35:55,154 - root - INFO - Epoch: 80 | LR: 0.0002 | Loss 0.3423 | Val MaF1: 0.9302 (Best: 0.9426) | Test MaF1: 0.9343 (Best: 0.9437) | MiF1: 0.9347 (Best: 0.9428)
2024-04-19 01:35:56,101 - root - INFO - Epoch: 81 | LR: 0.0002 | Loss 0.3420 | Val MaF1: 0.9302 (Best: 0.9426) | Test MaF1: 0.9343 (Best: 0.9437) | MiF1: 0.9347 (Best: 0.9428)
2024-04-19 01:35:57,049 - root - INFO - Epoch: 82 | LR: 0.0001 | Loss 0.3428 | Val MaF1: 0.9302 (Best: 0.9426) | Test MaF1: 0.9343 (Best: 0.9437) | MiF1: 0.9347 (Best: 0.9428)
2024-04-19 01:35:58,000 - root - INFO - Epoch: 83 | LR: 0.0001 | Loss 0.3421 | Val MaF1: 0.9302 (Best: 0.9426) | Test MaF1: 0.9343 (Best: 0.9437) | MiF1: 0.9347 (Best: 0.9428)
2024-04-19 01:35:58,952 - root - INFO - Epoch: 84 | LR: 0.0001 | Loss 0.3421 | Val MaF1: 0.9302 (Best: 0.9426) | Test MaF1: 0.9343 (Best: 0.9437) | MiF1: 0.9347 (Best: 0.9428)
2024-04-19 01:35:59,914 - root - INFO - Epoch: 85 | LR: 0.0001 | Loss 0.3418 | Val MaF1: 0.9302 (Best: 0.9426) | Test MaF1: 0.9343 (Best: 0.9437) | MiF1: 0.9347 (Best: 0.9428)
2024-04-19 01:36:00,921 - root - INFO - Epoch: 86 | LR: 0.0001 | Loss 0.3419 | Val MaF1: 0.9302 (Best: 0.9426) | Test MaF1: 0.9336 (Best: 0.9437) | MiF1: 0.9339 (Best: 0.9428)
2024-04-19 01:36:01,867 - root - INFO - Epoch: 87 | LR: 0.0001 | Loss 0.3416 | Val MaF1: 0.9302 (Best: 0.9426) | Test MaF1: 0.9336 (Best: 0.9437) | MiF1: 0.9339 (Best: 0.9428)
2024-04-19 01:36:02,868 - root - INFO - Epoch: 88 | LR: 0.0001 | Loss 0.3416 | Val MaF1: 0.9302 (Best: 0.9426) | Test MaF1: 0.9336 (Best: 0.9437) | MiF1: 0.9339 (Best: 0.9428)
2024-04-19 01:36:03,827 - root - INFO - Epoch: 89 | LR: 0.0000 | Loss 0.3416 | Val MaF1: 0.9302 (Best: 0.9426) | Test MaF1: 0.9336 (Best: 0.9437) | MiF1: 0.9339 (Best: 0.9428)
2024-04-19 01:36:04,776 - root - INFO - Epoch: 90 | LR: 0.0000 | Loss 0.3416 | Val MaF1: 0.9302 (Best: 0.9426) | Test MaF1: 0.9336 (Best: 0.9437) | MiF1: 0.9339 (Best: 0.9428)
2024-04-19 01:36:05,728 - root - INFO - Epoch: 91 | LR: 0.0000 | Loss 0.3414 | Val MaF1: 0.9302 (Best: 0.9426) | Test MaF1: 0.9336 (Best: 0.9437) | MiF1: 0.9339 (Best: 0.9428)
2024-04-19 01:36:06,676 - root - INFO - Epoch: 92 | LR: 0.0000 | Loss 0.3415 | Val MaF1: 0.9302 (Best: 0.9426) | Test MaF1: 0.9336 (Best: 0.9437) | MiF1: 0.9339 (Best: 0.9428)
2024-04-19 01:36:07,690 - root - INFO - Epoch: 93 | LR: 0.0000 | Loss 0.3418 | Val MaF1: 0.9302 (Best: 0.9426) | Test MaF1: 0.9336 (Best: 0.9437) | MiF1: 0.9339 (Best: 0.9428)
2024-04-19 01:36:08,631 - root - INFO - Epoch: 94 | LR: 0.0000 | Loss 0.3416 | Val MaF1: 0.9302 (Best: 0.9426) | Test MaF1: 0.9336 (Best: 0.9437) | MiF1: 0.9339 (Best: 0.9428)
2024-04-19 01:36:09,582 - root - INFO - Epoch: 95 | LR: 0.0000 | Loss 0.3417 | Val MaF1: 0.9302 (Best: 0.9426) | Test MaF1: 0.9336 (Best: 0.9437) | MiF1: 0.9339 (Best: 0.9428)
2024-04-19 01:36:10,531 - root - INFO - Epoch: 96 | LR: 0.0000 | Loss 0.3419 | Val MaF1: 0.9302 (Best: 0.9426) | Test MaF1: 0.9336 (Best: 0.9437) | MiF1: 0.9339 (Best: 0.9428)
2024-04-19 01:36:11,477 - root - INFO - Epoch: 97 | LR: 0.0000 | Loss 0.3414 | Val MaF1: 0.9302 (Best: 0.9426) | Test MaF1: 0.9336 (Best: 0.9437) | MiF1: 0.9339 (Best: 0.9428)
2024-04-19 01:36:12,425 - root - INFO - Epoch: 98 | LR: 0.0000 | Loss 0.3413 | Val MaF1: 0.9302 (Best: 0.9426) | Test MaF1: 0.9336 (Best: 0.9437) | MiF1: 0.9339 (Best: 0.9428)
2024-04-19 01:36:13,372 - root - INFO - Epoch: 99 | LR: 0.0000 | Loss 0.3411 | Val MaF1: 0.9302 (Best: 0.9426) | Test MaF1: 0.9336 (Best: 0.9437) | MiF1: 0.9339 (Best: 0.9428)
2024-04-19 01:36:14,369 - root - INFO - Epoch: 100 | LR: 0.0000 | Loss 0.3415 | Val MaF1: 0.9302 (Best: 0.9426) | Test MaF1: 0.9336 (Best: 0.9437) | MiF1: 0.9339 (Best: 0.9428)
2024-04-19 01:36:14,369 - root - INFO - Best Epoch: 23 | Train MiF1: 0.9740,  MaF1: 0.9740 | Val MiF1: 0.9401, MaF1: 0.9426 | Test MaF1: 0.9437, MiF1: 0.9428
2024-04-19 01:36:14,891 - root - INFO - ARI: 0.8298 | NMI: 0.7894
