2024-04-19 11:12:04,981 - root - INFO - {'prefix': 'SR-HGN', 'gpu': 0, 'feat': 1, 'seed': 0, 'verbose': 1, 'train_split': 0.2, 'val_split': 0.3, 'num_type_heads': 4, 'num_node_heads': 4, 'hidden_dim': 256, 'clip': 1.0, 'num_layers': 3, 'alpha': 0.5, 'epochs': 50, 'dataset': 'acm', 'input_dim': 256, 'aggregate': 'concat', 'iscuda': True, 'cluster': True, 'max_lr': 0.001, 'weight_decay': 1e-05, 'heads': 8, 'han_heads': [4], 'hh_heads': 3, 'dropout': 0.2}
2024-04-19 11:12:08,019 - root - INFO - Training SR-HGN with #param: 35601299
2024-04-19 11:12:17,060 - matplotlib.pyplot - DEBUG - Loaded backend tkagg version 8.6.
2024-04-19 11:12:17,120 - PIL.PngImagePlugin - DEBUG - STREAM b'IHDR' 16 13
2024-04-19 11:12:17,120 - PIL.PngImagePlugin - DEBUG - STREAM b'sBIT' 41 4
2024-04-19 11:12:17,120 - PIL.PngImagePlugin - DEBUG - b'sBIT' 41 4 (unknown)
2024-04-19 11:12:17,121 - PIL.PngImagePlugin - DEBUG - STREAM b'pHYs' 57 9
2024-04-19 11:12:17,121 - PIL.PngImagePlugin - DEBUG - STREAM b'IDAT' 78 1189
2024-04-19 11:12:17,126 - PIL.PngImagePlugin - DEBUG - STREAM b'IHDR' 16 13
2024-04-19 11:12:17,126 - PIL.PngImagePlugin - DEBUG - STREAM b'sBIT' 41 4
2024-04-19 11:12:17,126 - PIL.PngImagePlugin - DEBUG - b'sBIT' 41 4 (unknown)
2024-04-19 11:12:17,126 - PIL.PngImagePlugin - DEBUG - STREAM b'pHYs' 57 9
2024-04-19 11:12:17,126 - PIL.PngImagePlugin - DEBUG - STREAM b'IDAT' 78 2994
2024-04-19 11:12:17,140 - PIL.PngImagePlugin - DEBUG - STREAM b'IHDR' 16 13
2024-04-19 11:12:17,141 - PIL.PngImagePlugin - DEBUG - STREAM b'sBIT' 41 4
2024-04-19 11:12:17,141 - PIL.PngImagePlugin - DEBUG - b'sBIT' 41 4 (unknown)
2024-04-19 11:12:17,141 - PIL.PngImagePlugin - DEBUG - STREAM b'pHYs' 57 9
2024-04-19 11:12:17,141 - PIL.PngImagePlugin - DEBUG - STREAM b'IDAT' 78 374
2024-04-19 11:12:17,142 - PIL.PngImagePlugin - DEBUG - STREAM b'IHDR' 16 13
2024-04-19 11:12:17,142 - PIL.PngImagePlugin - DEBUG - STREAM b'sBIT' 41 4
2024-04-19 11:12:17,143 - PIL.PngImagePlugin - DEBUG - b'sBIT' 41 4 (unknown)
2024-04-19 11:12:17,143 - PIL.PngImagePlugin - DEBUG - STREAM b'pHYs' 57 9
2024-04-19 11:12:17,143 - PIL.PngImagePlugin - DEBUG - STREAM b'IDAT' 78 286
2024-04-19 11:12:17,144 - PIL.PngImagePlugin - DEBUG - STREAM b'IHDR' 16 13
2024-04-19 11:12:17,144 - PIL.PngImagePlugin - DEBUG - STREAM b'sBIT' 41 4
2024-04-19 11:12:17,144 - PIL.PngImagePlugin - DEBUG - b'sBIT' 41 4 (unknown)
2024-04-19 11:12:17,144 - PIL.PngImagePlugin - DEBUG - STREAM b'pHYs' 57 9
2024-04-19 11:12:17,144 - PIL.PngImagePlugin - DEBUG - STREAM b'IDAT' 78 263
2024-04-19 11:12:17,145 - PIL.PngImagePlugin - DEBUG - STREAM b'IHDR' 16 13
2024-04-19 11:12:17,145 - PIL.PngImagePlugin - DEBUG - STREAM b'sBIT' 41 4
2024-04-19 11:12:17,145 - PIL.PngImagePlugin - DEBUG - b'sBIT' 41 4 (unknown)
2024-04-19 11:12:17,145 - PIL.PngImagePlugin - DEBUG - STREAM b'pHYs' 57 9
2024-04-19 11:12:17,146 - PIL.PngImagePlugin - DEBUG - STREAM b'IDAT' 78 387
2024-04-19 11:12:17,147 - PIL.PngImagePlugin - DEBUG - STREAM b'IHDR' 16 13
2024-04-19 11:12:17,147 - PIL.PngImagePlugin - DEBUG - STREAM b'sBIT' 41 4
2024-04-19 11:12:17,147 - PIL.PngImagePlugin - DEBUG - b'sBIT' 41 4 (unknown)
2024-04-19 11:12:17,147 - PIL.PngImagePlugin - DEBUG - STREAM b'pHYs' 57 9
2024-04-19 11:12:17,147 - PIL.PngImagePlugin - DEBUG - STREAM b'IDAT' 78 436
2024-04-19 11:12:17,148 - PIL.PngImagePlugin - DEBUG - STREAM b'IHDR' 16 13
2024-04-19 11:12:17,148 - PIL.PngImagePlugin - DEBUG - STREAM b'sBIT' 41 4
2024-04-19 11:12:17,148 - PIL.PngImagePlugin - DEBUG - b'sBIT' 41 4 (unknown)
2024-04-19 11:12:17,148 - PIL.PngImagePlugin - DEBUG - STREAM b'pHYs' 57 9
2024-04-19 11:12:17,148 - PIL.PngImagePlugin - DEBUG - STREAM b'IDAT' 78 351
2024-04-19 11:12:17,149 - PIL.PngImagePlugin - DEBUG - STREAM b'IHDR' 16 13
2024-04-19 11:12:17,149 - PIL.PngImagePlugin - DEBUG - STREAM b'sBIT' 41 4
2024-04-19 11:12:17,150 - PIL.PngImagePlugin - DEBUG - b'sBIT' 41 4 (unknown)
2024-04-19 11:12:17,150 - PIL.PngImagePlugin - DEBUG - STREAM b'pHYs' 57 9
2024-04-19 11:12:17,150 - PIL.PngImagePlugin - DEBUG - STREAM b'IDAT' 78 364
2024-04-19 11:12:17,153 - matplotlib.font_manager - DEBUG - findfont: Matching sans\-serif:style=normal:variant=normal:weight=normal:stretch=normal:size=10.0.
2024-04-19 11:12:17,153 - matplotlib.font_manager - DEBUG - findfont: score(FontEntry(fname='D:\\anaconda3\\envs\\cpf\\lib\\site-packages\\matplotlib\\mpl-data\\fonts\\ttf\\DejaVuSerif.ttf', name='DejaVu Serif', style='normal', variant='normal', weight=400, stretch='normal', size='scalable')) = 10.05
2024-04-19 11:12:17,154 - matplotlib.font_manager - DEBUG - findfont: score(FontEntry(fname='D:\\anaconda3\\envs\\cpf\\lib\\site-packages\\matplotlib\\mpl-data\\fonts\\ttf\\STIXGeneral.ttf', name='STIXGeneral', style='normal', variant='normal', weight=400, stretch='normal', size='scalable')) = 10.05
2024-04-19 11:12:17,154 - matplotlib.font_manager - DEBUG - findfont: score(FontEntry(fname='D:\\anaconda3\\envs\\cpf\\lib\\site-packages\\matplotlib\\mpl-data\\fonts\\ttf\\STIXSizFiveSymReg.ttf', name='STIXSizeFiveSym', style='normal', variant='normal', weight=400, stretch='normal', size='scalable')) = 10.05
2024-04-19 11:12:17,155 - matplotlib.font_manager - DEBUG - findfont: score(FontEntry(fname='D:\\anaconda3\\envs\\cpf\\lib\\site-packages\\matplotlib\\mpl-data\\fonts\\ttf\\STIXGeneralItalic.ttf', name='STIXGeneral', style='italic', variant='normal', weight=400, stretch='normal', size='scalable')) = 11.05
2024-04-19 11:12:17,155 - matplotlib.font_manager - DEBUG - findfont: score(FontEntry(fname='D:\\anaconda3\\envs\\cpf\\lib\\site-packages\\matplotlib\\mpl-data\\fonts\\ttf\\STIXSizThreeSymReg.ttf', name='STIXSizeThreeSym', style='normal', variant='normal', weight=400, stretch='normal', size='scalable')) = 10.05
2024-04-19 11:12:17,155 - matplotlib.font_manager - DEBUG - findfont: score(FontEntry(fname='D:\\anaconda3\\envs\\cpf\\lib\\site-packages\\matplotlib\\mpl-data\\fonts\\ttf\\STIXSizOneSymBol.ttf', name='STIXSizeOneSym', style='normal', variant='normal', weight=700, stretch='normal', size='scalable')) = 10.335
2024-04-19 11:12:17,156 - matplotlib.font_manager - DEBUG - findfont: score(FontEntry(fname='D:\\anaconda3\\envs\\cpf\\lib\\site-packages\\matplotlib\\mpl-data\\fonts\\ttf\\DejaVuSansDisplay.ttf', name='DejaVu Sans Display', style='normal', variant='normal', weight=400, stretch='normal', size='scalable')) = 10.05
2024-04-19 11:12:17,156 - matplotlib.font_manager - DEBUG - findfont: score(FontEntry(fname='D:\\anaconda3\\envs\\cpf\\lib\\site-packages\\matplotlib\\mpl-data\\fonts\\ttf\\DejaVuSansMono-Bold.ttf', name='DejaVu Sans Mono', style='normal', variant='normal', weight=700, stretch='normal', size='scalable')) = 10.335
2024-04-19 11:12:17,156 - matplotlib.font_manager - DEBUG - findfont: score(FontEntry(fname='D:\\anaconda3\\envs\\cpf\\lib\\site-packages\\matplotlib\\mpl-data\\fonts\\ttf\\DejaVuSans-Bold.ttf', name='DejaVu Sans', style='normal', variant='normal', weight=700, stretch='normal', size='scalable')) = 0.33499999999999996
2024-04-19 11:12:17,157 - matplotlib.font_manager - DEBUG - findfont: score(FontEntry(fname='D:\\anaconda3\\envs\\cpf\\lib\\site-packages\\matplotlib\\mpl-data\\fonts\\ttf\\cmtt10.ttf', name='cmtt10', style='normal', variant='normal', weight=400, stretch='normal', size='scalable')) = 10.05
2024-04-19 11:12:17,157 - matplotlib.font_manager - DEBUG - findfont: score(FontEntry(fname='D:\\anaconda3\\envs\\cpf\\lib\\site-packages\\matplotlib\\mpl-data\\fonts\\ttf\\DejaVuSerif-BoldItalic.ttf', name='DejaVu Serif', style='italic', variant='normal', weight=700, stretch='normal', size='scalable')) = 11.335
2024-04-19 11:12:17,157 - matplotlib.font_manager - DEBUG - findfont: score(FontEntry(fname='D:\\anaconda3\\envs\\cpf\\lib\\site-packages\\matplotlib\\mpl-data\\fonts\\ttf\\DejaVuSansMono.ttf', name='DejaVu Sans Mono', style='normal', variant='normal', weight=400, stretch='normal', size='scalable')) = 10.05
2024-04-19 11:12:17,158 - matplotlib.font_manager - DEBUG - findfont: score(FontEntry(fname='D:\\anaconda3\\envs\\cpf\\lib\\site-packages\\matplotlib\\mpl-data\\fonts\\ttf\\cmb10.ttf', name='cmb10', style='normal', variant='normal', weight=400, stretch='normal', size='scalable')) = 10.05
2024-04-19 11:12:17,158 - matplotlib.font_manager - DEBUG - findfont: score(FontEntry(fname='D:\\anaconda3\\envs\\cpf\\lib\\site-packages\\matplotlib\\mpl-data\\fonts\\ttf\\cmsy10.ttf', name='cmsy10', style='normal', variant='normal', weight=400, stretch='normal', size='scalable')) = 10.05
2024-04-19 11:12:17,158 - matplotlib.font_manager - DEBUG - findfont: score(FontEntry(fname='D:\\anaconda3\\envs\\cpf\\lib\\site-packages\\matplotlib\\mpl-data\\fonts\\ttf\\DejaVuSansMono-BoldOblique.ttf', name='DejaVu Sans Mono', style='oblique', variant='normal', weight=700, stretch='normal', size='scalable')) = 11.335
2024-04-19 11:12:17,159 - matplotlib.font_manager - DEBUG - findfont: score(FontEntry(fname='D:\\anaconda3\\envs\\cpf\\lib\\site-packages\\matplotlib\\mpl-data\\fonts\\ttf\\STIXSizOneSymReg.ttf', name='STIXSizeOneSym', style='normal', variant='normal', weight=400, stretch='normal', size='scalable')) = 10.05
2024-04-19 11:12:17,159 - matplotlib.font_manager - DEBUG - findfont: score(FontEntry(fname='D:\\anaconda3\\envs\\cpf\\lib\\site-packages\\matplotlib\\mpl-data\\fonts\\ttf\\DejaVuSans.ttf', name='DejaVu Sans', style='normal', variant='normal', weight=400, stretch='normal', size='scalable')) = 0.05
2024-04-19 11:12:17,160 - matplotlib.font_manager - DEBUG - findfont: score(FontEntry(fname='D:\\anaconda3\\envs\\cpf\\lib\\site-packages\\matplotlib\\mpl-data\\fonts\\ttf\\STIXSizTwoSymReg.ttf', name='STIXSizeTwoSym', style='normal', variant='normal', weight=400, stretch='normal', size='scalable')) = 10.05
2024-04-19 11:12:17,160 - matplotlib.font_manager - DEBUG - findfont: score(FontEntry(fname='D:\\anaconda3\\envs\\cpf\\lib\\site-packages\\matplotlib\\mpl-data\\fonts\\ttf\\STIXSizFourSymReg.ttf', name='STIXSizeFourSym', style='normal', variant='normal', weight=400, stretch='normal', size='scalable')) = 10.05
2024-04-19 11:12:17,160 - matplotlib.font_manager - DEBUG - findfont: score(FontEntry(fname='D:\\anaconda3\\envs\\cpf\\lib\\site-packages\\matplotlib\\mpl-data\\fonts\\ttf\\cmss10.ttf', name='cmss10', style='normal', variant='normal', weight=400, stretch='normal', size='scalable')) = 10.05
2024-04-19 11:12:17,160 - matplotlib.font_manager - DEBUG - findfont: score(FontEntry(fname='D:\\anaconda3\\envs\\cpf\\lib\\site-packages\\matplotlib\\mpl-data\\fonts\\ttf\\STIXNonUniIta.ttf', name='STIXNonUnicode', style='italic', variant='normal', weight=400, stretch='normal', size='scalable')) = 11.05
2024-04-19 11:12:17,161 - matplotlib.font_manager - DEBUG - findfont: score(FontEntry(fname='D:\\anaconda3\\envs\\cpf\\lib\\site-packages\\matplotlib\\mpl-data\\fonts\\ttf\\STIXSizFourSymBol.ttf', name='STIXSizeFourSym', style='normal', variant='normal', weight=700, stretch='normal', size='scalable')) = 10.335
2024-04-19 11:12:17,161 - matplotlib.font_manager - DEBUG - findfont: score(FontEntry(fname='D:\\anaconda3\\envs\\cpf\\lib\\site-packages\\matplotlib\\mpl-data\\fonts\\ttf\\cmex10.ttf', name='cmex10', style='normal', variant='normal', weight=400, stretch='normal', size='scalable')) = 10.05
2024-04-19 11:12:17,161 - matplotlib.font_manager - DEBUG - findfont: score(FontEntry(fname='D:\\anaconda3\\envs\\cpf\\lib\\site-packages\\matplotlib\\mpl-data\\fonts\\ttf\\cmr10.ttf', name='cmr10', style='normal', variant='normal', weight=400, stretch='normal', size='scalable')) = 10.05
2024-04-19 11:12:17,161 - matplotlib.font_manager - DEBUG - findfont: score(FontEntry(fname='D:\\anaconda3\\envs\\cpf\\lib\\site-packages\\matplotlib\\mpl-data\\fonts\\ttf\\DejaVuSans-BoldOblique.ttf', name='DejaVu Sans', style='oblique', variant='normal', weight=700, stretch='normal', size='scalable')) = 1.335
2024-04-19 11:12:17,162 - matplotlib.font_manager - DEBUG - findfont: score(FontEntry(fname='D:\\anaconda3\\envs\\cpf\\lib\\site-packages\\matplotlib\\mpl-data\\fonts\\ttf\\STIXGeneralBolIta.ttf', name='STIXGeneral', style='italic', variant='normal', weight=700, stretch='normal', size='scalable')) = 11.335
2024-04-19 11:12:17,162 - matplotlib.font_manager - DEBUG - findfont: score(FontEntry(fname='D:\\anaconda3\\envs\\cpf\\lib\\site-packages\\matplotlib\\mpl-data\\fonts\\ttf\\DejaVuSans-Oblique.ttf', name='DejaVu Sans', style='oblique', variant='normal', weight=400, stretch='normal', size='scalable')) = 1.05
2024-04-19 11:12:17,162 - matplotlib.font_manager - DEBUG - findfont: score(FontEntry(fname='D:\\anaconda3\\envs\\cpf\\lib\\site-packages\\matplotlib\\mpl-data\\fonts\\ttf\\DejaVuSerifDisplay.ttf', name='DejaVu Serif Display', style='normal', variant='normal', weight=400, stretch='normal', size='scalable')) = 10.05
2024-04-19 11:12:17,163 - matplotlib.font_manager - DEBUG - findfont: score(FontEntry(fname='D:\\anaconda3\\envs\\cpf\\lib\\site-packages\\matplotlib\\mpl-data\\fonts\\ttf\\STIXSizThreeSymBol.ttf', name='STIXSizeThreeSym', style='normal', variant='normal', weight=700, stretch='normal', size='scalable')) = 10.335
2024-04-19 11:12:17,163 - matplotlib.font_manager - DEBUG - findfont: score(FontEntry(fname='D:\\anaconda3\\envs\\cpf\\lib\\site-packages\\matplotlib\\mpl-data\\fonts\\ttf\\DejaVuSansMono-Oblique.ttf', name='DejaVu Sans Mono', style='oblique', variant='normal', weight=400, stretch='normal', size='scalable')) = 11.05
2024-04-19 11:12:17,163 - matplotlib.font_manager - DEBUG - findfont: score(FontEntry(fname='D:\\anaconda3\\envs\\cpf\\lib\\site-packages\\matplotlib\\mpl-data\\fonts\\ttf\\STIXNonUniBol.ttf', name='STIXNonUnicode', style='normal', variant='normal', weight=700, stretch='normal', size='scalable')) = 10.335
2024-04-19 11:12:17,164 - matplotlib.font_manager - DEBUG - findfont: score(FontEntry(fname='D:\\anaconda3\\envs\\cpf\\lib\\site-packages\\matplotlib\\mpl-data\\fonts\\ttf\\DejaVuSerif-Bold.ttf', name='DejaVu Serif', style='normal', variant='normal', weight=700, stretch='normal', size='scalable')) = 10.335
2024-04-19 11:12:17,164 - matplotlib.font_manager - DEBUG - findfont: score(FontEntry(fname='D:\\anaconda3\\envs\\cpf\\lib\\site-packages\\matplotlib\\mpl-data\\fonts\\ttf\\STIXNonUniBolIta.ttf', name='STIXNonUnicode', style='italic', variant='normal', weight=700, stretch='normal', size='scalable')) = 11.335
2024-04-19 11:12:17,164 - matplotlib.font_manager - DEBUG - findfont: score(FontEntry(fname='D:\\anaconda3\\envs\\cpf\\lib\\site-packages\\matplotlib\\mpl-data\\fonts\\ttf\\STIXSizTwoSymBol.ttf', name='STIXSizeTwoSym', style='normal', variant='normal', weight=700, stretch='normal', size='scalable')) = 10.335
2024-04-19 11:12:17,164 - matplotlib.font_manager - DEBUG - findfont: score(FontEntry(fname='D:\\anaconda3\\envs\\cpf\\lib\\site-packages\\matplotlib\\mpl-data\\fonts\\ttf\\DejaVuSerif-Italic.ttf', name='DejaVu Serif', style='italic', variant='normal', weight=400, stretch='normal', size='scalable')) = 11.05
2024-04-19 11:12:17,165 - matplotlib.font_manager - DEBUG - findfont: score(FontEntry(fname='D:\\anaconda3\\envs\\cpf\\lib\\site-packages\\matplotlib\\mpl-data\\fonts\\ttf\\STIXGeneralBol.ttf', name='STIXGeneral', style='normal', variant='normal', weight=700, stretch='normal', size='scalable')) = 10.335
2024-04-19 11:12:17,165 - matplotlib.font_manager - DEBUG - findfont: score(FontEntry(fname='D:\\anaconda3\\envs\\cpf\\lib\\site-packages\\matplotlib\\mpl-data\\fonts\\ttf\\STIXNonUni.ttf', name='STIXNonUnicode', style='normal', variant='normal', weight=400, stretch='normal', size='scalable')) = 10.05
2024-04-19 11:12:17,165 - matplotlib.font_manager - DEBUG - findfont: score(FontEntry(fname='D:\\anaconda3\\envs\\cpf\\lib\\site-packages\\matplotlib\\mpl-data\\fonts\\ttf\\cmmi10.ttf', name='cmmi10', style='normal', variant='normal', weight=400, stretch='normal', size='scalable')) = 10.05
2024-04-19 11:12:17,165 - matplotlib.font_manager - DEBUG - findfont: score(FontEntry(fname='C:\\Windows\\Fonts\\seguiemj.ttf', name='Segoe UI Emoji', style='normal', variant='normal', weight=400, stretch='normal', size='scalable')) = 10.05
2024-04-19 11:12:17,166 - matplotlib.font_manager - DEBUG - findfont: score(FontEntry(fname='C:\\Windows\\Fonts\\arial.ttf', name='Arial', style='normal', variant='normal', weight=400, stretch='normal', size='scalable')) = 6.413636363636363
2024-04-19 11:12:17,166 - matplotlib.font_manager - DEBUG - findfont: score(FontEntry(fname='C:\\Windows\\Fonts\\tahoma.ttf', name='Tahoma', style='normal', variant='normal', weight=400, stretch='normal', size='scalable')) = 10.05
2024-04-19 11:12:17,166 - matplotlib.font_manager - DEBUG - findfont: score(FontEntry(fname='C:\\Windows\\Fonts\\cambriaz.ttf', name='Cambria', style='italic', variant='normal', weight=700, stretch='normal', size='scalable')) = 11.335
2024-04-19 11:12:17,166 - matplotlib.font_manager - DEBUG - findfont: score(FontEntry(fname='C:\\Windows\\Fonts\\seguisym.ttf', name='Segoe UI Symbol', style='normal', variant='normal', weight=400, stretch='normal', size='scalable')) = 10.05
2024-04-19 11:12:17,167 - matplotlib.font_manager - DEBUG - findfont: score(FontEntry(fname='C:\\Windows\\Fonts\\malgunsl.ttf', name='Malgun Gothic', style='normal', variant='normal', weight=300, stretch='normal', size='scalable')) = 10.145
2024-04-19 11:12:17,167 - matplotlib.font_manager - DEBUG - findfont: score(FontEntry(fname='C:\\Windows\\Fonts\\constani.ttf', name='Constantia', style='italic', variant='normal', weight=400, stretch='normal', size='scalable')) = 11.05
2024-04-19 11:12:17,167 - matplotlib.font_manager - DEBUG - findfont: score(FontEntry(fname='C:\\Windows\\Fonts\\malgunbd.ttf', name='Malgun Gothic', style='normal', variant='normal', weight=700, stretch='normal', size='scalable')) = 10.335
2024-04-19 11:12:17,167 - matplotlib.font_manager - DEBUG - findfont: score(FontEntry(fname='C:\\Windows\\Fonts\\YuGothB.ttc', name='Yu Gothic', style='normal', variant='normal', weight=700, stretch='normal', size='scalable')) = 10.335
2024-04-19 11:12:17,168 - matplotlib.font_manager - DEBUG - findfont: score(FontEntry(fname='C:\\Windows\\Fonts\\georgia.ttf', name='Georgia', style='normal', variant='normal', weight=400, stretch='normal', size='scalable')) = 10.05
2024-04-19 11:12:17,168 - matplotlib.font_manager - DEBUG - findfont: score(FontEntry(fname='C:\\Windows\\Fonts\\calibril.ttf', name='Calibri', style='normal', variant='normal', weight=300, stretch='normal', size='scalable')) = 10.145
2024-04-19 11:12:17,168 - matplotlib.font_manager - DEBUG - findfont: score(FontEntry(fname='C:\\Windows\\Fonts\\georgiaz.ttf', name='Georgia', style='italic', variant='normal', weight=700, stretch='normal', size='scalable')) = 11.335
2024-04-19 11:12:17,169 - matplotlib.font_manager - DEBUG - findfont: score(FontEntry(fname='C:\\Windows\\Fonts\\arialbd.ttf', name='Arial', style='normal', variant='normal', weight=700, stretch='normal', size='scalable')) = 6.698636363636363
2024-04-19 11:12:17,169 - matplotlib.font_manager - DEBUG - findfont: score(FontEntry(fname='C:\\Windows\\Fonts\\LeelUIsl.ttf', name='Leelawadee UI', style='normal', variant='normal', weight=350, stretch='normal', size='scalable')) = 10.0975
2024-04-19 11:12:17,169 - matplotlib.font_manager - DEBUG - findfont: score(FontEntry(fname='C:\\Windows\\Fonts\\georgiab.ttf', name='Georgia', style='normal', variant='normal', weight=700, stretch='normal', size='scalable')) = 10.335
2024-04-19 11:12:17,170 - matplotlib.font_manager - DEBUG - findfont: score(FontEntry(fname='C:\\Windows\\Fonts\\timesbd.ttf', name='Times New Roman', style='normal', variant='normal', weight=700, stretch='normal', size='scalable')) = 10.335
2024-04-19 11:12:17,170 - matplotlib.font_manager - DEBUG - findfont: score(FontEntry(fname='C:\\Windows\\Fonts\\Nirmala.ttf', name='Nirmala UI', style='normal', variant='normal', weight=400, stretch='normal', size='scalable')) = 10.05
2024-04-19 11:12:17,170 - matplotlib.font_manager - DEBUG - findfont: score(FontEntry(fname='C:\\Windows\\Fonts\\ebrimabd.ttf', name='Ebrima', style='normal', variant='normal', weight=700, stretch='normal', size='scalable')) = 10.335
2024-04-19 11:12:17,170 - matplotlib.font_manager - DEBUG - findfont: score(FontEntry(fname='C:\\Windows\\Fonts\\webdings.ttf', name='Webdings', style='normal', variant='normal', weight=400, stretch='normal', size='scalable')) = 10.05
2024-04-19 11:12:17,171 - matplotlib.font_manager - DEBUG - findfont: score(FontEntry(fname='C:\\Windows\\Fonts\\arialbi.ttf', name='Arial', style='italic', variant='normal', weight=700, stretch='normal', size='scalable')) = 7.698636363636363
2024-04-19 11:12:17,171 - matplotlib.font_manager - DEBUG - findfont: score(FontEntry(fname='C:\\Windows\\Fonts\\simsun.ttc', name='SimSun', style='normal', variant='normal', weight=400, stretch='normal', size='scalable')) = 10.05
2024-04-19 11:12:17,171 - matplotlib.font_manager - DEBUG - findfont: score(FontEntry(fname='C:\\Windows\\Fonts\\palabi.ttf', name='Palatino Linotype', style='italic', variant='normal', weight=700, stretch='normal', size='scalable')) = 11.335
2024-04-19 11:12:17,172 - matplotlib.font_manager - DEBUG - findfont: score(FontEntry(fname='C:\\Windows\\Fonts\\segoeuii.ttf', name='Segoe UI', style='italic', variant='normal', weight=400, stretch='normal', size='scalable')) = 11.05
2024-04-19 11:12:17,172 - matplotlib.font_manager - DEBUG - findfont: score(FontEntry(fname='C:\\Windows\\Fonts\\javatext.ttf', name='Javanese Text', style='normal', variant='normal', weight=400, stretch='normal', size='scalable')) = 10.05
2024-04-19 11:12:17,172 - matplotlib.font_manager - DEBUG - findfont: score(FontEntry(fname='C:\\Windows\\Fonts\\ntailub.ttf', name='Microsoft New Tai Lue', style='normal', variant='normal', weight=700, stretch='normal', size='scalable')) = 10.335
2024-04-19 11:12:17,172 - matplotlib.font_manager - DEBUG - findfont: score(FontEntry(fname='C:\\Windows\\Fonts\\calibrili.ttf', name='Calibri', style='italic', variant='normal', weight=300, stretch='normal', size='scalable')) = 11.145
2024-04-19 11:12:17,172 - matplotlib.font_manager - DEBUG - findfont: score(FontEntry(fname='C:\\Windows\\Fonts\\pala.ttf', name='Palatino Linotype', style='normal', variant='normal', weight=400, stretch='normal', size='scalable')) = 10.05
2024-04-19 11:12:17,173 - matplotlib.font_manager - DEBUG - findfont: score(FontEntry(fname='C:\\Windows\\Fonts\\Inkfree.ttf', name='Ink Free', style='normal', variant='normal', weight=400, stretch='normal', size='scalable')) = 10.05
2024-04-19 11:12:17,173 - matplotlib.font_manager - DEBUG - findfont: score(FontEntry(fname='C:\\Windows\\Fonts\\courbi.ttf', name='Courier New', style='italic', variant='normal', weight=700, stretch='normal', size='scalable')) = 11.335
2024-04-19 11:12:17,173 - matplotlib.font_manager - DEBUG - findfont: score(FontEntry(fname='C:\\Windows\\Fonts\\Sitka.ttc', name='Sitka Small', style='normal', variant='normal', weight=400, stretch='normal', size='scalable')) = 10.05
2024-04-19 11:12:17,174 - matplotlib.font_manager - DEBUG - findfont: score(FontEntry(fname='C:\\Windows\\Fonts\\YuGothR.ttc', name='Yu Gothic', style='normal', variant='normal', weight=400, stretch='normal', size='scalable')) = 10.05
2024-04-19 11:12:17,174 - matplotlib.font_manager - DEBUG - findfont: score(FontEntry(fname='C:\\Windows\\Fonts\\Candaraz.ttf', name='Candara', style='italic', variant='normal', weight=700, stretch='normal', size='scalable')) = 11.335
2024-04-19 11:12:17,174 - matplotlib.font_manager - DEBUG - findfont: score(FontEntry(fname='C:\\Windows\\Fonts\\msyhl.ttc', name='Microsoft YaHei', style='normal', variant='normal', weight=290, stretch='normal', size='scalable')) = 10.1545
2024-04-19 11:12:17,174 - matplotlib.font_manager - DEBUG - findfont: score(FontEntry(fname='C:\\Windows\\Fonts\\segoeuiz.ttf', name='Segoe UI', style='italic', variant='normal', weight=700, stretch='normal', size='scalable')) = 11.335
2024-04-19 11:12:17,175 - matplotlib.font_manager - DEBUG - findfont: score(FontEntry(fname='C:\\Windows\\Fonts\\calibriz.ttf', name='Calibri', style='italic', variant='normal', weight=700, stretch='normal', size='scalable')) = 11.335
2024-04-19 11:12:17,175 - matplotlib.font_manager - DEBUG - findfont: score(FontEntry(fname='C:\\Windows\\Fonts\\Candara.ttf', name='Candara', style='normal', variant='normal', weight=400, stretch='normal', size='scalable')) = 10.05
2024-04-19 11:12:17,175 - matplotlib.font_manager - DEBUG - findfont: score(FontEntry(fname='C:\\Windows\\Fonts\\tahomabd.ttf', name='Tahoma', style='normal', variant='normal', weight=700, stretch='normal', size='scalable')) = 10.335
2024-04-19 11:12:17,175 - matplotlib.font_manager - DEBUG - findfont: score(FontEntry(fname='C:\\Windows\\Fonts\\NirmalaS.ttf', name='Nirmala UI', style='normal', variant='normal', weight=350, stretch='normal', size='scalable')) = 10.0975
2024-04-19 11:12:17,175 - matplotlib.font_manager - DEBUG - findfont: score(FontEntry(fname='C:\\Windows\\Fonts\\ariali.ttf', name='Arial', style='italic', variant='normal', weight=400, stretch='normal', size='scalable')) = 7.413636363636363
2024-04-19 11:12:17,176 - matplotlib.font_manager - DEBUG - findfont: score(FontEntry(fname='C:\\Windows\\Fonts\\comic.ttf', name='Comic Sans MS', style='normal', variant='normal', weight=400, stretch='normal', size='scalable')) = 10.05
2024-04-19 11:12:17,176 - matplotlib.font_manager - DEBUG - findfont: score(FontEntry(fname='C:\\Windows\\Fonts\\NirmalaB.ttf', name='Nirmala UI', style='normal', variant='normal', weight=700, stretch='normal', size='scalable')) = 10.335
2024-04-19 11:12:17,176 - matplotlib.font_manager - DEBUG - findfont: score(FontEntry(fname='C:\\Windows\\Fonts\\seguisli.ttf', name='Segoe UI', style='italic', variant='normal', weight=350, stretch='normal', size='scalable')) = 11.0975
2024-04-19 11:12:17,176 - matplotlib.font_manager - DEBUG - findfont: score(FontEntry(fname='C:\\Windows\\Fonts\\times.ttf', name='Times New Roman', style='normal', variant='normal', weight=400, stretch='normal', size='scalable')) = 10.05
2024-04-19 11:12:17,177 - matplotlib.font_manager - DEBUG - findfont: score(FontEntry(fname='C:\\Windows\\Fonts\\symbol.ttf', name='Symbol', style='normal', variant='normal', weight=400, stretch='normal', size='scalable')) = 10.05
2024-04-19 11:12:17,177 - matplotlib.font_manager - DEBUG - findfont: score(FontEntry(fname='C:\\Windows\\Fonts\\SitkaZ.ttc', name='Sitka Small', style='italic', variant='normal', weight=700, stretch='normal', size='scalable')) = 11.335
2024-04-19 11:12:17,177 - matplotlib.font_manager - DEBUG - findfont: score(FontEntry(fname='C:\\Windows\\Fonts\\LeelawUI.ttf', name='Leelawadee UI', style='normal', variant='normal', weight=400, stretch='normal', size='scalable')) = 10.05
2024-04-19 11:12:17,177 - matplotlib.font_manager - DEBUG - findfont: score(FontEntry(fname='C:\\Windows\\Fonts\\courbd.ttf', name='Courier New', style='normal', variant='normal', weight=700, stretch='normal', size='scalable')) = 10.335
2024-04-19 11:12:17,177 - matplotlib.font_manager - DEBUG - findfont: score(FontEntry(fname='C:\\Windows\\Fonts\\seguihis.ttf', name='Segoe UI Historic', style='normal', variant='normal', weight=400, stretch='normal', size='scalable')) = 10.05
2024-04-19 11:12:17,178 - matplotlib.font_manager - DEBUG - findfont: score(FontEntry(fname='C:\\Windows\\Fonts\\ntailu.ttf', name='Microsoft New Tai Lue', style='normal', variant='normal', weight=400, stretch='normal', size='scalable')) = 10.05
2024-04-19 11:12:17,178 - matplotlib.font_manager - DEBUG - findfont: score(FontEntry(fname='C:\\Windows\\Fonts\\seguibl.ttf', name='Segoe UI', style='normal', variant='normal', weight=900, stretch='normal', size='scalable')) = 10.525
2024-04-19 11:12:17,178 - matplotlib.font_manager - DEBUG - findfont: score(FontEntry(fname='C:\\Windows\\Fonts\\consolai.ttf', name='Consolas', style='italic', variant='normal', weight=400, stretch='normal', size='scalable')) = 11.05
2024-04-19 11:12:17,178 - matplotlib.font_manager - DEBUG - findfont: score(FontEntry(fname='C:\\Windows\\Fonts\\msjhbd.ttc', name='Microsoft JhengHei', style='normal', variant='normal', weight=700, stretch='normal', size='scalable')) = 10.335
2024-04-19 11:12:17,179 - matplotlib.font_manager - DEBUG - findfont: score(FontEntry(fname='C:\\Windows\\Fonts\\monbaiti.ttf', name='Mongolian Baiti', style='normal', variant='normal', weight=400, stretch='normal', size='scalable')) = 10.05
2024-04-19 11:12:17,179 - matplotlib.font_manager - DEBUG - findfont: score(FontEntry(fname='C:\\Windows\\Fonts\\Deng.ttf', name='DengXian', style='normal', variant='normal', weight=400, stretch='normal', size='scalable')) = 10.05
2024-04-19 11:12:17,179 - matplotlib.font_manager - DEBUG - findfont: score(FontEntry(fname='C:\\Windows\\Fonts\\georgiai.ttf', name='Georgia', style='italic', variant='normal', weight=400, stretch='normal', size='scalable')) = 11.05
2024-04-19 11:12:17,179 - matplotlib.font_manager - DEBUG - findfont: score(FontEntry(fname='C:\\Windows\\Fonts\\holomdl2.ttf', name='HoloLens MDL2 Assets', style='normal', variant='normal', weight=400, stretch='normal', size='scalable')) = 10.05
2024-04-19 11:12:17,180 - matplotlib.font_manager - DEBUG - findfont: score(FontEntry(fname='C:\\Windows\\Fonts\\Gabriola.ttf', name='Gabriola', style='normal', variant='normal', weight=400, stretch='normal', size='scalable')) = 10.05
2024-04-19 11:12:17,180 - matplotlib.font_manager - DEBUG - findfont: score(FontEntry(fname='C:\\Windows\\Fonts\\sylfaen.ttf', name='Sylfaen', style='normal', variant='normal', weight=400, stretch='normal', size='scalable')) = 10.05
2024-04-19 11:12:17,180 - matplotlib.font_manager - DEBUG - findfont: score(FontEntry(fname='C:\\Windows\\Fonts\\mvboli.ttf', name='MV Boli', style='normal', variant='normal', weight=400, stretch='normal', size='scalable')) = 10.05
2024-04-19 11:12:17,180 - matplotlib.font_manager - DEBUG - findfont: score(FontEntry(fname='C:\\Windows\\Fonts\\couri.ttf', name='Courier New', style='italic', variant='normal', weight=400, stretch='normal', size='scalable')) = 11.05
2024-04-19 11:12:17,181 - matplotlib.font_manager - DEBUG - findfont: score(FontEntry(fname='C:\\Windows\\Fonts\\segoeui.ttf', name='Segoe UI', style='normal', variant='normal', weight=400, stretch='normal', size='scalable')) = 10.05
2024-04-19 11:12:17,181 - matplotlib.font_manager - DEBUG - findfont: score(FontEntry(fname='C:\\Windows\\Fonts\\taileb.ttf', name='Microsoft Tai Le', style='normal', variant='normal', weight=700, stretch='normal', size='scalable')) = 10.335
2024-04-19 11:12:17,181 - matplotlib.font_manager - DEBUG - findfont: score(FontEntry(fname='C:\\Windows\\Fonts\\segoeuib.ttf', name='Segoe UI', style='normal', variant='normal', weight=700, stretch='normal', size='scalable')) = 10.335
2024-04-19 11:12:17,181 - matplotlib.font_manager - DEBUG - findfont: score(FontEntry(fname='C:\\Windows\\Fonts\\LeelaUIb.ttf', name='Leelawadee UI', style='normal', variant='normal', weight=700, stretch='normal', size='scalable')) = 10.335
2024-04-19 11:12:17,181 - matplotlib.font_manager - DEBUG - findfont: score(FontEntry(fname='C:\\Windows\\Fonts\\consolab.ttf', name='Consolas', style='normal', variant='normal', weight=700, stretch='normal', size='scalable')) = 10.335
2024-04-19 11:12:17,182 - matplotlib.font_manager - DEBUG - findfont: score(FontEntry(fname='C:\\Windows\\Fonts\\trebuc.ttf', name='Trebuchet MS', style='normal', variant='normal', weight=400, stretch='normal', size='scalable')) = 10.05
2024-04-19 11:12:17,182 - matplotlib.font_manager - DEBUG - findfont: score(FontEntry(fname='C:\\Windows\\Fonts\\micross.ttf', name='Microsoft Sans Serif', style='normal', variant='normal', weight=400, stretch='normal', size='scalable')) = 10.05
2024-04-19 11:12:17,182 - matplotlib.font_manager - DEBUG - findfont: score(FontEntry(fname='C:\\Windows\\Fonts\\msyh.ttc', name='Microsoft YaHei', style='normal', variant='normal', weight=400, stretch='normal', size='scalable')) = 10.05
2024-04-19 11:12:17,182 - matplotlib.font_manager - DEBUG - findfont: score(FontEntry(fname='C:\\Windows\\Fonts\\segoesc.ttf', name='Segoe Script', style='normal', variant='normal', weight=400, stretch='normal', size='scalable')) = 10.05
2024-04-19 11:12:17,183 - matplotlib.font_manager - DEBUG - findfont: score(FontEntry(fname='C:\\Windows\\Fonts\\trebucbd.ttf', name='Trebuchet MS', style='normal', variant='normal', weight=700, stretch='normal', size='scalable')) = 10.335
2024-04-19 11:12:17,183 - matplotlib.font_manager - DEBUG - findfont: score(FontEntry(fname='C:\\Windows\\Fonts\\corbelz.ttf', name='Corbel', style='italic', variant='normal', weight=700, stretch='normal', size='scalable')) = 11.335
2024-04-19 11:12:17,183 - matplotlib.font_manager - DEBUG - findfont: score(FontEntry(fname='C:\\Windows\\Fonts\\msgothic.ttc', name='MS Gothic', style='normal', variant='normal', weight=400, stretch='normal', size='scalable')) = 10.05
2024-04-19 11:12:17,183 - matplotlib.font_manager - DEBUG - findfont: score(FontEntry(fname='C:\\Windows\\Fonts\\consola.ttf', name='Consolas', style='normal', variant='normal', weight=400, stretch='normal', size='scalable')) = 10.05
2024-04-19 11:12:17,184 - matplotlib.font_manager - DEBUG - findfont: score(FontEntry(fname='C:\\Windows\\Fonts\\verdanab.ttf', name='Verdana', style='normal', variant='normal', weight=700, stretch='normal', size='scalable')) = 3.9713636363636367
2024-04-19 11:12:17,184 - matplotlib.font_manager - DEBUG - findfont: score(FontEntry(fname='C:\\Windows\\Fonts\\timesi.ttf', name='Times New Roman', style='italic', variant='normal', weight=400, stretch='normal', size='scalable')) = 11.05
2024-04-19 11:12:17,184 - matplotlib.font_manager - DEBUG - findfont: score(FontEntry(fname='C:\\Windows\\Fonts\\msjh.ttc', name='Microsoft JhengHei', style='normal', variant='normal', weight=400, stretch='normal', size='scalable')) = 10.05
2024-04-19 11:12:17,185 - matplotlib.font_manager - DEBUG - findfont: score(FontEntry(fname='C:\\Windows\\Fonts\\mmrtext.ttf', name='Myanmar Text', style='normal', variant='normal', weight=400, stretch='normal', size='scalable')) = 10.05
2024-04-19 11:12:17,185 - matplotlib.font_manager - DEBUG - findfont: score(FontEntry(fname='C:\\Windows\\Fonts\\bahnschrift.ttf', name='Bahnschrift', style='normal', variant='normal', weight=400, stretch='normal', size='scalable')) = 10.05
2024-04-19 11:12:17,185 - matplotlib.font_manager - DEBUG - findfont: score(FontEntry(fname='C:\\Windows\\Fonts\\corbel.ttf', name='Corbel', style='normal', variant='normal', weight=400, stretch='normal', size='scalable')) = 10.05
2024-04-19 11:12:17,186 - matplotlib.font_manager - DEBUG - findfont: score(FontEntry(fname='C:\\Windows\\Fonts\\comicbd.ttf', name='Comic Sans MS', style='normal', variant='normal', weight=700, stretch='normal', size='scalable')) = 10.335
2024-04-19 11:12:17,186 - matplotlib.font_manager - DEBUG - findfont: score(FontEntry(fname='C:\\Windows\\Fonts\\calibrii.ttf', name='Calibri', style='italic', variant='normal', weight=400, stretch='normal', size='scalable')) = 11.05
2024-04-19 11:12:17,186 - matplotlib.font_manager - DEBUG - findfont: score(FontEntry(fname='C:\\Windows\\Fonts\\msyhbd.ttc', name='Microsoft YaHei', style='normal', variant='normal', weight=700, stretch='normal', size='scalable')) = 10.335
2024-04-19 11:12:17,186 - matplotlib.font_manager - DEBUG - findfont: score(FontEntry(fname='C:\\Windows\\Fonts\\comicz.ttf', name='Comic Sans MS', style='italic', variant='normal', weight=700, stretch='normal', size='scalable')) = 11.335
2024-04-19 11:12:17,187 - matplotlib.font_manager - DEBUG - findfont: score(FontEntry(fname='C:\\Windows\\Fonts\\l_10646.ttf', name='Lucida Sans Unicode', style='normal', variant='normal', weight=400, stretch='normal', size='scalable')) = 10.05
2024-04-19 11:12:17,187 - matplotlib.font_manager - DEBUG - findfont: score(FontEntry(fname='C:\\Windows\\Fonts\\msjhl.ttc', name='Microsoft JhengHei', style='normal', variant='normal', weight=290, stretch='normal', size='scalable')) = 10.1545
2024-04-19 11:12:17,187 - matplotlib.font_manager - DEBUG - findfont: score(FontEntry(fname='C:\\Windows\\Fonts\\simhei.ttf', name='SimHei', style='normal', variant='normal', weight=400, stretch='normal', size='scalable')) = 10.05
2024-04-19 11:12:17,187 - matplotlib.font_manager - DEBUG - findfont: score(FontEntry(fname='C:\\Windows\\Fonts\\Candaral.ttf', name='Candara', style='normal', variant='normal', weight=400, stretch='normal', size='scalable')) = 10.05
2024-04-19 11:12:17,188 - matplotlib.font_manager - DEBUG - findfont: score(FontEntry(fname='C:\\Windows\\Fonts\\comici.ttf', name='Comic Sans MS', style='italic', variant='normal', weight=400, stretch='normal', size='scalable')) = 11.05
2024-04-19 11:12:17,188 - matplotlib.font_manager - DEBUG - findfont: score(FontEntry(fname='C:\\Windows\\Fonts\\impact.ttf', name='Impact', style='normal', variant='normal', weight=400, stretch='normal', size='scalable')) = 10.05
2024-04-19 11:12:17,188 - matplotlib.font_manager - DEBUG - findfont: score(FontEntry(fname='C:\\Windows\\Fonts\\trebucit.ttf', name='Trebuchet MS', style='italic', variant='normal', weight=400, stretch='normal', size='scalable')) = 11.05
2024-04-19 11:12:17,188 - matplotlib.font_manager - DEBUG - findfont: score(FontEntry(fname='C:\\Windows\\Fonts\\cambriai.ttf', name='Cambria', style='italic', variant='normal', weight=400, stretch='normal', size='scalable')) = 11.05
2024-04-19 11:12:17,189 - matplotlib.font_manager - DEBUG - findfont: score(FontEntry(fname='C:\\Windows\\Fonts\\trebucbi.ttf', name='Trebuchet MS', style='italic', variant='normal', weight=700, stretch='normal', size='scalable')) = 11.335
2024-04-19 11:12:17,189 - matplotlib.font_manager - DEBUG - findfont: score(FontEntry(fname='C:\\Windows\\Fonts\\corbelb.ttf', name='Corbel', style='normal', variant='normal', weight=700, stretch='normal', size='scalable')) = 10.335
2024-04-19 11:12:17,189 - matplotlib.font_manager - DEBUG - findfont: score(FontEntry(fname='C:\\Windows\\Fonts\\calibrib.ttf', name='Calibri', style='normal', variant='normal', weight=700, stretch='normal', size='scalable')) = 10.335
2024-04-19 11:12:17,189 - matplotlib.font_manager - DEBUG - findfont: score(FontEntry(fname='C:\\Windows\\Fonts\\calibri.ttf', name='Calibri', style='normal', variant='normal', weight=400, stretch='normal', size='scalable')) = 10.05
2024-04-19 11:12:17,190 - matplotlib.font_manager - DEBUG - findfont: score(FontEntry(fname='C:\\Windows\\Fonts\\seguisb.ttf', name='Segoe UI', style='normal', variant='normal', weight=600, stretch='normal', size='scalable')) = 10.24
2024-04-19 11:12:17,190 - matplotlib.font_manager - DEBUG - findfont: score(FontEntry(fname='C:\\Windows\\Fonts\\cour.ttf', name='Courier New', style='normal', variant='normal', weight=400, stretch='normal', size='scalable')) = 10.05
2024-04-19 11:12:17,190 - matplotlib.font_manager - DEBUG - findfont: score(FontEntry(fname='C:\\Windows\\Fonts\\seguibli.ttf', name='Segoe UI', style='italic', variant='normal', weight=900, stretch='normal', size='scalable')) = 11.525
2024-04-19 11:12:17,190 - matplotlib.font_manager - DEBUG - findfont: score(FontEntry(fname='C:\\Windows\\Fonts\\himalaya.ttf', name='Microsoft Himalaya', style='normal', variant='normal', weight=400, stretch='normal', size='scalable')) = 10.05
2024-04-19 11:12:17,191 - matplotlib.font_manager - DEBUG - findfont: score(FontEntry(fname='C:\\Windows\\Fonts\\verdanaz.ttf', name='Verdana', style='italic', variant='normal', weight=700, stretch='normal', size='scalable')) = 4.971363636363637
2024-04-19 11:12:17,191 - matplotlib.font_manager - DEBUG - findfont: score(FontEntry(fname='C:\\Windows\\Fonts\\gadugi.ttf', name='Gadugi', style='normal', variant='normal', weight=400, stretch='normal', size='scalable')) = 10.05
2024-04-19 11:12:17,191 - matplotlib.font_manager - DEBUG - findfont: score(FontEntry(fname='C:\\Windows\\Fonts\\verdana.ttf', name='Verdana', style='normal', variant='normal', weight=400, stretch='normal', size='scalable')) = 3.6863636363636365
2024-04-19 11:12:17,191 - matplotlib.font_manager - DEBUG - findfont: score(FontEntry(fname='C:\\Windows\\Fonts\\SitkaI.ttc', name='Sitka Small', style='italic', variant='normal', weight=400, stretch='normal', size='scalable')) = 11.05
2024-04-19 11:12:17,192 - matplotlib.font_manager - DEBUG - findfont: score(FontEntry(fname='C:\\Windows\\Fonts\\palab.ttf', name='Palatino Linotype', style='normal', variant='normal', weight=700, stretch='normal', size='scalable')) = 10.335
2024-04-19 11:12:17,192 - matplotlib.font_manager - DEBUG - findfont: score(FontEntry(fname='C:\\Windows\\Fonts\\seguili.ttf', name='Segoe UI', style='italic', variant='normal', weight=300, stretch='normal', size='scalable')) = 11.145
2024-04-19 11:12:17,192 - matplotlib.font_manager - DEBUG - findfont: score(FontEntry(fname='C:\\Windows\\Fonts\\Candarai.ttf', name='Candara', style='italic', variant='normal', weight=400, stretch='normal', size='scalable')) = 11.05
2024-04-19 11:12:17,192 - matplotlib.font_manager - DEBUG - findfont: score(FontEntry(fname='C:\\Windows\\Fonts\\corbell.ttf', name='Corbel', style='normal', variant='normal', weight=300, stretch='normal', size='scalable')) = 10.145
2024-04-19 11:12:17,193 - matplotlib.font_manager - DEBUG - findfont: score(FontEntry(fname='C:\\Windows\\Fonts\\lucon.ttf', name='Lucida Console', style='normal', variant='normal', weight=400, stretch='normal', size='scalable')) = 10.05
2024-04-19 11:12:17,193 - matplotlib.font_manager - DEBUG - findfont: score(FontEntry(fname='C:\\Windows\\Fonts\\seguisbi.ttf', name='Segoe UI', style='italic', variant='normal', weight=600, stretch='normal', size='scalable')) = 11.24
2024-04-19 11:12:17,193 - matplotlib.font_manager - DEBUG - findfont: score(FontEntry(fname='C:\\Windows\\Fonts\\constanb.ttf', name='Constantia', style='normal', variant='normal', weight=700, stretch='normal', size='scalable')) = 10.335
2024-04-19 11:12:17,193 - matplotlib.font_manager - DEBUG - findfont: score(FontEntry(fname='C:\\Windows\\Fonts\\Candarali.ttf', name='Candara', style='italic', variant='normal', weight=400, stretch='normal', size='scalable')) = 11.05
2024-04-19 11:12:17,193 - matplotlib.font_manager - DEBUG - findfont: score(FontEntry(fname='C:\\Windows\\Fonts\\Candarab.ttf', name='Candara', style='normal', variant='normal', weight=700, stretch='normal', size='scalable')) = 10.335
2024-04-19 11:12:17,194 - matplotlib.font_manager - DEBUG - findfont: score(FontEntry(fname='C:\\Windows\\Fonts\\gadugib.ttf', name='Gadugi', style='normal', variant='normal', weight=700, stretch='normal', size='scalable')) = 10.335
2024-04-19 11:12:17,194 - matplotlib.font_manager - DEBUG - findfont: score(FontEntry(fname='C:\\Windows\\Fonts\\ebrima.ttf', name='Ebrima', style='normal', variant='normal', weight=400, stretch='normal', size='scalable')) = 10.05
2024-04-19 11:12:17,194 - matplotlib.font_manager - DEBUG - findfont: score(FontEntry(fname='C:\\Windows\\Fonts\\YuGothL.ttc', name='Yu Gothic', style='normal', variant='normal', weight=300, stretch='normal', size='scalable')) = 10.145
2024-04-19 11:12:17,194 - matplotlib.font_manager - DEBUG - findfont: score(FontEntry(fname='C:\\Windows\\Fonts\\framdit.ttf', name='Franklin Gothic Medium', style='italic', variant='normal', weight=400, stretch='normal', size='scalable')) = 11.05
2024-04-19 11:12:17,195 - matplotlib.font_manager - DEBUG - findfont: score(FontEntry(fname='C:\\Windows\\Fonts\\Dengb.ttf', name='DengXian', style='normal', variant='normal', weight=700, stretch='normal', size='scalable')) = 10.335
2024-04-19 11:12:17,195 - matplotlib.font_manager - DEBUG - findfont: score(FontEntry(fname='C:\\Windows\\Fonts\\segoeuil.ttf', name='Segoe UI', style='normal', variant='normal', weight=300, stretch='normal', size='scalable')) = 10.145
2024-04-19 11:12:17,195 - matplotlib.font_manager - DEBUG - findfont: score(FontEntry(fname='C:\\Windows\\Fonts\\wingding.ttf', name='Wingdings', style='normal', variant='normal', weight=400, stretch='normal', size='scalable')) = 10.05
2024-04-19 11:12:17,195 - matplotlib.font_manager - DEBUG - findfont: score(FontEntry(fname='C:\\Windows\\Fonts\\corbelli.ttf', name='Corbel', style='italic', variant='normal', weight=300, stretch='normal', size='scalable')) = 11.145
2024-04-19 11:12:17,196 - matplotlib.font_manager - DEBUG - findfont: score(FontEntry(fname='C:\\Windows\\Fonts\\Dengl.ttf', name='DengXian', style='normal', variant='normal', weight=300, stretch='normal', size='scalable')) = 10.145
2024-04-19 11:12:17,196 - matplotlib.font_manager - DEBUG - findfont: score(FontEntry(fname='C:\\Windows\\Fonts\\msyi.ttf', name='Microsoft Yi Baiti', style='normal', variant='normal', weight=400, stretch='normal', size='scalable')) = 10.05
2024-04-19 11:12:17,196 - matplotlib.font_manager - DEBUG - findfont: score(FontEntry(fname='C:\\Windows\\Fonts\\constan.ttf', name='Constantia', style='normal', variant='normal', weight=400, stretch='normal', size='scalable')) = 10.05
2024-04-19 11:12:17,197 - matplotlib.font_manager - DEBUG - findfont: score(FontEntry(fname='C:\\Windows\\Fonts\\cambriab.ttf', name='Cambria', style='normal', variant='normal', weight=700, stretch='normal', size='scalable')) = 10.335
2024-04-19 11:12:17,197 - matplotlib.font_manager - DEBUG - findfont: score(FontEntry(fname='C:\\Windows\\Fonts\\mmrtextb.ttf', name='Myanmar Text', style='normal', variant='normal', weight=700, stretch='normal', size='scalable')) = 10.335
2024-04-19 11:12:17,197 - matplotlib.font_manager - DEBUG - findfont: score(FontEntry(fname='C:\\Windows\\Fonts\\constanz.ttf', name='Constantia', style='italic', variant='normal', weight=700, stretch='normal', size='scalable')) = 11.335
2024-04-19 11:12:17,198 - matplotlib.font_manager - DEBUG - findfont: score(FontEntry(fname='C:\\Windows\\Fonts\\segoescb.ttf', name='Segoe Script', style='normal', variant='normal', weight=700, stretch='normal', size='scalable')) = 10.335
2024-04-19 11:12:17,198 - matplotlib.font_manager - DEBUG - findfont: score(FontEntry(fname='C:\\Windows\\Fonts\\segoepr.ttf', name='Segoe Print', style='normal', variant='normal', weight=400, stretch='normal', size='scalable')) = 10.05
2024-04-19 11:12:17,198 - matplotlib.font_manager - DEBUG - findfont: score(FontEntry(fname='C:\\Windows\\Fonts\\simsunb.ttf', name='SimSun-ExtB', style='normal', variant='normal', weight=400, stretch='normal', size='scalable')) = 10.05
2024-04-19 11:12:17,198 - matplotlib.font_manager - DEBUG - findfont: score(FontEntry(fname='C:\\Windows\\Fonts\\framd.ttf', name='Franklin Gothic Medium', style='normal', variant='normal', weight=400, stretch='normal', size='scalable')) = 10.05
2024-04-19 11:12:17,199 - matplotlib.font_manager - DEBUG - findfont: score(FontEntry(fname='C:\\Windows\\Fonts\\simfang.ttf', name='FangSong', style='normal', variant='normal', weight=400, stretch='normal', size='scalable')) = 10.05
2024-04-19 11:12:17,199 - matplotlib.font_manager - DEBUG - findfont: score(FontEntry(fname='C:\\Windows\\Fonts\\segmdl2.ttf', name='Segoe MDL2 Assets', style='normal', variant='normal', weight=400, stretch='normal', size='scalable')) = 10.05
2024-04-19 11:12:17,199 - matplotlib.font_manager - DEBUG - findfont: score(FontEntry(fname='C:\\Windows\\Fonts\\verdanai.ttf', name='Verdana', style='italic', variant='normal', weight=400, stretch='normal', size='scalable')) = 4.6863636363636365
2024-04-19 11:12:17,200 - matplotlib.font_manager - DEBUG - findfont: score(FontEntry(fname='C:\\Windows\\Fonts\\timesbi.ttf', name='Times New Roman', style='italic', variant='normal', weight=700, stretch='normal', size='scalable')) = 11.335
2024-04-19 11:12:17,200 - matplotlib.font_manager - DEBUG - findfont: score(FontEntry(fname='C:\\Windows\\Fonts\\SitkaB.ttc', name='Sitka Small', style='normal', variant='normal', weight=700, stretch='normal', size='scalable')) = 10.335
2024-04-19 11:12:17,200 - matplotlib.font_manager - DEBUG - findfont: score(FontEntry(fname='C:\\Windows\\Fonts\\taile.ttf', name='Microsoft Tai Le', style='normal', variant='normal', weight=400, stretch='normal', size='scalable')) = 10.05
2024-04-19 11:12:17,200 - matplotlib.font_manager - DEBUG - findfont: score(FontEntry(fname='C:\\Windows\\Fonts\\corbeli.ttf', name='Corbel', style='italic', variant='normal', weight=400, stretch='normal', size='scalable')) = 11.05
2024-04-19 11:12:17,200 - matplotlib.font_manager - DEBUG - findfont: score(FontEntry(fname='C:\\Windows\\Fonts\\ariblk.ttf', name='Arial', style='normal', variant='normal', weight=900, stretch='normal', size='scalable')) = 6.888636363636364
2024-04-19 11:12:17,201 - matplotlib.font_manager - DEBUG - findfont: score(FontEntry(fname='C:\\Windows\\Fonts\\phagspab.ttf', name='Microsoft PhagsPa', style='normal', variant='normal', weight=700, stretch='normal', size='scalable')) = 10.335
2024-04-19 11:12:17,201 - matplotlib.font_manager - DEBUG - findfont: score(FontEntry(fname='C:\\Windows\\Fonts\\cambria.ttc', name='Cambria', style='normal', variant='normal', weight=400, stretch='normal', size='scalable')) = 10.05
2024-04-19 11:12:17,201 - matplotlib.font_manager - DEBUG - findfont: score(FontEntry(fname='C:\\Windows\\Fonts\\phagspa.ttf', name='Microsoft PhagsPa', style='normal', variant='normal', weight=400, stretch='normal', size='scalable')) = 10.05
2024-04-19 11:12:17,201 - matplotlib.font_manager - DEBUG - findfont: score(FontEntry(fname='C:\\Windows\\Fonts\\segoeuisl.ttf', name='Segoe UI', style='normal', variant='normal', weight=350, stretch='normal', size='scalable')) = 10.0975
2024-04-19 11:12:17,202 - matplotlib.font_manager - DEBUG - findfont: score(FontEntry(fname='C:\\Windows\\Fonts\\palai.ttf', name='Palatino Linotype', style='italic', variant='normal', weight=400, stretch='normal', size='scalable')) = 11.05
2024-04-19 11:12:17,202 - matplotlib.font_manager - DEBUG - findfont: score(FontEntry(fname='C:\\Windows\\Fonts\\YuGothM.ttc', name='Yu Gothic', style='normal', variant='normal', weight=500, stretch='normal', size='scalable')) = 10.145
2024-04-19 11:12:17,202 - matplotlib.font_manager - DEBUG - findfont: score(FontEntry(fname='C:\\Windows\\Fonts\\malgun.ttf', name='Malgun Gothic', style='normal', variant='normal', weight=400, stretch='normal', size='scalable')) = 10.05
2024-04-19 11:12:17,202 - matplotlib.font_manager - DEBUG - findfont: score(FontEntry(fname='C:\\Windows\\Fonts\\simkai.ttf', name='KaiTi', style='normal', variant='normal', weight=400, stretch='normal', size='scalable')) = 10.05
2024-04-19 11:12:17,202 - matplotlib.font_manager - DEBUG - findfont: score(FontEntry(fname='C:\\Windows\\Fonts\\consolaz.ttf', name='Consolas', style='italic', variant='normal', weight=700, stretch='normal', size='scalable')) = 11.335
2024-04-19 11:12:17,203 - matplotlib.font_manager - DEBUG - findfont: score(FontEntry(fname='C:\\Windows\\Fonts\\mingliub.ttc', name='MingLiU-ExtB', style='normal', variant='normal', weight=400, stretch='normal', size='scalable')) = 10.05
2024-04-19 11:12:17,203 - matplotlib.font_manager - DEBUG - findfont: score(FontEntry(fname='C:\\Windows\\Fonts\\segoeprb.ttf', name='Segoe Print', style='normal', variant='normal', weight=700, stretch='normal', size='scalable')) = 10.335
2024-04-19 11:12:17,203 - matplotlib.font_manager - DEBUG - findfont: Matching sans\-serif:style=normal:variant=normal:weight=normal:stretch=normal:size=10.0 to DejaVu Sans ('D:\\anaconda3\\envs\\cpf\\lib\\site-packages\\matplotlib\\mpl-data\\fonts\\ttf\\DejaVuSans.ttf') with score of 0.050000.
2024-04-19 11:12:22,519 - root - INFO - ARI: 0.0658 | NMI: 0.0657
2024-04-19 11:12:22,519 - root - INFO - Epoch: 1 | LR: 0.0001 | Loss 1.0978 | Val MaF1: 0.2211 (Best: 0.2211) | Test MaF1: 0.2223 (Best: 0.2223) | MiF1: 0.4958 (Best: 0.4958)
2024-04-19 11:12:23,779 - root - INFO - Epoch: 2 | LR: 0.0001 | Loss 1.0714 | Val MaF1: 0.2211 (Best: 0.2211) | Test MaF1: 0.2208 (Best: 0.2223) | MiF1: 0.4953 (Best: 0.4958)
2024-04-19 11:12:24,756 - root - INFO - Epoch: 3 | LR: 0.0001 | Loss 1.0490 | Val MaF1: 0.2211 (Best: 0.2211) | Test MaF1: 0.2208 (Best: 0.2223) | MiF1: 0.4953 (Best: 0.4958)
2024-04-19 11:12:25,677 - root - INFO - Epoch: 4 | LR: 0.0002 | Loss 1.0235 | Val MaF1: 0.2211 (Best: 0.2211) | Test MaF1: 0.2208 (Best: 0.2223) | MiF1: 0.4953 (Best: 0.4958)
2024-04-19 11:12:26,598 - root - INFO - Epoch: 5 | LR: 0.0003 | Loss 1.0007 | Val MaF1: 0.2211 (Best: 0.2211) | Test MaF1: 0.2208 (Best: 0.2223) | MiF1: 0.4953 (Best: 0.4958)
2024-04-19 11:12:27,519 - root - INFO - Epoch: 6 | LR: 0.0004 | Loss 0.9780 | Val MaF1: 0.2211 (Best: 0.2211) | Test MaF1: 0.2208 (Best: 0.2223) | MiF1: 0.4953 (Best: 0.4958)
2024-04-19 11:12:28,438 - root - INFO - Epoch: 7 | LR: 0.0005 | Loss 0.9365 | Val MaF1: 0.2211 (Best: 0.2211) | Test MaF1: 0.2208 (Best: 0.2223) | MiF1: 0.4953 (Best: 0.4958)
2024-04-19 11:12:36,119 - PIL.PngImagePlugin - DEBUG - STREAM b'IHDR' 16 13
2024-04-19 11:12:36,119 - PIL.PngImagePlugin - DEBUG - STREAM b'sBIT' 41 4
2024-04-19 11:12:36,119 - PIL.PngImagePlugin - DEBUG - b'sBIT' 41 4 (unknown)
2024-04-19 11:12:36,119 - PIL.PngImagePlugin - DEBUG - STREAM b'pHYs' 57 9
2024-04-19 11:12:36,120 - PIL.PngImagePlugin - DEBUG - STREAM b'IDAT' 78 1189
2024-04-19 11:12:36,123 - PIL.PngImagePlugin - DEBUG - STREAM b'IHDR' 16 13
2024-04-19 11:12:36,123 - PIL.PngImagePlugin - DEBUG - STREAM b'sBIT' 41 4
2024-04-19 11:12:36,123 - PIL.PngImagePlugin - DEBUG - b'sBIT' 41 4 (unknown)
2024-04-19 11:12:36,123 - PIL.PngImagePlugin - DEBUG - STREAM b'pHYs' 57 9
2024-04-19 11:12:36,123 - PIL.PngImagePlugin - DEBUG - STREAM b'IDAT' 78 2994
2024-04-19 11:12:36,132 - PIL.PngImagePlugin - DEBUG - STREAM b'IHDR' 16 13
2024-04-19 11:12:36,132 - PIL.PngImagePlugin - DEBUG - STREAM b'sBIT' 41 4
2024-04-19 11:12:36,132 - PIL.PngImagePlugin - DEBUG - b'sBIT' 41 4 (unknown)
2024-04-19 11:12:36,133 - PIL.PngImagePlugin - DEBUG - STREAM b'pHYs' 57 9
2024-04-19 11:12:36,133 - PIL.PngImagePlugin - DEBUG - STREAM b'IDAT' 78 374
2024-04-19 11:12:36,134 - PIL.PngImagePlugin - DEBUG - STREAM b'IHDR' 16 13
2024-04-19 11:12:36,134 - PIL.PngImagePlugin - DEBUG - STREAM b'sBIT' 41 4
2024-04-19 11:12:36,135 - PIL.PngImagePlugin - DEBUG - b'sBIT' 41 4 (unknown)
2024-04-19 11:12:36,135 - PIL.PngImagePlugin - DEBUG - STREAM b'pHYs' 57 9
2024-04-19 11:12:36,135 - PIL.PngImagePlugin - DEBUG - STREAM b'IDAT' 78 286
2024-04-19 11:12:36,136 - PIL.PngImagePlugin - DEBUG - STREAM b'IHDR' 16 13
2024-04-19 11:12:36,136 - PIL.PngImagePlugin - DEBUG - STREAM b'sBIT' 41 4
2024-04-19 11:12:36,137 - PIL.PngImagePlugin - DEBUG - b'sBIT' 41 4 (unknown)
2024-04-19 11:12:36,137 - PIL.PngImagePlugin - DEBUG - STREAM b'pHYs' 57 9
2024-04-19 11:12:36,137 - PIL.PngImagePlugin - DEBUG - STREAM b'IDAT' 78 263
2024-04-19 11:12:36,139 - PIL.PngImagePlugin - DEBUG - STREAM b'IHDR' 16 13
2024-04-19 11:12:36,139 - PIL.PngImagePlugin - DEBUG - STREAM b'sBIT' 41 4
2024-04-19 11:12:36,139 - PIL.PngImagePlugin - DEBUG - b'sBIT' 41 4 (unknown)
2024-04-19 11:12:36,139 - PIL.PngImagePlugin - DEBUG - STREAM b'pHYs' 57 9
2024-04-19 11:12:36,139 - PIL.PngImagePlugin - DEBUG - STREAM b'IDAT' 78 387
2024-04-19 11:12:36,141 - PIL.PngImagePlugin - DEBUG - STREAM b'IHDR' 16 13
2024-04-19 11:12:36,141 - PIL.PngImagePlugin - DEBUG - STREAM b'sBIT' 41 4
2024-04-19 11:12:36,141 - PIL.PngImagePlugin - DEBUG - b'sBIT' 41 4 (unknown)
2024-04-19 11:12:36,141 - PIL.PngImagePlugin - DEBUG - STREAM b'pHYs' 57 9
2024-04-19 11:12:36,141 - PIL.PngImagePlugin - DEBUG - STREAM b'IDAT' 78 436
2024-04-19 11:12:36,143 - PIL.PngImagePlugin - DEBUG - STREAM b'IHDR' 16 13
2024-04-19 11:12:36,143 - PIL.PngImagePlugin - DEBUG - STREAM b'sBIT' 41 4
2024-04-19 11:12:36,143 - PIL.PngImagePlugin - DEBUG - b'sBIT' 41 4 (unknown)
2024-04-19 11:12:36,143 - PIL.PngImagePlugin - DEBUG - STREAM b'pHYs' 57 9
2024-04-19 11:12:36,143 - PIL.PngImagePlugin - DEBUG - STREAM b'IDAT' 78 351
2024-04-19 11:12:36,145 - PIL.PngImagePlugin - DEBUG - STREAM b'IHDR' 16 13
2024-04-19 11:12:36,145 - PIL.PngImagePlugin - DEBUG - STREAM b'sBIT' 41 4
2024-04-19 11:12:36,145 - PIL.PngImagePlugin - DEBUG - b'sBIT' 41 4 (unknown)
2024-04-19 11:12:36,146 - PIL.PngImagePlugin - DEBUG - STREAM b'pHYs' 57 9
2024-04-19 11:12:36,146 - PIL.PngImagePlugin - DEBUG - STREAM b'IDAT' 78 364
2024-04-19 11:12:49,097 - root - INFO - ARI: 0.6496 | NMI: 0.6449
2024-04-19 11:12:49,098 - root - INFO - Epoch: 8 | LR: 0.0006 | Loss 0.8805 | Val MaF1: 0.2419 (Best: 0.2419) | Test MaF1: 0.2460 (Best: 0.2460) | MiF1: 0.5042 (Best: 0.5042)
2024-04-19 11:12:56,969 - PIL.PngImagePlugin - DEBUG - STREAM b'IHDR' 16 13
2024-04-19 11:12:56,970 - PIL.PngImagePlugin - DEBUG - STREAM b'sBIT' 41 4
2024-04-19 11:12:56,970 - PIL.PngImagePlugin - DEBUG - b'sBIT' 41 4 (unknown)
2024-04-19 11:12:56,970 - PIL.PngImagePlugin - DEBUG - STREAM b'pHYs' 57 9
2024-04-19 11:12:56,970 - PIL.PngImagePlugin - DEBUG - STREAM b'IDAT' 78 1189
2024-04-19 11:12:56,974 - PIL.PngImagePlugin - DEBUG - STREAM b'IHDR' 16 13
2024-04-19 11:12:56,974 - PIL.PngImagePlugin - DEBUG - STREAM b'sBIT' 41 4
2024-04-19 11:12:56,974 - PIL.PngImagePlugin - DEBUG - b'sBIT' 41 4 (unknown)
2024-04-19 11:12:56,974 - PIL.PngImagePlugin - DEBUG - STREAM b'pHYs' 57 9
2024-04-19 11:12:56,974 - PIL.PngImagePlugin - DEBUG - STREAM b'IDAT' 78 2994
2024-04-19 11:12:56,982 - PIL.PngImagePlugin - DEBUG - STREAM b'IHDR' 16 13
2024-04-19 11:12:56,982 - PIL.PngImagePlugin - DEBUG - STREAM b'sBIT' 41 4
2024-04-19 11:12:56,982 - PIL.PngImagePlugin - DEBUG - b'sBIT' 41 4 (unknown)
2024-04-19 11:12:56,982 - PIL.PngImagePlugin - DEBUG - STREAM b'pHYs' 57 9
2024-04-19 11:12:56,983 - PIL.PngImagePlugin - DEBUG - STREAM b'IDAT' 78 374
2024-04-19 11:12:56,984 - PIL.PngImagePlugin - DEBUG - STREAM b'IHDR' 16 13
2024-04-19 11:12:56,984 - PIL.PngImagePlugin - DEBUG - STREAM b'sBIT' 41 4
2024-04-19 11:12:56,985 - PIL.PngImagePlugin - DEBUG - b'sBIT' 41 4 (unknown)
2024-04-19 11:12:56,985 - PIL.PngImagePlugin - DEBUG - STREAM b'pHYs' 57 9
2024-04-19 11:12:56,985 - PIL.PngImagePlugin - DEBUG - STREAM b'IDAT' 78 286
2024-04-19 11:12:56,986 - PIL.PngImagePlugin - DEBUG - STREAM b'IHDR' 16 13
2024-04-19 11:12:56,987 - PIL.PngImagePlugin - DEBUG - STREAM b'sBIT' 41 4
2024-04-19 11:12:56,987 - PIL.PngImagePlugin - DEBUG - b'sBIT' 41 4 (unknown)
2024-04-19 11:12:56,987 - PIL.PngImagePlugin - DEBUG - STREAM b'pHYs' 57 9
2024-04-19 11:12:56,987 - PIL.PngImagePlugin - DEBUG - STREAM b'IDAT' 78 263
2024-04-19 11:12:56,988 - PIL.PngImagePlugin - DEBUG - STREAM b'IHDR' 16 13
2024-04-19 11:12:56,989 - PIL.PngImagePlugin - DEBUG - STREAM b'sBIT' 41 4
2024-04-19 11:12:56,989 - PIL.PngImagePlugin - DEBUG - b'sBIT' 41 4 (unknown)
2024-04-19 11:12:56,989 - PIL.PngImagePlugin - DEBUG - STREAM b'pHYs' 57 9
2024-04-19 11:12:56,989 - PIL.PngImagePlugin - DEBUG - STREAM b'IDAT' 78 387
2024-04-19 11:12:56,991 - PIL.PngImagePlugin - DEBUG - STREAM b'IHDR' 16 13
2024-04-19 11:12:56,991 - PIL.PngImagePlugin - DEBUG - STREAM b'sBIT' 41 4
2024-04-19 11:12:56,991 - PIL.PngImagePlugin - DEBUG - b'sBIT' 41 4 (unknown)
2024-04-19 11:12:56,991 - PIL.PngImagePlugin - DEBUG - STREAM b'pHYs' 57 9
2024-04-19 11:12:56,991 - PIL.PngImagePlugin - DEBUG - STREAM b'IDAT' 78 436
2024-04-19 11:12:56,993 - PIL.PngImagePlugin - DEBUG - STREAM b'IHDR' 16 13
2024-04-19 11:12:56,993 - PIL.PngImagePlugin - DEBUG - STREAM b'sBIT' 41 4
2024-04-19 11:12:56,993 - PIL.PngImagePlugin - DEBUG - b'sBIT' 41 4 (unknown)
2024-04-19 11:12:56,993 - PIL.PngImagePlugin - DEBUG - STREAM b'pHYs' 57 9
2024-04-19 11:12:56,993 - PIL.PngImagePlugin - DEBUG - STREAM b'IDAT' 78 351
2024-04-19 11:12:56,994 - PIL.PngImagePlugin - DEBUG - STREAM b'IHDR' 16 13
2024-04-19 11:12:56,995 - PIL.PngImagePlugin - DEBUG - STREAM b'sBIT' 41 4
2024-04-19 11:12:56,995 - PIL.PngImagePlugin - DEBUG - b'sBIT' 41 4 (unknown)
2024-04-19 11:12:56,995 - PIL.PngImagePlugin - DEBUG - STREAM b'pHYs' 57 9
2024-04-19 11:12:56,995 - PIL.PngImagePlugin - DEBUG - STREAM b'IDAT' 78 364
2024-04-19 11:12:59,517 - root - INFO - ARI: 0.7379 | NMI: 0.7090
2024-04-19 11:12:59,517 - root - INFO - Epoch: 9 | LR: 0.0007 | Loss 0.8334 | Val MaF1: 0.5127 (Best: 0.5127) | Test MaF1: 0.5226 (Best: 0.5226) | MiF1: 0.6350 (Best: 0.6350)
2024-04-19 11:13:07,458 - PIL.PngImagePlugin - DEBUG - STREAM b'IHDR' 16 13
2024-04-19 11:13:07,459 - PIL.PngImagePlugin - DEBUG - STREAM b'sBIT' 41 4
2024-04-19 11:13:07,459 - PIL.PngImagePlugin - DEBUG - b'sBIT' 41 4 (unknown)
2024-04-19 11:13:07,459 - PIL.PngImagePlugin - DEBUG - STREAM b'pHYs' 57 9
2024-04-19 11:13:07,459 - PIL.PngImagePlugin - DEBUG - STREAM b'IDAT' 78 1189
2024-04-19 11:13:07,462 - PIL.PngImagePlugin - DEBUG - STREAM b'IHDR' 16 13
2024-04-19 11:13:07,463 - PIL.PngImagePlugin - DEBUG - STREAM b'sBIT' 41 4
2024-04-19 11:13:07,463 - PIL.PngImagePlugin - DEBUG - b'sBIT' 41 4 (unknown)
2024-04-19 11:13:07,463 - PIL.PngImagePlugin - DEBUG - STREAM b'pHYs' 57 9
2024-04-19 11:13:07,463 - PIL.PngImagePlugin - DEBUG - STREAM b'IDAT' 78 2994
2024-04-19 11:13:07,472 - PIL.PngImagePlugin - DEBUG - STREAM b'IHDR' 16 13
2024-04-19 11:13:07,472 - PIL.PngImagePlugin - DEBUG - STREAM b'sBIT' 41 4
2024-04-19 11:13:07,473 - PIL.PngImagePlugin - DEBUG - b'sBIT' 41 4 (unknown)
2024-04-19 11:13:07,473 - PIL.PngImagePlugin - DEBUG - STREAM b'pHYs' 57 9
2024-04-19 11:13:07,473 - PIL.PngImagePlugin - DEBUG - STREAM b'IDAT' 78 374
2024-04-19 11:13:07,474 - PIL.PngImagePlugin - DEBUG - STREAM b'IHDR' 16 13
2024-04-19 11:13:07,475 - PIL.PngImagePlugin - DEBUG - STREAM b'sBIT' 41 4
2024-04-19 11:13:07,475 - PIL.PngImagePlugin - DEBUG - b'sBIT' 41 4 (unknown)
2024-04-19 11:13:07,475 - PIL.PngImagePlugin - DEBUG - STREAM b'pHYs' 57 9
2024-04-19 11:13:07,475 - PIL.PngImagePlugin - DEBUG - STREAM b'IDAT' 78 286
2024-04-19 11:13:07,476 - PIL.PngImagePlugin - DEBUG - STREAM b'IHDR' 16 13
2024-04-19 11:13:07,477 - PIL.PngImagePlugin - DEBUG - STREAM b'sBIT' 41 4
2024-04-19 11:13:07,477 - PIL.PngImagePlugin - DEBUG - b'sBIT' 41 4 (unknown)
2024-04-19 11:13:07,477 - PIL.PngImagePlugin - DEBUG - STREAM b'pHYs' 57 9
2024-04-19 11:13:07,477 - PIL.PngImagePlugin - DEBUG - STREAM b'IDAT' 78 263
2024-04-19 11:13:07,479 - PIL.PngImagePlugin - DEBUG - STREAM b'IHDR' 16 13
2024-04-19 11:13:07,479 - PIL.PngImagePlugin - DEBUG - STREAM b'sBIT' 41 4
2024-04-19 11:13:07,479 - PIL.PngImagePlugin - DEBUG - b'sBIT' 41 4 (unknown)
2024-04-19 11:13:07,479 - PIL.PngImagePlugin - DEBUG - STREAM b'pHYs' 57 9
2024-04-19 11:13:07,479 - PIL.PngImagePlugin - DEBUG - STREAM b'IDAT' 78 387
2024-04-19 11:13:07,481 - PIL.PngImagePlugin - DEBUG - STREAM b'IHDR' 16 13
2024-04-19 11:13:07,481 - PIL.PngImagePlugin - DEBUG - STREAM b'sBIT' 41 4
2024-04-19 11:13:07,481 - PIL.PngImagePlugin - DEBUG - b'sBIT' 41 4 (unknown)
2024-04-19 11:13:07,481 - PIL.PngImagePlugin - DEBUG - STREAM b'pHYs' 57 9
2024-04-19 11:13:07,482 - PIL.PngImagePlugin - DEBUG - STREAM b'IDAT' 78 436
2024-04-19 11:13:07,483 - PIL.PngImagePlugin - DEBUG - STREAM b'IHDR' 16 13
2024-04-19 11:13:07,483 - PIL.PngImagePlugin - DEBUG - STREAM b'sBIT' 41 4
2024-04-19 11:13:07,483 - PIL.PngImagePlugin - DEBUG - b'sBIT' 41 4 (unknown)
2024-04-19 11:13:07,484 - PIL.PngImagePlugin - DEBUG - STREAM b'pHYs' 57 9
2024-04-19 11:13:07,484 - PIL.PngImagePlugin - DEBUG - STREAM b'IDAT' 78 351
2024-04-19 11:13:07,485 - PIL.PngImagePlugin - DEBUG - STREAM b'IHDR' 16 13
2024-04-19 11:13:07,485 - PIL.PngImagePlugin - DEBUG - STREAM b'sBIT' 41 4
2024-04-19 11:13:07,485 - PIL.PngImagePlugin - DEBUG - b'sBIT' 41 4 (unknown)
2024-04-19 11:13:07,485 - PIL.PngImagePlugin - DEBUG - STREAM b'pHYs' 57 9
2024-04-19 11:13:07,486 - PIL.PngImagePlugin - DEBUG - STREAM b'IDAT' 78 364
2024-04-19 11:13:10,496 - root - INFO - ARI: 0.7610 | NMI: 0.7170
2024-04-19 11:13:10,496 - root - INFO - Epoch: 10 | LR: 0.0008 | Loss 0.7559 | Val MaF1: 0.8406 (Best: 0.8406) | Test MaF1: 0.8483 (Best: 0.8483) | MiF1: 0.8558 (Best: 0.8558)
2024-04-19 11:13:18,217 - PIL.PngImagePlugin - DEBUG - STREAM b'IHDR' 16 13
2024-04-19 11:13:18,218 - PIL.PngImagePlugin - DEBUG - STREAM b'sBIT' 41 4
2024-04-19 11:13:18,218 - PIL.PngImagePlugin - DEBUG - b'sBIT' 41 4 (unknown)
2024-04-19 11:13:18,218 - PIL.PngImagePlugin - DEBUG - STREAM b'pHYs' 57 9
2024-04-19 11:13:18,218 - PIL.PngImagePlugin - DEBUG - STREAM b'IDAT' 78 1189
2024-04-19 11:13:18,221 - PIL.PngImagePlugin - DEBUG - STREAM b'IHDR' 16 13
2024-04-19 11:13:18,222 - PIL.PngImagePlugin - DEBUG - STREAM b'sBIT' 41 4
2024-04-19 11:13:18,222 - PIL.PngImagePlugin - DEBUG - b'sBIT' 41 4 (unknown)
2024-04-19 11:13:18,222 - PIL.PngImagePlugin - DEBUG - STREAM b'pHYs' 57 9
2024-04-19 11:13:18,222 - PIL.PngImagePlugin - DEBUG - STREAM b'IDAT' 78 2994
2024-04-19 11:13:18,230 - PIL.PngImagePlugin - DEBUG - STREAM b'IHDR' 16 13
2024-04-19 11:13:18,230 - PIL.PngImagePlugin - DEBUG - STREAM b'sBIT' 41 4
2024-04-19 11:13:18,231 - PIL.PngImagePlugin - DEBUG - b'sBIT' 41 4 (unknown)
2024-04-19 11:13:18,231 - PIL.PngImagePlugin - DEBUG - STREAM b'pHYs' 57 9
2024-04-19 11:13:18,231 - PIL.PngImagePlugin - DEBUG - STREAM b'IDAT' 78 374
2024-04-19 11:13:18,232 - PIL.PngImagePlugin - DEBUG - STREAM b'IHDR' 16 13
2024-04-19 11:13:18,233 - PIL.PngImagePlugin - DEBUG - STREAM b'sBIT' 41 4
2024-04-19 11:13:18,233 - PIL.PngImagePlugin - DEBUG - b'sBIT' 41 4 (unknown)
2024-04-19 11:13:18,233 - PIL.PngImagePlugin - DEBUG - STREAM b'pHYs' 57 9
2024-04-19 11:13:18,233 - PIL.PngImagePlugin - DEBUG - STREAM b'IDAT' 78 286
2024-04-19 11:13:18,234 - PIL.PngImagePlugin - DEBUG - STREAM b'IHDR' 16 13
2024-04-19 11:13:18,235 - PIL.PngImagePlugin - DEBUG - STREAM b'sBIT' 41 4
2024-04-19 11:13:18,235 - PIL.PngImagePlugin - DEBUG - b'sBIT' 41 4 (unknown)
2024-04-19 11:13:18,235 - PIL.PngImagePlugin - DEBUG - STREAM b'pHYs' 57 9
2024-04-19 11:13:18,235 - PIL.PngImagePlugin - DEBUG - STREAM b'IDAT' 78 263
2024-04-19 11:13:18,237 - PIL.PngImagePlugin - DEBUG - STREAM b'IHDR' 16 13
2024-04-19 11:13:18,237 - PIL.PngImagePlugin - DEBUG - STREAM b'sBIT' 41 4
2024-04-19 11:13:18,237 - PIL.PngImagePlugin - DEBUG - b'sBIT' 41 4 (unknown)
2024-04-19 11:13:18,237 - PIL.PngImagePlugin - DEBUG - STREAM b'pHYs' 57 9
2024-04-19 11:13:18,238 - PIL.PngImagePlugin - DEBUG - STREAM b'IDAT' 78 387
2024-04-19 11:13:18,239 - PIL.PngImagePlugin - DEBUG - STREAM b'IHDR' 16 13
2024-04-19 11:13:18,239 - PIL.PngImagePlugin - DEBUG - STREAM b'sBIT' 41 4
2024-04-19 11:13:18,239 - PIL.PngImagePlugin - DEBUG - b'sBIT' 41 4 (unknown)
2024-04-19 11:13:18,240 - PIL.PngImagePlugin - DEBUG - STREAM b'pHYs' 57 9
2024-04-19 11:13:18,240 - PIL.PngImagePlugin - DEBUG - STREAM b'IDAT' 78 436
2024-04-19 11:13:18,241 - PIL.PngImagePlugin - DEBUG - STREAM b'IHDR' 16 13
2024-04-19 11:13:18,241 - PIL.PngImagePlugin - DEBUG - STREAM b'sBIT' 41 4
2024-04-19 11:13:18,241 - PIL.PngImagePlugin - DEBUG - b'sBIT' 41 4 (unknown)
2024-04-19 11:13:18,242 - PIL.PngImagePlugin - DEBUG - STREAM b'pHYs' 57 9
2024-04-19 11:13:18,242 - PIL.PngImagePlugin - DEBUG - STREAM b'IDAT' 78 351
2024-04-19 11:13:18,243 - PIL.PngImagePlugin - DEBUG - STREAM b'IHDR' 16 13
2024-04-19 11:13:18,243 - PIL.PngImagePlugin - DEBUG - STREAM b'sBIT' 41 4
2024-04-19 11:13:18,243 - PIL.PngImagePlugin - DEBUG - b'sBIT' 41 4 (unknown)
2024-04-19 11:13:18,244 - PIL.PngImagePlugin - DEBUG - STREAM b'pHYs' 57 9
2024-04-19 11:13:18,244 - PIL.PngImagePlugin - DEBUG - STREAM b'IDAT' 78 364
2024-04-19 11:13:20,365 - root - INFO - ARI: 0.7803 | NMI: 0.7380
2024-04-19 11:13:20,365 - root - INFO - Epoch: 11 | LR: 0.0009 | Loss 0.6964 | Val MaF1: 0.9099 (Best: 0.9099) | Test MaF1: 0.9294 (Best: 0.9294) | MiF1: 0.9284 (Best: 0.9284)
2024-04-19 11:13:21,382 - root - INFO - Epoch: 12 | LR: 0.0010 | Loss 0.6255 | Val MaF1: 0.9005 (Best: 0.9099) | Test MaF1: 0.9186 (Best: 0.9294) | MiF1: 0.9170 (Best: 0.9284)
2024-04-19 11:13:22,330 - root - INFO - Epoch: 13 | LR: 0.0010 | Loss 0.6071 | Val MaF1: 0.8826 (Best: 0.9099) | Test MaF1: 0.9083 (Best: 0.9294) | MiF1: 0.9110 (Best: 0.9284)
2024-04-19 11:13:23,308 - root - INFO - Epoch: 14 | LR: 0.0010 | Loss 0.5448 | Val MaF1: 0.8853 (Best: 0.9099) | Test MaF1: 0.9051 (Best: 0.9294) | MiF1: 0.9080 (Best: 0.9284)
2024-04-19 11:13:30,806 - PIL.PngImagePlugin - DEBUG - STREAM b'IHDR' 16 13
2024-04-19 11:13:30,807 - PIL.PngImagePlugin - DEBUG - STREAM b'sBIT' 41 4
2024-04-19 11:13:30,807 - PIL.PngImagePlugin - DEBUG - b'sBIT' 41 4 (unknown)
2024-04-19 11:13:30,807 - PIL.PngImagePlugin - DEBUG - STREAM b'pHYs' 57 9
2024-04-19 11:13:30,807 - PIL.PngImagePlugin - DEBUG - STREAM b'IDAT' 78 1189
2024-04-19 11:13:30,810 - PIL.PngImagePlugin - DEBUG - STREAM b'IHDR' 16 13
2024-04-19 11:13:30,810 - PIL.PngImagePlugin - DEBUG - STREAM b'sBIT' 41 4
2024-04-19 11:13:30,811 - PIL.PngImagePlugin - DEBUG - b'sBIT' 41 4 (unknown)
2024-04-19 11:13:30,811 - PIL.PngImagePlugin - DEBUG - STREAM b'pHYs' 57 9
2024-04-19 11:13:30,811 - PIL.PngImagePlugin - DEBUG - STREAM b'IDAT' 78 2994
2024-04-19 11:13:30,818 - PIL.PngImagePlugin - DEBUG - STREAM b'IHDR' 16 13
2024-04-19 11:13:30,818 - PIL.PngImagePlugin - DEBUG - STREAM b'sBIT' 41 4
2024-04-19 11:13:30,818 - PIL.PngImagePlugin - DEBUG - b'sBIT' 41 4 (unknown)
2024-04-19 11:13:30,819 - PIL.PngImagePlugin - DEBUG - STREAM b'pHYs' 57 9
2024-04-19 11:13:30,819 - PIL.PngImagePlugin - DEBUG - STREAM b'IDAT' 78 374
2024-04-19 11:13:30,820 - PIL.PngImagePlugin - DEBUG - STREAM b'IHDR' 16 13
2024-04-19 11:13:30,820 - PIL.PngImagePlugin - DEBUG - STREAM b'sBIT' 41 4
2024-04-19 11:13:30,820 - PIL.PngImagePlugin - DEBUG - b'sBIT' 41 4 (unknown)
2024-04-19 11:13:30,821 - PIL.PngImagePlugin - DEBUG - STREAM b'pHYs' 57 9
2024-04-19 11:13:30,821 - PIL.PngImagePlugin - DEBUG - STREAM b'IDAT' 78 286
2024-04-19 11:13:30,822 - PIL.PngImagePlugin - DEBUG - STREAM b'IHDR' 16 13
2024-04-19 11:13:30,822 - PIL.PngImagePlugin - DEBUG - STREAM b'sBIT' 41 4
2024-04-19 11:13:30,822 - PIL.PngImagePlugin - DEBUG - b'sBIT' 41 4 (unknown)
2024-04-19 11:13:30,822 - PIL.PngImagePlugin - DEBUG - STREAM b'pHYs' 57 9
2024-04-19 11:13:30,823 - PIL.PngImagePlugin - DEBUG - STREAM b'IDAT' 78 263
2024-04-19 11:13:30,824 - PIL.PngImagePlugin - DEBUG - STREAM b'IHDR' 16 13
2024-04-19 11:13:30,824 - PIL.PngImagePlugin - DEBUG - STREAM b'sBIT' 41 4
2024-04-19 11:13:30,824 - PIL.PngImagePlugin - DEBUG - b'sBIT' 41 4 (unknown)
2024-04-19 11:13:30,824 - PIL.PngImagePlugin - DEBUG - STREAM b'pHYs' 57 9
2024-04-19 11:13:30,825 - PIL.PngImagePlugin - DEBUG - STREAM b'IDAT' 78 387
2024-04-19 11:13:30,826 - PIL.PngImagePlugin - DEBUG - STREAM b'IHDR' 16 13
2024-04-19 11:13:30,826 - PIL.PngImagePlugin - DEBUG - STREAM b'sBIT' 41 4
2024-04-19 11:13:30,827 - PIL.PngImagePlugin - DEBUG - b'sBIT' 41 4 (unknown)
2024-04-19 11:13:30,827 - PIL.PngImagePlugin - DEBUG - STREAM b'pHYs' 57 9
2024-04-19 11:13:30,827 - PIL.PngImagePlugin - DEBUG - STREAM b'IDAT' 78 436
2024-04-19 11:13:30,828 - PIL.PngImagePlugin - DEBUG - STREAM b'IHDR' 16 13
2024-04-19 11:13:30,829 - PIL.PngImagePlugin - DEBUG - STREAM b'sBIT' 41 4
2024-04-19 11:13:30,829 - PIL.PngImagePlugin - DEBUG - b'sBIT' 41 4 (unknown)
2024-04-19 11:13:30,829 - PIL.PngImagePlugin - DEBUG - STREAM b'pHYs' 57 9
2024-04-19 11:13:30,829 - PIL.PngImagePlugin - DEBUG - STREAM b'IDAT' 78 351
2024-04-19 11:13:30,831 - PIL.PngImagePlugin - DEBUG - STREAM b'IHDR' 16 13
2024-04-19 11:13:30,831 - PIL.PngImagePlugin - DEBUG - STREAM b'sBIT' 41 4
2024-04-19 11:13:30,831 - PIL.PngImagePlugin - DEBUG - b'sBIT' 41 4 (unknown)
2024-04-19 11:13:30,831 - PIL.PngImagePlugin - DEBUG - STREAM b'pHYs' 57 9
2024-04-19 11:13:30,831 - PIL.PngImagePlugin - DEBUG - STREAM b'IDAT' 78 364
2024-04-19 11:13:34,134 - root - INFO - ARI: 0.8203 | NMI: 0.7824
2024-04-19 11:13:34,134 - root - INFO - Epoch: 15 | LR: 0.0010 | Loss 0.5260 | Val MaF1: 0.9158 (Best: 0.9158) | Test MaF1: 0.9429 (Best: 0.9429) | MiF1: 0.9433 (Best: 0.9433)
2024-04-19 11:13:35,151 - root - INFO - Epoch: 16 | LR: 0.0010 | Loss 0.4840 | Val MaF1: 0.9186 (Best: 0.9158) | Test MaF1: 0.9408 (Best: 0.9429) | MiF1: 0.9393 (Best: 0.9433)
2024-04-19 11:13:36,076 - root - INFO - Epoch: 17 | LR: 0.0010 | Loss 0.4690 | Val MaF1: 0.9157 (Best: 0.9158) | Test MaF1: 0.9415 (Best: 0.9429) | MiF1: 0.9403 (Best: 0.9433)
2024-04-19 11:13:43,657 - PIL.PngImagePlugin - DEBUG - STREAM b'IHDR' 16 13
2024-04-19 11:13:43,657 - PIL.PngImagePlugin - DEBUG - STREAM b'sBIT' 41 4
2024-04-19 11:13:43,658 - PIL.PngImagePlugin - DEBUG - b'sBIT' 41 4 (unknown)
2024-04-19 11:13:43,658 - PIL.PngImagePlugin - DEBUG - STREAM b'pHYs' 57 9
2024-04-19 11:13:43,658 - PIL.PngImagePlugin - DEBUG - STREAM b'IDAT' 78 1189
2024-04-19 11:13:43,661 - PIL.PngImagePlugin - DEBUG - STREAM b'IHDR' 16 13
2024-04-19 11:13:43,661 - PIL.PngImagePlugin - DEBUG - STREAM b'sBIT' 41 4
2024-04-19 11:13:43,661 - PIL.PngImagePlugin - DEBUG - b'sBIT' 41 4 (unknown)
2024-04-19 11:13:43,662 - PIL.PngImagePlugin - DEBUG - STREAM b'pHYs' 57 9
2024-04-19 11:13:43,662 - PIL.PngImagePlugin - DEBUG - STREAM b'IDAT' 78 2994
2024-04-19 11:13:43,670 - PIL.PngImagePlugin - DEBUG - STREAM b'IHDR' 16 13
2024-04-19 11:13:43,671 - PIL.PngImagePlugin - DEBUG - STREAM b'sBIT' 41 4
2024-04-19 11:13:43,671 - PIL.PngImagePlugin - DEBUG - b'sBIT' 41 4 (unknown)
2024-04-19 11:13:43,671 - PIL.PngImagePlugin - DEBUG - STREAM b'pHYs' 57 9
2024-04-19 11:13:43,671 - PIL.PngImagePlugin - DEBUG - STREAM b'IDAT' 78 374
2024-04-19 11:13:43,673 - PIL.PngImagePlugin - DEBUG - STREAM b'IHDR' 16 13
2024-04-19 11:13:43,673 - PIL.PngImagePlugin - DEBUG - STREAM b'sBIT' 41 4
2024-04-19 11:13:43,674 - PIL.PngImagePlugin - DEBUG - b'sBIT' 41 4 (unknown)
2024-04-19 11:13:43,674 - PIL.PngImagePlugin - DEBUG - STREAM b'pHYs' 57 9
2024-04-19 11:13:43,674 - PIL.PngImagePlugin - DEBUG - STREAM b'IDAT' 78 286
2024-04-19 11:13:43,675 - PIL.PngImagePlugin - DEBUG - STREAM b'IHDR' 16 13
2024-04-19 11:13:43,675 - PIL.PngImagePlugin - DEBUG - STREAM b'sBIT' 41 4
2024-04-19 11:13:43,676 - PIL.PngImagePlugin - DEBUG - b'sBIT' 41 4 (unknown)
2024-04-19 11:13:43,676 - PIL.PngImagePlugin - DEBUG - STREAM b'pHYs' 57 9
2024-04-19 11:13:43,676 - PIL.PngImagePlugin - DEBUG - STREAM b'IDAT' 78 263
2024-04-19 11:13:43,677 - PIL.PngImagePlugin - DEBUG - STREAM b'IHDR' 16 13
2024-04-19 11:13:43,677 - PIL.PngImagePlugin - DEBUG - STREAM b'sBIT' 41 4
2024-04-19 11:13:43,678 - PIL.PngImagePlugin - DEBUG - b'sBIT' 41 4 (unknown)
2024-04-19 11:13:43,678 - PIL.PngImagePlugin - DEBUG - STREAM b'pHYs' 57 9
2024-04-19 11:13:43,678 - PIL.PngImagePlugin - DEBUG - STREAM b'IDAT' 78 387
2024-04-19 11:13:43,679 - PIL.PngImagePlugin - DEBUG - STREAM b'IHDR' 16 13
2024-04-19 11:13:43,679 - PIL.PngImagePlugin - DEBUG - STREAM b'sBIT' 41 4
2024-04-19 11:13:43,680 - PIL.PngImagePlugin - DEBUG - b'sBIT' 41 4 (unknown)
2024-04-19 11:13:43,680 - PIL.PngImagePlugin - DEBUG - STREAM b'pHYs' 57 9
2024-04-19 11:13:43,680 - PIL.PngImagePlugin - DEBUG - STREAM b'IDAT' 78 436
2024-04-19 11:13:43,681 - PIL.PngImagePlugin - DEBUG - STREAM b'IHDR' 16 13
2024-04-19 11:13:43,682 - PIL.PngImagePlugin - DEBUG - STREAM b'sBIT' 41 4
2024-04-19 11:13:43,682 - PIL.PngImagePlugin - DEBUG - b'sBIT' 41 4 (unknown)
2024-04-19 11:13:43,682 - PIL.PngImagePlugin - DEBUG - STREAM b'pHYs' 57 9
2024-04-19 11:13:43,682 - PIL.PngImagePlugin - DEBUG - STREAM b'IDAT' 78 351
2024-04-19 11:13:43,683 - PIL.PngImagePlugin - DEBUG - STREAM b'IHDR' 16 13
2024-04-19 11:13:43,683 - PIL.PngImagePlugin - DEBUG - STREAM b'sBIT' 41 4
2024-04-19 11:13:43,684 - PIL.PngImagePlugin - DEBUG - b'sBIT' 41 4 (unknown)
2024-04-19 11:13:43,684 - PIL.PngImagePlugin - DEBUG - STREAM b'pHYs' 57 9
2024-04-19 11:13:43,684 - PIL.PngImagePlugin - DEBUG - STREAM b'IDAT' 78 364
2024-04-19 11:13:46,592 - root - INFO - ARI: 0.8524 | NMI: 0.8042
2024-04-19 11:13:46,592 - root - INFO - Epoch: 18 | LR: 0.0010 | Loss 0.4551 | Val MaF1: 0.9288 (Best: 0.9288) | Test MaF1: 0.9478 (Best: 0.9478) | MiF1: 0.9478 (Best: 0.9478)
2024-04-19 11:13:54,306 - PIL.PngImagePlugin - DEBUG - STREAM b'IHDR' 16 13
2024-04-19 11:13:54,307 - PIL.PngImagePlugin - DEBUG - STREAM b'sBIT' 41 4
2024-04-19 11:13:54,307 - PIL.PngImagePlugin - DEBUG - b'sBIT' 41 4 (unknown)
2024-04-19 11:13:54,307 - PIL.PngImagePlugin - DEBUG - STREAM b'pHYs' 57 9
2024-04-19 11:13:54,307 - PIL.PngImagePlugin - DEBUG - STREAM b'IDAT' 78 1189
2024-04-19 11:13:54,310 - PIL.PngImagePlugin - DEBUG - STREAM b'IHDR' 16 13
2024-04-19 11:13:54,311 - PIL.PngImagePlugin - DEBUG - STREAM b'sBIT' 41 4
2024-04-19 11:13:54,311 - PIL.PngImagePlugin - DEBUG - b'sBIT' 41 4 (unknown)
2024-04-19 11:13:54,311 - PIL.PngImagePlugin - DEBUG - STREAM b'pHYs' 57 9
2024-04-19 11:13:54,311 - PIL.PngImagePlugin - DEBUG - STREAM b'IDAT' 78 2994
2024-04-19 11:13:54,317 - PIL.PngImagePlugin - DEBUG - STREAM b'IHDR' 16 13
2024-04-19 11:13:54,318 - PIL.PngImagePlugin - DEBUG - STREAM b'sBIT' 41 4
2024-04-19 11:13:54,318 - PIL.PngImagePlugin - DEBUG - b'sBIT' 41 4 (unknown)
2024-04-19 11:13:54,318 - PIL.PngImagePlugin - DEBUG - STREAM b'pHYs' 57 9
2024-04-19 11:13:54,318 - PIL.PngImagePlugin - DEBUG - STREAM b'IDAT' 78 374
2024-04-19 11:13:54,320 - PIL.PngImagePlugin - DEBUG - STREAM b'IHDR' 16 13
2024-04-19 11:13:54,320 - PIL.PngImagePlugin - DEBUG - STREAM b'sBIT' 41 4
2024-04-19 11:13:54,320 - PIL.PngImagePlugin - DEBUG - b'sBIT' 41 4 (unknown)
2024-04-19 11:13:54,320 - PIL.PngImagePlugin - DEBUG - STREAM b'pHYs' 57 9
2024-04-19 11:13:54,320 - PIL.PngImagePlugin - DEBUG - STREAM b'IDAT' 78 286
2024-04-19 11:13:54,322 - PIL.PngImagePlugin - DEBUG - STREAM b'IHDR' 16 13
2024-04-19 11:13:54,322 - PIL.PngImagePlugin - DEBUG - STREAM b'sBIT' 41 4
2024-04-19 11:13:54,322 - PIL.PngImagePlugin - DEBUG - b'sBIT' 41 4 (unknown)
2024-04-19 11:13:54,322 - PIL.PngImagePlugin - DEBUG - STREAM b'pHYs' 57 9
2024-04-19 11:13:54,323 - PIL.PngImagePlugin - DEBUG - STREAM b'IDAT' 78 263
2024-04-19 11:13:54,324 - PIL.PngImagePlugin - DEBUG - STREAM b'IHDR' 16 13
2024-04-19 11:13:54,324 - PIL.PngImagePlugin - DEBUG - STREAM b'sBIT' 41 4
2024-04-19 11:13:54,324 - PIL.PngImagePlugin - DEBUG - b'sBIT' 41 4 (unknown)
2024-04-19 11:13:54,325 - PIL.PngImagePlugin - DEBUG - STREAM b'pHYs' 57 9
2024-04-19 11:13:54,325 - PIL.PngImagePlugin - DEBUG - STREAM b'IDAT' 78 387
2024-04-19 11:13:54,326 - PIL.PngImagePlugin - DEBUG - STREAM b'IHDR' 16 13
2024-04-19 11:13:54,326 - PIL.PngImagePlugin - DEBUG - STREAM b'sBIT' 41 4
2024-04-19 11:13:54,326 - PIL.PngImagePlugin - DEBUG - b'sBIT' 41 4 (unknown)
2024-04-19 11:13:54,327 - PIL.PngImagePlugin - DEBUG - STREAM b'pHYs' 57 9
2024-04-19 11:13:54,327 - PIL.PngImagePlugin - DEBUG - STREAM b'IDAT' 78 436
2024-04-19 11:13:54,328 - PIL.PngImagePlugin - DEBUG - STREAM b'IHDR' 16 13
2024-04-19 11:13:54,329 - PIL.PngImagePlugin - DEBUG - STREAM b'sBIT' 41 4
2024-04-19 11:13:54,329 - PIL.PngImagePlugin - DEBUG - b'sBIT' 41 4 (unknown)
2024-04-19 11:13:54,329 - PIL.PngImagePlugin - DEBUG - STREAM b'pHYs' 57 9
2024-04-19 11:13:54,329 - PIL.PngImagePlugin - DEBUG - STREAM b'IDAT' 78 351
2024-04-19 11:13:54,330 - PIL.PngImagePlugin - DEBUG - STREAM b'IHDR' 16 13
2024-04-19 11:13:54,331 - PIL.PngImagePlugin - DEBUG - STREAM b'sBIT' 41 4
2024-04-19 11:13:54,331 - PIL.PngImagePlugin - DEBUG - b'sBIT' 41 4 (unknown)
2024-04-19 11:13:54,331 - PIL.PngImagePlugin - DEBUG - STREAM b'pHYs' 57 9
2024-04-19 11:13:54,331 - PIL.PngImagePlugin - DEBUG - STREAM b'IDAT' 78 364
2024-04-19 11:13:56,368 - root - INFO - ARI: 0.8628 | NMI: 0.8141
2024-04-19 11:13:56,368 - root - INFO - Epoch: 19 | LR: 0.0010 | Loss 0.4414 | Val MaF1: 0.9229 (Best: 0.9229) | Test MaF1: 0.9529 (Best: 0.9529) | MiF1: 0.9538 (Best: 0.9538)
2024-04-19 11:13:57,538 - root - INFO - Epoch: 20 | LR: 0.0009 | Loss 0.4303 | Val MaF1: 0.9172 (Best: 0.9229) | Test MaF1: 0.9486 (Best: 0.9529) | MiF1: 0.9488 (Best: 0.9538)
2024-04-19 11:13:58,456 - root - INFO - Epoch: 21 | LR: 0.0009 | Loss 0.4213 | Val MaF1: 0.9184 (Best: 0.9229) | Test MaF1: 0.9526 (Best: 0.9529) | MiF1: 0.9523 (Best: 0.9538)
2024-04-19 11:14:06,099 - PIL.PngImagePlugin - DEBUG - STREAM b'IHDR' 16 13
2024-04-19 11:14:06,099 - PIL.PngImagePlugin - DEBUG - STREAM b'sBIT' 41 4
2024-04-19 11:14:06,100 - PIL.PngImagePlugin - DEBUG - b'sBIT' 41 4 (unknown)
2024-04-19 11:14:06,100 - PIL.PngImagePlugin - DEBUG - STREAM b'pHYs' 57 9
2024-04-19 11:14:06,100 - PIL.PngImagePlugin - DEBUG - STREAM b'IDAT' 78 1189
2024-04-19 11:14:06,103 - PIL.PngImagePlugin - DEBUG - STREAM b'IHDR' 16 13
2024-04-19 11:14:06,103 - PIL.PngImagePlugin - DEBUG - STREAM b'sBIT' 41 4
2024-04-19 11:14:06,104 - PIL.PngImagePlugin - DEBUG - b'sBIT' 41 4 (unknown)
2024-04-19 11:14:06,104 - PIL.PngImagePlugin - DEBUG - STREAM b'pHYs' 57 9
2024-04-19 11:14:06,104 - PIL.PngImagePlugin - DEBUG - STREAM b'IDAT' 78 2994
2024-04-19 11:14:06,113 - PIL.PngImagePlugin - DEBUG - STREAM b'IHDR' 16 13
2024-04-19 11:14:06,113 - PIL.PngImagePlugin - DEBUG - STREAM b'sBIT' 41 4
2024-04-19 11:14:06,113 - PIL.PngImagePlugin - DEBUG - b'sBIT' 41 4 (unknown)
2024-04-19 11:14:06,114 - PIL.PngImagePlugin - DEBUG - STREAM b'pHYs' 57 9
2024-04-19 11:14:06,114 - PIL.PngImagePlugin - DEBUG - STREAM b'IDAT' 78 374
2024-04-19 11:14:06,115 - PIL.PngImagePlugin - DEBUG - STREAM b'IHDR' 16 13
2024-04-19 11:14:06,115 - PIL.PngImagePlugin - DEBUG - STREAM b'sBIT' 41 4
2024-04-19 11:14:06,116 - PIL.PngImagePlugin - DEBUG - b'sBIT' 41 4 (unknown)
2024-04-19 11:14:06,116 - PIL.PngImagePlugin - DEBUG - STREAM b'pHYs' 57 9
2024-04-19 11:14:06,116 - PIL.PngImagePlugin - DEBUG - STREAM b'IDAT' 78 286
2024-04-19 11:14:06,118 - PIL.PngImagePlugin - DEBUG - STREAM b'IHDR' 16 13
2024-04-19 11:14:06,118 - PIL.PngImagePlugin - DEBUG - STREAM b'sBIT' 41 4
2024-04-19 11:14:06,118 - PIL.PngImagePlugin - DEBUG - b'sBIT' 41 4 (unknown)
2024-04-19 11:14:06,118 - PIL.PngImagePlugin - DEBUG - STREAM b'pHYs' 57 9
2024-04-19 11:14:06,119 - PIL.PngImagePlugin - DEBUG - STREAM b'IDAT' 78 263
2024-04-19 11:14:06,120 - PIL.PngImagePlugin - DEBUG - STREAM b'IHDR' 16 13
2024-04-19 11:14:06,120 - PIL.PngImagePlugin - DEBUG - STREAM b'sBIT' 41 4
2024-04-19 11:14:06,120 - PIL.PngImagePlugin - DEBUG - b'sBIT' 41 4 (unknown)
2024-04-19 11:14:06,121 - PIL.PngImagePlugin - DEBUG - STREAM b'pHYs' 57 9
2024-04-19 11:14:06,121 - PIL.PngImagePlugin - DEBUG - STREAM b'IDAT' 78 387
2024-04-19 11:14:06,122 - PIL.PngImagePlugin - DEBUG - STREAM b'IHDR' 16 13
2024-04-19 11:14:06,122 - PIL.PngImagePlugin - DEBUG - STREAM b'sBIT' 41 4
2024-04-19 11:14:06,122 - PIL.PngImagePlugin - DEBUG - b'sBIT' 41 4 (unknown)
2024-04-19 11:14:06,123 - PIL.PngImagePlugin - DEBUG - STREAM b'pHYs' 57 9
2024-04-19 11:14:06,123 - PIL.PngImagePlugin - DEBUG - STREAM b'IDAT' 78 436
2024-04-19 11:14:06,124 - PIL.PngImagePlugin - DEBUG - STREAM b'IHDR' 16 13
2024-04-19 11:14:06,124 - PIL.PngImagePlugin - DEBUG - STREAM b'sBIT' 41 4
2024-04-19 11:14:06,125 - PIL.PngImagePlugin - DEBUG - b'sBIT' 41 4 (unknown)
2024-04-19 11:14:06,125 - PIL.PngImagePlugin - DEBUG - STREAM b'pHYs' 57 9
2024-04-19 11:14:06,125 - PIL.PngImagePlugin - DEBUG - STREAM b'IDAT' 78 351
2024-04-19 11:14:06,126 - PIL.PngImagePlugin - DEBUG - STREAM b'IHDR' 16 13
2024-04-19 11:14:06,126 - PIL.PngImagePlugin - DEBUG - STREAM b'sBIT' 41 4
2024-04-19 11:14:06,127 - PIL.PngImagePlugin - DEBUG - b'sBIT' 41 4 (unknown)
2024-04-19 11:14:06,127 - PIL.PngImagePlugin - DEBUG - STREAM b'pHYs' 57 9
2024-04-19 11:14:06,127 - PIL.PngImagePlugin - DEBUG - STREAM b'IDAT' 78 364
2024-04-19 11:14:08,017 - root - INFO - ARI: 0.8668 | NMI: 0.8221
2024-04-19 11:14:08,018 - root - INFO - Epoch: 22 | LR: 0.0009 | Loss 0.4135 | Val MaF1: 0.9189 (Best: 0.9189) | Test MaF1: 0.9545 (Best: 0.9545) | MiF1: 0.9543 (Best: 0.9543)
2024-04-19 11:14:09,125 - root - INFO - Epoch: 23 | LR: 0.0008 | Loss 0.4076 | Val MaF1: 0.9182 (Best: 0.9189) | Test MaF1: 0.9519 (Best: 0.9545) | MiF1: 0.9518 (Best: 0.9543)
2024-04-19 11:14:10,063 - root - INFO - Epoch: 24 | LR: 0.0008 | Loss 0.4029 | Val MaF1: 0.9182 (Best: 0.9189) | Test MaF1: 0.9524 (Best: 0.9545) | MiF1: 0.9523 (Best: 0.9543)
2024-04-19 11:14:11,002 - root - INFO - Epoch: 25 | LR: 0.0008 | Loss 0.3968 | Val MaF1: 0.9202 (Best: 0.9189) | Test MaF1: 0.9532 (Best: 0.9545) | MiF1: 0.9533 (Best: 0.9543)
2024-04-19 11:14:11,915 - root - INFO - Epoch: 26 | LR: 0.0007 | Loss 0.3916 | Val MaF1: 0.9257 (Best: 0.9189) | Test MaF1: 0.9525 (Best: 0.9545) | MiF1: 0.9528 (Best: 0.9543)
2024-04-19 11:14:12,840 - root - INFO - Epoch: 27 | LR: 0.0007 | Loss 0.3883 | Val MaF1: 0.9232 (Best: 0.9189) | Test MaF1: 0.9503 (Best: 0.9545) | MiF1: 0.9508 (Best: 0.9543)
2024-04-19 11:14:13,758 - root - INFO - Epoch: 28 | LR: 0.0007 | Loss 0.3861 | Val MaF1: 0.9229 (Best: 0.9189) | Test MaF1: 0.9493 (Best: 0.9545) | MiF1: 0.9498 (Best: 0.9543)
2024-04-19 11:14:14,722 - root - INFO - Epoch: 29 | LR: 0.0006 | Loss 0.3834 | Val MaF1: 0.9257 (Best: 0.9189) | Test MaF1: 0.9514 (Best: 0.9545) | MiF1: 0.9518 (Best: 0.9543)
2024-04-19 11:14:15,644 - root - INFO - Epoch: 30 | LR: 0.0006 | Loss 0.3800 | Val MaF1: 0.9257 (Best: 0.9189) | Test MaF1: 0.9524 (Best: 0.9545) | MiF1: 0.9528 (Best: 0.9543)
2024-04-19 11:14:16,553 - root - INFO - Epoch: 31 | LR: 0.0005 | Loss 0.3775 | Val MaF1: 0.9260 (Best: 0.9189) | Test MaF1: 0.9525 (Best: 0.9545) | MiF1: 0.9528 (Best: 0.9543)
2024-04-19 11:14:17,488 - root - INFO - Epoch: 32 | LR: 0.0005 | Loss 0.3757 | Val MaF1: 0.9260 (Best: 0.9189) | Test MaF1: 0.9537 (Best: 0.9545) | MiF1: 0.9538 (Best: 0.9543)
2024-04-19 11:14:18,415 - root - INFO - Epoch: 33 | LR: 0.0004 | Loss 0.3736 | Val MaF1: 0.9260 (Best: 0.9189) | Test MaF1: 0.9537 (Best: 0.9545) | MiF1: 0.9538 (Best: 0.9543)
2024-04-19 11:14:19,368 - root - INFO - Epoch: 34 | LR: 0.0004 | Loss 0.3729 | Val MaF1: 0.9260 (Best: 0.9189) | Test MaF1: 0.9527 (Best: 0.9545) | MiF1: 0.9528 (Best: 0.9543)
2024-04-19 11:14:20,306 - root - INFO - Epoch: 35 | LR: 0.0003 | Loss 0.3712 | Val MaF1: 0.9260 (Best: 0.9189) | Test MaF1: 0.9518 (Best: 0.9545) | MiF1: 0.9518 (Best: 0.9543)
2024-04-19 11:14:21,222 - root - INFO - Epoch: 36 | LR: 0.0003 | Loss 0.3701 | Val MaF1: 0.9283 (Best: 0.9189) | Test MaF1: 0.9518 (Best: 0.9545) | MiF1: 0.9518 (Best: 0.9543)
2024-04-19 11:14:22,183 - root - INFO - Epoch: 37 | LR: 0.0003 | Loss 0.3692 | Val MaF1: 0.9258 (Best: 0.9189) | Test MaF1: 0.9515 (Best: 0.9545) | MiF1: 0.9518 (Best: 0.9543)
2024-04-19 11:14:23,103 - root - INFO - Epoch: 38 | LR: 0.0002 | Loss 0.3687 | Val MaF1: 0.9280 (Best: 0.9189) | Test MaF1: 0.9511 (Best: 0.9545) | MiF1: 0.9513 (Best: 0.9543)
2024-04-19 11:14:24,018 - root - INFO - Epoch: 39 | LR: 0.0002 | Loss 0.3675 | Val MaF1: 0.9303 (Best: 0.9189) | Test MaF1: 0.9510 (Best: 0.9545) | MiF1: 0.9513 (Best: 0.9543)
2024-04-19 11:14:24,933 - root - INFO - Epoch: 40 | LR: 0.0002 | Loss 0.3671 | Val MaF1: 0.9303 (Best: 0.9189) | Test MaF1: 0.9509 (Best: 0.9545) | MiF1: 0.9513 (Best: 0.9543)
2024-04-19 11:14:25,855 - root - INFO - Epoch: 41 | LR: 0.0001 | Loss 0.3670 | Val MaF1: 0.9303 (Best: 0.9189) | Test MaF1: 0.9504 (Best: 0.9545) | MiF1: 0.9508 (Best: 0.9543)
2024-04-19 11:14:26,769 - root - INFO - Epoch: 42 | LR: 0.0001 | Loss 0.3662 | Val MaF1: 0.9303 (Best: 0.9189) | Test MaF1: 0.9494 (Best: 0.9545) | MiF1: 0.9498 (Best: 0.9543)
2024-04-19 11:14:27,722 - root - INFO - Epoch: 43 | LR: 0.0001 | Loss 0.3655 | Val MaF1: 0.9303 (Best: 0.9189) | Test MaF1: 0.9504 (Best: 0.9545) | MiF1: 0.9508 (Best: 0.9543)
2024-04-19 11:14:28,728 - root - INFO - Epoch: 44 | LR: 0.0000 | Loss 0.3655 | Val MaF1: 0.9303 (Best: 0.9189) | Test MaF1: 0.9504 (Best: 0.9545) | MiF1: 0.9508 (Best: 0.9543)
2024-04-19 11:14:29,680 - root - INFO - Epoch: 45 | LR: 0.0000 | Loss 0.3655 | Val MaF1: 0.9303 (Best: 0.9189) | Test MaF1: 0.9500 (Best: 0.9545) | MiF1: 0.9503 (Best: 0.9543)
2024-04-19 11:14:30,635 - root - INFO - Epoch: 46 | LR: 0.0000 | Loss 0.3652 | Val MaF1: 0.9303 (Best: 0.9189) | Test MaF1: 0.9500 (Best: 0.9545) | MiF1: 0.9503 (Best: 0.9543)
2024-04-19 11:14:31,582 - root - INFO - Epoch: 47 | LR: 0.0000 | Loss 0.3651 | Val MaF1: 0.9303 (Best: 0.9189) | Test MaF1: 0.9505 (Best: 0.9545) | MiF1: 0.9508 (Best: 0.9543)
2024-04-19 11:14:32,538 - root - INFO - Epoch: 48 | LR: 0.0000 | Loss 0.3650 | Val MaF1: 0.9303 (Best: 0.9189) | Test MaF1: 0.9505 (Best: 0.9545) | MiF1: 0.9508 (Best: 0.9543)
2024-04-19 11:14:33,487 - root - INFO - Epoch: 49 | LR: 0.0000 | Loss 0.3650 | Val MaF1: 0.9303 (Best: 0.9189) | Test MaF1: 0.9505 (Best: 0.9545) | MiF1: 0.9508 (Best: 0.9543)
2024-04-19 11:14:34,419 - root - INFO - Epoch: 50 | LR: 0.0000 | Loss 0.3651 | Val MaF1: 0.9303 (Best: 0.9189) | Test MaF1: 0.9505 (Best: 0.9545) | MiF1: 0.9508 (Best: 0.9543)
2024-04-19 11:14:34,419 - root - INFO - Best Epoch: 22 | Train MiF1: 0.9708,  MaF1: 0.9713 | Val MiF1: 0.9181, MaF1: 0.9189 | Test MaF1: 0.9545, MiF1: 0.9543
2024-04-19 11:14:40,808 - PIL.PngImagePlugin - DEBUG - STREAM b'IHDR' 16 13
2024-04-19 11:14:40,808 - PIL.PngImagePlugin - DEBUG - STREAM b'sBIT' 41 4
2024-04-19 11:14:40,808 - PIL.PngImagePlugin - DEBUG - b'sBIT' 41 4 (unknown)
2024-04-19 11:14:40,809 - PIL.PngImagePlugin - DEBUG - STREAM b'pHYs' 57 9
2024-04-19 11:14:40,809 - PIL.PngImagePlugin - DEBUG - STREAM b'IDAT' 78 1189
2024-04-19 11:14:40,812 - PIL.PngImagePlugin - DEBUG - STREAM b'IHDR' 16 13
2024-04-19 11:14:40,812 - PIL.PngImagePlugin - DEBUG - STREAM b'sBIT' 41 4
2024-04-19 11:14:40,813 - PIL.PngImagePlugin - DEBUG - b'sBIT' 41 4 (unknown)
2024-04-19 11:14:40,813 - PIL.PngImagePlugin - DEBUG - STREAM b'pHYs' 57 9
2024-04-19 11:14:40,813 - PIL.PngImagePlugin - DEBUG - STREAM b'IDAT' 78 2994
2024-04-19 11:14:40,822 - PIL.PngImagePlugin - DEBUG - STREAM b'IHDR' 16 13
2024-04-19 11:14:40,822 - PIL.PngImagePlugin - DEBUG - STREAM b'sBIT' 41 4
2024-04-19 11:14:40,822 - PIL.PngImagePlugin - DEBUG - b'sBIT' 41 4 (unknown)
2024-04-19 11:14:40,822 - PIL.PngImagePlugin - DEBUG - STREAM b'pHYs' 57 9
2024-04-19 11:14:40,823 - PIL.PngImagePlugin - DEBUG - STREAM b'IDAT' 78 374
2024-04-19 11:14:40,824 - PIL.PngImagePlugin - DEBUG - STREAM b'IHDR' 16 13
2024-04-19 11:14:40,825 - PIL.PngImagePlugin - DEBUG - STREAM b'sBIT' 41 4
2024-04-19 11:14:40,825 - PIL.PngImagePlugin - DEBUG - b'sBIT' 41 4 (unknown)
2024-04-19 11:14:40,825 - PIL.PngImagePlugin - DEBUG - STREAM b'pHYs' 57 9
2024-04-19 11:14:40,826 - PIL.PngImagePlugin - DEBUG - STREAM b'IDAT' 78 286
2024-04-19 11:14:40,827 - PIL.PngImagePlugin - DEBUG - STREAM b'IHDR' 16 13
2024-04-19 11:14:40,827 - PIL.PngImagePlugin - DEBUG - STREAM b'sBIT' 41 4
2024-04-19 11:14:40,827 - PIL.PngImagePlugin - DEBUG - b'sBIT' 41 4 (unknown)
2024-04-19 11:14:40,828 - PIL.PngImagePlugin - DEBUG - STREAM b'pHYs' 57 9
2024-04-19 11:14:40,828 - PIL.PngImagePlugin - DEBUG - STREAM b'IDAT' 78 263
2024-04-19 11:14:40,829 - PIL.PngImagePlugin - DEBUG - STREAM b'IHDR' 16 13
2024-04-19 11:14:40,830 - PIL.PngImagePlugin - DEBUG - STREAM b'sBIT' 41 4
2024-04-19 11:14:40,830 - PIL.PngImagePlugin - DEBUG - b'sBIT' 41 4 (unknown)
2024-04-19 11:14:40,830 - PIL.PngImagePlugin - DEBUG - STREAM b'pHYs' 57 9
2024-04-19 11:14:40,830 - PIL.PngImagePlugin - DEBUG - STREAM b'IDAT' 78 387
2024-04-19 11:14:40,832 - PIL.PngImagePlugin - DEBUG - STREAM b'IHDR' 16 13
2024-04-19 11:14:40,832 - PIL.PngImagePlugin - DEBUG - STREAM b'sBIT' 41 4
2024-04-19 11:14:40,832 - PIL.PngImagePlugin - DEBUG - b'sBIT' 41 4 (unknown)
2024-04-19 11:14:40,832 - PIL.PngImagePlugin - DEBUG - STREAM b'pHYs' 57 9
2024-04-19 11:14:40,832 - PIL.PngImagePlugin - DEBUG - STREAM b'IDAT' 78 436
2024-04-19 11:14:40,834 - PIL.PngImagePlugin - DEBUG - STREAM b'IHDR' 16 13
2024-04-19 11:14:40,834 - PIL.PngImagePlugin - DEBUG - STREAM b'sBIT' 41 4
2024-04-19 11:14:40,834 - PIL.PngImagePlugin - DEBUG - b'sBIT' 41 4 (unknown)
2024-04-19 11:14:40,834 - PIL.PngImagePlugin - DEBUG - STREAM b'pHYs' 57 9
2024-04-19 11:14:40,835 - PIL.PngImagePlugin - DEBUG - STREAM b'IDAT' 78 351
2024-04-19 11:14:40,836 - PIL.PngImagePlugin - DEBUG - STREAM b'IHDR' 16 13
2024-04-19 11:14:40,836 - PIL.PngImagePlugin - DEBUG - STREAM b'sBIT' 41 4
2024-04-19 11:14:40,836 - PIL.PngImagePlugin - DEBUG - b'sBIT' 41 4 (unknown)
2024-04-19 11:14:40,837 - PIL.PngImagePlugin - DEBUG - STREAM b'pHYs' 57 9
2024-04-19 11:14:40,837 - PIL.PngImagePlugin - DEBUG - STREAM b'IDAT' 78 364
2024-04-19 11:14:43,149 - root - INFO - ARI: 0.8668 | NMI: 0.8221
